Harness starting.
 /home/sevag/CLionProjects/FuseFileSystemBoC/cmake-build-release/FuseFileSystemBoC --seed 674401237

Pinning to Core:40
creating 512 mb file systemProcess ID (PID): 156993
Harness starting.
 /home/sevag/CLionProjects/FuseFileSystemBoC/cmake-build-release/FuseFileSystemBoC --seed 4210539613

Pinning to Core:40
creating 512 mb file systemProcess ID (PID): 157068
Harness starting.
 /home/sevag/CLionProjects/FuseFileSystemBoC/cmake-build-release/FuseFileSystemBoC --seed 3536038591

Pinning to Core:40
creating 512 mb file systemProcess ID (PID): 157142
fio: io_u error on file /home/sevag/fuse_boc//f10: Transport endpoint is not connected: read offset=13307904, buflen=4096
fio: io_u error on file /home/sevag/fuse_boc//f10: Transport endpoint is not connected: read offset=13312000, buflen=4096
fio: io_u error on file /home/sevag/fuse_boc//f10: Transport endpoint is not connected: read offset=13316096, buflen=4096
fio: io_u error on file /home/sevag/fuse_boc//f10: Transport endpoint is not connected: read offset=13320192, buflen=4096
fio: io_u error on file /home/sevag/fuse_boc//f10: Transport endpoint is not connected: read offset=13324288, buflen=4096
fio: io_u error on file /home/sevag/fuse_boc//f10: Transport endpoint is not connected: read offset=13328384, buflen=4096
fio: io_u error on file /home/sevag/fuse_boc//f10: Transport endpoint is not connected: read offset=13332480, buflen=4096
fio: io_u error on file /home/sevag/fuse_boc//f10: Transport endpoint is not connected: read offset=13336576, buflen=4096
Harness starting.
 /home/sevag/CLionProjects/FuseFileSystemBoC/cmake-build-release/FuseFileSystemBoC --seed 2752497949

Pinning to Core:40
creating 512 mb file systemProcess ID (PID): 157216
Harness starting.
 /home/sevag/CLionProjects/FuseFileSystemBoC/cmake-build-release/FuseFileSystemBoC --seed 2819800603

Pinning to Core:40
creating 512 mb file systemProcess ID (PID): 157296
Harness starting.
 /home/sevag/CLionProjects/FuseFileSystemBoC/cmake-build-release/FuseFileSystemBoC --seed 3253524011

Pinning to Core:40
creating 512 mb file systemProcess ID (PID): 157370
Harness starting.
 /home/sevag/CLionProjects/FuseFileSystemBoC/cmake-build-release/FuseFileSystemBoC --seed 700263883

Pinning to Core:40
creating 512 mb file systemProcess ID (PID): 157444
fio: io_u error on file /home/sevag/fuse_boc//f10: Transport endpoint is not connected: read offset=258830336, buflen=4096
fio: io_u error on file /home/sevag/fuse_boc//f13: Transport endpoint is not connected: read offset=258830336, buflen=4096
fio: io_u error on file /home/sevag/fuse_boc//f14: Transport endpoint is not connected: read offset=258830336, buflen=4096
fio: io_u error on file /home/sevag/fuse_boc//f10: Transport endpoint is not connected: read offset=258834432, buflen=4096
fio: io_u error on file /home/sevag/fuse_boc//f13: Transport endpoint is not connected: read offset=258834432, buflen=4096
fio: io_u error on file /home/sevag/fuse_boc//f14: Transport endpoint is not connected: read offset=258834432, buflen=4096
fio: io_u error on file /home/sevag/fuse_boc//f10: Transport endpoint is not connected: read offset=258838528, buflen=4096
fio: io_u error on file /home/sevag/fuse_boc//f13: Transport endpoint is not connected: read offset=258838528, buflen=4096
fio: io_u error on file /home/sevag/fuse_boc//f14: Transport endpoint is not connected: read offset=258838528, buflen=4096
fio: io_u error on file /home/sevag/fuse_boc//f10: Transport endpoint is not connected: read offset=258842624, buflen=4096
fio: io_u error on file /home/sevag/fuse_boc//f13: Transport endpoint is not connected: read offset=258842624, buflen=4096
fio: io_u error on file /home/sevag/fuse_boc//f14: Transport endpoint is not connected: read offset=258842624, buflen=4096
fio: io_u error on file /home/sevag/fuse_boc//f10: Transport endpoint is not connected: read offset=258846720, buflen=4096
fio: io_u error on file /home/sevag/fuse_boc//f13: Transport endpoint is not connected: read offset=258846720, buflen=4096
fio: io_u error on file /home/sevag/fuse_boc//f14: Transport endpoint is not connected: read offset=258846720, buflen=4096
fio: io_u error on file /home/sevag/fuse_boc//f10: Transport endpoint is not connected: read offset=258850816, buflen=4096
fio: io_u error on file /home/sevag/fuse_boc//f13: Transport endpoint is not connected: read offset=258850816, buflen=4096
fio: io_u error on file /home/sevag/fuse_boc//f14: Transport endpoint is not connected: read offset=258850816, buflen=4096
fio: io_u error on file /home/sevag/fuse_boc//f10: Transport endpoint is not connected: read offset=258854912, buflen=4096
fio: io_u error on file /home/sevag/fuse_boc//f13: Transport endpoint is not connected: read offset=258854912, buflen=4096
fio: io_u error on file /home/sevag/fuse_boc//f14: Transport endpoint is not connected: read offset=258854912, buflen=4096
fio: io_u error on file /home/sevag/fuse_boc//f10: Transport endpoint is not connected: read offset=258859008, buflen=4096
fio: io_u error on file /home/sevag/fuse_boc//f13: Transport endpoint is not connected: read offset=258859008, buflen=4096
fio: io_u error on file /home/sevag/fuse_boc//f14: Transport endpoint is not connected: read offset=258859008, buflen=4096
Harness starting.
 /home/sevag/CLionProjects/FuseFileSystemBoC/cmake-build-release/FuseFileSystemBoC --seed 4152526007

Pinning to Core:40
creating 512 mb file systemProcess ID (PID): 158099
fio: pid=0, err=103/file:filesetup.c:253, func=fsync, error=Software caused connection abort
Command: fio workload_write.fio --output workload_write.json --output-format=json
Command: fio workload_randwrite.fio --output workload_randwrite.json --output-format=json
Command: fio workload_read.fio --output workload_read.json --output-format=json
Read: 
Command: fio workload_randread.fio --output workload_randread.json --output-format=json
Read: 
Command: fio workload_write.fio --output workload_write.json --output-format=json
Command: fio workload_randwrite.fio --output workload_randwrite.json --output-format=json
Command: fio workload_read.fio --output workload_read.json --output-format=json
Read: 
Command: fio workload_randread.fio --output workload_randread.json --output-format=json
Traceback (most recent call last):
  File "/home/sevag/CLionProjects/FuseFileSystemBoC/plots/plot_workers/benchmark_filesystem.py", line 120, in <module>
    main()
  File "/home/sevag/CLionProjects/FuseFileSystemBoC/plots/plot_workers/benchmark_filesystem.py", line 112, in main
    run_cpp_program(num_workers, lat_dict, iops_dict)
  File "/home/sevag/CLionProjects/FuseFileSystemBoC/plots/plot_workers/benchmark_filesystem.py", line 83, in run_cpp_program
    data = json.loads(json_data)
  File "/usr/lib/python3.10/json/__init__.py", line 346, in loads
    return _default_decoder.decode(s)
  File "/usr/lib/python3.10/json/decoder.py", line 337, in decode
    obj, end = self.raw_decode(s, idx=_w(s, 0).end())
  File "/usr/lib/python3.10/json/decoder.py", line 355, in raw_decode
    raise JSONDecodeError("Expecting value", s, err.value) from None
json.decoder.JSONDecodeError: Expecting value: line 1 column 1 (char 0)
Harness starting.
 /home/sevag/CLionProjects/FuseFileSystemBoC/cmake-build-release/FuseFileSystemBoC --seed 1665871547

Pinning to Core:40
creating 512 mb file systemHarness starting.
 /home/sevag/CLionProjects/FuseFileSystemBoC/cmake-build-release/FuseFileSystemBoC --seed 3638952815

Pinning to Core:40
creating 512 mb file systemHarness starting.
 /home/sevag/CLionProjects/FuseFileSystemBoC/cmake-build-release/FuseFileSystemBoC --seed 4070143205

Pinning to Core:40
creating 512 mb file systemHarness starting.
 /home/sevag/CLionProjects/FuseFileSystemBoC/cmake-build-release/FuseFileSystemBoC --seed 3735471341

Pinning to Core:40
creating 512 mb file systemHarness starting.
 /home/sevag/CLionProjects/FuseFileSystemBoC/cmake-build-release/FuseFileSystemBoC --seed 187823533

Pinning to Core:40
creating 512 mb file systemHarness starting.
 /home/sevag/CLionProjects/FuseFileSystemBoC/cmake-build-release/FuseFileSystemBoC --seed 1501148911

Pinning to Core:40
creating 512 mb file systemHarness starting.
 /home/sevag/CLionProjects/FuseFileSystemBoC/cmake-build-release/FuseFileSystemBoC --seed 4001188555

Pinning to Core:40
creating 512 mb file systemHarness starting.
 /home/sevag/CLionProjects/FuseFileSystemBoC/cmake-build-release/FuseFileSystemBoC --seed 3107996193

Pinning to Core:40
creating 512 mb file systemHarness starting.
 /home/sevag/CLionProjects/FuseFileSystemBoC/cmake-build-release/FuseFileSystemBoC --seed 3885819791

Pinning to Core:40
creating 512 mb file systemHarness starting.
 /home/sevag/CLionProjects/FuseFileSystemBoC/cmake-build-release/FuseFileSystemBoC --seed 1627157493

Pinning to Core:40
creating 512 mb file systemHarness starting.
 /home/sevag/CLionProjects/FuseFileSystemBoC/cmake-build-release/FuseFileSystemBoC --seed 4245873951

Pinning to Core:40
creating 512 mb file systemHarness starting.
 /home/sevag/CLionProjects/FuseFileSystemBoC/cmake-build-release/FuseFileSystemBoC --seed 262028383

Pinning to Core:40
creating 512 mb file systemHarness starting.
 /home/sevag/CLionProjects/FuseFileSystemBoC/cmake-build-release/FuseFileSystemBoC --seed 358167133

Pinning to Core:40
creating 512 mb file systemHarness starting.
 /home/sevag/CLionProjects/FuseFileSystemBoC/cmake-build-release/FuseFileSystemBoC --seed 2739469321

Pinning to Core:40
creating 512 mb file systemHarness starting.
 /home/sevag/CLionProjects/FuseFileSystemBoC/cmake-build-release/FuseFileSystemBoC --seed 1572248307

Pinning to Core:40
creating 512 mb file systemHarness starting.
 /home/sevag/CLionProjects/FuseFileSystemBoC/cmake-build-release/FuseFileSystemBoC --seed 2304670581

Pinning to Core:40
creating 512 mb file systemHarness starting.
 /home/sevag/CLionProjects/FuseFileSystemBoC/cmake-build-release/FuseFileSystemBoC --seed 3391105425

Pinning to Core:40
creating 512 mb file systemHarness starting.
 /home/sevag/CLionProjects/FuseFileSystemBoC/cmake-build-release/FuseFileSystemBoC --seed 3383182211

Pinning to Core:40
creating 512 mb file systemHarness starting.
 /home/sevag/CLionProjects/FuseFileSystemBoC/cmake-build-release/FuseFileSystemBoC --seed 1237626743

Pinning to Core:40
creating 512 mb file systemHarness starting.
 /home/sevag/CLionProjects/FuseFileSystemBoC/cmake-build-release/FuseFileSystemBoC --seed 1152336529

Pinning to Core:40
creating 512 mb file systemCommand: fio workload_write.fio --output workload_write.json --output-format=json
Command: fio workload_randwrite.fio --output workload_randwrite.json --output-format=json
Command: fio workload_read.fio --output workload_read.json --output-format=json
Read: 
Command: fio workload_randread.fio --output workload_randread.json --output-format=json
Read: 
Command: fio workload_write.fio --output workload_write.json --output-format=json
Command: fio workload_randwrite.fio --output workload_randwrite.json --output-format=json
Command: fio workload_read.fio --output workload_read.json --output-format=json
Read: 
Command: fio workload_randread.fio --output workload_randread.json --output-format=json
Read: 
Command: fio workload_write.fio --output workload_write.json --output-format=json
Command: fio workload_randwrite.fio --output workload_randwrite.json --output-format=json
Command: fio workload_read.fio --output workload_read.json --output-format=json
Read: 
Command: fio workload_randread.fio --output workload_randread.json --output-format=json
Read: 
Command: fio workload_write.fio --output workload_write.json --output-format=json
Command: fio workload_randwrite.fio --output workload_randwrite.json --output-format=json
Command: fio workload_read.fio --output workload_read.json --output-format=json
Read: 
Command: fio workload_randread.fio --output workload_randread.json --output-format=json
Read: 
Command: fio workload_write.fio --output workload_write.json --output-format=json
Command: fio workload_randwrite.fio --output workload_randwrite.json --output-format=json
Command: fio workload_read.fio --output workload_read.json --output-format=json
Read: 
Command: fio workload_randread.fio --output workload_randread.json --output-format=json
Read: 
{4: [318135.92233, 61865.810776, 436979.496583, 65057.824986], 8: [349199.41388, 60417.156422, 444462.529671, 64456.356036], 12: [331073.50341, 60339.279549, 433941.40043, 67032.500575], 16: [330197.757904, 60062.779242, 434949.394392, 67023.931274], 32: [290915.547664, 60619.739155, 445898.962409, 63251.055616]}
