jobs1: (g=0): rw=randread, bs=(R) 128KiB-128KiB, (W) 128KiB-128KiB, (T) 128KiB-128KiB, ioengine=libaio, iodepth=128
...
fio-3.28
Starting 32 processes
jobs1: Laying out IO files (128 files / total 30720MiB)

jobs1: (groupid=0, jobs=32): err= 0: pid=851967: Wed Jul 26 03:38:54 2023
  read: IOPS=48.1k, BW=6018MiB/s (6310MB/s)(30.0GiB/5105msec)
    slat (usec): min=15, max=201, avg=20.05, stdev= 3.43
    clat (nsec): min=1461, max=19163k, avg=2632588.62, stdev=315492.82
     lat (usec): min=21, max=19365, avg=2652.68, stdev=318.51
    clat percentiles (usec):
     |  1.00th=[ 2474],  5.00th=[ 2474], 10.00th=[ 2474], 20.00th=[ 2507],
     | 30.00th=[ 2507], 40.00th=[ 2507], 50.00th=[ 2507], 60.00th=[ 2507],
     | 70.00th=[ 2507], 80.00th=[ 2966], 90.00th=[ 2966], 95.00th=[ 2966],
     | 99.00th=[ 3097], 99.50th=[ 3163], 99.90th=[ 3982], 99.95th=[ 4686],
     | 99.99th=[16188]
   bw (  MiB/s): min= 5143, max= 6360, per=100.00%, avg=6036.93, stdev=501.95, samples=9
   iops        : min=41151, max=50880, avg=48295.33, stdev=4015.64, samples=9
  lat (usec)   : 2=0.01%, 50=0.01%, 100=0.01%, 250=0.01%, 500=0.01%
  lat (usec)   : 750=0.01%, 1000=0.01%
  lat (msec)   : 2=0.02%, 4=99.86%, 10=0.07%, 20=0.03%
  cpu          : usr=4.60%, sys=95.36%, ctx=16, majf=0, minf=4173
  IO depths    : 1=0.1%, 2=0.1%, 4=0.1%, 8=0.1%, 16=0.1%, 32=0.1%, >=64=100.0%
     submit    : 0=0.0%, 4=100.0%, 8=0.0%, 16=0.0%, 32=0.0%, 64=0.0%, >=64=0.0%
     complete  : 0=0.0%, 4=100.0%, 8=0.0%, 16=0.0%, 32=0.0%, 64=0.0%, >=64=0.1%
     issued rwts: total=245760,0,0,0 short=0,0,0,0 dropped=0,0,0,0
     latency   : target=0, window=0, percentile=100.00%, depth=128

Run status group 0 (all jobs):
   READ: bw=6018MiB/s (6310MB/s), 6018MiB/s-6018MiB/s (6310MB/s-6310MB/s), io=30.0GiB (32.2GB), run=5105-5105msec
