jobs1: (g=0): rw=randwrite, bs=(R) 512KiB-512KiB, (W) 512KiB-512KiB, (T) 512KiB-512KiB, ioengine=libaio, iodepth=128
...
fio-3.28
Starting 32 processes
jobs1: Laying out IO file (1 file / 30720MiB)

jobs1: (groupid=0, jobs=32): err= 0: pid=192984: Tue Jul 25 20:16:11 2023
  write: IOPS=3111, BW=1556MiB/s (1631MB/s)(30.0GiB/19749msec); 0 zone resets
    slat (usec): min=165, max=591861, avg=319.90, stdev=2777.43
    clat (usec): min=2, max=369336, avg=38884.98, stdev=12872.75
     lat (usec): min=260, max=961201, avg=39205.05, stdev=13473.53
    clat percentiles (usec):
     |  1.00th=[27657],  5.00th=[27919], 10.00th=[27919], 20.00th=[27919],
     | 30.00th=[28181], 40.00th=[28705], 50.00th=[37487], 60.00th=[40109],
     | 70.00th=[42730], 80.00th=[50070], 90.00th=[56361], 95.00th=[63701],
     | 99.00th=[80217], 99.50th=[88605], 99.90th=[94897], 99.95th=[95945],
     | 99.99th=[96994]
   bw (  MiB/s): min=  681, max= 2095, per=100.00%, avg=1613.54, stdev=447.95, samples=38
   iops        : min= 1362, max= 4190, avg=3227.03, stdev=895.94, samples=38
  lat (usec)   : 4=0.01%, 500=0.01%, 750=0.01%, 1000=0.01%
  lat (msec)   : 2=0.01%, 4=0.01%, 10=0.04%, 20=0.02%, 50=79.48%
  lat (msec)   : 100=20.44%, 500=0.01%
  cpu          : usr=6.03%, sys=80.74%, ctx=197, majf=0, minf=63
  IO depths    : 1=0.1%, 2=0.1%, 4=0.1%, 8=0.1%, 16=0.1%, 32=0.1%, >=64=99.9%
     submit    : 0=0.0%, 4=100.0%, 8=0.0%, 16=0.0%, 32=0.0%, 64=0.0%, >=64=0.0%
     complete  : 0=0.0%, 4=100.0%, 8=0.0%, 16=0.0%, 32=0.0%, 64=0.0%, >=64=0.1%
     issued rwts: total=0,61440,0,0 short=0,0,0,0 dropped=0,0,0,0
     latency   : target=0, window=0, percentile=100.00%, depth=128

Run status group 0 (all jobs):
  WRITE: bw=1556MiB/s (1631MB/s), 1556MiB/s-1556MiB/s (1631MB/s-1631MB/s), io=30.0GiB (32.2GB), run=19749-19749msec
