jobs1: (g=0): rw=randread, bs=(R) 128KiB-128KiB, (W) 128KiB-128KiB, (T) 128KiB-128KiB, ioengine=libaio, iodepth=128
...
fio-3.28
Starting 16 processes
jobs1: Laying out IO files (512 files / total 30720MiB)

jobs1: (groupid=0, jobs=16): err= 0: pid=1141173: Wed Jul 26 07:42:07 2023
  read: IOPS=2492, BW=312MiB/s (327MB/s)(30.0GiB/98603msec)
    slat (usec): min=239, max=690, avg=391.57, stdev=40.31
    clat (usec): min=4, max=190465, avg=50919.16, stdev=3988.51
     lat (usec): min=351, max=191157, avg=51311.66, stdev=3999.91
    clat percentiles (msec):
     |  1.00th=[   46],  5.00th=[   47], 10.00th=[   47], 20.00th=[   48],
     | 30.00th=[   50], 40.00th=[   51], 50.00th=[   51], 60.00th=[   52],
     | 70.00th=[   53], 80.00th=[   54], 90.00th=[   55], 95.00th=[   55],
     | 99.00th=[   56], 99.50th=[   56], 99.90th=[   91], 99.95th=[  101],
     | 99.99th=[  186]
   bw (  KiB/s): min=174769, max=344320, per=100.00%, avg=319313.57, stdev=15156.72, samples=196
   iops        : min= 1365, max= 2690, avg=2494.56, stdev=118.46, samples=196
  lat (usec)   : 10=0.01%, 500=0.01%, 750=0.01%
  lat (msec)   : 2=0.01%, 4=0.01%, 10=0.01%, 20=0.01%, 50=41.40%
  lat (msec)   : 100=58.53%, 250=0.05%
  cpu          : usr=1.24%, sys=35.40%, ctx=246365, majf=0, minf=4139
  IO depths    : 1=0.1%, 2=0.1%, 4=0.1%, 8=0.1%, 16=0.1%, 32=0.1%, >=64=100.0%
     submit    : 0=0.0%, 4=100.0%, 8=0.0%, 16=0.0%, 32=0.0%, 64=0.0%, >=64=0.0%
     complete  : 0=0.0%, 4=100.0%, 8=0.0%, 16=0.0%, 32=0.0%, 64=0.0%, >=64=0.1%
     issued rwts: total=245760,0,0,0 short=0,0,0,0 dropped=0,0,0,0
     latency   : target=0, window=0, percentile=100.00%, depth=128

Run status group 0 (all jobs):
   READ: bw=312MiB/s (327MB/s), 312MiB/s-312MiB/s (327MB/s-327MB/s), io=30.0GiB (32.2GB), run=98603-98603msec
