jobs1: (g=0): rw=randread, bs=(R) 512KiB-512KiB, (W) 512KiB-512KiB, (T) 512KiB-512KiB, ioengine=libaio, iodepth=128
...
fio-3.28
Starting 16 processes
jobs1: Laying out IO files (1024 files / total 30720MiB)
fio: pid=1202037, err=24/file:filesetup.c:805, func=open(/home/sevag/ramdisk//f1018), error=Too many open files

jobs1: (groupid=0, jobs=16): err=24 (file:filesetup.c:805, func=open(/home/sevag/ramdisk//f1018), error=Too many open files): pid=1202037: Wed Jul 26 11:09:04 2023
  read: IOPS=6838, BW=3419MiB/s (3586MB/s)(510MiB/149msec)
    slat (usec): min=99, max=651, avg=139.43, stdev=99.48
    clat (usec): min=43, max=48805, avg=15018.53, stdev=6524.49
     lat (usec): min=155, max=49458, avg=15158.07, stdev=6612.16
    clat percentiles (usec):
     |  1.00th=[ 1237],  5.00th=[ 5735], 10.00th=[11469], 20.00th=[14091],
     | 30.00th=[14091], 40.00th=[14091], 50.00th=[14091], 60.00th=[14222],
     | 70.00th=[14222], 80.00th=[14353], 90.00th=[19006], 95.00th=[29492],
     | 99.00th=[43779], 99.50th=[46400], 99.90th=[48497], 99.95th=[49021],
     | 99.99th=[49021]
  lat (usec)   : 50=0.10%, 500=0.29%, 750=0.20%, 1000=0.20%
  lat (msec)   : 2=0.88%, 4=1.77%, 10=5.30%, 20=81.84%, 50=9.42%
  cpu          : usr=4.73%, sys=93.92%, ctx=0, majf=0, minf=16432
  IO depths    : 1=0.1%, 2=0.2%, 4=0.4%, 8=0.8%, 16=1.6%, 32=3.1%, >=64=93.8%
     submit    : 0=0.0%, 4=100.0%, 8=0.0%, 16=0.0%, 32=0.0%, 64=0.0%, >=64=0.0%
     complete  : 0=0.0%, 4=99.9%, 8=0.0%, 16=0.0%, 32=0.0%, 64=0.0%, >=64=0.1%
     issued rwts: total=1019,0,0,0 short=0,0,0,0 dropped=0,0,0,0
     latency   : target=0, window=0, percentile=100.00%, depth=128

Run status group 0 (all jobs):
   READ: bw=3419MiB/s (3586MB/s), 3419MiB/s-3419MiB/s (3586MB/s-3586MB/s), io=510MiB (534MB), run=149-149msec
