jobs1: (g=0): rw=randwrite, bs=(R) 128KiB-128KiB, (W) 128KiB-128KiB, (T) 128KiB-128KiB, ioengine=libaio, iodepth=128
fio-3.28
Starting 1 process
jobs1: Laying out IO files (512 files / total 30720MiB)

jobs1: (groupid=0, jobs=1): err= 0: pid=1132981: Wed Jul 26 07:01:17 2023
  write: IOPS=15.0k, BW=1869MiB/s (1960MB/s)(30.0GiB/16436msec); 0 zone resets
    slat (usec): min=37, max=159576, avg=65.71, stdev=544.16
    clat (usec): min=2, max=186304, avg=8336.40, stdev=3768.81
     lat (usec): min=74, max=316273, avg=8402.22, stdev=3832.32
    clat percentiles (usec):
     |  1.00th=[ 5800],  5.00th=[ 5866], 10.00th=[ 5866], 20.00th=[ 5997],
     | 30.00th=[ 6259], 40.00th=[ 6849], 50.00th=[ 7308], 60.00th=[ 7373],
     | 70.00th=[ 7504], 80.00th=[ 7832], 90.00th=[16057], 95.00th=[17433],
     | 99.00th=[19530], 99.50th=[21627], 99.90th=[26084], 99.95th=[26346],
     | 99.99th=[26870]
   bw (  MiB/s): min=  564, max= 2163, per=100.00%, avg=1886.65, stdev=336.15, samples=32
   iops        : min= 4512, max=17306, avg=15093.19, stdev=2689.24, samples=32
  lat (usec)   : 4=0.01%, 100=0.01%, 250=0.01%, 500=0.01%, 750=0.01%
  lat (usec)   : 1000=0.01%
  lat (msec)   : 2=0.01%, 4=0.01%, 10=85.09%, 20=14.02%, 50=0.88%
  lat (msec)   : 250=0.01%
  cpu          : usr=6.91%, sys=73.75%, ctx=825, majf=0, minf=12
  IO depths    : 1=0.1%, 2=0.1%, 4=0.1%, 8=0.1%, 16=0.1%, 32=0.1%, >=64=100.0%
     submit    : 0=0.0%, 4=100.0%, 8=0.0%, 16=0.0%, 32=0.0%, 64=0.0%, >=64=0.0%
     complete  : 0=0.0%, 4=100.0%, 8=0.0%, 16=0.0%, 32=0.0%, 64=0.0%, >=64=0.1%
     issued rwts: total=0,245760,0,0 short=0,0,0,0 dropped=0,0,0,0
     latency   : target=0, window=0, percentile=100.00%, depth=128

Run status group 0 (all jobs):
  WRITE: bw=1869MiB/s (1960MB/s), 1869MiB/s-1869MiB/s (1960MB/s-1960MB/s), io=30.0GiB (32.2GB), run=16436-16436msec
