jobs1: (g=0): rw=randwrite, bs=(R) 32.0KiB-32.0KiB, (W) 32.0KiB-32.0KiB, (T) 32.0KiB-32.0KiB, ioengine=libaio, iodepth=128
...
fio-3.28
Starting 16 processes
jobs1: Laying out IO files (512 files / total 30720MiB)

jobs1: (groupid=0, jobs=16): err= 0: pid=1106498: Wed Jul 26 06:07:06 2023
  write: IOPS=58.2k, BW=1817MiB/s (1906MB/s)(30.0GiB/16904msec); 0 zone resets
    slat (usec): min=8, max=133785, avg=16.28, stdev=243.65
    clat (nsec): min=1746, max=481962k, avg=2129789.03, stdev=2392861.94
     lat (usec): min=16, max=482045, avg=2146.15, stdev=2446.73
    clat percentiles (usec):
     |  1.00th=[ 1385],  5.00th=[ 1401], 10.00th=[ 1401], 20.00th=[ 1450],
     | 30.00th=[ 1483], 40.00th=[ 1532], 50.00th=[ 1631], 60.00th=[ 1745],
     | 70.00th=[ 1893], 80.00th=[ 1975], 90.00th=[ 2573], 95.00th=[ 2737],
     | 99.00th=[12911], 99.50th=[13698], 99.90th=[17957], 99.95th=[22152],
     | 99.99th=[50594]
   bw (  MiB/s): min=  123, max= 2068, per=100.00%, avg=1830.78, stdev=410.46, samples=33
   iops        : min= 3948, max=66184, avg=58584.79, stdev=13134.78, samples=33
  lat (usec)   : 2=0.01%, 20=0.01%, 50=0.01%, 100=0.01%, 250=0.01%
  lat (usec)   : 500=0.01%, 750=0.01%, 1000=0.01%
  lat (msec)   : 2=81.51%, 4=14.63%, 10=0.86%, 20=2.91%, 50=0.06%
  lat (msec)   : 100=0.01%, 250=0.01%, 500=0.01%
  cpu          : usr=6.83%, sys=72.88%, ctx=9022, majf=0, minf=44
  IO depths    : 1=0.1%, 2=0.1%, 4=0.1%, 8=0.1%, 16=0.1%, 32=0.1%, >=64=100.0%
     submit    : 0=0.0%, 4=100.0%, 8=0.0%, 16=0.0%, 32=0.0%, 64=0.0%, >=64=0.0%
     complete  : 0=0.0%, 4=100.0%, 8=0.0%, 16=0.0%, 32=0.0%, 64=0.0%, >=64=0.1%
     issued rwts: total=0,983040,0,0 short=0,0,0,0 dropped=0,0,0,0
     latency   : target=0, window=0, percentile=100.00%, depth=128

Run status group 0 (all jobs):
  WRITE: bw=1817MiB/s (1906MB/s), 1817MiB/s-1817MiB/s (1906MB/s-1906MB/s), io=30.0GiB (32.2GB), run=16904-16904msec
