jobs1: (g=0): rw=randwrite, bs=(R) 32.0KiB-32.0KiB, (W) 32.0KiB-32.0KiB, (T) 32.0KiB-32.0KiB, ioengine=libaio, iodepth=128
...
fio-3.28
Starting 16 processes
jobs1: Laying out IO files (1024 files / total 30720MiB)
fio: pid=1170385, err=24/file:filesetup.c:805, func=open(/home/sevag/fuse_boc//f1018), error=Too many open files

jobs1: (groupid=0, jobs=16): err=24 (file:filesetup.c:805, func=open(/home/sevag/fuse_boc//f1018), error=Too many open files): pid=1170385: Wed Jul 26 09:28:00 2023
  write: IOPS=4125, BW=129MiB/s (135MB/s)(31.8MiB/247msec); 0 zone resets
    slat (usec): min=14, max=107633, avg=207.17, stdev=3799.21
    clat (usec): min=37, max=199370, avg=7140.67, stdev=11019.13
     lat (usec): min=57, max=199433, avg=7348.04, stdev=12551.64
    clat percentiles (usec):
     |  1.00th=[   515],  5.00th=[  2212], 10.00th=[  5014], 20.00th=[  5604],
     | 30.00th=[  5997], 40.00th=[  6063], 50.00th=[  6456], 60.00th=[  6915],
     | 70.00th=[  7242], 80.00th=[  7767], 90.00th=[  8848], 95.00th=[  9110],
     | 99.00th=[ 10552], 99.50th=[ 11600], 99.90th=[198181], 99.95th=[200279],
     | 99.99th=[200279]
  lat (usec)   : 50=0.10%, 250=0.29%, 500=0.59%, 750=0.59%, 1000=0.59%
  lat (msec)   : 2=2.36%, 4=3.24%, 10=90.87%, 20=0.88%, 100=0.20%
  lat (msec)   : 250=0.29%
  cpu          : usr=1.22%, sys=16.67%, ctx=1055, majf=0, minf=47
  IO depths    : 1=0.1%, 2=0.2%, 4=0.4%, 8=0.8%, 16=1.6%, 32=3.1%, >=64=93.8%
     submit    : 0=0.0%, 4=100.0%, 8=0.0%, 16=0.0%, 32=0.0%, 64=0.0%, >=64=0.0%
     complete  : 0=0.0%, 4=99.9%, 8=0.0%, 16=0.0%, 32=0.0%, 64=0.0%, >=64=0.1%
     issued rwts: total=0,1019,0,0 short=0,0,0,0 dropped=0,0,0,0
     latency   : target=0, window=0, percentile=100.00%, depth=128

Run status group 0 (all jobs):
  WRITE: bw=129MiB/s (135MB/s), 129MiB/s-129MiB/s (135MB/s-135MB/s), io=31.8MiB (33.4MB), run=247-247msec
