jobs1: (g=0): rw=randread, bs=(R) 4096B-4096B, (W) 4096B-4096B, (T) 4096B-4096B, ioengine=libaio, iodepth=128
...
fio-3.28
Starting 32 processes
jobs1: Laying out IO files (512 files / total 30720MiB)

jobs1: (groupid=0, jobs=32): err= 0: pid=1096950: Wed Jul 26 05:40:59 2023
  read: IOPS=74.9k, BW=293MiB/s (307MB/s)(30.0GiB/104943msec)
    slat (usec): min=8, max=161, avg=12.68, stdev= 2.25
    clat (nsec): min=1398, max=10654k, avg=1694890.56, stdev=297578.90
     lat (usec): min=12, max=10789, avg=1707.65, stdev=299.70
    clat percentiles (usec):
     |  1.00th=[ 1582],  5.00th=[ 1582], 10.00th=[ 1598], 20.00th=[ 1598],
     | 30.00th=[ 1614], 40.00th=[ 1614], 50.00th=[ 1631], 60.00th=[ 1631],
     | 70.00th=[ 1647], 80.00th=[ 1680], 90.00th=[ 1860], 95.00th=[ 1926],
     | 99.00th=[ 3884], 99.50th=[ 3884], 99.90th=[ 4015], 99.95th=[ 4047],
     | 99.99th=[ 4490]
   bw (  KiB/s): min=122958, max=323448, per=100.00%, avg=299832.17, stdev=33794.41, samples=209
   iops        : min=30739, max=80862, avg=74958.06, stdev=8448.65, samples=209
  lat (usec)   : 2=0.01%, 20=0.01%, 50=0.01%, 100=0.01%, 250=0.01%
  lat (usec)   : 500=0.01%, 750=0.01%, 1000=0.01%
  lat (msec)   : 2=96.33%, 4=3.56%, 10=0.10%, 20=0.01%
  cpu          : usr=5.62%, sys=33.23%, ctx=7864889, majf=0, minf=198
  IO depths    : 1=0.1%, 2=0.1%, 4=0.1%, 8=0.1%, 16=0.1%, 32=0.1%, >=64=100.0%
     submit    : 0=0.0%, 4=100.0%, 8=0.0%, 16=0.0%, 32=0.0%, 64=0.0%, >=64=0.0%
     complete  : 0=0.0%, 4=100.0%, 8=0.0%, 16=0.0%, 32=0.0%, 64=0.0%, >=64=0.1%
     issued rwts: total=7864320,0,0,0 short=0,0,0,0 dropped=0,0,0,0
     latency   : target=0, window=0, percentile=100.00%, depth=128

Run status group 0 (all jobs):
   READ: bw=293MiB/s (307MB/s), 293MiB/s-293MiB/s (307MB/s-307MB/s), io=30.0GiB (32.2GB), run=104943-104943msec
