jobs1: (g=0): rw=randread, bs=(R) 128KiB-128KiB, (W) 128KiB-128KiB, (T) 128KiB-128KiB, ioengine=libaio, iodepth=128
fio-3.28
Starting 1 process
jobs1: Laying out IO files (128 files / total 30720MiB)

jobs1: (groupid=0, jobs=1): err= 0: pid=846501: Wed Jul 26 03:26:46 2023
  read: IOPS=50.7k, BW=6341MiB/s (6649MB/s)(30.0GiB/4845msec)
    slat (usec): min=15, max=212, avg=19.03, stdev= 3.43
    clat (nsec): min=1835, max=18632k, avg=2498587.68, stdev=331172.45
     lat (usec): min=20, max=18818, avg=2517.65, stdev=334.26
    clat percentiles (usec):
     |  1.00th=[ 2343],  5.00th=[ 2343], 10.00th=[ 2343], 20.00th=[ 2343],
     | 30.00th=[ 2343], 40.00th=[ 2343], 50.00th=[ 2376], 60.00th=[ 2376],
     | 70.00th=[ 2376], 80.00th=[ 2933], 90.00th=[ 2933], 95.00th=[ 2933],
     | 99.00th=[ 2999], 99.50th=[ 3032], 99.90th=[ 3785], 99.95th=[ 4621],
     | 99.99th=[15664]
   bw (  MiB/s): min= 5151, max= 6734, per=99.52%, avg=6309.83, stdev=654.46, samples=9
   iops        : min=41210, max=53872, avg=50478.67, stdev=5235.69, samples=9
  lat (usec)   : 2=0.01%, 50=0.01%, 100=0.01%, 250=0.01%, 500=0.01%
  lat (usec)   : 750=0.01%, 1000=0.01%
  lat (msec)   : 2=0.02%, 4=99.90%, 10=0.03%, 20=0.03%
  cpu          : usr=3.70%, sys=96.26%, ctx=5, majf=0, minf=4108
  IO depths    : 1=0.1%, 2=0.1%, 4=0.1%, 8=0.1%, 16=0.1%, 32=0.1%, >=64=100.0%
     submit    : 0=0.0%, 4=100.0%, 8=0.0%, 16=0.0%, 32=0.0%, 64=0.0%, >=64=0.0%
     complete  : 0=0.0%, 4=100.0%, 8=0.0%, 16=0.0%, 32=0.0%, 64=0.0%, >=64=0.1%
     issued rwts: total=245760,0,0,0 short=0,0,0,0 dropped=0,0,0,0
     latency   : target=0, window=0, percentile=100.00%, depth=128

Run status group 0 (all jobs):
   READ: bw=6341MiB/s (6649MB/s), 6341MiB/s-6341MiB/s (6649MB/s-6649MB/s), io=30.0GiB (32.2GB), run=4845-4845msec
