jobs1: (g=0): rw=randwrite, bs=(R) 128KiB-128KiB, (W) 128KiB-128KiB, (T) 128KiB-128KiB, ioengine=libaio, iodepth=128
...
fio-3.28
Starting 32 processes
jobs1: Laying out IO files (64 files / total 30720MiB)

jobs1: (groupid=0, jobs=32): err= 0: pid=499047: Tue Jul 25 23:11:12 2023
  write: IOPS=27.4k, BW=3419MiB/s (3585MB/s)(30.0GiB/8985msec); 0 zone resets
    slat (usec): min=27, max=1002, avg=35.86, stdev=10.17
    clat (nsec): min=1338, max=15275k, avg=4638013.85, stdev=1233518.81
     lat (usec): min=31, max=15448, avg=4673.95, stdev=1243.20
    clat percentiles (usec):
     |  1.00th=[ 4047],  5.00th=[ 4047], 10.00th=[ 4047], 20.00th=[ 4047],
     | 30.00th=[ 4080], 40.00th=[ 4080], 50.00th=[ 4080], 60.00th=[ 4080],
     | 70.00th=[ 4080], 80.00th=[ 4113], 90.00th=[ 7308], 95.00th=[ 7308],
     | 99.00th=[ 7373], 99.50th=[ 7439], 99.90th=[ 8094], 99.95th=[ 8356],
     | 99.99th=[11600]
   bw (  MiB/s): min= 2090, max= 3912, per=99.56%, avg=3403.94, stdev=795.23, samples=17
   iops        : min=16727, max=31300, avg=27231.47, stdev=6361.89, samples=17
  lat (usec)   : 2=0.01%, 50=0.01%, 100=0.01%, 250=0.01%, 500=0.01%
  lat (usec)   : 750=0.01%, 1000=0.01%
  lat (msec)   : 2=0.01%, 4=0.03%, 10=99.94%, 20=0.01%
  cpu          : usr=7.39%, sys=92.60%, ctx=16, majf=0, minf=76
  IO depths    : 1=0.1%, 2=0.1%, 4=0.1%, 8=0.1%, 16=0.1%, 32=0.1%, >=64=100.0%
     submit    : 0=0.0%, 4=100.0%, 8=0.0%, 16=0.0%, 32=0.0%, 64=0.0%, >=64=0.0%
     complete  : 0=0.0%, 4=100.0%, 8=0.0%, 16=0.0%, 32=0.0%, 64=0.0%, >=64=0.1%
     issued rwts: total=0,245760,0,0 short=0,0,0,0 dropped=0,0,0,0
     latency   : target=0, window=0, percentile=100.00%, depth=128

Run status group 0 (all jobs):
  WRITE: bw=3419MiB/s (3585MB/s), 3419MiB/s-3419MiB/s (3585MB/s-3585MB/s), io=30.0GiB (32.2GB), run=8985-8985msec
