jobs1: (g=0): rw=randwrite, bs=(R) 128KiB-128KiB, (W) 128KiB-128KiB, (T) 128KiB-128KiB, ioengine=libaio, iodepth=128
fio-3.28
Starting 1 process
jobs1: Laying out IO file (1 file / 30720MiB)

jobs1: (groupid=0, jobs=1): err= 0: pid=177201: Tue Jul 25 19:28:21 2023
  write: IOPS=13.3k, BW=1660MiB/s (1741MB/s)(30.0GiB/18505msec); 0 zone resets
    slat (usec): min=33, max=159993, avg=74.37, stdev=749.37
    clat (nsec): min=1815, max=654897k, avg=9171325.58, stdev=4280839.61
     lat (usec): min=41, max=777119, avg=9245.79, stdev=4569.21
    clat percentiles (usec):
     |  1.00th=[ 4883],  5.00th=[ 5276], 10.00th=[ 6456], 20.00th=[ 7111],
     | 30.00th=[ 7177], 40.00th=[ 7308], 50.00th=[ 7439], 60.00th=[ 8029],
     | 70.00th=[ 9241], 80.00th=[12125], 90.00th=[12780], 95.00th=[17171],
     | 99.00th=[25560], 99.50th=[27132], 99.90th=[30802], 99.95th=[32375],
     | 99.99th=[43779]
   bw (  MiB/s): min=  726, max= 2162, per=100.00%, avg=1696.51, stdev=421.21, samples=35
   iops        : min= 5812, max=17298, avg=13572.06, stdev=3369.70, samples=35
  lat (usec)   : 2=0.01%, 50=0.01%, 100=0.01%, 250=0.01%, 500=0.01%
  lat (usec)   : 750=0.01%, 1000=0.01%
  lat (msec)   : 2=0.01%, 4=0.02%, 10=73.18%, 20=23.82%, 50=2.96%
  lat (msec)   : 250=0.01%, 500=0.01%, 750=0.01%
  cpu          : usr=6.27%, sys=80.31%, ctx=191, majf=0, minf=14
  IO depths    : 1=0.1%, 2=0.1%, 4=0.1%, 8=0.1%, 16=0.1%, 32=0.1%, >=64=100.0%
     submit    : 0=0.0%, 4=100.0%, 8=0.0%, 16=0.0%, 32=0.0%, 64=0.0%, >=64=0.0%
     complete  : 0=0.0%, 4=100.0%, 8=0.0%, 16=0.0%, 32=0.0%, 64=0.0%, >=64=0.1%
     issued rwts: total=0,245760,0,0 short=0,0,0,0 dropped=0,0,0,0
     latency   : target=0, window=0, percentile=100.00%, depth=128

Run status group 0 (all jobs):
  WRITE: bw=1660MiB/s (1741MB/s), 1660MiB/s-1660MiB/s (1741MB/s-1741MB/s), io=30.0GiB (32.2GB), run=18505-18505msec
