jobs1: (g=0): rw=randread, bs=(R) 128KiB-128KiB, (W) 128KiB-128KiB, (T) 128KiB-128KiB, ioengine=libaio, iodepth=128
...
fio-3.28
Starting 32 processes
jobs1: Laying out IO files (64 files / total 30720MiB)

jobs1: (groupid=0, jobs=32): err= 0: pid=508382: Tue Jul 25 23:36:53 2023
  read: IOPS=6349, BW=794MiB/s (832MB/s)(30.0GiB/38705msec)
    slat (usec): min=121, max=1422, avg=154.69, stdev=23.52
    clat (usec): min=4, max=42236, avg=19989.82, stdev=2509.44
     lat (usec): min=154, max=42847, avg=20144.90, stdev=2528.39
    clat percentiles (usec):
     |  1.00th=[17433],  5.00th=[17957], 10.00th=[18220], 20.00th=[18220],
     | 30.00th=[18482], 40.00th=[19006], 50.00th=[19530], 60.00th=[19792],
     | 70.00th=[20055], 80.00th=[21365], 90.00th=[22152], 95.00th=[25822],
     | 99.00th=[30016], 99.50th=[31589], 99.90th=[34341], 99.95th=[35390],
     | 99.99th=[37487]
   bw (  KiB/s): min=513228, max=905216, per=99.98%, avg=812613.53, stdev=88419.68, samples=77
   iops        : min= 4009, max= 7072, avg=6348.47, stdev=690.81, samples=77
  lat (usec)   : 10=0.01%, 250=0.01%, 500=0.01%, 750=0.01%, 1000=0.01%
  lat (msec)   : 2=0.01%, 4=0.01%, 10=0.02%, 20=70.48%, 50=29.49%
  cpu          : usr=2.41%, sys=57.35%, ctx=245858, majf=0, minf=4159
  IO depths    : 1=0.1%, 2=0.1%, 4=0.1%, 8=0.1%, 16=0.1%, 32=0.1%, >=64=100.0%
     submit    : 0=0.0%, 4=100.0%, 8=0.0%, 16=0.0%, 32=0.0%, 64=0.0%, >=64=0.0%
     complete  : 0=0.0%, 4=100.0%, 8=0.0%, 16=0.0%, 32=0.0%, 64=0.0%, >=64=0.1%
     issued rwts: total=245760,0,0,0 short=0,0,0,0 dropped=0,0,0,0
     latency   : target=0, window=0, percentile=100.00%, depth=128

Run status group 0 (all jobs):
   READ: bw=794MiB/s (832MB/s), 794MiB/s-794MiB/s (832MB/s-832MB/s), io=30.0GiB (32.2GB), run=38705-38705msec
