jobs1: (g=0): rw=randwrite, bs=(R) 32.0KiB-32.0KiB, (W) 32.0KiB-32.0KiB, (T) 32.0KiB-32.0KiB, ioengine=libaio, iodepth=128
...
fio-3.28
Starting 16 processes
jobs1: Laying out IO file (1 file / 30720MiB)

jobs1: (groupid=0, jobs=16): err= 0: pid=166374: Tue Jul 25 18:45:26 2023
  write: IOPS=140k, BW=4370MiB/s (4582MB/s)(30.0GiB/7030msec); 0 zone resets
    slat (nsec): min=4715, max=66085, avg=6575.25, stdev=1730.37
    clat (nsec): min=1072, max=2420.1k, avg=908247.72, stdev=226331.85
     lat (usec): min=6, max=2438, avg=914.88, stdev=228.01
    clat percentiles (usec):
     |  1.00th=[  807],  5.00th=[  816], 10.00th=[  816], 20.00th=[  816],
     | 30.00th=[  816], 40.00th=[  824], 50.00th=[  824], 60.00th=[  824],
     | 70.00th=[  824], 80.00th=[  832], 90.00th=[ 1516], 95.00th=[ 1516],
     | 99.00th=[ 1532], 99.50th=[ 1532], 99.90th=[ 1598], 99.95th=[ 1762],
     | 99.99th=[ 2376]
   bw (  MiB/s): min= 2612, max= 4855, per=100.00%, avg=4372.72, stdev=913.28, samples=14
   iops        : min=83606, max=155382, avg=139926.79, stdev=29224.75, samples=14
  lat (usec)   : 2=0.01%, 10=0.01%, 20=0.01%, 50=0.01%, 100=0.01%
  lat (usec)   : 250=0.01%, 500=0.01%, 750=0.01%, 1000=86.78%
  lat (msec)   : 2=13.18%, 4=0.02%
  cpu          : usr=12.08%, sys=87.89%, ctx=5, majf=0, minf=43
  IO depths    : 1=0.1%, 2=0.1%, 4=0.1%, 8=0.1%, 16=0.1%, 32=0.1%, >=64=100.0%
     submit    : 0=0.0%, 4=100.0%, 8=0.0%, 16=0.0%, 32=0.0%, 64=0.0%, >=64=0.0%
     complete  : 0=0.0%, 4=100.0%, 8=0.0%, 16=0.0%, 32=0.0%, 64=0.0%, >=64=0.1%
     issued rwts: total=0,983040,0,0 short=0,0,0,0 dropped=0,0,0,0
     latency   : target=0, window=0, percentile=100.00%, depth=128

Run status group 0 (all jobs):
  WRITE: bw=4370MiB/s (4582MB/s), 4370MiB/s-4370MiB/s (4582MB/s-4582MB/s), io=30.0GiB (32.2GB), run=7030-7030msec
