jobs1: (g=0): rw=randread, bs=(R) 4096B-4096B, (W) 4096B-4096B, (T) 4096B-4096B, ioengine=libaio, iodepth=128
...
fio-3.28
Starting 16 processes
jobs1: Laying out IO files (1024 files / total 30720MiB)
fio: pid=1166105, err=24/file:filesetup.c:805, func=open(/home/sevag/tmpfs//f1018), error=Too many open files

jobs1: (groupid=0, jobs=16): err=24 (file:filesetup.c:805, func=open(/home/sevag/tmpfs//f1018), error=Too many open files): pid=1166105: Wed Jul 26 09:21:46 2023
  read: IOPS=72.8k, BW=284MiB/s (298MB/s)(4076KiB/14msec)
    slat (nsec): min=3344, max=26615, avg=5441.94, stdev=2158.29
    clat (usec): min=55, max=2046, avg=1583.72, stdev=335.67
     lat (usec): min=60, max=2069, avg=1589.33, stdev=336.46
    clat percentiles (usec):
     |  1.00th=[  273],  5.00th=[  685], 10.00th=[ 1188], 20.00th=[ 1598],
     | 30.00th=[ 1680], 40.00th=[ 1680], 50.00th=[ 1680], 60.00th=[ 1696],
     | 70.00th=[ 1696], 80.00th=[ 1696], 90.00th=[ 1778], 95.00th=[ 1909],
     | 99.00th=[ 2024], 99.50th=[ 2040], 99.90th=[ 2040], 99.95th=[ 2040],
     | 99.99th=[ 2040]
  lat (usec)   : 100=0.10%, 250=0.69%, 500=2.45%, 750=2.45%, 1000=2.36%
  lat (msec)   : 2=90.19%, 4=1.77%
  cpu          : usr=30.77%, sys=53.85%, ctx=0, majf=0, minf=181
  IO depths    : 1=0.1%, 2=0.2%, 4=0.4%, 8=0.8%, 16=1.6%, 32=3.1%, >=64=93.8%
     submit    : 0=0.0%, 4=100.0%, 8=0.0%, 16=0.0%, 32=0.0%, 64=0.0%, >=64=0.0%
     complete  : 0=0.0%, 4=99.9%, 8=0.0%, 16=0.0%, 32=0.0%, 64=0.0%, >=64=0.1%
     issued rwts: total=1019,0,0,0 short=0,0,0,0 dropped=0,0,0,0
     latency   : target=0, window=0, percentile=100.00%, depth=128

Run status group 0 (all jobs):
   READ: bw=284MiB/s (298MB/s), 284MiB/s-284MiB/s (298MB/s-298MB/s), io=4076KiB (4174kB), run=14-14msec
