jobs1: (g=0): rw=randread, bs=(R) 128KiB-128KiB, (W) 128KiB-128KiB, (T) 128KiB-128KiB, ioengine=libaio, iodepth=128
...
fio-3.28
Starting 16 processes
jobs1: Laying out IO files (128 files / total 30720MiB)

jobs1: (groupid=0, jobs=16): err= 0: pid=852056: Wed Jul 26 03:39:18 2023
  read: IOPS=38.9k, BW=4867MiB/s (5103MB/s)(30.0GiB/6312msec)
    slat (usec): min=20, max=204, avg=24.94, stdev= 5.36
    clat (nsec): min=1668, max=21025k, avg=3255901.12, stdev=612505.79
     lat (usec): min=23, max=21230, avg=3280.92, stdev=617.60
    clat percentiles (usec):
     |  1.00th=[ 2966],  5.00th=[ 2966], 10.00th=[ 2966], 20.00th=[ 2966],
     | 30.00th=[ 2966], 40.00th=[ 2966], 50.00th=[ 2966], 60.00th=[ 2966],
     | 70.00th=[ 2999], 80.00th=[ 3097], 90.00th=[ 4424], 95.00th=[ 4424],
     | 99.00th=[ 4424], 99.50th=[ 4424], 99.90th=[ 5080], 99.95th=[ 6456],
     | 99.99th=[17695]
   bw (  MiB/s): min= 3479, max= 5335, per=100.00%, avg=4895.63, stdev=788.90, samples=12
   iops        : min=27832, max=42684, avg=39164.92, stdev=6311.38, samples=12
  lat (usec)   : 2=0.01%, 50=0.01%, 100=0.01%, 250=0.01%, 500=0.01%
  lat (usec)   : 750=0.01%, 1000=0.01%
  lat (msec)   : 2=0.02%, 4=80.93%, 10=19.00%, 20=0.03%, 50=0.01%
  cpu          : usr=2.27%, sys=97.72%, ctx=7, majf=0, minf=4154
  IO depths    : 1=0.1%, 2=0.1%, 4=0.1%, 8=0.1%, 16=0.1%, 32=0.1%, >=64=100.0%
     submit    : 0=0.0%, 4=100.0%, 8=0.0%, 16=0.0%, 32=0.0%, 64=0.0%, >=64=0.0%
     complete  : 0=0.0%, 4=100.0%, 8=0.0%, 16=0.0%, 32=0.0%, 64=0.0%, >=64=0.1%
     issued rwts: total=245760,0,0,0 short=0,0,0,0 dropped=0,0,0,0
     latency   : target=0, window=0, percentile=100.00%, depth=128

Run status group 0 (all jobs):
   READ: bw=4867MiB/s (5103MB/s), 4867MiB/s-4867MiB/s (5103MB/s-5103MB/s), io=30.0GiB (32.2GB), run=6312-6312msec
