jobs1: (g=0): rw=randread, bs=(R) 4096B-4096B, (W) 4096B-4096B, (T) 4096B-4096B, ioengine=libaio, iodepth=128
fio-3.28
Starting 1 process
jobs1: Laying out IO files (512 files / total 30720MiB)

jobs1: (groupid=0, jobs=1): err= 0: pid=1095837: Wed Jul 26 05:28:31 2023
  read: IOPS=9648, BW=37.7MiB/s (39.5MB/s)(4523MiB/120001msec)
    slat (usec): min=29, max=385, avg=99.27, stdev=65.67
    clat (usec): min=4, max=71803, avg=13160.21, stdev=5037.99
     lat (usec): min=75, max=71965, avg=13260.02, stdev=5073.35
    clat percentiles (usec):
     |  1.00th=[ 5211],  5.00th=[ 5473], 10.00th=[ 5932], 20.00th=[ 7570],
     | 30.00th=[ 9896], 40.00th=[12256], 50.00th=[13698], 60.00th=[14746],
     | 70.00th=[16057], 80.00th=[17433], 90.00th=[19792], 95.00th=[21627],
     | 99.00th=[23462], 99.50th=[23987], 99.90th=[25035], 99.95th=[25560],
     | 99.99th=[62129]
   bw (  KiB/s): min=19305, max=87960, per=100.00%, avg=38644.12, stdev=14327.43, samples=239
   iops        : min= 4826, max=21990, avg=9661.03, stdev=3581.86, samples=239
  lat (usec)   : 10=0.01%, 100=0.01%, 250=0.01%, 500=0.01%, 750=0.01%
  lat (usec)   : 1000=0.01%
  lat (msec)   : 2=0.01%, 4=0.01%, 10=30.91%, 20=60.20%, 50=8.86%
  lat (msec)   : 100=0.02%
  cpu          : usr=4.50%, sys=18.02%, ctx=1158466, majf=0, minf=139
  IO depths    : 1=0.1%, 2=0.1%, 4=0.1%, 8=0.1%, 16=0.1%, 32=0.1%, >=64=100.0%
     submit    : 0=0.0%, 4=100.0%, 8=0.0%, 16=0.0%, 32=0.0%, 64=0.0%, >=64=0.0%
     complete  : 0=0.0%, 4=100.0%, 8=0.0%, 16=0.0%, 32=0.0%, 64=0.0%, >=64=0.1%
     issued rwts: total=1157881,0,0,0 short=0,0,0,0 dropped=0,0,0,0
     latency   : target=0, window=0, percentile=100.00%, depth=128

Run status group 0 (all jobs):
   READ: bw=37.7MiB/s (39.5MB/s), 37.7MiB/s-37.7MiB/s (39.5MB/s-39.5MB/s), io=4523MiB (4743MB), run=120001-120001msec
