jobs1: (g=0): rw=randread, bs=(R) 128KiB-128KiB, (W) 128KiB-128KiB, (T) 128KiB-128KiB, ioengine=libaio, iodepth=128
...
fio-3.28
Starting 32 processes
jobs1: Laying out IO files (1024 files / total 30720MiB)
fio: pid=1189255, err=24/file:filesetup.c:805, func=open(/home/sevag/fuse_boc//f1018), error=Too many open files

jobs1: (groupid=0, jobs=32): err=24 (file:filesetup.c:805, func=open(/home/sevag/fuse_boc//f1018), error=Too many open files): pid=1189255: Wed Jul 26 10:29:21 2023
  read: IOPS=3513, BW=439MiB/s (461MB/s)(127MiB/290msec)
    slat (usec): min=157, max=565, avg=224.38, stdev=66.55
    clat (usec): min=84, max=46176, avg=32989.00, stdev=8105.80
     lat (usec): min=286, max=46713, avg=33213.85, stdev=8120.43
    clat percentiles (usec):
     |  1.00th=[ 3425],  5.00th=[17957], 10.00th=[26608], 20.00th=[27132],
     | 30.00th=[29230], 40.00th=[33424], 50.00th=[34341], 60.00th=[35390],
     | 70.00th=[36439], 80.00th=[39060], 90.00th=[42206], 95.00th=[44827],
     | 99.00th=[44827], 99.50th=[45351], 99.90th=[45876], 99.95th=[46400],
     | 99.99th=[46400]
  lat (usec)   : 100=0.10%, 500=0.10%, 750=0.10%, 1000=0.10%
  lat (msec)   : 2=0.20%, 4=0.69%, 10=1.86%, 20=2.65%, 50=94.21%
  cpu          : usr=0.69%, sys=51.90%, ctx=2043, majf=0, minf=4192
  IO depths    : 1=0.1%, 2=0.2%, 4=0.4%, 8=0.8%, 16=1.6%, 32=3.1%, >=64=93.8%
     submit    : 0=0.0%, 4=100.0%, 8=0.0%, 16=0.0%, 32=0.0%, 64=0.0%, >=64=0.0%
     complete  : 0=0.0%, 4=99.9%, 8=0.0%, 16=0.0%, 32=0.0%, 64=0.0%, >=64=0.1%
     issued rwts: total=1019,0,0,0 short=0,0,0,0 dropped=0,0,0,0
     latency   : target=0, window=0, percentile=100.00%, depth=128

Run status group 0 (all jobs):
   READ: bw=439MiB/s (461MB/s), 439MiB/s-439MiB/s (461MB/s-461MB/s), io=127MiB (134MB), run=290-290msec
