jobs1: (g=0): rw=randwrite, bs=(R) 4096B-4096B, (W) 4096B-4096B, (T) 4096B-4096B, ioengine=libaio, iodepth=128
...
fio-3.28
Starting 16 processes
jobs1: Laying out IO files (64 files / total 30720MiB)

jobs1: (groupid=0, jobs=16): err= 0: pid=369986: Tue Jul 25 21:06:30 2023
  write: IOPS=436k, BW=1703MiB/s (1786MB/s)(30.0GiB/18040msec); 0 zone resets
    slat (nsec): min=1226, max=33511, avg=1732.65, stdev=484.99
    clat (nsec): min=1237, max=1624.9k, avg=291545.71, stdev=54271.73
     lat (usec): min=2, max=1658, avg=293.34, stdev=54.62
    clat percentiles (usec):
     |  1.00th=[  269],  5.00th=[  273], 10.00th=[  273], 20.00th=[  277],
     | 30.00th=[  277], 40.00th=[  277], 50.00th=[  277], 60.00th=[  277],
     | 70.00th=[  277], 80.00th=[  281], 90.00th=[  281], 95.00th=[  469],
     | 99.00th=[  482], 99.50th=[  486], 99.90th=[  506], 99.95th=[  603],
     | 99.99th=[ 1139]
   bw (  MiB/s): min= 1005, max= 1806, per=100.00%, avg=1705.37, stdev=244.55, samples=35
   iops        : min=257487, max=462450, avg=436575.09, stdev=62605.21, samples=35
  lat (usec)   : 2=0.01%, 4=0.01%, 10=0.01%, 20=0.01%, 50=0.01%
  lat (usec)   : 100=0.01%, 250=0.01%, 500=99.87%, 750=0.09%, 1000=0.02%
  lat (msec)   : 2=0.02%
  cpu          : usr=25.85%, sys=74.15%, ctx=23, majf=0, minf=40
  IO depths    : 1=0.1%, 2=0.1%, 4=0.1%, 8=0.1%, 16=0.1%, 32=0.1%, >=64=100.0%
     submit    : 0=0.0%, 4=100.0%, 8=0.0%, 16=0.0%, 32=0.0%, 64=0.0%, >=64=0.0%
     complete  : 0=0.0%, 4=100.0%, 8=0.0%, 16=0.0%, 32=0.0%, 64=0.0%, >=64=0.1%
     issued rwts: total=0,7864320,0,0 short=0,0,0,0 dropped=0,0,0,0
     latency   : target=0, window=0, percentile=100.00%, depth=128

Run status group 0 (all jobs):
  WRITE: bw=1703MiB/s (1786MB/s), 1703MiB/s-1703MiB/s (1786MB/s-1786MB/s), io=30.0GiB (32.2GB), run=18040-18040msec
