jobs1: (g=0): rw=randwrite, bs=(R) 512KiB-512KiB, (W) 512KiB-512KiB, (T) 512KiB-512KiB, ioengine=libaio, iodepth=128
...
fio-3.28
Starting 32 processes
jobs1: Laying out IO files (128 files / total 30720MiB)

jobs1: (groupid=0, jobs=32): err= 0: pid=858166: Wed Jul 26 03:56:34 2023
  write: IOPS=4042, BW=2021MiB/s (2120MB/s)(30.0GiB/15198msec); 0 zone resets
    slat (usec): min=167, max=451781, avg=244.85, stdev=1868.25
    clat (usec): min=2, max=129543, avg=30349.17, stdev=8236.16
     lat (usec): min=252, max=581327, avg=30594.18, stdev=8569.76
    clat percentiles (msec):
     |  1.00th=[   25],  5.00th=[   25], 10.00th=[   25], 20.00th=[   25],
     | 30.00th=[   25], 40.00th=[   25], 50.00th=[   26], 60.00th=[   31],
     | 70.00th=[   32], 80.00th=[   37], 90.00th=[   42], 95.00th=[   47],
     | 99.00th=[   56], 99.50th=[   59], 99.90th=[   87], 99.95th=[  113],
     | 99.99th=[  128]
   bw (  MiB/s): min=  186, max= 2547, per=100.00%, avg=2038.99, stdev=521.49, samples=30
   iops        : min=  372, max= 5094, avg=4077.87, stdev=1043.05, samples=30
  lat (usec)   : 4=0.01%, 500=0.01%, 750=0.01%, 1000=0.01%
  lat (msec)   : 2=0.01%, 4=0.02%, 10=0.05%, 20=0.08%, 50=97.08%
  lat (msec)   : 100=2.67%, 250=0.09%
  cpu          : usr=8.06%, sys=82.42%, ctx=2154, majf=0, minf=72
  IO depths    : 1=0.1%, 2=0.1%, 4=0.1%, 8=0.1%, 16=0.1%, 32=0.1%, >=64=99.9%
     submit    : 0=0.0%, 4=100.0%, 8=0.0%, 16=0.0%, 32=0.0%, 64=0.0%, >=64=0.0%
     complete  : 0=0.0%, 4=100.0%, 8=0.0%, 16=0.0%, 32=0.0%, 64=0.0%, >=64=0.1%
     issued rwts: total=0,61440,0,0 short=0,0,0,0 dropped=0,0,0,0
     latency   : target=0, window=0, percentile=100.00%, depth=128

Run status group 0 (all jobs):
  WRITE: bw=2021MiB/s (2120MB/s), 2021MiB/s-2021MiB/s (2120MB/s-2120MB/s), io=30.0GiB (32.2GB), run=15198-15198msec
