jobs1: (g=0): rw=randread, bs=(R) 512KiB-512KiB, (W) 512KiB-512KiB, (T) 512KiB-512KiB, ioengine=libaio, iodepth=128
...
fio-3.28
Starting 16 processes
jobs1: Laying out IO files (64 files / total 30720MiB)

jobs1: (groupid=0, jobs=16): err= 0: pid=530439: Wed Jul 26 00:33:25 2023
  read: IOPS=9087, BW=4544MiB/s (4764MB/s)(30.0GiB/6761msec)
    slat (usec): min=94, max=750, avg=109.01, stdev=20.42
    clat (nsec): min=1944, max=54214k, avg=13908563.39, stdev=1917699.24
     lat (usec): min=105, max=54929, avg=14017.69, stdev=1936.19
    clat percentiles (usec):
     |  1.00th=[13042],  5.00th=[13042], 10.00th=[13042], 20.00th=[13173],
     | 30.00th=[13173], 40.00th=[13173], 50.00th=[13173], 60.00th=[13173],
     | 70.00th=[13173], 80.00th=[13173], 90.00th=[17433], 95.00th=[17433],
     | 99.00th=[17695], 99.50th=[18482], 99.90th=[31589], 99.95th=[39584],
     | 99.99th=[51119]
   bw (  MiB/s): min= 3333, max= 4840, per=100.00%, avg=4567.76, stdev=525.99, samples=13
   iops        : min= 6667, max= 9680, avg=9135.46, stdev=1051.99, samples=13
  lat (usec)   : 2=0.01%, 250=0.01%, 500=0.01%, 750=0.01%, 1000=0.01%
  lat (msec)   : 2=0.02%, 4=0.03%, 10=0.10%, 20=99.64%, 50=0.19%
  lat (msec)   : 100=0.01%
  cpu          : usr=1.05%, sys=98.91%, ctx=9, majf=1, minf=16443
  IO depths    : 1=0.1%, 2=0.1%, 4=0.1%, 8=0.1%, 16=0.1%, 32=0.1%, >=64=99.9%
     submit    : 0=0.0%, 4=100.0%, 8=0.0%, 16=0.0%, 32=0.0%, 64=0.0%, >=64=0.0%
     complete  : 0=0.0%, 4=100.0%, 8=0.0%, 16=0.0%, 32=0.0%, 64=0.0%, >=64=0.1%
     issued rwts: total=61440,0,0,0 short=0,0,0,0 dropped=0,0,0,0
     latency   : target=0, window=0, percentile=100.00%, depth=128

Run status group 0 (all jobs):
   READ: bw=4544MiB/s (4764MB/s), 4544MiB/s-4544MiB/s (4764MB/s-4764MB/s), io=30.0GiB (32.2GB), run=6761-6761msec
