jobs1: (g=0): rw=randread, bs=(R) 32.0KiB-32.0KiB, (W) 32.0KiB-32.0KiB, (T) 32.0KiB-32.0KiB, ioengine=libaio, iodepth=128
...
fio-3.28
Starting 32 processes
jobs1: Laying out IO files (128 files / total 30720MiB)

jobs1: (groupid=0, jobs=32): err= 0: pid=821912: Wed Jul 26 02:39:25 2023
  read: IOPS=15.7k, BW=492MiB/s (516MB/s)(30.0GiB/62452msec)
    slat (usec): min=52, max=1424, avg=60.72, stdev= 6.06
    clat (usec): min=4, max=20519, avg=8067.87, stdev=660.02
     lat (usec): min=57, max=20870, avg=8128.97, stdev=664.97
    clat percentiles (usec):
     |  1.00th=[ 7570],  5.00th=[ 7570], 10.00th=[ 7570], 20.00th=[ 7635],
     | 30.00th=[ 7635], 40.00th=[ 7767], 50.00th=[ 7898], 60.00th=[ 8029],
     | 70.00th=[ 8160], 80.00th=[ 8356], 90.00th=[ 8455], 95.00th=[10159],
     | 99.00th=[10290], 99.50th=[10290], 99.90th=[10421], 99.95th=[10814],
     | 99.99th=[13304]
   bw (  KiB/s): min=381167, max=534400, per=100.00%, avg=504089.99, stdev=34699.47, samples=124
   iops        : min=11911, max=16700, avg=15752.74, stdev=1084.36, samples=124
  lat (usec)   : 10=0.01%, 100=0.01%, 250=0.01%, 500=0.01%, 750=0.01%
  lat (usec)   : 1000=0.01%
  lat (msec)   : 2=0.01%, 4=0.01%, 10=93.51%, 20=6.48%, 50=0.01%
  cpu          : usr=5.25%, sys=48.03%, ctx=983213, majf=0, minf=1099
  IO depths    : 1=0.1%, 2=0.1%, 4=0.1%, 8=0.1%, 16=0.1%, 32=0.1%, >=64=100.0%
     submit    : 0=0.0%, 4=100.0%, 8=0.0%, 16=0.0%, 32=0.0%, 64=0.0%, >=64=0.0%
     complete  : 0=0.0%, 4=100.0%, 8=0.0%, 16=0.0%, 32=0.0%, 64=0.0%, >=64=0.1%
     issued rwts: total=983040,0,0,0 short=0,0,0,0 dropped=0,0,0,0
     latency   : target=0, window=0, percentile=100.00%, depth=128

Run status group 0 (all jobs):
   READ: bw=492MiB/s (516MB/s), 492MiB/s-492MiB/s (516MB/s-516MB/s), io=30.0GiB (32.2GB), run=62452-62452msec
