jobs1: (g=0): rw=randwrite, bs=(R) 4096B-4096B, (W) 4096B-4096B, (T) 4096B-4096B, ioengine=libaio, iodepth=128
...
fio-3.28
Starting 32 processes
jobs1: Laying out IO files (64 files / total 30720MiB)

jobs1: (groupid=0, jobs=32): err= 0: pid=370579: Tue Jul 25 21:10:27 2023
  write: IOPS=50.8k, BW=199MiB/s (208MB/s)(23.3GiB/120001msec); 0 zone resets
    slat (usec): min=2, max=132654, avg=17.27, stdev=392.95
    clat (usec): min=4, max=671895, avg=2496.03, stdev=5548.36
     lat (usec): min=11, max=671911, avg=2513.56, stdev=5578.84
    clat percentiles (usec):
     |  1.00th=[  693],  5.00th=[ 1037], 10.00th=[ 1139], 20.00th=[ 1156],
     | 30.00th=[ 1156], 40.00th=[ 1156], 50.00th=[ 1172], 60.00th=[ 1172],
     | 70.00th=[ 1172], 80.00th=[ 1188], 90.00th=[ 1401], 95.00th=[15008],
     | 99.00th=[16057], 99.50th=[17695], 99.90th=[17957], 99.95th=[17957],
     | 99.99th=[19792]
   bw (  KiB/s): min=  295, max=316440, per=100.00%, avg=203727.73, stdev=22420.53, samples=239
   iops        : min=   73, max=79110, avg=50931.89, stdev=5605.18, samples=239
  lat (usec)   : 10=0.01%, 20=0.01%, 50=0.01%, 100=0.01%, 250=0.01%
  lat (usec)   : 500=0.18%, 750=1.08%, 1000=3.34%
  lat (msec)   : 2=85.71%, 4=0.01%, 10=0.18%, 20=9.49%, 50=0.01%
  lat (msec)   : 100=0.01%, 250=0.01%, 500=0.01%, 750=0.01%
  cpu          : usr=12.78%, sys=33.45%, ctx=6197, majf=0, minf=80
  IO depths    : 1=0.1%, 2=0.1%, 4=0.1%, 8=0.1%, 16=0.1%, 32=0.1%, >=64=100.0%
     submit    : 0=0.0%, 4=100.0%, 8=0.0%, 16=0.0%, 32=0.0%, 64=0.0%, >=64=0.0%
     complete  : 0=0.0%, 4=100.0%, 8=0.0%, 16=0.0%, 32=0.0%, 64=0.0%, >=64=0.1%
     issued rwts: total=0,6099361,0,0 short=0,0,0,0 dropped=0,0,0,0
     latency   : target=0, window=0, percentile=100.00%, depth=128

Run status group 0 (all jobs):
  WRITE: bw=199MiB/s (208MB/s), 199MiB/s-199MiB/s (208MB/s-208MB/s), io=23.3GiB (25.0GB), run=120001-120001msec
