jobs1: (g=0): rw=randwrite, bs=(R) 128KiB-128KiB, (W) 128KiB-128KiB, (T) 128KiB-128KiB, ioengine=libaio, iodepth=128
fio-3.28
Starting 1 process
jobs1: Laying out IO files (64 files / total 30720MiB)

jobs1: (groupid=0, jobs=1): err= 0: pid=493945: Tue Jul 25 23:03:29 2023
  write: IOPS=17.8k, BW=2220MiB/s (2328MB/s)(30.0GiB/13838msec); 0 zone resets
    slat (usec): min=33, max=159613, avg=55.40, stdev=480.64
    clat (usec): min=2, max=220808, avg=6973.28, stdev=2783.81
     lat (usec): min=50, max=354191, avg=7028.77, stdev=2882.55
    clat percentiles (usec):
     |  1.00th=[ 4883],  5.00th=[ 5407], 10.00th=[ 5538], 20.00th=[ 5604],
     | 30.00th=[ 5669], 40.00th=[ 5800], 50.00th=[ 5866], 60.00th=[ 6128],
     | 70.00th=[ 6915], 80.00th=[ 7373], 90.00th=[ 9503], 95.00th=[10159],
     | 99.00th=[18220], 99.50th=[22938], 99.90th=[26870], 99.95th=[27395],
     | 99.99th=[27919]
   bw (  MiB/s): min=  419, max= 2638, per=99.76%, avg=2214.54, stdev=513.05, samples=27
   iops        : min= 3352, max=21110, avg=17716.30, stdev=4104.40, samples=27
  lat (usec)   : 4=0.01%, 100=0.01%, 250=0.01%, 500=0.01%, 750=0.01%
  lat (usec)   : 1000=0.01%
  lat (msec)   : 2=0.01%, 4=0.02%, 10=93.93%, 20=5.30%, 50=0.74%
  lat (msec)   : 100=0.01%, 250=0.01%
  cpu          : usr=7.28%, sys=82.84%, ctx=185, majf=0, minf=12
  IO depths    : 1=0.1%, 2=0.1%, 4=0.1%, 8=0.1%, 16=0.1%, 32=0.1%, >=64=100.0%
     submit    : 0=0.0%, 4=100.0%, 8=0.0%, 16=0.0%, 32=0.0%, 64=0.0%, >=64=0.0%
     complete  : 0=0.0%, 4=100.0%, 8=0.0%, 16=0.0%, 32=0.0%, 64=0.0%, >=64=0.1%
     issued rwts: total=0,245760,0,0 short=0,0,0,0 dropped=0,0,0,0
     latency   : target=0, window=0, percentile=100.00%, depth=128

Run status group 0 (all jobs):
  WRITE: bw=2220MiB/s (2328MB/s), 2220MiB/s-2220MiB/s (2328MB/s-2328MB/s), io=30.0GiB (32.2GB), run=13838-13838msec
