jobs1: (g=0): rw=randwrite, bs=(R) 4096B-4096B, (W) 4096B-4096B, (T) 4096B-4096B, ioengine=libaio, iodepth=128
fio-3.28
Starting 1 process
jobs1: Laying out IO files (128 files / total 30720MiB)

jobs1: (groupid=0, jobs=1): err= 0: pid=533673: Wed Jul 26 00:46:14 2023
  write: IOPS=50.2k, BW=196MiB/s (205MB/s)(23.0GiB/120006msec); 0 zone resets
    slat (usec): min=2, max=135604, avg=17.61, stdev=402.25
    clat (usec): min=13, max=151143, avg=2530.40, stdev=4295.24
     lat (usec): min=547, max=151193, avg=2548.26, stdev=4310.67
    clat percentiles (usec):
     |  1.00th=[  644],  5.00th=[  914], 10.00th=[ 1057], 20.00th=[ 1139],
     | 30.00th=[ 1156], 40.00th=[ 1156], 50.00th=[ 1172], 60.00th=[ 1172],
     | 70.00th=[ 1188], 80.00th=[ 1188], 90.00th=[ 1844], 95.00th=[15401],
     | 99.00th=[17695], 99.50th=[17957], 99.90th=[20579], 99.95th=[20841],
     | 99.99th=[23987]
   bw (  KiB/s): min=124800, max=344080, per=100.00%, avg=200866.71, stdev=22512.05, samples=239
   iops        : min=31200, max=86020, avg=50216.72, stdev=5628.01, samples=239
  lat (usec)   : 20=0.01%, 750=1.70%, 1000=6.86%
  lat (msec)   : 2=81.75%, 4=0.01%, 10=0.19%, 20=9.34%, 50=0.17%
  lat (msec)   : 250=0.01%
  cpu          : usr=11.53%, sys=33.82%, ctx=4872, majf=0, minf=12
  IO depths    : 1=0.1%, 2=0.1%, 4=0.1%, 8=0.1%, 16=0.1%, 32=0.1%, >=64=100.0%
     submit    : 0=0.0%, 4=100.0%, 8=0.0%, 16=0.0%, 32=0.0%, 64=0.0%, >=64=0.0%
     complete  : 0=0.0%, 4=100.0%, 8=0.0%, 16=0.0%, 32=0.0%, 64=0.0%, >=64=0.1%
     issued rwts: total=0,6019843,0,0 short=0,0,0,0 dropped=0,0,0,0
     latency   : target=0, window=0, percentile=100.00%, depth=128

Run status group 0 (all jobs):
  WRITE: bw=196MiB/s (205MB/s), 196MiB/s-196MiB/s (205MB/s-205MB/s), io=23.0GiB (24.7GB), run=120006-120006msec
