jobs1: (g=0): rw=randwrite, bs=(R) 32.0KiB-32.0KiB, (W) 32.0KiB-32.0KiB, (T) 32.0KiB-32.0KiB, ioengine=libaio, iodepth=128
fio-3.28
Starting 1 process
jobs1: Laying out IO file (1 file / 30720MiB)

jobs1: (groupid=0, jobs=1): err= 0: pid=164064: Tue Jul 25 18:42:40 2023
  write: IOPS=140k, BW=4365MiB/s (4577MB/s)(30.0GiB/7038msec); 0 zone resets
    slat (nsec): min=4744, max=53657, avg=6580.98, stdev=1758.11
    clat (nsec): min=1110, max=2366.0k, avg=909299.78, stdev=230001.28
     lat (usec): min=6, max=2383, avg=915.94, stdev=231.71
    clat percentiles (usec):
     |  1.00th=[  807],  5.00th=[  807], 10.00th=[  816], 20.00th=[  816],
     | 30.00th=[  816], 40.00th=[  816], 50.00th=[  824], 60.00th=[  824],
     | 70.00th=[  824], 80.00th=[  824], 90.00th=[ 1516], 95.00th=[ 1516],
     | 99.00th=[ 1532], 99.50th=[ 1532], 99.90th=[ 1549], 99.95th=[ 1795],
     | 99.99th=[ 2278]
   bw (  MiB/s): min= 2622, max= 4865, per=99.94%, avg=4362.38, stdev=930.04, samples=14
   iops        : min=83912, max=155700, avg=139596.00, stdev=29761.33, samples=14
  lat (usec)   : 2=0.01%, 10=0.01%, 20=0.01%, 50=0.01%, 100=0.01%
  lat (usec)   : 250=0.01%, 500=0.01%, 750=0.01%, 1000=86.52%
  lat (msec)   : 2=13.45%, 4=0.02%
  cpu          : usr=13.12%, sys=86.86%, ctx=17, majf=0, minf=12
  IO depths    : 1=0.1%, 2=0.1%, 4=0.1%, 8=0.1%, 16=0.1%, 32=0.1%, >=64=100.0%
     submit    : 0=0.0%, 4=100.0%, 8=0.0%, 16=0.0%, 32=0.0%, 64=0.0%, >=64=0.0%
     complete  : 0=0.0%, 4=100.0%, 8=0.0%, 16=0.0%, 32=0.0%, 64=0.0%, >=64=0.1%
     issued rwts: total=0,983040,0,0 short=0,0,0,0 dropped=0,0,0,0
     latency   : target=0, window=0, percentile=100.00%, depth=128

Run status group 0 (all jobs):
  WRITE: bw=4365MiB/s (4577MB/s), 4365MiB/s-4365MiB/s (4577MB/s-4577MB/s), io=30.0GiB (32.2GB), run=7038-7038msec
