jobs1: (g=0): rw=randwrite, bs=(R) 4096B-4096B, (W) 4096B-4096B, (T) 4096B-4096B, ioengine=libaio, iodepth=128
...
fio-3.28
Starting 16 processes
jobs1: Laying out IO files (1024 files / total 30720MiB)
fio: pid=1159126, err=24/file:filesetup.c:805, func=open(/home/sevag/ramdisk//f1018), error=Too many open files

jobs1: (groupid=0, jobs=16): err=24 (file:filesetup.c:805, func=open(/home/sevag/ramdisk//f1018), error=Too many open files): pid=1159126: Wed Jul 26 08:51:52 2023
  write: IOPS=56.6k, BW=221MiB/s (232MB/s)(4076KiB/18msec); 0 zone resets
    slat (nsec): min=4870, max=33756, avg=6801.72, stdev=1736.48
    clat (usec): min=71, max=2420, avg=2005.12, stdev=408.95
     lat (usec): min=79, max=2429, avg=2012.15, stdev=409.45
    clat percentiles (usec):
     |  1.00th=[  322],  5.00th=[  947], 10.00th=[ 1778], 20.00th=[ 1926],
     | 30.00th=[ 1975], 40.00th=[ 2024], 50.00th=[ 2057], 60.00th=[ 2114],
     | 70.00th=[ 2212], 80.00th=[ 2311], 90.00th=[ 2343], 95.00th=[ 2376],
     | 99.00th=[ 2409], 99.50th=[ 2409], 99.90th=[ 2409], 99.95th=[ 2409],
     | 99.99th=[ 2409]
  lat (usec)   : 100=0.10%, 250=0.39%, 500=1.77%, 750=1.57%, 1000=1.47%
  lat (msec)   : 2=28.46%, 4=66.24%
  cpu          : usr=70.59%, sys=41.18%, ctx=0, majf=0, minf=43
  IO depths    : 1=0.1%, 2=0.2%, 4=0.4%, 8=0.8%, 16=1.6%, 32=3.1%, >=64=93.8%
     submit    : 0=0.0%, 4=100.0%, 8=0.0%, 16=0.0%, 32=0.0%, 64=0.0%, >=64=0.0%
     complete  : 0=0.0%, 4=99.9%, 8=0.0%, 16=0.0%, 32=0.0%, 64=0.0%, >=64=0.1%
     issued rwts: total=0,1019,0,0 short=0,0,0,0 dropped=0,0,0,0
     latency   : target=0, window=0, percentile=100.00%, depth=128

Run status group 0 (all jobs):
  WRITE: bw=221MiB/s (232MB/s), 221MiB/s-221MiB/s (232MB/s-232MB/s), io=4076KiB (4174kB), run=18-18msec
