jobs1: (g=0): rw=randwrite, bs=(R) 512KiB-512KiB, (W) 512KiB-512KiB, (T) 512KiB-512KiB, ioengine=libaio, iodepth=128
...
fio-3.28
Starting 16 processes
jobs1: Laying out IO file (1 file / 30720MiB)

jobs1: (groupid=0, jobs=16): err= 0: pid=192707: Tue Jul 25 20:15:09 2023
  write: IOPS=8378, BW=4189MiB/s (4393MB/s)(30.0GiB/7333msec); 0 zone resets
    slat (usec): min=98, max=199, avg=118.32, stdev=16.10
    clat (usec): min=2, max=22279, avg=15134.20, stdev=1987.44
     lat (usec): min=120, max=22456, avg=15252.64, stdev=2002.43
    clat percentiles (usec):
     |  1.00th=[14091],  5.00th=[14222], 10.00th=[14222], 20.00th=[14222],
     | 30.00th=[14222], 40.00th=[14222], 50.00th=[14222], 60.00th=[14353],
     | 70.00th=[14353], 80.00th=[14353], 90.00th=[19268], 95.00th=[19792],
     | 99.00th=[20055], 99.50th=[20579], 99.90th=[21890], 99.95th=[21890],
     | 99.99th=[22152]
   bw (  MiB/s): min= 3100, max= 4458, per=100.00%, avg=4210.18, stdev=488.24, samples=14
   iops        : min= 6201, max= 8916, avg=8420.21, stdev=976.50, samples=14
  lat (usec)   : 4=0.01%, 250=0.01%, 500=0.01%, 750=0.01%, 1000=0.01%
  lat (msec)   : 2=0.01%, 4=0.03%, 10=0.09%, 20=98.84%, 50=1.02%
  cpu          : usr=13.53%, sys=86.46%, ctx=5, majf=0, minf=45
  IO depths    : 1=0.1%, 2=0.1%, 4=0.1%, 8=0.1%, 16=0.1%, 32=0.1%, >=64=99.9%
     submit    : 0=0.0%, 4=100.0%, 8=0.0%, 16=0.0%, 32=0.0%, 64=0.0%, >=64=0.0%
     complete  : 0=0.0%, 4=100.0%, 8=0.0%, 16=0.0%, 32=0.0%, 64=0.0%, >=64=0.1%
     issued rwts: total=0,61440,0,0 short=0,0,0,0 dropped=0,0,0,0
     latency   : target=0, window=0, percentile=100.00%, depth=128

Run status group 0 (all jobs):
  WRITE: bw=4189MiB/s (4393MB/s), 4189MiB/s-4189MiB/s (4393MB/s-4393MB/s), io=30.0GiB (32.2GB), run=7333-7333msec
