jobs1: (g=0): rw=randread, bs=(R) 128KiB-128KiB, (W) 128KiB-128KiB, (T) 128KiB-128KiB, ioengine=libaio, iodepth=128
...
fio-3.28
Starting 32 processes
jobs1: Laying out IO file (1 file / 30720MiB)

jobs1: (groupid=0, jobs=32): err= 0: pid=186297: Tue Jul 25 19:55:38 2023
  read: IOPS=6720, BW=840MiB/s (881MB/s)(30.0GiB/36571msec)
    slat (usec): min=122, max=1277, avg=146.21, stdev=12.52
    clat (usec): min=3, max=38024, avg=18888.86, stdev=1432.84
     lat (usec): min=131, max=38448, avg=19035.43, stdev=1443.49
    clat percentiles (usec):
     |  1.00th=[17695],  5.00th=[17695], 10.00th=[17695], 20.00th=[17695],
     | 30.00th=[17957], 40.00th=[18220], 50.00th=[18220], 60.00th=[18482],
     | 70.00th=[18744], 80.00th=[20579], 90.00th=[21365], 95.00th=[21627],
     | 99.00th=[21890], 99.50th=[22152], 99.90th=[24249], 99.95th=[25560],
     | 99.99th=[33817]
   bw (  KiB/s): min=718576, max=921856, per=99.98%, avg=860039.90, stdev=59942.43, samples=73
   iops        : min= 5613, max= 7202, avg=6719.03, stdev=468.34, samples=73
  lat (usec)   : 4=0.01%, 250=0.01%, 500=0.01%, 750=0.01%, 1000=0.01%
  lat (msec)   : 2=0.01%, 4=0.01%, 10=0.02%, 20=76.25%, 50=23.72%
  cpu          : usr=2.04%, sys=58.45%, ctx=245805, majf=0, minf=4165
  IO depths    : 1=0.1%, 2=0.1%, 4=0.1%, 8=0.1%, 16=0.1%, 32=0.1%, >=64=100.0%
     submit    : 0=0.0%, 4=100.0%, 8=0.0%, 16=0.0%, 32=0.0%, 64=0.0%, >=64=0.0%
     complete  : 0=0.0%, 4=100.0%, 8=0.0%, 16=0.0%, 32=0.0%, 64=0.0%, >=64=0.1%
     issued rwts: total=245760,0,0,0 short=0,0,0,0 dropped=0,0,0,0
     latency   : target=0, window=0, percentile=100.00%, depth=128

Run status group 0 (all jobs):
   READ: bw=840MiB/s (881MB/s), 840MiB/s-840MiB/s (881MB/s-881MB/s), io=30.0GiB (32.2GB), run=36571-36571msec
