jobs1: (g=0): rw=randwrite, bs=(R) 4096B-4096B, (W) 4096B-4096B, (T) 4096B-4096B, ioengine=libaio, iodepth=128
...
fio-3.28
Starting 16 processes
jobs1: Laying out IO files (128 files / total 30720MiB)

jobs1: (groupid=0, jobs=16): err= 0: pid=605866: Wed Jul 26 00:53:17 2023
  write: IOPS=48.7k, BW=190MiB/s (200MB/s)(22.3GiB/120001msec); 0 zone resets
    slat (usec): min=2, max=116201, avg=18.12, stdev=407.73
    clat (usec): min=4, max=168975, avg=2606.11, stdev=4354.39
     lat (usec): min=11, max=168985, avg=2624.47, stdev=4370.02
    clat percentiles (usec):
     |  1.00th=[  635],  5.00th=[  938], 10.00th=[ 1090], 20.00th=[ 1172],
     | 30.00th=[ 1188], 40.00th=[ 1188], 50.00th=[ 1188], 60.00th=[ 1205],
     | 70.00th=[ 1205], 80.00th=[ 1221], 90.00th=[10159], 95.00th=[15401],
     | 99.00th=[17695], 99.50th=[17695], 99.90th=[21627], 99.95th=[23725],
     | 99.99th=[24511]
   bw (  KiB/s): min=118560, max=308669, per=99.91%, avg=194660.20, stdev=21146.81, samples=239
   iops        : min=29640, max=77167, avg=48665.02, stdev=5286.64, samples=239
  lat (usec)   : 10=0.01%, 20=0.01%, 50=0.01%, 100=0.01%, 250=0.01%
  lat (usec)   : 500=0.01%, 750=1.81%, 1000=4.92%
  lat (msec)   : 2=83.08%, 10=0.17%, 20=9.75%, 50=0.27%, 100=0.01%
  lat (msec)   : 250=0.01%
  cpu          : usr=11.92%, sys=32.87%, ctx=4910, majf=0, minf=41
  IO depths    : 1=0.1%, 2=0.1%, 4=0.1%, 8=0.1%, 16=0.1%, 32=0.1%, >=64=100.0%
     submit    : 0=0.0%, 4=100.0%, 8=0.0%, 16=0.0%, 32=0.0%, 64=0.0%, >=64=0.0%
     complete  : 0=0.0%, 4=100.0%, 8=0.0%, 16=0.0%, 32=0.0%, 64=0.0%, >=64=0.1%
     issued rwts: total=0,5845162,0,0 short=0,0,0,0 dropped=0,0,0,0
     latency   : target=0, window=0, percentile=100.00%, depth=128

Run status group 0 (all jobs):
  WRITE: bw=190MiB/s (200MB/s), 190MiB/s-190MiB/s (200MB/s-200MB/s), io=22.3GiB (23.9GB), run=120001-120001msec
