jobs1: (g=0): rw=randread, bs=(R) 128KiB-128KiB, (W) 128KiB-128KiB, (T) 128KiB-128KiB, ioengine=libaio, iodepth=128
...
fio-3.28
Starting 32 processes
jobs1: Laying out IO files (512 files / total 30720MiB)

jobs1: (groupid=0, jobs=32): err= 0: pid=1141063: Wed Jul 26 07:39:24 2023
  read: IOPS=7359, BW=920MiB/s (965MB/s)(30.0GiB/33395msec)
    slat (usec): min=114, max=636, avg=133.33, stdev=27.85
    clat (usec): min=3, max=60752, avg=17245.18, stdev=3259.27
     lat (usec): min=130, max=60941, avg=17378.83, stdev=3283.24
    clat percentiles (usec):
     |  1.00th=[16188],  5.00th=[16319], 10.00th=[16319], 20.00th=[16319],
     | 30.00th=[16319], 40.00th=[16319], 50.00th=[16319], 60.00th=[16319],
     | 70.00th=[16319], 80.00th=[16450], 90.00th=[16909], 95.00th=[27395],
     | 99.00th=[29754], 99.50th=[31851], 99.90th=[38536], 99.95th=[45351],
     | 99.99th=[60031]
   bw (  KiB/s): min=445793, max=999424, per=100.00%, avg=942006.48, stdev=139278.49, samples=66
   iops        : min= 3482, max= 7808, avg=7359.35, stdev=1088.13, samples=66
  lat (usec)   : 4=0.01%, 250=0.01%, 500=0.01%, 750=0.01%, 1000=0.01%
  lat (msec)   : 2=0.01%, 4=0.01%, 10=0.02%, 20=92.76%, 50=7.17%
  lat (msec)   : 100=0.04%
  cpu          : usr=2.02%, sys=57.81%, ctx=246308, majf=0, minf=4158
  IO depths    : 1=0.1%, 2=0.1%, 4=0.1%, 8=0.1%, 16=0.1%, 32=0.1%, >=64=100.0%
     submit    : 0=0.0%, 4=100.0%, 8=0.0%, 16=0.0%, 32=0.0%, 64=0.0%, >=64=0.0%
     complete  : 0=0.0%, 4=100.0%, 8=0.0%, 16=0.0%, 32=0.0%, 64=0.0%, >=64=0.1%
     issued rwts: total=245760,0,0,0 short=0,0,0,0 dropped=0,0,0,0
     latency   : target=0, window=0, percentile=100.00%, depth=128

Run status group 0 (all jobs):
   READ: bw=920MiB/s (965MB/s), 920MiB/s-920MiB/s (965MB/s-965MB/s), io=30.0GiB (32.2GB), run=33395-33395msec
