jobs1: (g=0): rw=randread, bs=(R) 4096B-4096B, (W) 4096B-4096B, (T) 4096B-4096B, ioengine=libaio, iodepth=128
...
fio-3.28
Starting 16 processes
jobs1: Laying out IO file (1 file / 30720MiB)

jobs1: (groupid=0, jobs=16): err= 0: pid=159078: Tue Jul 25 18:31:52 2023
  read: IOPS=501k, BW=1956MiB/s (2051MB/s)(30.0GiB/15709msec)
    slat (nsec): min=776, max=39815, avg=1502.37, stdev=509.27
    clat (nsec): min=1330, max=1168.6k, avg=253890.28, stdev=41523.10
     lat (usec): min=3, max=1192, avg=255.43, stdev=41.79
    clat percentiles (usec):
     |  1.00th=[  231],  5.00th=[  241], 10.00th=[  241], 20.00th=[  243],
     | 30.00th=[  243], 40.00th=[  243], 50.00th=[  245], 60.00th=[  245],
     | 70.00th=[  245], 80.00th=[  247], 90.00th=[  249], 95.00th=[  412],
     | 99.00th=[  424], 99.50th=[  429], 99.90th=[  433], 99.95th=[  469],
     | 99.99th=[  799]
   bw (  MiB/s): min= 1178, max= 2083, per=99.95%, avg=1954.68, stdev=250.16, samples=31
   iops        : min=301673, max=533410, avg=500397.16, stdev=64039.83, samples=31
  lat (usec)   : 2=0.01%, 10=0.01%, 20=0.01%, 50=0.01%, 100=0.01%
  lat (usec)   : 250=92.99%, 500=6.96%, 750=0.03%, 1000=0.02%
  lat (msec)   : 2=0.01%
  cpu          : usr=21.72%, sys=78.28%, ctx=42, majf=0, minf=166
  IO depths    : 1=0.1%, 2=0.1%, 4=0.1%, 8=0.1%, 16=0.1%, 32=0.1%, >=64=100.0%
     submit    : 0=0.0%, 4=100.0%, 8=0.0%, 16=0.0%, 32=0.0%, 64=0.0%, >=64=0.0%
     complete  : 0=0.0%, 4=100.0%, 8=0.0%, 16=0.0%, 32=0.0%, 64=0.0%, >=64=0.1%
     issued rwts: total=7864320,0,0,0 short=0,0,0,0 dropped=0,0,0,0
     latency   : target=0, window=0, percentile=100.00%, depth=128

Run status group 0 (all jobs):
   READ: bw=1956MiB/s (2051MB/s), 1956MiB/s-1956MiB/s (2051MB/s-2051MB/s), io=30.0GiB (32.2GB), run=15709-15709msec
