jobs1: (g=0): rw=randread, bs=(R) 128KiB-128KiB, (W) 128KiB-128KiB, (T) 128KiB-128KiB, ioengine=libaio, iodepth=128
...
fio-3.28
Starting 16 processes
jobs1: Laying out IO file (1 file / 30720MiB)

jobs1: (groupid=0, jobs=16): err= 0: pid=186408: Tue Jul 25 19:57:47 2023
  read: IOPS=2484, BW=311MiB/s (326MB/s)(30.0GiB/98934msec)
    slat (usec): min=233, max=833, avg=393.57, stdev=47.00
    clat (usec): min=4, max=59272, avg=51113.23, stdev=3635.83
     lat (usec): min=368, max=59838, avg=51507.81, stdev=3658.14
    clat percentiles (usec):
     |  1.00th=[32113],  5.00th=[46400], 10.00th=[46924], 20.00th=[49021],
     | 30.00th=[49546], 40.00th=[50594], 50.00th=[51119], 60.00th=[52167],
     | 70.00th=[53216], 80.00th=[54264], 90.00th=[54789], 95.00th=[55313],
     | 99.00th=[56361], 99.50th=[56361], 99.90th=[56361], 99.95th=[56361],
     | 99.99th=[56886]
   bw (  KiB/s): min=285756, max=507648, per=99.99%, avg=317937.60, stdev=19413.05, samples=197
   iops        : min= 2232, max= 3966, avg=2483.81, stdev=151.69, samples=197
  lat (usec)   : 10=0.01%, 500=0.01%, 750=0.01%
  lat (msec)   : 2=0.01%, 4=0.01%, 10=0.01%, 20=0.01%, 50=32.38%
  lat (msec)   : 100=67.59%
  cpu          : usr=1.26%, sys=35.15%, ctx=245863, majf=0, minf=4137
  IO depths    : 1=0.1%, 2=0.1%, 4=0.1%, 8=0.1%, 16=0.1%, 32=0.1%, >=64=100.0%
     submit    : 0=0.0%, 4=100.0%, 8=0.0%, 16=0.0%, 32=0.0%, 64=0.0%, >=64=0.0%
     complete  : 0=0.0%, 4=100.0%, 8=0.0%, 16=0.0%, 32=0.0%, 64=0.0%, >=64=0.1%
     issued rwts: total=245760,0,0,0 short=0,0,0,0 dropped=0,0,0,0
     latency   : target=0, window=0, percentile=100.00%, depth=128

Run status group 0 (all jobs):
   READ: bw=311MiB/s (326MB/s), 311MiB/s-311MiB/s (326MB/s-326MB/s), io=30.0GiB (32.2GB), run=98934-98934msec
