jobs1: (g=0): rw=randwrite, bs=(R) 512KiB-512KiB, (W) 512KiB-512KiB, (T) 512KiB-512KiB, ioengine=libaio, iodepth=128
...
fio-3.28
Starting 32 processes
jobs1: Laying out IO files (512 files / total 30720MiB)

jobs1: (groupid=0, jobs=32): err= 0: pid=1147665: Wed Jul 26 08:05:22 2023
  write: IOPS=1563, BW=782MiB/s (820MB/s)(30.0GiB/39299msec); 0 zone resets
    slat (usec): min=228, max=612649, avg=636.22, stdev=3251.16
    clat (usec): min=3, max=287871, avg=79418.04, stdev=6718.25
     lat (usec): min=359, max=900523, avg=80054.57, stdev=7535.81
    clat percentiles (usec):
     |  1.00th=[65799],  5.00th=[71828], 10.00th=[72877], 20.00th=[73925],
     | 30.00th=[76022], 40.00th=[76022], 50.00th=[78119], 60.00th=[79168],
     | 70.00th=[84411], 80.00th=[86508], 90.00th=[88605], 95.00th=[89654],
     | 99.00th=[91751], 99.50th=[92799], 99.90th=[93848], 99.95th=[94897],
     | 99.99th=[96994]
   bw (  KiB/s): min=242688, max=836608, per=100.00%, avg=809577.08, stdev=65967.47, samples=77
   iops        : min=  474, max= 1634, avg=1581.18, stdev=128.84, samples=77
  lat (usec)   : 4=0.01%, 500=0.01%, 750=0.01%
  lat (msec)   : 2=0.01%, 4=0.01%, 10=0.02%, 20=0.01%, 50=0.34%
  lat (msec)   : 100=99.61%, 500=0.01%
  cpu          : usr=3.99%, sys=53.68%, ctx=3092, majf=0, minf=72
  IO depths    : 1=0.1%, 2=0.1%, 4=0.1%, 8=0.1%, 16=0.1%, 32=0.1%, >=64=99.9%
     submit    : 0=0.0%, 4=100.0%, 8=0.0%, 16=0.0%, 32=0.0%, 64=0.0%, >=64=0.0%
     complete  : 0=0.0%, 4=100.0%, 8=0.0%, 16=0.0%, 32=0.0%, 64=0.0%, >=64=0.1%
     issued rwts: total=0,61440,0,0 short=0,0,0,0 dropped=0,0,0,0
     latency   : target=0, window=0, percentile=100.00%, depth=128

Run status group 0 (all jobs):
  WRITE: bw=782MiB/s (820MB/s), 782MiB/s-782MiB/s (820MB/s-820MB/s), io=30.0GiB (32.2GB), run=39299-39299msec
