jobs1: (g=0): rw=randread, bs=(R) 512KiB-512KiB, (W) 512KiB-512KiB, (T) 512KiB-512KiB, ioengine=libaio, iodepth=128
...
fio-3.28
Starting 16 processes
jobs1: Laying out IO files (64 files / total 30720MiB)

jobs1: (groupid=0, jobs=16): err= 0: pid=530089: Wed Jul 26 00:32:31 2023
  read: IOPS=11.5k, BW=5747MiB/s (6027MB/s)(30.0GiB/5345msec)
    slat (usec): min=76, max=628, avg=86.02, stdev=15.27
    clat (nsec): min=1890, max=48213k, avg=10988189.53, stdev=1109190.30
     lat (usec): min=83, max=48836, avg=11074.27, stdev=1122.93
    clat percentiles (usec):
     |  1.00th=[10552],  5.00th=[10552], 10.00th=[10552], 20.00th=[10552],
     | 30.00th=[10552], 40.00th=[10552], 50.00th=[10552], 60.00th=[10552],
     | 70.00th=[10683], 80.00th=[11994], 90.00th=[12125], 95.00th=[12125],
     | 99.00th=[12256], 99.50th=[12911], 99.90th=[25822], 99.95th=[34341],
     | 99.99th=[45351]
   bw (  MiB/s): min= 4717, max= 6000, per=99.58%, avg=5723.55, stdev=459.35, samples=10
   iops        : min= 9434, max=12000, avg=11446.90, stdev=918.87, samples=10
  lat (usec)   : 2=0.01%, 100=0.01%, 250=0.01%, 500=0.01%, 750=0.01%
  lat (usec)   : 1000=0.01%
  lat (msec)   : 2=0.02%, 4=0.04%, 10=0.12%, 20=99.65%, 50=0.15%
  cpu          : usr=1.10%, sys=98.84%, ctx=5, majf=0, minf=16424
  IO depths    : 1=0.1%, 2=0.1%, 4=0.1%, 8=0.1%, 16=0.1%, 32=0.1%, >=64=99.9%
     submit    : 0=0.0%, 4=100.0%, 8=0.0%, 16=0.0%, 32=0.0%, 64=0.0%, >=64=0.0%
     complete  : 0=0.0%, 4=100.0%, 8=0.0%, 16=0.0%, 32=0.0%, 64=0.0%, >=64=0.1%
     issued rwts: total=61440,0,0,0 short=0,0,0,0 dropped=0,0,0,0
     latency   : target=0, window=0, percentile=100.00%, depth=128

Run status group 0 (all jobs):
   READ: bw=5747MiB/s (6027MB/s), 5747MiB/s-5747MiB/s (6027MB/s-6027MB/s), io=30.0GiB (32.2GB), run=5345-5345msec
