jobs1: (g=0): rw=randread, bs=(R) 512KiB-512KiB, (W) 512KiB-512KiB, (T) 512KiB-512KiB, ioengine=libaio, iodepth=128
fio-3.28
Starting 1 process
jobs1: Laying out IO files (1024 files / total 30720MiB)
fio: pid=1199988, err=24/file:filesetup.c:805, func=open(/home/sevag/fuse_boc//f1018), error=Too many open files

jobs1: (groupid=0, jobs=1): err=24 (file:filesetup.c:805, func=open(/home/sevag/fuse_boc//f1018), error=Too many open files): pid=1199988: Wed Jul 26 10:58:33 2023
  read: IOPS=817, BW=409MiB/s (429MB/s)(510MiB/1246msec)
    slat (usec): min=718, max=2069, avg=1062.68, stdev=293.65
    clat (usec): min=101, max=227439, avg=140488.12, stdev=32761.93
     lat (usec): min=1305, max=229299, avg=141551.93, stdev=32859.50
    clat percentiles (msec):
     |  1.00th=[   16],  5.00th=[   64], 10.00th=[  125], 20.00th=[  138],
     | 30.00th=[  140], 40.00th=[  142], 50.00th=[  144], 60.00th=[  144],
     | 70.00th=[  146], 80.00th=[  150], 90.00th=[  167], 95.00th=[  194],
     | 99.00th=[  220], 99.50th=[  224], 99.90th=[  228], 99.95th=[  228],
     | 99.99th=[  228]
   bw (  KiB/s): min=237568, max=462848, per=83.64%, avg=350208.00, stdev=159297.02, samples=2
   iops        : min=  464, max=  904, avg=684.00, stdev=311.13, samples=2
  lat (usec)   : 250=0.10%
  lat (msec)   : 2=0.10%, 4=0.10%, 10=0.39%, 20=0.69%, 50=2.45%
  lat (msec)   : 100=4.12%, 250=92.05%
  cpu          : usr=2.09%, sys=45.94%, ctx=5103, majf=0, minf=16402
  IO depths    : 1=0.1%, 2=0.2%, 4=0.4%, 8=0.8%, 16=1.6%, 32=3.1%, >=64=93.8%
     submit    : 0=0.0%, 4=100.0%, 8=0.0%, 16=0.0%, 32=0.0%, 64=0.0%, >=64=0.0%
     complete  : 0=0.0%, 4=99.9%, 8=0.0%, 16=0.0%, 32=0.0%, 64=0.0%, >=64=0.1%
     issued rwts: total=1019,0,0,0 short=0,0,0,0 dropped=0,0,0,0
     latency   : target=0, window=0, percentile=100.00%, depth=128

Run status group 0 (all jobs):
   READ: bw=409MiB/s (429MB/s), 409MiB/s-409MiB/s (429MB/s-429MB/s), io=510MiB (534MB), run=1246-1246msec
