jobs1: (g=0): rw=randread, bs=(R) 512KiB-512KiB, (W) 512KiB-512KiB, (T) 512KiB-512KiB, ioengine=libaio, iodepth=128
...
fio-3.28
Starting 16 processes
jobs1: Laying out IO files (64 files / total 30720MiB)

jobs1: (groupid=0, jobs=16): err= 0: pid=528637: Wed Jul 26 00:28:45 2023
  read: IOPS=643, BW=322MiB/s (337MB/s)(30.0GiB/95500msec)
    slat (usec): min=1203, max=2581, avg=1541.57, stdev=111.51
    clat (usec): min=13, max=288073, avg=197090.38, stdev=7006.66
     lat (usec): min=1502, max=290657, avg=198633.31, stdev=7027.89
    clat percentiles (msec):
     |  1.00th=[  190],  5.00th=[  192], 10.00th=[  192], 20.00th=[  194],
     | 30.00th=[  194], 40.00th=[  197], 50.00th=[  197], 60.00th=[  199],
     | 70.00th=[  199], 80.00th=[  201], 90.00th=[  205], 95.00th=[  205],
     | 99.00th=[  211], 99.50th=[  211], 99.90th=[  226], 99.95th=[  268],
     | 99.99th=[  284]
   bw (  KiB/s): min=197485, max=343040, per=99.90%, avg=329066.22, stdev=11314.56, samples=190
   iops        : min=  385, max=  670, avg=642.66, stdev=22.14, samples=190
  lat (usec)   : 20=0.01%
  lat (msec)   : 2=0.01%, 4=0.01%, 10=0.01%, 20=0.01%, 50=0.03%
  lat (msec)   : 100=0.05%, 250=99.81%, 500=0.08%
  cpu          : usr=0.50%, sys=33.68%, ctx=245902, majf=0, minf=16427
  IO depths    : 1=0.1%, 2=0.1%, 4=0.1%, 8=0.1%, 16=0.1%, 32=0.1%, >=64=99.9%
     submit    : 0=0.0%, 4=100.0%, 8=0.0%, 16=0.0%, 32=0.0%, 64=0.0%, >=64=0.0%
     complete  : 0=0.0%, 4=100.0%, 8=0.0%, 16=0.0%, 32=0.0%, 64=0.0%, >=64=0.1%
     issued rwts: total=61440,0,0,0 short=0,0,0,0 dropped=0,0,0,0
     latency   : target=0, window=0, percentile=100.00%, depth=128

Run status group 0 (all jobs):
   READ: bw=322MiB/s (337MB/s), 322MiB/s-322MiB/s (337MB/s-337MB/s), io=30.0GiB (32.2GB), run=95500-95500msec
