jobs1: (g=0): rw=randread, bs=(R) 4096B-4096B, (W) 4096B-4096B, (T) 4096B-4096B, ioengine=libaio, iodepth=128
...
fio-3.28
Starting 32 processes
jobs1: Laying out IO files (64 files / total 30720MiB)

jobs1: (groupid=0, jobs=32): err= 0: pid=466224: Tue Jul 25 22:02:06 2023
  read: IOPS=505k, BW=1971MiB/s (2066MB/s)(30.0GiB/15588msec)
    slat (nsec): min=824, max=33209, avg=1491.44, stdev=511.47
    clat (nsec): min=1145, max=1699.4k, avg=251929.55, stdev=42290.70
     lat (usec): min=3, max=1733, avg=253.46, stdev=42.56
    clat percentiles (usec):
     |  1.00th=[  229],  5.00th=[  237], 10.00th=[  239], 20.00th=[  241],
     | 30.00th=[  241], 40.00th=[  241], 50.00th=[  241], 60.00th=[  243],
     | 70.00th=[  243], 80.00th=[  245], 90.00th=[  245], 95.00th=[  412],
     | 99.00th=[  420], 99.50th=[  420], 99.90th=[  429], 99.95th=[  594],
     | 99.99th=[  791]
   bw (  MiB/s): min= 1193, max= 2077, per=100.00%, avg=1977.24, stdev=241.50, samples=30
   iops        : min=305518, max=531768, avg=506174.67, stdev=61823.97, samples=30
  lat (usec)   : 2=0.01%, 10=0.01%, 20=0.01%, 50=0.01%, 100=0.01%
  lat (usec)   : 250=93.15%, 500=6.80%, 750=0.03%, 1000=0.02%
  lat (msec)   : 2=0.01%
  cpu          : usr=22.65%, sys=77.33%, ctx=34, majf=0, minf=193
  IO depths    : 1=0.1%, 2=0.1%, 4=0.1%, 8=0.1%, 16=0.1%, 32=0.1%, >=64=100.0%
     submit    : 0=0.0%, 4=100.0%, 8=0.0%, 16=0.0%, 32=0.0%, 64=0.0%, >=64=0.0%
     complete  : 0=0.0%, 4=100.0%, 8=0.0%, 16=0.0%, 32=0.0%, 64=0.0%, >=64=0.1%
     issued rwts: total=7864320,0,0,0 short=0,0,0,0 dropped=0,0,0,0
     latency   : target=0, window=0, percentile=100.00%, depth=128

Run status group 0 (all jobs):
   READ: bw=1971MiB/s (2066MB/s), 1971MiB/s-1971MiB/s (2066MB/s-2066MB/s), io=30.0GiB (32.2GB), run=15588-15588msec
