jobs1: (g=0): rw=randread, bs=(R) 32.0KiB-32.0KiB, (W) 32.0KiB-32.0KiB, (T) 32.0KiB-32.0KiB, ioengine=libaio, iodepth=128
fio-3.28
Starting 1 process
jobs1: Laying out IO file (1 file / 30720MiB)

jobs1: (groupid=0, jobs=1): err= 0: pid=171502: Tue Jul 25 19:00:47 2023
  read: IOPS=15.6k, BW=488MiB/s (512MB/s)(30.0GiB/62967msec)
    slat (usec): min=48, max=301, avg=61.23, stdev= 3.34
    clat (usec): min=4, max=15322, avg=8134.88, stdev=267.80
     lat (usec): min=58, max=15625, avg=8196.51, stdev=269.30
    clat percentiles (usec):
     |  1.00th=[ 7701],  5.00th=[ 7767], 10.00th=[ 7767], 20.00th=[ 7832],
     | 30.00th=[ 7963], 40.00th=[ 8094], 50.00th=[ 8160], 60.00th=[ 8291],
     | 70.00th=[ 8356], 80.00th=[ 8356], 90.00th=[ 8356], 95.00th=[ 8455],
     | 99.00th=[ 8717], 99.50th=[ 8717], 99.90th=[ 9503], 99.95th=[ 9765],
     | 99.99th=[11600]
   bw (  KiB/s): min=437312, max=511296, per=99.97%, avg=499433.47, stdev=7941.93, samples=125
   iops        : min=13666, max=15978, avg=15607.30, stdev=248.19, samples=125
  lat (usec)   : 10=0.01%, 100=0.01%, 250=0.01%, 500=0.01%, 750=0.01%
  lat (usec)   : 1000=0.01%
  lat (msec)   : 2=0.01%, 4=0.01%, 10=99.97%, 20=0.02%
  cpu          : usr=5.09%, sys=48.25%, ctx=983082, majf=0, minf=1037
  IO depths    : 1=0.1%, 2=0.1%, 4=0.1%, 8=0.1%, 16=0.1%, 32=0.1%, >=64=100.0%
     submit    : 0=0.0%, 4=100.0%, 8=0.0%, 16=0.0%, 32=0.0%, 64=0.0%, >=64=0.0%
     complete  : 0=0.0%, 4=100.0%, 8=0.0%, 16=0.0%, 32=0.0%, 64=0.0%, >=64=0.1%
     issued rwts: total=983040,0,0,0 short=0,0,0,0 dropped=0,0,0,0
     latency   : target=0, window=0, percentile=100.00%, depth=128

Run status group 0 (all jobs):
   READ: bw=488MiB/s (512MB/s), 488MiB/s-488MiB/s (512MB/s-512MB/s), io=30.0GiB (32.2GB), run=62967-62967msec
