jobs1: (g=0): rw=randwrite, bs=(R) 128KiB-128KiB, (W) 128KiB-128KiB, (T) 128KiB-128KiB, ioengine=libaio, iodepth=128
fio-3.28
Starting 1 process
jobs1: Laying out IO files (64 files / total 30720MiB)

jobs1: (groupid=0, jobs=1): err= 0: pid=495631: Tue Jul 25 23:05:55 2023
  write: IOPS=39.8k, BW=4975MiB/s (5217MB/s)(30.0GiB/6175msec); 0 zone resets
    slat (nsec): min=19525, max=57530, avg=24433.27, stdev=4313.10
    clat (nsec): min=1930, max=6092.6k, avg=3189375.57, stdev=550400.06
     lat (usec): min=22, max=6146, avg=3213.87, stdev=554.59
    clat percentiles (usec):
     |  1.00th=[ 2900],  5.00th=[ 2900], 10.00th=[ 2900], 20.00th=[ 2900],
     | 30.00th=[ 2900], 40.00th=[ 2900], 50.00th=[ 2900], 60.00th=[ 2933],
     | 70.00th=[ 2933], 80.00th=[ 4047], 90.00th=[ 4293], 95.00th=[ 4293],
     | 99.00th=[ 4293], 99.50th=[ 4293], 99.90th=[ 4490], 99.95th=[ 4555],
     | 99.99th=[ 5735]
   bw (  MiB/s): min= 3685, max= 5458, per=99.72%, avg=4960.77, stdev=783.42, samples=12
   iops        : min=29486, max=43666, avg=39686.17, stdev=6267.35, samples=12
  lat (usec)   : 2=0.01%, 50=0.01%, 100=0.01%, 250=0.01%, 500=0.01%
  lat (usec)   : 750=0.01%, 1000=0.01%
  lat (msec)   : 2=0.02%, 4=79.90%, 10=20.07%
  cpu          : usr=11.42%, sys=88.60%, ctx=5, majf=0, minf=12
  IO depths    : 1=0.1%, 2=0.1%, 4=0.1%, 8=0.1%, 16=0.1%, 32=0.1%, >=64=100.0%
     submit    : 0=0.0%, 4=100.0%, 8=0.0%, 16=0.0%, 32=0.0%, 64=0.0%, >=64=0.0%
     complete  : 0=0.0%, 4=100.0%, 8=0.0%, 16=0.0%, 32=0.0%, 64=0.0%, >=64=0.1%
     issued rwts: total=0,245760,0,0 short=0,0,0,0 dropped=0,0,0,0
     latency   : target=0, window=0, percentile=100.00%, depth=128

Run status group 0 (all jobs):
  WRITE: bw=4975MiB/s (5217MB/s), 4975MiB/s-4975MiB/s (5217MB/s-5217MB/s), io=30.0GiB (32.2GB), run=6175-6175msec
