jobs1: (g=0): rw=randread, bs=(R) 512KiB-512KiB, (W) 512KiB-512KiB, (T) 512KiB-512KiB, ioengine=libaio, iodepth=128
...
fio-3.28
Starting 32 processes
jobs1: Laying out IO files (64 files / total 30720MiB)

jobs1: (groupid=0, jobs=32): err= 0: pid=530690: Wed Jul 26 00:34:02 2023
  read: IOPS=8938, BW=4469MiB/s (4686MB/s)(30.0GiB/6874msec)
    slat (usec): min=98, max=791, avg=110.85, stdev=20.17
    clat (nsec): min=1917, max=52562k, avg=14144149.95, stdev=1978607.60
     lat (usec): min=106, max=53355, avg=14255.12, stdev=1997.07
    clat percentiles (usec):
     |  1.00th=[13304],  5.00th=[13304], 10.00th=[13304], 20.00th=[13435],
     | 30.00th=[13435], 40.00th=[13435], 50.00th=[13435], 60.00th=[13435],
     | 70.00th=[13435], 80.00th=[13435], 90.00th=[18220], 95.00th=[18220],
     | 99.00th=[18220], 99.50th=[18744], 99.90th=[30802], 99.95th=[38536],
     | 99.99th=[49546]
   bw (  MiB/s): min= 3150, max= 4749, per=99.81%, avg=4460.70, stdev=558.63, samples=13
   iops        : min= 6300, max= 9498, avg=8921.23, stdev=1117.21, samples=13
  lat (usec)   : 2=0.01%, 250=0.01%, 500=0.01%, 750=0.01%, 1000=0.01%
  lat (msec)   : 2=0.01%, 4=0.03%, 10=0.09%, 20=99.64%, 50=0.19%
  lat (msec)   : 100=0.01%
  cpu          : usr=1.09%, sys=98.89%, ctx=13, majf=0, minf=16455
  IO depths    : 1=0.1%, 2=0.1%, 4=0.1%, 8=0.1%, 16=0.1%, 32=0.1%, >=64=99.9%
     submit    : 0=0.0%, 4=100.0%, 8=0.0%, 16=0.0%, 32=0.0%, 64=0.0%, >=64=0.0%
     complete  : 0=0.0%, 4=100.0%, 8=0.0%, 16=0.0%, 32=0.0%, 64=0.0%, >=64=0.1%
     issued rwts: total=61440,0,0,0 short=0,0,0,0 dropped=0,0,0,0
     latency   : target=0, window=0, percentile=100.00%, depth=128

Run status group 0 (all jobs):
   READ: bw=4469MiB/s (4686MB/s), 4469MiB/s-4469MiB/s (4686MB/s-4686MB/s), io=30.0GiB (32.2GB), run=6874-6874msec
