jobs1: (g=0): rw=randread, bs=(R) 32.0KiB-32.0KiB, (W) 32.0KiB-32.0KiB, (T) 32.0KiB-32.0KiB, ioengine=libaio, iodepth=128
fio-3.28
Starting 1 process
jobs1: Laying out IO files (64 files / total 30720MiB)

jobs1: (groupid=0, jobs=1): err= 0: pid=486563: Tue Jul 25 22:38:44 2023
  read: IOPS=4436, BW=139MiB/s (145MB/s)(16.2GiB/120001msec)
    slat (usec): min=76, max=434, avg=218.61, stdev=48.02
    clat (usec): min=5, max=63094, avg=28621.27, stdev=1748.20
     lat (usec): min=232, max=63439, avg=28840.65, stdev=1756.75
    clat percentiles (usec):
     |  1.00th=[24773],  5.00th=[26084], 10.00th=[26608], 20.00th=[27132],
     | 30.00th=[27657], 40.00th=[28181], 50.00th=[28443], 60.00th=[28967],
     | 70.00th=[29492], 80.00th=[30016], 90.00th=[30802], 95.00th=[31589],
     | 99.00th=[33162], 99.50th=[33424], 99.90th=[33817], 99.95th=[33817],
     | 99.99th=[34341]
   bw (  KiB/s): min=122304, max=154624, per=100.00%, avg=141977.71, stdev=4987.55, samples=239
   iops        : min= 3822, max= 4832, avg=4436.80, stdev=155.86, samples=239
  lat (usec)   : 10=0.01%, 250=0.01%, 500=0.01%, 750=0.01%, 1000=0.01%
  lat (msec)   : 2=0.01%, 4=0.01%, 10=0.01%, 20=0.01%, 50=99.97%
  lat (msec)   : 100=0.01%
  cpu          : usr=2.21%, sys=23.36%, ctx=532551, majf=0, minf=1036
  IO depths    : 1=0.1%, 2=0.1%, 4=0.1%, 8=0.1%, 16=0.1%, 32=0.1%, >=64=100.0%
     submit    : 0=0.0%, 4=100.0%, 8=0.0%, 16=0.0%, 32=0.0%, 64=0.0%, >=64=0.0%
     complete  : 0=0.0%, 4=100.0%, 8=0.0%, 16=0.0%, 32=0.0%, 64=0.0%, >=64=0.1%
     issued rwts: total=532355,0,0,0 short=0,0,0,0 dropped=0,0,0,0
     latency   : target=0, window=0, percentile=100.00%, depth=128

Run status group 0 (all jobs):
   READ: bw=139MiB/s (145MB/s), 139MiB/s-139MiB/s (145MB/s-145MB/s), io=16.2GiB (17.4GB), run=120001-120001msec
