jobs1: (g=0): rw=randwrite, bs=(R) 32.0KiB-32.0KiB, (W) 32.0KiB-32.0KiB, (T) 32.0KiB-32.0KiB, ioengine=libaio, iodepth=128
fio-3.28
Starting 1 process
jobs1: Laying out IO files (64 files / total 30720MiB)

jobs1: (groupid=0, jobs=1): err= 0: pid=471537: Tue Jul 25 22:11:09 2023
  write: IOPS=98.6k, BW=3080MiB/s (3229MB/s)(30.0GiB/9975msec); 0 zone resets
    slat (nsec): min=6643, max=46949, avg=9497.99, stdev=2734.29
    clat (nsec): min=1480, max=4210.2k, avg=1288561.15, stdev=349620.07
     lat (usec): min=9, max=4250, avg=1298.13, stdev=352.24
    clat percentiles (usec):
     |  1.00th=[ 1123],  5.00th=[ 1123], 10.00th=[ 1123], 20.00th=[ 1123],
     | 30.00th=[ 1123], 40.00th=[ 1123], 50.00th=[ 1123], 60.00th=[ 1139],
     | 70.00th=[ 1139], 80.00th=[ 1139], 90.00th=[ 2057], 95.00th=[ 2057],
     | 99.00th=[ 2073], 99.50th=[ 2073], 99.90th=[ 2089], 99.95th=[ 2769],
     | 99.99th=[ 3752]
   bw (  MiB/s): min= 1930, max= 3527, per=99.32%, avg=3058.80, stdev=716.85, samples=19
   iops        : min=61786, max=112878, avg=97881.47, stdev=22939.14, samples=19
  lat (usec)   : 2=0.01%, 20=0.01%, 50=0.01%, 100=0.01%, 250=0.01%
  lat (usec)   : 500=0.01%, 750=0.01%, 1000=0.01%
  lat (msec)   : 2=83.39%, 4=16.60%, 10=0.01%
  cpu          : usr=9.27%, sys=90.74%, ctx=15, majf=0, minf=12
  IO depths    : 1=0.1%, 2=0.1%, 4=0.1%, 8=0.1%, 16=0.1%, 32=0.1%, >=64=100.0%
     submit    : 0=0.0%, 4=100.0%, 8=0.0%, 16=0.0%, 32=0.0%, 64=0.0%, >=64=0.0%
     complete  : 0=0.0%, 4=100.0%, 8=0.0%, 16=0.0%, 32=0.0%, 64=0.0%, >=64=0.1%
     issued rwts: total=0,983040,0,0 short=0,0,0,0 dropped=0,0,0,0
     latency   : target=0, window=0, percentile=100.00%, depth=128

Run status group 0 (all jobs):
  WRITE: bw=3080MiB/s (3229MB/s), 3080MiB/s-3080MiB/s (3229MB/s-3229MB/s), io=30.0GiB (32.2GB), run=9975-9975msec
