jobs1: (g=0): rw=randread, bs=(R) 4096B-4096B, (W) 4096B-4096B, (T) 4096B-4096B, ioengine=libaio, iodepth=128
...
fio-3.28
Starting 16 processes
jobs1: Laying out IO files (64 files / total 30720MiB)

jobs1: (groupid=0, jobs=16): err= 0: pid=463382: Tue Jul 25 21:47:12 2023
  read: IOPS=73.4k, BW=287MiB/s (301MB/s)(30.0GiB/107094msec)
    slat (usec): min=8, max=216, avg=12.92, stdev= 2.20
    clat (nsec): min=1270, max=9347.7k, avg=1729650.49, stdev=286433.86
     lat (usec): min=11, max=9566, avg=1742.65, stdev=288.51
    clat percentiles (usec):
     |  1.00th=[ 1582],  5.00th=[ 1598], 10.00th=[ 1598], 20.00th=[ 1614],
     | 30.00th=[ 1631], 40.00th=[ 1647], 50.00th=[ 1647], 60.00th=[ 1663],
     | 70.00th=[ 1696], 80.00th=[ 1844], 90.00th=[ 1909], 95.00th=[ 1942],
     | 99.00th=[ 3851], 99.50th=[ 3916], 99.90th=[ 4113], 99.95th=[ 4293],
     | 99.99th=[ 4883]
   bw (  KiB/s): min=122115, max=317848, per=100.00%, avg=294078.83, stdev=32055.09, samples=213
   iops        : min=30528, max=79462, avg=73519.66, stdev=8013.80, samples=213
  lat (usec)   : 2=0.01%, 20=0.01%, 50=0.01%, 100=0.01%, 250=0.01%
  lat (usec)   : 500=0.01%, 750=0.01%, 1000=0.01%
  lat (msec)   : 2=96.05%, 4=3.68%, 10=0.27%
  cpu          : usr=5.69%, sys=33.09%, ctx=7864455, majf=0, minf=171
  IO depths    : 1=0.1%, 2=0.1%, 4=0.1%, 8=0.1%, 16=0.1%, 32=0.1%, >=64=100.0%
     submit    : 0=0.0%, 4=100.0%, 8=0.0%, 16=0.0%, 32=0.0%, 64=0.0%, >=64=0.0%
     complete  : 0=0.0%, 4=100.0%, 8=0.0%, 16=0.0%, 32=0.0%, 64=0.0%, >=64=0.1%
     issued rwts: total=7864320,0,0,0 short=0,0,0,0 dropped=0,0,0,0
     latency   : target=0, window=0, percentile=100.00%, depth=128

Run status group 0 (all jobs):
   READ: bw=287MiB/s (301MB/s), 287MiB/s-287MiB/s (301MB/s-301MB/s), io=30.0GiB (32.2GB), run=107094-107094msec
