jobs1: (g=0): rw=randread, bs=(R) 128KiB-128KiB, (W) 128KiB-128KiB, (T) 128KiB-128KiB, ioengine=libaio, iodepth=128
...
fio-3.28
Starting 32 processes
jobs1: Laying out IO files (512 files / total 30720MiB)

jobs1: (groupid=0, jobs=32): err= 0: pid=1141866: Wed Jul 26 07:46:47 2023
  read: IOPS=53.8k, BW=6729MiB/s (7056MB/s)(30.0GiB/4565msec)
    slat (usec): min=14, max=180, avg=17.91, stdev= 3.89
    clat (nsec): min=1824, max=18486k, avg=2354160.44, stdev=419234.27
     lat (usec): min=18, max=18663, avg=2372.11, stdev=422.87
    clat percentiles (usec):
     |  1.00th=[ 2114],  5.00th=[ 2147], 10.00th=[ 2147], 20.00th=[ 2147],
     | 30.00th=[ 2147], 40.00th=[ 2147], 50.00th=[ 2147], 60.00th=[ 2147],
     | 70.00th=[ 2180], 80.00th=[ 2933], 90.00th=[ 2966], 95.00th=[ 2966],
     | 99.00th=[ 2999], 99.50th=[ 2999], 99.90th=[ 4293], 99.95th=[ 5211],
     | 99.99th=[15664]
   bw (  MiB/s): min= 5160, max= 7399, per=99.18%, avg=6674.03, stdev=1012.14, samples=8
   iops        : min=41283, max=59196, avg=53392.13, stdev=8097.18, samples=8
  lat (usec)   : 2=0.01%, 20=0.01%, 50=0.01%, 100=0.01%, 250=0.01%
  lat (usec)   : 500=0.01%, 750=0.01%, 1000=0.01%
  lat (msec)   : 2=0.02%, 4=99.79%, 10=0.13%, 20=0.03%
  cpu          : usr=3.05%, sys=96.93%, ctx=3, majf=0, minf=4169
  IO depths    : 1=0.1%, 2=0.1%, 4=0.1%, 8=0.1%, 16=0.1%, 32=0.1%, >=64=100.0%
     submit    : 0=0.0%, 4=100.0%, 8=0.0%, 16=0.0%, 32=0.0%, 64=0.0%, >=64=0.0%
     complete  : 0=0.0%, 4=100.0%, 8=0.0%, 16=0.0%, 32=0.0%, 64=0.0%, >=64=0.1%
     issued rwts: total=245760,0,0,0 short=0,0,0,0 dropped=0,0,0,0
     latency   : target=0, window=0, percentile=100.00%, depth=128

Run status group 0 (all jobs):
   READ: bw=6729MiB/s (7056MB/s), 6729MiB/s-6729MiB/s (7056MB/s-7056MB/s), io=30.0GiB (32.2GB), run=4565-4565msec
