jobs1: (g=0): rw=randwrite, bs=(R) 512KiB-512KiB, (W) 512KiB-512KiB, (T) 512KiB-512KiB, ioengine=libaio, iodepth=128
fio-3.28
Starting 1 process
jobs1: Laying out IO files (1024 files / total 30720MiB)
fio: pid=1193988, err=24/file:filesetup.c:805, func=open(/home/sevag/ramdisk//f1018), error=Too many open files

jobs1: (groupid=0, jobs=1): err=24 (file:filesetup.c:805, func=open(/home/sevag/ramdisk//f1018), error=Too many open files): pid=1193988: Wed Jul 26 10:39:05 2023
  write: IOPS=3613, BW=1807MiB/s (1895MB/s)(510MiB/282msec); 0 zone resets
    slat (usec): min=246, max=302, avg=267.64, stdev= 7.82
    clat (usec): min=57, max=35319, avg=32906.47, stdev=6843.10
     lat (usec): min=315, max=35580, avg=33174.31, stdev=6843.95
    clat percentiles (usec):
     |  1.00th=[ 2769],  5.00th=[13829], 10.00th=[27919], 20.00th=[34866],
     | 30.00th=[34866], 40.00th=[34866], 50.00th=[34866], 60.00th=[34866],
     | 70.00th=[35390], 80.00th=[35390], 90.00th=[35390], 95.00th=[35390],
     | 99.00th=[35390], 99.50th=[35390], 99.90th=[35390], 99.95th=[35390],
     | 99.99th=[35390]
  lat (usec)   : 100=0.10%, 500=0.10%, 750=0.10%, 1000=0.10%
  lat (msec)   : 2=0.39%, 4=0.69%, 10=2.16%, 20=3.43%, 50=92.93%
  cpu          : usr=18.51%, sys=80.78%, ctx=0, majf=0, minf=16
  IO depths    : 1=0.1%, 2=0.2%, 4=0.4%, 8=0.8%, 16=1.6%, 32=3.1%, >=64=93.8%
     submit    : 0=0.0%, 4=100.0%, 8=0.0%, 16=0.0%, 32=0.0%, 64=0.0%, >=64=0.0%
     complete  : 0=0.0%, 4=99.9%, 8=0.0%, 16=0.0%, 32=0.0%, 64=0.0%, >=64=0.1%
     issued rwts: total=0,1019,0,0 short=0,0,0,0 dropped=0,0,0,0
     latency   : target=0, window=0, percentile=100.00%, depth=128

Run status group 0 (all jobs):
  WRITE: bw=1807MiB/s (1895MB/s), 1807MiB/s-1807MiB/s (1895MB/s-1895MB/s), io=510MiB (534MB), run=282-282msec
