jobs1: (g=0): rw=randwrite, bs=(R) 128KiB-128KiB, (W) 128KiB-128KiB, (T) 128KiB-128KiB, ioengine=libaio, iodepth=128
...
fio-3.28
Starting 16 processes
jobs1: Laying out IO files (128 files / total 30720MiB)

jobs1: (groupid=0, jobs=16): err= 0: pid=832671: Wed Jul 26 03:01:46 2023
  write: IOPS=29.6k, BW=3703MiB/s (3883MB/s)(30.0GiB/8295msec); 0 zone resets
    slat (usec): min=28, max=814, avg=33.06, stdev= 3.86
    clat (nsec): min=1885, max=14742k, avg=4281508.32, stdev=198421.21
     lat (usec): min=35, max=14865, avg=4314.64, stdev=200.59
    clat percentiles (usec):
     |  1.00th=[ 4228],  5.00th=[ 4228], 10.00th=[ 4228], 20.00th=[ 4228],
     | 30.00th=[ 4228], 40.00th=[ 4293], 50.00th=[ 4293], 60.00th=[ 4293],
     | 70.00th=[ 4293], 80.00th=[ 4293], 90.00th=[ 4293], 95.00th=[ 4293],
     | 99.00th=[ 4817], 99.50th=[ 5342], 99.90th=[ 6915], 99.95th=[ 7767],
     | 99.99th=[10421]
   bw (  MiB/s): min= 3444, max= 3727, per=100.00%, avg=3705.63, stdev=69.59, samples=16
   iops        : min=27559, max=29816, avg=29644.94, stdev=556.81, samples=16
  lat (usec)   : 2=0.01%, 50=0.01%, 100=0.01%, 250=0.01%, 500=0.01%
  lat (usec)   : 750=0.01%, 1000=0.01%
  lat (msec)   : 2=0.01%, 4=0.02%, 10=99.94%, 20=0.01%
  cpu          : usr=8.58%, sys=91.43%, ctx=14, majf=0, minf=53
  IO depths    : 1=0.1%, 2=0.1%, 4=0.1%, 8=0.1%, 16=0.1%, 32=0.1%, >=64=100.0%
     submit    : 0=0.0%, 4=100.0%, 8=0.0%, 16=0.0%, 32=0.0%, 64=0.0%, >=64=0.0%
     complete  : 0=0.0%, 4=100.0%, 8=0.0%, 16=0.0%, 32=0.0%, 64=0.0%, >=64=0.1%
     issued rwts: total=0,245760,0,0 short=0,0,0,0 dropped=0,0,0,0
     latency   : target=0, window=0, percentile=100.00%, depth=128

Run status group 0 (all jobs):
  WRITE: bw=3703MiB/s (3883MB/s), 3703MiB/s-3703MiB/s (3883MB/s-3883MB/s), io=30.0GiB (32.2GB), run=8295-8295msec
