jobs1: (g=0): rw=randwrite, bs=(R) 128KiB-128KiB, (W) 128KiB-128KiB, (T) 128KiB-128KiB, ioengine=libaio, iodepth=128
...
fio-3.28
Starting 16 processes
jobs1: Laying out IO file (1 file / 30720MiB)

jobs1: (groupid=0, jobs=16): err= 0: pid=179108: Tue Jul 25 19:32:40 2023
  write: IOPS=12.2k, BW=1525MiB/s (1599MB/s)(30.0GiB/20150msec); 0 zone resets
    slat (usec): min=33, max=159992, avg=81.08, stdev=592.88
    clat (nsec): min=1893, max=337748k, avg=10174965.54, stdev=4084500.74
     lat (usec): min=66, max=472762, avg=10256.14, stdev=4211.26
    clat percentiles (usec):
     |  1.00th=[ 5014],  5.00th=[ 5407], 10.00th=[ 7701], 20.00th=[ 7832],
     | 30.00th=[ 7963], 40.00th=[ 8160], 50.00th=[ 8356], 60.00th=[ 8848],
     | 70.00th=[10421], 80.00th=[14222], 90.00th=[14615], 95.00th=[16319],
     | 99.00th=[26608], 99.50th=[28705], 99.90th=[32113], 99.95th=[32637],
     | 99.99th=[33162]
   bw (  MiB/s): min=  412, max= 2006, per=100.00%, avg=1526.92, stdev=424.27, samples=39
   iops        : min= 3298, max=16052, avg=12215.31, stdev=3394.19, samples=39
  lat (usec)   : 2=0.01%, 100=0.01%, 250=0.01%, 500=0.01%, 750=0.01%
  lat (usec)   : 1000=0.01%
  lat (msec)   : 2=0.01%, 4=0.01%, 10=67.80%, 20=29.44%, 50=2.73%
  lat (msec)   : 250=0.01%, 500=0.01%
  cpu          : usr=6.18%, sys=84.74%, ctx=187, majf=0, minf=38
  IO depths    : 1=0.1%, 2=0.1%, 4=0.1%, 8=0.1%, 16=0.1%, 32=0.1%, >=64=100.0%
     submit    : 0=0.0%, 4=100.0%, 8=0.0%, 16=0.0%, 32=0.0%, 64=0.0%, >=64=0.0%
     complete  : 0=0.0%, 4=100.0%, 8=0.0%, 16=0.0%, 32=0.0%, 64=0.0%, >=64=0.1%
     issued rwts: total=0,245760,0,0 short=0,0,0,0 dropped=0,0,0,0
     latency   : target=0, window=0, percentile=100.00%, depth=128

Run status group 0 (all jobs):
  WRITE: bw=1525MiB/s (1599MB/s), 1525MiB/s-1525MiB/s (1599MB/s-1599MB/s), io=30.0GiB (32.2GB), run=20150-20150msec
