jobs1: (g=0): rw=randread, bs=(R) 32.0KiB-32.0KiB, (W) 32.0KiB-32.0KiB, (T) 32.0KiB-32.0KiB, ioengine=libaio, iodepth=128
fio-3.28
Starting 1 process
jobs1: Laying out IO file (1 file / 30720MiB)

jobs1: (groupid=0, jobs=1): err= 0: pid=171884: Tue Jul 25 19:05:33 2023
  read: IOPS=4668, BW=146MiB/s (153MB/s)(17.1GiB/120001msec)
    slat (usec): min=73, max=554, avg=207.86, stdev=59.93
    clat (usec): min=12, max=34109, avg=27201.23, stdev=4085.10
     lat (usec): min=305, max=34400, avg=27409.88, stdev=4113.68
    clat percentiles (usec):
     |  1.00th=[11600],  5.00th=[21103], 10.00th=[22414], 20.00th=[24773],
     | 30.00th=[26346], 40.00th=[27132], 50.00th=[27919], 60.00th=[28705],
     | 70.00th=[29492], 80.00th=[30278], 90.00th=[31327], 95.00th=[31851],
     | 99.00th=[32637], 99.50th=[32900], 99.90th=[33424], 99.95th=[33424],
     | 99.99th=[33817]
   bw (  KiB/s): min=126400, max=351808, per=100.00%, avg=149462.23, stdev=26306.67, samples=239
   iops        : min= 3950, max=10994, avg=4670.69, stdev=822.08, samples=239
  lat (usec)   : 20=0.01%, 500=0.01%, 750=0.01%, 1000=0.01%
  lat (msec)   : 2=0.01%, 4=0.01%, 10=0.01%, 20=3.39%, 50=96.60%
  cpu          : usr=1.99%, sys=24.36%, ctx=560428, majf=0, minf=1037
  IO depths    : 1=0.1%, 2=0.1%, 4=0.1%, 8=0.1%, 16=0.1%, 32=0.1%, >=64=100.0%
     submit    : 0=0.0%, 4=100.0%, 8=0.0%, 16=0.0%, 32=0.0%, 64=0.0%, >=64=0.0%
     complete  : 0=0.0%, 4=100.0%, 8=0.0%, 16=0.0%, 32=0.0%, 64=0.0%, >=64=0.1%
     issued rwts: total=560253,0,0,0 short=0,0,0,0 dropped=0,0,0,0
     latency   : target=0, window=0, percentile=100.00%, depth=128

Run status group 0 (all jobs):
   READ: bw=146MiB/s (153MB/s), 146MiB/s-146MiB/s (153MB/s-153MB/s), io=17.1GiB (18.4GB), run=120001-120001msec
