jobs1: (g=0): rw=randread, bs=(R) 32.0KiB-32.0KiB, (W) 32.0KiB-32.0KiB, (T) 32.0KiB-32.0KiB, ioengine=libaio, iodepth=128
...
fio-3.28
Starting 16 processes
jobs1: Laying out IO files (1024 files / total 30720MiB)
fio: pid=1177315, err=24/file:filesetup.c:805, func=open(/tmp/ssfs/home/sevag/fuse_ext4/f1014), error=Too many open files

jobs1: (groupid=0, jobs=16): err=24 (file:filesetup.c:805, func=open(/tmp/ssfs/home/sevag/fuse_ext4/f1014), error=Too many open files): pid=1177315: Wed Jul 26 09:54:28 2023
  read: IOPS=1886, BW=59.0MiB/s (61.8MB/s)(31.7MiB/538msec)
    slat (usec): min=79, max=443, avg=212.44, stdev=64.74
    clat (usec): min=87, max=127126, avg=60980.16, stdev=20644.61
     lat (usec): min=213, max=127534, avg=61193.52, stdev=20647.19
    clat percentiles (msec):
     |  1.00th=[    9],  5.00th=[   26], 10.00th=[   47], 20.00th=[   54],
     | 30.00th=[   56], 40.00th=[   57], 50.00th=[   57], 60.00th=[   58],
     | 70.00th=[   64], 80.00th=[   72], 90.00th=[   79], 95.00th=[  124],
     | 99.00th=[  126], 99.50th=[  127], 99.90th=[  128], 99.95th=[  128],
     | 99.99th=[  128]
  lat (usec)   : 100=0.10%
  lat (msec)   : 4=0.20%, 10=1.08%, 20=2.36%, 50=10.34%, 100=80.59%
  lat (msec)   : 250=5.32%
  cpu          : usr=2.23%, sys=17.84%, ctx=2055, majf=1, minf=1087
  IO depths    : 1=0.1%, 2=0.2%, 4=0.4%, 8=0.8%, 16=1.6%, 32=3.2%, >=64=93.8%
     submit    : 0=0.0%, 4=100.0%, 8=0.0%, 16=0.0%, 32=0.0%, 64=0.0%, >=64=0.0%
     complete  : 0=0.0%, 4=99.9%, 8=0.0%, 16=0.0%, 32=0.0%, 64=0.0%, >=64=0.1%
     issued rwts: total=1015,0,0,0 short=0,0,0,0 dropped=0,0,0,0
     latency   : target=0, window=0, percentile=100.00%, depth=128

Run status group 0 (all jobs):
   READ: bw=59.0MiB/s (61.8MB/s), 59.0MiB/s-59.0MiB/s (61.8MB/s-61.8MB/s), io=31.7MiB (33.3MB), run=538-538msec
