jobs1: (g=0): rw=randread, bs=(R) 512KiB-512KiB, (W) 512KiB-512KiB, (T) 512KiB-512KiB, ioengine=libaio, iodepth=128
...
fio-3.28
Starting 32 processes
jobs1: Laying out IO files (1024 files / total 30720MiB)
fio: pid=1201503, err=24/file:filesetup.c:805, func=open(/home/sevag/fuse_boc//f1018), error=Too many open files

jobs1: (groupid=0, jobs=32): err=24 (file:filesetup.c:805, func=open(/home/sevag/fuse_boc//f1018), error=Too many open files): pid=1201503: Wed Jul 26 11:05:57 2023
  read: IOPS=850, BW=425MiB/s (446MB/s)(510MiB/1198msec)
    slat (usec): min=643, max=1855, avg=1037.56, stdev=229.33
    clat (usec): min=96, max=168486, avg=138354.32, stdev=28684.43
     lat (usec): min=1300, max=170344, avg=139392.97, stdev=28697.60
    clat percentiles (msec):
     |  1.00th=[   14],  5.00th=[   61], 10.00th=[  116], 20.00th=[  140],
     | 30.00th=[  144], 40.00th=[  146], 50.00th=[  148], 60.00th=[  148],
     | 70.00th=[  150], 80.00th=[  150], 90.00th=[  153], 95.00th=[  155],
     | 99.00th=[  163], 99.50th=[  165], 99.90th=[  167], 99.95th=[  169],
     | 99.99th=[  169]
   bw (  KiB/s): min=331487, max=437248, per=88.26%, avg=384367.50, stdev=74784.32, samples=2
   iops        : min=  647, max=  854, avg=750.50, stdev=146.37, samples=2
  lat (usec)   : 100=0.10%
  lat (msec)   : 2=0.10%, 4=0.10%, 10=0.39%, 20=0.88%, 50=2.45%
  lat (msec)   : 100=4.51%, 250=91.46%
  cpu          : usr=2.75%, sys=45.58%, ctx=5103, majf=1, minf=16496
  IO depths    : 1=0.1%, 2=0.2%, 4=0.4%, 8=0.8%, 16=1.6%, 32=3.1%, >=64=93.8%
     submit    : 0=0.0%, 4=100.0%, 8=0.0%, 16=0.0%, 32=0.0%, 64=0.0%, >=64=0.0%
     complete  : 0=0.0%, 4=99.9%, 8=0.0%, 16=0.0%, 32=0.0%, 64=0.0%, >=64=0.1%
     issued rwts: total=1019,0,0,0 short=0,0,0,0 dropped=0,0,0,0
     latency   : target=0, window=0, percentile=100.00%, depth=128

Run status group 0 (all jobs):
   READ: bw=425MiB/s (446MB/s), 425MiB/s-425MiB/s (446MB/s-446MB/s), io=510MiB (534MB), run=1198-1198msec
