jobs1: (g=0): rw=randwrite, bs=(R) 128KiB-128KiB, (W) 128KiB-128KiB, (T) 128KiB-128KiB, ioengine=libaio, iodepth=128
...
fio-3.28
Starting 16 processes
jobs1: Laying out IO files (512 files / total 30720MiB)

jobs1: (groupid=0, jobs=16): err= 0: pid=1135267: Wed Jul 26 07:07:38 2023
  write: IOPS=40.7k, BW=5093MiB/s (5340MB/s)(30.0GiB/6032msec); 0 zone resets
    slat (nsec): min=18218, max=61761, avg=23865.73, stdev=6479.20
    clat (nsec): min=1776, max=6020.4k, avg=3115256.88, stdev=833092.08
     lat (usec): min=23, max=6082, avg=3139.18, stdev=839.49
    clat percentiles (usec):
     |  1.00th=[ 2737],  5.00th=[ 2737], 10.00th=[ 2737], 20.00th=[ 2737],
     | 30.00th=[ 2737], 40.00th=[ 2737], 50.00th=[ 2769], 60.00th=[ 2769],
     | 70.00th=[ 2769], 80.00th=[ 2802], 90.00th=[ 5080], 95.00th=[ 5080],
     | 99.00th=[ 5145], 99.50th=[ 5145], 99.90th=[ 5211], 99.95th=[ 5538],
     | 99.99th=[ 5669]
   bw (  MiB/s): min= 3114, max= 5771, per=100.00%, avg=5103.20, stdev=1150.01, samples=11
   iops        : min=24916, max=46172, avg=40825.55, stdev=9200.16, samples=11
  lat (usec)   : 2=0.01%, 50=0.01%, 100=0.01%, 250=0.01%, 500=0.01%
  lat (usec)   : 750=0.01%, 1000=0.01%
  lat (msec)   : 2=0.02%, 4=84.59%, 10=15.37%
  cpu          : usr=9.02%, sys=90.98%, ctx=5, majf=0, minf=37
  IO depths    : 1=0.1%, 2=0.1%, 4=0.1%, 8=0.1%, 16=0.1%, 32=0.1%, >=64=100.0%
     submit    : 0=0.0%, 4=100.0%, 8=0.0%, 16=0.0%, 32=0.0%, 64=0.0%, >=64=0.0%
     complete  : 0=0.0%, 4=100.0%, 8=0.0%, 16=0.0%, 32=0.0%, 64=0.0%, >=64=0.1%
     issued rwts: total=0,245760,0,0 short=0,0,0,0 dropped=0,0,0,0
     latency   : target=0, window=0, percentile=100.00%, depth=128

Run status group 0 (all jobs):
  WRITE: bw=5093MiB/s (5340MB/s), 5093MiB/s-5093MiB/s (5340MB/s-5340MB/s), io=30.0GiB (32.2GB), run=6032-6032msec
