jobs1: (g=0): rw=randwrite, bs=(R) 128KiB-128KiB, (W) 128KiB-128KiB, (T) 128KiB-128KiB, ioengine=libaio, iodepth=128
...
fio-3.28
Starting 16 processes
jobs1: Laying out IO files (64 files / total 30720MiB)

jobs1: (groupid=0, jobs=16): err= 0: pid=497490: Tue Jul 25 23:08:25 2023
  write: IOPS=40.8k, BW=5095MiB/s (5342MB/s)(30.0GiB/6030msec); 0 zone resets
    slat (nsec): min=19343, max=69832, avg=23859.88, stdev=4548.89
    clat (nsec): min=1582, max=5621.5k, avg=3114412.09, stdev=585758.38
     lat (usec): min=22, max=5680, avg=3138.33, stdev=590.23
    clat percentiles (usec):
     |  1.00th=[ 2802],  5.00th=[ 2835], 10.00th=[ 2835], 20.00th=[ 2835],
     | 30.00th=[ 2835], 40.00th=[ 2835], 50.00th=[ 2835], 60.00th=[ 2835],
     | 70.00th=[ 2835], 80.00th=[ 2900], 90.00th=[ 4359], 95.00th=[ 4424],
     | 99.00th=[ 4424], 99.50th=[ 4424], 99.90th=[ 4424], 99.95th=[ 5080],
     | 99.99th=[ 5276]
   bw (  MiB/s): min= 3626, max= 5606, per=99.40%, avg=5063.86, stdev=906.54, samples=11
   iops        : min=29008, max=44852, avg=40510.82, stdev=7252.33, samples=11
  lat (usec)   : 2=0.01%, 50=0.01%, 100=0.01%, 250=0.01%, 500=0.01%
  lat (usec)   : 750=0.01%, 1000=0.01%
  lat (msec)   : 2=0.02%, 4=81.81%, 10=18.16%
  cpu          : usr=12.54%, sys=87.43%, ctx=3, majf=0, minf=43
  IO depths    : 1=0.1%, 2=0.1%, 4=0.1%, 8=0.1%, 16=0.1%, 32=0.1%, >=64=100.0%
     submit    : 0=0.0%, 4=100.0%, 8=0.0%, 16=0.0%, 32=0.0%, 64=0.0%, >=64=0.0%
     complete  : 0=0.0%, 4=100.0%, 8=0.0%, 16=0.0%, 32=0.0%, 64=0.0%, >=64=0.1%
     issued rwts: total=0,245760,0,0 short=0,0,0,0 dropped=0,0,0,0
     latency   : target=0, window=0, percentile=100.00%, depth=128

Run status group 0 (all jobs):
  WRITE: bw=5095MiB/s (5342MB/s), 5095MiB/s-5095MiB/s (5342MB/s-5342MB/s), io=30.0GiB (32.2GB), run=6030-6030msec
