jobs1: (g=0): rw=randwrite, bs=(R) 128KiB-128KiB, (W) 128KiB-128KiB, (T) 128KiB-128KiB, ioengine=libaio, iodepth=128
fio-3.28
Starting 1 process
jobs1: Laying out IO files (64 files / total 30720MiB)

jobs1: (groupid=0, jobs=1): err= 0: pid=495366: Tue Jul 25 23:05:16 2023
  write: IOPS=26.6k, BW=3319MiB/s (3480MB/s)(30.0GiB/9256msec); 0 zone resets
    slat (nsec): min=28981, max=99263, avg=36947.32, stdev=10075.59
    clat (nsec): min=1626, max=10065k, avg=4780557.11, stdev=1289388.64
     lat (usec): min=32, max=10157, avg=4817.58, stdev=1299.39
    clat percentiles (usec):
     |  1.00th=[ 4178],  5.00th=[ 4228], 10.00th=[ 4228], 20.00th=[ 4228],
     | 30.00th=[ 4228], 40.00th=[ 4228], 50.00th=[ 4228], 60.00th=[ 4228],
     | 70.00th=[ 4228], 80.00th=[ 4228], 90.00th=[ 7701], 95.00th=[ 7767],
     | 99.00th=[ 7767], 99.50th=[ 7767], 99.90th=[ 8029], 99.95th=[ 8455],
     | 99.99th=[ 9503]
   bw (  MiB/s): min= 2004, max= 3771, per=99.61%, avg=3305.87, stdev=770.99, samples=18
   iops        : min=16037, max=30174, avg=26446.94, stdev=6167.99, samples=18
  lat (usec)   : 2=0.01%, 50=0.01%, 100=0.01%, 250=0.01%, 500=0.01%
  lat (usec)   : 750=0.01%, 1000=0.01%
  lat (msec)   : 2=0.01%, 4=0.02%, 10=99.95%, 20=0.01%
  cpu          : usr=8.38%, sys=91.62%, ctx=16, majf=0, minf=13
  IO depths    : 1=0.1%, 2=0.1%, 4=0.1%, 8=0.1%, 16=0.1%, 32=0.1%, >=64=100.0%
     submit    : 0=0.0%, 4=100.0%, 8=0.0%, 16=0.0%, 32=0.0%, 64=0.0%, >=64=0.0%
     complete  : 0=0.0%, 4=100.0%, 8=0.0%, 16=0.0%, 32=0.0%, 64=0.0%, >=64=0.1%
     issued rwts: total=0,245760,0,0 short=0,0,0,0 dropped=0,0,0,0
     latency   : target=0, window=0, percentile=100.00%, depth=128

Run status group 0 (all jobs):
  WRITE: bw=3319MiB/s (3480MB/s), 3319MiB/s-3319MiB/s (3480MB/s-3480MB/s), io=30.0GiB (32.2GB), run=9256-9256msec
