jobs1: (g=0): rw=randwrite, bs=(R) 32.0KiB-32.0KiB, (W) 32.0KiB-32.0KiB, (T) 32.0KiB-32.0KiB, ioengine=libaio, iodepth=128
...
fio-3.28
Starting 16 processes
jobs1: Laying out IO files (1024 files / total 30720MiB)
fio: pid=1171428, err=24/file:filesetup.c:805, func=open(/home/sevag/tmpfs//f1018), error=Too many open files

jobs1: (groupid=0, jobs=16): err=24 (file:filesetup.c:805, func=open(/home/sevag/tmpfs//f1018), error=Too many open files): pid=1171428: Wed Jul 26 09:28:58 2023
  write: IOPS=46.3k, BW=1447MiB/s (1518MB/s)(31.8MiB/22msec); 0 zone resets
    slat (nsec): min=8034, max=36478, avg=13480.93, stdev=2756.54
    clat (usec): min=37, max=3305, avg=2430.58, stdev=685.96
     lat (usec): min=47, max=3323, avg=2444.25, stdev=688.20
    clat percentiles (usec):
     |  1.00th=[  255],  5.00th=[  799], 10.00th=[ 1729], 20.00th=[ 2278],
     | 30.00th=[ 2278], 40.00th=[ 2311], 50.00th=[ 2311], 60.00th=[ 2311],
     | 70.00th=[ 2802], 80.00th=[ 3195], 90.00th=[ 3261], 95.00th=[ 3294],
     | 99.00th=[ 3294], 99.50th=[ 3294], 99.90th=[ 3294], 99.95th=[ 3294],
     | 99.99th=[ 3294]
  lat (usec)   : 50=0.10%, 250=0.88%, 500=1.86%, 750=1.77%, 1000=1.37%
  lat (msec)   : 2=5.50%, 4=88.52%
  cpu          : usr=19.05%, sys=90.48%, ctx=0, majf=0, minf=57
  IO depths    : 1=0.1%, 2=0.2%, 4=0.4%, 8=0.8%, 16=1.6%, 32=3.1%, >=64=93.8%
     submit    : 0=0.0%, 4=100.0%, 8=0.0%, 16=0.0%, 32=0.0%, 64=0.0%, >=64=0.0%
     complete  : 0=0.0%, 4=99.9%, 8=0.0%, 16=0.0%, 32=0.0%, 64=0.0%, >=64=0.1%
     issued rwts: total=0,1019,0,0 short=0,0,0,0 dropped=0,0,0,0
     latency   : target=0, window=0, percentile=100.00%, depth=128

Run status group 0 (all jobs):
  WRITE: bw=1447MiB/s (1518MB/s), 1447MiB/s-1447MiB/s (1518MB/s-1518MB/s), io=31.8MiB (33.4MB), run=22-22msec
