jobs1: (g=0): rw=randread, bs=(R) 4096B-4096B, (W) 4096B-4096B, (T) 4096B-4096B, ioengine=libaio, iodepth=128
...
fio-3.28
Starting 32 processes
jobs1: Laying out IO files (1024 files / total 30720MiB)
fio: pid=1165222, err=24/file:filesetup.c:805, func=open(/home/sevag/fuse_boc//f1018), error=Too many open files

jobs1: (groupid=0, jobs=32): err=24 (file:filesetup.c:805, func=open(/home/sevag/fuse_boc//f1018), error=Too many open files): pid=1165222: Wed Jul 26 09:17:53 2023
  read: IOPS=15.2k, BW=59.4MiB/s (62.3MB/s)(4076KiB/67msec)
    slat (usec): min=18, max=250, avg=34.10, stdev=11.67
    clat (usec): min=35, max=11498, avg=7419.18, stdev=2246.73
     lat (usec): min=61, max=11751, avg=7453.58, stdev=2253.84
    clat percentiles (usec):
     |  1.00th=[  709],  5.00th=[ 2671], 10.00th=[ 4948], 20.00th=[ 6194],
     | 30.00th=[ 6325], 40.00th=[ 6783], 50.00th=[ 7177], 60.00th=[ 8094],
     | 70.00th=[ 8848], 80.00th=[ 9634], 90.00th=[10421], 95.00th=[10552],
     | 99.00th=[10683], 99.50th=[10683], 99.90th=[11076], 99.95th=[11469],
     | 99.99th=[11469]
  lat (usec)   : 50=0.10%, 250=0.20%, 500=0.49%, 750=0.29%, 1000=0.59%
  lat (msec)   : 2=1.96%, 4=4.22%, 10=77.33%, 20=14.82%
  cpu          : usr=0.00%, sys=46.97%, ctx=2040, majf=0, minf=196
  IO depths    : 1=0.1%, 2=0.2%, 4=0.4%, 8=0.8%, 16=1.6%, 32=3.1%, >=64=93.8%
     submit    : 0=0.0%, 4=100.0%, 8=0.0%, 16=0.0%, 32=0.0%, 64=0.0%, >=64=0.0%
     complete  : 0=0.0%, 4=99.9%, 8=0.0%, 16=0.0%, 32=0.0%, 64=0.0%, >=64=0.1%
     issued rwts: total=1019,0,0,0 short=0,0,0,0 dropped=0,0,0,0
     latency   : target=0, window=0, percentile=100.00%, depth=128

Run status group 0 (all jobs):
   READ: bw=59.4MiB/s (62.3MB/s), 59.4MiB/s-59.4MiB/s (62.3MB/s-62.3MB/s), io=4076KiB (4174kB), run=67-67msec
