jobs1: (g=0): rw=randwrite, bs=(R) 4096B-4096B, (W) 4096B-4096B, (T) 4096B-4096B, ioengine=libaio, iodepth=128
...
fio-3.28
Starting 32 processes
jobs1: Laying out IO files (1024 files / total 30720MiB)
fio: pid=1160431, err=24/file:filesetup.c:805, func=open(/home/sevag/ramdisk//f1018), error=Too many open files

jobs1: (groupid=0, jobs=32): err=24 (file:filesetup.c:805, func=open(/home/sevag/ramdisk//f1018), error=Too many open files): pid=1160431: Wed Jul 26 08:54:30 2023
  write: IOPS=56.6k, BW=221MiB/s (232MB/s)(4076KiB/18msec); 0 zone resets
    slat (nsec): min=4214, max=34376, avg=6944.77, stdev=1856.49
    clat (usec): min=49, max=2428, avg=2054.38, stdev=450.18
     lat (usec): min=55, max=2436, avg=2061.55, stdev=450.78
    clat percentiles (usec):
     |  1.00th=[  281],  5.00th=[  816], 10.00th=[ 1532], 20.00th=[ 2040],
     | 30.00th=[ 2114], 40.00th=[ 2147], 50.00th=[ 2212], 60.00th=[ 2212],
     | 70.00th=[ 2245], 80.00th=[ 2278], 90.00th=[ 2343], 95.00th=[ 2376],
     | 99.00th=[ 2409], 99.50th=[ 2442], 99.90th=[ 2442], 99.95th=[ 2442],
     | 99.99th=[ 2442]
  lat (usec)   : 50=0.10%, 250=0.59%, 500=2.06%, 750=1.77%, 1000=1.67%
  lat (msec)   : 2=10.89%, 4=82.92%
  cpu          : usr=17.65%, sys=94.12%, ctx=0, majf=0, minf=82
  IO depths    : 1=0.1%, 2=0.2%, 4=0.4%, 8=0.8%, 16=1.6%, 32=3.1%, >=64=93.8%
     submit    : 0=0.0%, 4=100.0%, 8=0.0%, 16=0.0%, 32=0.0%, 64=0.0%, >=64=0.0%
     complete  : 0=0.0%, 4=99.9%, 8=0.0%, 16=0.0%, 32=0.0%, 64=0.0%, >=64=0.1%
     issued rwts: total=0,1019,0,0 short=0,0,0,0 dropped=0,0,0,0
     latency   : target=0, window=0, percentile=100.00%, depth=128

Run status group 0 (all jobs):
  WRITE: bw=221MiB/s (232MB/s), 221MiB/s-221MiB/s (232MB/s-232MB/s), io=4076KiB (4174kB), run=18-18msec
