jobs1: (g=0): rw=randwrite, bs=(R) 4096B-4096B, (W) 4096B-4096B, (T) 4096B-4096B, ioengine=libaio, iodepth=128
...
fio-3.28
Starting 32 processes
jobs1: Laying out IO files (64 files / total 30720MiB)

jobs1: (groupid=0, jobs=32): err= 0: pid=393909: Tue Jul 25 21:12:09 2023
  write: IOPS=242k, BW=944MiB/s (990MB/s)(30.0GiB/32526msec); 0 zone resets
    slat (nsec): min=1512, max=133592k, avg=3292.23, stdev=92761.80
    clat (usec): min=2, max=630155, avg=522.34, stdev=1890.32
     lat (usec): min=5, max=630164, avg=525.72, stdev=1903.25
    clat percentiles (usec):
     |  1.00th=[  330],  5.00th=[  383], 10.00th=[  388], 20.00th=[  392],
     | 30.00th=[  396], 40.00th=[  416], 50.00th=[  474], 60.00th=[  482],
     | 70.00th=[  545], 80.00th=[  562], 90.00th=[  570], 95.00th=[  586],
     | 99.00th=[  668], 99.50th=[ 1172], 99.90th=[12125], 99.95th=[15008],
     | 99.99th=[19268]
   bw (  KiB/s): min=  128, max=1218192, per=100.00%, avg=970706.89, stdev=189364.03, samples=64
   iops        : min=   32, max=304548, avg=242676.67, stdev=47341.01, samples=64
  lat (usec)   : 4=0.01%, 10=0.01%, 20=0.01%, 50=0.01%, 100=0.01%
  lat (usec)   : 250=0.01%, 500=66.49%, 750=32.76%, 1000=0.17%
  lat (msec)   : 2=0.14%, 4=0.03%, 10=0.10%, 20=0.30%, 50=0.01%
  lat (msec)   : 100=0.01%, 250=0.01%, 500=0.01%, 750=0.01%
  cpu          : usr=19.94%, sys=69.46%, ctx=2422, majf=0, minf=76
  IO depths    : 1=0.1%, 2=0.1%, 4=0.1%, 8=0.1%, 16=0.1%, 32=0.1%, >=64=100.0%
     submit    : 0=0.0%, 4=100.0%, 8=0.0%, 16=0.0%, 32=0.0%, 64=0.0%, >=64=0.0%
     complete  : 0=0.0%, 4=100.0%, 8=0.0%, 16=0.0%, 32=0.0%, 64=0.0%, >=64=0.1%
     issued rwts: total=0,7864320,0,0 short=0,0,0,0 dropped=0,0,0,0
     latency   : target=0, window=0, percentile=100.00%, depth=128

Run status group 0 (all jobs):
  WRITE: bw=944MiB/s (990MB/s), 944MiB/s-944MiB/s (990MB/s-990MB/s), io=30.0GiB (32.2GB), run=32526-32526msec
