jobs1: (g=0): rw=randwrite, bs=(R) 32.0KiB-32.0KiB, (W) 32.0KiB-32.0KiB, (T) 32.0KiB-32.0KiB, ioengine=libaio, iodepth=128
...
fio-3.28
Starting 16 processes
jobs1: Laying out IO files (64 files / total 30720MiB)

jobs1: (groupid=0, jobs=16): err= 0: pid=475226: Tue Jul 25 22:14:14 2023
  write: IOPS=100k, BW=3129MiB/s (3281MB/s)(30.0GiB/9818msec); 0 zone resets
    slat (usec): min=6, max=313, avg= 9.34, stdev= 2.64
    clat (nsec): min=1204, max=5789.0k, avg=1268113.25, stdev=328917.92
     lat (usec): min=9, max=5843, avg=1277.53, stdev=331.40
    clat percentiles (usec):
     |  1.00th=[ 1123],  5.00th=[ 1123], 10.00th=[ 1123], 20.00th=[ 1123],
     | 30.00th=[ 1123], 40.00th=[ 1139], 50.00th=[ 1139], 60.00th=[ 1139],
     | 70.00th=[ 1139], 80.00th=[ 1139], 90.00th=[ 2057], 95.00th=[ 2057],
     | 99.00th=[ 2073], 99.50th=[ 2073], 99.90th=[ 2278], 99.95th=[ 2900],
     | 99.99th=[ 4228]
   bw (  MiB/s): min= 1885, max= 3514, per=100.00%, avg=3136.99, stdev=663.54, samples=19
   iops        : min=60323, max=112468, avg=100383.68, stdev=21233.38, samples=19
  lat (usec)   : 2=0.01%, 20=0.01%, 50=0.01%, 100=0.01%, 250=0.01%
  lat (usec)   : 500=0.01%, 750=0.01%, 1000=0.01%
  lat (msec)   : 2=85.65%, 4=14.32%, 10=0.02%
  cpu          : usr=11.04%, sys=88.94%, ctx=17, majf=0, minf=39
  IO depths    : 1=0.1%, 2=0.1%, 4=0.1%, 8=0.1%, 16=0.1%, 32=0.1%, >=64=100.0%
     submit    : 0=0.0%, 4=100.0%, 8=0.0%, 16=0.0%, 32=0.0%, 64=0.0%, >=64=0.0%
     complete  : 0=0.0%, 4=100.0%, 8=0.0%, 16=0.0%, 32=0.0%, 64=0.0%, >=64=0.1%
     issued rwts: total=0,983040,0,0 short=0,0,0,0 dropped=0,0,0,0
     latency   : target=0, window=0, percentile=100.00%, depth=128

Run status group 0 (all jobs):
  WRITE: bw=3129MiB/s (3281MB/s), 3129MiB/s-3129MiB/s (3281MB/s-3281MB/s), io=30.0GiB (32.2GB), run=9818-9818msec
