jobs1: (g=0): rw=randwrite, bs=(R) 128KiB-128KiB, (W) 128KiB-128KiB, (T) 128KiB-128KiB, ioengine=libaio, iodepth=128
fio-3.28
Starting 1 process
jobs1: Laying out IO files (1024 files / total 30720MiB)
fio: pid=1181294, err=24/file:filesetup.c:805, func=open(/home/sevag/fuse_boc//f1018), error=Too many open files

jobs1: (groupid=0, jobs=1): err=24 (file:filesetup.c:805, func=open(/home/sevag/fuse_boc//f1018), error=Too many open files): pid=1181294: Wed Jul 26 10:01:51 2023
  write: IOPS=1852, BW=232MiB/s (243MB/s)(127MiB/550msec); 0 zone resets
    slat (usec): min=49, max=159645, avg=511.07, stdev=8224.43
    clat (usec): min=32, max=341373, avg=10784.76, stdev=12111.54
     lat (usec): min=85, max=476101, avg=11295.99, stdev=18943.04
    clat percentiles (usec):
     |  1.00th=[   824],  5.00th=[  4424], 10.00th=[  8225], 20.00th=[  9503],
     | 30.00th=[  9503], 40.00th=[  9503], 50.00th=[  9634], 60.00th=[  9765],
     | 70.00th=[ 10159], 80.00th=[ 11731], 90.00th=[ 14877], 95.00th=[ 17171],
     | 99.00th=[ 19530], 99.50th=[ 20841], 99.90th=[181404], 99.95th=[341836],
     | 99.99th=[341836]
   bw (  KiB/s): min=61952, max=61952, per=26.12%, avg=61952.00, stdev= 0.00, samples=1
   iops        : min=  484, max=  484, avg=484.00, stdev= 0.00, samples=1
  lat (usec)   : 50=0.10%, 250=0.20%, 500=0.29%, 750=0.29%, 1000=0.29%
  lat (msec)   : 2=1.18%, 4=2.06%, 10=60.35%, 20=34.45%, 50=0.59%
  lat (msec)   : 250=0.10%, 500=0.10%
  cpu          : usr=1.09%, sys=13.30%, ctx=1064, majf=0, minf=19
  IO depths    : 1=0.1%, 2=0.2%, 4=0.4%, 8=0.8%, 16=1.6%, 32=3.1%, >=64=93.8%
     submit    : 0=0.0%, 4=100.0%, 8=0.0%, 16=0.0%, 32=0.0%, 64=0.0%, >=64=0.0%
     complete  : 0=0.0%, 4=99.9%, 8=0.0%, 16=0.0%, 32=0.0%, 64=0.0%, >=64=0.1%
     issued rwts: total=0,1019,0,0 short=0,0,0,0 dropped=0,0,0,0
     latency   : target=0, window=0, percentile=100.00%, depth=128

Run status group 0 (all jobs):
  WRITE: bw=232MiB/s (243MB/s), 232MiB/s-232MiB/s (243MB/s-243MB/s), io=127MiB (134MB), run=550-550msec
