jobs1: (g=0): rw=randread, bs=(R) 32.0KiB-32.0KiB, (W) 32.0KiB-32.0KiB, (T) 32.0KiB-32.0KiB, ioengine=libaio, iodepth=128
...
fio-3.28
Starting 32 processes
jobs1: Laying out IO files (1024 files / total 30720MiB)
fio: pid=1178005, err=24/file:filesetup.c:805, func=open(/home/sevag/ramdisk//f1018), error=Too many open files

jobs1: (groupid=0, jobs=32): err=24 (file:filesetup.c:805, func=open(/home/sevag/ramdisk//f1018), error=Too many open files): pid=1178005: Wed Jul 26 09:56:49 2023
  read: IOPS=40.8k, BW=1274MiB/s (1336MB/s)(31.8MiB/25msec)
    slat (nsec): min=7070, max=65188, avg=14397.91, stdev=10367.15
    clat (usec): min=39, max=6167, avg=2593.73, stdev=947.35
     lat (usec): min=47, max=6233, avg=2608.28, stdev=955.48
    clat percentiles (usec):
     |  1.00th=[  245],  5.00th=[  906], 10.00th=[ 1926], 20.00th=[ 2278],
     | 30.00th=[ 2343], 40.00th=[ 2409], 50.00th=[ 2442], 60.00th=[ 2540],
     | 70.00th=[ 2737], 80.00th=[ 2802], 90.00th=[ 3425], 95.00th=[ 4817],
     | 99.00th=[ 5932], 99.50th=[ 6063], 99.90th=[ 6128], 99.95th=[ 6194],
     | 99.99th=[ 6194]
  lat (usec)   : 50=0.10%, 250=0.98%, 500=1.86%, 750=1.18%, 1000=1.28%
  lat (msec)   : 2=4.91%, 4=81.84%, 10=7.85%
  cpu          : usr=29.17%, sys=66.67%, ctx=0, majf=0, minf=1134
  IO depths    : 1=0.1%, 2=0.2%, 4=0.4%, 8=0.8%, 16=1.6%, 32=3.1%, >=64=93.8%
     submit    : 0=0.0%, 4=100.0%, 8=0.0%, 16=0.0%, 32=0.0%, 64=0.0%, >=64=0.0%
     complete  : 0=0.0%, 4=99.9%, 8=0.0%, 16=0.0%, 32=0.0%, 64=0.0%, >=64=0.1%
     issued rwts: total=1019,0,0,0 short=0,0,0,0 dropped=0,0,0,0
     latency   : target=0, window=0, percentile=100.00%, depth=128

Run status group 0 (all jobs):
   READ: bw=1274MiB/s (1336MB/s), 1274MiB/s-1274MiB/s (1336MB/s-1336MB/s), io=31.8MiB (33.4MB), run=25-25msec
