jobs1: (g=0): rw=randwrite, bs=(R) 128KiB-128KiB, (W) 128KiB-128KiB, (T) 128KiB-128KiB, ioengine=libaio, iodepth=128
fio-3.28
Starting 1 process
jobs1: Laying out IO files (1024 files / total 30720MiB)
fio: pid=1182189, err=24/file:filesetup.c:805, func=open(/home/sevag/tmpfs//f1018), error=Too many open files

jobs1: (groupid=0, jobs=1): err=24 (file:filesetup.c:805, func=open(/home/sevag/tmpfs//f1018), error=Too many open files): pid=1182189: Wed Jul 26 10:03:11 2023
  write: IOPS=26.8k, BW=3352MiB/s (3515MB/s)(127MiB/38msec); 0 zone resets
    slat (nsec): min=27390, max=56177, avg=32692.13, stdev=4084.76
    clat (usec): min=34, max=5904, avg=4326.67, stdev=941.17
     lat (usec): min=70, max=5959, avg=4359.46, stdev=942.91
    clat percentiles (usec):
     |  1.00th=[  469],  5.00th=[ 1844], 10.00th=[ 3654], 20.00th=[ 4424],
     | 30.00th=[ 4424], 40.00th=[ 4424], 50.00th=[ 4490], 60.00th=[ 4490],
     | 70.00th=[ 4490], 80.00th=[ 4621], 90.00th=[ 5014], 95.00th=[ 5473],
     | 99.00th=[ 5866], 99.50th=[ 5866], 99.90th=[ 5932], 99.95th=[ 5932],
     | 99.99th=[ 5932]
  lat (usec)   : 50=0.10%, 250=0.29%, 500=0.69%, 750=0.79%, 1000=0.69%
  lat (msec)   : 2=2.85%, 4=5.50%, 10=89.11%
  cpu          : usr=0.00%, sys=94.59%, ctx=0, majf=0, minf=17
  IO depths    : 1=0.1%, 2=0.2%, 4=0.4%, 8=0.8%, 16=1.6%, 32=3.1%, >=64=93.8%
     submit    : 0=0.0%, 4=100.0%, 8=0.0%, 16=0.0%, 32=0.0%, 64=0.0%, >=64=0.0%
     complete  : 0=0.0%, 4=99.9%, 8=0.0%, 16=0.0%, 32=0.0%, 64=0.0%, >=64=0.1%
     issued rwts: total=0,1019,0,0 short=0,0,0,0 dropped=0,0,0,0
     latency   : target=0, window=0, percentile=100.00%, depth=128

Run status group 0 (all jobs):
  WRITE: bw=3352MiB/s (3515MB/s), 3352MiB/s-3352MiB/s (3515MB/s-3515MB/s), io=127MiB (134MB), run=38-38msec
