jobs1: (g=0): rw=randread, bs=(R) 512KiB-512KiB, (W) 512KiB-512KiB, (T) 512KiB-512KiB, ioengine=libaio, iodepth=128
...
fio-3.28
Starting 32 processes
jobs1: Laying out IO files (64 files / total 30720MiB)

jobs1: (groupid=0, jobs=32): err= 0: pid=530350: Wed Jul 26 00:33:01 2023
  read: IOPS=11.3k, BW=5651MiB/s (5926MB/s)(30.0GiB/5436msec)
    slat (usec): min=74, max=644, avg=87.51, stdev=19.10
    clat (usec): min=2, max=48313, avg=11177.70, stdev=1875.07
     lat (usec): min=85, max=48959, avg=11265.27, stdev=1892.66
    clat percentiles (usec):
     |  1.00th=[10290],  5.00th=[10290], 10.00th=[10290], 20.00th=[10290],
     | 30.00th=[10290], 40.00th=[10290], 50.00th=[10290], 60.00th=[10290],
     | 70.00th=[10290], 80.00th=[13829], 90.00th=[14222], 95.00th=[14877],
     | 99.00th=[15008], 99.50th=[15008], 99.90th=[27132], 99.95th=[35390],
     | 99.99th=[45351]
   bw (  MiB/s): min= 3979, max= 6154, per=100.00%, avg=5665.08, stdev=829.69, samples=10
   iops        : min= 7958, max=12308, avg=11330.00, stdev=1659.62, samples=10
  lat (usec)   : 4=0.01%, 100=0.01%, 250=0.01%, 500=0.01%, 750=0.01%
  lat (usec)   : 1000=0.01%
  lat (msec)   : 2=0.02%, 4=0.04%, 10=0.12%, 20=99.64%, 50=0.16%
  cpu          : usr=0.86%, sys=99.14%, ctx=6, majf=0, minf=16455
  IO depths    : 1=0.1%, 2=0.1%, 4=0.1%, 8=0.1%, 16=0.1%, 32=0.1%, >=64=99.9%
     submit    : 0=0.0%, 4=100.0%, 8=0.0%, 16=0.0%, 32=0.0%, 64=0.0%, >=64=0.0%
     complete  : 0=0.0%, 4=100.0%, 8=0.0%, 16=0.0%, 32=0.0%, 64=0.0%, >=64=0.1%
     issued rwts: total=61440,0,0,0 short=0,0,0,0 dropped=0,0,0,0
     latency   : target=0, window=0, percentile=100.00%, depth=128

Run status group 0 (all jobs):
   READ: bw=5651MiB/s (5926MB/s), 5651MiB/s-5651MiB/s (5926MB/s-5926MB/s), io=30.0GiB (32.2GB), run=5436-5436msec
