jobs1: (g=0): rw=randwrite, bs=(R) 32.0KiB-32.0KiB, (W) 32.0KiB-32.0KiB, (T) 32.0KiB-32.0KiB, ioengine=libaio, iodepth=128
fio-3.28
Starting 1 process
jobs1: Laying out IO files (1024 files / total 30720MiB)
fio: pid=1169878, err=24/file:filesetup.c:805, func=open(/home/sevag/ramdisk//f1018), error=Too many open files

jobs1: (groupid=0, jobs=1): err=24 (file:filesetup.c:805, func=open(/home/sevag/ramdisk//f1018), error=Too many open files): pid=1169878: Wed Jul 26 09:27:09 2023
  write: IOPS=35.1k, BW=1098MiB/s (1151MB/s)(31.8MiB/29msec); 0 zone resets
    slat (nsec): min=13659, max=67486, avg=20748.77, stdev=4953.68
    clat (usec): min=36, max=4366, avg=3240.91, stdev=888.58
     lat (usec): min=54, max=4427, avg=3261.83, stdev=892.03
    clat percentiles (usec):
     |  1.00th=[  310],  5.00th=[ 1172], 10.00th=[ 2278], 20.00th=[ 2737],
     | 30.00th=[ 2802], 40.00th=[ 3359], 50.00th=[ 3392], 60.00th=[ 3425],
     | 70.00th=[ 3621], 80.00th=[ 4178], 90.00th=[ 4228], 95.00th=[ 4228],
     | 99.00th=[ 4293], 99.50th=[ 4359], 99.90th=[ 4359], 99.95th=[ 4359],
     | 99.99th=[ 4359]
  lat (usec)   : 50=0.10%, 250=0.59%, 500=1.28%, 750=1.08%, 1000=1.18%
  lat (msec)   : 2=4.51%, 4=66.54%, 10=24.73%
  cpu          : usr=28.57%, sys=67.86%, ctx=0, majf=0, minf=16
  IO depths    : 1=0.1%, 2=0.2%, 4=0.4%, 8=0.8%, 16=1.6%, 32=3.1%, >=64=93.8%
     submit    : 0=0.0%, 4=100.0%, 8=0.0%, 16=0.0%, 32=0.0%, 64=0.0%, >=64=0.0%
     complete  : 0=0.0%, 4=99.9%, 8=0.0%, 16=0.0%, 32=0.0%, 64=0.0%, >=64=0.1%
     issued rwts: total=0,1019,0,0 short=0,0,0,0 dropped=0,0,0,0
     latency   : target=0, window=0, percentile=100.00%, depth=128

Run status group 0 (all jobs):
  WRITE: bw=1098MiB/s (1151MB/s), 1098MiB/s-1098MiB/s (1151MB/s-1151MB/s), io=31.8MiB (33.4MB), run=29-29msec
