jobs1: (g=0): rw=randwrite, bs=(R) 128KiB-128KiB, (W) 128KiB-128KiB, (T) 128KiB-128KiB, ioengine=libaio, iodepth=128
...
fio-3.28
Starting 16 processes
jobs1: Laying out IO files (128 files / total 30720MiB)

jobs1: (groupid=0, jobs=16): err= 0: pid=832983: Wed Jul 26 03:02:09 2023
  write: IOPS=46.1k, BW=5763MiB/s (6042MB/s)(30.0GiB/5331msec); 0 zone resets
    slat (nsec): min=18783, max=51828, avg=21083.99, stdev=1121.47
    clat (nsec): min=1913, max=5935.8k, avg=2753572.40, stdev=91685.55
     lat (usec): min=23, max=5979, avg=2774.71, stdev=92.32
    clat percentiles (usec):
     |  1.00th=[ 2737],  5.00th=[ 2737], 10.00th=[ 2737], 20.00th=[ 2737],
     | 30.00th=[ 2737], 40.00th=[ 2737], 50.00th=[ 2737], 60.00th=[ 2737],
     | 70.00th=[ 2737], 80.00th=[ 2769], 90.00th=[ 2769], 95.00th=[ 2769],
     | 99.00th=[ 2933], 99.50th=[ 3032], 99.90th=[ 4047], 99.95th=[ 4817],
     | 99.99th=[ 5800]
   bw (  MiB/s): min= 5608, max= 5786, per=100.00%, avg=5765.34, stdev=55.28, samples=10
   iops        : min=44866, max=46290, avg=46122.60, stdev=442.50, samples=10
  lat (usec)   : 2=0.01%, 50=0.01%, 100=0.01%, 250=0.01%, 500=0.01%
  lat (usec)   : 750=0.01%, 1000=0.01%
  lat (msec)   : 2=0.02%, 4=99.86%, 10=0.10%
  cpu          : usr=11.03%, sys=88.97%, ctx=5, majf=0, minf=34
  IO depths    : 1=0.1%, 2=0.1%, 4=0.1%, 8=0.1%, 16=0.1%, 32=0.1%, >=64=100.0%
     submit    : 0=0.0%, 4=100.0%, 8=0.0%, 16=0.0%, 32=0.0%, 64=0.0%, >=64=0.0%
     complete  : 0=0.0%, 4=100.0%, 8=0.0%, 16=0.0%, 32=0.0%, 64=0.0%, >=64=0.1%
     issued rwts: total=0,245760,0,0 short=0,0,0,0 dropped=0,0,0,0
     latency   : target=0, window=0, percentile=100.00%, depth=128

Run status group 0 (all jobs):
  WRITE: bw=5763MiB/s (6042MB/s), 5763MiB/s-5763MiB/s (6042MB/s-6042MB/s), io=30.0GiB (32.2GB), run=5331-5331msec
