jobs1: (g=0): rw=randread, bs=(R) 32.0KiB-32.0KiB, (W) 32.0KiB-32.0KiB, (T) 32.0KiB-32.0KiB, ioengine=libaio, iodepth=128
fio-3.28
Starting 1 process
jobs1: Laying out IO files (1024 files / total 30720MiB)
fio: pid=1175768, err=24/file:filesetup.c:805, func=open(/home/sevag/fuse_boc//f1018), error=Too many open files

jobs1: (groupid=0, jobs=1): err=24 (file:filesetup.c:805, func=open(/home/sevag/fuse_boc//f1018), error=Too many open files): pid=1175768: Wed Jul 26 09:46:01 2023
  read: IOPS=7899, BW=247MiB/s (259MB/s)(31.8MiB/129msec)
    slat (usec): min=67, max=383, avg=81.86, stdev=26.88
    clat (usec): min=77, max=26976, avg=13956.69, stdev=3483.97
     lat (usec): min=158, max=27351, avg=14039.01, stdev=3498.50
    clat percentiles (usec):
     |  1.00th=[ 1418],  5.00th=[ 5735], 10.00th=[11207], 20.00th=[13698],
     | 30.00th=[13960], 40.00th=[14222], 50.00th=[14484], 60.00th=[14484],
     | 70.00th=[14615], 80.00th=[14746], 90.00th=[15533], 95.00th=[20055],
     | 99.00th=[23987], 99.50th=[25035], 99.90th=[26870], 99.95th=[26870],
     | 99.99th=[26870]
  lat (usec)   : 100=0.10%, 500=0.20%, 750=0.20%, 1000=0.20%
  lat (msec)   : 2=0.88%, 4=1.77%, 10=5.59%, 20=86.06%, 50=5.00%
  cpu          : usr=0.00%, sys=51.56%, ctx=2041, majf=0, minf=1041
  IO depths    : 1=0.1%, 2=0.2%, 4=0.4%, 8=0.8%, 16=1.6%, 32=3.1%, >=64=93.8%
     submit    : 0=0.0%, 4=100.0%, 8=0.0%, 16=0.0%, 32=0.0%, 64=0.0%, >=64=0.0%
     complete  : 0=0.0%, 4=99.9%, 8=0.0%, 16=0.0%, 32=0.0%, 64=0.0%, >=64=0.1%
     issued rwts: total=1019,0,0,0 short=0,0,0,0 dropped=0,0,0,0
     latency   : target=0, window=0, percentile=100.00%, depth=128

Run status group 0 (all jobs):
   READ: bw=247MiB/s (259MB/s), 247MiB/s-247MiB/s (259MB/s-259MB/s), io=31.8MiB (33.4MB), run=129-129msec
