jobs1: (g=0): rw=randwrite, bs=(R) 4096B-4096B, (W) 4096B-4096B, (T) 4096B-4096B, ioengine=libaio, iodepth=128
fio-3.28
Starting 1 process
jobs1: Laying out IO files (64 files / total 30720MiB)

jobs1: (groupid=0, jobs=1): err= 0: pid=231857: Tue Jul 25 20:59:23 2023
  write: IOPS=234k, BW=915MiB/s (959MB/s)(30.0GiB/33587msec); 0 zone resets
    slat (nsec): min=1528, max=73568k, avg=3398.66, stdev=84264.11
    clat (usec): min=2, max=516004, avg=540.14, stdev=1850.66
     lat (usec): min=4, max=516026, avg=543.64, stdev=1862.03
    clat percentiles (usec):
     |  1.00th=[  388],  5.00th=[  392], 10.00th=[  396], 20.00th=[  400],
     | 30.00th=[  429], 40.00th=[  474], 50.00th=[  482], 60.00th=[  498],
     | 70.00th=[  562], 80.00th=[  562], 90.00th=[  570], 95.00th=[  586],
     | 99.00th=[  766], 99.50th=[ 1205], 99.90th=[13829], 99.95th=[15008],
     | 99.99th=[18482]
   bw (  KiB/s): min=  136, max=1180928, per=100.00%, avg=936898.99, stdev=180501.92, samples=67
   iops        : min=   34, max=295232, avg=234224.78, stdev=45125.46, samples=67
  lat (usec)   : 4=0.01%, 10=0.01%, 20=0.01%, 50=0.01%, 100=0.01%
  lat (usec)   : 250=0.01%, 500=60.07%, 750=38.85%, 1000=0.45%
  lat (msec)   : 2=0.22%, 4=0.03%, 10=0.09%, 20=0.28%, 50=0.01%
  lat (msec)   : 100=0.01%, 250=0.01%, 500=0.01%, 750=0.01%
  cpu          : usr=20.78%, sys=69.42%, ctx=2475, majf=0, minf=14
  IO depths    : 1=0.1%, 2=0.1%, 4=0.1%, 8=0.1%, 16=0.1%, 32=0.1%, >=64=100.0%
     submit    : 0=0.0%, 4=100.0%, 8=0.0%, 16=0.0%, 32=0.0%, 64=0.0%, >=64=0.0%
     complete  : 0=0.0%, 4=100.0%, 8=0.0%, 16=0.0%, 32=0.0%, 64=0.0%, >=64=0.1%
     issued rwts: total=0,7864320,0,0 short=0,0,0,0 dropped=0,0,0,0
     latency   : target=0, window=0, percentile=100.00%, depth=128

Run status group 0 (all jobs):
  WRITE: bw=915MiB/s (959MB/s), 915MiB/s-915MiB/s (959MB/s-959MB/s), io=30.0GiB (32.2GB), run=33587-33587msec
