jobs1: (g=0): rw=randwrite, bs=(R) 4096B-4096B, (W) 4096B-4096B, (T) 4096B-4096B, ioengine=libaio, iodepth=128
...
fio-3.28
Starting 32 processes
jobs1: Laying out IO file (1 file / 30720MiB)

jobs1: (groupid=0, jobs=32): err= 0: pid=152837: Tue Jul 25 17:48:06 2023
  write: IOPS=442k, BW=1727MiB/s (1811MB/s)(30.0GiB/17786msec); 0 zone resets
    slat (nsec): min=1208, max=73424, avg=1701.62, stdev=489.91
    clat (nsec): min=1140, max=1207.4k, avg=287448.91, stdev=54424.94
     lat (usec): min=2, max=1214, avg=289.21, stdev=54.77
    clat percentiles (usec):
     |  1.00th=[  265],  5.00th=[  269], 10.00th=[  269], 20.00th=[  269],
     | 30.00th=[  269], 40.00th=[  273], 50.00th=[  273], 60.00th=[  273],
     | 70.00th=[  273], 80.00th=[  273], 90.00th=[  277], 95.00th=[  457],
     | 99.00th=[  469], 99.50th=[  474], 99.90th=[  494], 99.95th=[  578],
     | 99.99th=[ 1156]
   bw (  MiB/s): min= 1035, max= 1841, per=100.00%, avg=1730.24, stdev=253.03, samples=35
   iops        : min=265033, max=471450, avg=442941.03, stdev=64775.75, samples=35
  lat (usec)   : 2=0.01%, 4=0.01%, 10=0.01%, 20=0.01%, 50=0.01%
  lat (usec)   : 100=0.01%, 250=0.01%, 500=99.90%, 750=0.05%, 1000=0.02%
  lat (msec)   : 2=0.02%
  cpu          : usr=23.91%, sys=76.08%, ctx=30, majf=0, minf=60
  IO depths    : 1=0.1%, 2=0.1%, 4=0.1%, 8=0.1%, 16=0.1%, 32=0.1%, >=64=100.0%
     submit    : 0=0.0%, 4=100.0%, 8=0.0%, 16=0.0%, 32=0.0%, 64=0.0%, >=64=0.0%
     complete  : 0=0.0%, 4=100.0%, 8=0.0%, 16=0.0%, 32=0.0%, 64=0.0%, >=64=0.1%
     issued rwts: total=0,7864320,0,0 short=0,0,0,0 dropped=0,0,0,0
     latency   : target=0, window=0, percentile=100.00%, depth=128

Run status group 0 (all jobs):
  WRITE: bw=1727MiB/s (1811MB/s), 1727MiB/s-1727MiB/s (1811MB/s-1811MB/s), io=30.0GiB (32.2GB), run=17786-17786msec
