jobs1: (g=0): rw=randwrite, bs=(R) 32.0KiB-32.0KiB, (W) 32.0KiB-32.0KiB, (T) 32.0KiB-32.0KiB, ioengine=libaio, iodepth=128
...
fio-3.28
Starting 32 processes
jobs1: Laying out IO file (1 file / 30720MiB)

jobs1: (groupid=0, jobs=32): err= 0: pid=167185: Tue Jul 25 18:47:30 2023
  write: IOPS=55.4k, BW=1732MiB/s (1817MB/s)(30.0GiB/17733msec); 0 zone resets
    slat (usec): min=8, max=57613, avg=17.39, stdev=201.95
    clat (nsec): min=1654, max=742240k, avg=2202524.67, stdev=2215144.81
     lat (usec): min=14, max=742322, avg=2219.99, stdev=2340.24
    clat percentiles (usec):
     |  1.00th=[ 1287],  5.00th=[ 1401], 10.00th=[ 1942], 20.00th=[ 1958],
     | 30.00th=[ 1975], 40.00th=[ 1991], 50.00th=[ 2024], 60.00th=[ 2040],
     | 70.00th=[ 2073], 80.00th=[ 2147], 90.00th=[ 2507], 95.00th=[ 3195],
     | 99.00th=[ 3851], 99.50th=[12518], 99.90th=[18220], 99.95th=[21103],
     | 99.99th=[22152]
   bw (  MiB/s): min= 1103, max= 1993, per=100.00%, avg=1803.21, stdev=256.20, samples=34
   iops        : min=35326, max=63796, avg=57702.76, stdev=8198.29, samples=34
  lat (usec)   : 2=0.01%, 20=0.01%, 50=0.01%, 100=0.01%, 250=0.01%
  lat (usec)   : 500=0.01%, 750=0.01%, 1000=0.01%
  lat (msec)   : 2=43.33%, 4=55.72%, 10=0.11%, 20=0.77%, 50=0.06%
  lat (msec)   : 100=0.01%, 250=0.01%, 500=0.01%, 750=0.01%
  cpu          : usr=5.77%, sys=85.70%, ctx=124, majf=0, minf=76
  IO depths    : 1=0.1%, 2=0.1%, 4=0.1%, 8=0.1%, 16=0.1%, 32=0.1%, >=64=100.0%
     submit    : 0=0.0%, 4=100.0%, 8=0.0%, 16=0.0%, 32=0.0%, 64=0.0%, >=64=0.0%
     complete  : 0=0.0%, 4=100.0%, 8=0.0%, 16=0.0%, 32=0.0%, 64=0.0%, >=64=0.1%
     issued rwts: total=0,983040,0,0 short=0,0,0,0 dropped=0,0,0,0
     latency   : target=0, window=0, percentile=100.00%, depth=128

Run status group 0 (all jobs):
  WRITE: bw=1732MiB/s (1817MB/s), 1732MiB/s-1732MiB/s (1817MB/s-1817MB/s), io=30.0GiB (32.2GB), run=17733-17733msec
