jobs1: (g=0): rw=randread, bs=(R) 4096B-4096B, (W) 4096B-4096B, (T) 4096B-4096B, ioengine=libaio, iodepth=128
...
fio-3.28
Starting 32 processes
jobs1: Laying out IO files (64 files / total 30720MiB)

jobs1: (groupid=0, jobs=32): err= 0: pid=465517: Tue Jul 25 21:59:26 2023
  read: IOPS=6193, BW=24.2MiB/s (25.4MB/s)(2903MiB/120001msec)
    slat (usec): min=30, max=388, avg=155.71, stdev=55.85
    clat (usec): min=4, max=84543, avg=20497.57, stdev=2596.53
     lat (usec): min=149, max=84738, avg=20653.98, stdev=2611.59
    clat percentiles (usec):
     |  1.00th=[13042],  5.00th=[15401], 10.00th=[16909], 20.00th=[18744],
     | 30.00th=[19792], 40.00th=[20579], 50.00th=[21103], 60.00th=[21627],
     | 70.00th=[21890], 80.00th=[22414], 90.00th=[22938], 95.00th=[23462],
     | 99.00th=[25035], 99.50th=[25297], 99.90th=[25822], 99.95th=[26084],
     | 99.99th=[26346]
   bw (  KiB/s): min=20248, max=34440, per=99.89%, avg=24749.73, stdev=2030.09, samples=239
   iops        : min= 5062, max= 8610, avg=6187.39, stdev=507.52, samples=239
  lat (usec)   : 10=0.01%, 250=0.01%, 500=0.01%, 750=0.01%, 1000=0.01%
  lat (msec)   : 2=0.01%, 4=0.01%, 10=0.24%, 20=31.81%, 50=67.93%
  lat (msec)   : 100=0.01%
  cpu          : usr=3.44%, sys=14.51%, ctx=743359, majf=0, minf=236
  IO depths    : 1=0.1%, 2=0.1%, 4=0.1%, 8=0.1%, 16=0.1%, 32=0.1%, >=64=100.0%
     submit    : 0=0.0%, 4=100.0%, 8=0.0%, 16=0.0%, 32=0.0%, 64=0.0%, >=64=0.0%
     complete  : 0=0.0%, 4=100.0%, 8=0.0%, 16=0.0%, 32=0.0%, 64=0.0%, >=64=0.1%
     issued rwts: total=743259,0,0,0 short=0,0,0,0 dropped=0,0,0,0
     latency   : target=0, window=0, percentile=100.00%, depth=128

Run status group 0 (all jobs):
   READ: bw=24.2MiB/s (25.4MB/s), 24.2MiB/s-24.2MiB/s (25.4MB/s-25.4MB/s), io=2903MiB (3044MB), run=120001-120001msec
