jobs1: (g=0): rw=randwrite, bs=(R) 128KiB-128KiB, (W) 128KiB-128KiB, (T) 128KiB-128KiB, ioengine=libaio, iodepth=128
...
fio-3.28
Starting 16 processes
jobs1: Laying out IO files (64 files / total 30720MiB)

jobs1: (groupid=0, jobs=16): err= 0: pid=495876: Tue Jul 25 23:06:50 2023
  write: IOPS=17.2k, BW=2153MiB/s (2258MB/s)(30.0GiB/14268msec); 0 zone resets
    slat (usec): min=33, max=159638, avg=57.18, stdev=682.13
    clat (nsec): min=1973, max=631405k, avg=6996221.76, stdev=3002689.25
     lat (usec): min=49, max=756086, avg=7053.49, stdev=3369.43
    clat percentiles (usec):
     |  1.00th=[ 5014],  5.00th=[ 5604], 10.00th=[ 5735], 20.00th=[ 5866],
     | 30.00th=[ 5932], 40.00th=[ 5997], 50.00th=[ 6063], 60.00th=[ 6128],
     | 70.00th=[ 6849], 80.00th=[ 7701], 90.00th=[ 9503], 95.00th=[ 9896],
     | 99.00th=[17695], 99.50th=[23200], 99.90th=[27132], 99.95th=[27657],
     | 99.99th=[27919]
   bw (  MiB/s): min=  920, max= 2735, per=100.00%, avg=2225.64, stdev=471.37, samples=27
   iops        : min= 7364, max=21880, avg=17805.00, stdev=3770.92, samples=27
  lat (usec)   : 2=0.01%, 100=0.01%, 250=0.01%, 500=0.01%, 750=0.01%
  lat (usec)   : 1000=0.01%
  lat (msec)   : 2=0.01%, 4=0.02%, 10=95.81%, 20=3.42%, 50=0.74%
  lat (msec)   : 250=0.01%, 500=0.01%, 750=0.01%
  cpu          : usr=6.63%, sys=83.59%, ctx=163, majf=0, minf=44
  IO depths    : 1=0.1%, 2=0.1%, 4=0.1%, 8=0.1%, 16=0.1%, 32=0.1%, >=64=100.0%
     submit    : 0=0.0%, 4=100.0%, 8=0.0%, 16=0.0%, 32=0.0%, 64=0.0%, >=64=0.0%
     complete  : 0=0.0%, 4=100.0%, 8=0.0%, 16=0.0%, 32=0.0%, 64=0.0%, >=64=0.1%
     issued rwts: total=0,245760,0,0 short=0,0,0,0 dropped=0,0,0,0
     latency   : target=0, window=0, percentile=100.00%, depth=128

Run status group 0 (all jobs):
  WRITE: bw=2153MiB/s (2258MB/s), 2153MiB/s-2153MiB/s (2258MB/s-2258MB/s), io=30.0GiB (32.2GB), run=14268-14268msec
