jobs1: (g=0): rw=randread, bs=(R) 32.0KiB-32.0KiB, (W) 32.0KiB-32.0KiB, (T) 32.0KiB-32.0KiB, ioengine=libaio, iodepth=128
...
fio-3.28
Starting 16 processes
jobs1: Laying out IO files (64 files / total 30720MiB)

jobs1: (groupid=0, jobs=16): err= 0: pid=490705: Tue Jul 25 22:55:44 2023
  read: IOPS=137k, BW=4271MiB/s (4478MB/s)(30.0GiB/7193msec)
    slat (nsec): min=4557, max=70732, avg=6698.64, stdev=1423.20
    clat (nsec): min=1168, max=6407.7k, avg=928997.67, stdev=150957.15
     lat (usec): min=7, max=6479, avg=935.75, stdev=152.07
    clat percentiles (usec):
     |  1.00th=[  848],  5.00th=[  857], 10.00th=[  857], 20.00th=[  865],
     | 30.00th=[  865], 40.00th=[  865], 50.00th=[  865], 60.00th=[  865],
     | 70.00th=[  873], 80.00th=[  873], 90.00th=[ 1237], 95.00th=[ 1237],
     | 99.00th=[ 1254], 99.50th=[ 1254], 99.90th=[ 1811], 99.95th=[ 2540],
     | 99.99th=[ 3359]
   bw (  MiB/s): min= 3128, max= 4611, per=100.00%, avg=4289.40, stdev=596.41, samples=14
   iops        : min=100121, max=147556, avg=137261.14, stdev=19085.11, samples=14
  lat (usec)   : 2=0.01%, 10=0.01%, 20=0.01%, 50=0.01%, 100=0.01%
  lat (usec)   : 250=0.01%, 500=0.01%, 750=0.01%, 1000=83.12%
  lat (msec)   : 2=16.80%, 4=0.06%, 10=0.01%
  cpu          : usr=8.11%, sys=91.88%, ctx=12, majf=0, minf=1084
  IO depths    : 1=0.1%, 2=0.1%, 4=0.1%, 8=0.1%, 16=0.1%, 32=0.1%, >=64=100.0%
     submit    : 0=0.0%, 4=100.0%, 8=0.0%, 16=0.0%, 32=0.0%, 64=0.0%, >=64=0.0%
     complete  : 0=0.0%, 4=100.0%, 8=0.0%, 16=0.0%, 32=0.0%, 64=0.0%, >=64=0.1%
     issued rwts: total=983040,0,0,0 short=0,0,0,0 dropped=0,0,0,0
     latency   : target=0, window=0, percentile=100.00%, depth=128

Run status group 0 (all jobs):
   READ: bw=4271MiB/s (4478MB/s), 4271MiB/s-4271MiB/s (4478MB/s-4478MB/s), io=30.0GiB (32.2GB), run=7193-7193msec
