jobs1: (g=0): rw=randread, bs=(R) 32.0KiB-32.0KiB, (W) 32.0KiB-32.0KiB, (T) 32.0KiB-32.0KiB, ioengine=libaio, iodepth=128
...
fio-3.28
Starting 16 processes
jobs1: Laying out IO files (128 files / total 30720MiB)

jobs1: (groupid=0, jobs=16): err= 0: pid=821616: Wed Jul 26 02:36:21 2023
  read: IOPS=16.4k, BW=512MiB/s (536MB/s)(30.0GiB/60052msec)
    slat (usec): min=49, max=547, avg=58.37, stdev= 4.43
    clat (usec): min=4, max=30191, avg=7757.33, stdev=489.75
     lat (usec): min=58, max=30580, avg=7816.08, stdev=493.29
    clat percentiles (usec):
     |  1.00th=[ 7504],  5.00th=[ 7570], 10.00th=[ 7570], 20.00th=[ 7570],
     | 30.00th=[ 7570], 40.00th=[ 7570], 50.00th=[ 7570], 60.00th=[ 7635],
     | 70.00th=[ 7635], 80.00th=[ 7832], 90.00th=[ 8094], 95.00th=[ 8160],
     | 99.00th=[10028], 99.50th=[10028], 99.90th=[10159], 99.95th=[10159],
     | 99.99th=[16909]
   bw (  KiB/s): min=381636, max=543616, per=100.00%, avg=523964.41, stdev=26188.62, samples=120
   iops        : min=11926, max=16988, avg=16373.87, stdev=818.41, samples=120
  lat (usec)   : 10=0.01%, 100=0.01%, 250=0.01%, 500=0.01%, 750=0.01%
  lat (usec)   : 1000=0.01%
  lat (msec)   : 2=0.01%, 4=0.01%, 10=98.10%, 20=1.89%, 50=0.01%
  cpu          : usr=4.90%, sys=48.49%, ctx=983209, majf=0, minf=1067
  IO depths    : 1=0.1%, 2=0.1%, 4=0.1%, 8=0.1%, 16=0.1%, 32=0.1%, >=64=100.0%
     submit    : 0=0.0%, 4=100.0%, 8=0.0%, 16=0.0%, 32=0.0%, 64=0.0%, >=64=0.0%
     complete  : 0=0.0%, 4=100.0%, 8=0.0%, 16=0.0%, 32=0.0%, 64=0.0%, >=64=0.1%
     issued rwts: total=983040,0,0,0 short=0,0,0,0 dropped=0,0,0,0
     latency   : target=0, window=0, percentile=100.00%, depth=128

Run status group 0 (all jobs):
   READ: bw=512MiB/s (536MB/s), 512MiB/s-512MiB/s (536MB/s-536MB/s), io=30.0GiB (32.2GB), run=60052-60052msec
