jobs1: (g=0): rw=randwrite, bs=(R) 32.0KiB-32.0KiB, (W) 32.0KiB-32.0KiB, (T) 32.0KiB-32.0KiB, ioengine=libaio, iodepth=128
...
fio-3.28
Starting 16 processes
jobs1: Laying out IO files (512 files / total 30720MiB)

jobs1: (groupid=0, jobs=16): err= 0: pid=1104664: Wed Jul 26 06:06:11 2023
  write: IOPS=45.1k, BW=1409MiB/s (1478MB/s)(30.0GiB/21797msec); 0 zone resets
    slat (usec): min=8, max=204015, avg=21.25, stdev=392.67
    clat (nsec): min=1532, max=1037.1M, avg=2699040.15, stdev=4395351.54
     lat (usec): min=10, max=1037.2k, avg=2720.39, stdev=4523.84
    clat percentiles (usec):
     |  1.00th=[ 1352],  5.00th=[ 1401], 10.00th=[ 1450], 20.00th=[ 1582],
     | 30.00th=[ 1663], 40.00th=[ 1745], 50.00th=[ 1876], 60.00th=[ 1893],
     | 70.00th=[ 1926], 80.00th=[ 2040], 90.00th=[ 2540], 95.00th=[11600],
     | 99.00th=[15139], 99.50th=[17433], 99.90th=[21103], 99.95th=[21890],
     | 99.99th=[22414]
   bw (  MiB/s): min=   34, max= 1946, per=100.00%, avg=1442.40, stdev=287.26, samples=42
   iops        : min= 1106, max=62284, avg=46156.76, stdev=9192.25, samples=42
  lat (usec)   : 2=0.01%, 20=0.01%, 50=0.01%, 100=0.01%, 250=0.01%
  lat (usec)   : 500=0.01%, 750=0.01%, 1000=0.01%
  lat (msec)   : 2=78.00%, 4=13.79%, 10=0.62%, 20=7.36%, 50=0.22%
  lat (msec)   : 250=0.01%, 500=0.01%, 750=0.01%, 1000=0.01%, 2000=0.01%
  cpu          : usr=6.11%, sys=57.96%, ctx=1215, majf=0, minf=43
  IO depths    : 1=0.1%, 2=0.1%, 4=0.1%, 8=0.1%, 16=0.1%, 32=0.1%, >=64=100.0%
     submit    : 0=0.0%, 4=100.0%, 8=0.0%, 16=0.0%, 32=0.0%, 64=0.0%, >=64=0.0%
     complete  : 0=0.0%, 4=100.0%, 8=0.0%, 16=0.0%, 32=0.0%, 64=0.0%, >=64=0.1%
     issued rwts: total=0,983040,0,0 short=0,0,0,0 dropped=0,0,0,0
     latency   : target=0, window=0, percentile=100.00%, depth=128

Run status group 0 (all jobs):
  WRITE: bw=1409MiB/s (1478MB/s), 1409MiB/s-1409MiB/s (1478MB/s-1478MB/s), io=30.0GiB (32.2GB), run=21797-21797msec
