jobs1: (g=0): rw=randwrite, bs=(R) 128KiB-128KiB, (W) 128KiB-128KiB, (T) 128KiB-128KiB, ioengine=libaio, iodepth=128
...
fio-3.28
Starting 32 processes
jobs1: Laying out IO files (512 files / total 30720MiB)

jobs1: (groupid=0, jobs=32): err= 0: pid=1136288: Wed Jul 26 07:11:25 2023
  write: IOPS=26.6k, BW=3323MiB/s (3485MB/s)(30.0GiB/9244msec); 0 zone resets
    slat (usec): min=28, max=944, avg=36.85, stdev=10.45
    clat (usec): min=2, max=15222, avg=4771.74, stdev=1259.27
     lat (usec): min=34, max=15454, avg=4808.68, stdev=1269.12
    clat percentiles (usec):
     |  1.00th=[ 4178],  5.00th=[ 4178], 10.00th=[ 4228], 20.00th=[ 4228],
     | 30.00th=[ 4228], 40.00th=[ 4228], 50.00th=[ 4228], 60.00th=[ 4228],
     | 70.00th=[ 4228], 80.00th=[ 4228], 90.00th=[ 7570], 95.00th=[ 7635],
     | 99.00th=[ 7635], 99.50th=[ 7701], 99.90th=[ 9110], 99.95th=[ 9503],
     | 99.99th=[ 9634]
   bw (  MiB/s): min= 2005, max= 3773, per=99.93%, avg=3320.80, stdev=750.19, samples=18
   iops        : min=16043, max=30190, avg=26566.44, stdev=6001.69, samples=18
  lat (usec)   : 4=0.01%, 50=0.01%, 100=0.01%, 250=0.01%, 500=0.01%
  lat (usec)   : 750=0.01%, 1000=0.01%
  lat (msec)   : 2=0.01%, 4=0.02%, 10=99.94%, 20=0.01%
  cpu          : usr=7.22%, sys=92.76%, ctx=16, majf=0, minf=95
  IO depths    : 1=0.1%, 2=0.1%, 4=0.1%, 8=0.1%, 16=0.1%, 32=0.1%, >=64=100.0%
     submit    : 0=0.0%, 4=100.0%, 8=0.0%, 16=0.0%, 32=0.0%, 64=0.0%, >=64=0.0%
     complete  : 0=0.0%, 4=100.0%, 8=0.0%, 16=0.0%, 32=0.0%, 64=0.0%, >=64=0.1%
     issued rwts: total=0,245760,0,0 short=0,0,0,0 dropped=0,0,0,0
     latency   : target=0, window=0, percentile=100.00%, depth=128

Run status group 0 (all jobs):
  WRITE: bw=3323MiB/s (3485MB/s), 3323MiB/s-3323MiB/s (3485MB/s-3485MB/s), io=30.0GiB (32.2GB), run=9244-9244msec
