jobs1: (g=0): rw=randwrite, bs=(R) 512KiB-512KiB, (W) 512KiB-512KiB, (T) 512KiB-512KiB, ioengine=libaio, iodepth=128
...
fio-3.28
Starting 32 processes
jobs1: Laying out IO files (1024 files / total 30720MiB)
fio: pid=1195813, err=24/file:filesetup.c:805, func=open(/home/sevag/fuse_boc//f1018), error=Too many open files

jobs1: (groupid=0, jobs=32): err=24 (file:filesetup.c:805, func=open(/home/sevag/fuse_boc//f1018), error=Too many open files): pid=1195813: Wed Jul 26 10:41:32 2023
  write: IOPS=909, BW=455MiB/s (477MB/s)(510MiB/1120msec); 0 zone resets
    slat (usec): min=279, max=375953, avg=1005.87, stdev=11844.02
    clat (usec): min=76, max=125152, avg=88563.36, stdev=28712.01
     lat (usec): min=496, max=432160, avg=89569.60, stdev=30727.77
    clat percentiles (msec):
     |  1.00th=[    6],  5.00th=[   42], 10.00th=[   43], 20.00th=[   54],
     | 30.00th=[   89], 40.00th=[   99], 50.00th=[  102], 60.00th=[  105],
     | 70.00th=[  107], 80.00th=[  109], 90.00th=[  114], 95.00th=[  116],
     | 99.00th=[  123], 99.50th=[  125], 99.90th=[  126], 99.95th=[  126],
     | 99.99th=[  126]
   bw (  KiB/s): min=282659, max=282659, per=60.68%, avg=282659.00, stdev= 0.00, samples=1
   iops        : min=  552, max=  552, avg=552.00, stdev= 0.00, samples=1
  lat (usec)   : 100=0.10%, 750=0.10%
  lat (msec)   : 2=0.20%, 4=0.39%, 10=0.88%, 20=1.47%, 50=14.82%
  lat (msec)   : 100=26.79%, 250=55.25%
  cpu          : usr=3.84%, sys=37.53%, ctx=1126, majf=0, minf=73
  IO depths    : 1=0.1%, 2=0.2%, 4=0.4%, 8=0.8%, 16=1.6%, 32=3.1%, >=64=93.8%
     submit    : 0=0.0%, 4=100.0%, 8=0.0%, 16=0.0%, 32=0.0%, 64=0.0%, >=64=0.0%
     complete  : 0=0.0%, 4=99.9%, 8=0.0%, 16=0.0%, 32=0.0%, 64=0.0%, >=64=0.1%
     issued rwts: total=0,1019,0,0 short=0,0,0,0 dropped=0,0,0,0
     latency   : target=0, window=0, percentile=100.00%, depth=128

Run status group 0 (all jobs):
  WRITE: bw=455MiB/s (477MB/s), 455MiB/s-455MiB/s (477MB/s-477MB/s), io=510MiB (534MB), run=1120-1120msec
