jobs1: (g=0): rw=randread, bs=(R) 128KiB-128KiB, (W) 128KiB-128KiB, (T) 128KiB-128KiB, ioengine=libaio, iodepth=128
fio-3.28
Starting 1 process
jobs1: Laying out IO files (128 files / total 30720MiB)

jobs1: (groupid=0, jobs=1): err= 0: pid=846769: Wed Jul 26 03:27:28 2023
  read: IOPS=41.3k, BW=5165MiB/s (5416MB/s)(30.0GiB/5948msec)
    slat (usec): min=19, max=202, avg=23.50, stdev= 4.89
    clat (nsec): min=1880, max=20870k, avg=3067865.84, stdev=537722.51
     lat (usec): min=24, max=21073, avg=3091.45, stdev=542.32
    clat percentiles (usec):
     |  1.00th=[ 2802],  5.00th=[ 2802], 10.00th=[ 2802], 20.00th=[ 2802],
     | 30.00th=[ 2802], 40.00th=[ 2835], 50.00th=[ 2835], 60.00th=[ 2835],
     | 70.00th=[ 2835], 80.00th=[ 3982], 90.00th=[ 3982], 95.00th=[ 3982],
     | 99.00th=[ 4015], 99.50th=[ 4015], 99.90th=[ 4686], 99.95th=[ 6456],
     | 99.99th=[17695]
   bw (  MiB/s): min= 3785, max= 5633, per=99.24%, avg=5125.64, stdev=788.94, samples=11
   iops        : min=30282, max=45066, avg=41005.09, stdev=6311.55, samples=11
  lat (usec)   : 2=0.01%, 50=0.01%, 100=0.01%, 250=0.01%, 500=0.01%
  lat (usec)   : 750=0.01%, 1000=0.01%
  lat (msec)   : 2=0.02%, 4=98.33%, 10=1.60%, 20=0.03%, 50=0.01%
  cpu          : usr=2.40%, sys=97.56%, ctx=8, majf=0, minf=4107
  IO depths    : 1=0.1%, 2=0.1%, 4=0.1%, 8=0.1%, 16=0.1%, 32=0.1%, >=64=100.0%
     submit    : 0=0.0%, 4=100.0%, 8=0.0%, 16=0.0%, 32=0.0%, 64=0.0%, >=64=0.0%
     complete  : 0=0.0%, 4=100.0%, 8=0.0%, 16=0.0%, 32=0.0%, 64=0.0%, >=64=0.1%
     issued rwts: total=245760,0,0,0 short=0,0,0,0 dropped=0,0,0,0
     latency   : target=0, window=0, percentile=100.00%, depth=128

Run status group 0 (all jobs):
   READ: bw=5165MiB/s (5416MB/s), 5165MiB/s-5165MiB/s (5416MB/s-5416MB/s), io=30.0GiB (32.2GB), run=5948-5948msec
