jobs1: (g=0): rw=randwrite, bs=(R) 4096B-4096B, (W) 4096B-4096B, (T) 4096B-4096B, ioengine=libaio, iodepth=128
fio-3.28
Starting 1 process
jobs1: Laying out IO files (512 files / total 30720MiB)

jobs1: (groupid=0, jobs=1): err= 0: pid=951558: Wed Jul 26 04:49:11 2023
  write: IOPS=510k, BW=1991MiB/s (2088MB/s)(30.0GiB/15430msec); 0 zone resets
    slat (nsec): min=998, max=23591, avg=1437.30, stdev=318.34
    clat (nsec): min=1170, max=1714.9k, avg=249398.57, stdev=45847.21
     lat (usec): min=2, max=1719, avg=250.88, stdev=46.12
    clat percentiles (usec):
     |  1.00th=[  231],  5.00th=[  233], 10.00th=[  235], 20.00th=[  237],
     | 30.00th=[  237], 40.00th=[  237], 50.00th=[  239], 60.00th=[  239],
     | 70.00th=[  241], 80.00th=[  241], 90.00th=[  243], 95.00th=[  416],
     | 99.00th=[  429], 99.50th=[  433], 99.90th=[  437], 99.95th=[  537],
     | 99.99th=[  783]
   bw (  MiB/s): min= 1163, max= 2104, per=99.83%, avg=1987.47, stdev=279.53, samples=30
   iops        : min=297804, max=538820, avg=508791.53, stdev=71560.84, samples=30
  lat (usec)   : 2=0.01%, 4=0.01%, 10=0.01%, 20=0.01%, 50=0.01%
  lat (usec)   : 100=0.01%, 250=93.22%, 500=6.73%, 750=0.03%, 1000=0.02%
  lat (msec)   : 2=0.01%
  cpu          : usr=26.58%, sys=73.41%, ctx=17, majf=0, minf=12
  IO depths    : 1=0.1%, 2=0.1%, 4=0.1%, 8=0.1%, 16=0.1%, 32=0.1%, >=64=100.0%
     submit    : 0=0.0%, 4=100.0%, 8=0.0%, 16=0.0%, 32=0.0%, 64=0.0%, >=64=0.0%
     complete  : 0=0.0%, 4=100.0%, 8=0.0%, 16=0.0%, 32=0.0%, 64=0.0%, >=64=0.1%
     issued rwts: total=0,7864320,0,0 short=0,0,0,0 dropped=0,0,0,0
     latency   : target=0, window=0, percentile=100.00%, depth=128

Run status group 0 (all jobs):
  WRITE: bw=1991MiB/s (2088MB/s), 1991MiB/s-1991MiB/s (2088MB/s-2088MB/s), io=30.0GiB (32.2GB), run=15430-15430msec
