jobs1: (g=0): rw=randwrite, bs=(R) 512KiB-512KiB, (W) 512KiB-512KiB, (T) 512KiB-512KiB, ioengine=libaio, iodepth=128
fio-3.28
Starting 1 process
jobs1: Laying out IO files (512 files / total 30720MiB)

jobs1: (groupid=0, jobs=1): err= 0: pid=1145182: Wed Jul 26 07:57:35 2023
  write: IOPS=1569, BW=785MiB/s (823MB/s)(30.0GiB/39142msec); 0 zone resets
    slat (usec): min=233, max=614451, avg=633.68, stdev=3115.56
    clat (usec): min=4, max=117646, avg=79495.20, stdev=6910.82
     lat (usec): min=395, max=705374, avg=80129.18, stdev=7414.52
    clat percentiles (msec):
     |  1.00th=[   67],  5.00th=[   72], 10.00th=[   73], 20.00th=[   74],
     | 30.00th=[   75], 40.00th=[   77], 50.00th=[   79], 60.00th=[   80],
     | 70.00th=[   84], 80.00th=[   87], 90.00th=[   89], 95.00th=[   90],
     | 99.00th=[   93], 99.50th=[   95], 99.90th=[  110], 99.95th=[  113],
     | 99.99th=[  117]
   bw (  KiB/s): min=439296, max=836608, per=100.00%, avg=812444.26, stdev=44089.39, samples=77
   iops        : min=  858, max= 1634, avg=1586.81, stdev=86.11, samples=77
  lat (usec)   : 10=0.01%, 500=0.01%, 1000=0.01%
  lat (msec)   : 2=0.01%, 4=0.01%, 10=0.03%, 20=0.02%, 50=0.34%
  lat (msec)   : 100=99.22%, 250=0.37%
  cpu          : usr=3.73%, sys=54.39%, ctx=1713, majf=0, minf=13
  IO depths    : 1=0.1%, 2=0.1%, 4=0.1%, 8=0.1%, 16=0.1%, 32=0.1%, >=64=99.9%
     submit    : 0=0.0%, 4=100.0%, 8=0.0%, 16=0.0%, 32=0.0%, 64=0.0%, >=64=0.0%
     complete  : 0=0.0%, 4=100.0%, 8=0.0%, 16=0.0%, 32=0.0%, 64=0.0%, >=64=0.1%
     issued rwts: total=0,61440,0,0 short=0,0,0,0 dropped=0,0,0,0
     latency   : target=0, window=0, percentile=100.00%, depth=128

Run status group 0 (all jobs):
  WRITE: bw=785MiB/s (823MB/s), 785MiB/s-785MiB/s (823MB/s-823MB/s), io=30.0GiB (32.2GB), run=39142-39142msec
