jobs1: (g=0): rw=randread, bs=(R) 128KiB-128KiB, (W) 128KiB-128KiB, (T) 128KiB-128KiB, ioengine=libaio, iodepth=128
fio-3.28
Starting 1 process
jobs1: Laying out IO files (128 files / total 30720MiB)

jobs1: (groupid=0, jobs=1): err= 0: pid=843811: Wed Jul 26 03:21:02 2023
  read: IOPS=6591, BW=824MiB/s (864MB/s)(30.0GiB/37282msec)
    slat (usec): min=119, max=1019, avg=148.98, stdev=37.45
    clat (usec): min=4, max=73999, avg=19246.70, stdev=4198.43
     lat (usec): min=158, max=74560, avg=19396.06, stdev=4230.52
    clat percentiles (usec):
     |  1.00th=[16581],  5.00th=[16712], 10.00th=[16909], 20.00th=[16909],
     | 30.00th=[17171], 40.00th=[17433], 50.00th=[17433], 60.00th=[17433],
     | 70.00th=[17433], 80.00th=[21627], 90.00th=[27395], 95.00th=[28967],
     | 99.00th=[31327], 99.50th=[33817], 99.90th=[41681], 99.95th=[42206],
     | 99.99th=[65274]
   bw (  KiB/s): min=489728, max=956928, per=100.00%, avg=843945.51, stdev=157036.58, samples=74
   iops        : min= 3826, max= 7476, avg=6593.32, stdev=1226.85, samples=74
  lat (usec)   : 10=0.01%, 250=0.01%, 500=0.01%, 750=0.01%, 1000=0.01%
  lat (msec)   : 2=0.01%, 4=0.01%, 10=0.02%, 20=76.00%, 50=23.94%
  lat (msec)   : 100=0.03%
  cpu          : usr=1.91%, sys=56.93%, ctx=245934, majf=0, minf=4109
  IO depths    : 1=0.1%, 2=0.1%, 4=0.1%, 8=0.1%, 16=0.1%, 32=0.1%, >=64=100.0%
     submit    : 0=0.0%, 4=100.0%, 8=0.0%, 16=0.0%, 32=0.0%, 64=0.0%, >=64=0.0%
     complete  : 0=0.0%, 4=100.0%, 8=0.0%, 16=0.0%, 32=0.0%, 64=0.0%, >=64=0.1%
     issued rwts: total=245760,0,0,0 short=0,0,0,0 dropped=0,0,0,0
     latency   : target=0, window=0, percentile=100.00%, depth=128

Run status group 0 (all jobs):
   READ: bw=824MiB/s (864MB/s), 824MiB/s-824MiB/s (864MB/s-864MB/s), io=30.0GiB (32.2GB), run=37282-37282msec
