jobs1: (g=0): rw=randread, bs=(R) 4096B-4096B, (W) 4096B-4096B, (T) 4096B-4096B, ioengine=libaio, iodepth=128
...
fio-3.28
Starting 16 processes
jobs1: Laying out IO files (1024 files / total 30720MiB)
fio: pid=1165329, err=24/file:filesetup.c:805, func=open(/tmp/ssfs/home/sevag/fuse_ext4/f1012), error=Too many open files

jobs1: (groupid=0, jobs=16): err=24 (file:filesetup.c:805, func=open(/tmp/ssfs/home/sevag/fuse_ext4/f1012), error=Too many open files): pid=1165329: Wed Jul 26 09:19:01 2023
  read: IOPS=2251, BW=9004KiB/s (9221kB/s)(4052KiB/450msec)
    slat (usec): min=38, max=315, avg=154.31, stdev=58.52
    clat (usec): min=91, max=94183, avg=51680.34, stdev=16479.59
     lat (usec): min=147, max=94376, avg=51835.39, stdev=16474.77
    clat percentiles (usec):
     |  1.00th=[ 5866],  5.00th=[23200], 10.00th=[33817], 20.00th=[41681],
     | 30.00th=[45876], 40.00th=[48497], 50.00th=[49546], 60.00th=[51643],
     | 70.00th=[59507], 80.00th=[65799], 90.00th=[67634], 95.00th=[90702],
     | 99.00th=[93848], 99.50th=[93848], 99.90th=[93848], 99.95th=[93848],
     | 99.99th=[93848]
  lat (usec)   : 100=0.10%
  lat (msec)   : 4=0.39%, 10=1.58%, 20=2.17%, 50=47.29%, 100=48.47%
  cpu          : usr=2.89%, sys=13.56%, ctx=2050, majf=0, minf=174
  IO depths    : 1=0.1%, 2=0.2%, 4=0.4%, 8=0.8%, 16=1.6%, 32=3.2%, >=64=93.8%
     submit    : 0=0.0%, 4=100.0%, 8=0.0%, 16=0.0%, 32=0.0%, 64=0.0%, >=64=0.0%
     complete  : 0=0.0%, 4=99.9%, 8=0.0%, 16=0.0%, 32=0.0%, 64=0.0%, >=64=0.1%
     issued rwts: total=1013,0,0,0 short=0,0,0,0 dropped=0,0,0,0
     latency   : target=0, window=0, percentile=100.00%, depth=128

Run status group 0 (all jobs):
   READ: bw=9004KiB/s (9221kB/s), 9004KiB/s-9004KiB/s (9221kB/s-9221kB/s), io=4052KiB (4149kB), run=450-450msec
