jobs1: (g=0): rw=randwrite, bs=(R) 512KiB-512KiB, (W) 512KiB-512KiB, (T) 512KiB-512KiB, ioengine=libaio, iodepth=128
fio-3.28
Starting 1 process
jobs1: Laying out IO files (64 files / total 30720MiB)

jobs1: (groupid=0, jobs=1): err= 0: pid=514920: Tue Jul 25 23:53:18 2023
  write: IOPS=3963, BW=1982MiB/s (2078MB/s)(30.0GiB/15503msec); 0 zone resets
    slat (usec): min=159, max=627707, avg=250.24, stdev=2562.43
    clat (usec): min=2, max=87240, avg=30643.82, stdev=8980.34
     lat (usec): min=175, max=714950, avg=30894.23, stdev=9449.56
    clat percentiles (usec):
     |  1.00th=[23987],  5.00th=[24249], 10.00th=[24249], 20.00th=[24511],
     | 30.00th=[24511], 40.00th=[24773], 50.00th=[24773], 60.00th=[25560],
     | 70.00th=[35390], 80.00th=[40633], 90.00th=[41681], 95.00th=[46400],
     | 99.00th=[60031], 99.50th=[62129], 99.90th=[65274], 99.95th=[77071],
     | 99.99th=[83362]
   bw (  MiB/s): min=  801, max= 2587, per=100.00%, avg=2034.90, stdev=530.45, samples=29
   iops        : min= 1602, max= 5174, avg=4069.79, stdev=1060.91, samples=29
  lat (usec)   : 4=0.01%, 250=0.01%, 500=0.01%, 750=0.01%, 1000=0.01%
  lat (msec)   : 2=0.01%, 4=0.02%, 10=0.05%, 20=0.08%, 50=96.78%
  lat (msec)   : 100=3.05%
  cpu          : usr=8.55%, sys=81.78%, ctx=1130, majf=0, minf=13
  IO depths    : 1=0.1%, 2=0.1%, 4=0.1%, 8=0.1%, 16=0.1%, 32=0.1%, >=64=99.9%
     submit    : 0=0.0%, 4=100.0%, 8=0.0%, 16=0.0%, 32=0.0%, 64=0.0%, >=64=0.0%
     complete  : 0=0.0%, 4=100.0%, 8=0.0%, 16=0.0%, 32=0.0%, 64=0.0%, >=64=0.1%
     issued rwts: total=0,61440,0,0 short=0,0,0,0 dropped=0,0,0,0
     latency   : target=0, window=0, percentile=100.00%, depth=128

Run status group 0 (all jobs):
  WRITE: bw=1982MiB/s (2078MB/s), 1982MiB/s-1982MiB/s (2078MB/s-2078MB/s), io=30.0GiB (32.2GB), run=15503-15503msec
