jobs1: (g=0): rw=randwrite, bs=(R) 128KiB-128KiB, (W) 128KiB-128KiB, (T) 128KiB-128KiB, ioengine=libaio, iodepth=128
...
fio-3.28
Starting 32 processes
jobs1: Laying out IO files (128 files / total 30720MiB)

jobs1: (groupid=0, jobs=32): err= 0: pid=834446: Wed Jul 26 03:05:08 2023
  write: IOPS=26.6k, BW=3330MiB/s (3492MB/s)(30.0GiB/9224msec); 0 zone resets
    slat (usec): min=28, max=1292, avg=36.78, stdev=11.35
    clat (nsec): min=1795, max=22388k, avg=4759058.60, stdev=1229956.35
     lat (usec): min=33, max=22487, avg=4795.92, stdev=1239.78
    clat percentiles (usec):
     |  1.00th=[ 4228],  5.00th=[ 4228], 10.00th=[ 4228], 20.00th=[ 4228],
     | 30.00th=[ 4228], 40.00th=[ 4228], 50.00th=[ 4228], 60.00th=[ 4228],
     | 70.00th=[ 4228], 80.00th=[ 4228], 90.00th=[ 7570], 95.00th=[ 7570],
     | 99.00th=[ 7635], 99.50th=[ 7701], 99.90th=[ 8455], 99.95th=[ 8848],
     | 99.99th=[19006]
   bw (  MiB/s): min= 1996, max= 3757, per=100.00%, avg=3333.58, stdev=720.82, samples=18
   iops        : min=15970, max=30060, avg=26668.56, stdev=5766.64, samples=18
  lat (usec)   : 2=0.01%, 50=0.01%, 100=0.01%, 250=0.01%, 500=0.01%
  lat (usec)   : 750=0.01%, 1000=0.01%
  lat (msec)   : 2=0.01%, 4=0.02%, 10=99.93%, 20=0.01%, 50=0.01%
  cpu          : usr=7.37%, sys=92.63%, ctx=14, majf=0, minf=74
  IO depths    : 1=0.1%, 2=0.1%, 4=0.1%, 8=0.1%, 16=0.1%, 32=0.1%, >=64=100.0%
     submit    : 0=0.0%, 4=100.0%, 8=0.0%, 16=0.0%, 32=0.0%, 64=0.0%, >=64=0.0%
     complete  : 0=0.0%, 4=100.0%, 8=0.0%, 16=0.0%, 32=0.0%, 64=0.0%, >=64=0.1%
     issued rwts: total=0,245760,0,0 short=0,0,0,0 dropped=0,0,0,0
     latency   : target=0, window=0, percentile=100.00%, depth=128

Run status group 0 (all jobs):
  WRITE: bw=3330MiB/s (3492MB/s), 3330MiB/s-3330MiB/s (3492MB/s-3492MB/s), io=30.0GiB (32.2GB), run=9224-9224msec
