jobs1: (g=0): rw=randwrite, bs=(R) 4096B-4096B, (W) 4096B-4096B, (T) 4096B-4096B, ioengine=libaio, iodepth=128
...
fio-3.28
Starting 16 processes
jobs1: Laying out IO file (1 file / 30720MiB)

jobs1: (groupid=0, jobs=16): err= 0: pid=66700: Tue Jul 25 17:41:39 2023
  write: IOPS=169k, BW=659MiB/s (691MB/s)(30.0GiB/46616msec); 0 zone resets
    slat (nsec): min=1449, max=138558k, avg=4938.48, stdev=147721.11
    clat (nsec): min=1779, max=702743k, avg=748748.65, stdev=2358640.73
     lat (usec): min=4, max=702751, avg=753.79, stdev=2375.45
    clat percentiles (usec):
     |  1.00th=[  314],  5.00th=[  461], 10.00th=[  498], 20.00th=[  506],
     | 30.00th=[  519], 40.00th=[  529], 50.00th=[  586], 60.00th=[  611],
     | 70.00th=[  619], 80.00th=[  627], 90.00th=[  660], 95.00th=[  865],
     | 99.00th=[11076], 99.50th=[14353], 99.90th=[16188], 99.95th=[18744],
     | 99.99th=[21103]
   bw (  KiB/s): min=42506, max=928536, per=100.00%, avg=675292.23, stdev=141857.19, samples=92
   iops        : min=10626, max=232134, avg=168823.03, stdev=35464.27, samples=92
  lat (usec)   : 2=0.01%, 10=0.01%, 20=0.01%, 50=0.01%, 100=0.01%
  lat (usec)   : 250=0.01%, 500=11.54%, 750=80.12%, 1000=4.35%
  lat (msec)   : 2=2.79%, 4=0.04%, 10=0.06%, 20=1.08%, 50=0.02%
  lat (msec)   : 100=0.01%, 250=0.01%, 500=0.01%, 750=0.01%
  cpu          : usr=16.87%, sys=61.28%, ctx=805, majf=0, minf=44
  IO depths    : 1=0.1%, 2=0.1%, 4=0.1%, 8=0.1%, 16=0.1%, 32=0.1%, >=64=100.0%
     submit    : 0=0.0%, 4=100.0%, 8=0.0%, 16=0.0%, 32=0.0%, 64=0.0%, >=64=0.0%
     complete  : 0=0.0%, 4=100.0%, 8=0.0%, 16=0.0%, 32=0.0%, 64=0.0%, >=64=0.1%
     issued rwts: total=0,7864320,0,0 short=0,0,0,0 dropped=0,0,0,0
     latency   : target=0, window=0, percentile=100.00%, depth=128

Run status group 0 (all jobs):
  WRITE: bw=659MiB/s (691MB/s), 659MiB/s-659MiB/s (691MB/s-691MB/s), io=30.0GiB (32.2GB), run=46616-46616msec
