jobs1: (g=0): rw=randread, bs=(R) 4096B-4096B, (W) 4096B-4096B, (T) 4096B-4096B, ioengine=libaio, iodepth=128
...
fio-3.28
Starting 32 processes
jobs1: Laying out IO files (512 files / total 30720MiB)

jobs1: (groupid=0, jobs=32): err= 0: pid=1098095: Wed Jul 26 05:52:42 2023
  read: IOPS=480k, BW=1876MiB/s (1967MB/s)(30.0GiB/16379msec)
    slat (nsec): min=975, max=48058, avg=1584.71, stdev=527.31
    clat (nsec): min=1769, max=2108.8k, avg=264687.28, stdev=47135.07
     lat (usec): min=2, max=2129, avg=266.31, stdev=47.43
    clat percentiles (usec):
     |  1.00th=[  243],  5.00th=[  247], 10.00th=[  249], 20.00th=[  251],
     | 30.00th=[  251], 40.00th=[  253], 50.00th=[  253], 60.00th=[  255],
     | 70.00th=[  255], 80.00th=[  258], 90.00th=[  260], 95.00th=[  433],
     | 99.00th=[  457], 99.50th=[  461], 99.90th=[  465], 99.95th=[  570],
     | 99.99th=[  824]
   bw (  MiB/s): min= 1103, max= 1982, per=99.89%, avg=1873.45, stdev=252.02, samples=32
   iops        : min=282562, max=507482, avg=479602.91, stdev=64516.82, samples=32
  lat (usec)   : 2=0.01%, 4=0.01%, 10=0.01%, 20=0.01%, 50=0.01%
  lat (usec)   : 100=0.01%, 250=17.79%, 500=82.16%, 750=0.03%, 1000=0.02%
  lat (msec)   : 2=0.01%, 4=0.01%
  cpu          : usr=20.53%, sys=79.46%, ctx=57, majf=0, minf=213
  IO depths    : 1=0.1%, 2=0.1%, 4=0.1%, 8=0.1%, 16=0.1%, 32=0.1%, >=64=100.0%
     submit    : 0=0.0%, 4=100.0%, 8=0.0%, 16=0.0%, 32=0.0%, 64=0.0%, >=64=0.0%
     complete  : 0=0.0%, 4=100.0%, 8=0.0%, 16=0.0%, 32=0.0%, 64=0.0%, >=64=0.1%
     issued rwts: total=7864320,0,0,0 short=0,0,0,0 dropped=0,0,0,0
     latency   : target=0, window=0, percentile=100.00%, depth=128

Run status group 0 (all jobs):
   READ: bw=1876MiB/s (1967MB/s), 1876MiB/s-1876MiB/s (1967MB/s-1967MB/s), io=30.0GiB (32.2GB), run=16379-16379msec
