jobs1: (g=0): rw=randwrite, bs=(R) 4096B-4096B, (W) 4096B-4096B, (T) 4096B-4096B, ioengine=libaio, iodepth=128
...
fio-3.28
Starting 32 processes
jobs1: Laying out IO files (128 files / total 30720MiB)

jobs1: (groupid=0, jobs=32): err= 0: pid=782045: Wed Jul 26 01:03:00 2023
  write: IOPS=518k, BW=2024MiB/s (2122MB/s)(30.0GiB/15177msec); 0 zone resets
    slat (nsec): min=912, max=40915, avg=1405.03, stdev=309.09
    clat (nsec): min=1308, max=1630.6k, avg=245301.03, stdev=42866.45
     lat (usec): min=2, max=1652, avg=246.75, stdev=43.13
    clat percentiles (usec):
     |  1.00th=[  227],  5.00th=[  231], 10.00th=[  233], 20.00th=[  233],
     | 30.00th=[  235], 40.00th=[  235], 50.00th=[  235], 60.00th=[  235],
     | 70.00th=[  237], 80.00th=[  237], 90.00th=[  239], 95.00th=[  412],
     | 99.00th=[  420], 99.50th=[  424], 99.90th=[  433], 99.95th=[  441],
     | 99.99th=[  775]
   bw (  MiB/s): min= 1194, max= 2163, per=100.00%, avg=2029.92, stdev=265.61, samples=30
   iops        : min=305850, max=553814, avg=519658.37, stdev=67995.55, samples=30
  lat (usec)   : 2=0.01%, 4=0.01%, 10=0.01%, 20=0.01%, 50=0.01%
  lat (usec)   : 100=0.01%, 250=93.55%, 500=6.40%, 750=0.03%, 1000=0.01%
  lat (msec)   : 2=0.01%
  cpu          : usr=26.03%, sys=73.96%, ctx=20, majf=0, minf=92
  IO depths    : 1=0.1%, 2=0.1%, 4=0.1%, 8=0.1%, 16=0.1%, 32=0.1%, >=64=100.0%
     submit    : 0=0.0%, 4=100.0%, 8=0.0%, 16=0.0%, 32=0.0%, 64=0.0%, >=64=0.0%
     complete  : 0=0.0%, 4=100.0%, 8=0.0%, 16=0.0%, 32=0.0%, 64=0.0%, >=64=0.1%
     issued rwts: total=0,7864320,0,0 short=0,0,0,0 dropped=0,0,0,0
     latency   : target=0, window=0, percentile=100.00%, depth=128

Run status group 0 (all jobs):
  WRITE: bw=2024MiB/s (2122MB/s), 2024MiB/s-2024MiB/s (2122MB/s-2122MB/s), io=30.0GiB (32.2GB), run=15177-15177msec
