jobs1: (g=0): rw=randread, bs=(R) 128KiB-128KiB, (W) 128KiB-128KiB, (T) 128KiB-128KiB, ioengine=libaio, iodepth=128
...
fio-3.28
Starting 32 processes
jobs1: Laying out IO files (64 files / total 30720MiB)

jobs1: (groupid=0, jobs=32): err= 0: pid=510820: Tue Jul 25 23:42:50 2023
  read: IOPS=2511, BW=314MiB/s (329MB/s)(30.0GiB/97869msec)
    slat (usec): min=236, max=784, avg=389.83, stdev=39.87
    clat (usec): min=12, max=108502, avg=50546.35, stdev=2791.81
     lat (usec): min=442, max=109288, avg=50937.08, stdev=2804.38
    clat percentiles (msec):
     |  1.00th=[   46],  5.00th=[   47], 10.00th=[   48], 20.00th=[   48],
     | 30.00th=[   50], 40.00th=[   50], 50.00th=[   51], 60.00th=[   52],
     | 70.00th=[   53], 80.00th=[   54], 90.00th=[   55], 95.00th=[   55],
     | 99.00th=[   56], 99.50th=[   57], 99.90th=[   57], 99.95th=[   57],
     | 99.99th=[  102]
   bw (  KiB/s): min=267409, max=340480, per=100.00%, avg=321452.13, stdev=10012.46, samples=195
   iops        : min= 2089, max= 2660, avg=2511.29, stdev=78.25, samples=195
  lat (usec)   : 20=0.01%, 500=0.01%, 1000=0.01%
  lat (msec)   : 2=0.01%, 4=0.01%, 10=0.01%, 20=0.01%, 50=46.25%
  lat (msec)   : 100=53.72%, 250=0.01%
  cpu          : usr=1.07%, sys=34.79%, ctx=245923, majf=0, minf=4183
  IO depths    : 1=0.1%, 2=0.1%, 4=0.1%, 8=0.1%, 16=0.1%, 32=0.1%, >=64=100.0%
     submit    : 0=0.0%, 4=100.0%, 8=0.0%, 16=0.0%, 32=0.0%, 64=0.0%, >=64=0.0%
     complete  : 0=0.0%, 4=100.0%, 8=0.0%, 16=0.0%, 32=0.0%, 64=0.0%, >=64=0.1%
     issued rwts: total=245760,0,0,0 short=0,0,0,0 dropped=0,0,0,0
     latency   : target=0, window=0, percentile=100.00%, depth=128

Run status group 0 (all jobs):
   READ: bw=314MiB/s (329MB/s), 314MiB/s-314MiB/s (329MB/s-329MB/s), io=30.0GiB (32.2GB), run=97869-97869msec
