jobs1: (g=0): rw=randread, bs=(R) 32.0KiB-32.0KiB, (W) 32.0KiB-32.0KiB, (T) 32.0KiB-32.0KiB, ioengine=libaio, iodepth=128
fio-3.28
Starting 1 process
jobs1: Laying out IO files (1024 files / total 30720MiB)
fio: pid=1176699, err=24/file:filesetup.c:805, func=open(/home/sevag/tmpfs//f1018), error=Too many open files

jobs1: (groupid=0, jobs=1): err=24 (file:filesetup.c:805, func=open(/home/sevag/tmpfs//f1018), error=Too many open files): pid=1176699: Wed Jul 26 09:49:52 2023
  read: IOPS=40.8k, BW=1274MiB/s (1336MB/s)(31.8MiB/25msec)
    slat (nsec): min=8249, max=69996, avg=17695.61, stdev=11527.94
    clat (usec): min=42, max=6839, avg=2630.93, stdev=1146.70
     lat (usec): min=55, max=6905, avg=2648.80, stdev=1156.60
    clat percentiles (usec):
     |  1.00th=[  302],  5.00th=[  914], 10.00th=[ 1680], 20.00th=[ 1942],
     | 30.00th=[ 2278], 40.00th=[ 2540], 50.00th=[ 2540], 60.00th=[ 2573],
     | 70.00th=[ 2573], 80.00th=[ 2769], 90.00th=[ 4113], 95.00th=[ 5473],
     | 99.00th=[ 6521], 99.50th=[ 6718], 99.90th=[ 6783], 99.95th=[ 6849],
     | 99.99th=[ 6849]
  lat (usec)   : 50=0.10%, 250=0.59%, 500=1.57%, 750=1.67%, 1000=1.57%
  lat (msec)   : 2=18.55%, 4=65.55%, 10=10.40%
  cpu          : usr=0.00%, sys=108.33%, ctx=0, majf=0, minf=1039
  IO depths    : 1=0.1%, 2=0.2%, 4=0.4%, 8=0.8%, 16=1.6%, 32=3.1%, >=64=93.8%
     submit    : 0=0.0%, 4=100.0%, 8=0.0%, 16=0.0%, 32=0.0%, 64=0.0%, >=64=0.0%
     complete  : 0=0.0%, 4=99.9%, 8=0.0%, 16=0.0%, 32=0.0%, 64=0.0%, >=64=0.1%
     issued rwts: total=1019,0,0,0 short=0,0,0,0 dropped=0,0,0,0
     latency   : target=0, window=0, percentile=100.00%, depth=128

Run status group 0 (all jobs):
   READ: bw=1274MiB/s (1336MB/s), 1274MiB/s-1274MiB/s (1336MB/s-1336MB/s), io=31.8MiB (33.4MB), run=25-25msec
