jobs1: (g=0): rw=randread, bs=(R) 128KiB-128KiB, (W) 128KiB-128KiB, (T) 128KiB-128KiB, ioengine=libaio, iodepth=128
...
fio-3.28
Starting 32 processes
jobs1: Laying out IO files (1024 files / total 30720MiB)
fio: pid=1190049, err=24/file:filesetup.c:805, func=open(/home/sevag/ramdisk//f1018), error=Too many open files

jobs1: (groupid=0, jobs=32): err=24 (file:filesetup.c:805, func=open(/home/sevag/ramdisk//f1018), error=Too many open files): pid=1190049: Wed Jul 26 10:32:45 2023
  read: IOPS=21.2k, BW=2654MiB/s (2783MB/s)(127MiB/48msec)
    slat (usec): min=21, max=178, avg=40.87, stdev=38.04
    clat (usec): min=33, max=18643, avg=4729.72, stdev=2995.27
     lat (usec): min=61, max=18822, avg=4770.69, stdev=3028.80
    clat percentiles (usec):
     |  1.00th=[  396],  5.00th=[ 1614], 10.00th=[ 3195], 20.00th=[ 3818],
     | 30.00th=[ 3851], 40.00th=[ 3916], 50.00th=[ 3916], 60.00th=[ 3949],
     | 70.00th=[ 4424], 80.00th=[ 4686], 90.00th=[ 7111], 95.00th=[12518],
     | 99.00th=[17433], 99.50th=[17957], 99.90th=[18482], 99.95th=[18744],
     | 99.99th=[18744]
  lat (usec)   : 50=0.10%, 250=0.39%, 500=0.88%, 750=0.88%, 1000=0.79%
  lat (msec)   : 2=3.14%, 4=58.19%, 10=28.36%, 20=7.26%
  cpu          : usr=10.64%, sys=89.36%, ctx=0, majf=0, minf=4206
  IO depths    : 1=0.1%, 2=0.2%, 4=0.4%, 8=0.8%, 16=1.6%, 32=3.1%, >=64=93.8%
     submit    : 0=0.0%, 4=100.0%, 8=0.0%, 16=0.0%, 32=0.0%, 64=0.0%, >=64=0.0%
     complete  : 0=0.0%, 4=99.9%, 8=0.0%, 16=0.0%, 32=0.0%, 64=0.0%, >=64=0.1%
     issued rwts: total=1019,0,0,0 short=0,0,0,0 dropped=0,0,0,0
     latency   : target=0, window=0, percentile=100.00%, depth=128

Run status group 0 (all jobs):
   READ: bw=2654MiB/s (2783MB/s), 2654MiB/s-2654MiB/s (2783MB/s-2783MB/s), io=127MiB (134MB), run=48-48msec
