jobs1: (g=0): rw=randread, bs=(R) 32.0KiB-32.0KiB, (W) 32.0KiB-32.0KiB, (T) 32.0KiB-32.0KiB, ioengine=libaio, iodepth=128
fio-3.28
Starting 1 process
jobs1: Laying out IO files (128 files / total 30720MiB)

jobs1: (groupid=0, jobs=1): err= 0: pid=821128: Wed Jul 26 02:33:22 2023
  read: IOPS=178k, BW=5571MiB/s (5842MB/s)(30.0GiB/5514msec)
    slat (nsec): min=3709, max=62170, avg=5042.86, stdev=899.98
    clat (nsec): min=1455, max=6153.3k, avg=712123.29, stdev=109712.56
     lat (usec): min=6, max=6216, avg=717.20, stdev=110.50
    clat percentiles (usec):
     |  1.00th=[  644],  5.00th=[  652], 10.00th=[  652], 20.00th=[  660],
     | 30.00th=[  660], 40.00th=[  660], 50.00th=[  660], 60.00th=[  660],
     | 70.00th=[  668], 80.00th=[  889], 90.00th=[  898], 95.00th=[  898],
     | 99.00th=[  906], 99.50th=[  906], 99.90th=[ 1336], 99.95th=[ 1713],
     | 99.99th=[ 2802]
   bw (  MiB/s): min= 4310, max= 6068, per=100.00%, avg=5571.91, stdev=758.37, samples=11
   iops        : min=137922, max=194204, avg=178301.27, stdev=24267.75, samples=11
  lat (usec)   : 2=0.01%, 10=0.01%, 20=0.01%, 50=0.01%, 100=0.01%
  lat (usec)   : 250=0.01%, 500=0.01%, 750=78.29%, 1000=21.46%
  lat (msec)   : 2=0.23%, 4=0.01%, 10=0.01%
  cpu          : usr=10.43%, sys=89.52%, ctx=8, majf=0, minf=1035
  IO depths    : 1=0.1%, 2=0.1%, 4=0.1%, 8=0.1%, 16=0.1%, 32=0.1%, >=64=100.0%
     submit    : 0=0.0%, 4=100.0%, 8=0.0%, 16=0.0%, 32=0.0%, 64=0.0%, >=64=0.0%
     complete  : 0=0.0%, 4=100.0%, 8=0.0%, 16=0.0%, 32=0.0%, 64=0.0%, >=64=0.1%
     issued rwts: total=983040,0,0,0 short=0,0,0,0 dropped=0,0,0,0
     latency   : target=0, window=0, percentile=100.00%, depth=128

Run status group 0 (all jobs):
   READ: bw=5571MiB/s (5842MB/s), 5571MiB/s-5571MiB/s (5842MB/s-5842MB/s), io=30.0GiB (32.2GB), run=5514-5514msec
