jobs1: (g=0): rw=randwrite, bs=(R) 512KiB-512KiB, (W) 512KiB-512KiB, (T) 512KiB-512KiB, ioengine=libaio, iodepth=128
...
fio-3.28
Starting 32 processes
jobs1: Laying out IO files (128 files / total 30720MiB)

jobs1: (groupid=0, jobs=32): err= 0: pid=857790: Wed Jul 26 03:55:14 2023
  write: IOPS=2105, BW=1053MiB/s (1104MB/s)(30.0GiB/29179msec); 0 zone resets
    slat (usec): min=234, max=376282, avg=472.07, stdev=1986.88
    clat (usec): min=4, max=84319, avg=59468.85, stdev=7633.80
     lat (usec): min=383, max=433108, avg=59941.20, stdev=7810.49
    clat percentiles (usec):
     |  1.00th=[40109],  5.00th=[48497], 10.00th=[50070], 20.00th=[52167],
     | 30.00th=[56361], 40.00th=[58983], 50.00th=[60031], 60.00th=[60556],
     | 70.00th=[62129], 80.00th=[65274], 90.00th=[69731], 95.00th=[71828],
     | 99.00th=[77071], 99.50th=[79168], 99.90th=[83362], 99.95th=[83362],
     | 99.99th=[84411]
   bw (  MiB/s): min=  191, max= 1352, per=100.00%, avg=1052.92, stdev=135.54, samples=58
   iops        : min=  383, max= 2704, avg=2105.78, stdev=271.12, samples=58
  lat (usec)   : 10=0.01%, 500=0.01%, 1000=0.01%
  lat (msec)   : 2=0.01%, 4=0.01%, 10=0.03%, 20=0.02%, 50=9.47%
  lat (msec)   : 100=90.46%
  cpu          : usr=6.90%, sys=60.50%, ctx=1010, majf=0, minf=65
  IO depths    : 1=0.1%, 2=0.1%, 4=0.1%, 8=0.1%, 16=0.1%, 32=0.1%, >=64=99.9%
     submit    : 0=0.0%, 4=100.0%, 8=0.0%, 16=0.0%, 32=0.0%, 64=0.0%, >=64=0.0%
     complete  : 0=0.0%, 4=100.0%, 8=0.0%, 16=0.0%, 32=0.0%, 64=0.0%, >=64=0.1%
     issued rwts: total=0,61440,0,0 short=0,0,0,0 dropped=0,0,0,0
     latency   : target=0, window=0, percentile=100.00%, depth=128

Run status group 0 (all jobs):
  WRITE: bw=1053MiB/s (1104MB/s), 1053MiB/s-1053MiB/s (1104MB/s-1104MB/s), io=30.0GiB (32.2GB), run=29179-29179msec
