jobs1: (g=0): rw=randwrite, bs=(R) 4096B-4096B, (W) 4096B-4096B, (T) 4096B-4096B, ioengine=libaio, iodepth=128
...
fio-3.28
Starting 16 processes
jobs1: Laying out IO files (64 files / total 30720MiB)

jobs1: (groupid=0, jobs=16): err= 0: pid=287688: Tue Jul 25 21:04:34 2023
  write: IOPS=52.4k, BW=205MiB/s (214MB/s)(24.0GiB/120001msec); 0 zone resets
    slat (usec): min=2, max=43853, avg=16.77, stdev=373.75
    clat (usec): min=4, max=491133, avg=2425.09, stdev=4373.13
     lat (usec): min=10, max=491145, avg=2442.11, stdev=4390.18
    clat percentiles (usec):
     |  1.00th=[  586],  5.00th=[  979], 10.00th=[ 1123], 20.00th=[ 1123],
     | 30.00th=[ 1139], 40.00th=[ 1139], 50.00th=[ 1139], 60.00th=[ 1156],
     | 70.00th=[ 1156], 80.00th=[ 1172], 90.00th=[ 1500], 95.00th=[14091],
     | 99.00th=[15926], 99.50th=[16188], 99.90th=[17957], 99.95th=[17957],
     | 99.99th=[19530]
   bw (  KiB/s): min=171344, max=261208, per=100.00%, avg=209473.21, stdev=10266.25, samples=239
   iops        : min=42836, max=65302, avg=52368.26, stdev=2566.59, samples=239
  lat (usec)   : 10=0.01%, 20=0.01%, 50=0.01%, 100=0.01%, 250=0.01%
  lat (usec)   : 500=0.01%, 750=2.02%, 1000=3.31%
  lat (msec)   : 2=84.99%, 4=0.01%, 10=0.19%, 20=9.48%, 50=0.01%
  lat (msec)   : 100=0.01%, 250=0.01%, 500=0.01%
  cpu          : usr=12.39%, sys=34.27%, ctx=5786, majf=0, minf=41
  IO depths    : 1=0.1%, 2=0.1%, 4=0.1%, 8=0.1%, 16=0.1%, 32=0.1%, >=64=100.0%
     submit    : 0=0.0%, 4=100.0%, 8=0.0%, 16=0.0%, 32=0.0%, 64=0.0%, >=64=0.0%
     complete  : 0=0.0%, 4=100.0%, 8=0.0%, 16=0.0%, 32=0.0%, 64=0.0%, >=64=0.1%
     issued rwts: total=0,6283079,0,0 short=0,0,0,0 dropped=0,0,0,0
     latency   : target=0, window=0, percentile=100.00%, depth=128

Run status group 0 (all jobs):
  WRITE: bw=205MiB/s (214MB/s), 205MiB/s-205MiB/s (214MB/s-214MB/s), io=24.0GiB (25.7GB), run=120001-120001msec
