jobs1: (g=0): rw=randread, bs=(R) 128KiB-128KiB, (W) 128KiB-128KiB, (T) 128KiB-128KiB, ioengine=libaio, iodepth=128
...
fio-3.28
Starting 16 processes
jobs1: Laying out IO files (1024 files / total 30720MiB)
fio: pid=1188961, err=24/file:filesetup.c:805, func=open(/home/sevag/fuse_boc//f1018), error=Too many open files

jobs1: (groupid=0, jobs=16): err=24 (file:filesetup.c:805, func=open(/home/sevag/fuse_boc//f1018), error=Too many open files): pid=1188961: Wed Jul 26 10:27:17 2023
  read: IOPS=2612, BW=327MiB/s (342MB/s)(127MiB/390msec)
    slat (usec): min=185, max=538, avg=270.52, stdev=78.83
    clat (usec): min=87, max=60543, avg=45185.24, stdev=10319.50
     lat (usec): min=293, max=60861, avg=45456.53, stdev=10319.06
    clat percentiles (usec):
     |  1.00th=[ 5735],  5.00th=[26870], 10.00th=[36963], 20.00th=[37487],
     | 30.00th=[43254], 40.00th=[44303], 50.00th=[44827], 60.00th=[47449],
     | 70.00th=[51119], 80.00th=[54264], 90.00th=[56886], 95.00th=[58983],
     | 99.00th=[60031], 99.50th=[60031], 99.90th=[60556], 99.95th=[60556],
     | 99.99th=[60556]
  lat (usec)   : 100=0.10%, 500=0.10%
  lat (msec)   : 2=0.10%, 4=0.39%, 10=1.08%, 20=2.06%, 50=63.98%
  lat (msec)   : 100=32.19%
  cpu          : usr=2.06%, sys=46.02%, ctx=2044, majf=0, minf=4136
  IO depths    : 1=0.1%, 2=0.2%, 4=0.4%, 8=0.8%, 16=1.6%, 32=3.1%, >=64=93.8%
     submit    : 0=0.0%, 4=100.0%, 8=0.0%, 16=0.0%, 32=0.0%, 64=0.0%, >=64=0.0%
     complete  : 0=0.0%, 4=99.9%, 8=0.0%, 16=0.0%, 32=0.0%, 64=0.0%, >=64=0.1%
     issued rwts: total=1019,0,0,0 short=0,0,0,0 dropped=0,0,0,0
     latency   : target=0, window=0, percentile=100.00%, depth=128

Run status group 0 (all jobs):
   READ: bw=327MiB/s (342MB/s), 327MiB/s-327MiB/s (342MB/s-342MB/s), io=127MiB (134MB), run=390-390msec
