jobs1: (g=0): rw=randread, bs=(R) 4096B-4096B, (W) 4096B-4096B, (T) 4096B-4096B, ioengine=libaio, iodepth=128
...
fio-3.28
Starting 32 processes
jobs1: Laying out IO files (128 files / total 30720MiB)

jobs1: (groupid=0, jobs=32): err= 0: pid=793205: Wed Jul 26 01:40:45 2023
  read: IOPS=73.3k, BW=287MiB/s (300MB/s)(30.0GiB/107223msec)
    slat (usec): min=8, max=289, avg=12.88, stdev= 2.09
    clat (nsec): min=1228, max=10935k, avg=1731740.68, stdev=275159.04
     lat (usec): min=12, max=11040, avg=1744.70, stdev=277.07
    clat percentiles (usec):
     |  1.00th=[ 1582],  5.00th=[ 1614], 10.00th=[ 1614], 20.00th=[ 1631],
     | 30.00th=[ 1631], 40.00th=[ 1647], 50.00th=[ 1647], 60.00th=[ 1647],
     | 70.00th=[ 1663], 80.00th=[ 1844], 90.00th=[ 1876], 95.00th=[ 2073],
     | 99.00th=[ 3195], 99.50th=[ 3785], 99.90th=[ 3916], 99.95th=[ 4047],
     | 99.99th=[ 5145]
   bw (  KiB/s): min=123857, max=323520, per=100.00%, avg=293644.58, stdev=31137.53, samples=214
   iops        : min=30964, max=80880, avg=73411.13, stdev=7784.41, samples=214
  lat (usec)   : 2=0.01%, 20=0.01%, 50=0.01%, 100=0.01%, 250=0.01%
  lat (usec)   : 500=0.01%, 750=0.01%, 1000=0.01%
  lat (msec)   : 2=94.66%, 4=5.29%, 10=0.05%, 20=0.01%
  cpu          : usr=6.16%, sys=33.47%, ctx=7864505, majf=0, minf=195
  IO depths    : 1=0.1%, 2=0.1%, 4=0.1%, 8=0.1%, 16=0.1%, 32=0.1%, >=64=100.0%
     submit    : 0=0.0%, 4=100.0%, 8=0.0%, 16=0.0%, 32=0.0%, 64=0.0%, >=64=0.0%
     complete  : 0=0.0%, 4=100.0%, 8=0.0%, 16=0.0%, 32=0.0%, 64=0.0%, >=64=0.1%
     issued rwts: total=7864320,0,0,0 short=0,0,0,0 dropped=0,0,0,0
     latency   : target=0, window=0, percentile=100.00%, depth=128

Run status group 0 (all jobs):
   READ: bw=287MiB/s (300MB/s), 287MiB/s-287MiB/s (300MB/s-300MB/s), io=30.0GiB (32.2GB), run=107223-107223msec
