jobs1: (g=0): rw=randwrite, bs=(R) 4096B-4096B, (W) 4096B-4096B, (T) 4096B-4096B, ioengine=libaio, iodepth=128
fio-3.28
Starting 1 process
jobs1: Laying out IO files (1024 files / total 30720MiB)
fio: pid=1157606, err=24/file:filesetup.c:805, func=open(/tmp/ssfs/home/sevag/fuse_ext4/f1012), error=Too many open files

jobs1: (groupid=0, jobs=1): err=24 (file:filesetup.c:805, func=open(/tmp/ssfs/home/sevag/fuse_ext4/f1012), error=Too many open files): pid=1157606: Wed Jul 26 08:50:09 2023
  write: IOPS=2417, BW=9671KiB/s (9903kB/s)(4052KiB/419msec); 0 zone resets
    slat (usec): min=8, max=129639, avg=182.55, stdev=4260.67
    clat (usec): min=85, max=231285, avg=34992.88, stdev=37058.89
     lat (usec): min=97, max=231297, avg=35175.84, stdev=37512.55
    clat percentiles (msec):
     |  1.00th=[    5],  5.00th=[   19], 10.00th=[   20], 20.00th=[   21],
     | 30.00th=[   22], 40.00th=[   23], 50.00th=[   24], 60.00th=[   28],
     | 70.00th=[   31], 80.00th=[   37], 90.00th=[   46], 95.00th=[   93],
     | 99.00th=[  230], 99.50th=[  232], 99.90th=[  232], 99.95th=[  232],
     | 99.99th=[  232]
  lat (usec)   : 100=0.10%
  lat (msec)   : 2=0.10%, 4=0.69%, 10=1.28%, 20=12.04%, 50=77.20%
  lat (msec)   : 100=5.63%, 250=2.96%
  cpu          : usr=0.48%, sys=11.72%, ctx=1068, majf=0, minf=17
  IO depths    : 1=0.1%, 2=0.2%, 4=0.4%, 8=0.8%, 16=1.6%, 32=3.2%, >=64=93.8%
     submit    : 0=0.0%, 4=100.0%, 8=0.0%, 16=0.0%, 32=0.0%, 64=0.0%, >=64=0.0%
     complete  : 0=0.0%, 4=99.9%, 8=0.0%, 16=0.0%, 32=0.0%, 64=0.0%, >=64=0.1%
     issued rwts: total=0,1013,0,0 short=0,0,0,0 dropped=0,0,0,0
     latency   : target=0, window=0, percentile=100.00%, depth=128

Run status group 0 (all jobs):
  WRITE: bw=9671KiB/s (9903kB/s), 9671KiB/s-9671KiB/s (9903kB/s-9903kB/s), io=4052KiB (4149kB), run=419-419msec
