jobs1: (g=0): rw=randwrite, bs=(R) 512KiB-512KiB, (W) 512KiB-512KiB, (T) 512KiB-512KiB, ioengine=libaio, iodepth=128
...
fio-3.28
Starting 32 processes
jobs1: Laying out IO files (128 files / total 30720MiB)

jobs1: (groupid=0, jobs=32): err= 0: pid=858828: Wed Jul 26 03:58:05 2023
  write: IOPS=8447, BW=4224MiB/s (4429MB/s)(30.0GiB/7273msec); 0 zone resets
    slat (usec): min=96, max=187, avg=117.20, stdev=15.00
    clat (usec): min=2, max=21906, avg=15009.71, stdev=1847.85
     lat (usec): min=112, max=22095, avg=15127.04, stdev=1861.67
    clat percentiles (usec):
     |  1.00th=[14091],  5.00th=[14091], 10.00th=[14222], 20.00th=[14222],
     | 30.00th=[14222], 40.00th=[14222], 50.00th=[14222], 60.00th=[14222],
     | 70.00th=[14222], 80.00th=[14353], 90.00th=[19006], 95.00th=[19006],
     | 99.00th=[19530], 99.50th=[20579], 99.90th=[21365], 99.95th=[21627],
     | 99.99th=[21890]
   bw (  MiB/s): min= 3167, max= 4467, per=100.00%, avg=4228.36, stdev=473.83, samples=14
   iops        : min= 6334, max= 8934, avg=8456.57, stdev=947.85, samples=14
  lat (usec)   : 4=0.01%, 250=0.01%, 500=0.01%, 750=0.01%, 1000=0.01%
  lat (msec)   : 2=0.01%, 4=0.03%, 10=0.09%, 20=99.07%, 50=0.78%
  cpu          : usr=14.08%, sys=85.90%, ctx=13, majf=0, minf=92
  IO depths    : 1=0.1%, 2=0.1%, 4=0.1%, 8=0.1%, 16=0.1%, 32=0.1%, >=64=99.9%
     submit    : 0=0.0%, 4=100.0%, 8=0.0%, 16=0.0%, 32=0.0%, 64=0.0%, >=64=0.0%
     complete  : 0=0.0%, 4=100.0%, 8=0.0%, 16=0.0%, 32=0.0%, 64=0.0%, >=64=0.1%
     issued rwts: total=0,61440,0,0 short=0,0,0,0 dropped=0,0,0,0
     latency   : target=0, window=0, percentile=100.00%, depth=128

Run status group 0 (all jobs):
  WRITE: bw=4224MiB/s (4429MB/s), 4224MiB/s-4224MiB/s (4429MB/s-4429MB/s), io=30.0GiB (32.2GB), run=7273-7273msec
