jobs1: (g=0): rw=randwrite, bs=(R) 512KiB-512KiB, (W) 512KiB-512KiB, (T) 512KiB-512KiB, ioengine=libaio, iodepth=128
...
fio-3.28
Starting 32 processes
jobs1: Laying out IO files (1024 files / total 30720MiB)
fio: pid=1196648, err=24/file:filesetup.c:805, func=open(/home/sevag/ramdisk//f1018), error=Too many open files

jobs1: (groupid=0, jobs=32): err=24 (file:filesetup.c:805, func=open(/home/sevag/ramdisk//f1018), error=Too many open files): pid=1196648: Wed Jul 26 10:43:35 2023
  write: IOPS=3287, BW=1644MiB/s (1723MB/s)(510MiB/310msec); 0 zone resets
    slat (usec): min=245, max=3062, avg=294.20, stdev=161.89
    clat (usec): min=47, max=60943, avg=33522.31, stdev=7471.90
     lat (usec): min=323, max=61673, avg=33816.77, stdev=7523.50
    clat percentiles (usec):
     |  1.00th=[ 2900],  5.00th=[13960], 10.00th=[28181], 20.00th=[34866],
     | 30.00th=[35390], 40.00th=[35390], 50.00th=[35390], 60.00th=[35390],
     | 70.00th=[35390], 80.00th=[35390], 90.00th=[35914], 95.00th=[35914],
     | 99.00th=[50594], 99.50th=[57934], 99.90th=[60556], 99.95th=[61080],
     | 99.99th=[61080]
  lat (usec)   : 50=0.10%, 500=0.10%, 750=0.10%, 1000=0.10%
  lat (msec)   : 2=0.29%, 4=0.79%, 10=2.06%, 20=3.53%, 50=91.85%
  lat (msec)   : 100=1.08%
  cpu          : usr=12.94%, sys=86.41%, ctx=1, majf=0, minf=64
  IO depths    : 1=0.1%, 2=0.2%, 4=0.4%, 8=0.8%, 16=1.6%, 32=3.1%, >=64=93.8%
     submit    : 0=0.0%, 4=100.0%, 8=0.0%, 16=0.0%, 32=0.0%, 64=0.0%, >=64=0.0%
     complete  : 0=0.0%, 4=99.9%, 8=0.0%, 16=0.0%, 32=0.0%, 64=0.0%, >=64=0.1%
     issued rwts: total=0,1019,0,0 short=0,0,0,0 dropped=0,0,0,0
     latency   : target=0, window=0, percentile=100.00%, depth=128

Run status group 0 (all jobs):
  WRITE: bw=1644MiB/s (1723MB/s), 1644MiB/s-1644MiB/s (1723MB/s-1723MB/s), io=510MiB (534MB), run=310-310msec
