jobs1: (g=0): rw=randwrite, bs=(R) 32.0KiB-32.0KiB, (W) 32.0KiB-32.0KiB, (T) 32.0KiB-32.0KiB, ioengine=libaio, iodepth=128
...
fio-3.28
Starting 16 processes
jobs1: Laying out IO files (64 files / total 30720MiB)

jobs1: (groupid=0, jobs=16): err= 0: pid=472043: Tue Jul 25 22:12:59 2023
  write: IOPS=37.6k, BW=1174MiB/s (1231MB/s)(30.0GiB/26177msec); 0 zone resets
    slat (usec): min=11, max=39706, avg=25.46, stdev=286.64
    clat (usec): min=2, max=489067, avg=3317.44, stdev=2929.01
     lat (usec): min=21, max=528775, avg=3343.02, stdev=2985.77
    clat percentiles (usec):
     |  1.00th=[ 2057],  5.00th=[ 2212], 10.00th=[ 2311], 20.00th=[ 2442],
     | 30.00th=[ 2474], 40.00th=[ 2540], 50.00th=[ 2540], 60.00th=[ 2573],
     | 70.00th=[ 2638], 80.00th=[ 2704], 90.00th=[ 3621], 95.00th=[11731],
     | 99.00th=[14353], 99.50th=[16712], 99.90th=[18744], 99.95th=[19792],
     | 99.99th=[25822]
   bw (  MiB/s): min=  207, max= 1615, per=100.00%, avg=1177.13, stdev=255.23, samples=52
   iops        : min= 6633, max=51682, avg=37667.94, stdev=8167.50, samples=52
  lat (usec)   : 4=0.01%, 50=0.01%, 100=0.01%, 250=0.01%, 500=0.01%
  lat (usec)   : 750=0.01%, 1000=0.01%
  lat (msec)   : 2=0.47%, 4=92.05%, 10=0.58%, 20=6.84%, 50=0.04%
  lat (msec)   : 100=0.01%, 250=0.01%, 500=0.01%
  cpu          : usr=7.84%, sys=68.85%, ctx=729, majf=0, minf=41
  IO depths    : 1=0.1%, 2=0.1%, 4=0.1%, 8=0.1%, 16=0.1%, 32=0.1%, >=64=100.0%
     submit    : 0=0.0%, 4=100.0%, 8=0.0%, 16=0.0%, 32=0.0%, 64=0.0%, >=64=0.0%
     complete  : 0=0.0%, 4=100.0%, 8=0.0%, 16=0.0%, 32=0.0%, 64=0.0%, >=64=0.1%
     issued rwts: total=0,983040,0,0 short=0,0,0,0 dropped=0,0,0,0
     latency   : target=0, window=0, percentile=100.00%, depth=128

Run status group 0 (all jobs):
  WRITE: bw=1174MiB/s (1231MB/s), 1174MiB/s-1174MiB/s (1231MB/s-1231MB/s), io=30.0GiB (32.2GB), run=26177-26177msec
