jobs1: (g=0): rw=randwrite, bs=(R) 4096B-4096B, (W) 4096B-4096B, (T) 4096B-4096B, ioengine=libaio, iodepth=128
fio-3.28
Starting 1 process
jobs1: Laying out IO files (1024 files / total 30720MiB)
fio: pid=1158153, err=24/file:filesetup.c:805, func=open(/home/sevag/tmpfs//f1018), error=Too many open files

jobs1: (groupid=0, jobs=1): err=24 (file:filesetup.c:805, func=open(/home/sevag/tmpfs//f1018), error=Too many open files): pid=1158153: Wed Jul 26 08:50:38 2023
  write: IOPS=84.9k, BW=332MiB/s (348MB/s)(4076KiB/12msec); 0 zone resets
    slat (nsec): min=2993, max=24172, avg=3924.57, stdev=852.24
    clat (usec): min=56, max=1684, avg=1386.89, stdev=309.33
     lat (usec): min=60, max=1688, avg=1391.00, stdev=309.76
    clat percentiles (usec):
     |  1.00th=[  285],  5.00th=[  676], 10.00th=[ 1188], 20.00th=[ 1254],
     | 30.00th=[ 1254], 40.00th=[ 1254], 50.00th=[ 1401], 60.00th=[ 1582],
     | 70.00th=[ 1647], 80.00th=[ 1663], 90.00th=[ 1663], 95.00th=[ 1680],
     | 99.00th=[ 1680], 99.50th=[ 1680], 99.90th=[ 1680], 99.95th=[ 1680],
     | 99.99th=[ 1680]
  lat (usec)   : 100=0.10%, 250=0.59%, 500=2.45%, 750=2.55%, 1000=2.45%
  lat (msec)   : 2=91.85%
  cpu          : usr=36.36%, sys=63.64%, ctx=0, majf=0, minf=16
  IO depths    : 1=0.1%, 2=0.2%, 4=0.4%, 8=0.8%, 16=1.6%, 32=3.1%, >=64=93.8%
     submit    : 0=0.0%, 4=100.0%, 8=0.0%, 16=0.0%, 32=0.0%, 64=0.0%, >=64=0.0%
     complete  : 0=0.0%, 4=99.9%, 8=0.0%, 16=0.0%, 32=0.0%, 64=0.0%, >=64=0.1%
     issued rwts: total=0,1019,0,0 short=0,0,0,0 dropped=0,0,0,0
     latency   : target=0, window=0, percentile=100.00%, depth=128

Run status group 0 (all jobs):
  WRITE: bw=332MiB/s (348MB/s), 332MiB/s-332MiB/s (348MB/s-348MB/s), io=4076KiB (4174kB), run=12-12msec
