jobs1: (g=0): rw=randwrite, bs=(R) 512KiB-512KiB, (W) 512KiB-512KiB, (T) 512KiB-512KiB, ioengine=libaio, iodepth=128
...
fio-3.28
Starting 16 processes
jobs1: Laying out IO files (64 files / total 30720MiB)

jobs1: (groupid=0, jobs=16): err= 0: pid=517264: Tue Jul 25 23:57:17 2023
  write: IOPS=8414, BW=4207MiB/s (4411MB/s)(30.0GiB/7302msec); 0 zone resets
    slat (usec): min=96, max=215, avg=117.79, stdev=23.31
    clat (usec): min=2, max=24419, avg=15070.60, stdev=2939.54
     lat (usec): min=119, max=24604, avg=15188.51, stdev=2962.08
    clat percentiles (usec):
     |  1.00th=[13829],  5.00th=[13829], 10.00th=[13829], 20.00th=[13829],
     | 30.00th=[13960], 40.00th=[13960], 50.00th=[13960], 60.00th=[13960],
     | 70.00th=[13960], 80.00th=[13960], 90.00th=[21103], 95.00th=[22938],
     | 99.00th=[24249], 99.50th=[24249], 99.90th=[24249], 99.95th=[24249],
     | 99.99th=[24511]
   bw (  MiB/s): min= 2773, max= 4568, per=100.00%, avg=4216.72, stdev=690.52, samples=14
   iops        : min= 5546, max= 9136, avg=8433.36, stdev=1381.18, samples=14
  lat (usec)   : 4=0.01%, 250=0.01%, 500=0.01%, 750=0.01%, 1000=0.01%
  lat (msec)   : 2=0.01%, 4=0.03%, 10=0.09%, 20=86.55%, 50=13.30%
  cpu          : usr=13.37%, sys=86.60%, ctx=5, majf=0, minf=43
  IO depths    : 1=0.1%, 2=0.1%, 4=0.1%, 8=0.1%, 16=0.1%, 32=0.1%, >=64=99.9%
     submit    : 0=0.0%, 4=100.0%, 8=0.0%, 16=0.0%, 32=0.0%, 64=0.0%, >=64=0.0%
     complete  : 0=0.0%, 4=100.0%, 8=0.0%, 16=0.0%, 32=0.0%, 64=0.0%, >=64=0.1%
     issued rwts: total=0,61440,0,0 short=0,0,0,0 dropped=0,0,0,0
     latency   : target=0, window=0, percentile=100.00%, depth=128

Run status group 0 (all jobs):
  WRITE: bw=4207MiB/s (4411MB/s), 4207MiB/s-4207MiB/s (4411MB/s-4411MB/s), io=30.0GiB (32.2GB), run=7302-7302msec
