jobs1: (g=0): rw=randread, bs=(R) 512KiB-512KiB, (W) 512KiB-512KiB, (T) 512KiB-512KiB, ioengine=libaio, iodepth=128
...
fio-3.28
Starting 32 processes
jobs1: Laying out IO files (128 files / total 30720MiB)

jobs1: (groupid=0, jobs=32): err= 0: pid=878880: Wed Jul 26 04:32:48 2023
  read: IOPS=9068, BW=4534MiB/s (4755MB/s)(30.0GiB/6775msec)
    slat (usec): min=92, max=752, avg=109.17, stdev=21.88
    clat (usec): min=2, max=51868, avg=13941.36, stdev=2235.10
     lat (usec): min=103, max=52621, avg=14050.64, stdev=2255.11
    clat percentiles (usec):
     |  1.00th=[13042],  5.00th=[13042], 10.00th=[13042], 20.00th=[13042],
     | 30.00th=[13042], 40.00th=[13042], 50.00th=[13042], 60.00th=[13042],
     | 70.00th=[13042], 80.00th=[13173], 90.00th=[18220], 95.00th=[19006],
     | 99.00th=[19530], 99.50th=[19530], 99.90th=[30016], 99.95th=[38011],
     | 99.99th=[48497]
   bw (  MiB/s): min= 3154, max= 4864, per=99.70%, avg=4520.63, stdev=653.73, samples=13
   iops        : min= 6308, max= 9728, avg=9041.15, stdev=1307.55, samples=13
  lat (usec)   : 4=0.01%, 250=0.01%, 500=0.01%, 750=0.01%, 1000=0.01%
  lat (msec)   : 2=0.02%, 4=0.03%, 10=0.09%, 20=99.65%, 50=0.19%
  lat (msec)   : 100=0.01%
  cpu          : usr=0.93%, sys=99.04%, ctx=12, majf=1, minf=16490
  IO depths    : 1=0.1%, 2=0.1%, 4=0.1%, 8=0.1%, 16=0.1%, 32=0.1%, >=64=99.9%
     submit    : 0=0.0%, 4=100.0%, 8=0.0%, 16=0.0%, 32=0.0%, 64=0.0%, >=64=0.0%
     complete  : 0=0.0%, 4=100.0%, 8=0.0%, 16=0.0%, 32=0.0%, 64=0.0%, >=64=0.1%
     issued rwts: total=61440,0,0,0 short=0,0,0,0 dropped=0,0,0,0
     latency   : target=0, window=0, percentile=100.00%, depth=128

Run status group 0 (all jobs):
   READ: bw=4534MiB/s (4755MB/s), 4534MiB/s-4534MiB/s (4755MB/s-4755MB/s), io=30.0GiB (32.2GB), run=6775-6775msec
