jobs1: (g=0): rw=randwrite, bs=(R) 128KiB-128KiB, (W) 128KiB-128KiB, (T) 128KiB-128KiB, ioengine=libaio, iodepth=128
...
fio-3.28
Starting 32 processes
jobs1: Laying out IO files (1024 files / total 30720MiB)
fio: pid=1184110, err=24/file:filesetup.c:805, func=open(/tmp/ssfs/home/sevag/fuse_ext4/f1014), error=Too many open files

jobs1: (groupid=0, jobs=32): err=24 (file:filesetup.c:805, func=open(/tmp/ssfs/home/sevag/fuse_ext4/f1014), error=Too many open files): pid=1184110: Wed Jul 26 10:06:31 2023
  write: IOPS=1248, BW=156MiB/s (164MB/s)(127MiB/813msec); 0 zone resets
    slat (usec): min=118, max=159267, avg=506.39, stdev=6953.97
    clat (usec): min=111, max=311731, avg=51541.80, stdev=14506.28
     lat (usec): min=404, max=444186, avg=52048.82, stdev=19016.37
    clat percentiles (msec):
     |  1.00th=[   10],  5.00th=[   33], 10.00th=[   43], 20.00th=[   45],
     | 30.00th=[   47], 40.00th=[   48], 50.00th=[   51], 60.00th=[   54],
     | 70.00th=[   59], 80.00th=[   61], 90.00th=[   64], 95.00th=[   73],
     | 99.00th=[   75], 99.50th=[   75], 99.90th=[  153], 99.95th=[  313],
     | 99.99th=[  313]
   bw (  KiB/s): min=56914, max=56914, per=35.62%, avg=56914.00, stdev= 0.00, samples=1
   iops        : min=  444, max=  444, avg=444.00, stdev= 0.00, samples=1
  lat (usec)   : 250=0.10%
  lat (msec)   : 4=0.10%, 10=0.99%, 20=1.67%, 50=47.68%, 100=49.26%
  lat (msec)   : 250=0.10%, 500=0.10%
  cpu          : usr=1.97%, sys=22.29%, ctx=1097, majf=0, minf=99
  IO depths    : 1=0.1%, 2=0.2%, 4=0.4%, 8=0.8%, 16=1.6%, 32=3.2%, >=64=93.8%
     submit    : 0=0.0%, 4=100.0%, 8=0.0%, 16=0.0%, 32=0.0%, 64=0.0%, >=64=0.0%
     complete  : 0=0.0%, 4=99.9%, 8=0.0%, 16=0.0%, 32=0.0%, 64=0.0%, >=64=0.1%
     issued rwts: total=0,1015,0,0 short=0,0,0,0 dropped=0,0,0,0
     latency   : target=0, window=0, percentile=100.00%, depth=128

Run status group 0 (all jobs):
  WRITE: bw=156MiB/s (164MB/s), 156MiB/s-156MiB/s (164MB/s-164MB/s), io=127MiB (133MB), run=813-813msec
