jobs1: (g=0): rw=randread, bs=(R) 4096B-4096B, (W) 4096B-4096B, (T) 4096B-4096B, ioengine=libaio, iodepth=128
...
fio-3.28
Starting 16 processes
jobs1: Laying out IO file (1 file / 30720MiB)

jobs1: (groupid=0, jobs=16): err= 0: pid=157995: Tue Jul 25 18:24:26 2023
  read: IOPS=6684, BW=26.1MiB/s (27.4MB/s)(3133MiB/120001msec)
    slat (usec): min=29, max=389, avg=144.54, stdev=58.72
    clat (usec): min=12, max=25860, avg=19000.97, stdev=4585.96
     lat (usec): min=254, max=26012, avg=19146.15, stdev=4619.50
    clat percentiles (usec):
     |  1.00th=[ 5014],  5.00th=[ 5211], 10.00th=[14091], 20.00th=[17171],
     | 30.00th=[19006], 40.00th=[20055], 50.00th=[20579], 60.00th=[21103],
     | 70.00th=[21365], 80.00th=[21890], 90.00th=[22414], 95.00th=[22938],
     | 99.00th=[23462], 99.50th=[23725], 99.90th=[24249], 99.95th=[24773],
     | 99.99th=[25297]
   bw (  KiB/s): min=22885, max=98992, per=99.97%, avg=26729.45, stdev=10392.36, samples=239
   iops        : min= 5721, max=24748, avg=6682.32, stdev=2598.07, samples=239
  lat (usec)   : 20=0.01%, 500=0.01%, 750=0.01%, 1000=0.01%
  lat (msec)   : 2=0.01%, 4=0.01%, 10=7.69%, 20=31.78%, 50=60.53%
  cpu          : usr=3.46%, sys=14.62%, ctx=802141, majf=0, minf=169
  IO depths    : 1=0.1%, 2=0.1%, 4=0.1%, 8=0.1%, 16=0.1%, 32=0.1%, >=64=100.0%
     submit    : 0=0.0%, 4=100.0%, 8=0.0%, 16=0.0%, 32=0.0%, 64=0.0%, >=64=0.0%
     complete  : 0=0.0%, 4=100.0%, 8=0.0%, 16=0.0%, 32=0.0%, 64=0.0%, >=64=0.1%
     issued rwts: total=802099,0,0,0 short=0,0,0,0 dropped=0,0,0,0
     latency   : target=0, window=0, percentile=100.00%, depth=128

Run status group 0 (all jobs):
   READ: bw=26.1MiB/s (27.4MB/s), 26.1MiB/s-26.1MiB/s (27.4MB/s-27.4MB/s), io=3133MiB (3285MB), run=120001-120001msec
