jobs1: (g=0): rw=randwrite, bs=(R) 4096B-4096B, (W) 4096B-4096B, (T) 4096B-4096B, ioengine=libaio, iodepth=128
...
fio-3.28
Starting 16 processes
jobs1: Laying out IO files (128 files / total 30720MiB)

jobs1: (groupid=0, jobs=16): err= 0: pid=629255: Wed Jul 26 00:54:36 2023
  write: IOPS=217k, BW=846MiB/s (888MB/s)(30.0GiB/36294msec); 0 zone resets
    slat (nsec): min=1490, max=39851k, avg=3663.00, stdev=81197.54
    clat (nsec): min=1916, max=183382k, avg=586122.91, stdev=1091896.22
     lat (usec): min=5, max=183394, avg=589.88, stdev=1095.65
    clat percentiles (usec):
     |  1.00th=[  334],  5.00th=[  392], 10.00th=[  396], 20.00th=[  478],
     | 30.00th=[  486], 40.00th=[  498], 50.00th=[  515], 60.00th=[  578],
     | 70.00th=[  586], 80.00th=[  594], 90.00th=[  611], 95.00th=[  627],
     | 99.00th=[  922], 99.50th=[ 2024], 99.90th=[15664], 99.95th=[18220],
     | 99.99th=[19792]
   bw (  KiB/s): min=508105, max=1128328, per=100.00%, avg=867956.11, stdev=121493.13, samples=72
   iops        : min=127026, max=282082, avg=216989.12, stdev=30373.32, samples=72
  lat (usec)   : 2=0.01%, 10=0.01%, 20=0.01%, 50=0.01%, 100=0.01%
  lat (usec)   : 250=0.01%, 500=43.09%, 750=55.57%, 1000=0.44%
  lat (msec)   : 2=0.40%, 4=0.08%, 10=0.05%, 20=0.36%, 50=0.01%
  lat (msec)   : 100=0.01%, 250=0.01%
  cpu          : usr=20.85%, sys=68.84%, ctx=5060, majf=0, minf=37
  IO depths    : 1=0.1%, 2=0.1%, 4=0.1%, 8=0.1%, 16=0.1%, 32=0.1%, >=64=100.0%
     submit    : 0=0.0%, 4=100.0%, 8=0.0%, 16=0.0%, 32=0.0%, 64=0.0%, >=64=0.0%
     complete  : 0=0.0%, 4=100.0%, 8=0.0%, 16=0.0%, 32=0.0%, 64=0.0%, >=64=0.1%
     issued rwts: total=0,7864320,0,0 short=0,0,0,0 dropped=0,0,0,0
     latency   : target=0, window=0, percentile=100.00%, depth=128

Run status group 0 (all jobs):
  WRITE: bw=846MiB/s (888MB/s), 846MiB/s-846MiB/s (888MB/s-888MB/s), io=30.0GiB (32.2GB), run=36294-36294msec
