jobs1: (g=0): rw=randwrite, bs=(R) 32.0KiB-32.0KiB, (W) 32.0KiB-32.0KiB, (T) 32.0KiB-32.0KiB, ioengine=libaio, iodepth=128
...
fio-3.28
Starting 32 processes
jobs1: Laying out IO files (64 files / total 30720MiB)

jobs1: (groupid=0, jobs=32): err= 0: pid=475819: Tue Jul 25 22:15:47 2023
  write: IOPS=41.8k, BW=1306MiB/s (1369MB/s)(30.0GiB/23524msec); 0 zone resets
    slat (usec): min=8, max=39715, avg=22.77, stdev=250.39
    clat (nsec): min=1556, max=490479k, avg=2975091.09, stdev=2585947.06
     lat (usec): min=13, max=528636, avg=2997.97, stdev=2647.22
    clat percentiles (usec):
     |  1.00th=[ 1467],  5.00th=[ 2245], 10.00th=[ 2409], 20.00th=[ 2442],
     | 30.00th=[ 2442], 40.00th=[ 2442], 50.00th=[ 2474], 60.00th=[ 2474],
     | 70.00th=[ 2507], 80.00th=[ 2573], 90.00th=[ 2737], 95.00th=[ 3720],
     | 99.00th=[14091], 99.50th=[16188], 99.90th=[18744], 99.95th=[20841],
     | 99.99th=[26084]
   bw (  MiB/s): min=  248, max= 1624, per=99.35%, avg=1297.45, stdev=293.11, samples=46
   iops        : min= 7939, max=51980, avg=41518.20, stdev=9379.41, samples=46
  lat (usec)   : 2=0.01%, 20=0.01%, 50=0.01%, 100=0.01%, 250=0.01%
  lat (usec)   : 500=0.01%, 750=0.01%, 1000=0.01%
  lat (msec)   : 2=2.84%, 4=92.41%, 10=0.24%, 20=4.44%, 50=0.05%
  lat (msec)   : 100=0.01%, 250=0.01%, 500=0.01%
  cpu          : usr=8.55%, sys=73.35%, ctx=458, majf=0, minf=68
  IO depths    : 1=0.1%, 2=0.1%, 4=0.1%, 8=0.1%, 16=0.1%, 32=0.1%, >=64=100.0%
     submit    : 0=0.0%, 4=100.0%, 8=0.0%, 16=0.0%, 32=0.0%, 64=0.0%, >=64=0.0%
     complete  : 0=0.0%, 4=100.0%, 8=0.0%, 16=0.0%, 32=0.0%, 64=0.0%, >=64=0.1%
     issued rwts: total=0,983040,0,0 short=0,0,0,0 dropped=0,0,0,0
     latency   : target=0, window=0, percentile=100.00%, depth=128

Run status group 0 (all jobs):
  WRITE: bw=1306MiB/s (1369MB/s), 1306MiB/s-1306MiB/s (1369MB/s-1369MB/s), io=30.0GiB (32.2GB), run=23524-23524msec
