jobs1: (g=0): rw=randwrite, bs=(R) 32.0KiB-32.0KiB, (W) 32.0KiB-32.0KiB, (T) 32.0KiB-32.0KiB, ioengine=libaio, iodepth=128
...
fio-3.28
Starting 32 processes
jobs1: Laying out IO files (512 files / total 30720MiB)

jobs1: (groupid=0, jobs=32): err= 0: pid=1110363: Wed Jul 26 06:10:29 2023
  write: IOPS=55.1k, BW=1722MiB/s (1805MB/s)(30.0GiB/17844msec); 0 zone resets
    slat (usec): min=8, max=41869, avg=17.19, stdev=240.92
    clat (usec): min=2, max=614855, avg=2229.61, stdev=2707.11
     lat (usec): min=17, max=656726, avg=2246.89, stdev=2792.45
    clat percentiles (usec):
     |  1.00th=[ 1352],  5.00th=[ 1369], 10.00th=[ 1401], 20.00th=[ 1467],
     | 30.00th=[ 1532], 40.00th=[ 1631], 50.00th=[ 1729], 60.00th=[ 1893],
     | 70.00th=[ 1926], 80.00th=[ 2008], 90.00th=[ 2540], 95.00th=[ 2999],
     | 99.00th=[13042], 99.50th=[13829], 99.90th=[21365], 99.95th=[26870],
     | 99.99th=[35914]
   bw (  MiB/s): min=   13, max= 2057, per=100.00%, avg=1741.74, stdev=415.13, samples=35
   iops        : min=  433, max=65844, avg=55735.69, stdev=13284.38, samples=35
  lat (usec)   : 4=0.01%, 20=0.01%, 50=0.01%, 100=0.01%, 250=0.01%
  lat (usec)   : 500=0.01%, 750=0.01%, 1000=0.01%
  lat (msec)   : 2=79.52%, 4=16.19%, 10=0.69%, 20=3.47%, 50=0.13%
  lat (msec)   : 100=0.01%, 250=0.01%, 500=0.01%, 750=0.01%
  cpu          : usr=6.77%, sys=70.71%, ctx=9548, majf=0, minf=72
  IO depths    : 1=0.1%, 2=0.1%, 4=0.1%, 8=0.1%, 16=0.1%, 32=0.1%, >=64=100.0%
     submit    : 0=0.0%, 4=100.0%, 8=0.0%, 16=0.0%, 32=0.0%, 64=0.0%, >=64=0.0%
     complete  : 0=0.0%, 4=100.0%, 8=0.0%, 16=0.0%, 32=0.0%, 64=0.0%, >=64=0.1%
     issued rwts: total=0,983040,0,0 short=0,0,0,0 dropped=0,0,0,0
     latency   : target=0, window=0, percentile=100.00%, depth=128

Run status group 0 (all jobs):
  WRITE: bw=1722MiB/s (1805MB/s), 1722MiB/s-1722MiB/s (1805MB/s-1805MB/s), io=30.0GiB (32.2GB), run=17844-17844msec
