jobs1: (g=0): rw=randwrite, bs=(R) 32.0KiB-32.0KiB, (W) 32.0KiB-32.0KiB, (T) 32.0KiB-32.0KiB, ioengine=libaio, iodepth=128
fio-3.28
Starting 1 process
jobs1: Laying out IO files (64 files / total 30720MiB)

jobs1: (groupid=0, jobs=1): err= 0: pid=469140: Tue Jul 25 22:09:18 2023
  write: IOPS=43.0k, BW=1345MiB/s (1411MB/s)(30.0GiB/22835msec); 0 zone resets
    slat (usec): min=8, max=134627, avg=22.12, stdev=271.50
    clat (usec): min=2, max=622252, avg=2875.46, stdev=2600.33
     lat (usec): min=19, max=622324, avg=2897.69, stdev=2680.67
    clat percentiles (usec):
     |  1.00th=[ 1680],  5.00th=[ 2147], 10.00th=[ 2409], 20.00th=[ 2409],
     | 30.00th=[ 2442], 40.00th=[ 2442], 50.00th=[ 2442], 60.00th=[ 2442],
     | 70.00th=[ 2474], 80.00th=[ 2540], 90.00th=[ 2671], 95.00th=[ 3458],
     | 99.00th=[13960], 99.50th=[15795], 99.90th=[18220], 99.95th=[20317],
     | 99.99th=[25560]
   bw (  MiB/s): min=  912, max= 1632, per=100.00%, avg=1372.44, stdev=267.41, samples=44
   iops        : min=29206, max=52224, avg=43918.18, stdev=8557.11, samples=44
  lat (usec)   : 4=0.01%, 50=0.01%, 100=0.01%, 250=0.01%, 500=0.01%
  lat (usec)   : 750=0.01%, 1000=0.01%
  lat (msec)   : 2=3.22%, 4=92.45%, 10=0.56%, 20=3.71%, 50=0.05%
  lat (msec)   : 100=0.01%, 250=0.01%, 500=0.01%, 750=0.01%
  cpu          : usr=8.17%, sys=75.21%, ctx=1034, majf=0, minf=15
  IO depths    : 1=0.1%, 2=0.1%, 4=0.1%, 8=0.1%, 16=0.1%, 32=0.1%, >=64=100.0%
     submit    : 0=0.0%, 4=100.0%, 8=0.0%, 16=0.0%, 32=0.0%, 64=0.0%, >=64=0.0%
     complete  : 0=0.0%, 4=100.0%, 8=0.0%, 16=0.0%, 32=0.0%, 64=0.0%, >=64=0.1%
     issued rwts: total=0,983040,0,0 short=0,0,0,0 dropped=0,0,0,0
     latency   : target=0, window=0, percentile=100.00%, depth=128

Run status group 0 (all jobs):
  WRITE: bw=1345MiB/s (1411MB/s), 1345MiB/s-1345MiB/s (1411MB/s-1411MB/s), io=30.0GiB (32.2GB), run=22835-22835msec
