jobs1: (g=0): rw=randread, bs=(R) 4096B-4096B, (W) 4096B-4096B, (T) 4096B-4096B, ioengine=libaio, iodepth=128
...
fio-3.28
Starting 16 processes
jobs1: Laying out IO files (1024 files / total 30720MiB)
fio: pid=1164928, err=24/file:filesetup.c:805, func=open(/home/sevag/fuse_boc//f1018), error=Too many open files

jobs1: (groupid=0, jobs=16): err=24 (file:filesetup.c:805, func=open(/home/sevag/fuse_boc//f1018), error=Too many open files): pid=1164928: Wed Jul 26 09:15:44 2023
  read: IOPS=15.2k, BW=59.4MiB/s (62.3MB/s)(4076KiB/67msec)
    slat (usec): min=19, max=338, avg=34.11, stdev=15.29
    clat (usec): min=34, max=12274, avg=7277.99, stdev=2157.80
     lat (usec): min=63, max=12615, avg=7312.39, stdev=2165.47
    clat percentiles (usec):
     |  1.00th=[  693],  5.00th=[ 2671], 10.00th=[ 5145], 20.00th=[ 6194],
     | 30.00th=[ 6390], 40.00th=[ 6456], 50.00th=[ 7177], 60.00th=[ 7635],
     | 70.00th=[ 8455], 80.00th=[ 9372], 90.00th=[10159], 95.00th=[10421],
     | 99.00th=[10683], 99.50th=[11076], 99.90th=[12256], 99.95th=[12256],
     | 99.99th=[12256]
  lat (usec)   : 50=0.10%, 250=0.20%, 500=0.39%, 750=0.49%, 1000=0.49%
  lat (msec)   : 2=1.96%, 4=4.02%, 10=80.67%, 20=11.68%
  cpu          : usr=4.55%, sys=39.39%, ctx=2040, majf=0, minf=176
  IO depths    : 1=0.1%, 2=0.2%, 4=0.4%, 8=0.8%, 16=1.6%, 32=3.1%, >=64=93.8%
     submit    : 0=0.0%, 4=100.0%, 8=0.0%, 16=0.0%, 32=0.0%, 64=0.0%, >=64=0.0%
     complete  : 0=0.0%, 4=99.9%, 8=0.0%, 16=0.0%, 32=0.0%, 64=0.0%, >=64=0.1%
     issued rwts: total=1019,0,0,0 short=0,0,0,0 dropped=0,0,0,0
     latency   : target=0, window=0, percentile=100.00%, depth=128

Run status group 0 (all jobs):
   READ: bw=59.4MiB/s (62.3MB/s), 59.4MiB/s-59.4MiB/s (62.3MB/s-62.3MB/s), io=4076KiB (4174kB), run=67-67msec
