jobs1: (g=0): rw=randwrite, bs=(R) 32.0KiB-32.0KiB, (W) 32.0KiB-32.0KiB, (T) 32.0KiB-32.0KiB, ioengine=libaio, iodepth=128
fio-3.28
Starting 1 process
jobs1: Laying out IO files (128 files / total 30720MiB)

jobs1: (groupid=0, jobs=1): err= 0: pid=803001: Wed Jul 26 02:02:30 2023
  write: IOPS=100k, BW=3132MiB/s (3284MB/s)(30.0GiB/9809msec); 0 zone resets
    slat (nsec): min=6612, max=51568, avg=9326.54, stdev=2556.78
    clat (nsec): min=1657, max=4645.3k, avg=1267056.22, stdev=324538.15
     lat (usec): min=12, max=4683, avg=1276.45, stdev=326.97
    clat percentiles (usec):
     |  1.00th=[ 1123],  5.00th=[ 1123], 10.00th=[ 1123], 20.00th=[ 1123],
     | 30.00th=[ 1139], 40.00th=[ 1139], 50.00th=[ 1139], 60.00th=[ 1139],
     | 70.00th=[ 1139], 80.00th=[ 1139], 90.00th=[ 2057], 95.00th=[ 2073],
     | 99.00th=[ 2073], 99.50th=[ 2089], 99.90th=[ 2114], 99.95th=[ 2540],
     | 99.99th=[ 3490]
   bw (  MiB/s): min= 1881, max= 3507, per=99.66%, avg=3121.32, stdev=667.59, samples=19
   iops        : min=60204, max=112226, avg=99882.00, stdev=21362.87, samples=19
  lat (usec)   : 2=0.01%, 20=0.01%, 50=0.01%, 100=0.01%, 250=0.01%
  lat (usec)   : 500=0.01%, 750=0.01%, 1000=0.01%
  lat (msec)   : 2=86.12%, 4=13.86%, 10=0.01%
  cpu          : usr=10.11%, sys=89.87%, ctx=40, majf=0, minf=11
  IO depths    : 1=0.1%, 2=0.1%, 4=0.1%, 8=0.1%, 16=0.1%, 32=0.1%, >=64=100.0%
     submit    : 0=0.0%, 4=100.0%, 8=0.0%, 16=0.0%, 32=0.0%, 64=0.0%, >=64=0.0%
     complete  : 0=0.0%, 4=100.0%, 8=0.0%, 16=0.0%, 32=0.0%, 64=0.0%, >=64=0.1%
     issued rwts: total=0,983040,0,0 short=0,0,0,0 dropped=0,0,0,0
     latency   : target=0, window=0, percentile=100.00%, depth=128

Run status group 0 (all jobs):
  WRITE: bw=3132MiB/s (3284MB/s), 3132MiB/s-3132MiB/s (3284MB/s-3284MB/s), io=30.0GiB (32.2GB), run=9809-9809msec
