jobs1: (g=0): rw=randread, bs=(R) 128KiB-128KiB, (W) 128KiB-128KiB, (T) 128KiB-128KiB, ioengine=libaio, iodepth=128
...
fio-3.28
Starting 16 processes
jobs1: Laying out IO files (1024 files / total 30720MiB)
fio: pid=1189787, err=24/file:filesetup.c:805, func=open(/home/sevag/ramdisk//f1018), error=Too many open files

jobs1: (groupid=0, jobs=16): err=24 (file:filesetup.c:805, func=open(/home/sevag/ramdisk//f1018), error=Too many open files): pid=1189787: Wed Jul 26 10:32:23 2023
  read: IOPS=21.2k, BW=2654MiB/s (2783MB/s)(127MiB/48msec)
    slat (usec): min=22, max=191, avg=40.71, stdev=36.67
    clat (usec): min=34, max=18038, avg=4724.87, stdev=2853.02
     lat (usec): min=60, max=18231, avg=4765.67, stdev=2886.10
    clat percentiles (usec):
     |  1.00th=[  388],  5.00th=[ 1631], 10.00th=[ 3261], 20.00th=[ 3916],
     | 30.00th=[ 3982], 40.00th=[ 4015], 50.00th=[ 4015], 60.00th=[ 4228],
     | 70.00th=[ 4228], 80.00th=[ 4293], 90.00th=[ 7242], 95.00th=[12125],
     | 99.00th=[16909], 99.50th=[17433], 99.90th=[17957], 99.95th=[17957],
     | 99.99th=[17957]
  lat (usec)   : 50=0.10%, 250=0.39%, 500=0.98%, 750=0.79%, 1000=0.79%
  lat (msec)   : 2=3.04%, 4=31.21%, 10=55.84%, 20=6.87%
  cpu          : usr=6.38%, sys=93.62%, ctx=0, majf=1, minf=4158
  IO depths    : 1=0.1%, 2=0.2%, 4=0.4%, 8=0.8%, 16=1.6%, 32=3.1%, >=64=93.8%
     submit    : 0=0.0%, 4=100.0%, 8=0.0%, 16=0.0%, 32=0.0%, 64=0.0%, >=64=0.0%
     complete  : 0=0.0%, 4=99.9%, 8=0.0%, 16=0.0%, 32=0.0%, 64=0.0%, >=64=0.1%
     issued rwts: total=1019,0,0,0 short=0,0,0,0 dropped=0,0,0,0
     latency   : target=0, window=0, percentile=100.00%, depth=128

Run status group 0 (all jobs):
   READ: bw=2654MiB/s (2783MB/s), 2654MiB/s-2654MiB/s (2783MB/s-2783MB/s), io=127MiB (134MB), run=48-48msec
