jobs1: (g=0): rw=randread, bs=(R) 4096B-4096B, (W) 4096B-4096B, (T) 4096B-4096B, ioengine=libaio, iodepth=128
...
fio-3.28
Starting 32 processes
jobs1: Laying out IO file (1 file / 30720MiB)

jobs1: (groupid=0, jobs=32): err= 0: pid=157869: Tue Jul 25 18:21:52 2023
  read: IOPS=73.1k, BW=286MiB/s (299MB/s)(30.0GiB/107567msec)
    slat (usec): min=7, max=154, avg=12.99, stdev= 1.41
    clat (nsec): min=1756, max=5670.5k, avg=1737327.92, stdev=166220.38
     lat (usec): min=11, max=5771, avg=1750.39, stdev=167.37
    clat percentiles (usec):
     |  1.00th=[ 1614],  5.00th=[ 1631], 10.00th=[ 1647], 20.00th=[ 1663],
     | 30.00th=[ 1680], 40.00th=[ 1680], 50.00th=[ 1696], 60.00th=[ 1713],
     | 70.00th=[ 1729], 80.00th=[ 1762], 90.00th=[ 1893], 95.00th=[ 1926],
     | 99.00th=[ 2343], 99.50th=[ 2933], 99.90th=[ 3392], 99.95th=[ 4047],
     | 99.99th=[ 4621]
   bw (  KiB/s): min=178500, max=314853, per=100.00%, avg=292464.39, stdev=16223.88, samples=215
   iops        : min=44625, max=78713, avg=73116.10, stdev=4055.96, samples=215
  lat (usec)   : 2=0.01%, 20=0.01%, 50=0.01%, 100=0.01%, 250=0.01%
  lat (usec)   : 500=0.01%, 750=0.01%, 1000=0.01%
  lat (msec)   : 2=97.44%, 4=2.50%, 10=0.06%
  cpu          : usr=5.33%, sys=32.95%, ctx=7864389, majf=0, minf=198
  IO depths    : 1=0.1%, 2=0.1%, 4=0.1%, 8=0.1%, 16=0.1%, 32=0.1%, >=64=100.0%
     submit    : 0=0.0%, 4=100.0%, 8=0.0%, 16=0.0%, 32=0.0%, 64=0.0%, >=64=0.0%
     complete  : 0=0.0%, 4=100.0%, 8=0.0%, 16=0.0%, 32=0.0%, 64=0.0%, >=64=0.1%
     issued rwts: total=7864320,0,0,0 short=0,0,0,0 dropped=0,0,0,0
     latency   : target=0, window=0, percentile=100.00%, depth=128

Run status group 0 (all jobs):
   READ: bw=286MiB/s (299MB/s), 286MiB/s-286MiB/s (299MB/s-299MB/s), io=30.0GiB (32.2GB), run=107567-107567msec
