jobs1: (g=0): rw=randwrite, bs=(R) 4096B-4096B, (W) 4096B-4096B, (T) 4096B-4096B, ioengine=libaio, iodepth=128
fio-3.28
Starting 1 process
jobs1: Laying out IO file (1 file / 30720MiB)

jobs1: (groupid=0, jobs=1): err= 0: pid=66455: Tue Jul 25 17:39:59 2023
  write: IOPS=538k, BW=2100MiB/s (2202MB/s)(30.0GiB/14629msec); 0 zone resets
    slat (nsec): min=852, max=26406, avg=1342.69, stdev=307.99
    clat (nsec): min=981, max=791121, avg=236463.31, stdev=43663.77
     lat (usec): min=2, max=795, avg=237.85, stdev=43.93
    clat percentiles (usec):
     |  1.00th=[  212],  5.00th=[  219], 10.00th=[  221], 20.00th=[  223],
     | 30.00th=[  223], 40.00th=[  223], 50.00th=[  225], 60.00th=[  225],
     | 70.00th=[  225], 80.00th=[  227], 90.00th=[  231], 95.00th=[  375],
     | 99.00th=[  379], 99.50th=[  383], 99.90th=[  388], 99.95th=[  519],
     | 99.99th=[  742]
   bw (  MiB/s): min= 1313, max= 2274, per=99.92%, avg=2098.27, stdev=315.74, samples=29
   iops        : min=336258, max=582282, avg=537156.90, stdev=80828.22, samples=29
  lat (nsec)   : 1000=0.01%
  lat (usec)   : 4=0.01%, 10=0.01%, 20=0.01%, 50=0.01%, 100=0.01%
  lat (usec)   : 250=90.87%, 500=9.06%, 750=0.06%, 1000=0.01%
  cpu          : usr=25.02%, sys=74.97%, ctx=9, majf=0, minf=10
  IO depths    : 1=0.1%, 2=0.1%, 4=0.1%, 8=0.1%, 16=0.1%, 32=0.1%, >=64=100.0%
     submit    : 0=0.0%, 4=100.0%, 8=0.0%, 16=0.0%, 32=0.0%, 64=0.0%, >=64=0.0%
     complete  : 0=0.0%, 4=100.0%, 8=0.0%, 16=0.0%, 32=0.0%, 64=0.0%, >=64=0.1%
     issued rwts: total=0,7864320,0,0 short=0,0,0,0 dropped=0,0,0,0
     latency   : target=0, window=0, percentile=100.00%, depth=128

Run status group 0 (all jobs):
  WRITE: bw=2100MiB/s (2202MB/s), 2100MiB/s-2100MiB/s (2202MB/s-2202MB/s), io=30.0GiB (32.2GB), run=14629-14629msec
