jobs1: (g=0): rw=randread, bs=(R) 32.0KiB-32.0KiB, (W) 32.0KiB-32.0KiB, (T) 32.0KiB-32.0KiB, ioengine=libaio, iodepth=128
...
fio-3.28
Starting 16 processes
jobs1: Laying out IO files (1024 files / total 30720MiB)
fio: pid=1176915, err=24/file:filesetup.c:805, func=open(/home/sevag/fuse_boc//f1018), error=Too many open files

jobs1: (groupid=0, jobs=16): err=24 (file:filesetup.c:805, func=open(/home/sevag/fuse_boc//f1018), error=Too many open files): pid=1176915: Wed Jul 26 09:51:20 2023
  read: IOPS=8284, BW=259MiB/s (271MB/s)(31.8MiB/123msec)
    slat (usec): min=64, max=261, avg=79.13, stdev=18.57
    clat (usec): min=85, max=23058, avg=13878.39, stdev=3839.65
     lat (usec): min=162, max=23181, avg=13957.96, stdev=3852.12
    clat percentiles (usec):
     |  1.00th=[ 1352],  5.00th=[ 5604], 10.00th=[11076], 20.00th=[13435],
     | 30.00th=[13435], 40.00th=[13566], 50.00th=[13566], 60.00th=[13829],
     | 70.00th=[13960], 80.00th=[14746], 90.00th=[20055], 95.00th=[21627],
     | 99.00th=[22938], 99.50th=[22938], 99.90th=[22938], 99.95th=[22938],
     | 99.99th=[22938]
  lat (usec)   : 100=0.10%, 500=0.20%, 750=0.20%, 1000=0.20%
  lat (msec)   : 2=0.98%, 4=1.86%, 10=5.40%, 20=81.26%, 50=9.81%
  cpu          : usr=6.56%, sys=45.90%, ctx=2042, majf=0, minf=1073
  IO depths    : 1=0.1%, 2=0.2%, 4=0.4%, 8=0.8%, 16=1.6%, 32=3.1%, >=64=93.8%
     submit    : 0=0.0%, 4=100.0%, 8=0.0%, 16=0.0%, 32=0.0%, 64=0.0%, >=64=0.0%
     complete  : 0=0.0%, 4=99.9%, 8=0.0%, 16=0.0%, 32=0.0%, 64=0.0%, >=64=0.1%
     issued rwts: total=1019,0,0,0 short=0,0,0,0 dropped=0,0,0,0
     latency   : target=0, window=0, percentile=100.00%, depth=128

Run status group 0 (all jobs):
   READ: bw=259MiB/s (271MB/s), 259MiB/s-259MiB/s (271MB/s-271MB/s), io=31.8MiB (33.4MB), run=123-123msec
