jobs1: (g=0): rw=randread, bs=(R) 128KiB-128KiB, (W) 128KiB-128KiB, (T) 128KiB-128KiB, ioengine=libaio, iodepth=128
fio-3.28
Starting 1 process
jobs1: Laying out IO file (1 file / 30720MiB)

jobs1: (groupid=0, jobs=1): err= 0: pid=185785: Tue Jul 25 19:52:11 2023
  read: IOPS=40.0k, BW=4998MiB/s (5240MB/s)(30.0GiB/6147msec)
    slat (usec): min=20, max=200, avg=24.34, stdev= 4.46
    clat (nsec): min=1745, max=19168k, avg=3171000.30, stdev=479327.36
     lat (usec): min=26, max=19367, avg=3195.42, stdev=483.49
    clat percentiles (usec):
     |  1.00th=[ 2966],  5.00th=[ 2966], 10.00th=[ 2966], 20.00th=[ 2966],
     | 30.00th=[ 2966], 40.00th=[ 2966], 50.00th=[ 2966], 60.00th=[ 2966],
     | 70.00th=[ 2966], 80.00th=[ 2999], 90.00th=[ 4080], 95.00th=[ 4080],
     | 99.00th=[ 4113], 99.50th=[ 4113], 99.90th=[ 5080], 99.95th=[ 6063],
     | 99.99th=[16188]
   bw (  MiB/s): min= 3720, max= 5347, per=99.82%, avg=4988.75, stdev=649.83, samples=12
   iops        : min=29762, max=42782, avg=39910.00, stdev=5198.61, samples=12
  lat (usec)   : 2=0.01%, 50=0.01%, 100=0.01%, 250=0.01%, 500=0.01%
  lat (usec)   : 750=0.01%, 1000=0.01%
  lat (msec)   : 2=0.02%, 4=82.44%, 10=17.50%, 20=0.03%
  cpu          : usr=2.85%, sys=97.14%, ctx=10, majf=0, minf=4107
  IO depths    : 1=0.1%, 2=0.1%, 4=0.1%, 8=0.1%, 16=0.1%, 32=0.1%, >=64=100.0%
     submit    : 0=0.0%, 4=100.0%, 8=0.0%, 16=0.0%, 32=0.0%, 64=0.0%, >=64=0.0%
     complete  : 0=0.0%, 4=100.0%, 8=0.0%, 16=0.0%, 32=0.0%, 64=0.0%, >=64=0.1%
     issued rwts: total=245760,0,0,0 short=0,0,0,0 dropped=0,0,0,0
     latency   : target=0, window=0, percentile=100.00%, depth=128

Run status group 0 (all jobs):
   READ: bw=4998MiB/s (5240MB/s), 4998MiB/s-4998MiB/s (5240MB/s-5240MB/s), io=30.0GiB (32.2GB), run=6147-6147msec
