jobs1: (g=0): rw=randread, bs=(R) 512KiB-512KiB, (W) 512KiB-512KiB, (T) 512KiB-512KiB, ioengine=libaio, iodepth=128
...
fio-3.28
Starting 16 processes
jobs1: Laying out IO files (512 files / total 30720MiB)

jobs1: (groupid=0, jobs=16): err= 0: pid=1153148: Wed Jul 26 08:39:42 2023
  read: IOPS=638, BW=319MiB/s (335MB/s)(30.0GiB/96244msec)
    slat (usec): min=978, max=2588, avg=1550.17, stdev=112.56
    clat (usec): min=6, max=331892, avg=198605.59, stdev=8813.76
     lat (usec): min=1462, max=334483, avg=200157.14, stdev=8838.03
    clat percentiles (msec):
     |  1.00th=[  188],  5.00th=[  192], 10.00th=[  192], 20.00th=[  194],
     | 30.00th=[  197], 40.00th=[  199], 50.00th=[  199], 60.00th=[  201],
     | 70.00th=[  203], 80.00th=[  203], 90.00th=[  205], 95.00th=[  205],
     | 99.00th=[  211], 99.50th=[  241], 99.90th=[  271], 99.95th=[  321],
     | 99.99th=[  330]
   bw (  KiB/s): min=147989, max=345779, per=99.95%, avg=326699.29, stdev=15220.95, samples=192
   iops        : min=  289, max=  675, avg=638.04, stdev=29.72, samples=192
  lat (usec)   : 10=0.01%
  lat (msec)   : 2=0.01%, 4=0.01%, 10=0.01%, 20=0.01%, 50=0.03%
  lat (msec)   : 100=0.05%, 250=99.65%, 500=0.25%
  cpu          : usr=0.66%, sys=33.93%, ctx=246451, majf=0, minf=16428
  IO depths    : 1=0.1%, 2=0.1%, 4=0.1%, 8=0.1%, 16=0.1%, 32=0.1%, >=64=99.9%
     submit    : 0=0.0%, 4=100.0%, 8=0.0%, 16=0.0%, 32=0.0%, 64=0.0%, >=64=0.0%
     complete  : 0=0.0%, 4=100.0%, 8=0.0%, 16=0.0%, 32=0.0%, 64=0.0%, >=64=0.1%
     issued rwts: total=61440,0,0,0 short=0,0,0,0 dropped=0,0,0,0
     latency   : target=0, window=0, percentile=100.00%, depth=128

Run status group 0 (all jobs):
   READ: bw=319MiB/s (335MB/s), 319MiB/s-319MiB/s (335MB/s-335MB/s), io=30.0GiB (32.2GB), run=96244-96244msec
