jobs1: (g=0): rw=randread, bs=(R) 128KiB-128KiB, (W) 128KiB-128KiB, (T) 128KiB-128KiB, ioengine=libaio, iodepth=128
...
fio-3.28
Starting 16 processes
jobs1: Laying out IO files (64 files / total 30720MiB)

jobs1: (groupid=0, jobs=16): err= 0: pid=508086: Tue Jul 25 23:34:26 2023
  read: IOPS=6950, BW=869MiB/s (911MB/s)(30.0GiB/35357msec)
    slat (usec): min=126, max=725, avg=141.28, stdev=24.52
    clat (usec): min=3, max=70904, avg=18251.69, stdev=2760.99
     lat (usec): min=150, max=71632, avg=18393.35, stdev=2782.21
    clat percentiles (usec):
     |  1.00th=[17433],  5.00th=[17433], 10.00th=[17433], 20.00th=[17433],
     | 30.00th=[17433], 40.00th=[17433], 50.00th=[17433], 60.00th=[17695],
     | 70.00th=[17957], 80.00th=[17957], 90.00th=[18220], 95.00th=[25297],
     | 99.00th=[30802], 99.50th=[35914], 99.90th=[41157], 99.95th=[42730],
     | 99.99th=[64226]
   bw (  KiB/s): min=439975, max=934400, per=100.00%, avg=891066.27, stdev=99231.25, samples=70
   iops        : min= 3437, max= 7300, avg=6961.43, stdev=775.30, samples=70
  lat (usec)   : 4=0.01%, 250=0.01%, 500=0.01%, 750=0.01%, 1000=0.01%
  lat (msec)   : 2=0.01%, 4=0.01%, 10=0.02%, 20=94.38%, 50=5.57%
  lat (msec)   : 100=0.03%
  cpu          : usr=1.71%, sys=58.30%, ctx=245855, majf=0, minf=4153
  IO depths    : 1=0.1%, 2=0.1%, 4=0.1%, 8=0.1%, 16=0.1%, 32=0.1%, >=64=100.0%
     submit    : 0=0.0%, 4=100.0%, 8=0.0%, 16=0.0%, 32=0.0%, 64=0.0%, >=64=0.0%
     complete  : 0=0.0%, 4=100.0%, 8=0.0%, 16=0.0%, 32=0.0%, 64=0.0%, >=64=0.1%
     issued rwts: total=245760,0,0,0 short=0,0,0,0 dropped=0,0,0,0
     latency   : target=0, window=0, percentile=100.00%, depth=128

Run status group 0 (all jobs):
   READ: bw=869MiB/s (911MB/s), 869MiB/s-869MiB/s (911MB/s-911MB/s), io=30.0GiB (32.2GB), run=35357-35357msec
