jobs1: (g=0): rw=randread, bs=(R) 128KiB-128KiB, (W) 128KiB-128KiB, (T) 128KiB-128KiB, ioengine=libaio, iodepth=128
...
fio-3.28
Starting 32 processes
jobs1: Laying out IO files (128 files / total 30720MiB)

jobs1: (groupid=0, jobs=32): err= 0: pid=847279: Wed Jul 26 03:31:52 2023
  read: IOPS=6510, BW=814MiB/s (853MB/s)(30.0GiB/37746msec)
    slat (usec): min=120, max=1210, avg=150.76, stdev=38.01
    clat (usec): min=3, max=43457, avg=19494.09, stdev=4090.03
     lat (usec): min=136, max=44059, avg=19645.22, stdev=4120.77
    clat percentiles (usec):
     |  1.00th=[16909],  5.00th=[17433], 10.00th=[17433], 20.00th=[17695],
     | 30.00th=[17695], 40.00th=[17957], 50.00th=[18220], 60.00th=[18220],
     | 70.00th=[18220], 80.00th=[18744], 90.00th=[27395], 95.00th=[30016],
     | 99.00th=[34341], 99.50th=[36439], 99.90th=[39584], 99.95th=[40633],
     | 99.99th=[41681]
   bw (  KiB/s): min=475648, max=928577, per=100.00%, avg=834941.56, stdev=141986.76, samples=75
   iops        : min= 3716, max= 7254, avg=6522.97, stdev=1109.31, samples=75
  lat (usec)   : 4=0.01%, 250=0.01%, 500=0.01%, 750=0.01%, 1000=0.01%
  lat (msec)   : 2=0.01%, 4=0.01%, 10=0.02%, 20=86.96%, 50=13.02%
  cpu          : usr=1.94%, sys=57.10%, ctx=245926, majf=0, minf=4199
  IO depths    : 1=0.1%, 2=0.1%, 4=0.1%, 8=0.1%, 16=0.1%, 32=0.1%, >=64=100.0%
     submit    : 0=0.0%, 4=100.0%, 8=0.0%, 16=0.0%, 32=0.0%, 64=0.0%, >=64=0.0%
     complete  : 0=0.0%, 4=100.0%, 8=0.0%, 16=0.0%, 32=0.0%, 64=0.0%, >=64=0.1%
     issued rwts: total=245760,0,0,0 short=0,0,0,0 dropped=0,0,0,0
     latency   : target=0, window=0, percentile=100.00%, depth=128

Run status group 0 (all jobs):
   READ: bw=814MiB/s (853MB/s), 814MiB/s-814MiB/s (853MB/s-853MB/s), io=30.0GiB (32.2GB), run=37746-37746msec
