jobs1: (g=0): rw=randwrite, bs=(R) 512KiB-512KiB, (W) 512KiB-512KiB, (T) 512KiB-512KiB, ioengine=libaio, iodepth=128
...
fio-3.28
Starting 32 processes
jobs1: Laying out IO files (64 files / total 30720MiB)

jobs1: (groupid=0, jobs=32): err= 0: pid=518873: Wed Jul 26 00:00:57 2023
  write: IOPS=8481, BW=4241MiB/s (4447MB/s)(30.0GiB/7244msec); 0 zone resets
    slat (usec): min=97, max=179, avg=116.81, stdev=14.68
    clat (usec): min=2, max=20472, avg=14951.67, stdev=1809.77
     lat (usec): min=109, max=20633, avg=15068.60, stdev=1823.25
    clat percentiles (usec):
     |  1.00th=[14091],  5.00th=[14091], 10.00th=[14222], 20.00th=[14222],
     | 30.00th=[14222], 40.00th=[14222], 50.00th=[14222], 60.00th=[14222],
     | 70.00th=[14222], 80.00th=[14353], 90.00th=[19006], 95.00th=[19006],
     | 99.00th=[20055], 99.50th=[20055], 99.90th=[20317], 99.95th=[20317],
     | 99.99th=[20579]
   bw (  MiB/s): min= 3118, max= 4472, per=99.69%, avg=4227.46, stdev=477.44, samples=14
   iops        : min= 6237, max= 8944, avg=8454.79, stdev=954.85, samples=14
  lat (usec)   : 4=0.01%, 250=0.01%, 500=0.01%, 750=0.01%, 1000=0.01%
  lat (msec)   : 2=0.01%, 4=0.03%, 10=0.09%, 20=98.89%, 50=0.96%
  cpu          : usr=13.36%, sys=86.64%, ctx=4, majf=0, minf=66
  IO depths    : 1=0.1%, 2=0.1%, 4=0.1%, 8=0.1%, 16=0.1%, 32=0.1%, >=64=99.9%
     submit    : 0=0.0%, 4=100.0%, 8=0.0%, 16=0.0%, 32=0.0%, 64=0.0%, >=64=0.0%
     complete  : 0=0.0%, 4=100.0%, 8=0.0%, 16=0.0%, 32=0.0%, 64=0.0%, >=64=0.1%
     issued rwts: total=0,61440,0,0 short=0,0,0,0 dropped=0,0,0,0
     latency   : target=0, window=0, percentile=100.00%, depth=128

Run status group 0 (all jobs):
  WRITE: bw=4241MiB/s (4447MB/s), 4241MiB/s-4241MiB/s (4447MB/s-4447MB/s), io=30.0GiB (32.2GB), run=7244-7244msec
