jobs1: (g=0): rw=randwrite, bs=(R) 128KiB-128KiB, (W) 128KiB-128KiB, (T) 128KiB-128KiB, ioengine=libaio, iodepth=128
...
fio-3.28
Starting 16 processes
jobs1: Laying out IO files (1024 files / total 30720MiB)
fio: pid=1183158, err=24/file:filesetup.c:805, func=open(/home/sevag/ramdisk//f1018), error=Too many open files

jobs1: (groupid=0, jobs=16): err=24 (file:filesetup.c:805, func=open(/home/sevag/ramdisk//f1018), error=Too many open files): pid=1183158: Wed Jul 26 10:04:24 2023
  write: IOPS=13.4k, BW=1676MiB/s (1757MB/s)(127MiB/76msec); 0 zone resets
    slat (usec): min=55, max=584, avg=67.94, stdev=27.47
    clat (usec): min=41, max=12545, avg=8522.90, stdev=1725.69
     lat (usec): min=104, max=12743, avg=8590.96, stdev=1731.27
    clat percentiles (usec):
     |  1.00th=[ 1057],  5.00th=[ 3916], 10.00th=[ 7701], 20.00th=[ 8717],
     | 30.00th=[ 8717], 40.00th=[ 8717], 50.00th=[ 8848], 60.00th=[ 8848],
     | 70.00th=[ 9110], 80.00th=[ 9110], 90.00th=[ 9503], 95.00th=[ 9765],
     | 99.00th=[11207], 99.50th=[11863], 99.90th=[12387], 99.95th=[12518],
     | 99.99th=[12518]
  lat (usec)   : 50=0.10%, 500=0.10%, 750=0.39%, 1000=0.29%
  lat (msec)   : 2=1.57%, 4=2.65%, 10=92.93%, 20=1.96%
  cpu          : usr=16.00%, sys=84.00%, ctx=0, majf=0, minf=51
  IO depths    : 1=0.1%, 2=0.2%, 4=0.4%, 8=0.8%, 16=1.6%, 32=3.1%, >=64=93.8%
     submit    : 0=0.0%, 4=100.0%, 8=0.0%, 16=0.0%, 32=0.0%, 64=0.0%, >=64=0.0%
     complete  : 0=0.0%, 4=99.9%, 8=0.0%, 16=0.0%, 32=0.0%, 64=0.0%, >=64=0.1%
     issued rwts: total=0,1019,0,0 short=0,0,0,0 dropped=0,0,0,0
     latency   : target=0, window=0, percentile=100.00%, depth=128

Run status group 0 (all jobs):
  WRITE: bw=1676MiB/s (1757MB/s), 1676MiB/s-1676MiB/s (1757MB/s-1757MB/s), io=127MiB (134MB), run=76-76msec
