jobs1: (g=0): rw=randread, bs=(R) 32.0KiB-32.0KiB, (W) 32.0KiB-32.0KiB, (T) 32.0KiB-32.0KiB, ioengine=libaio, iodepth=128
...
fio-3.28
Starting 16 processes
jobs1: Laying out IO file (1 file / 30720MiB)

jobs1: (groupid=0, jobs=16): err= 0: pid=172789: Tue Jul 25 19:10:18 2023
  read: IOPS=15.4k, BW=481MiB/s (505MB/s)(30.0GiB/63820msec)
    slat (usec): min=51, max=294, avg=62.15, stdev= 4.09
    clat (usec): min=3, max=14862, avg=8245.00, stdev=412.98
     lat (usec): min=56, max=15158, avg=8307.57, stdev=415.92
    clat percentiles (usec):
     |  1.00th=[ 7767],  5.00th=[ 7767], 10.00th=[ 7832], 20.00th=[ 7963],
     | 30.00th=[ 8094], 40.00th=[ 8225], 50.00th=[ 8356], 60.00th=[ 8356],
     | 70.00th=[ 8356], 80.00th=[ 8356], 90.00th=[ 8455], 95.00th=[ 8455],
     | 99.00th=[10290], 99.50th=[10290], 99.90th=[10290], 99.95th=[10421],
     | 99.99th=[10945]
   bw (  KiB/s): min=390824, max=515520, per=100.00%, avg=493043.31, stdev=18168.73, samples=127
   iops        : min=12213, max=16110, avg=15407.55, stdev=567.77, samples=127
  lat (usec)   : 4=0.01%, 100=0.01%, 250=0.01%, 500=0.01%, 750=0.01%
  lat (usec)   : 1000=0.01%
  lat (msec)   : 2=0.01%, 4=0.01%, 10=97.44%, 20=2.56%
  cpu          : usr=4.65%, sys=48.55%, ctx=983097, majf=1, minf=1075
  IO depths    : 1=0.1%, 2=0.1%, 4=0.1%, 8=0.1%, 16=0.1%, 32=0.1%, >=64=100.0%
     submit    : 0=0.0%, 4=100.0%, 8=0.0%, 16=0.0%, 32=0.0%, 64=0.0%, >=64=0.0%
     complete  : 0=0.0%, 4=100.0%, 8=0.0%, 16=0.0%, 32=0.0%, 64=0.0%, >=64=0.1%
     issued rwts: total=983040,0,0,0 short=0,0,0,0 dropped=0,0,0,0
     latency   : target=0, window=0, percentile=100.00%, depth=128

Run status group 0 (all jobs):
   READ: bw=481MiB/s (505MB/s), 481MiB/s-481MiB/s (505MB/s-505MB/s), io=30.0GiB (32.2GB), run=63820-63820msec
