jobs1: (g=0): rw=randread, bs=(R) 4096B-4096B, (W) 4096B-4096B, (T) 4096B-4096B, ioengine=libaio, iodepth=128
...
fio-3.28
Starting 32 processes
jobs1: Laying out IO files (128 files / total 30720MiB)

jobs1: (groupid=0, jobs=32): err= 0: pid=796767: Wed Jul 26 01:50:34 2023
  read: IOPS=533k, BW=2083MiB/s (2184MB/s)(30.0GiB/14751msec)
    slat (nsec): min=814, max=26125, avg=1368.41, stdev=290.85
    clat (nsec): min=1092, max=2080.7k, avg=238403.71, stdev=40460.42
     lat (usec): min=2, max=2107, avg=239.81, stdev=40.71
    clat percentiles (usec):
     |  1.00th=[  219],  5.00th=[  225], 10.00th=[  227], 20.00th=[  227],
     | 30.00th=[  227], 40.00th=[  229], 50.00th=[  229], 60.00th=[  229],
     | 70.00th=[  229], 80.00th=[  231], 90.00th=[  233], 95.00th=[  371],
     | 99.00th=[  400], 99.50th=[  400], 99.90th=[  404], 99.95th=[  545],
     | 99.99th=[  717]
   bw (  MiB/s): min= 1252, max= 2213, per=99.88%, avg=2080.17, stdev=278.02, samples=29
   iops        : min=320540, max=566734, avg=532523.24, stdev=71173.17, samples=29
  lat (usec)   : 2=0.01%, 4=0.01%, 10=0.01%, 20=0.01%, 50=0.01%
  lat (usec)   : 100=0.01%, 250=93.03%, 500=6.92%, 750=0.06%, 1000=0.01%
  lat (msec)   : 2=0.01%, 4=0.01%
  cpu          : usr=24.61%, sys=75.40%, ctx=13, majf=0, minf=212
  IO depths    : 1=0.1%, 2=0.1%, 4=0.1%, 8=0.1%, 16=0.1%, 32=0.1%, >=64=100.0%
     submit    : 0=0.0%, 4=100.0%, 8=0.0%, 16=0.0%, 32=0.0%, 64=0.0%, >=64=0.0%
     complete  : 0=0.0%, 4=100.0%, 8=0.0%, 16=0.0%, 32=0.0%, 64=0.0%, >=64=0.1%
     issued rwts: total=7864320,0,0,0 short=0,0,0,0 dropped=0,0,0,0
     latency   : target=0, window=0, percentile=100.00%, depth=128

Run status group 0 (all jobs):
   READ: bw=2083MiB/s (2184MB/s), 2083MiB/s-2083MiB/s (2184MB/s-2184MB/s), io=30.0GiB (32.2GB), run=14751-14751msec
