jobs1: (g=0): rw=randwrite, bs=(R) 4096B-4096B, (W) 4096B-4096B, (T) 4096B-4096B, ioengine=libaio, iodepth=128
...
fio-3.28
Starting 32 processes
jobs1: Laying out IO files (128 files / total 30720MiB)

jobs1: (groupid=0, jobs=32): err= 0: pid=715758: Wed Jul 26 01:01:02 2023
  write: IOPS=241k, BW=940MiB/s (985MB/s)(30.0GiB/32688msec); 0 zone resets
    slat (nsec): min=1539, max=132170k, avg=3354.58, stdev=99988.41
    clat (nsec): min=1387, max=232314k, avg=526153.40, stdev=1117102.51
     lat (usec): min=3, max=232324, avg=529.59, stdev=1123.14
    clat percentiles (usec):
     |  1.00th=[  338],  5.00th=[  343], 10.00th=[  355], 20.00th=[  400],
     | 30.00th=[  400], 40.00th=[  404], 50.00th=[  408], 60.00th=[  416],
     | 70.00th=[  433], 80.00th=[  529], 90.00th=[  594], 95.00th=[  603],
     | 99.00th=[  709], 99.50th=[10028], 99.90th=[15139], 99.95th=[16581],
     | 99.99th=[19792]
   bw (  KiB/s): min=532063, max=1370560, per=99.98%, avg=962199.58, stdev=131983.75, samples=64
   iops        : min=133015, max=342640, avg=240549.91, stdev=32995.97, samples=64
  lat (usec)   : 2=0.01%, 10=0.01%, 20=0.01%, 50=0.01%, 100=0.01%
  lat (usec)   : 250=0.01%, 500=77.36%, 750=21.71%, 1000=0.10%
  lat (msec)   : 2=0.10%, 4=0.04%, 10=0.19%, 20=0.49%, 50=0.01%
  lat (msec)   : 100=0.01%, 250=0.01%
  cpu          : usr=19.07%, sys=64.88%, ctx=4696, majf=0, minf=63
  IO depths    : 1=0.1%, 2=0.1%, 4=0.1%, 8=0.1%, 16=0.1%, 32=0.1%, >=64=100.0%
     submit    : 0=0.0%, 4=100.0%, 8=0.0%, 16=0.0%, 32=0.0%, 64=0.0%, >=64=0.0%
     complete  : 0=0.0%, 4=100.0%, 8=0.0%, 16=0.0%, 32=0.0%, 64=0.0%, >=64=0.1%
     issued rwts: total=0,7864320,0,0 short=0,0,0,0 dropped=0,0,0,0
     latency   : target=0, window=0, percentile=100.00%, depth=128

Run status group 0 (all jobs):
  WRITE: bw=940MiB/s (985MB/s), 940MiB/s-940MiB/s (985MB/s-985MB/s), io=30.0GiB (32.2GB), run=32688-32688msec
