jobs1: (g=0): rw=randread, bs=(R) 128KiB-128KiB, (W) 128KiB-128KiB, (T) 128KiB-128KiB, ioengine=libaio, iodepth=128
...
fio-3.28
Starting 16 processes
jobs1: Laying out IO files (64 files / total 30720MiB)

jobs1: (groupid=0, jobs=16): err= 0: pid=509513: Tue Jul 25 23:39:21 2023
  read: IOPS=2502, BW=313MiB/s (328MB/s)(30.0GiB/98207msec)
    slat (usec): min=237, max=747, avg=391.16, stdev=40.09
    clat (usec): min=5, max=118379, avg=50717.43, stdev=2868.83
     lat (usec): min=356, max=119064, avg=51109.48, stdev=2881.91
    clat percentiles (msec):
     |  1.00th=[   46],  5.00th=[   47], 10.00th=[   47], 20.00th=[   48],
     | 30.00th=[   50], 40.00th=[   51], 50.00th=[   51], 60.00th=[   52],
     | 70.00th=[   53], 80.00th=[   54], 90.00th=[   55], 95.00th=[   56],
     | 99.00th=[   56], 99.50th=[   57], 99.90th=[   57], 99.95th=[   57],
     | 99.99th=[  110]
   bw (  KiB/s): min=244622, max=341248, per=100.00%, avg=320334.13, stdev=10765.81, samples=196
   iops        : min= 1911, max= 2666, avg=2502.56, stdev=84.14, samples=196
  lat (usec)   : 10=0.01%, 500=0.01%, 750=0.01%
  lat (msec)   : 2=0.01%, 4=0.01%, 10=0.01%, 20=0.01%, 50=42.25%
  lat (msec)   : 100=57.71%, 250=0.02%
  cpu          : usr=1.27%, sys=34.85%, ctx=245932, majf=0, minf=4139
  IO depths    : 1=0.1%, 2=0.1%, 4=0.1%, 8=0.1%, 16=0.1%, 32=0.1%, >=64=100.0%
     submit    : 0=0.0%, 4=100.0%, 8=0.0%, 16=0.0%, 32=0.0%, 64=0.0%, >=64=0.0%
     complete  : 0=0.0%, 4=100.0%, 8=0.0%, 16=0.0%, 32=0.0%, 64=0.0%, >=64=0.1%
     issued rwts: total=245760,0,0,0 short=0,0,0,0 dropped=0,0,0,0
     latency   : target=0, window=0, percentile=100.00%, depth=128

Run status group 0 (all jobs):
   READ: bw=313MiB/s (328MB/s), 313MiB/s-313MiB/s (328MB/s-328MB/s), io=30.0GiB (32.2GB), run=98207-98207msec
