jobs1: (g=0): rw=randwrite, bs=(R) 4096B-4096B, (W) 4096B-4096B, (T) 4096B-4096B, ioengine=libaio, iodepth=128
...
fio-3.28
Starting 16 processes
jobs1: Laying out IO files (512 files / total 30720MiB)

jobs1: (groupid=0, jobs=16): err= 0: pid=1032941: Wed Jul 26 04:53:29 2023
  write: IOPS=454k, BW=1772MiB/s (1858MB/s)(30.0GiB/17341msec); 0 zone resets
    slat (nsec): min=1267, max=30226, avg=1670.66, stdev=343.67
    clat (nsec): min=1176, max=2405.2k, avg=280249.26, stdev=19864.17
     lat (usec): min=2, max=2413, avg=281.98, stdev=19.96
    clat percentiles (usec):
     |  1.00th=[  277],  5.00th=[  277], 10.00th=[  277], 20.00th=[  277],
     | 30.00th=[  277], 40.00th=[  281], 50.00th=[  281], 60.00th=[  281],
     | 70.00th=[  281], 80.00th=[  281], 90.00th=[  281], 95.00th=[  285],
     | 99.00th=[  289], 99.50th=[  334], 99.90th=[  408], 99.95th=[  619],
     | 99.99th=[  889]
   bw (  MiB/s): min= 1617, max= 1784, per=100.00%, avg=1772.81, stdev=27.63, samples=34
   iops        : min=414120, max=456830, avg=453839.21, stdev=7072.62, samples=34
  lat (usec)   : 2=0.01%, 4=0.01%, 10=0.01%, 20=0.01%, 50=0.01%
  lat (usec)   : 100=0.01%, 250=0.01%, 500=99.94%, 750=0.03%, 1000=0.02%
  lat (msec)   : 2=0.01%, 4=0.01%
  cpu          : usr=23.92%, sys=76.08%, ctx=26, majf=0, minf=37
  IO depths    : 1=0.1%, 2=0.1%, 4=0.1%, 8=0.1%, 16=0.1%, 32=0.1%, >=64=100.0%
     submit    : 0=0.0%, 4=100.0%, 8=0.0%, 16=0.0%, 32=0.0%, 64=0.0%, >=64=0.0%
     complete  : 0=0.0%, 4=100.0%, 8=0.0%, 16=0.0%, 32=0.0%, 64=0.0%, >=64=0.1%
     issued rwts: total=0,7864320,0,0 short=0,0,0,0 dropped=0,0,0,0
     latency   : target=0, window=0, percentile=100.00%, depth=128

Run status group 0 (all jobs):
  WRITE: bw=1772MiB/s (1858MB/s), 1772MiB/s-1772MiB/s (1858MB/s-1858MB/s), io=30.0GiB (32.2GB), run=17341-17341msec
