jobs1: (g=0): rw=randwrite, bs=(R) 128KiB-128KiB, (W) 128KiB-128KiB, (T) 128KiB-128KiB, ioengine=libaio, iodepth=128
...
fio-3.28
Starting 32 processes
jobs1: Laying out IO file (1 file / 30720MiB)

jobs1: (groupid=0, jobs=32): err= 0: pid=181220: Tue Jul 25 19:36:21 2023
  write: IOPS=26.7k, BW=3332MiB/s (3493MB/s)(30.0GiB/9221msec); 0 zone resets
    slat (usec): min=28, max=1043, avg=36.84, stdev=10.77
    clat (nsec): min=1609, max=16737k, avg=4759156.73, stdev=1297688.30
     lat (usec): min=32, max=16864, avg=4796.07, stdev=1307.93
    clat percentiles (usec):
     |  1.00th=[ 4113],  5.00th=[ 4113], 10.00th=[ 4113], 20.00th=[ 4113],
     | 30.00th=[ 4113], 40.00th=[ 4113], 50.00th=[ 4113], 60.00th=[ 4146],
     | 70.00th=[ 4146], 80.00th=[ 4490], 90.00th=[ 7373], 95.00th=[ 7439],
     | 99.00th=[ 7439], 99.50th=[ 7504], 99.90th=[ 8094], 99.95th=[ 8717],
     | 99.99th=[12125]
   bw (  MiB/s): min= 2064, max= 3858, per=100.00%, avg=3331.75, stdev=786.63, samples=18
   iops        : min=16514, max=30864, avg=26653.89, stdev=6293.13, samples=18
  lat (usec)   : 2=0.01%, 50=0.01%, 100=0.01%, 250=0.01%, 500=0.01%
  lat (usec)   : 750=0.01%, 1000=0.01%
  lat (msec)   : 2=0.01%, 4=0.03%, 10=99.94%, 20=0.01%
  cpu          : usr=7.11%, sys=92.86%, ctx=14, majf=0, minf=80
  IO depths    : 1=0.1%, 2=0.1%, 4=0.1%, 8=0.1%, 16=0.1%, 32=0.1%, >=64=100.0%
     submit    : 0=0.0%, 4=100.0%, 8=0.0%, 16=0.0%, 32=0.0%, 64=0.0%, >=64=0.0%
     complete  : 0=0.0%, 4=100.0%, 8=0.0%, 16=0.0%, 32=0.0%, 64=0.0%, >=64=0.1%
     issued rwts: total=0,245760,0,0 short=0,0,0,0 dropped=0,0,0,0
     latency   : target=0, window=0, percentile=100.00%, depth=128

Run status group 0 (all jobs):
  WRITE: bw=3332MiB/s (3493MB/s), 3332MiB/s-3332MiB/s (3493MB/s-3493MB/s), io=30.0GiB (32.2GB), run=9221-9221msec
