jobs1: (g=0): rw=randwrite, bs=(R) 4096B-4096B, (W) 4096B-4096B, (T) 4096B-4096B, ioengine=libaio, iodepth=128
fio-3.28
Starting 1 process
jobs1: Laying out IO files (1024 files / total 30720MiB)
fio: pid=1157254, err=24/file:filesetup.c:805, func=open(/home/sevag/fuse_boc//f1018), error=Too many open files

jobs1: (groupid=0, jobs=1): err=24 (file:filesetup.c:805, func=open(/home/sevag/fuse_boc//f1018), error=Too many open files): pid=1157254: Wed Jul 26 08:49:22 2023
  write: IOPS=6029, BW=23.6MiB/s (24.7MB/s)(4076KiB/169msec); 0 zone resets
    slat (usec): min=5, max=117909, avg=124.81, stdev=3693.41
    clat (usec): min=54, max=127874, avg=8587.42, stdev=19438.38
     lat (usec): min=63, max=127928, avg=8712.50, stdev=19775.44
    clat percentiles (usec):
     |  1.00th=[   498],  5.00th=[  1909], 10.00th=[  4293], 20.00th=[  5080],
     | 30.00th=[  5342], 40.00th=[  5669], 50.00th=[  5932], 60.00th=[  5997],
     | 70.00th=[  6063], 80.00th=[  6063], 90.00th=[  6259], 95.00th=[  6259],
     | 99.00th=[126354], 99.50th=[127402], 99.90th=[127402], 99.95th=[127402],
     | 99.99th=[127402]
  lat (usec)   : 100=0.10%, 250=0.20%, 500=0.79%, 750=0.69%, 1000=0.69%
  lat (msec)   : 2=2.75%, 4=3.93%, 10=88.22%, 250=2.65%
  cpu          : usr=2.38%, sys=15.48%, ctx=1043, majf=0, minf=18
  IO depths    : 1=0.1%, 2=0.2%, 4=0.4%, 8=0.8%, 16=1.6%, 32=3.1%, >=64=93.8%
     submit    : 0=0.0%, 4=100.0%, 8=0.0%, 16=0.0%, 32=0.0%, 64=0.0%, >=64=0.0%
     complete  : 0=0.0%, 4=99.9%, 8=0.0%, 16=0.0%, 32=0.0%, 64=0.0%, >=64=0.1%
     issued rwts: total=0,1019,0,0 short=0,0,0,0 dropped=0,0,0,0
     latency   : target=0, window=0, percentile=100.00%, depth=128

Run status group 0 (all jobs):
  WRITE: bw=23.6MiB/s (24.7MB/s), 23.6MiB/s-23.6MiB/s (24.7MB/s-24.7MB/s), io=4076KiB (4174kB), run=169-169msec
