jobs1: (g=0): rw=randread, bs=(R) 4096B-4096B, (W) 4096B-4096B, (T) 4096B-4096B, ioengine=libaio, iodepth=128
...
fio-3.28
Starting 32 processes
jobs1: Laying out IO file (1 file / 30720MiB)

jobs1: (groupid=0, jobs=32): err= 0: pid=159330: Tue Jul 25 18:32:43 2023
  read: IOPS=507k, BW=1981MiB/s (2077MB/s)(30.0GiB/15509msec)
    slat (nsec): min=798, max=30174, avg=1482.93, stdev=510.57
    clat (nsec): min=1318, max=1175.9k, avg=250658.66, stdev=42241.67
     lat (usec): min=3, max=1202, avg=252.18, stdev=42.51
    clat percentiles (usec):
     |  1.00th=[  227],  5.00th=[  237], 10.00th=[  237], 20.00th=[  239],
     | 30.00th=[  239], 40.00th=[  241], 50.00th=[  241], 60.00th=[  241],
     | 70.00th=[  241], 80.00th=[  243], 90.00th=[  245], 95.00th=[  408],
     | 99.00th=[  416], 99.50th=[  420], 99.90th=[  424], 99.95th=[  553],
     | 99.99th=[  791]
   bw (  MiB/s): min= 1201, max= 2073, per=99.77%, avg=1976.18, stdev=263.02, samples=30
   iops        : min=307576, max=530772, avg=505901.67, stdev=67334.31, samples=30
  lat (usec)   : 2=0.01%, 10=0.01%, 20=0.01%, 50=0.01%, 100=0.01%
  lat (usec)   : 250=93.10%, 500=6.84%, 750=0.03%, 1000=0.03%
  lat (msec)   : 2=0.01%
  cpu          : usr=21.61%, sys=78.39%, ctx=24, majf=0, minf=209
  IO depths    : 1=0.1%, 2=0.1%, 4=0.1%, 8=0.1%, 16=0.1%, 32=0.1%, >=64=100.0%
     submit    : 0=0.0%, 4=100.0%, 8=0.0%, 16=0.0%, 32=0.0%, 64=0.0%, >=64=0.0%
     complete  : 0=0.0%, 4=100.0%, 8=0.0%, 16=0.0%, 32=0.0%, 64=0.0%, >=64=0.1%
     issued rwts: total=7864320,0,0,0 short=0,0,0,0 dropped=0,0,0,0
     latency   : target=0, window=0, percentile=100.00%, depth=128

Run status group 0 (all jobs):
   READ: bw=1981MiB/s (2077MB/s), 1981MiB/s-1981MiB/s (2077MB/s-2077MB/s), io=30.0GiB (32.2GB), run=15509-15509msec
