jobs1: (g=0): rw=randwrite, bs=(R) 512KiB-512KiB, (W) 512KiB-512KiB, (T) 512KiB-512KiB, ioengine=libaio, iodepth=128
fio-3.28
Starting 1 process
jobs1: Laying out IO files (128 files / total 30720MiB)

jobs1: (groupid=0, jobs=1): err= 0: pid=855649: Wed Jul 26 03:49:58 2023
  write: IOPS=3970, BW=1985MiB/s (2081MB/s)(30.0GiB/15476msec); 0 zone resets
    slat (usec): min=167, max=627562, avg=249.49, stdev=2572.23
    clat (usec): min=2, max=116144, avg=30578.76, stdev=7825.40
     lat (usec): min=193, max=743709, avg=30828.40, stdev=8369.70
    clat percentiles (msec):
     |  1.00th=[   25],  5.00th=[   25], 10.00th=[   25], 20.00th=[   25],
     | 30.00th=[   25], 40.00th=[   26], 50.00th=[   27], 60.00th=[   31],
     | 70.00th=[   34], 80.00th=[   37], 90.00th=[   42], 95.00th=[   45],
     | 99.00th=[   55], 99.50th=[   57], 99.90th=[   84], 99.95th=[  109],
     | 99.99th=[  114]
   bw (  MiB/s): min=  681, max= 2607, per=100.00%, avg=2032.59, stdev=432.55, samples=29
   iops        : min= 1362, max= 5214, avg=4065.17, stdev=865.09, samples=29
  lat (usec)   : 4=0.01%, 250=0.01%, 500=0.01%, 750=0.01%, 1000=0.01%
  lat (msec)   : 2=0.01%, 4=0.02%, 10=0.05%, 20=0.08%, 50=98.03%
  lat (msec)   : 100=1.71%, 250=0.09%
  cpu          : usr=8.63%, sys=79.29%, ctx=2183, majf=0, minf=13
  IO depths    : 1=0.1%, 2=0.1%, 4=0.1%, 8=0.1%, 16=0.1%, 32=0.1%, >=64=99.9%
     submit    : 0=0.0%, 4=100.0%, 8=0.0%, 16=0.0%, 32=0.0%, 64=0.0%, >=64=0.0%
     complete  : 0=0.0%, 4=100.0%, 8=0.0%, 16=0.0%, 32=0.0%, 64=0.0%, >=64=0.1%
     issued rwts: total=0,61440,0,0 short=0,0,0,0 dropped=0,0,0,0
     latency   : target=0, window=0, percentile=100.00%, depth=128

Run status group 0 (all jobs):
  WRITE: bw=1985MiB/s (2081MB/s), 1985MiB/s-1985MiB/s (2081MB/s-2081MB/s), io=30.0GiB (32.2GB), run=15476-15476msec
