jobs1: (g=0): rw=randwrite, bs=(R) 32.0KiB-32.0KiB, (W) 32.0KiB-32.0KiB, (T) 32.0KiB-32.0KiB, ioengine=libaio, iodepth=128
...
fio-3.28
Starting 16 processes
jobs1: Laying out IO files (64 files / total 30720MiB)

jobs1: (groupid=0, jobs=16): err= 0: pid=475538: Tue Jul 25 22:14:41 2023
  write: IOPS=140k, BW=4362MiB/s (4574MB/s)(30.0GiB/7042msec); 0 zone resets
    slat (nsec): min=4986, max=34730, avg=6544.74, stdev=1352.70
    clat (nsec): min=1542, max=2704.1k, avg=909719.87, stdev=178703.78
     lat (usec): min=7, max=2732, avg=916.32, stdev=180.00
    clat percentiles (usec):
     |  1.00th=[  824],  5.00th=[  832], 10.00th=[  832], 20.00th=[  832],
     | 30.00th=[  840], 40.00th=[  840], 50.00th=[  840], 60.00th=[  840],
     | 70.00th=[  840], 80.00th=[  848], 90.00th=[ 1352], 95.00th=[ 1369],
     | 99.00th=[ 1369], 99.50th=[ 1369], 99.90th=[ 1401], 99.95th=[ 1729],
     | 99.99th=[ 2114]
   bw (  MiB/s): min= 2920, max= 4742, per=100.00%, avg=4366.93, stdev=718.59, samples=13
   iops        : min=93448, max=151760, avg=139741.77, stdev=22995.03, samples=13
  lat (usec)   : 2=0.01%, 10=0.01%, 20=0.01%, 50=0.01%, 100=0.01%
  lat (usec)   : 250=0.01%, 500=0.01%, 750=0.01%, 1000=86.02%
  lat (msec)   : 2=13.96%, 4=0.01%
  cpu          : usr=13.79%, sys=86.18%, ctx=6, majf=0, minf=42
  IO depths    : 1=0.1%, 2=0.1%, 4=0.1%, 8=0.1%, 16=0.1%, 32=0.1%, >=64=100.0%
     submit    : 0=0.0%, 4=100.0%, 8=0.0%, 16=0.0%, 32=0.0%, 64=0.0%, >=64=0.0%
     complete  : 0=0.0%, 4=100.0%, 8=0.0%, 16=0.0%, 32=0.0%, 64=0.0%, >=64=0.1%
     issued rwts: total=0,983040,0,0 short=0,0,0,0 dropped=0,0,0,0
     latency   : target=0, window=0, percentile=100.00%, depth=128

Run status group 0 (all jobs):
  WRITE: bw=4362MiB/s (4574MB/s), 4362MiB/s-4362MiB/s (4574MB/s-4574MB/s), io=30.0GiB (32.2GB), run=7042-7042msec
