jobs1: (g=0): rw=randread, bs=(R) 32.0KiB-32.0KiB, (W) 32.0KiB-32.0KiB, (T) 32.0KiB-32.0KiB, ioengine=libaio, iodepth=128
fio-3.28
Starting 1 process
jobs1: Laying out IO files (64 files / total 30720MiB)

jobs1: (groupid=0, jobs=1): err= 0: pid=486909: Tue Jul 25 22:40:57 2023
  read: IOPS=173k, BW=5411MiB/s (5674MB/s)(30.0GiB/5677msec)
    slat (nsec): min=3745, max=68464, avg=5186.94, stdev=963.44
    clat (nsec): min=1250, max=5753.1k, avg=733263.71, stdev=117965.93
     lat (usec): min=6, max=5822, avg=738.49, stdev=118.82
    clat percentiles (usec):
     |  1.00th=[  660],  5.00th=[  660], 10.00th=[  668], 20.00th=[  668],
     | 30.00th=[  676], 40.00th=[  676], 50.00th=[  676], 60.00th=[  685],
     | 70.00th=[  685], 80.00th=[  930], 90.00th=[  938], 95.00th=[  938],
     | 99.00th=[  947], 99.50th=[  947], 99.90th=[ 1287], 99.95th=[ 1729],
     | 99.99th=[ 2638]
   bw (  MiB/s): min= 4131, max= 5914, per=99.69%, avg=5394.56, stdev=767.70, samples=11
   iops        : min=132192, max=189278, avg=172626.00, stdev=24566.46, samples=11
  lat (usec)   : 2=0.01%, 10=0.01%, 20=0.01%, 50=0.01%, 100=0.01%
  lat (usec)   : 250=0.01%, 500=0.01%, 750=78.03%, 1000=21.66%
  lat (msec)   : 2=0.29%, 4=0.01%, 10=0.01%
  cpu          : usr=9.64%, sys=90.35%, ctx=10, majf=0, minf=1035
  IO depths    : 1=0.1%, 2=0.1%, 4=0.1%, 8=0.1%, 16=0.1%, 32=0.1%, >=64=100.0%
     submit    : 0=0.0%, 4=100.0%, 8=0.0%, 16=0.0%, 32=0.0%, 64=0.0%, >=64=0.0%
     complete  : 0=0.0%, 4=100.0%, 8=0.0%, 16=0.0%, 32=0.0%, 64=0.0%, >=64=0.1%
     issued rwts: total=983040,0,0,0 short=0,0,0,0 dropped=0,0,0,0
     latency   : target=0, window=0, percentile=100.00%, depth=128

Run status group 0 (all jobs):
   READ: bw=5411MiB/s (5674MB/s), 5411MiB/s-5411MiB/s (5674MB/s-5674MB/s), io=30.0GiB (32.2GB), run=5677-5677msec
