jobs1: (g=0): rw=randwrite, bs=(R) 512KiB-512KiB, (W) 512KiB-512KiB, (T) 512KiB-512KiB, ioengine=libaio, iodepth=128
...
fio-3.28
Starting 32 processes
jobs1: Laying out IO file (1 file / 30720MiB)

jobs1: (groupid=0, jobs=32): err= 0: pid=193679: Tue Jul 25 20:17:48 2023
  write: IOPS=5782, BW=2891MiB/s (3031MB/s)(30.0GiB/10626msec); 0 zone resets
    slat (usec): min=143, max=1244, avg=171.78, stdev=43.16
    clat (usec): min=2, max=62286, avg=21883.18, stdev=5046.95
     lat (usec): min=164, max=62746, avg=22055.10, stdev=5087.57
    clat percentiles (usec):
     |  1.00th=[19792],  5.00th=[19792], 10.00th=[19792], 20.00th=[19792],
     | 30.00th=[19792], 40.00th=[19792], 50.00th=[19792], 60.00th=[19792],
     | 70.00th=[19792], 80.00th=[20055], 90.00th=[34341], 95.00th=[34341],
     | 99.00th=[34341], 99.50th=[34341], 99.90th=[34866], 99.95th=[50070],
     | 99.99th=[59507]
   bw (  MiB/s): min= 1658, max= 3202, per=99.82%, avg=2885.92, stdev=579.65, samples=21
   iops        : min= 3316, max= 6404, avg=5771.71, stdev=1159.31, samples=21
  lat (usec)   : 4=0.01%, 250=0.01%, 500=0.01%, 750=0.01%, 1000=0.01%
  lat (msec)   : 2=0.01%, 4=0.02%, 10=0.06%, 20=84.17%, 50=15.68%
  lat (msec)   : 100=0.05%
  cpu          : usr=9.56%, sys=90.46%, ctx=25, majf=0, minf=74
  IO depths    : 1=0.1%, 2=0.1%, 4=0.1%, 8=0.1%, 16=0.1%, 32=0.1%, >=64=99.9%
     submit    : 0=0.0%, 4=100.0%, 8=0.0%, 16=0.0%, 32=0.0%, 64=0.0%, >=64=0.0%
     complete  : 0=0.0%, 4=100.0%, 8=0.0%, 16=0.0%, 32=0.0%, 64=0.0%, >=64=0.1%
     issued rwts: total=0,61440,0,0 short=0,0,0,0 dropped=0,0,0,0
     latency   : target=0, window=0, percentile=100.00%, depth=128

Run status group 0 (all jobs):
  WRITE: bw=2891MiB/s (3031MB/s), 2891MiB/s-2891MiB/s (3031MB/s-3031MB/s), io=30.0GiB (32.2GB), run=10626-10626msec
