jobs1: (g=0): rw=randwrite, bs=(R) 128KiB-128KiB, (W) 128KiB-128KiB, (T) 128KiB-128KiB, ioengine=libaio, iodepth=128
...
fio-3.28
Starting 32 processes
jobs1: Laying out IO files (64 files / total 30720MiB)

jobs1: (groupid=0, jobs=32): err= 0: pid=497767: Tue Jul 25 23:09:10 2023
  write: IOPS=17.2k, BW=2151MiB/s (2255MB/s)(30.0GiB/14284msec); 0 zone resets
    slat (usec): min=33, max=159806, avg=57.24, stdev=825.06
    clat (nsec): min=1959, max=982966k, avg=6829075.59, stdev=4022589.26
     lat (usec): min=44, max=1107.0k, avg=6886.40, stdev=4599.15
    clat percentiles (usec):
     |  1.00th=[ 4883],  5.00th=[ 5538], 10.00th=[ 5669], 20.00th=[ 5735],
     | 30.00th=[ 5866], 40.00th=[ 5866], 50.00th=[ 5932], 60.00th=[ 5997],
     | 70.00th=[ 6325], 80.00th=[ 7373], 90.00th=[ 9503], 95.00th=[ 9634],
     | 99.00th=[17433], 99.50th=[19530], 99.90th=[25035], 99.95th=[25822],
     | 99.99th=[27395]
   bw (  MiB/s): min= 1582, max= 2658, per=100.00%, avg=2323.20, stdev=360.69, samples=26
   iops        : min=12663, max=21268, avg=18585.54, stdev=2885.55, samples=26
  lat (usec)   : 2=0.01%, 50=0.01%, 100=0.01%, 250=0.01%, 500=0.01%
  lat (usec)   : 750=0.01%, 1000=0.01%
  lat (msec)   : 2=0.01%, 4=0.02%, 10=96.06%, 20=3.44%, 50=0.46%
  lat (msec)   : 100=0.01%, 250=0.01%, 500=0.01%, 750=0.01%, 1000=0.01%
  cpu          : usr=6.41%, sys=80.58%, ctx=187, majf=0, minf=70
  IO depths    : 1=0.1%, 2=0.1%, 4=0.1%, 8=0.1%, 16=0.1%, 32=0.1%, >=64=100.0%
     submit    : 0=0.0%, 4=100.0%, 8=0.0%, 16=0.0%, 32=0.0%, 64=0.0%, >=64=0.0%
     complete  : 0=0.0%, 4=100.0%, 8=0.0%, 16=0.0%, 32=0.0%, 64=0.0%, >=64=0.1%
     issued rwts: total=0,245760,0,0 short=0,0,0,0 dropped=0,0,0,0
     latency   : target=0, window=0, percentile=100.00%, depth=128

Run status group 0 (all jobs):
  WRITE: bw=2151MiB/s (2255MB/s), 2151MiB/s-2151MiB/s (2255MB/s-2255MB/s), io=30.0GiB (32.2GB), run=14284-14284msec
