jobs1: (g=0): rw=randwrite, bs=(R) 128KiB-128KiB, (W) 128KiB-128KiB, (T) 128KiB-128KiB, ioengine=libaio, iodepth=128
...
fio-3.28
Starting 32 processes
jobs1: Laying out IO files (64 files / total 30720MiB)

jobs1: (groupid=0, jobs=32): err= 0: pid=499349: Tue Jul 25 23:11:41 2023
  write: IOPS=40.8k, BW=5098MiB/s (5346MB/s)(30.0GiB/6026msec); 0 zone resets
    slat (nsec): min=19602, max=55954, avg=23845.76, stdev=4538.64
    clat (nsec): min=1402, max=5714.2k, avg=3112382.51, stdev=583745.96
     lat (usec): min=22, max=5765, avg=3136.29, stdev=588.21
    clat percentiles (usec):
     |  1.00th=[ 2835],  5.00th=[ 2835], 10.00th=[ 2835], 20.00th=[ 2835],
     | 30.00th=[ 2835], 40.00th=[ 2835], 50.00th=[ 2868], 60.00th=[ 2868],
     | 70.00th=[ 2868], 80.00th=[ 2868], 90.00th=[ 4424], 95.00th=[ 4424],
     | 99.00th=[ 4424], 99.50th=[ 4424], 99.90th=[ 4686], 99.95th=[ 4883],
     | 99.99th=[ 5473]
   bw (  MiB/s): min= 3582, max= 5578, per=100.00%, avg=5103.19, stdev=853.38, samples=12
   iops        : min=28656, max=44628, avg=40825.42, stdev=6827.21, samples=12
  lat (usec)   : 2=0.01%, 50=0.01%, 100=0.01%, 250=0.01%, 500=0.01%
  lat (usec)   : 750=0.01%, 1000=0.01%
  lat (msec)   : 2=0.02%, 4=83.56%, 10=16.41%
  cpu          : usr=11.67%, sys=88.37%, ctx=6, majf=0, minf=74
  IO depths    : 1=0.1%, 2=0.1%, 4=0.1%, 8=0.1%, 16=0.1%, 32=0.1%, >=64=100.0%
     submit    : 0=0.0%, 4=100.0%, 8=0.0%, 16=0.0%, 32=0.0%, 64=0.0%, >=64=0.0%
     complete  : 0=0.0%, 4=100.0%, 8=0.0%, 16=0.0%, 32=0.0%, 64=0.0%, >=64=0.1%
     issued rwts: total=0,245760,0,0 short=0,0,0,0 dropped=0,0,0,0
     latency   : target=0, window=0, percentile=100.00%, depth=128

Run status group 0 (all jobs):
  WRITE: bw=5098MiB/s (5346MB/s), 5098MiB/s-5098MiB/s (5346MB/s-5346MB/s), io=30.0GiB (32.2GB), run=6026-6026msec
