jobs1: (g=0): rw=randwrite, bs=(R) 32.0KiB-32.0KiB, (W) 32.0KiB-32.0KiB, (T) 32.0KiB-32.0KiB, ioengine=libaio, iodepth=128
fio-3.28
Starting 1 process
jobs1: Laying out IO files (512 files / total 30720MiB)

jobs1: (groupid=0, jobs=1): err= 0: pid=1104418: Wed Jul 26 06:05:04 2023
  write: IOPS=137k, BW=4277MiB/s (4485MB/s)(30.0GiB/7182msec); 0 zone resets
    slat (nsec): min=5002, max=35042, avg=6704.30, stdev=1489.10
    clat (nsec): min=1449, max=3185.2k, avg=927780.48, stdev=200772.16
     lat (usec): min=7, max=3201, avg=934.54, stdev=202.21
    clat percentiles (usec):
     |  1.00th=[  824],  5.00th=[  832], 10.00th=[  832], 20.00th=[  832],
     | 30.00th=[  832], 40.00th=[  840], 50.00th=[  840], 60.00th=[  840],
     | 70.00th=[  848], 80.00th=[  848], 90.00th=[ 1352], 95.00th=[ 1369],
     | 99.00th=[ 1385], 99.50th=[ 1385], 99.90th=[ 1647], 99.95th=[ 1778],
     | 99.99th=[ 3163]
   bw (  MiB/s): min= 2879, max= 4746, per=99.75%, avg=4266.68, stdev=796.89, samples=14
   iops        : min=92130, max=151892, avg=136533.71, stdev=25500.38, samples=14
  lat (usec)   : 2=0.01%, 10=0.01%, 20=0.01%, 50=0.01%, 100=0.01%
  lat (usec)   : 250=0.01%, 500=0.01%, 750=0.01%, 1000=82.71%
  lat (msec)   : 2=17.23%, 4=0.05%
  cpu          : usr=14.86%, sys=85.17%, ctx=10, majf=0, minf=12
  IO depths    : 1=0.1%, 2=0.1%, 4=0.1%, 8=0.1%, 16=0.1%, 32=0.1%, >=64=100.0%
     submit    : 0=0.0%, 4=100.0%, 8=0.0%, 16=0.0%, 32=0.0%, 64=0.0%, >=64=0.0%
     complete  : 0=0.0%, 4=100.0%, 8=0.0%, 16=0.0%, 32=0.0%, 64=0.0%, >=64=0.1%
     issued rwts: total=0,983040,0,0 short=0,0,0,0 dropped=0,0,0,0
     latency   : target=0, window=0, percentile=100.00%, depth=128

Run status group 0 (all jobs):
  WRITE: bw=4277MiB/s (4485MB/s), 4277MiB/s-4277MiB/s (4485MB/s-4485MB/s), io=30.0GiB (32.2GB), run=7182-7182msec
