jobs1: (g=0): rw=randread, bs=(R) 512KiB-512KiB, (W) 512KiB-512KiB, (T) 512KiB-512KiB, ioengine=libaio, iodepth=128
...
fio-3.28
Starting 16 processes
jobs1: Laying out IO files (1024 files / total 30720MiB)
fio: pid=1202389, err=24/file:filesetup.c:805, func=open(/home/sevag/tmpfs//f1018), error=Too many open files

jobs1: (groupid=0, jobs=16): err=24 (file:filesetup.c:805, func=open(/home/sevag/tmpfs//f1018), error=Too many open files): pid=1202389: Wed Jul 26 11:09:43 2023
  read: IOPS=5508, BW=2754MiB/s (2888MB/s)(510MiB/185msec)
    slat (usec): min=135, max=724, avg=175.99, stdev=98.23
    clat (usec): min=44, max=51964, avg=19206.25, stdev=6645.79
     lat (usec): min=226, max=52690, avg=19382.41, stdev=6726.33
    clat percentiles (usec):
     |  1.00th=[ 1680],  5.00th=[ 7701], 10.00th=[15270], 20.00th=[18744],
     | 30.00th=[18744], 40.00th=[18744], 50.00th=[18744], 60.00th=[18744],
     | 70.00th=[18744], 80.00th=[18744], 90.00th=[23200], 95.00th=[32637],
     | 99.00th=[46400], 99.50th=[49021], 99.90th=[51643], 99.95th=[52167],
     | 99.99th=[52167]
  lat (usec)   : 50=0.10%, 500=0.20%, 750=0.10%, 1000=0.20%
  lat (msec)   : 2=0.69%, 4=1.28%, 10=3.93%, 20=81.75%, 50=11.38%
  lat (msec)   : 100=0.39%
  cpu          : usr=3.26%, sys=96.20%, ctx=0, majf=0, minf=16432
  IO depths    : 1=0.1%, 2=0.2%, 4=0.4%, 8=0.8%, 16=1.6%, 32=3.1%, >=64=93.8%
     submit    : 0=0.0%, 4=100.0%, 8=0.0%, 16=0.0%, 32=0.0%, 64=0.0%, >=64=0.0%
     complete  : 0=0.0%, 4=99.9%, 8=0.0%, 16=0.0%, 32=0.0%, 64=0.0%, >=64=0.1%
     issued rwts: total=1019,0,0,0 short=0,0,0,0 dropped=0,0,0,0
     latency   : target=0, window=0, percentile=100.00%, depth=128

Run status group 0 (all jobs):
   READ: bw=2754MiB/s (2888MB/s), 2754MiB/s-2754MiB/s (2888MB/s-2888MB/s), io=510MiB (534MB), run=185-185msec
