jobs1: (g=0): rw=randwrite, bs=(R) 32.0KiB-32.0KiB, (W) 32.0KiB-32.0KiB, (T) 32.0KiB-32.0KiB, ioengine=libaio, iodepth=128
...
fio-3.28
Starting 16 processes
jobs1: Laying out IO file (1 file / 30720MiB)

jobs1: (groupid=0, jobs=16): err= 0: pid=164307: Tue Jul 25 18:43:46 2023
  write: IOPS=47.3k, BW=1477MiB/s (1549MB/s)(30.0GiB/20793msec); 0 zone resets
    slat (usec): min=7, max=133137, avg=20.35, stdev=277.55
    clat (nsec): min=1883, max=857240k, avg=2585585.06, stdev=3165296.64
     lat (usec): min=11, max=857316, avg=2606.02, stdev=3286.50
    clat percentiles (usec):
     |  1.00th=[ 1287],  5.00th=[ 1385], 10.00th=[ 1565], 20.00th=[ 1762],
     | 30.00th=[ 1795], 40.00th=[ 1844], 50.00th=[ 1893], 60.00th=[ 2180],
     | 70.00th=[ 2507], 80.00th=[ 3195], 90.00th=[ 3294], 95.00th=[ 3458],
     | 99.00th=[13435], 99.50th=[16057], 99.90th=[20055], 99.95th=[20841],
     | 99.99th=[22938]
   bw (  MiB/s): min=  606, max= 2038, per=100.00%, avg=1527.24, stdev=431.07, samples=40
   iops        : min=19408, max=65226, avg=48871.45, stdev=13794.26, samples=40
  lat (usec)   : 2=0.01%, 20=0.01%, 50=0.01%, 100=0.01%, 250=0.01%
  lat (usec)   : 500=0.01%, 750=0.01%, 1000=0.01%
  lat (msec)   : 2=55.57%, 4=40.64%, 10=0.79%, 20=2.87%, 50=0.12%
  lat (msec)   : 100=0.01%, 250=0.01%, 500=0.01%, 750=0.01%, 1000=0.01%
  cpu          : usr=6.38%, sys=77.14%, ctx=280, majf=0, minf=46
  IO depths    : 1=0.1%, 2=0.1%, 4=0.1%, 8=0.1%, 16=0.1%, 32=0.1%, >=64=100.0%
     submit    : 0=0.0%, 4=100.0%, 8=0.0%, 16=0.0%, 32=0.0%, 64=0.0%, >=64=0.0%
     complete  : 0=0.0%, 4=100.0%, 8=0.0%, 16=0.0%, 32=0.0%, 64=0.0%, >=64=0.1%
     issued rwts: total=0,983040,0,0 short=0,0,0,0 dropped=0,0,0,0
     latency   : target=0, window=0, percentile=100.00%, depth=128

Run status group 0 (all jobs):
  WRITE: bw=1477MiB/s (1549MB/s), 1477MiB/s-1477MiB/s (1549MB/s-1549MB/s), io=30.0GiB (32.2GB), run=20793-20793msec
