jobs1: (g=0): rw=randwrite, bs=(R) 4096B-4096B, (W) 4096B-4096B, (T) 4096B-4096B, ioengine=libaio, iodepth=128
...
fio-3.28
Starting 16 processes
jobs1: Laying out IO files (1024 files / total 30720MiB)
fio: pid=1159437, err=24/file:filesetup.c:805, func=open(/home/sevag/tmpfs//f1018), error=Too many open files

jobs1: (groupid=0, jobs=16): err=24 (file:filesetup.c:805, func=open(/home/sevag/tmpfs//f1018), error=Too many open files): pid=1159437: Wed Jul 26 08:52:07 2023
  write: IOPS=72.8k, BW=284MiB/s (298MB/s)(4076KiB/14msec); 0 zone resets
    slat (nsec): min=4033, max=23521, avg=4526.34, stdev=693.72
    clat (usec): min=77, max=1913, avg=1593.26, stdev=262.14
     lat (usec): min=82, max=1917, avg=1598.00, stdev=262.13
    clat percentiles (usec):
     |  1.00th=[  371],  5.00th=[  906], 10.00th=[ 1549], 20.00th=[ 1663],
     | 30.00th=[ 1663], 40.00th=[ 1663], 50.00th=[ 1663], 60.00th=[ 1680],
     | 70.00th=[ 1680], 80.00th=[ 1680], 90.00th=[ 1680], 95.00th=[ 1696],
     | 99.00th=[ 1795], 99.50th=[ 1844], 99.90th=[ 1893], 99.95th=[ 1909],
     | 99.99th=[ 1909]
  lat (usec)   : 100=0.10%, 250=0.10%, 500=1.77%, 750=1.86%, 1000=1.77%
  lat (msec)   : 2=94.41%
  cpu          : usr=84.62%, sys=0.00%, ctx=0, majf=0, minf=40
  IO depths    : 1=0.1%, 2=0.2%, 4=0.4%, 8=0.8%, 16=1.6%, 32=3.1%, >=64=93.8%
     submit    : 0=0.0%, 4=100.0%, 8=0.0%, 16=0.0%, 32=0.0%, 64=0.0%, >=64=0.0%
     complete  : 0=0.0%, 4=99.9%, 8=0.0%, 16=0.0%, 32=0.0%, 64=0.0%, >=64=0.1%
     issued rwts: total=0,1019,0,0 short=0,0,0,0 dropped=0,0,0,0
     latency   : target=0, window=0, percentile=100.00%, depth=128

Run status group 0 (all jobs):
  WRITE: bw=284MiB/s (298MB/s), 284MiB/s-284MiB/s (298MB/s-298MB/s), io=4076KiB (4174kB), run=14-14msec
