jobs1: (g=0): rw=randread, bs=(R) 32.0KiB-32.0KiB, (W) 32.0KiB-32.0KiB, (T) 32.0KiB-32.0KiB, ioengine=libaio, iodepth=128
fio-3.28
Starting 1 process
jobs1: Laying out IO files (128 files / total 30720MiB)

jobs1: (groupid=0, jobs=1): err= 0: pid=818589: Wed Jul 26 02:25:46 2023
  read: IOPS=15.7k, BW=491MiB/s (515MB/s)(30.0GiB/62592msec)
    slat (usec): min=52, max=427, avg=60.80, stdev= 4.66
    clat (usec): min=4, max=42363, avg=8084.70, stdev=502.13
     lat (usec): min=64, max=42700, avg=8145.90, stdev=505.39
    clat percentiles (usec):
     |  1.00th=[ 7635],  5.00th=[ 7701], 10.00th=[ 7701], 20.00th=[ 7767],
     | 30.00th=[ 7832], 40.00th=[ 7963], 50.00th=[ 8029], 60.00th=[ 8094],
     | 70.00th=[ 8225], 80.00th=[ 8291], 90.00th=[ 8291], 95.00th=[ 8356],
     | 99.00th=[10159], 99.50th=[10159], 99.90th=[10290], 99.95th=[10290],
     | 99.99th=[16909]
   bw (  KiB/s): min=363776, max=516224, per=100.00%, avg=502675.46, stdev=22966.86, samples=125
   iops        : min=11368, max=16132, avg=15708.61, stdev=717.71, samples=125
  lat (usec)   : 10=0.01%, 100=0.01%, 250=0.01%, 500=0.01%, 750=0.01%
  lat (usec)   : 1000=0.01%
  lat (msec)   : 2=0.01%, 4=0.01%, 10=96.82%, 20=3.16%, 50=0.01%
  cpu          : usr=5.02%, sys=48.28%, ctx=983224, majf=0, minf=1036
  IO depths    : 1=0.1%, 2=0.1%, 4=0.1%, 8=0.1%, 16=0.1%, 32=0.1%, >=64=100.0%
     submit    : 0=0.0%, 4=100.0%, 8=0.0%, 16=0.0%, 32=0.0%, 64=0.0%, >=64=0.0%
     complete  : 0=0.0%, 4=100.0%, 8=0.0%, 16=0.0%, 32=0.0%, 64=0.0%, >=64=0.1%
     issued rwts: total=983040,0,0,0 short=0,0,0,0 dropped=0,0,0,0
     latency   : target=0, window=0, percentile=100.00%, depth=128

Run status group 0 (all jobs):
   READ: bw=491MiB/s (515MB/s), 491MiB/s-491MiB/s (515MB/s-515MB/s), io=30.0GiB (32.2GB), run=62592-62592msec
