jobs1: (g=0): rw=randwrite, bs=(R) 128KiB-128KiB, (W) 128KiB-128KiB, (T) 128KiB-128KiB, ioengine=libaio, iodepth=128
fio-3.28
Starting 1 process
jobs1: Laying out IO file (1 file / 30720MiB)

jobs1: (groupid=0, jobs=1): err= 0: pid=178122: Tue Jul 25 19:30:08 2023
  write: IOPS=27.7k, BW=3457MiB/s (3625MB/s)(30.0GiB/8887msec); 0 zone resets
    slat (usec): min=27, max=107, avg=35.50, stdev= 9.18
    clat (nsec): min=1789, max=9517.4k, avg=4589986.66, stdev=1169744.95
     lat (usec): min=32, max=9598, avg=4625.56, stdev=1178.83
    clat percentiles (usec):
     |  1.00th=[ 4047],  5.00th=[ 4047], 10.00th=[ 4047], 20.00th=[ 4080],
     | 30.00th=[ 4080], 40.00th=[ 4080], 50.00th=[ 4080], 60.00th=[ 4080],
     | 70.00th=[ 4080], 80.00th=[ 4113], 90.00th=[ 7242], 95.00th=[ 7308],
     | 99.00th=[ 7308], 99.50th=[ 7308], 99.90th=[ 7701], 99.95th=[ 7963],
     | 99.99th=[ 9110]
   bw (  MiB/s): min= 2136, max= 3900, per=99.42%, avg=3436.53, stdev=754.81, samples=17
   iops        : min=17092, max=31206, avg=27492.24, stdev=6038.47, samples=17
  lat (usec)   : 2=0.01%, 50=0.01%, 100=0.01%, 250=0.01%, 500=0.01%
  lat (usec)   : 750=0.01%, 1000=0.01%
  lat (msec)   : 2=0.01%, 4=0.03%, 10=99.95%
  cpu          : usr=6.98%, sys=93.03%, ctx=16, majf=0, minf=12
  IO depths    : 1=0.1%, 2=0.1%, 4=0.1%, 8=0.1%, 16=0.1%, 32=0.1%, >=64=100.0%
     submit    : 0=0.0%, 4=100.0%, 8=0.0%, 16=0.0%, 32=0.0%, 64=0.0%, >=64=0.0%
     complete  : 0=0.0%, 4=100.0%, 8=0.0%, 16=0.0%, 32=0.0%, 64=0.0%, >=64=0.1%
     issued rwts: total=0,245760,0,0 short=0,0,0,0 dropped=0,0,0,0
     latency   : target=0, window=0, percentile=100.00%, depth=128

Run status group 0 (all jobs):
  WRITE: bw=3457MiB/s (3625MB/s), 3457MiB/s-3457MiB/s (3625MB/s-3625MB/s), io=30.0GiB (32.2GB), run=8887-8887msec
