jobs1: (g=0): rw=randwrite, bs=(R) 512KiB-512KiB, (W) 512KiB-512KiB, (T) 512KiB-512KiB, ioengine=libaio, iodepth=128
fio-3.28
Starting 1 process
jobs1: Laying out IO files (512 files / total 30720MiB)

jobs1: (groupid=0, jobs=1): err= 0: pid=1146091: Wed Jul 26 08:00:28 2023
  write: IOPS=8158, BW=4079MiB/s (4277MB/s)(30.0GiB/7531msec); 0 zone resets
    slat (usec): min=98, max=208, avg=121.33, stdev=21.83
    clat (usec): min=2, max=23178, avg=15544.65, stdev=2743.50
     lat (usec): min=121, max=23344, avg=15666.10, stdev=2764.37
    clat percentiles (usec):
     |  1.00th=[14222],  5.00th=[14222], 10.00th=[14353], 20.00th=[14353],
     | 30.00th=[14353], 40.00th=[14353], 50.00th=[14353], 60.00th=[14484],
     | 70.00th=[14484], 80.00th=[14615], 90.00th=[21890], 95.00th=[22676],
     | 99.00th=[22938], 99.50th=[22938], 99.90th=[23200], 99.95th=[23200],
     | 99.99th=[23200]
   bw (  MiB/s): min= 2791, max= 4419, per=99.82%, avg=4071.60, stdev=632.54, samples=15
   iops        : min= 5582, max= 8838, avg=8143.20, stdev=1265.09, samples=15
  lat (usec)   : 4=0.01%, 250=0.01%, 500=0.01%, 750=0.01%, 1000=0.01%
  lat (msec)   : 2=0.01%, 4=0.03%, 10=0.09%, 20=86.09%, 50=13.76%
  cpu          : usr=14.71%, sys=85.25%, ctx=5, majf=0, minf=12
  IO depths    : 1=0.1%, 2=0.1%, 4=0.1%, 8=0.1%, 16=0.1%, 32=0.1%, >=64=99.9%
     submit    : 0=0.0%, 4=100.0%, 8=0.0%, 16=0.0%, 32=0.0%, 64=0.0%, >=64=0.0%
     complete  : 0=0.0%, 4=100.0%, 8=0.0%, 16=0.0%, 32=0.0%, 64=0.0%, >=64=0.1%
     issued rwts: total=0,61440,0,0 short=0,0,0,0 dropped=0,0,0,0
     latency   : target=0, window=0, percentile=100.00%, depth=128

Run status group 0 (all jobs):
  WRITE: bw=4079MiB/s (4277MB/s), 4079MiB/s-4079MiB/s (4277MB/s-4277MB/s), io=30.0GiB (32.2GB), run=7531-7531msec
