jobs1: (g=0): rw=randwrite, bs=(R) 4096B-4096B, (W) 4096B-4096B, (T) 4096B-4096B, ioengine=libaio, iodepth=128
fio-3.28
Starting 1 process
jobs1: Laying out IO files (512 files / total 30720MiB)

jobs1: (groupid=0, jobs=1): err= 0: pid=951294: Wed Jul 26 04:48:11 2023
  write: IOPS=422k, BW=1648MiB/s (1728MB/s)(30.0GiB/18640msec); 0 zone resets
    slat (nsec): min=1281, max=37726, avg=1797.67, stdev=526.32
    clat (nsec): min=1169, max=2443.8k, avg=301235.21, stdev=62958.58
     lat (usec): min=2, max=2452, avg=303.10, stdev=63.35
    clat percentiles (usec):
     |  1.00th=[  277],  5.00th=[  277], 10.00th=[  281], 20.00th=[  281],
     | 30.00th=[  281], 40.00th=[  281], 50.00th=[  281], 60.00th=[  285],
     | 70.00th=[  285], 80.00th=[  285], 90.00th=[  289], 95.00th=[  490],
     | 99.00th=[  502], 99.50th=[  506], 99.90th=[  523], 99.95th=[  611],
     | 99.99th=[ 1106]
   bw (  MiB/s): min=  958, max= 1767, per=99.99%, avg=1647.87, stdev=267.68, samples=37
   iops        : min=245402, max=452576, avg=421855.14, stdev=68526.74, samples=37
  lat (usec)   : 2=0.01%, 4=0.01%, 10=0.01%, 20=0.01%, 50=0.01%
  lat (usec)   : 100=0.01%, 250=0.01%, 500=98.75%, 750=1.22%, 1000=0.02%
  lat (msec)   : 2=0.01%, 4=0.01%
  cpu          : usr=24.18%, sys=75.82%, ctx=38, majf=0, minf=12
  IO depths    : 1=0.1%, 2=0.1%, 4=0.1%, 8=0.1%, 16=0.1%, 32=0.1%, >=64=100.0%
     submit    : 0=0.0%, 4=100.0%, 8=0.0%, 16=0.0%, 32=0.0%, 64=0.0%, >=64=0.0%
     complete  : 0=0.0%, 4=100.0%, 8=0.0%, 16=0.0%, 32=0.0%, 64=0.0%, >=64=0.1%
     issued rwts: total=0,7864320,0,0 short=0,0,0,0 dropped=0,0,0,0
     latency   : target=0, window=0, percentile=100.00%, depth=128

Run status group 0 (all jobs):
  WRITE: bw=1648MiB/s (1728MB/s), 1648MiB/s-1648MiB/s (1728MB/s-1728MB/s), io=30.0GiB (32.2GB), run=18640-18640msec
