jobs1: (g=0): rw=randread, bs=(R) 512KiB-512KiB, (W) 512KiB-512KiB, (T) 512KiB-512KiB, ioengine=libaio, iodepth=128
fio-3.28
Starting 1 process
jobs1: Laying out IO file (1 file / 30720MiB)

jobs1: (groupid=0, jobs=1): err= 0: pid=197164: Tue Jul 25 20:30:35 2023
  read: IOPS=1793, BW=897MiB/s (940MB/s)(30.0GiB/34261msec)
    slat (usec): min=502, max=1947, avg=554.69, stdev=60.87
    clat (usec): min=4, max=176290, avg=70633.71, stdev=6788.48
     lat (usec): min=551, max=178055, avg=71188.85, stdev=6843.71
    clat percentiles (msec):
     |  1.00th=[   69],  5.00th=[   69], 10.00th=[   69], 20.00th=[   69],
     | 30.00th=[   69], 40.00th=[   70], 50.00th=[   70], 60.00th=[   70],
     | 70.00th=[   70], 80.00th=[   70], 90.00th=[   70], 95.00th=[   74],
     | 99.00th=[  100], 99.50th=[  101], 99.90th=[  144], 99.95th=[  159],
     | 99.99th=[  174]
   bw (  KiB/s): min=415744, max=947200, per=99.82%, avg=916486.84, stdev=83710.17, samples=68
   iops        : min=  812, max= 1850, avg=1789.99, stdev=163.49, samples=68
  lat (usec)   : 10=0.01%, 750=0.01%
  lat (msec)   : 2=0.01%, 4=0.01%, 10=0.02%, 20=0.03%, 50=0.09%
  lat (msec)   : 100=99.38%, 250=0.47%
  cpu          : usr=0.56%, sys=60.04%, ctx=245799, majf=0, minf=16397
  IO depths    : 1=0.1%, 2=0.1%, 4=0.1%, 8=0.1%, 16=0.1%, 32=0.1%, >=64=99.9%
     submit    : 0=0.0%, 4=100.0%, 8=0.0%, 16=0.0%, 32=0.0%, 64=0.0%, >=64=0.0%
     complete  : 0=0.0%, 4=100.0%, 8=0.0%, 16=0.0%, 32=0.0%, 64=0.0%, >=64=0.1%
     issued rwts: total=61440,0,0,0 short=0,0,0,0 dropped=0,0,0,0
     latency   : target=0, window=0, percentile=100.00%, depth=128

Run status group 0 (all jobs):
   READ: bw=897MiB/s (940MB/s), 897MiB/s-897MiB/s (940MB/s-940MB/s), io=30.0GiB (32.2GB), run=34261-34261msec
