jobs1: (g=0): rw=randwrite, bs=(R) 128KiB-128KiB, (W) 128KiB-128KiB, (T) 128KiB-128KiB, ioengine=libaio, iodepth=128
fio-3.28
Starting 1 process
jobs1: Laying out IO files (1024 files / total 30720MiB)
fio: pid=1181642, err=24/file:filesetup.c:805, func=open(/tmp/ssfs/home/sevag/fuse_ext4/f1014), error=Too many open files

jobs1: (groupid=0, jobs=1): err=24 (file:filesetup.c:805, func=open(/tmp/ssfs/home/sevag/fuse_ext4/f1014), error=Too many open files): pid=1181642: Wed Jul 26 10:02:42 2023
  write: IOPS=948, BW=119MiB/s (124MB/s)(127MiB/1070msec); 0 zone resets
    slat (usec): min=117, max=159439, avg=699.61, stdev=9032.36
    clat (usec): min=93, max=511589, avg=58825.31, stdev=22283.29
     lat (usec): min=392, max=646167, avg=59525.45, stdev=28902.76
    clat percentiles (msec):
     |  1.00th=[    8],  5.00th=[   26], 10.00th=[   43], 20.00th=[   55],
     | 30.00th=[   56], 40.00th=[   57], 50.00th=[   59], 60.00th=[   65],
     | 70.00th=[   66], 80.00th=[   68], 90.00th=[   73], 95.00th=[   74],
     | 99.00th=[   75], 99.50th=[   75], 99.90th=[  351], 99.95th=[  510],
     | 99.99th=[  510]
   bw (  KiB/s): min=188928, max=188928, per=100.00%, avg=188928.00, stdev= 0.00, samples=1
   iops        : min= 1476, max= 1476, avg=1476.00, stdev= 0.00, samples=1
  lat (usec)   : 100=0.10%
  lat (msec)   : 4=0.20%, 10=1.38%, 20=2.27%, 50=11.72%, 100=84.04%
  lat (msec)   : 250=0.10%, 500=0.10%, 750=0.10%
  cpu          : usr=0.84%, sys=16.37%, ctx=1671, majf=0, minf=18
  IO depths    : 1=0.1%, 2=0.2%, 4=0.4%, 8=0.8%, 16=1.6%, 32=3.2%, >=64=93.8%
     submit    : 0=0.0%, 4=100.0%, 8=0.0%, 16=0.0%, 32=0.0%, 64=0.0%, >=64=0.0%
     complete  : 0=0.0%, 4=99.9%, 8=0.0%, 16=0.0%, 32=0.0%, 64=0.0%, >=64=0.1%
     issued rwts: total=0,1015,0,0 short=0,0,0,0 dropped=0,0,0,0
     latency   : target=0, window=0, percentile=100.00%, depth=128

Run status group 0 (all jobs):
  WRITE: bw=119MiB/s (124MB/s), 119MiB/s-119MiB/s (124MB/s-124MB/s), io=127MiB (133MB), run=1070-1070msec
