jobs1: (g=0): rw=randread, bs=(R) 512KiB-512KiB, (W) 512KiB-512KiB, (T) 512KiB-512KiB, ioengine=libaio, iodepth=128
...
fio-3.28
Starting 32 processes
jobs1: Laying out IO files (1024 files / total 30720MiB)
fio: pid=1201936, err=24/file:filesetup.c:805, func=open(/tmp/ssfs/home/sevag/fuse_ext4/f1012), error=Too many open files

jobs1: (groupid=0, jobs=32): err=24 (file:filesetup.c:805, func=open(/tmp/ssfs/home/sevag/fuse_ext4/f1012), error=Too many open files): pid=1201936: Wed Jul 26 11:08:49 2023
  read: IOPS=485, BW=243MiB/s (254MB/s)(507MiB/2088msec)
    slat (usec): min=1301, max=2692, avg=1596.46, stdev=188.97
    clat (usec): min=104, max=333181, avg=240894.58, stdev=53003.87
     lat (usec): min=1644, max=335875, avg=242492.54, stdev=53056.40
    clat percentiles (msec):
     |  1.00th=[   23],  5.00th=[  102], 10.00th=[  203], 20.00th=[  241],
     | 30.00th=[  249], 40.00th=[  251], 50.00th=[  253], 60.00th=[  253],
     | 70.00th=[  255], 80.00th=[  266], 90.00th=[  268], 95.00th=[  313],
     | 99.00th=[  330], 99.50th=[  330], 99.90th=[  334], 99.95th=[  334],
     | 99.99th=[  334]
   bw (  KiB/s): min=94664, max=262144, per=86.93%, avg=215922.00, stdev=81030.13, samples=4
   iops        : min=  184, max=  512, avg=421.50, stdev=158.71, samples=4
  lat (usec)   : 250=0.10%
  lat (msec)   : 10=0.30%, 20=0.49%, 50=1.48%, 100=2.57%, 250=29.71%
  lat (msec)   : 500=65.35%
  cpu          : usr=0.43%, sys=30.99%, ctx=5777, majf=0, minf=16466
  IO depths    : 1=0.1%, 2=0.2%, 4=0.4%, 8=0.8%, 16=1.6%, 32=3.2%, >=64=93.8%
     submit    : 0=0.0%, 4=100.0%, 8=0.0%, 16=0.0%, 32=0.0%, 64=0.0%, >=64=0.0%
     complete  : 0=0.0%, 4=99.9%, 8=0.0%, 16=0.0%, 32=0.0%, 64=0.0%, >=64=0.1%
     issued rwts: total=1013,0,0,0 short=0,0,0,0 dropped=0,0,0,0
     latency   : target=0, window=0, percentile=100.00%, depth=128

Run status group 0 (all jobs):
   READ: bw=243MiB/s (254MB/s), 243MiB/s-243MiB/s (254MB/s-254MB/s), io=507MiB (531MB), run=2088-2088msec
