jobs1: (g=0): rw=randwrite, bs=(R) 4096B-4096B, (W) 4096B-4096B, (T) 4096B-4096B, ioengine=libaio, iodepth=128
fio-3.28
Starting 1 process
jobs1: Laying out IO file (1 file / 30720MiB)

jobs1: (groupid=0, jobs=1): err= 0: pid=66191: Tue Jul 25 17:39:01 2023
  write: IOPS=448k, BW=1750MiB/s (1835MB/s)(30.0GiB/17552msec); 0 zone resets
    slat (nsec): min=1200, max=43128, avg=1680.56, stdev=467.73
    clat (nsec): min=1035, max=1166.9k, avg=283668.44, stdev=52211.65
     lat (usec): min=2, max=1179, avg=285.41, stdev=52.55
    clat percentiles (usec):
     |  1.00th=[  265],  5.00th=[  265], 10.00th=[  265], 20.00th=[  269],
     | 30.00th=[  269], 40.00th=[  269], 50.00th=[  269], 60.00th=[  269],
     | 70.00th=[  269], 80.00th=[  273], 90.00th=[  273], 95.00th=[  453],
     | 99.00th=[  461], 99.50th=[  465], 99.90th=[  482], 99.95th=[  611],
     | 99.99th=[ 1139]
   bw (  MiB/s): min= 1043, max= 1878, per=100.00%, avg=1750.45, stdev=252.31, samples=35
   iops        : min=267236, max=480962, avg=448116.29, stdev=64591.67, samples=35
  lat (usec)   : 2=0.01%, 4=0.01%, 10=0.01%, 20=0.01%, 50=0.01%
  lat (usec)   : 100=0.01%, 250=0.03%, 500=99.90%, 750=0.03%, 1000=0.02%
  lat (msec)   : 2=0.02%
  cpu          : usr=25.57%, sys=74.43%, ctx=28, majf=0, minf=11
  IO depths    : 1=0.1%, 2=0.1%, 4=0.1%, 8=0.1%, 16=0.1%, 32=0.1%, >=64=100.0%
     submit    : 0=0.0%, 4=100.0%, 8=0.0%, 16=0.0%, 32=0.0%, 64=0.0%, >=64=0.0%
     complete  : 0=0.0%, 4=100.0%, 8=0.0%, 16=0.0%, 32=0.0%, 64=0.0%, >=64=0.1%
     issued rwts: total=0,7864320,0,0 short=0,0,0,0 dropped=0,0,0,0
     latency   : target=0, window=0, percentile=100.00%, depth=128

Run status group 0 (all jobs):
  WRITE: bw=1750MiB/s (1835MB/s), 1750MiB/s-1750MiB/s (1835MB/s-1835MB/s), io=30.0GiB (32.2GB), run=17552-17552msec
