jobs1: (g=0): rw=randread, bs=(R) 512KiB-512KiB, (W) 512KiB-512KiB, (T) 512KiB-512KiB, ioengine=libaio, iodepth=128
fio-3.28
Starting 1 process
jobs1: Laying out IO files (64 files / total 30720MiB)

jobs1: (groupid=0, jobs=1): err= 0: pid=526614: Wed Jul 26 00:21:31 2023
  read: IOPS=11.4k, BW=5698MiB/s (5975MB/s)(30.0GiB/5391msec)
    slat (usec): min=75, max=628, avg=86.78, stdev=17.97
    clat (usec): min=2, max=49151, avg=11081.66, stdev=1606.60
     lat (usec): min=83, max=49781, avg=11168.50, stdev=1622.82
    clat percentiles (usec):
     |  1.00th=[10290],  5.00th=[10290], 10.00th=[10290], 20.00th=[10290],
     | 30.00th=[10290], 40.00th=[10290], 50.00th=[10290], 60.00th=[10290],
     | 70.00th=[10290], 80.00th=[13435], 90.00th=[13435], 95.00th=[13435],
     | 99.00th=[13566], 99.50th=[13566], 99.90th=[26084], 99.95th=[34866],
     | 99.99th=[45876]
   bw (  MiB/s): min= 4254, max= 6167, per=99.22%, avg=5653.80, stdev=760.77, samples=10
   iops        : min= 8508, max=12334, avg=11307.60, stdev=1521.55, samples=10
  lat (usec)   : 4=0.01%, 100=0.01%, 250=0.01%, 500=0.01%, 750=0.01%
  lat (usec)   : 1000=0.01%
  lat (msec)   : 2=0.02%, 4=0.04%, 10=0.12%, 20=99.65%, 50=0.15%
  cpu          : usr=1.09%, sys=98.83%, ctx=6, majf=0, minf=16396
  IO depths    : 1=0.1%, 2=0.1%, 4=0.1%, 8=0.1%, 16=0.1%, 32=0.1%, >=64=99.9%
     submit    : 0=0.0%, 4=100.0%, 8=0.0%, 16=0.0%, 32=0.0%, 64=0.0%, >=64=0.0%
     complete  : 0=0.0%, 4=100.0%, 8=0.0%, 16=0.0%, 32=0.0%, 64=0.0%, >=64=0.1%
     issued rwts: total=61440,0,0,0 short=0,0,0,0 dropped=0,0,0,0
     latency   : target=0, window=0, percentile=100.00%, depth=128

Run status group 0 (all jobs):
   READ: bw=5698MiB/s (5975MB/s), 5698MiB/s-5698MiB/s (5975MB/s-5975MB/s), io=30.0GiB (32.2GB), run=5391-5391msec
