jobs1: (g=0): rw=randwrite, bs=(R) 128KiB-128KiB, (W) 128KiB-128KiB, (T) 128KiB-128KiB, ioengine=libaio, iodepth=128
...
fio-3.28
Starting 32 processes
jobs1: Laying out IO file (1 file / 30720MiB)

jobs1: (groupid=0, jobs=32): err= 0: pid=180290: Tue Jul 25 19:34:30 2023
  write: IOPS=13.4k, BW=1678MiB/s (1759MB/s)(30.0GiB/18309msec); 0 zone resets
    slat (usec): min=33, max=163984, avg=73.60, stdev=663.83
    clat (nsec): min=1798, max=502847k, avg=9139541.24, stdev=4077297.07
     lat (usec): min=59, max=638390, avg=9213.24, stdev=4287.77
    clat percentiles (usec):
     |  1.00th=[ 4948],  5.00th=[ 5276], 10.00th=[ 5800], 20.00th=[ 7242],
     | 30.00th=[ 7373], 40.00th=[ 7504], 50.00th=[ 7570], 60.00th=[ 7963],
     | 70.00th=[ 8848], 80.00th=[11338], 90.00th=[13173], 95.00th=[17171],
     | 99.00th=[25560], 99.50th=[27657], 99.90th=[31065], 99.95th=[32113],
     | 99.99th=[32637]
   bw (  MiB/s): min=  174, max= 2094, per=100.00%, avg=1693.31, stdev=444.09, samples=36
   iops        : min= 1397, max=16758, avg=13546.44, stdev=3552.62, samples=36
  lat (usec)   : 2=0.01%, 100=0.01%, 250=0.01%, 500=0.01%, 750=0.01%
  lat (usec)   : 1000=0.01%
  lat (msec)   : 2=0.01%, 4=0.01%, 10=75.62%, 20=21.63%, 50=2.73%
  lat (msec)   : 100=0.01%, 250=0.01%, 500=0.01%, 750=0.01%
  cpu          : usr=6.45%, sys=80.44%, ctx=196, majf=0, minf=75
  IO depths    : 1=0.1%, 2=0.1%, 4=0.1%, 8=0.1%, 16=0.1%, 32=0.1%, >=64=100.0%
     submit    : 0=0.0%, 4=100.0%, 8=0.0%, 16=0.0%, 32=0.0%, 64=0.0%, >=64=0.0%
     complete  : 0=0.0%, 4=100.0%, 8=0.0%, 16=0.0%, 32=0.0%, 64=0.0%, >=64=0.1%
     issued rwts: total=0,245760,0,0 short=0,0,0,0 dropped=0,0,0,0
     latency   : target=0, window=0, percentile=100.00%, depth=128

Run status group 0 (all jobs):
  WRITE: bw=1678MiB/s (1759MB/s), 1678MiB/s-1678MiB/s (1759MB/s-1759MB/s), io=30.0GiB (32.2GB), run=18309-18309msec
