jobs1: (g=0): rw=randwrite, bs=(R) 512KiB-512KiB, (W) 512KiB-512KiB, (T) 512KiB-512KiB, ioengine=libaio, iodepth=128
fio-3.28
Starting 1 process
jobs1: Laying out IO files (1024 files / total 30720MiB)
fio: pid=1193704, err=24/file:filesetup.c:805, func=open(/tmp/ssfs/home/sevag/fuse_ext4/f1012), error=Too many open files

jobs1: (groupid=0, jobs=1): err=24 (file:filesetup.c:805, func=open(/tmp/ssfs/home/sevag/fuse_ext4/f1012), error=Too many open files): pid=1193704: Wed Jul 26 10:38:58 2023
  write: IOPS=628, BW=314MiB/s (329MB/s)(507MiB/1612msec); 0 zone resets
    slat (usec): min=382, max=600159, avg=1120.63, stdev=18849.93
    clat (usec): min=108, max=148839, avg=119373.99, stdev=25956.51
     lat (usec): min=809, max=733409, avg=120495.39, stdev=32309.47
    clat percentiles (msec):
     |  1.00th=[   13],  5.00th=[   54], 10.00th=[  103], 20.00th=[  111],
     | 30.00th=[  115], 40.00th=[  118], 50.00th=[  128], 60.00th=[  131],
     | 70.00th=[  133], 80.00th=[  138], 90.00th=[  140], 95.00th=[  144],
     | 99.00th=[  148], 99.50th=[  148], 99.90th=[  148], 99.95th=[  148],
     | 99.99th=[  148]
   bw (  KiB/s): min=279552, max=523264, per=100.00%, avg=401408.00, stdev=172330.41, samples=2
   iops        : min=  546, max= 1022, avg=784.00, stdev=336.58, samples=2
  lat (usec)   : 250=0.10%
  lat (msec)   : 4=0.10%, 10=0.59%, 20=0.99%, 50=2.96%, 100=4.24%
  lat (msec)   : 250=91.02%
  cpu          : usr=2.98%, sys=32.34%, ctx=2020, majf=0, minf=18
  IO depths    : 1=0.1%, 2=0.2%, 4=0.4%, 8=0.8%, 16=1.6%, 32=3.2%, >=64=93.8%
     submit    : 0=0.0%, 4=100.0%, 8=0.0%, 16=0.0%, 32=0.0%, 64=0.0%, >=64=0.0%
     complete  : 0=0.0%, 4=99.9%, 8=0.0%, 16=0.0%, 32=0.0%, 64=0.0%, >=64=0.1%
     issued rwts: total=0,1013,0,0 short=0,0,0,0 dropped=0,0,0,0
     latency   : target=0, window=0, percentile=100.00%, depth=128

Run status group 0 (all jobs):
  WRITE: bw=314MiB/s (329MB/s), 314MiB/s-314MiB/s (329MB/s-329MB/s), io=507MiB (531MB), run=1612-1612msec
