jobs1: (g=0): rw=randread, bs=(R) 4096B-4096B, (W) 4096B-4096B, (T) 4096B-4096B, ioengine=libaio, iodepth=128
fio-3.28
Starting 1 process
jobs1: Laying out IO files (512 files / total 30720MiB)

jobs1: (groupid=0, jobs=1): err= 0: pid=1095485: Wed Jul 26 05:21:44 2023
  read: IOPS=73.5k, BW=287MiB/s (301MB/s)(30.0GiB/107053msec)
    slat (usec): min=8, max=210, avg=12.88, stdev= 2.25
    clat (nsec): min=1950, max=11785k, avg=1728965.05, stdev=299912.19
     lat (usec): min=14, max=11984, avg=1741.93, stdev=302.04
    clat percentiles (usec):
     |  1.00th=[ 1598],  5.00th=[ 1598], 10.00th=[ 1614], 20.00th=[ 1614],
     | 30.00th=[ 1631], 40.00th=[ 1631], 50.00th=[ 1647], 60.00th=[ 1647],
     | 70.00th=[ 1680], 80.00th=[ 1811], 90.00th=[ 1893], 95.00th=[ 1942],
     | 99.00th=[ 3818], 99.50th=[ 3851], 99.90th=[ 3916], 99.95th=[ 3982],
     | 99.99th=[ 4424]
   bw (  KiB/s): min=123032, max=315848, per=100.00%, avg=293932.67, stdev=34688.08, samples=214
   iops        : min=30758, max=78962, avg=73483.21, stdev=8672.03, samples=214
  lat (usec)   : 2=0.01%, 20=0.01%, 50=0.01%, 100=0.01%, 250=0.01%
  lat (usec)   : 500=0.01%, 750=0.01%, 1000=0.01%
  lat (msec)   : 2=96.46%, 4=3.49%, 10=0.04%, 20=0.01%
  cpu          : usr=6.02%, sys=33.34%, ctx=7864898, majf=0, minf=139
  IO depths    : 1=0.1%, 2=0.1%, 4=0.1%, 8=0.1%, 16=0.1%, 32=0.1%, >=64=100.0%
     submit    : 0=0.0%, 4=100.0%, 8=0.0%, 16=0.0%, 32=0.0%, 64=0.0%, >=64=0.0%
     complete  : 0=0.0%, 4=100.0%, 8=0.0%, 16=0.0%, 32=0.0%, 64=0.0%, >=64=0.1%
     issued rwts: total=7864320,0,0,0 short=0,0,0,0 dropped=0,0,0,0
     latency   : target=0, window=0, percentile=100.00%, depth=128

Run status group 0 (all jobs):
   READ: bw=287MiB/s (301MB/s), 287MiB/s-287MiB/s (301MB/s-301MB/s), io=30.0GiB (32.2GB), run=107053-107053msec
