jobs1: (g=0): rw=randwrite, bs=(R) 512KiB-512KiB, (W) 512KiB-512KiB, (T) 512KiB-512KiB, ioengine=libaio, iodepth=128
fio-3.28
Starting 1 process
jobs1: Laying out IO files (64 files / total 30720MiB)

jobs1: (groupid=0, jobs=1): err= 0: pid=514507: Tue Jul 25 23:52:04 2023
  write: IOPS=3891, BW=1946MiB/s (2040MB/s)(30.0GiB/15787msec); 0 zone resets
    slat (usec): min=164, max=453467, avg=255.06, stdev=1905.74
    clat (usec): min=2, max=74388, avg=31614.29, stdev=9353.36
     lat (usec): min=186, max=514243, avg=31869.57, stdev=9608.52
    clat percentiles (usec):
     |  1.00th=[23987],  5.00th=[23987], 10.00th=[24249], 20.00th=[24249],
     | 30.00th=[24249], 40.00th=[24511], 50.00th=[25297], 60.00th=[33817],
     | 70.00th=[36439], 80.00th=[39584], 90.00th=[43779], 95.00th=[50594],
     | 99.00th=[58983], 99.50th=[61604], 99.90th=[68682], 99.95th=[69731],
     | 99.99th=[72877]
   bw (  MiB/s): min= 1126, max= 2564, per=100.00%, avg=1996.77, stdev=407.70, samples=30
   iops        : min= 2252, max= 5128, avg=3993.53, stdev=815.41, samples=30
  lat (usec)   : 4=0.01%, 250=0.01%, 500=0.01%, 750=0.01%, 1000=0.01%
  lat (msec)   : 2=0.01%, 4=0.02%, 10=0.05%, 20=0.09%, 50=94.59%
  lat (msec)   : 100=5.23%
  cpu          : usr=8.08%, sys=79.30%, ctx=239, majf=0, minf=13
  IO depths    : 1=0.1%, 2=0.1%, 4=0.1%, 8=0.1%, 16=0.1%, 32=0.1%, >=64=99.9%
     submit    : 0=0.0%, 4=100.0%, 8=0.0%, 16=0.0%, 32=0.0%, 64=0.0%, >=64=0.0%
     complete  : 0=0.0%, 4=100.0%, 8=0.0%, 16=0.0%, 32=0.0%, 64=0.0%, >=64=0.1%
     issued rwts: total=0,61440,0,0 short=0,0,0,0 dropped=0,0,0,0
     latency   : target=0, window=0, percentile=100.00%, depth=128

Run status group 0 (all jobs):
  WRITE: bw=1946MiB/s (2040MB/s), 1946MiB/s-1946MiB/s (2040MB/s-2040MB/s), io=30.0GiB (32.2GB), run=15787-15787msec
