jobs1: (g=0): rw=randread, bs=(R) 128KiB-128KiB, (W) 128KiB-128KiB, (T) 128KiB-128KiB, ioengine=libaio, iodepth=128
fio-3.28
Starting 1 process
jobs1: Laying out IO files (64 files / total 30720MiB)

jobs1: (groupid=0, jobs=1): err= 0: pid=507264: Tue Jul 25 23:30:24 2023
  read: IOPS=2502, BW=313MiB/s (328MB/s)(30.0GiB/98188msec)
    slat (usec): min=235, max=717, avg=390.94, stdev=39.72
    clat (usec): min=4, max=92416, avg=50716.33, stdev=2755.45
     lat (usec): min=367, max=93100, avg=51108.19, stdev=2768.53
    clat percentiles (usec):
     |  1.00th=[45876],  5.00th=[46924], 10.00th=[47449], 20.00th=[48497],
     | 30.00th=[49021], 40.00th=[49546], 50.00th=[50594], 60.00th=[51119],
     | 70.00th=[52167], 80.00th=[53740], 90.00th=[54264], 95.00th=[54789],
     | 99.00th=[55837], 99.50th=[55837], 99.90th=[56361], 99.95th=[56361],
     | 99.99th=[85459]
   bw (  KiB/s): min=257792, max=338944, per=99.99%, avg=320360.49, stdev=10718.12, samples=196
   iops        : min= 2014, max= 2648, avg=2502.83, stdev=83.74, samples=196
  lat (usec)   : 10=0.01%, 500=0.01%, 750=0.01%
  lat (msec)   : 2=0.01%, 4=0.01%, 10=0.01%, 20=0.01%, 50=44.49%
  lat (msec)   : 100=55.49%
  cpu          : usr=1.22%, sys=34.88%, ctx=245927, majf=0, minf=4109
  IO depths    : 1=0.1%, 2=0.1%, 4=0.1%, 8=0.1%, 16=0.1%, 32=0.1%, >=64=100.0%
     submit    : 0=0.0%, 4=100.0%, 8=0.0%, 16=0.0%, 32=0.0%, 64=0.0%, >=64=0.0%
     complete  : 0=0.0%, 4=100.0%, 8=0.0%, 16=0.0%, 32=0.0%, 64=0.0%, >=64=0.1%
     issued rwts: total=245760,0,0,0 short=0,0,0,0 dropped=0,0,0,0
     latency   : target=0, window=0, percentile=100.00%, depth=128

Run status group 0 (all jobs):
   READ: bw=313MiB/s (328MB/s), 313MiB/s-313MiB/s (328MB/s-328MB/s), io=30.0GiB (32.2GB), run=98188-98188msec
