jobs1: (g=0): rw=randread, bs=(R) 4096B-4096B, (W) 4096B-4096B, (T) 4096B-4096B, ioengine=libaio, iodepth=128
fio-3.28
Starting 1 process
jobs1: Laying out IO file (1 file / 30720MiB)

jobs1: (groupid=0, jobs=1): err= 0: pid=156273: Tue Jul 25 18:04:43 2023
  read: IOPS=73.6k, BW=288MiB/s (302MB/s)(30.0GiB/106800msec)
    slat (usec): min=7, max=348, avg=12.87, stdev= 2.17
    clat (nsec): min=1356, max=10611k, avg=1724890.90, stdev=281019.41
     lat (usec): min=12, max=10834, avg=1737.84, stdev=283.04
    clat percentiles (usec):
     |  1.00th=[ 1582],  5.00th=[ 1614], 10.00th=[ 1614], 20.00th=[ 1631],
     | 30.00th=[ 1631], 40.00th=[ 1631], 50.00th=[ 1647], 60.00th=[ 1647],
     | 70.00th=[ 1663], 80.00th=[ 1729], 90.00th=[ 1909], 95.00th=[ 1958],
     | 99.00th=[ 3851], 99.50th=[ 3884], 99.90th=[ 3916], 99.95th=[ 4047],
     | 99.99th=[ 4490]
   bw (  KiB/s): min=130168, max=326880, per=99.97%, avg=294466.63, stdev=32041.61, samples=213
   iops        : min=32542, max=81720, avg=73616.65, stdev=8010.39, samples=213
  lat (usec)   : 2=0.01%, 20=0.01%, 50=0.01%, 100=0.01%, 250=0.01%
  lat (usec)   : 500=0.01%, 750=0.01%, 1000=0.01%
  lat (msec)   : 2=95.81%, 4=4.11%, 10=0.07%, 20=0.01%
  cpu          : usr=6.07%, sys=32.81%, ctx=7864382, majf=0, minf=138
  IO depths    : 1=0.1%, 2=0.1%, 4=0.1%, 8=0.1%, 16=0.1%, 32=0.1%, >=64=100.0%
     submit    : 0=0.0%, 4=100.0%, 8=0.0%, 16=0.0%, 32=0.0%, 64=0.0%, >=64=0.0%
     complete  : 0=0.0%, 4=100.0%, 8=0.0%, 16=0.0%, 32=0.0%, 64=0.0%, >=64=0.1%
     issued rwts: total=7864320,0,0,0 short=0,0,0,0 dropped=0,0,0,0
     latency   : target=0, window=0, percentile=100.00%, depth=128

Run status group 0 (all jobs):
   READ: bw=288MiB/s (302MB/s), 288MiB/s-288MiB/s (302MB/s-302MB/s), io=30.0GiB (32.2GB), run=106800-106800msec
