jobs1: (g=0): rw=randwrite, bs=(R) 32.0KiB-32.0KiB, (W) 32.0KiB-32.0KiB, (T) 32.0KiB-32.0KiB, ioengine=libaio, iodepth=128
...
fio-3.28
Starting 16 processes
jobs1: Laying out IO files (512 files / total 30720MiB)

jobs1: (groupid=0, jobs=16): err= 0: pid=1108673: Wed Jul 26 06:07:35 2023
  write: IOPS=93.9k, BW=2934MiB/s (3077MB/s)(30.0GiB/10470msec); 0 zone resets
    slat (usec): min=7, max=540, avg= 9.98, stdev= 2.80
    clat (nsec): min=1937, max=6145.6k, avg=1352426.04, stdev=347768.17
     lat (usec): min=10, max=6261, avg=1362.47, stdev=350.37
    clat percentiles (usec):
     |  1.00th=[ 1188],  5.00th=[ 1205], 10.00th=[ 1205], 20.00th=[ 1205],
     | 30.00th=[ 1205], 40.00th=[ 1221], 50.00th=[ 1221], 60.00th=[ 1221],
     | 70.00th=[ 1221], 80.00th=[ 1221], 90.00th=[ 2212], 95.00th=[ 2212],
     | 99.00th=[ 2212], 99.50th=[ 2245], 99.90th=[ 2442], 99.95th=[ 3032],
     | 99.99th=[ 5080]
   bw (  MiB/s): min= 1745, max= 3276, per=100.00%, avg=2934.91, stdev=614.06, samples=20
   iops        : min=55843, max=104860, avg=93917.00, stdev=19649.92, samples=20
  lat (usec)   : 2=0.01%, 20=0.01%, 50=0.01%, 100=0.01%, 250=0.01%
  lat (usec)   : 500=0.01%, 750=0.01%, 1000=0.01%
  lat (msec)   : 2=86.45%, 4=13.52%, 10=0.02%
  cpu          : usr=11.12%, sys=88.86%, ctx=19, majf=0, minf=35
  IO depths    : 1=0.1%, 2=0.1%, 4=0.1%, 8=0.1%, 16=0.1%, 32=0.1%, >=64=100.0%
     submit    : 0=0.0%, 4=100.0%, 8=0.0%, 16=0.0%, 32=0.0%, 64=0.0%, >=64=0.0%
     complete  : 0=0.0%, 4=100.0%, 8=0.0%, 16=0.0%, 32=0.0%, 64=0.0%, >=64=0.1%
     issued rwts: total=0,983040,0,0 short=0,0,0,0 dropped=0,0,0,0
     latency   : target=0, window=0, percentile=100.00%, depth=128

Run status group 0 (all jobs):
  WRITE: bw=2934MiB/s (3077MB/s), 2934MiB/s-2934MiB/s (3077MB/s-3077MB/s), io=30.0GiB (32.2GB), run=10470-10470msec
