jobs1: (g=0): rw=randwrite, bs=(R) 32.0KiB-32.0KiB, (W) 32.0KiB-32.0KiB, (T) 32.0KiB-32.0KiB, ioengine=libaio, iodepth=128
...
fio-3.28
Starting 32 processes
jobs1: Laying out IO files (128 files / total 30720MiB)

jobs1: (groupid=0, jobs=32): err= 0: pid=807753: Wed Jul 26 02:08:11 2023
  write: IOPS=61.0k, BW=1907MiB/s (2000MB/s)(30.0GiB/16109msec); 0 zone resets
    slat (usec): min=8, max=138946, avg=15.50, stdev=213.08
    clat (nsec): min=1730, max=399370k, avg=2035749.27, stdev=1769897.36
     lat (usec): min=13, max=399440, avg=2051.34, stdev=1818.87
    clat percentiles (usec):
     |  1.00th=[ 1401],  5.00th=[ 1401], 10.00th=[ 1434], 20.00th=[ 1500],
     | 30.00th=[ 1565], 40.00th=[ 1631], 50.00th=[ 1827], 60.00th=[ 1909],
     | 70.00th=[ 1942], 80.00th=[ 2008], 90.00th=[ 2573], 95.00th=[ 2671],
     | 99.00th=[11731], 99.50th=[13173], 99.90th=[17695], 99.95th=[19006],
     | 99.99th=[26084]
   bw (  MiB/s): min=  545, max= 2259, per=100.00%, avg=1918.21, stdev=373.50, samples=31
   iops        : min=17444, max=72308, avg=61382.81, stdev=11952.07, samples=31
  lat (usec)   : 2=0.01%, 20=0.01%, 50=0.01%, 100=0.01%, 250=0.01%
  lat (usec)   : 500=0.01%, 750=0.01%, 1000=0.01%
  lat (msec)   : 2=79.91%, 4=18.05%, 10=0.35%, 20=1.64%, 50=0.03%
  lat (msec)   : 100=0.01%, 250=0.01%, 500=0.01%
  cpu          : usr=7.18%, sys=80.49%, ctx=2349, majf=0, minf=73
  IO depths    : 1=0.1%, 2=0.1%, 4=0.1%, 8=0.1%, 16=0.1%, 32=0.1%, >=64=100.0%
     submit    : 0=0.0%, 4=100.0%, 8=0.0%, 16=0.0%, 32=0.0%, 64=0.0%, >=64=0.0%
     complete  : 0=0.0%, 4=100.0%, 8=0.0%, 16=0.0%, 32=0.0%, 64=0.0%, >=64=0.1%
     issued rwts: total=0,983040,0,0 short=0,0,0,0 dropped=0,0,0,0
     latency   : target=0, window=0, percentile=100.00%, depth=128

Run status group 0 (all jobs):
  WRITE: bw=1907MiB/s (2000MB/s), 1907MiB/s-1907MiB/s (2000MB/s-2000MB/s), io=30.0GiB (32.2GB), run=16109-16109msec
