jobs1: (g=0): rw=randread, bs=(R) 32.0KiB-32.0KiB, (W) 32.0KiB-32.0KiB, (T) 32.0KiB-32.0KiB, ioengine=libaio, iodepth=128
fio-3.28
Starting 1 process
jobs1: Laying out IO files (1024 files / total 30720MiB)
fio: pid=1176431, err=24/file:filesetup.c:805, func=open(/home/sevag/ramdisk//f1018), error=Too many open files

jobs1: (groupid=0, jobs=1): err=24 (file:filesetup.c:805, func=open(/home/sevag/ramdisk//f1018), error=Too many open files): pid=1176431: Wed Jul 26 09:49:18 2023
  read: IOPS=44.3k, BW=1385MiB/s (1452MB/s)(31.8MiB/23msec)
    slat (nsec): min=7454, max=67713, avg=13823.44, stdev=10609.71
    clat (usec): min=47, max=6165, avg=2450.14, stdev=954.65
     lat (usec): min=57, max=6229, avg=2464.11, stdev=963.22
    clat percentiles (usec):
     |  1.00th=[  293],  5.00th=[  947], 10.00th=[ 1762], 20.00th=[ 2040],
     | 30.00th=[ 2278], 40.00th=[ 2311], 50.00th=[ 2376], 60.00th=[ 2442],
     | 70.00th=[ 2474], 80.00th=[ 2507], 90.00th=[ 3359], 95.00th=[ 4817],
     | 99.00th=[ 5932], 99.50th=[ 6063], 99.90th=[ 6128], 99.95th=[ 6194],
     | 99.99th=[ 6194]
  lat (usec)   : 50=0.10%, 250=0.59%, 500=1.67%, 750=1.47%, 1000=1.47%
  lat (msec)   : 2=6.08%, 4=80.77%, 10=7.85%
  cpu          : usr=45.45%, sys=59.09%, ctx=0, majf=0, minf=1039
  IO depths    : 1=0.1%, 2=0.2%, 4=0.4%, 8=0.8%, 16=1.6%, 32=3.1%, >=64=93.8%
     submit    : 0=0.0%, 4=100.0%, 8=0.0%, 16=0.0%, 32=0.0%, 64=0.0%, >=64=0.0%
     complete  : 0=0.0%, 4=99.9%, 8=0.0%, 16=0.0%, 32=0.0%, 64=0.0%, >=64=0.1%
     issued rwts: total=1019,0,0,0 short=0,0,0,0 dropped=0,0,0,0
     latency   : target=0, window=0, percentile=100.00%, depth=128

Run status group 0 (all jobs):
   READ: bw=1385MiB/s (1452MB/s), 1385MiB/s-1385MiB/s (1452MB/s-1452MB/s), io=31.8MiB (33.4MB), run=23-23msec
