jobs1: (g=0): rw=randwrite, bs=(R) 128KiB-128KiB, (W) 128KiB-128KiB, (T) 128KiB-128KiB, ioengine=libaio, iodepth=128
...
fio-3.28
Starting 16 processes
jobs1: Laying out IO files (512 files / total 30720MiB)

jobs1: (groupid=0, jobs=16): err= 0: pid=1134597: Wed Jul 26 07:06:47 2023
  write: IOPS=7289, BW=911MiB/s (955MB/s)(30.0GiB/33715msec); 0 zone resets
    slat (usec): min=59, max=159701, avg=134.65, stdev=920.27
    clat (usec): min=3, max=596652, avg=17072.74, stdev=7504.60
     lat (usec): min=76, max=730012, avg=17207.57, stdev=7661.75
    clat percentiles (usec):
     |  1.00th=[ 9765],  5.00th=[ 9896], 10.00th=[10028], 20.00th=[10159],
     | 30.00th=[10421], 40.00th=[11338], 50.00th=[17957], 60.00th=[19792],
     | 70.00th=[21103], 80.00th=[22414], 90.00th=[25297], 95.00th=[28443],
     | 99.00th=[41681], 99.50th=[44827], 99.90th=[52691], 99.95th=[64750],
     | 99.99th=[76022]
   bw (  KiB/s): min=232960, max=1188352, per=100.00%, avg=947929.00, stdev=142208.77, samples=66
   iops        : min= 1820, max= 9284, avg=7405.62, stdev=1111.00, samples=66
  lat (usec)   : 4=0.01%, 100=0.01%, 250=0.01%, 500=0.01%, 750=0.01%
  lat (usec)   : 1000=0.01%
  lat (msec)   : 2=0.01%, 4=0.01%, 10=10.08%, 20=51.19%, 50=38.58%
  lat (msec)   : 100=0.13%, 250=0.01%, 500=0.01%, 750=0.01%
  cpu          : usr=6.18%, sys=56.82%, ctx=17790, majf=0, minf=46
  IO depths    : 1=0.1%, 2=0.1%, 4=0.1%, 8=0.1%, 16=0.1%, 32=0.1%, >=64=100.0%
     submit    : 0=0.0%, 4=100.0%, 8=0.0%, 16=0.0%, 32=0.0%, 64=0.0%, >=64=0.0%
     complete  : 0=0.0%, 4=100.0%, 8=0.0%, 16=0.0%, 32=0.0%, 64=0.0%, >=64=0.1%
     issued rwts: total=0,245760,0,0 short=0,0,0,0 dropped=0,0,0,0
     latency   : target=0, window=0, percentile=100.00%, depth=128

Run status group 0 (all jobs):
  WRITE: bw=911MiB/s (955MB/s), 911MiB/s-911MiB/s (955MB/s-955MB/s), io=30.0GiB (32.2GB), run=33715-33715msec
