jobs1: (g=0): rw=randwrite, bs=(R) 512KiB-512KiB, (W) 512KiB-512KiB, (T) 512KiB-512KiB, ioengine=libaio, iodepth=128
fio-3.28
Starting 1 process
jobs1: Laying out IO files (1024 files / total 30720MiB)
fio: pid=1193350, err=24/file:filesetup.c:805, func=open(/home/sevag/fuse_boc//f1018), error=Too many open files

jobs1: (groupid=0, jobs=1): err=24 (file:filesetup.c:805, func=open(/home/sevag/fuse_boc//f1018), error=Too many open files): pid=1193350: Wed Jul 26 10:38:05 2023
  write: IOPS=640, BW=320MiB/s (336MB/s)(510MiB/1592msec); 0 zone resets
    slat (usec): min=226, max=601253, avg=1406.12, stdev=19867.47
    clat (usec): min=105, max=250774, avg=94969.35, stdev=34133.67
     lat (usec): min=625, max=852029, avg=96376.01, stdev=41646.34
    clat percentiles (msec):
     |  1.00th=[   11],  5.00th=[   35], 10.00th=[   36], 20.00th=[   55],
     | 30.00th=[   91], 40.00th=[  107], 50.00th=[  110], 60.00th=[  113],
     | 70.00th=[  117], 80.00th=[  122], 90.00th=[  127], 95.00th=[  129],
     | 99.00th=[  136], 99.50th=[  138], 99.90th=[  138], 99.95th=[  251],
     | 99.99th=[  251]
   bw (  KiB/s): min=252928, max=564224, per=100.00%, avg=408576.00, stdev=220119.51, samples=2
   iops        : min=  494, max= 1102, avg=798.00, stdev=429.92, samples=2
  lat (usec)   : 250=0.10%, 1000=0.10%
  lat (msec)   : 2=0.10%, 4=0.10%, 10=0.59%, 20=0.88%, 50=17.27%
  lat (msec)   : 100=16.19%, 250=64.57%, 500=0.10%
  cpu          : usr=3.83%, sys=26.02%, ctx=1102, majf=0, minf=19
  IO depths    : 1=0.1%, 2=0.2%, 4=0.4%, 8=0.8%, 16=1.6%, 32=3.1%, >=64=93.8%
     submit    : 0=0.0%, 4=100.0%, 8=0.0%, 16=0.0%, 32=0.0%, 64=0.0%, >=64=0.0%
     complete  : 0=0.0%, 4=99.9%, 8=0.0%, 16=0.0%, 32=0.0%, 64=0.0%, >=64=0.1%
     issued rwts: total=0,1019,0,0 short=0,0,0,0 dropped=0,0,0,0
     latency   : target=0, window=0, percentile=100.00%, depth=128

Run status group 0 (all jobs):
  WRITE: bw=320MiB/s (336MB/s), 320MiB/s-320MiB/s (336MB/s-336MB/s), io=510MiB (534MB), run=1592-1592msec
