jobs1: (g=0): rw=randwrite, bs=(R) 4096B-4096B, (W) 4096B-4096B, (T) 4096B-4096B, ioengine=libaio, iodepth=128
...
fio-3.28
Starting 16 processes
jobs1: Laying out IO files (512 files / total 30720MiB)

jobs1: (groupid=0, jobs=16): err= 0: pid=951799: Wed Jul 26 04:51:21 2023
  write: IOPS=112k, BW=439MiB/s (460MB/s)(30.0GiB/70032msec); 0 zone resets
    slat (usec): min=2, max=123371, avg= 7.64, stdev=259.96
    clat (nsec): min=1672, max=133910k, avg=1129823.47, stdev=2859763.49
     lat (usec): min=5, max=133961, avg=1137.60, stdev=2870.98
    clat percentiles (usec):
     |  1.00th=[  474],  5.00th=[  482], 10.00th=[  490], 20.00th=[  523],
     | 30.00th=[  553], 40.00th=[  586], 50.00th=[  627], 60.00th=[  668],
     | 70.00th=[  717], 80.00th=[  766], 90.00th=[  898], 95.00th=[ 1106],
     | 99.00th=[18482], 99.50th=[19268], 99.90th=[20055], 99.95th=[20055],
     | 99.99th=[20317]
   bw (  KiB/s): min=351615, max=559064, per=99.83%, avg=448435.76, stdev=34189.77, samples=139
   iops        : min=87903, max=139766, avg=112108.96, stdev=8547.45, samples=139
  lat (usec)   : 2=0.01%, 10=0.01%, 20=0.01%, 50=0.01%, 100=0.01%
  lat (usec)   : 250=0.01%, 500=13.58%, 750=62.62%, 1000=17.32%
  lat (msec)   : 2=3.65%, 4=0.01%, 10=0.07%, 20=2.67%, 50=0.09%
  lat (msec)   : 250=0.01%
  cpu          : usr=14.30%, sys=42.99%, ctx=2327, majf=0, minf=39
  IO depths    : 1=0.1%, 2=0.1%, 4=0.1%, 8=0.1%, 16=0.1%, 32=0.1%, >=64=100.0%
     submit    : 0=0.0%, 4=100.0%, 8=0.0%, 16=0.0%, 32=0.0%, 64=0.0%, >=64=0.0%
     complete  : 0=0.0%, 4=100.0%, 8=0.0%, 16=0.0%, 32=0.0%, 64=0.0%, >=64=0.1%
     issued rwts: total=0,7864320,0,0 short=0,0,0,0 dropped=0,0,0,0
     latency   : target=0, window=0, percentile=100.00%, depth=128

Run status group 0 (all jobs):
  WRITE: bw=439MiB/s (460MB/s), 439MiB/s-439MiB/s (460MB/s-460MB/s), io=30.0GiB (32.2GB), run=70032-70032msec
