jobs1: (g=0): rw=randread, bs=(R) 512KiB-512KiB, (W) 512KiB-512KiB, (T) 512KiB-512KiB, ioengine=libaio, iodepth=128
...
fio-3.28
Starting 16 processes
jobs1: Laying out IO files (1024 files / total 30720MiB)
fio: pid=1201610, err=24/file:filesetup.c:805, func=open(/tmp/ssfs/home/sevag/fuse_ext4/f1014), error=Too many open files

jobs1: (groupid=0, jobs=16): err=24 (file:filesetup.c:805, func=open(/tmp/ssfs/home/sevag/fuse_ext4/f1014), error=Too many open files): pid=1201610: Wed Jul 26 11:07:02 2023
  read: IOPS=481, BW=241MiB/s (252MB/s)(508MiB/2108msec)
    slat (usec): min=1167, max=2536, avg=1572.95, stdev=194.21
    clat (usec): min=106, max=353022, avg=241915.78, stdev=55488.58
     lat (usec): min=1555, max=355561, avg=243490.29, stdev=55544.22
    clat percentiles (msec):
     |  1.00th=[   23],  5.00th=[  101], 10.00th=[  199], 20.00th=[  241],
     | 30.00th=[  247], 40.00th=[  253], 50.00th=[  253], 60.00th=[  255],
     | 70.00th=[  255], 80.00th=[  264], 90.00th=[  266], 95.00th=[  338],
     | 99.00th=[  351], 99.50th=[  351], 99.90th=[  355], 99.95th=[  355],
     | 99.99th=[  355]
   bw (  KiB/s): min=131378, max=257024, per=86.85%, avg=214118.00, stdev=71671.40, samples=3
   iops        : min=  256, max=  502, avg=418.00, stdev=140.33, samples=3
  lat (usec)   : 250=0.10%
  lat (msec)   : 10=0.30%, 20=0.49%, 50=1.58%, 100=2.56%, 250=30.94%
  lat (msec)   : 500=64.04%
  cpu          : usr=0.62%, sys=31.18%, ctx=5781, majf=0, minf=16435
  IO depths    : 1=0.1%, 2=0.2%, 4=0.4%, 8=0.8%, 16=1.6%, 32=3.2%, >=64=93.8%
     submit    : 0=0.0%, 4=100.0%, 8=0.0%, 16=0.0%, 32=0.0%, 64=0.0%, >=64=0.0%
     complete  : 0=0.0%, 4=99.9%, 8=0.0%, 16=0.0%, 32=0.0%, 64=0.0%, >=64=0.1%
     issued rwts: total=1015,0,0,0 short=0,0,0,0 dropped=0,0,0,0
     latency   : target=0, window=0, percentile=100.00%, depth=128

Run status group 0 (all jobs):
   READ: bw=241MiB/s (252MB/s), 241MiB/s-241MiB/s (252MB/s-252MB/s), io=508MiB (532MB), run=2108-2108msec
