jobs1: (g=0): rw=randread, bs=(R) 32.0KiB-32.0KiB, (W) 32.0KiB-32.0KiB, (T) 32.0KiB-32.0KiB, ioengine=libaio, iodepth=128
fio-3.28
Starting 1 process
jobs1: Laying out IO files (64 files / total 30720MiB)

jobs1: (groupid=0, jobs=1): err= 0: pid=487177: Tue Jul 25 22:41:41 2023
  read: IOPS=136k, BW=4257MiB/s (4464MB/s)(30.0GiB/7216msec)
    slat (nsec): min=4569, max=66170, avg=6721.70, stdev=1425.46
    clat (nsec): min=1442, max=6404.6k, avg=932008.42, stdev=154712.76
     lat (usec): min=8, max=6471, avg=938.79, stdev=155.85
    clat percentiles (usec):
     |  1.00th=[  857],  5.00th=[  857], 10.00th=[  857], 20.00th=[  865],
     | 30.00th=[  865], 40.00th=[  865], 50.00th=[  865], 60.00th=[  873],
     | 70.00th=[  873], 80.00th=[  873], 90.00th=[ 1254], 95.00th=[ 1254],
     | 99.00th=[ 1254], 99.50th=[ 1270], 99.90th=[ 1811], 99.95th=[ 2278],
     | 99.99th=[ 3294]
   bw (  MiB/s): min= 3070, max= 4594, per=99.77%, avg=4247.28, stdev=609.37, samples=14
   iops        : min=98246, max=147010, avg=135912.71, stdev=19499.87, samples=14
  lat (usec)   : 2=0.01%, 10=0.01%, 20=0.01%, 50=0.01%, 100=0.01%
  lat (usec)   : 250=0.01%, 500=0.01%, 750=0.01%, 1000=83.43%
  lat (msec)   : 2=16.49%, 4=0.06%, 10=0.01%
  cpu          : usr=7.42%, sys=92.57%, ctx=11, majf=0, minf=1035
  IO depths    : 1=0.1%, 2=0.1%, 4=0.1%, 8=0.1%, 16=0.1%, 32=0.1%, >=64=100.0%
     submit    : 0=0.0%, 4=100.0%, 8=0.0%, 16=0.0%, 32=0.0%, 64=0.0%, >=64=0.0%
     complete  : 0=0.0%, 4=100.0%, 8=0.0%, 16=0.0%, 32=0.0%, 64=0.0%, >=64=0.1%
     issued rwts: total=983040,0,0,0 short=0,0,0,0 dropped=0,0,0,0
     latency   : target=0, window=0, percentile=100.00%, depth=128

Run status group 0 (all jobs):
   READ: bw=4257MiB/s (4464MB/s), 4257MiB/s-4257MiB/s (4464MB/s-4464MB/s), io=30.0GiB (32.2GB), run=7216-7216msec
