jobs1: (g=0): rw=randread, bs=(R) 4096B-4096B, (W) 4096B-4096B, (T) 4096B-4096B, ioengine=libaio, iodepth=128
...
fio-3.28
Starting 32 processes
jobs1: Laying out IO file (1 file / 30720MiB)

jobs1: (groupid=0, jobs=32): err= 0: pid=158988: Tue Jul 25 18:31:17 2023
  read: IOPS=552k, BW=2155MiB/s (2260MB/s)(30.0GiB/14254msec)
    slat (nsec): min=728, max=33430, avg=1328.54, stdev=294.06
    clat (nsec): min=920, max=1134.5k, avg=230391.33, stdev=39900.45
     lat (nsec): min=1920, max=1156.3k, avg=231753.83, stdev=40147.14
    clat percentiles (usec):
     |  1.00th=[  208],  5.00th=[  217], 10.00th=[  219], 20.00th=[  219],
     | 30.00th=[  219], 40.00th=[  221], 50.00th=[  221], 60.00th=[  221],
     | 70.00th=[  223], 80.00th=[  223], 90.00th=[  225], 95.00th=[  375],
     | 99.00th=[  379], 99.50th=[  383], 99.90th=[  388], 99.95th=[  537],
     | 99.99th=[  709]
   bw (  MiB/s): min= 1317, max= 2311, per=100.00%, avg=2160.89, stdev=287.44, samples=28
   iops        : min=337292, max=591871, avg=553187.07, stdev=73584.76, samples=28
  lat (nsec)   : 1000=0.01%
  lat (usec)   : 4=0.01%, 10=0.01%, 20=0.01%, 50=0.01%, 100=0.01%
  lat (usec)   : 250=92.86%, 500=7.08%, 750=0.06%, 1000=0.01%
  lat (msec)   : 2=0.01%
  cpu          : usr=23.58%, sys=76.43%, ctx=26, majf=0, minf=202
  IO depths    : 1=0.1%, 2=0.1%, 4=0.1%, 8=0.1%, 16=0.1%, 32=0.1%, >=64=100.0%
     submit    : 0=0.0%, 4=100.0%, 8=0.0%, 16=0.0%, 32=0.0%, 64=0.0%, >=64=0.0%
     complete  : 0=0.0%, 4=100.0%, 8=0.0%, 16=0.0%, 32=0.0%, 64=0.0%, >=64=0.1%
     issued rwts: total=7864320,0,0,0 short=0,0,0,0 dropped=0,0,0,0
     latency   : target=0, window=0, percentile=100.00%, depth=128

Run status group 0 (all jobs):
   READ: bw=2155MiB/s (2260MB/s), 2155MiB/s-2155MiB/s (2260MB/s-2260MB/s), io=30.0GiB (32.2GB), run=14254-14254msec
