jobs1: (g=0): rw=randread, bs=(R) 512KiB-512KiB, (W) 512KiB-512KiB, (T) 512KiB-512KiB, ioengine=libaio, iodepth=128
fio-3.28
Starting 1 process
jobs1: Laying out IO files (1024 files / total 30720MiB)
fio: pid=1200914, err=24/file:filesetup.c:805, func=open(/home/sevag/tmpfs//f1018), error=Too many open files

jobs1: (groupid=0, jobs=1): err=24 (file:filesetup.c:805, func=open(/home/sevag/tmpfs//f1018), error=Too many open files): pid=1200914: Wed Jul 26 11:02:20 2023
  read: IOPS=5508, BW=2754MiB/s (2888MB/s)(510MiB/185msec)
    slat (usec): min=135, max=727, avg=176.12, stdev=102.95
    clat (usec): min=44, max=53438, avg=19101.71, stdev=6883.39
     lat (usec): min=189, max=54167, avg=19278.00, stdev=6969.67
    clat percentiles (usec):
     |  1.00th=[ 1582],  5.00th=[ 7439], 10.00th=[14877], 20.00th=[18482],
     | 30.00th=[18482], 40.00th=[18482], 50.00th=[18482], 60.00th=[18482],
     | 70.00th=[18744], 80.00th=[18744], 90.00th=[23200], 95.00th=[32900],
     | 99.00th=[47973], 99.50th=[50594], 99.90th=[52691], 99.95th=[53216],
     | 99.99th=[53216]
  lat (usec)   : 50=0.10%, 500=0.20%, 750=0.20%, 1000=0.10%
  lat (msec)   : 2=0.69%, 4=1.37%, 10=4.02%, 20=81.55%, 50=11.09%
  lat (msec)   : 100=0.69%
  cpu          : usr=0.00%, sys=99.46%, ctx=0, majf=0, minf=16403
  IO depths    : 1=0.1%, 2=0.2%, 4=0.4%, 8=0.8%, 16=1.6%, 32=3.1%, >=64=93.8%
     submit    : 0=0.0%, 4=100.0%, 8=0.0%, 16=0.0%, 32=0.0%, 64=0.0%, >=64=0.0%
     complete  : 0=0.0%, 4=99.9%, 8=0.0%, 16=0.0%, 32=0.0%, 64=0.0%, >=64=0.1%
     issued rwts: total=1019,0,0,0 short=0,0,0,0 dropped=0,0,0,0
     latency   : target=0, window=0, percentile=100.00%, depth=128

Run status group 0 (all jobs):
   READ: bw=2754MiB/s (2888MB/s), 2754MiB/s-2754MiB/s (2888MB/s-2888MB/s), io=510MiB (534MB), run=185-185msec
