jobs1: (g=0): rw=randwrite, bs=(R) 128KiB-128KiB, (W) 128KiB-128KiB, (T) 128KiB-128KiB, ioengine=libaio, iodepth=128
fio-3.28
Starting 1 process
jobs1: Laying out IO file (1 file / 30720MiB)

jobs1: (groupid=0, jobs=1): err= 0: pid=178386: Tue Jul 25 19:30:47 2023
  write: IOPS=41.0k, BW=5129MiB/s (5379MB/s)(30.0GiB/5989msec); 0 zone resets
    slat (nsec): min=18429, max=56689, avg=23730.94, stdev=6441.07
    clat (nsec): min=1065, max=5311.1k, avg=3093317.39, stdev=825030.87
     lat (usec): min=23, max=5363, avg=3117.11, stdev=831.40
    clat percentiles (usec):
     |  1.00th=[ 2704],  5.00th=[ 2704], 10.00th=[ 2704], 20.00th=[ 2737],
     | 30.00th=[ 2737], 40.00th=[ 2737], 50.00th=[ 2737], 60.00th=[ 2737],
     | 70.00th=[ 2737], 80.00th=[ 2737], 90.00th=[ 5014], 95.00th=[ 5080],
     | 99.00th=[ 5080], 99.50th=[ 5080], 99.90th=[ 5080], 99.95th=[ 5080],
     | 99.99th=[ 5080]
   bw (  MiB/s): min= 3147, max= 5816, per=98.81%, avg=5068.43, stdev=1219.11, samples=11
   iops        : min=25182, max=46532, avg=40547.45, stdev=9752.88, samples=11
  lat (usec)   : 2=0.01%, 50=0.01%, 100=0.01%, 250=0.01%, 500=0.01%
  lat (usec)   : 750=0.01%, 1000=0.01%
  lat (msec)   : 2=0.02%, 4=84.51%, 10=15.45%
  cpu          : usr=10.75%, sys=89.23%, ctx=5, majf=0, minf=11
  IO depths    : 1=0.1%, 2=0.1%, 4=0.1%, 8=0.1%, 16=0.1%, 32=0.1%, >=64=100.0%
     submit    : 0=0.0%, 4=100.0%, 8=0.0%, 16=0.0%, 32=0.0%, 64=0.0%, >=64=0.0%
     complete  : 0=0.0%, 4=100.0%, 8=0.0%, 16=0.0%, 32=0.0%, 64=0.0%, >=64=0.1%
     issued rwts: total=0,245760,0,0 short=0,0,0,0 dropped=0,0,0,0
     latency   : target=0, window=0, percentile=100.00%, depth=128

Run status group 0 (all jobs):
  WRITE: bw=5129MiB/s (5379MB/s), 5129MiB/s-5129MiB/s (5379MB/s-5379MB/s), io=30.0GiB (32.2GB), run=5989-5989msec
