jobs1: (g=0): rw=randread, bs=(R) 4096B-4096B, (W) 4096B-4096B, (T) 4096B-4096B, ioengine=libaio, iodepth=128
fio-3.28
Starting 1 process
jobs1: Laying out IO files (512 files / total 30720MiB)

jobs1: (groupid=0, jobs=1): err= 0: pid=1096436: Wed Jul 26 05:33:08 2023
  read: IOPS=474k, BW=1852MiB/s (1942MB/s)(30.0GiB/16585msec)
    slat (nsec): min=1007, max=28704, avg=1604.59, stdev=528.47
    clat (nsec): min=1161, max=2076.9k, avg=268030.28, stdev=47867.10
     lat (usec): min=2, max=2099, avg=269.67, stdev=48.16
    clat percentiles (usec):
     |  1.00th=[  247],  5.00th=[  251], 10.00th=[  253], 20.00th=[  255],
     | 30.00th=[  255], 40.00th=[  255], 50.00th=[  258], 60.00th=[  258],
     | 70.00th=[  260], 80.00th=[  260], 90.00th=[  262], 95.00th=[  429],
     | 99.00th=[  465], 99.50th=[  469], 99.90th=[  474], 99.95th=[  562],
     | 99.99th=[  824]
   bw (  MiB/s): min= 1077, max= 1988, per=99.99%, avg=1852.14, stdev=249.25, samples=33
   iops        : min=275728, max=508948, avg=474147.64, stdev=63807.64, samples=33
  lat (usec)   : 2=0.01%, 4=0.01%, 10=0.01%, 20=0.01%, 50=0.01%
  lat (usec)   : 100=0.01%, 250=2.56%, 500=97.39%, 750=0.03%, 1000=0.02%
  lat (msec)   : 2=0.01%, 4=0.01%
  cpu          : usr=22.87%, sys=77.13%, ctx=29, majf=0, minf=138
  IO depths    : 1=0.1%, 2=0.1%, 4=0.1%, 8=0.1%, 16=0.1%, 32=0.1%, >=64=100.0%
     submit    : 0=0.0%, 4=100.0%, 8=0.0%, 16=0.0%, 32=0.0%, 64=0.0%, >=64=0.0%
     complete  : 0=0.0%, 4=100.0%, 8=0.0%, 16=0.0%, 32=0.0%, 64=0.0%, >=64=0.1%
     issued rwts: total=7864320,0,0,0 short=0,0,0,0 dropped=0,0,0,0
     latency   : target=0, window=0, percentile=100.00%, depth=128

Run status group 0 (all jobs):
   READ: bw=1852MiB/s (1942MB/s), 1852MiB/s-1852MiB/s (1942MB/s-1942MB/s), io=30.0GiB (32.2GB), run=16585-16585msec
