jobs1: (g=0): rw=randread, bs=(R) 128KiB-128KiB, (W) 128KiB-128KiB, (T) 128KiB-128KiB, ioengine=libaio, iodepth=128
...
fio-3.28
Starting 16 processes
jobs1: Laying out IO file (1 file / 30720MiB)

jobs1: (groupid=0, jobs=16): err= 0: pid=187040: Tue Jul 25 20:01:12 2023
  read: IOPS=53.8k, BW=6721MiB/s (7047MB/s)(30.0GiB/4571msec)
    slat (usec): min=14, max=184, avg=18.00, stdev= 3.80
    clat (nsec): min=1148, max=17517k, avg=2357338.55, stdev=396630.99
     lat (usec): min=17, max=17703, avg=2375.37, stdev=400.16
    clat percentiles (usec):
     |  1.00th=[ 2147],  5.00th=[ 2147], 10.00th=[ 2147], 20.00th=[ 2147],
     | 30.00th=[ 2147], 40.00th=[ 2147], 50.00th=[ 2180], 60.00th=[ 2180],
     | 70.00th=[ 2180], 80.00th=[ 2933], 90.00th=[ 2933], 95.00th=[ 2933],
     | 99.00th=[ 2966], 99.50th=[ 2966], 99.90th=[ 3458], 99.95th=[ 4752],
     | 99.99th=[14746]
   bw (  MiB/s): min= 5229, max= 7361, per=99.64%, avg=6696.15, stdev=945.04, samples=8
   iops        : min=41833, max=58890, avg=53569.12, stdev=7560.40, samples=8
  lat (usec)   : 2=0.01%, 20=0.01%, 50=0.01%, 100=0.01%, 250=0.01%
  lat (usec)   : 500=0.01%, 750=0.01%, 1000=0.01%
  lat (msec)   : 2=0.02%, 4=99.88%, 10=0.04%, 20=0.03%
  cpu          : usr=2.87%, sys=97.13%, ctx=3, majf=0, minf=4138
  IO depths    : 1=0.1%, 2=0.1%, 4=0.1%, 8=0.1%, 16=0.1%, 32=0.1%, >=64=100.0%
     submit    : 0=0.0%, 4=100.0%, 8=0.0%, 16=0.0%, 32=0.0%, 64=0.0%, >=64=0.0%
     complete  : 0=0.0%, 4=100.0%, 8=0.0%, 16=0.0%, 32=0.0%, 64=0.0%, >=64=0.1%
     issued rwts: total=245760,0,0,0 short=0,0,0,0 dropped=0,0,0,0
     latency   : target=0, window=0, percentile=100.00%, depth=128

Run status group 0 (all jobs):
   READ: bw=6721MiB/s (7047MB/s), 6721MiB/s-6721MiB/s (7047MB/s-7047MB/s), io=30.0GiB (32.2GB), run=4571-4571msec
