jobs1: (g=0): rw=randwrite, bs=(R) 32.0KiB-32.0KiB, (W) 32.0KiB-32.0KiB, (T) 32.0KiB-32.0KiB, ioengine=libaio, iodepth=128
...
fio-3.28
Starting 16 processes
jobs1: Laying out IO files (128 files / total 30720MiB)

jobs1: (groupid=0, jobs=16): err= 0: pid=803509: Wed Jul 26 02:04:13 2023
  write: IOPS=46.4k, BW=1450MiB/s (1520MB/s)(30.0GiB/21192msec); 0 zone resets
    slat (usec): min=8, max=120783, avg=20.63, stdev=275.43
    clat (nsec): min=1688, max=174747k, avg=2716728.20, stdev=2665025.89
     lat (usec): min=12, max=174823, avg=2737.46, stdev=2680.22
    clat percentiles (usec):
     |  1.00th=[ 1352],  5.00th=[ 1434], 10.00th=[ 1500], 20.00th=[ 1647],
     | 30.00th=[ 1795], 40.00th=[ 1893], 50.00th=[ 2040], 60.00th=[ 2376],
     | 70.00th=[ 2409], 80.00th=[ 2442], 90.00th=[ 2540], 95.00th=[10945],
     | 99.00th=[13435], 99.50th=[14222], 99.90th=[20055], 99.95th=[20841],
     | 99.99th=[21103]
   bw (  MiB/s): min= 1140, max= 2253, per=99.58%, avg=1443.54, stdev=208.65, samples=42
   iops        : min=36483, max=72100, avg=46193.14, stdev=6676.74, samples=42
  lat (usec)   : 2=0.01%, 20=0.01%, 50=0.01%, 100=0.01%, 250=0.01%
  lat (usec)   : 500=0.01%, 750=0.01%, 1000=0.01%
  lat (msec)   : 2=48.21%, 4=44.99%, 10=0.44%, 20=6.26%, 50=0.09%
  lat (msec)   : 100=0.01%, 250=0.01%
  cpu          : usr=5.85%, sys=67.87%, ctx=682, majf=0, minf=52
  IO depths    : 1=0.1%, 2=0.1%, 4=0.1%, 8=0.1%, 16=0.1%, 32=0.1%, >=64=100.0%
     submit    : 0=0.0%, 4=100.0%, 8=0.0%, 16=0.0%, 32=0.0%, 64=0.0%, >=64=0.0%
     complete  : 0=0.0%, 4=100.0%, 8=0.0%, 16=0.0%, 32=0.0%, 64=0.0%, >=64=0.1%
     issued rwts: total=0,983040,0,0 short=0,0,0,0 dropped=0,0,0,0
     latency   : target=0, window=0, percentile=100.00%, depth=128

Run status group 0 (all jobs):
  WRITE: bw=1450MiB/s (1520MB/s), 1450MiB/s-1450MiB/s (1520MB/s-1520MB/s), io=30.0GiB (32.2GB), run=21192-21192msec
