jobs1: (g=0): rw=randwrite, bs=(R) 128KiB-128KiB, (W) 128KiB-128KiB, (T) 128KiB-128KiB, ioengine=libaio, iodepth=128
...
fio-3.28
Starting 16 processes
jobs1: Laying out IO files (1024 files / total 30720MiB)
fio: pid=1182812, err=24/file:filesetup.c:805, func=open(/tmp/ssfs/home/sevag/fuse_ext4/f1014), error=Too many open files

jobs1: (groupid=0, jobs=16): err=24 (file:filesetup.c:805, func=open(/tmp/ssfs/home/sevag/fuse_ext4/f1014), error=Too many open files): pid=1182812: Wed Jul 26 10:04:14 2023
  write: IOPS=1421, BW=178MiB/s (186MB/s)(127MiB/714msec); 0 zone resets
    slat (usec): min=109, max=159631, avg=458.66, stdev=6616.33
    clat (usec): min=113, max=271460, avg=43992.49, stdev=13090.72
     lat (usec): min=319, max=403890, avg=44451.62, stdev=17264.44
    clat percentiles (msec):
     |  1.00th=[    8],  5.00th=[   24], 10.00th=[   36], 20.00th=[   40],
     | 30.00th=[   41], 40.00th=[   42], 50.00th=[   45], 60.00th=[   46],
     | 70.00th=[   49], 80.00th=[   51], 90.00th=[   54], 95.00th=[   67],
     | 99.00th=[   72], 99.50th=[   72], 99.90th=[  112], 99.95th=[  271],
     | 99.99th=[  271]
   bw (  KiB/s): min=111833, max=111833, per=61.46%, avg=111833.00, stdev= 0.00, samples=1
   iops        : min=  873, max=  873, avg=873.00, stdev= 0.00, samples=1
  lat (usec)   : 250=0.10%
  lat (msec)   : 4=0.20%, 10=1.48%, 20=2.36%, 50=74.88%, 100=20.79%
  lat (msec)   : 250=0.10%, 500=0.10%
  cpu          : usr=0.70%, sys=23.42%, ctx=1092, majf=0, minf=44
  IO depths    : 1=0.1%, 2=0.2%, 4=0.4%, 8=0.8%, 16=1.6%, 32=3.2%, >=64=93.8%
     submit    : 0=0.0%, 4=100.0%, 8=0.0%, 16=0.0%, 32=0.0%, 64=0.0%, >=64=0.0%
     complete  : 0=0.0%, 4=99.9%, 8=0.0%, 16=0.0%, 32=0.0%, 64=0.0%, >=64=0.1%
     issued rwts: total=0,1015,0,0 short=0,0,0,0 dropped=0,0,0,0
     latency   : target=0, window=0, percentile=100.00%, depth=128

Run status group 0 (all jobs):
  WRITE: bw=178MiB/s (186MB/s), 178MiB/s-178MiB/s (186MB/s-186MB/s), io=127MiB (133MB), run=714-714msec
