jobs1: (g=0): rw=randread, bs=(R) 4096B-4096B, (W) 4096B-4096B, (T) 4096B-4096B, ioengine=libaio, iodepth=128
...
fio-3.28
Starting 16 processes
jobs1: Laying out IO files (512 files / total 30720MiB)

jobs1: (groupid=0, jobs=16): err= 0: pid=1097844: Wed Jul 26 05:51:50 2023
  read: IOPS=481k, BW=1880MiB/s (1972MB/s)(30.0GiB/16338msec)
    slat (nsec): min=963, max=35920, avg=1576.73, stdev=525.30
    clat (nsec): min=1142, max=2095.8k, avg=264038.02, stdev=47602.81
     lat (usec): min=3, max=2121, avg=265.65, stdev=47.90
    clat percentiles (usec):
     |  1.00th=[  243],  5.00th=[  247], 10.00th=[  249], 20.00th=[  249],
     | 30.00th=[  251], 40.00th=[  251], 50.00th=[  253], 60.00th=[  253],
     | 70.00th=[  255], 80.00th=[  255], 90.00th=[  260], 95.00th=[  441],
     | 99.00th=[  453], 99.50th=[  457], 99.90th=[  461], 99.95th=[  586],
     | 99.99th=[  758]
   bw (  MiB/s): min= 1097, max= 1992, per=99.95%, avg=1879.26, stdev=255.41, samples=32
   iops        : min=280975, max=510074, avg=481091.47, stdev=65384.22, samples=32
  lat (usec)   : 2=0.01%, 10=0.01%, 20=0.01%, 50=0.01%, 100=0.01%
  lat (usec)   : 250=23.81%, 500=76.13%, 750=0.05%, 1000=0.01%
  lat (msec)   : 2=0.01%, 4=0.01%
  cpu          : usr=22.62%, sys=77.38%, ctx=37, majf=0, minf=168
  IO depths    : 1=0.1%, 2=0.1%, 4=0.1%, 8=0.1%, 16=0.1%, 32=0.1%, >=64=100.0%
     submit    : 0=0.0%, 4=100.0%, 8=0.0%, 16=0.0%, 32=0.0%, 64=0.0%, >=64=0.0%
     complete  : 0=0.0%, 4=100.0%, 8=0.0%, 16=0.0%, 32=0.0%, 64=0.0%, >=64=0.1%
     issued rwts: total=7864320,0,0,0 short=0,0,0,0 dropped=0,0,0,0
     latency   : target=0, window=0, percentile=100.00%, depth=128

Run status group 0 (all jobs):
   READ: bw=1880MiB/s (1972MB/s), 1880MiB/s-1880MiB/s (1972MB/s-1972MB/s), io=30.0GiB (32.2GB), run=16338-16338msec
