jobs1: (g=0): rw=randwrite, bs=(R) 512KiB-512KiB, (W) 512KiB-512KiB, (T) 512KiB-512KiB, ioengine=libaio, iodepth=128
...
fio-3.28
Starting 32 processes
jobs1: Laying out IO file (1 file / 30720MiB)

jobs1: (groupid=0, jobs=32): err= 0: pid=193353: Tue Jul 25 20:17:22 2023
  write: IOPS=2767, BW=1384MiB/s (1451MB/s)(30.0GiB/22202msec); 0 zone resets
    slat (usec): min=165, max=583208, avg=359.66, stdev=2597.10
    clat (nsec): min=1911, max=384962k, avg=43967005.77, stdev=13107958.37
     lat (usec): min=176, max=968172, avg=44326.86, stdev=13705.47
    clat percentiles (usec):
     |  1.00th=[26346],  5.00th=[31589], 10.00th=[32637], 20.00th=[32900],
     | 30.00th=[33162], 40.00th=[34341], 50.00th=[36963], 60.00th=[45351],
     | 70.00th=[54789], 80.00th=[57410], 90.00th=[62129], 95.00th=[66847],
     | 99.00th=[72877], 99.50th=[74974], 99.90th=[80217], 99.95th=[81265],
     | 99.99th=[82314]
   bw (  MiB/s): min=  522, max= 1922, per=100.00%, avg=1425.52, stdev=395.63, samples=43
   iops        : min= 1044, max= 3844, avg=2850.98, stdev=791.26, samples=43
  lat (usec)   : 2=0.01%, 250=0.01%, 500=0.01%, 750=0.01%, 1000=0.01%
  lat (msec)   : 2=0.01%, 4=0.02%, 10=0.04%, 20=0.07%, 50=64.31%
  lat (msec)   : 100=35.54%, 500=0.01%
  cpu          : usr=6.24%, sys=83.11%, ctx=192, majf=0, minf=76
  IO depths    : 1=0.1%, 2=0.1%, 4=0.1%, 8=0.1%, 16=0.1%, 32=0.1%, >=64=99.9%
     submit    : 0=0.0%, 4=100.0%, 8=0.0%, 16=0.0%, 32=0.0%, 64=0.0%, >=64=0.0%
     complete  : 0=0.0%, 4=100.0%, 8=0.0%, 16=0.0%, 32=0.0%, 64=0.0%, >=64=0.1%
     issued rwts: total=0,61440,0,0 short=0,0,0,0 dropped=0,0,0,0
     latency   : target=0, window=0, percentile=100.00%, depth=128

Run status group 0 (all jobs):
  WRITE: bw=1384MiB/s (1451MB/s), 1384MiB/s-1384MiB/s (1451MB/s-1451MB/s), io=30.0GiB (32.2GB), run=22202-22202msec
