jobs1: (g=0): rw=randwrite, bs=(R) 512KiB-512KiB, (W) 512KiB-512KiB, (T) 512KiB-512KiB, ioengine=libaio, iodepth=128
...
fio-3.28
Starting 16 processes
jobs1: Laying out IO files (64 files / total 30720MiB)

jobs1: (groupid=0, jobs=16): err= 0: pid=516953: Tue Jul 25 23:56:49 2023
  write: IOPS=5840, BW=2920MiB/s (3062MB/s)(30.0GiB/10519msec); 0 zone resets
    slat (usec): min=142, max=853, avg=169.97, stdev=34.68
    clat (usec): min=2, max=43170, avg=21690.50, stdev=4280.81
     lat (usec): min=161, max=43433, avg=21860.61, stdev=4314.27
    clat percentiles (usec):
     |  1.00th=[19792],  5.00th=[19792], 10.00th=[19792], 20.00th=[19792],
     | 30.00th=[19792], 40.00th=[19792], 50.00th=[19792], 60.00th=[20055],
     | 70.00th=[20055], 80.00th=[20055], 90.00th=[31589], 95.00th=[31589],
     | 99.00th=[32113], 99.50th=[33424], 99.90th=[33817], 99.95th=[34341],
     | 99.99th=[41681]
   bw (  MiB/s): min= 1816, max= 3194, per=99.62%, avg=2909.41, stdev=512.02, samples=20
   iops        : min= 3632, max= 6388, avg=5818.70, stdev=1023.99, samples=20
  lat (usec)   : 4=0.01%, 250=0.01%, 500=0.01%, 750=0.01%, 1000=0.01%
  lat (msec)   : 2=0.01%, 4=0.02%, 10=0.06%, 20=79.42%, 50=20.47%
  cpu          : usr=9.32%, sys=90.69%, ctx=15, majf=0, minf=36
  IO depths    : 1=0.1%, 2=0.1%, 4=0.1%, 8=0.1%, 16=0.1%, 32=0.1%, >=64=99.9%
     submit    : 0=0.0%, 4=100.0%, 8=0.0%, 16=0.0%, 32=0.0%, 64=0.0%, >=64=0.0%
     complete  : 0=0.0%, 4=100.0%, 8=0.0%, 16=0.0%, 32=0.0%, 64=0.0%, >=64=0.1%
     issued rwts: total=0,61440,0,0 short=0,0,0,0 dropped=0,0,0,0
     latency   : target=0, window=0, percentile=100.00%, depth=128

Run status group 0 (all jobs):
  WRITE: bw=2920MiB/s (3062MB/s), 2920MiB/s-2920MiB/s (3062MB/s-3062MB/s), io=30.0GiB (32.2GB), run=10519-10519msec
