jobs1: (g=0): rw=randwrite, bs=(R) 32.0KiB-32.0KiB, (W) 32.0KiB-32.0KiB, (T) 32.0KiB-32.0KiB, ioengine=libaio, iodepth=128
...
fio-3.28
Starting 32 processes
jobs1: Laying out IO files (128 files / total 30720MiB)

jobs1: (groupid=0, jobs=32): err= 0: pid=809719: Wed Jul 26 02:09:39 2023
  write: IOPS=137k, BW=4267MiB/s (4475MB/s)(30.0GiB/7199msec); 0 zone resets
    slat (nsec): min=5022, max=33091, avg=6717.90, stdev=1588.53
    clat (nsec): min=1276, max=2916.2k, avg=930086.76, stdev=211299.05
     lat (usec): min=7, max=2943, avg=936.86, stdev=212.84
    clat percentiles (usec):
     |  1.00th=[  832],  5.00th=[  832], 10.00th=[  832], 20.00th=[  840],
     | 30.00th=[  840], 40.00th=[  840], 50.00th=[  840], 60.00th=[  840],
     | 70.00th=[  848], 80.00th=[  848], 90.00th=[ 1434], 95.00th=[ 1434],
     | 99.00th=[ 1434], 99.50th=[ 1450], 99.90th=[ 1614], 99.95th=[ 1696],
     | 99.99th=[ 2409]
   bw (  MiB/s): min= 2775, max= 4740, per=100.00%, avg=4272.13, stdev=819.31, samples=14
   iops        : min=88804, max=151708, avg=136708.29, stdev=26218.11, samples=14
  lat (usec)   : 2=0.01%, 10=0.01%, 20=0.01%, 50=0.01%, 100=0.01%
  lat (usec)   : 250=0.01%, 500=0.01%, 750=0.01%, 1000=84.19%
  lat (msec)   : 2=15.75%, 4=0.04%
  cpu          : usr=12.16%, sys=87.86%, ctx=5, majf=0, minf=76
  IO depths    : 1=0.1%, 2=0.1%, 4=0.1%, 8=0.1%, 16=0.1%, 32=0.1%, >=64=100.0%
     submit    : 0=0.0%, 4=100.0%, 8=0.0%, 16=0.0%, 32=0.0%, 64=0.0%, >=64=0.0%
     complete  : 0=0.0%, 4=100.0%, 8=0.0%, 16=0.0%, 32=0.0%, 64=0.0%, >=64=0.1%
     issued rwts: total=0,983040,0,0 short=0,0,0,0 dropped=0,0,0,0
     latency   : target=0, window=0, percentile=100.00%, depth=128

Run status group 0 (all jobs):
  WRITE: bw=4267MiB/s (4475MB/s), 4267MiB/s-4267MiB/s (4475MB/s-4475MB/s), io=30.0GiB (32.2GB), run=7199-7199msec
