jobs1: (g=0): rw=randread, bs=(R) 4096B-4096B, (W) 4096B-4096B, (T) 4096B-4096B, ioengine=libaio, iodepth=128
...
fio-3.28
Starting 32 processes
jobs1: Laying out IO files (1024 files / total 30720MiB)
fio: pid=1166356, err=24/file:filesetup.c:805, func=open(/home/sevag/tmpfs//f1018), error=Too many open files

jobs1: (groupid=0, jobs=32): err=24 (file:filesetup.c:805, func=open(/home/sevag/tmpfs//f1018), error=Too many open files): pid=1166356: Wed Jul 26 09:22:16 2023
  read: IOPS=72.8k, BW=284MiB/s (298MB/s)(4076KiB/14msec)
    slat (nsec): min=3217, max=30090, avg=5254.49, stdev=2212.88
    clat (usec): min=55, max=2067, avg=1521.90, stdev=343.38
     lat (usec): min=60, max=2093, avg=1527.33, stdev=344.34
    clat percentiles (usec):
     |  1.00th=[  277],  5.00th=[  685], 10.00th=[ 1205], 20.00th=[ 1287],
     | 30.00th=[ 1467], 40.00th=[ 1663], 50.00th=[ 1663], 60.00th=[ 1680],
     | 70.00th=[ 1680], 80.00th=[ 1680], 90.00th=[ 1762], 95.00th=[ 1909],
     | 99.00th=[ 2057], 99.50th=[ 2057], 99.90th=[ 2073], 99.95th=[ 2073],
     | 99.99th=[ 2073]
  lat (usec)   : 100=0.10%, 250=0.69%, 500=2.36%, 750=2.45%, 1000=2.45%
  lat (msec)   : 2=89.60%, 4=2.36%
  cpu          : usr=46.15%, sys=38.46%, ctx=0, majf=0, minf=208
  IO depths    : 1=0.1%, 2=0.2%, 4=0.4%, 8=0.8%, 16=1.6%, 32=3.1%, >=64=93.8%
     submit    : 0=0.0%, 4=100.0%, 8=0.0%, 16=0.0%, 32=0.0%, 64=0.0%, >=64=0.0%
     complete  : 0=0.0%, 4=99.9%, 8=0.0%, 16=0.0%, 32=0.0%, 64=0.0%, >=64=0.1%
     issued rwts: total=1019,0,0,0 short=0,0,0,0 dropped=0,0,0,0
     latency   : target=0, window=0, percentile=100.00%, depth=128

Run status group 0 (all jobs):
   READ: bw=284MiB/s (298MB/s), 284MiB/s-284MiB/s (298MB/s-298MB/s), io=4076KiB (4174kB), run=14-14msec
