jobs1: (g=0): rw=randwrite, bs=(R) 128KiB-128KiB, (W) 128KiB-128KiB, (T) 128KiB-128KiB, ioengine=libaio, iodepth=128
...
fio-3.28
Starting 32 processes
jobs1: Laying out IO files (64 files / total 30720MiB)

jobs1: (groupid=0, jobs=32): err= 0: pid=498323: Tue Jul 25 23:10:25 2023
  write: IOPS=17.5k, BW=2191MiB/s (2297MB/s)(30.0GiB/14023msec); 0 zone resets
    slat (usec): min=34, max=163758, avg=56.10, stdev=465.28
    clat (nsec): min=1782, max=252083k, avg=7060125.24, stdev=2750699.74
     lat (usec): min=50, max=382035, avg=7116.31, stdev=2865.23
    clat percentiles (usec):
     |  1.00th=[ 5604],  5.00th=[ 5669], 10.00th=[ 5735], 20.00th=[ 5735],
     | 30.00th=[ 5800], 40.00th=[ 5866], 50.00th=[ 5932], 60.00th=[ 5997],
     | 70.00th=[ 6259], 80.00th=[ 7832], 90.00th=[10159], 95.00th=[10421],
     | 99.00th=[18744], 99.50th=[21627], 99.90th=[24249], 99.95th=[28443],
     | 99.99th=[47449]
   bw (  MiB/s): min=  514, max= 2590, per=100.00%, avg=2198.34, stdev=553.65, samples=27
   iops        : min= 4119, max=20722, avg=17586.56, stdev=4429.28, samples=27
  lat (usec)   : 2=0.01%, 100=0.01%, 250=0.01%, 500=0.01%, 750=0.01%
  lat (usec)   : 1000=0.01%
  lat (msec)   : 2=0.01%, 4=0.02%, 10=83.21%, 20=16.02%, 50=0.73%
  lat (msec)   : 100=0.01%, 500=0.01%
  cpu          : usr=7.42%, sys=84.80%, ctx=1048, majf=0, minf=59
  IO depths    : 1=0.1%, 2=0.1%, 4=0.1%, 8=0.1%, 16=0.1%, 32=0.1%, >=64=100.0%
     submit    : 0=0.0%, 4=100.0%, 8=0.0%, 16=0.0%, 32=0.0%, 64=0.0%, >=64=0.0%
     complete  : 0=0.0%, 4=100.0%, 8=0.0%, 16=0.0%, 32=0.0%, 64=0.0%, >=64=0.1%
     issued rwts: total=0,245760,0,0 short=0,0,0,0 dropped=0,0,0,0
     latency   : target=0, window=0, percentile=100.00%, depth=128

Run status group 0 (all jobs):
  WRITE: bw=2191MiB/s (2297MB/s), 2191MiB/s-2191MiB/s (2297MB/s-2297MB/s), io=30.0GiB (32.2GB), run=14023-14023msec
