jobs1: (g=0): rw=randread, bs=(R) 4096B-4096B, (W) 4096B-4096B, (T) 4096B-4096B, ioengine=libaio, iodepth=128
...
fio-3.28
Starting 32 processes
jobs1: Laying out IO files (64 files / total 30720MiB)

jobs1: (groupid=0, jobs=32): err= 0: pid=465881: Tue Jul 25 22:00:41 2023
  read: IOPS=551k, BW=2154MiB/s (2258MB/s)(30.0GiB/14263msec)
    slat (nsec): min=782, max=28496, avg=1326.49, stdev=256.86
    clat (nsec): min=1209, max=1627.0k, avg=230534.07, stdev=33986.43
     lat (usec): min=2, max=1656, avg=231.89, stdev=34.19
    clat percentiles (usec):
     |  1.00th=[  212],  5.00th=[  219], 10.00th=[  221], 20.00th=[  221],
     | 30.00th=[  221], 40.00th=[  223], 50.00th=[  223], 60.00th=[  223],
     | 70.00th=[  223], 80.00th=[  225], 90.00th=[  227], 95.00th=[  338],
     | 99.00th=[  367], 99.50th=[  375], 99.90th=[  392], 99.95th=[  441],
     | 99.99th=[  709]
   bw (  MiB/s): min= 1386, max= 2276, per=99.97%, avg=2153.12, stdev=251.76, samples=28
   iops        : min=354926, max=582704, avg=551199.75, stdev=64450.76, samples=28
  lat (usec)   : 2=0.01%, 4=0.01%, 10=0.01%, 20=0.01%, 50=0.01%
  lat (usec)   : 100=0.01%, 250=93.01%, 500=6.94%, 750=0.05%, 1000=0.01%
  lat (msec)   : 2=0.01%
  cpu          : usr=24.31%, sys=75.69%, ctx=13, majf=0, minf=200
  IO depths    : 1=0.1%, 2=0.1%, 4=0.1%, 8=0.1%, 16=0.1%, 32=0.1%, >=64=100.0%
     submit    : 0=0.0%, 4=100.0%, 8=0.0%, 16=0.0%, 32=0.0%, 64=0.0%, >=64=0.0%
     complete  : 0=0.0%, 4=100.0%, 8=0.0%, 16=0.0%, 32=0.0%, 64=0.0%, >=64=0.1%
     issued rwts: total=7864320,0,0,0 short=0,0,0,0 dropped=0,0,0,0
     latency   : target=0, window=0, percentile=100.00%, depth=128

Run status group 0 (all jobs):
   READ: bw=2154MiB/s (2258MB/s), 2154MiB/s-2154MiB/s (2258MB/s-2258MB/s), io=30.0GiB (32.2GB), run=14263-14263msec
