jobs1: (g=0): rw=randwrite, bs=(R) 512KiB-512KiB, (W) 512KiB-512KiB, (T) 512KiB-512KiB, ioengine=libaio, iodepth=128
...
fio-3.28
Starting 16 processes
jobs1: Laying out IO files (64 files / total 30720MiB)

jobs1: (groupid=0, jobs=16): err= 0: pid=515916: Tue Jul 25 23:55:35 2023
  write: IOPS=3557, BW=1779MiB/s (1865MB/s)(30.0GiB/17271msec); 0 zone resets
    slat (usec): min=167, max=592235, avg=279.35, stdev=2576.44
    clat (usec): min=2, max=225760, avg=34065.98, stdev=7937.43
     lat (usec): min=233, max=817998, avg=34345.49, stdev=8575.86
    clat percentiles (usec):
     |  1.00th=[23725],  5.00th=[23987], 10.00th=[24511], 20.00th=[25822],
     | 30.00th=[29754], 40.00th=[30016], 50.00th=[33817], 60.00th=[34866],
     | 70.00th=[36439], 80.00th=[39060], 90.00th=[46400], 95.00th=[49546],
     | 99.00th=[54264], 99.50th=[59507], 99.90th=[71828], 99.95th=[72877],
     | 99.99th=[73925]
   bw (  MiB/s): min=  449, max= 2124, per=100.00%, avg=1837.50, stdev=367.91, samples=33
   iops        : min=  898, max= 4248, avg=3674.94, stdev=735.85, samples=33
  lat (usec)   : 4=0.01%, 250=0.01%, 500=0.01%, 750=0.01%, 1000=0.01%
  lat (msec)   : 2=0.01%, 20=0.06%, 50=95.16%, 100=4.77%, 250=0.01%
  cpu          : usr=6.58%, sys=71.92%, ctx=387, majf=0, minf=40
  IO depths    : 1=0.1%, 2=0.1%, 4=0.1%, 8=0.1%, 16=0.1%, 32=0.1%, >=64=99.9%
     submit    : 0=0.0%, 4=100.0%, 8=0.0%, 16=0.0%, 32=0.0%, 64=0.0%, >=64=0.0%
     complete  : 0=0.0%, 4=100.0%, 8=0.0%, 16=0.0%, 32=0.0%, 64=0.0%, >=64=0.1%
     issued rwts: total=0,61440,0,0 short=0,0,0,0 dropped=0,0,0,0
     latency   : target=0, window=0, percentile=100.00%, depth=128

Run status group 0 (all jobs):
  WRITE: bw=1779MiB/s (1865MB/s), 1779MiB/s-1779MiB/s (1865MB/s-1865MB/s), io=30.0GiB (32.2GB), run=17271-17271msec
