jobs1: (g=0): rw=randread, bs=(R) 4096B-4096B, (W) 4096B-4096B, (T) 4096B-4096B, ioengine=libaio, iodepth=128
...
fio-3.28
Starting 32 processes
jobs1: Laying out IO file (1 file / 30720MiB)

jobs1: (groupid=0, jobs=32): err= 0: pid=158623: Tue Jul 25 18:30:00 2023
  read: IOPS=6285, BW=24.6MiB/s (25.7MB/s)(2946MiB/120001msec)
    slat (usec): min=29, max=414, avg=153.84, stdev=52.76
    clat (usec): min=4, max=25505, avg=20207.55, stdev=3308.15
     lat (usec): min=148, max=25673, avg=20362.03, stdev=3331.56
    clat percentiles (usec):
     |  1.00th=[ 6652],  5.00th=[13566], 10.00th=[16581], 20.00th=[19268],
     | 30.00th=[20317], 40.00th=[20841], 50.00th=[21103], 60.00th=[21627],
     | 70.00th=[21890], 80.00th=[22152], 90.00th=[22676], 95.00th=[22938],
     | 99.00th=[23725], 99.50th=[23725], 99.90th=[24249], 99.95th=[24249],
     | 99.99th=[24773]
   bw (  KiB/s): min=22712, max=69563, per=100.00%, avg=25146.42, stdev=5230.45, samples=239
   iops        : min= 5678, max=17390, avg=6286.54, stdev=1307.60, samples=239
  lat (usec)   : 10=0.01%, 250=0.01%, 500=0.01%, 750=0.01%, 1000=0.01%
  lat (msec)   : 2=0.01%, 4=0.01%, 10=4.22%, 20=21.86%, 50=73.91%
  cpu          : usr=3.10%, sys=14.46%, ctx=754246, majf=1, minf=234
  IO depths    : 1=0.1%, 2=0.1%, 4=0.1%, 8=0.1%, 16=0.1%, 32=0.1%, >=64=100.0%
     submit    : 0=0.0%, 4=100.0%, 8=0.0%, 16=0.0%, 32=0.0%, 64=0.0%, >=64=0.0%
     complete  : 0=0.0%, 4=100.0%, 8=0.0%, 16=0.0%, 32=0.0%, 64=0.0%, >=64=0.1%
     issued rwts: total=754221,0,0,0 short=0,0,0,0 dropped=0,0,0,0
     latency   : target=0, window=0, percentile=100.00%, depth=128

Run status group 0 (all jobs):
   READ: bw=24.6MiB/s (25.7MB/s), 24.6MiB/s-24.6MiB/s (25.7MB/s-25.7MB/s), io=2946MiB (3089MB), run=120001-120001msec
