jobs1: (g=0): rw=randread, bs=(R) 512KiB-512KiB, (W) 512KiB-512KiB, (T) 512KiB-512KiB, ioengine=libaio, iodepth=128
fio-3.28
Starting 1 process
jobs1: Laying out IO files (512 files / total 30720MiB)

jobs1: (groupid=0, jobs=1): err= 0: pid=1151596: Wed Jul 26 08:25:47 2023
  read: IOPS=1823, BW=912MiB/s (956MB/s)(30.0GiB/33698msec)
    slat (usec): min=493, max=2296, avg=543.88, stdev=129.25
    clat (usec): min=4, max=250736, avg=69399.55, stdev=15796.32
     lat (usec): min=519, max=252343, avg=69943.90, stdev=15914.00
    clat percentiles (msec):
     |  1.00th=[   66],  5.00th=[   66], 10.00th=[   66], 20.00th=[   66],
     | 30.00th=[   67], 40.00th=[   67], 50.00th=[   67], 60.00th=[   67],
     | 70.00th=[   67], 80.00th=[   67], 90.00th=[   68], 95.00th=[   73],
     | 99.00th=[  148], 99.50th=[  182], 99.90th=[  224], 99.95th=[  236],
     | 99.99th=[  249]
   bw (  KiB/s): min=179200, max=987136, per=99.81%, avg=931687.16, stdev=159576.25, samples=67
   iops        : min=  350, max= 1928, avg=1819.70, stdev=311.67, samples=67
  lat (usec)   : 10=0.01%, 750=0.01%
  lat (msec)   : 2=0.01%, 4=0.01%, 10=0.02%, 20=0.03%, 50=0.09%
  lat (msec)   : 100=95.51%, 250=4.33%, 500=0.01%
  cpu          : usr=0.66%, sys=58.91%, ctx=246303, majf=0, minf=16398
  IO depths    : 1=0.1%, 2=0.1%, 4=0.1%, 8=0.1%, 16=0.1%, 32=0.1%, >=64=99.9%
     submit    : 0=0.0%, 4=100.0%, 8=0.0%, 16=0.0%, 32=0.0%, 64=0.0%, >=64=0.0%
     complete  : 0=0.0%, 4=100.0%, 8=0.0%, 16=0.0%, 32=0.0%, 64=0.0%, >=64=0.1%
     issued rwts: total=61440,0,0,0 short=0,0,0,0 dropped=0,0,0,0
     latency   : target=0, window=0, percentile=100.00%, depth=128

Run status group 0 (all jobs):
   READ: bw=912MiB/s (956MB/s), 912MiB/s-912MiB/s (956MB/s-956MB/s), io=30.0GiB (32.2GB), run=33698-33698msec
