jobs1: (g=0): rw=randwrite, bs=(R) 32.0KiB-32.0KiB, (W) 32.0KiB-32.0KiB, (T) 32.0KiB-32.0KiB, ioengine=libaio, iodepth=128
fio-3.28
Starting 1 process
jobs1: Laying out IO files (64 files / total 30720MiB)

jobs1: (groupid=0, jobs=1): err= 0: pid=471802: Tue Jul 25 22:11:52 2023
  write: IOPS=143k, BW=4457MiB/s (4673MB/s)(30.0GiB/6893msec); 0 zone resets
    slat (nsec): min=4693, max=36017, avg=6402.14, stdev=1714.06
    clat (nsec): min=1330, max=2702.5k, avg=890536.02, stdev=227513.27
     lat (usec): min=7, max=2730, avg=896.99, stdev=229.18
    clat percentiles (usec):
     |  1.00th=[  791],  5.00th=[  791], 10.00th=[  791], 20.00th=[  799],
     | 30.00th=[  799], 40.00th=[  799], 50.00th=[  799], 60.00th=[  799],
     | 70.00th=[  807], 80.00th=[  807], 90.00th=[ 1467], 95.00th=[ 1483],
     | 99.00th=[ 1483], 99.50th=[ 1483], 99.90th=[ 1500], 99.95th=[ 1762],
     | 99.99th=[ 2311]
   bw (  MiB/s): min= 2689, max= 4966, per=99.32%, avg=4426.30, stdev=983.67, samples=13
   iops        : min=86052, max=158928, avg=141641.54, stdev=31477.78, samples=13
  lat (usec)   : 2=0.01%, 10=0.01%, 20=0.01%, 50=0.01%, 100=0.01%
  lat (usec)   : 250=0.01%, 500=0.01%, 750=0.01%, 1000=86.36%
  lat (msec)   : 2=13.61%, 4=0.03%
  cpu          : usr=12.84%, sys=87.20%, ctx=7, majf=0, minf=12
  IO depths    : 1=0.1%, 2=0.1%, 4=0.1%, 8=0.1%, 16=0.1%, 32=0.1%, >=64=100.0%
     submit    : 0=0.0%, 4=100.0%, 8=0.0%, 16=0.0%, 32=0.0%, 64=0.0%, >=64=0.0%
     complete  : 0=0.0%, 4=100.0%, 8=0.0%, 16=0.0%, 32=0.0%, 64=0.0%, >=64=0.1%
     issued rwts: total=0,983040,0,0 short=0,0,0,0 dropped=0,0,0,0
     latency   : target=0, window=0, percentile=100.00%, depth=128

Run status group 0 (all jobs):
  WRITE: bw=4457MiB/s (4673MB/s), 4457MiB/s-4457MiB/s (4673MB/s-4673MB/s), io=30.0GiB (32.2GB), run=6893-6893msec
