jobs1: (g=0): rw=randread, bs=(R) 4096B-4096B, (W) 4096B-4096B, (T) 4096B-4096B, ioengine=libaio, iodepth=128
...
fio-3.28
Starting 16 processes
jobs1: Laying out IO files (64 files / total 30720MiB)

jobs1: (groupid=0, jobs=16): err= 0: pid=465970: Tue Jul 25 22:01:16 2023
  read: IOPS=500k, BW=1955MiB/s (2050MB/s)(30.0GiB/15716msec)
    slat (nsec): min=845, max=34244, avg=1507.08, stdev=508.00
    clat (nsec): min=1378, max=1738.6k, avg=253991.82, stdev=41429.36
     lat (usec): min=2, max=1771, avg=255.54, stdev=41.69
    clat percentiles (usec):
     |  1.00th=[  231],  5.00th=[  241], 10.00th=[  241], 20.00th=[  243],
     | 30.00th=[  243], 40.00th=[  243], 50.00th=[  245], 60.00th=[  245],
     | 70.00th=[  245], 80.00th=[  247], 90.00th=[  249], 95.00th=[  383],
     | 99.00th=[  424], 99.50th=[  424], 99.90th=[  429], 99.95th=[  562],
     | 99.99th=[  799]
   bw (  MiB/s): min= 1181, max= 2098, per=100.00%, avg=1958.95, stdev=246.64, samples=31
   iops        : min=302476, max=537206, avg=501491.29, stdev=63140.03, samples=31
  lat (usec)   : 2=0.01%, 4=0.01%, 10=0.01%, 20=0.01%, 50=0.01%
  lat (usec)   : 100=0.01%, 250=92.56%, 500=7.38%, 750=0.03%, 1000=0.03%
  lat (msec)   : 2=0.01%
  cpu          : usr=23.31%, sys=76.69%, ctx=26, majf=0, minf=183
  IO depths    : 1=0.1%, 2=0.1%, 4=0.1%, 8=0.1%, 16=0.1%, 32=0.1%, >=64=100.0%
     submit    : 0=0.0%, 4=100.0%, 8=0.0%, 16=0.0%, 32=0.0%, 64=0.0%, >=64=0.0%
     complete  : 0=0.0%, 4=100.0%, 8=0.0%, 16=0.0%, 32=0.0%, 64=0.0%, >=64=0.1%
     issued rwts: total=7864320,0,0,0 short=0,0,0,0 dropped=0,0,0,0
     latency   : target=0, window=0, percentile=100.00%, depth=128

Run status group 0 (all jobs):
   READ: bw=1955MiB/s (2050MB/s), 1955MiB/s-1955MiB/s (2050MB/s-2050MB/s), io=30.0GiB (32.2GB), run=15716-15716msec
