jobs1: (g=0): rw=randwrite, bs=(R) 512KiB-512KiB, (W) 512KiB-512KiB, (T) 512KiB-512KiB, ioengine=libaio, iodepth=128
...
fio-3.28
Starting 32 processes
jobs1: Laying out IO files (512 files / total 30720MiB)

jobs1: (groupid=0, jobs=32): err= 0: pid=1148693: Wed Jul 26 08:08:43 2023
  write: IOPS=8317, BW=4159MiB/s (4361MB/s)(30.0GiB/7387msec); 0 zone resets
    slat (usec): min=99, max=208, avg=119.02, stdev=15.56
    clat (usec): min=2, max=21601, avg=15247.05, stdev=1926.03
     lat (usec): min=109, max=21792, avg=15366.20, stdev=1940.36
    clat percentiles (usec):
     |  1.00th=[14222],  5.00th=[14353], 10.00th=[14353], 20.00th=[14353],
     | 30.00th=[14353], 40.00th=[14353], 50.00th=[14353], 60.00th=[14484],
     | 70.00th=[14484], 80.00th=[14615], 90.00th=[19268], 95.00th=[19268],
     | 99.00th=[20317], 99.50th=[21103], 99.90th=[21365], 99.95th=[21365],
     | 99.99th=[21627]
   bw (  MiB/s): min= 3093, max= 4412, per=99.68%, avg=4145.36, stdev=497.84, samples=14
   iops        : min= 6186, max= 8824, avg=8290.57, stdev=995.76, samples=14
  lat (usec)   : 4=0.01%, 250=0.01%, 500=0.01%, 750=0.01%, 1000=0.01%
  lat (msec)   : 2=0.01%, 4=0.03%, 10=0.09%, 20=98.46%, 50=1.40%
  cpu          : usr=13.10%, sys=86.90%, ctx=22, majf=0, minf=71
  IO depths    : 1=0.1%, 2=0.1%, 4=0.1%, 8=0.1%, 16=0.1%, 32=0.1%, >=64=99.9%
     submit    : 0=0.0%, 4=100.0%, 8=0.0%, 16=0.0%, 32=0.0%, 64=0.0%, >=64=0.0%
     complete  : 0=0.0%, 4=100.0%, 8=0.0%, 16=0.0%, 32=0.0%, 64=0.0%, >=64=0.1%
     issued rwts: total=0,61440,0,0 short=0,0,0,0 dropped=0,0,0,0
     latency   : target=0, window=0, percentile=100.00%, depth=128

Run status group 0 (all jobs):
  WRITE: bw=4159MiB/s (4361MB/s), 4159MiB/s-4159MiB/s (4361MB/s-4361MB/s), io=30.0GiB (32.2GB), run=7387-7387msec
