jobs1: (g=0): rw=randwrite, bs=(R) 128KiB-128KiB, (W) 128KiB-128KiB, (T) 128KiB-128KiB, ioengine=libaio, iodepth=128
fio-3.28
Starting 1 process
jobs1: Laying out IO file (1 file / 30720MiB)

jobs1: (groupid=0, jobs=1): err= 0: pid=177669: Tue Jul 25 19:29:38 2023
  write: IOPS=11.6k, BW=1455MiB/s (1525MB/s)(30.0GiB/21117msec); 0 zone resets
    slat (usec): min=33, max=160000, avg=85.01, stdev=710.70
    clat (usec): min=2, max=616638, avg=10537.82, stdev=4397.67
     lat (usec): min=47, max=745018, avg=10622.92, stdev=4661.08
    clat percentiles (usec):
     |  1.00th=[ 5014],  5.00th=[ 6915], 10.00th=[ 7767], 20.00th=[ 8029],
     | 30.00th=[ 8160], 40.00th=[ 8291], 50.00th=[ 8455], 60.00th=[ 9110],
     | 70.00th=[13304], 80.00th=[14091], 90.00th=[14484], 95.00th=[15664],
     | 99.00th=[27132], 99.50th=[28705], 99.90th=[31589], 99.95th=[32637],
     | 99.99th=[33817]
   bw (  MiB/s): min=  671, max= 2027, per=100.00%, avg=1487.90, stdev=404.37, samples=41
   iops        : min= 5372, max=16224, avg=11903.27, stdev=3235.05, samples=41
  lat (usec)   : 4=0.01%, 50=0.01%, 100=0.01%, 250=0.01%, 500=0.01%
  lat (usec)   : 750=0.01%, 1000=0.01%
  lat (msec)   : 2=0.01%, 4=0.01%, 10=65.86%, 20=30.77%, 50=3.33%
  lat (msec)   : 250=0.01%, 500=0.01%, 750=0.01%
  cpu          : usr=6.53%, sys=83.99%, ctx=181, majf=0, minf=13
  IO depths    : 1=0.1%, 2=0.1%, 4=0.1%, 8=0.1%, 16=0.1%, 32=0.1%, >=64=100.0%
     submit    : 0=0.0%, 4=100.0%, 8=0.0%, 16=0.0%, 32=0.0%, 64=0.0%, >=64=0.0%
     complete  : 0=0.0%, 4=100.0%, 8=0.0%, 16=0.0%, 32=0.0%, 64=0.0%, >=64=0.1%
     issued rwts: total=0,245760,0,0 short=0,0,0,0 dropped=0,0,0,0
     latency   : target=0, window=0, percentile=100.00%, depth=128

Run status group 0 (all jobs):
  WRITE: bw=1455MiB/s (1525MB/s), 1455MiB/s-1455MiB/s (1525MB/s-1525MB/s), io=30.0GiB (32.2GB), run=21117-21117msec
