jobs1: (g=0): rw=randwrite, bs=(R) 128KiB-128KiB, (W) 128KiB-128KiB, (T) 128KiB-128KiB, ioengine=libaio, iodepth=128
...
fio-3.28
Starting 16 processes
jobs1: Laying out IO files (1024 files / total 30720MiB)
fio: pid=1183469, err=24/file:filesetup.c:805, func=open(/home/sevag/tmpfs//f1018), error=Too many open files

jobs1: (groupid=0, jobs=16): err=24 (file:filesetup.c:805, func=open(/home/sevag/tmpfs//f1018), error=Too many open files): pid=1183469: Wed Jul 26 10:04:39 2023
  write: IOPS=25.5k, BW=3184MiB/s (3339MB/s)(127MiB/40msec); 0 zone resets
    slat (nsec): min=27912, max=79199, avg=34457.19, stdev=5436.15
    clat (usec): min=35, max=6355, avg=4528.72, stdev=1028.24
     lat (usec): min=71, max=6416, avg=4563.27, stdev=1031.01
    clat percentiles (usec):
     |  1.00th=[  482],  5.00th=[ 1958], 10.00th=[ 3785], 20.00th=[ 4490],
     | 30.00th=[ 4490], 40.00th=[ 4490], 50.00th=[ 4555], 60.00th=[ 4555],
     | 70.00th=[ 4686], 80.00th=[ 5211], 90.00th=[ 5538], 95.00th=[ 5800],
     | 99.00th=[ 6259], 99.50th=[ 6325], 99.90th=[ 6325], 99.95th=[ 6325],
     | 99.99th=[ 6325]
  lat (usec)   : 50=0.10%, 250=0.29%, 500=0.69%, 750=0.69%, 1000=0.69%
  lat (msec)   : 2=2.65%, 4=5.40%, 10=89.50%
  cpu          : usr=10.00%, sys=90.00%, ctx=1, majf=0, minf=44
  IO depths    : 1=0.1%, 2=0.2%, 4=0.4%, 8=0.8%, 16=1.6%, 32=3.1%, >=64=93.8%
     submit    : 0=0.0%, 4=100.0%, 8=0.0%, 16=0.0%, 32=0.0%, 64=0.0%, >=64=0.0%
     complete  : 0=0.0%, 4=99.9%, 8=0.0%, 16=0.0%, 32=0.0%, 64=0.0%, >=64=0.1%
     issued rwts: total=0,1019,0,0 short=0,0,0,0 dropped=0,0,0,0
     latency   : target=0, window=0, percentile=100.00%, depth=128

Run status group 0 (all jobs):
  WRITE: bw=3184MiB/s (3339MB/s), 3184MiB/s-3184MiB/s (3339MB/s-3339MB/s), io=127MiB (134MB), run=40-40msec
