jobs1: (g=0): rw=randwrite, bs=(R) 128KiB-128KiB, (W) 128KiB-128KiB, (T) 128KiB-128KiB, ioengine=libaio, iodepth=128
fio-3.28
Starting 1 process
jobs1: Laying out IO files (128 files / total 30720MiB)

jobs1: (groupid=0, jobs=1): err= 0: pid=829767: Wed Jul 26 02:57:23 2023
  write: IOPS=17.8k, BW=2227MiB/s (2335MB/s)(30.0GiB/13796msec); 0 zone resets
    slat (usec): min=34, max=159568, avg=55.19, stdev=464.41
    clat (nsec): min=1859, max=221559k, avg=6952141.67, stdev=2531003.50
     lat (usec): min=53, max=353679, avg=7007.42, stdev=2637.50
    clat percentiles (usec):
     |  1.00th=[ 5538],  5.00th=[ 5669], 10.00th=[ 5735], 20.00th=[ 5866],
     | 30.00th=[ 5932], 40.00th=[ 5932], 50.00th=[ 5997], 60.00th=[ 6128],
     | 70.00th=[ 6456], 80.00th=[ 7373], 90.00th=[ 9634], 95.00th=[10028],
     | 99.00th=[18220], 99.50th=[22676], 99.90th=[26608], 99.95th=[27132],
     | 99.99th=[29230]
   bw (  MiB/s): min=  412, max= 2722, per=99.90%, avg=2224.56, stdev=542.81, samples=27
   iops        : min= 3296, max=21782, avg=17796.44, stdev=4342.49, samples=27
  lat (usec)   : 2=0.01%, 100=0.01%, 250=0.01%, 500=0.01%, 750=0.01%
  lat (usec)   : 1000=0.01%
  lat (msec)   : 2=0.01%, 4=0.02%, 10=94.73%, 20=4.60%, 50=0.64%
  lat (msec)   : 100=0.01%, 250=0.01%
  cpu          : usr=7.76%, sys=84.48%, ctx=223, majf=0, minf=14
  IO depths    : 1=0.1%, 2=0.1%, 4=0.1%, 8=0.1%, 16=0.1%, 32=0.1%, >=64=100.0%
     submit    : 0=0.0%, 4=100.0%, 8=0.0%, 16=0.0%, 32=0.0%, 64=0.0%, >=64=0.0%
     complete  : 0=0.0%, 4=100.0%, 8=0.0%, 16=0.0%, 32=0.0%, 64=0.0%, >=64=0.1%
     issued rwts: total=0,245760,0,0 short=0,0,0,0 dropped=0,0,0,0
     latency   : target=0, window=0, percentile=100.00%, depth=128

Run status group 0 (all jobs):
  WRITE: bw=2227MiB/s (2335MB/s), 2227MiB/s-2227MiB/s (2335MB/s-2335MB/s), io=30.0GiB (32.2GB), run=13796-13796msec
