jobs1: (g=0): rw=randwrite, bs=(R) 32.0KiB-32.0KiB, (W) 32.0KiB-32.0KiB, (T) 32.0KiB-32.0KiB, ioengine=libaio, iodepth=128
...
fio-3.28
Starting 16 processes
jobs1: Laying out IO files (128 files / total 30720MiB)

jobs1: (groupid=0, jobs=16): err= 0: pid=806788: Wed Jul 26 02:05:54 2023
  write: IOPS=142k, BW=4429MiB/s (4644MB/s)(30.0GiB/6936msec); 0 zone resets
    slat (nsec): min=4698, max=36947, avg=6454.93, stdev=1746.03
    clat (nsec): min=1287, max=3210.6k, avg=896075.02, stdev=231456.69
     lat (usec): min=7, max=3240, avg=902.59, stdev=233.16
    clat percentiles (usec):
     |  1.00th=[  791],  5.00th=[  799], 10.00th=[  799], 20.00th=[  799],
     | 30.00th=[  799], 40.00th=[  799], 50.00th=[  807], 60.00th=[  807],
     | 70.00th=[  807], 80.00th=[  807], 90.00th=[ 1483], 95.00th=[ 1483],
     | 99.00th=[ 1483], 99.50th=[ 1500], 99.90th=[ 1614], 99.95th=[ 1745],
     | 99.99th=[ 2638]
   bw (  MiB/s): min= 2682, max= 4951, per=100.00%, avg=4465.60, stdev=918.58, samples=13
   iops        : min=85831, max=158448, avg=142899.31, stdev=29394.98, samples=13
  lat (usec)   : 2=0.01%, 10=0.01%, 20=0.01%, 50=0.01%, 100=0.01%
  lat (usec)   : 250=0.01%, 500=0.01%, 750=0.01%, 1000=85.97%
  lat (msec)   : 2=13.99%, 4=0.03%
  cpu          : usr=13.42%, sys=86.58%, ctx=7, majf=0, minf=41
  IO depths    : 1=0.1%, 2=0.1%, 4=0.1%, 8=0.1%, 16=0.1%, 32=0.1%, >=64=100.0%
     submit    : 0=0.0%, 4=100.0%, 8=0.0%, 16=0.0%, 32=0.0%, 64=0.0%, >=64=0.0%
     complete  : 0=0.0%, 4=100.0%, 8=0.0%, 16=0.0%, 32=0.0%, 64=0.0%, >=64=0.1%
     issued rwts: total=0,983040,0,0 short=0,0,0,0 dropped=0,0,0,0
     latency   : target=0, window=0, percentile=100.00%, depth=128

Run status group 0 (all jobs):
  WRITE: bw=4429MiB/s (4644MB/s), 4429MiB/s-4429MiB/s (4644MB/s-4644MB/s), io=30.0GiB (32.2GB), run=6936-6936msec
