jobs1: (g=0): rw=randwrite, bs=(R) 128KiB-128KiB, (W) 128KiB-128KiB, (T) 128KiB-128KiB, ioengine=libaio, iodepth=128
...
fio-3.28
Starting 32 processes
jobs1: Laying out IO file (1 file / 30720MiB)

jobs1: (groupid=0, jobs=32): err= 0: pid=181521: Tue Jul 25 19:36:50 2023
  write: IOPS=45.9k, BW=5735MiB/s (6013MB/s)(30.0GiB/5357msec); 0 zone resets
    slat (nsec): min=18530, max=51366, avg=21224.10, stdev=1184.68
    clat (nsec): min=1408, max=5294.1k, avg=2767137.36, stdev=98460.12
     lat (usec): min=24, max=5331, avg=2788.42, stdev=99.17
    clat percentiles (usec):
     |  1.00th=[ 2737],  5.00th=[ 2737], 10.00th=[ 2737], 20.00th=[ 2737],
     | 30.00th=[ 2737], 40.00th=[ 2769], 50.00th=[ 2769], 60.00th=[ 2769],
     | 70.00th=[ 2769], 80.00th=[ 2769], 90.00th=[ 2769], 95.00th=[ 2769],
     | 99.00th=[ 3032], 99.50th=[ 3163], 99.90th=[ 4146], 99.95th=[ 4948],
     | 99.99th=[ 5276]
   bw (  MiB/s): min= 5494, max= 5765, per=100.00%, avg=5735.76, stdev=84.93, samples=10
   iops        : min=43952, max=46126, avg=45886.00, stdev=679.72, samples=10
  lat (usec)   : 2=0.01%, 50=0.01%, 100=0.01%, 250=0.01%, 500=0.01%
  lat (usec)   : 750=0.01%, 1000=0.01%
  lat (msec)   : 2=0.02%, 4=99.84%, 10=0.13%
  cpu          : usr=10.83%, sys=89.15%, ctx=10, majf=0, minf=86
  IO depths    : 1=0.1%, 2=0.1%, 4=0.1%, 8=0.1%, 16=0.1%, 32=0.1%, >=64=100.0%
     submit    : 0=0.0%, 4=100.0%, 8=0.0%, 16=0.0%, 32=0.0%, 64=0.0%, >=64=0.0%
     complete  : 0=0.0%, 4=100.0%, 8=0.0%, 16=0.0%, 32=0.0%, 64=0.0%, >=64=0.1%
     issued rwts: total=0,245760,0,0 short=0,0,0,0 dropped=0,0,0,0
     latency   : target=0, window=0, percentile=100.00%, depth=128

Run status group 0 (all jobs):
  WRITE: bw=5735MiB/s (6013MB/s), 5735MiB/s-5735MiB/s (6013MB/s-6013MB/s), io=30.0GiB (32.2GB), run=5357-5357msec
