jobs1: (g=0): rw=randread, bs=(R) 512KiB-512KiB, (W) 512KiB-512KiB, (T) 512KiB-512KiB, ioengine=libaio, iodepth=128
...
fio-3.28
Starting 16 processes
jobs1: Laying out IO files (1024 files / total 30720MiB)
fio: pid=1201208, err=24/file:filesetup.c:805, func=open(/home/sevag/fuse_boc//f1018), error=Too many open files

jobs1: (groupid=0, jobs=16): err=24 (file:filesetup.c:805, func=open(/home/sevag/fuse_boc//f1018), error=Too many open files): pid=1201208: Wed Jul 26 11:03:49 2023
  read: IOPS=776, BW=388MiB/s (407MB/s)(510MiB/1312msec)
    slat (usec): min=719, max=2215, avg=1119.29, stdev=297.60
    clat (usec): min=105, max=234798, avg=148689.57, stdev=35713.36
     lat (usec): min=1112, max=236648, avg=149810.01, stdev=35822.07
    clat percentiles (msec):
     |  1.00th=[   13],  5.00th=[   59], 10.00th=[  121], 20.00th=[  150],
     | 30.00th=[  153], 40.00th=[  153], 50.00th=[  155], 60.00th=[  155],
     | 70.00th=[  157], 80.00th=[  157], 90.00th=[  174], 95.00th=[  203],
     | 99.00th=[  228], 99.50th=[  232], 99.90th=[  234], 99.95th=[  234],
     | 99.99th=[  234]
   bw (  KiB/s): min=265128, max=428032, per=87.16%, avg=346580.00, stdev=115190.52, samples=2
   iops        : min=  517, max=  836, avg=676.50, stdev=225.57, samples=2
  lat (usec)   : 250=0.10%
  lat (msec)   : 2=0.10%, 4=0.20%, 10=0.39%, 20=0.88%, 50=2.65%
  lat (msec)   : 100=4.02%, 250=91.66%
  cpu          : usr=0.84%, sys=45.46%, ctx=5101, majf=1, minf=16440
  IO depths    : 1=0.1%, 2=0.2%, 4=0.4%, 8=0.8%, 16=1.6%, 32=3.1%, >=64=93.8%
     submit    : 0=0.0%, 4=100.0%, 8=0.0%, 16=0.0%, 32=0.0%, 64=0.0%, >=64=0.0%
     complete  : 0=0.0%, 4=99.9%, 8=0.0%, 16=0.0%, 32=0.0%, 64=0.0%, >=64=0.1%
     issued rwts: total=1019,0,0,0 short=0,0,0,0 dropped=0,0,0,0
     latency   : target=0, window=0, percentile=100.00%, depth=128

Run status group 0 (all jobs):
   READ: bw=388MiB/s (407MB/s), 388MiB/s-388MiB/s (407MB/s-407MB/s), io=510MiB (534MB), run=1312-1312msec
