jobs1: (g=0): rw=randread, bs=(R) 128KiB-128KiB, (W) 128KiB-128KiB, (T) 128KiB-128KiB, ioengine=libaio, iodepth=128
...
fio-3.28
Starting 16 processes
jobs1: Laying out IO files (512 files / total 30720MiB)

jobs1: (groupid=0, jobs=16): err= 0: pid=1140768: Wed Jul 26 07:36:47 2023
  read: IOPS=7271, BW=909MiB/s (953MB/s)(30.0GiB/33800msec)
    slat (usec): min=119, max=746, avg=134.86, stdev=26.93
    clat (usec): min=3, max=68914, avg=17448.40, stdev=3113.93
     lat (usec): min=128, max=69662, avg=17583.59, stdev=3136.69
    clat percentiles (usec):
     |  1.00th=[16319],  5.00th=[16319], 10.00th=[16319], 20.00th=[16319],
     | 30.00th=[16450], 40.00th=[16581], 50.00th=[16712], 60.00th=[16909],
     | 70.00th=[16909], 80.00th=[16909], 90.00th=[17433], 95.00th=[25822],
     | 99.00th=[32375], 99.50th=[35390], 99.90th=[41681], 99.95th=[43779],
     | 99.99th=[61080]
   bw (  KiB/s): min=471813, max=984576, per=99.95%, avg=930178.87, stdev=126266.28, samples=67
   iops        : min= 3686, max= 7692, avg=7266.99, stdev=986.47, samples=67
  lat (usec)   : 4=0.01%, 250=0.01%, 500=0.01%, 750=0.01%, 1000=0.01%
  lat (msec)   : 2=0.01%, 4=0.01%, 10=0.02%, 20=93.97%, 50=5.97%
  lat (msec)   : 100=0.03%
  cpu          : usr=1.71%, sys=58.34%, ctx=246306, majf=0, minf=4136
  IO depths    : 1=0.1%, 2=0.1%, 4=0.1%, 8=0.1%, 16=0.1%, 32=0.1%, >=64=100.0%
     submit    : 0=0.0%, 4=100.0%, 8=0.0%, 16=0.0%, 32=0.0%, 64=0.0%, >=64=0.0%
     complete  : 0=0.0%, 4=100.0%, 8=0.0%, 16=0.0%, 32=0.0%, 64=0.0%, >=64=0.1%
     issued rwts: total=245760,0,0,0 short=0,0,0,0 dropped=0,0,0,0
     latency   : target=0, window=0, percentile=100.00%, depth=128

Run status group 0 (all jobs):
   READ: bw=909MiB/s (953MB/s), 909MiB/s-909MiB/s (953MB/s-953MB/s), io=30.0GiB (32.2GB), run=33800-33800msec
