jobs1: (g=0): rw=randwrite, bs=(R) 512KiB-512KiB, (W) 512KiB-512KiB, (T) 512KiB-512KiB, ioengine=libaio, iodepth=128
fio-3.28
Starting 1 process
jobs1: Laying out IO files (64 files / total 30720MiB)

jobs1: (groupid=0, jobs=1): err= 0: pid=515671: Tue Jul 25 23:54:37 2023
  write: IOPS=8338, BW=4169MiB/s (4372MB/s)(30.0GiB/7368msec); 0 zone resets
    slat (usec): min=96, max=192, avg=118.84, stdev=20.18
    clat (usec): min=2, max=22381, avg=15209.01, stdev=2527.27
     lat (usec): min=106, max=22559, avg=15327.97, stdev=2546.49
    clat percentiles (usec):
     |  1.00th=[14091],  5.00th=[14091], 10.00th=[14091], 20.00th=[14222],
     | 30.00th=[14222], 40.00th=[14222], 50.00th=[14222], 60.00th=[14222],
     | 70.00th=[14222], 80.00th=[14353], 90.00th=[20841], 95.00th=[21890],
     | 99.00th=[22152], 99.50th=[22152], 99.90th=[22414], 99.95th=[22414],
     | 99.99th=[22414]
   bw (  MiB/s): min= 2932, max= 4477, per=99.46%, avg=4147.00, stdev=641.11, samples=14
   iops        : min= 5864, max= 8954, avg=8294.00, stdev=1282.23, samples=14
  lat (usec)   : 4=0.01%, 250=0.01%, 500=0.01%, 750=0.01%, 1000=0.01%
  lat (msec)   : 2=0.01%, 4=0.03%, 10=0.09%, 20=86.74%, 50=13.12%
  cpu          : usr=13.52%, sys=86.48%, ctx=5, majf=0, minf=11
  IO depths    : 1=0.1%, 2=0.1%, 4=0.1%, 8=0.1%, 16=0.1%, 32=0.1%, >=64=99.9%
     submit    : 0=0.0%, 4=100.0%, 8=0.0%, 16=0.0%, 32=0.0%, 64=0.0%, >=64=0.0%
     complete  : 0=0.0%, 4=100.0%, 8=0.0%, 16=0.0%, 32=0.0%, 64=0.0%, >=64=0.1%
     issued rwts: total=0,61440,0,0 short=0,0,0,0 dropped=0,0,0,0
     latency   : target=0, window=0, percentile=100.00%, depth=128

Run status group 0 (all jobs):
  WRITE: bw=4169MiB/s (4372MB/s), 4169MiB/s-4169MiB/s (4372MB/s-4372MB/s), io=30.0GiB (32.2GB), run=7368-7368msec
