jobs1: (g=0): rw=randwrite, bs=(R) 32.0KiB-32.0KiB, (W) 32.0KiB-32.0KiB, (T) 32.0KiB-32.0KiB, ioengine=libaio, iodepth=128
fio-3.28
Starting 1 process
jobs1: Laying out IO file (1 file / 30720MiB)

jobs1: (groupid=0, jobs=1): err= 0: pid=163801: Tue Jul 25 18:41:57 2023
  write: IOPS=99.2k, BW=3101MiB/s (3252MB/s)(30.0GiB/9905msec); 0 zone resets
    slat (nsec): min=6711, max=54052, avg=9461.44, stdev=2572.63
    clat (nsec): min=1053, max=3856.7k, avg=1279549.08, stdev=324583.51
     lat (usec): min=9, max=3899, avg=1289.08, stdev=327.03
    clat percentiles (usec):
     |  1.00th=[ 1139],  5.00th=[ 1139], 10.00th=[ 1139], 20.00th=[ 1156],
     | 30.00th=[ 1156], 40.00th=[ 1156], 50.00th=[ 1156], 60.00th=[ 1156],
     | 70.00th=[ 1156], 80.00th=[ 1156], 90.00th=[ 2114], 95.00th=[ 2114],
     | 99.00th=[ 2114], 99.50th=[ 2147], 99.90th=[ 2180], 99.95th=[ 2704],
     | 99.99th=[ 3490]
   bw (  MiB/s): min= 1839, max= 3451, per=99.54%, avg=3087.19, stdev=653.92, samples=19
   iops        : min=58872, max=110436, avg=98790.21, stdev=20925.59, samples=19
  lat (usec)   : 2=0.01%, 10=0.01%, 20=0.01%, 50=0.01%, 100=0.01%
  lat (usec)   : 250=0.01%, 500=0.01%, 750=0.01%, 1000=0.01%
  lat (msec)   : 2=87.18%, 4=12.81%
  cpu          : usr=10.12%, sys=89.87%, ctx=12, majf=0, minf=11
  IO depths    : 1=0.1%, 2=0.1%, 4=0.1%, 8=0.1%, 16=0.1%, 32=0.1%, >=64=100.0%
     submit    : 0=0.0%, 4=100.0%, 8=0.0%, 16=0.0%, 32=0.0%, 64=0.0%, >=64=0.0%
     complete  : 0=0.0%, 4=100.0%, 8=0.0%, 16=0.0%, 32=0.0%, 64=0.0%, >=64=0.1%
     issued rwts: total=0,983040,0,0 short=0,0,0,0 dropped=0,0,0,0
     latency   : target=0, window=0, percentile=100.00%, depth=128

Run status group 0 (all jobs):
  WRITE: bw=3101MiB/s (3252MB/s), 3101MiB/s-3101MiB/s (3252MB/s-3252MB/s), io=30.0GiB (32.2GB), run=9905-9905msec
