jobs1: (g=0): rw=randread, bs=(R) 4096B-4096B, (W) 4096B-4096B, (T) 4096B-4096B, ioengine=libaio, iodepth=128
...
fio-3.28
Starting 16 processes
jobs1: Laying out IO files (512 files / total 30720MiB)

jobs1: (groupid=0, jobs=16): err= 0: pid=1096653: Wed Jul 26 05:36:34 2023
  read: IOPS=74.2k, BW=290MiB/s (304MB/s)(30.0GiB/105929msec)
    slat (usec): min=8, max=216, avg=12.77, stdev= 1.94
    clat (nsec): min=1299, max=13269k, avg=1710785.98, stdev=252583.69
     lat (usec): min=12, max=13488, avg=1723.63, stdev=254.36
    clat percentiles (usec):
     |  1.00th=[ 1582],  5.00th=[ 1598], 10.00th=[ 1598], 20.00th=[ 1614],
     | 30.00th=[ 1631], 40.00th=[ 1647], 50.00th=[ 1647], 60.00th=[ 1663],
     | 70.00th=[ 1696], 80.00th=[ 1713], 90.00th=[ 1876], 95.00th=[ 1909],
     | 99.00th=[ 3195], 99.50th=[ 3884], 99.90th=[ 3916], 99.95th=[ 3949],
     | 99.99th=[ 4080]
   bw (  KiB/s): min=123766, max=319568, per=100.00%, avg=297272.00, stdev=27484.08, samples=211
   iops        : min=30943, max=79892, avg=74317.98, stdev=6871.03, samples=211
  lat (usec)   : 2=0.01%, 20=0.01%, 50=0.01%, 100=0.01%, 250=0.01%
  lat (usec)   : 500=0.01%, 750=0.01%, 1000=0.01%
  lat (msec)   : 2=96.05%, 4=3.92%, 10=0.03%, 20=0.01%
  cpu          : usr=5.71%, sys=33.28%, ctx=7864888, majf=0, minf=168
  IO depths    : 1=0.1%, 2=0.1%, 4=0.1%, 8=0.1%, 16=0.1%, 32=0.1%, >=64=100.0%
     submit    : 0=0.0%, 4=100.0%, 8=0.0%, 16=0.0%, 32=0.0%, 64=0.0%, >=64=0.0%
     complete  : 0=0.0%, 4=100.0%, 8=0.0%, 16=0.0%, 32=0.0%, 64=0.0%, >=64=0.1%
     issued rwts: total=7864320,0,0,0 short=0,0,0,0 dropped=0,0,0,0
     latency   : target=0, window=0, percentile=100.00%, depth=128

Run status group 0 (all jobs):
   READ: bw=290MiB/s (304MB/s), 290MiB/s-290MiB/s (304MB/s-304MB/s), io=30.0GiB (32.2GB), run=105929-105929msec
