jobs1: (g=0): rw=randwrite, bs=(R) 4096B-4096B, (W) 4096B-4096B, (T) 4096B-4096B, ioengine=libaio, iodepth=128
...
fio-3.28
Starting 32 processes
jobs1: Laying out IO files (64 files / total 30720MiB)

jobs1: (groupid=0, jobs=32): err= 0: pid=455228: Tue Jul 25 21:13:16 2023
  write: IOPS=460k, BW=1799MiB/s (1886MB/s)(30.0GiB/17079msec); 0 zone resets
    slat (nsec): min=1204, max=128601, avg=1632.44, stdev=337.66
    clat (nsec): min=1213, max=1628.4k, avg=276014.81, stdev=16197.72
     lat (usec): min=2, max=1663, avg=277.71, stdev=16.30
    clat percentiles (usec):
     |  1.00th=[  269],  5.00th=[  273], 10.00th=[  273], 20.00th=[  273],
     | 30.00th=[  273], 40.00th=[  277], 50.00th=[  277], 60.00th=[  277],
     | 70.00th=[  277], 80.00th=[  277], 90.00th=[  277], 95.00th=[  281],
     | 99.00th=[  289], 99.50th=[  343], 99.90th=[  429], 99.95th=[  603],
     | 99.99th=[ 1090]
   bw (  MiB/s): min= 1623, max= 1816, per=100.00%, avg=1799.54, stdev=31.89, samples=33
   iops        : min=415728, max=464964, avg=460682.06, stdev=8163.35, samples=33
  lat (usec)   : 2=0.01%, 4=0.01%, 10=0.01%, 20=0.01%, 50=0.01%
  lat (usec)   : 100=0.01%, 250=0.01%, 500=99.93%, 750=0.03%, 1000=0.02%
  lat (msec)   : 2=0.01%
  cpu          : usr=25.00%, sys=74.99%, ctx=27, majf=0, minf=68
  IO depths    : 1=0.1%, 2=0.1%, 4=0.1%, 8=0.1%, 16=0.1%, 32=0.1%, >=64=100.0%
     submit    : 0=0.0%, 4=100.0%, 8=0.0%, 16=0.0%, 32=0.0%, 64=0.0%, >=64=0.0%
     complete  : 0=0.0%, 4=100.0%, 8=0.0%, 16=0.0%, 32=0.0%, 64=0.0%, >=64=0.1%
     issued rwts: total=0,7864320,0,0 short=0,0,0,0 dropped=0,0,0,0
     latency   : target=0, window=0, percentile=100.00%, depth=128

Run status group 0 (all jobs):
  WRITE: bw=1799MiB/s (1886MB/s), 1799MiB/s-1799MiB/s (1886MB/s-1886MB/s), io=30.0GiB (32.2GB), run=17079-17079msec
