jobs1: (g=0): rw=randwrite, bs=(R) 4096B-4096B, (W) 4096B-4096B, (T) 4096B-4096B, ioengine=libaio, iodepth=128
fio-3.28
Starting 1 process
jobs1: Laying out IO file (1 file / 30720MiB)

jobs1: (groupid=0, jobs=1): err= 0: pid=27495: Tue Jul 25 17:38:08 2023
  write: IOPS=249k, BW=971MiB/s (1018MB/s)(30.0GiB/31641msec); 0 zone resets
    slat (nsec): min=1431, max=133001k, avg=3301.03, stdev=77041.89
    clat (nsec): min=1708, max=413733k, avg=507359.51, stdev=1096369.59
     lat (usec): min=5, max=413746, avg=510.74, stdev=1107.34
    clat percentiles (usec):
     |  1.00th=[  306],  5.00th=[  363], 10.00th=[  367], 20.00th=[  404],
     | 30.00th=[  449], 40.00th=[  482], 50.00th=[  498], 60.00th=[  506],
     | 70.00th=[  515], 80.00th=[  529], 90.00th=[  578], 95.00th=[  603],
     | 99.00th=[  660], 99.50th=[  701], 99.90th=[11469], 99.95th=[14353],
     | 99.99th=[18220]
   bw (  KiB/s): min=142256, max=1291760, per=100.00%, avg=994232.13, stdev=155714.43, samples=63
   iops        : min=35564, max=322940, avg=248558.06, stdev=38928.60, samples=63
  lat (usec)   : 2=0.01%, 10=0.01%, 20=0.01%, 50=0.01%, 100=0.01%
  lat (usec)   : 250=0.01%, 500=53.16%, 750=46.45%, 1000=0.15%
  lat (msec)   : 2=0.03%, 10=0.04%, 20=0.16%, 50=0.01%, 100=0.01%
  lat (msec)   : 250=0.01%, 500=0.01%
  cpu          : usr=17.49%, sys=76.58%, ctx=206, majf=0, minf=14
  IO depths    : 1=0.1%, 2=0.1%, 4=0.1%, 8=0.1%, 16=0.1%, 32=0.1%, >=64=100.0%
     submit    : 0=0.0%, 4=100.0%, 8=0.0%, 16=0.0%, 32=0.0%, 64=0.0%, >=64=0.0%
     complete  : 0=0.0%, 4=100.0%, 8=0.0%, 16=0.0%, 32=0.0%, 64=0.0%, >=64=0.1%
     issued rwts: total=0,7864320,0,0 short=0,0,0,0 dropped=0,0,0,0
     latency   : target=0, window=0, percentile=100.00%, depth=128

Run status group 0 (all jobs):
  WRITE: bw=971MiB/s (1018MB/s), 971MiB/s-971MiB/s (1018MB/s-1018MB/s), io=30.0GiB (32.2GB), run=31641-31641msec
