jobs1: (g=0): rw=randread, bs=(R) 4096B-4096B, (W) 4096B-4096B, (T) 4096B-4096B, ioengine=libaio, iodepth=128
fio-3.28
Starting 1 process
jobs1: Laying out IO files (128 files / total 30720MiB)

jobs1: (groupid=0, jobs=1): err= 0: pid=790344: Wed Jul 26 01:22:13 2023
  read: IOPS=74.1k, BW=289MiB/s (304MB/s)(30.0GiB/106124msec)
    slat (usec): min=8, max=534, avg=12.79, stdev= 2.22
    clat (nsec): min=1360, max=14156k, avg=1713924.78, stdev=288873.40
     lat (usec): min=12, max=14384, avg=1726.79, stdev=290.96
    clat percentiles (usec):
     |  1.00th=[ 1582],  5.00th=[ 1582], 10.00th=[ 1598], 20.00th=[ 1598],
     | 30.00th=[ 1614], 40.00th=[ 1631], 50.00th=[ 1631], 60.00th=[ 1647],
     | 70.00th=[ 1663], 80.00th=[ 1827], 90.00th=[ 1893], 95.00th=[ 1926],
     | 99.00th=[ 3884], 99.50th=[ 3916], 99.90th=[ 4113], 99.95th=[ 4359],
     | 99.99th=[ 4817]
   bw (  KiB/s): min=118296, max=331104, per=100.00%, avg=296490.91, stdev=33447.47, samples=212
   iops        : min=29574, max=82776, avg=74122.74, stdev=8361.86, samples=212
  lat (usec)   : 2=0.01%, 20=0.01%, 50=0.01%, 100=0.01%, 250=0.01%
  lat (usec)   : 500=0.01%, 750=0.01%, 1000=0.01%
  lat (msec)   : 2=96.07%, 4=3.65%, 10=0.28%, 20=0.01%
  cpu          : usr=5.81%, sys=33.33%, ctx=7864506, majf=0, minf=139
  IO depths    : 1=0.1%, 2=0.1%, 4=0.1%, 8=0.1%, 16=0.1%, 32=0.1%, >=64=100.0%
     submit    : 0=0.0%, 4=100.0%, 8=0.0%, 16=0.0%, 32=0.0%, 64=0.0%, >=64=0.0%
     complete  : 0=0.0%, 4=100.0%, 8=0.0%, 16=0.0%, 32=0.0%, 64=0.0%, >=64=0.1%
     issued rwts: total=7864320,0,0,0 short=0,0,0,0 dropped=0,0,0,0
     latency   : target=0, window=0, percentile=100.00%, depth=128

Run status group 0 (all jobs):
   READ: bw=289MiB/s (304MB/s), 289MiB/s-289MiB/s (304MB/s-304MB/s), io=30.0GiB (32.2GB), run=106124-106124msec
