jobs1: (g=0): rw=randwrite, bs=(R) 32.0KiB-32.0KiB, (W) 32.0KiB-32.0KiB, (T) 32.0KiB-32.0KiB, ioengine=libaio, iodepth=128
fio-3.28
Starting 1 process
jobs1: Laying out IO files (512 files / total 30720MiB)

jobs1: (groupid=0, jobs=1): err= 0: pid=1104155: Wed Jul 26 06:04:22 2023
  write: IOPS=110k, BW=3444MiB/s (3611MB/s)(30.0GiB/8920msec); 0 zone resets
    slat (nsec): min=6789, max=68213, avg=8477.12, stdev=891.09
    clat (nsec): min=1471, max=4745.3k, avg=1152231.30, stdev=81342.75
     lat (usec): min=9, max=4773, avg=1160.77, stdev=81.87
    clat percentiles (usec):
     |  1.00th=[ 1139],  5.00th=[ 1139], 10.00th=[ 1139], 20.00th=[ 1139],
     | 30.00th=[ 1139], 40.00th=[ 1139], 50.00th=[ 1139], 60.00th=[ 1156],
     | 70.00th=[ 1156], 80.00th=[ 1156], 90.00th=[ 1156], 95.00th=[ 1156],
     | 99.00th=[ 1270], 99.50th=[ 1401], 99.90th=[ 2212], 99.95th=[ 2868],
     | 99.99th=[ 4686]
   bw (  MiB/s): min= 3153, max= 3469, per=99.99%, avg=3443.58, stdev=75.09, samples=17
   iops        : min=100926, max=111032, avg=110194.47, stdev=2402.91, samples=17
  lat (usec)   : 2=0.01%, 10=0.01%, 20=0.01%, 50=0.01%, 100=0.01%
  lat (usec)   : 250=0.01%, 500=0.01%, 750=0.01%, 1000=0.01%
  lat (msec)   : 2=99.86%, 4=0.10%, 10=0.03%
  cpu          : usr=9.96%, sys=90.00%, ctx=17, majf=0, minf=12
  IO depths    : 1=0.1%, 2=0.1%, 4=0.1%, 8=0.1%, 16=0.1%, 32=0.1%, >=64=100.0%
     submit    : 0=0.0%, 4=100.0%, 8=0.0%, 16=0.0%, 32=0.0%, 64=0.0%, >=64=0.0%
     complete  : 0=0.0%, 4=100.0%, 8=0.0%, 16=0.0%, 32=0.0%, 64=0.0%, >=64=0.1%
     issued rwts: total=0,983040,0,0 short=0,0,0,0 dropped=0,0,0,0
     latency   : target=0, window=0, percentile=100.00%, depth=128

Run status group 0 (all jobs):
  WRITE: bw=3444MiB/s (3611MB/s), 3444MiB/s-3444MiB/s (3611MB/s-3611MB/s), io=30.0GiB (32.2GB), run=8920-8920msec
