jobs1: (g=0): rw=randwrite, bs=(R) 4096B-4096B, (W) 4096B-4096B, (T) 4096B-4096B, ioengine=libaio, iodepth=128
fio-3.28
Starting 1 process
jobs1: Laying out IO files (64 files / total 30720MiB)

jobs1: (groupid=0, jobs=1): err= 0: pid=287446: Tue Jul 25 21:01:13 2023
  write: IOPS=530k, BW=2070MiB/s (2171MB/s)(30.0GiB/14838msec); 0 zone resets
    slat (nsec): min=907, max=26909, avg=1359.89, stdev=296.34
    clat (nsec): min=1606, max=1231.5k, avg=239831.51, stdev=41537.51
     lat (usec): min=2, max=1258, avg=241.24, stdev=41.79
    clat percentiles (usec):
     |  1.00th=[  221],  5.00th=[  227], 10.00th=[  227], 20.00th=[  229],
     | 30.00th=[  229], 40.00th=[  229], 50.00th=[  229], 60.00th=[  231],
     | 70.00th=[  231], 80.00th=[  231], 90.00th=[  235], 95.00th=[  392],
     | 99.00th=[  400], 99.50th=[  404], 99.90th=[  412], 99.95th=[  578],
     | 99.99th=[  775]
   bw (  MiB/s): min= 1237, max= 2186, per=99.84%, avg=2067.15, stdev=283.31, samples=29
   iops        : min=316774, max=559780, avg=529189.45, stdev=72526.95, samples=29
  lat (usec)   : 2=0.01%, 4=0.01%, 10=0.01%, 20=0.01%, 50=0.01%
  lat (usec)   : 100=0.01%, 250=93.18%, 500=6.77%, 750=0.03%, 1000=0.02%
  lat (msec)   : 2=0.01%
  cpu          : usr=27.86%, sys=72.15%, ctx=15, majf=0, minf=10
  IO depths    : 1=0.1%, 2=0.1%, 4=0.1%, 8=0.1%, 16=0.1%, 32=0.1%, >=64=100.0%
     submit    : 0=0.0%, 4=100.0%, 8=0.0%, 16=0.0%, 32=0.0%, 64=0.0%, >=64=0.0%
     complete  : 0=0.0%, 4=100.0%, 8=0.0%, 16=0.0%, 32=0.0%, 64=0.0%, >=64=0.1%
     issued rwts: total=0,7864320,0,0 short=0,0,0,0 dropped=0,0,0,0
     latency   : target=0, window=0, percentile=100.00%, depth=128

Run status group 0 (all jobs):
  WRITE: bw=2070MiB/s (2171MB/s), 2070MiB/s-2070MiB/s (2171MB/s-2171MB/s), io=30.0GiB (32.2GB), run=14838-14838msec
