jobs1: (g=0): rw=randread, bs=(R) 512KiB-512KiB, (W) 512KiB-512KiB, (T) 512KiB-512KiB, ioengine=libaio, iodepth=128
fio-3.28
Starting 1 process
jobs1: Laying out IO files (128 files / total 30720MiB)

jobs1: (groupid=0, jobs=1): err= 0: pid=873189: Wed Jul 26 04:20:32 2023
  read: IOPS=9064, BW=4532MiB/s (4752MB/s)(30.0GiB/6778msec)
    slat (usec): min=92, max=793, avg=109.22, stdev=22.54
    clat (usec): min=2, max=52065, avg=13945.82, stdev=2355.89
     lat (usec): min=103, max=52859, avg=14055.16, stdev=2376.74
    clat percentiles (usec):
     |  1.00th=[12911],  5.00th=[12911], 10.00th=[12911], 20.00th=[13042],
     | 30.00th=[13042], 40.00th=[13042], 50.00th=[13042], 60.00th=[13042],
     | 70.00th=[13042], 80.00th=[13042], 90.00th=[19268], 95.00th=[19268],
     | 99.00th=[19268], 99.50th=[19268], 99.90th=[29754], 99.95th=[38011],
     | 99.99th=[49021]
   bw (  MiB/s): min= 3075, max= 4893, per=99.50%, avg=4509.69, stdev=715.04, samples=13
   iops        : min= 6150, max= 9786, avg=9019.38, stdev=1430.07, samples=13
  lat (usec)   : 4=0.01%, 250=0.01%, 500=0.01%, 750=0.01%, 1000=0.01%
  lat (msec)   : 2=0.02%, 4=0.03%, 10=0.10%, 20=99.65%, 50=0.19%
  lat (msec)   : 100=0.01%
  cpu          : usr=0.93%, sys=99.07%, ctx=14, majf=0, minf=16397
  IO depths    : 1=0.1%, 2=0.1%, 4=0.1%, 8=0.1%, 16=0.1%, 32=0.1%, >=64=99.9%
     submit    : 0=0.0%, 4=100.0%, 8=0.0%, 16=0.0%, 32=0.0%, 64=0.0%, >=64=0.0%
     complete  : 0=0.0%, 4=100.0%, 8=0.0%, 16=0.0%, 32=0.0%, 64=0.0%, >=64=0.1%
     issued rwts: total=61440,0,0,0 short=0,0,0,0 dropped=0,0,0,0
     latency   : target=0, window=0, percentile=100.00%, depth=128

Run status group 0 (all jobs):
   READ: bw=4532MiB/s (4752MB/s), 4532MiB/s-4532MiB/s (4752MB/s-4752MB/s), io=30.0GiB (32.2GB), run=6778-6778msec
