jobs1: (g=0): rw=randread, bs=(R) 128KiB-128KiB, (W) 128KiB-128KiB, (T) 128KiB-128KiB, ioengine=libaio, iodepth=128
...
fio-3.28
Starting 32 processes
jobs1: Laying out IO file (1 file / 30720MiB)

jobs1: (groupid=0, jobs=32): err= 0: pid=187301: Tue Jul 25 20:01:41 2023
  read: IOPS=53.4k, BW=6677MiB/s (7001MB/s)(30.0GiB/4601msec)
    slat (usec): min=13, max=227, avg=18.10, stdev= 4.19
    clat (nsec): min=1231, max=18354k, avg=2372611.50, stdev=446838.55
     lat (usec): min=17, max=18546, avg=2390.76, stdev=450.73
    clat percentiles (usec):
     |  1.00th=[ 2114],  5.00th=[ 2114], 10.00th=[ 2114], 20.00th=[ 2114],
     | 30.00th=[ 2114], 40.00th=[ 2114], 50.00th=[ 2114], 60.00th=[ 2147],
     | 70.00th=[ 2147], 80.00th=[ 2999], 90.00th=[ 2999], 95.00th=[ 2999],
     | 99.00th=[ 2999], 99.50th=[ 2999], 99.90th=[ 4015], 99.95th=[ 4752],
     | 99.99th=[15401]
   bw (  MiB/s): min= 5156, max= 7484, per=100.00%, avg=6680.44, stdev=1101.09, samples=8
   iops        : min=41253, max=59876, avg=53443.38, stdev=8808.79, samples=8
  lat (usec)   : 2=0.01%, 20=0.01%, 50=0.01%, 100=0.01%, 250=0.01%
  lat (usec)   : 500=0.01%, 750=0.01%, 1000=0.01%
  lat (msec)   : 2=0.03%, 4=99.85%, 10=0.07%, 20=0.03%
  cpu          : usr=2.78%, sys=97.20%, ctx=11, majf=0, minf=4156
  IO depths    : 1=0.1%, 2=0.1%, 4=0.1%, 8=0.1%, 16=0.1%, 32=0.1%, >=64=100.0%
     submit    : 0=0.0%, 4=100.0%, 8=0.0%, 16=0.0%, 32=0.0%, 64=0.0%, >=64=0.0%
     complete  : 0=0.0%, 4=100.0%, 8=0.0%, 16=0.0%, 32=0.0%, 64=0.0%, >=64=0.1%
     issued rwts: total=245760,0,0,0 short=0,0,0,0 dropped=0,0,0,0
     latency   : target=0, window=0, percentile=100.00%, depth=128

Run status group 0 (all jobs):
   READ: bw=6677MiB/s (7001MB/s), 6677MiB/s-6677MiB/s (7001MB/s-7001MB/s), io=30.0GiB (32.2GB), run=4601-4601msec
