jobs1: (g=0): rw=randread, bs=(R) 4096B-4096B, (W) 4096B-4096B, (T) 4096B-4096B, ioengine=libaio, iodepth=128
...
fio-3.28
Starting 32 processes
jobs1: Laying out IO files (128 files / total 30720MiB)

jobs1: (groupid=0, jobs=32): err= 0: pid=797111: Wed Jul 26 01:52:01 2023
  read: IOPS=480k, BW=1876MiB/s (1967MB/s)(30.0GiB/16374msec)
    slat (nsec): min=927, max=29724, avg=1568.55, stdev=512.54
    clat (nsec): min=1187, max=2138.8k, avg=264609.04, stdev=43612.35
     lat (usec): min=3, max=2169, avg=266.21, stdev=43.89
    clat percentiles (usec):
     |  1.00th=[  243],  5.00th=[  251], 10.00th=[  251], 20.00th=[  253],
     | 30.00th=[  253], 40.00th=[  255], 50.00th=[  255], 60.00th=[  255],
     | 70.00th=[  255], 80.00th=[  258], 90.00th=[  260], 95.00th=[  400],
     | 99.00th=[  453], 99.50th=[  453], 99.90th=[  461], 99.95th=[  486],
     | 99.99th=[  807]
   bw (  MiB/s): min= 1109, max= 2006, per=100.00%, avg=1886.05, stdev=216.20, samples=32
   iops        : min=283992, max=513555, avg=482827.87, stdev=55346.35, samples=32
  lat (usec)   : 2=0.01%, 10=0.01%, 20=0.01%, 50=0.01%, 100=0.01%
  lat (usec)   : 250=4.77%, 500=95.19%, 750=0.03%, 1000=0.01%
  lat (msec)   : 2=0.01%, 4=0.01%
  cpu          : usr=21.81%, sys=78.18%, ctx=30, majf=0, minf=187
  IO depths    : 1=0.1%, 2=0.1%, 4=0.1%, 8=0.1%, 16=0.1%, 32=0.1%, >=64=100.0%
     submit    : 0=0.0%, 4=100.0%, 8=0.0%, 16=0.0%, 32=0.0%, 64=0.0%, >=64=0.0%
     complete  : 0=0.0%, 4=100.0%, 8=0.0%, 16=0.0%, 32=0.0%, 64=0.0%, >=64=0.1%
     issued rwts: total=7864320,0,0,0 short=0,0,0,0 dropped=0,0,0,0
     latency   : target=0, window=0, percentile=100.00%, depth=128

Run status group 0 (all jobs):
   READ: bw=1876MiB/s (1967MB/s), 1876MiB/s-1876MiB/s (1967MB/s-1967MB/s), io=30.0GiB (32.2GB), run=16374-16374msec
