jobs1: (g=0): rw=randwrite, bs=(R) 32.0KiB-32.0KiB, (W) 32.0KiB-32.0KiB, (T) 32.0KiB-32.0KiB, ioengine=libaio, iodepth=128
...
fio-3.28
Starting 32 processes
jobs1: Laying out IO file (1 file / 30720MiB)

jobs1: (groupid=0, jobs=32): err= 0: pid=168374: Tue Jul 25 18:48:48 2023
  write: IOPS=144k, BW=4491MiB/s (4709MB/s)(30.0GiB/6841msec); 0 zone resets
    slat (nsec): min=4580, max=36113, avg=6384.44, stdev=1671.33
    clat (nsec): min=1227, max=2217.4k, avg=883784.22, stdev=219590.28
     lat (usec): min=6, max=2247, avg=890.23, stdev=221.22
    clat percentiles (usec):
     |  1.00th=[  783],  5.00th=[  791], 10.00th=[  791], 20.00th=[  791],
     | 30.00th=[  799], 40.00th=[  799], 50.00th=[  799], 60.00th=[  799],
     | 70.00th=[  799], 80.00th=[  807], 90.00th=[ 1450], 95.00th=[ 1467],
     | 99.00th=[ 1467], 99.50th=[ 1467], 99.90th=[ 1483], 99.95th=[ 1762],
     | 99.99th=[ 1958]
   bw (  MiB/s): min= 2720, max= 4983, per=100.00%, avg=4498.62, stdev=918.93, samples=13
   iops        : min=87052, max=159484, avg=143955.62, stdev=29405.91, samples=13
  lat (usec)   : 2=0.01%, 10=0.01%, 20=0.01%, 50=0.01%, 100=0.01%
  lat (usec)   : 250=0.01%, 500=0.01%, 750=0.01%, 1000=86.54%
  lat (msec)   : 2=13.44%, 4=0.01%
  cpu          : usr=12.87%, sys=87.12%, ctx=5, majf=0, minf=73
  IO depths    : 1=0.1%, 2=0.1%, 4=0.1%, 8=0.1%, 16=0.1%, 32=0.1%, >=64=100.0%
     submit    : 0=0.0%, 4=100.0%, 8=0.0%, 16=0.0%, 32=0.0%, 64=0.0%, >=64=0.0%
     complete  : 0=0.0%, 4=100.0%, 8=0.0%, 16=0.0%, 32=0.0%, 64=0.0%, >=64=0.1%
     issued rwts: total=0,983040,0,0 short=0,0,0,0 dropped=0,0,0,0
     latency   : target=0, window=0, percentile=100.00%, depth=128

Run status group 0 (all jobs):
  WRITE: bw=4491MiB/s (4709MB/s), 4491MiB/s-4491MiB/s (4709MB/s-4709MB/s), io=30.0GiB (32.2GB), run=6841-6841msec
