jobs1: (g=0): rw=randread, bs=(R) 4096B-4096B, (W) 4096B-4096B, (T) 4096B-4096B, ioengine=libaio, iodepth=128
fio-3.28
Starting 1 process
jobs1: Laying out IO files (64 files / total 30720MiB)

jobs1: (groupid=0, jobs=1): err= 0: pid=462555: Tue Jul 25 21:39:23 2023
  read: IOPS=6115, BW=23.9MiB/s (25.0MB/s)(2866MiB/120001msec)
    slat (usec): min=30, max=405, avg=157.67, stdev=54.29
    clat (usec): min=7, max=51877, avg=20765.20, stdev=2612.33
     lat (usec): min=103, max=52095, avg=20923.57, stdev=2627.19
    clat percentiles (usec):
     |  1.00th=[13304],  5.00th=[15664], 10.00th=[17433], 20.00th=[19006],
     | 30.00th=[20055], 40.00th=[20579], 50.00th=[21103], 60.00th=[21627],
     | 70.00th=[21890], 80.00th=[22414], 90.00th=[23200], 95.00th=[25035],
     | 99.00th=[27132], 99.50th=[27395], 99.90th=[27657], 99.95th=[27919],
     | 99.99th=[28181]
   bw (  KiB/s): min=18752, max=32032, per=100.00%, avg=24470.83, stdev=1847.13, samples=239
   iops        : min= 4688, max= 8008, avg=6117.72, stdev=461.78, samples=239
  lat (usec)   : 10=0.01%, 250=0.01%, 500=0.01%, 750=0.01%, 1000=0.01%
  lat (msec)   : 2=0.01%, 4=0.01%, 10=0.01%, 20=29.86%, 50=70.13%
  lat (msec)   : 100=0.01%
  cpu          : usr=3.57%, sys=14.62%, ctx=733900, majf=0, minf=139
  IO depths    : 1=0.1%, 2=0.1%, 4=0.1%, 8=0.1%, 16=0.1%, 32=0.1%, >=64=100.0%
     submit    : 0=0.0%, 4=100.0%, 8=0.0%, 16=0.0%, 32=0.0%, 64=0.0%, >=64=0.0%
     complete  : 0=0.0%, 4=100.0%, 8=0.0%, 16=0.0%, 32=0.0%, 64=0.0%, >=64=0.1%
     issued rwts: total=733812,0,0,0 short=0,0,0,0 dropped=0,0,0,0
     latency   : target=0, window=0, percentile=100.00%, depth=128

Run status group 0 (all jobs):
   READ: bw=23.9MiB/s (25.0MB/s), 23.9MiB/s-23.9MiB/s (25.0MB/s-25.0MB/s), io=2866MiB (3006MB), run=120001-120001msec
