jobs1: (g=0): rw=randread, bs=(R) 4096B-4096B, (W) 4096B-4096B, (T) 4096B-4096B, ioengine=libaio, iodepth=128
...
fio-3.28
Starting 32 processes
jobs1: Laying out IO files (128 files / total 30720MiB)

jobs1: (groupid=0, jobs=32): err= 0: pid=796403: Wed Jul 26 01:49:17 2023
  read: IOPS=6258, BW=24.4MiB/s (25.6MB/s)(2934MiB/120001msec)
    slat (usec): min=28, max=398, avg=154.00, stdev=58.00
    clat (usec): min=7, max=144054, avg=20284.18, stdev=3308.84
     lat (usec): min=76, max=144260, avg=20438.86, stdev=3328.27
    clat percentiles (usec):
     |  1.00th=[ 7701],  5.00th=[14484], 10.00th=[16450], 20.00th=[18744],
     | 30.00th=[19792], 40.00th=[20579], 50.00th=[21103], 60.00th=[21365],
     | 70.00th=[21890], 80.00th=[22414], 90.00th=[22938], 95.00th=[23462],
     | 99.00th=[26084], 99.50th=[26608], 99.90th=[27132], 99.95th=[27132],
     | 99.99th=[80217]
   bw (  KiB/s): min=19120, max=61040, per=99.99%, avg=25033.37, stdev=3896.00, samples=239
   iops        : min= 4780, max=15260, avg=6258.31, stdev=974.00, samples=239
  lat (usec)   : 10=0.01%, 100=0.01%, 250=0.01%, 500=0.01%, 750=0.01%
  lat (usec)   : 1000=0.01%
  lat (msec)   : 2=0.01%, 4=0.01%, 10=2.22%, 20=30.35%, 50=67.41%
  lat (msec)   : 100=0.01%, 250=0.01%
  cpu          : usr=3.35%, sys=14.89%, ctx=751227, majf=0, minf=207
  IO depths    : 1=0.1%, 2=0.1%, 4=0.1%, 8=0.1%, 16=0.1%, 32=0.1%, >=64=100.0%
     submit    : 0=0.0%, 4=100.0%, 8=0.0%, 16=0.0%, 32=0.0%, 64=0.0%, >=64=0.0%
     complete  : 0=0.0%, 4=100.0%, 8=0.0%, 16=0.0%, 32=0.0%, 64=0.0%, >=64=0.1%
     issued rwts: total=751064,0,0,0 short=0,0,0,0 dropped=0,0,0,0
     latency   : target=0, window=0, percentile=100.00%, depth=128

Run status group 0 (all jobs):
   READ: bw=24.4MiB/s (25.6MB/s), 24.4MiB/s-24.4MiB/s (25.6MB/s-25.6MB/s), io=2934MiB (3076MB), run=120001-120001msec
