jobs1: (g=0): rw=randwrite, bs=(R) 512KiB-512KiB, (W) 512KiB-512KiB, (T) 512KiB-512KiB, ioengine=libaio, iodepth=128
fio-3.28
Starting 1 process
jobs1: Laying out IO files (128 files / total 30720MiB)

jobs1: (groupid=0, jobs=1): err= 0: pid=855291: Wed Jul 26 03:48:42 2023
  write: IOPS=2430, BW=1215MiB/s (1274MB/s)(30.0GiB/25279msec); 0 zone resets
    slat (usec): min=169, max=456216, avg=409.06, stdev=2311.21
    clat (usec): min=3, max=283757, avg=50795.97, stdev=11248.54
     lat (usec): min=309, max=739975, avg=51205.25, stdev=11652.24
    clat percentiles (usec):
     |  1.00th=[29492],  5.00th=[30016], 10.00th=[34866], 20.00th=[39584],
     | 30.00th=[45876], 40.00th=[49546], 50.00th=[51119], 60.00th=[54264],
     | 70.00th=[57934], 80.00th=[60031], 90.00th=[63177], 95.00th=[68682],
     | 99.00th=[73925], 99.50th=[76022], 99.90th=[78119], 99.95th=[80217],
     | 99.99th=[86508]
   bw (  MiB/s): min=  892, max= 1845, per=100.00%, avg=1241.69, stdev=230.22, samples=49
   iops        : min= 1784, max= 3690, avg=2483.39, stdev=460.44, samples=49
  lat (usec)   : 4=0.01%, 500=0.01%, 750=0.01%, 1000=0.01%
  lat (msec)   : 2=0.01%, 4=0.01%, 10=0.02%, 20=0.02%, 50=43.61%
  lat (msec)   : 100=56.32%, 500=0.01%
  cpu          : usr=7.05%, sys=61.25%, ctx=874, majf=0, minf=13
  IO depths    : 1=0.1%, 2=0.1%, 4=0.1%, 8=0.1%, 16=0.1%, 32=0.1%, >=64=99.9%
     submit    : 0=0.0%, 4=100.0%, 8=0.0%, 16=0.0%, 32=0.0%, 64=0.0%, >=64=0.0%
     complete  : 0=0.0%, 4=100.0%, 8=0.0%, 16=0.0%, 32=0.0%, 64=0.0%, >=64=0.1%
     issued rwts: total=0,61440,0,0 short=0,0,0,0 dropped=0,0,0,0
     latency   : target=0, window=0, percentile=100.00%, depth=128

Run status group 0 (all jobs):
  WRITE: bw=1215MiB/s (1274MB/s), 1215MiB/s-1215MiB/s (1274MB/s-1274MB/s), io=30.0GiB (32.2GB), run=25279-25279msec
