jobs1: (g=0): rw=randread, bs=(R) 4096B-4096B, (W) 4096B-4096B, (T) 4096B-4096B, ioengine=libaio, iodepth=128
fio-3.28
Starting 1 process
jobs1: Laying out IO files (128 files / total 30720MiB)

jobs1: (groupid=0, jobs=1): err= 0: pid=792689: Wed Jul 26 01:33:15 2023
  read: IOPS=483k, BW=1888MiB/s (1980MB/s)(30.0GiB/16272msec)
    slat (nsec): min=940, max=27920, avg=1555.03, stdev=504.30
    clat (nsec): min=1493, max=2110.3k, avg=262970.41, stdev=42619.50
     lat (usec): min=4, max=2139, avg=264.56, stdev=42.89
    clat percentiles (usec):
     |  1.00th=[  241],  5.00th=[  249], 10.00th=[  251], 20.00th=[  251],
     | 30.00th=[  253], 40.00th=[  253], 50.00th=[  253], 60.00th=[  255],
     | 70.00th=[  255], 80.00th=[  255], 90.00th=[  258], 95.00th=[  388],
     | 99.00th=[  445], 99.50th=[  449], 99.90th=[  453], 99.95th=[  461],
     | 99.99th=[  807]
   bw (  MiB/s): min= 1121, max= 2005, per=99.87%, avg=1885.48, stdev=239.24, samples=32
   iops        : min=287140, max=513494, avg=482683.87, stdev=61245.36, samples=32
  lat (usec)   : 2=0.01%, 10=0.01%, 20=0.01%, 50=0.01%, 100=0.01%
  lat (usec)   : 250=9.47%, 500=90.49%, 750=0.03%, 1000=0.01%
  lat (msec)   : 2=0.01%, 4=0.01%
  cpu          : usr=22.09%, sys=77.91%, ctx=30, majf=0, minf=138
  IO depths    : 1=0.1%, 2=0.1%, 4=0.1%, 8=0.1%, 16=0.1%, 32=0.1%, >=64=100.0%
     submit    : 0=0.0%, 4=100.0%, 8=0.0%, 16=0.0%, 32=0.0%, 64=0.0%, >=64=0.0%
     complete  : 0=0.0%, 4=100.0%, 8=0.0%, 16=0.0%, 32=0.0%, 64=0.0%, >=64=0.1%
     issued rwts: total=7864320,0,0,0 short=0,0,0,0 dropped=0,0,0,0
     latency   : target=0, window=0, percentile=100.00%, depth=128

Run status group 0 (all jobs):
   READ: bw=1888MiB/s (1980MB/s), 1888MiB/s-1888MiB/s (1980MB/s-1980MB/s), io=30.0GiB (32.2GB), run=16272-16272msec
