jobs1: (g=0): rw=randread, bs=(R) 32.0KiB-32.0KiB, (W) 32.0KiB-32.0KiB, (T) 32.0KiB-32.0KiB, ioengine=libaio, iodepth=128
...
fio-3.28
Starting 32 processes
jobs1: Laying out IO file (1 file / 30720MiB)

jobs1: (groupid=0, jobs=32): err= 0: pid=173081: Tue Jul 25 19:12:49 2023
  read: IOPS=15.5k, BW=484MiB/s (507MB/s)(30.0GiB/63484msec)
    slat (usec): min=51, max=1161, avg=61.71, stdev= 4.08
    clat (usec): min=3, max=14639, avg=8201.64, stdev=379.43
     lat (usec): min=59, max=14979, avg=8263.75, stdev=381.99
    clat percentiles (usec):
     |  1.00th=[ 7767],  5.00th=[ 7767], 10.00th=[ 7832], 20.00th=[ 7898],
     | 30.00th=[ 8029], 40.00th=[ 8094], 50.00th=[ 8225], 60.00th=[ 8356],
     | 70.00th=[ 8356], 80.00th=[ 8356], 90.00th=[ 8455], 95.00th=[ 8455],
     | 99.00th=[10421], 99.50th=[10421], 99.90th=[10552], 99.95th=[10552],
     | 99.99th=[11863]
   bw (  KiB/s): min=390848, max=518156, per=100.00%, avg=495813.46, stdev=15007.52, samples=126
   iops        : min=12214, max=16192, avg=15494.13, stdev=469.00, samples=126
  lat (usec)   : 4=0.01%, 100=0.01%, 250=0.01%, 500=0.01%, 750=0.01%
  lat (usec)   : 1000=0.01%
  lat (msec)   : 2=0.01%, 4=0.01%, 10=98.50%, 20=1.50%
  cpu          : usr=4.99%, sys=48.38%, ctx=983080, majf=0, minf=1097
  IO depths    : 1=0.1%, 2=0.1%, 4=0.1%, 8=0.1%, 16=0.1%, 32=0.1%, >=64=100.0%
     submit    : 0=0.0%, 4=100.0%, 8=0.0%, 16=0.0%, 32=0.0%, 64=0.0%, >=64=0.0%
     complete  : 0=0.0%, 4=100.0%, 8=0.0%, 16=0.0%, 32=0.0%, 64=0.0%, >=64=0.1%
     issued rwts: total=983040,0,0,0 short=0,0,0,0 dropped=0,0,0,0
     latency   : target=0, window=0, percentile=100.00%, depth=128

Run status group 0 (all jobs):
   READ: bw=484MiB/s (507MB/s), 484MiB/s-484MiB/s (507MB/s-507MB/s), io=30.0GiB (32.2GB), run=63484-63484msec
