jobs1: (g=0): rw=randread, bs=(R) 128KiB-128KiB, (W) 128KiB-128KiB, (T) 128KiB-128KiB, ioengine=libaio, iodepth=128
fio-3.28
Starting 1 process
jobs1: Laying out IO files (64 files / total 30720MiB)

jobs1: (groupid=0, jobs=1): err= 0: pid=507869: Tue Jul 25 23:32:37 2023
  read: IOPS=40.9k, BW=5109MiB/s (5357MB/s)(30.0GiB/6013msec)
    slat (usec): min=19, max=203, avg=23.75, stdev= 4.85
    clat (nsec): min=1776, max=20840k, avg=3101515.14, stdev=526647.91
     lat (usec): min=25, max=21039, avg=3125.35, stdev=531.17
    clat percentiles (usec):
     |  1.00th=[ 2835],  5.00th=[ 2835], 10.00th=[ 2835], 20.00th=[ 2868],
     | 30.00th=[ 2868], 40.00th=[ 2868], 50.00th=[ 2868], 60.00th=[ 2868],
     | 70.00th=[ 2868], 80.00th=[ 3982], 90.00th=[ 4015], 95.00th=[ 4015],
     | 99.00th=[ 4015], 99.50th=[ 4015], 99.90th=[ 4752], 99.95th=[ 6456],
     | 99.99th=[17695]
   bw (  MiB/s): min= 3774, max= 5558, per=99.99%, avg=5108.58, stdev=737.01, samples=12
   iops        : min=30194, max=44466, avg=40868.83, stdev=5895.76, samples=12
  lat (usec)   : 2=0.01%, 50=0.01%, 100=0.01%, 250=0.01%, 500=0.01%
  lat (usec)   : 750=0.01%, 1000=0.01%
  lat (msec)   : 2=0.02%, 4=84.02%, 10=15.91%, 20=0.03%, 50=0.01%
  cpu          : usr=3.04%, sys=96.92%, ctx=8, majf=0, minf=4108
  IO depths    : 1=0.1%, 2=0.1%, 4=0.1%, 8=0.1%, 16=0.1%, 32=0.1%, >=64=100.0%
     submit    : 0=0.0%, 4=100.0%, 8=0.0%, 16=0.0%, 32=0.0%, 64=0.0%, >=64=0.0%
     complete  : 0=0.0%, 4=100.0%, 8=0.0%, 16=0.0%, 32=0.0%, 64=0.0%, >=64=0.1%
     issued rwts: total=245760,0,0,0 short=0,0,0,0 dropped=0,0,0,0
     latency   : target=0, window=0, percentile=100.00%, depth=128

Run status group 0 (all jobs):
   READ: bw=5109MiB/s (5357MB/s), 5109MiB/s-5109MiB/s (5357MB/s-5357MB/s), io=30.0GiB (32.2GB), run=6013-6013msec
