jobs1: (g=0): rw=randwrite, bs=(R) 4096B-4096B, (W) 4096B-4096B, (T) 4096B-4096B, ioengine=libaio, iodepth=128
...
fio-3.28
Starting 32 processes
jobs1: Laying out IO files (128 files / total 30720MiB)

jobs1: (groupid=0, jobs=32): err= 0: pid=697737: Wed Jul 26 00:59:17 2023
  write: IOPS=50.5k, BW=197MiB/s (207MB/s)(23.1GiB/120001msec); 0 zone resets
    slat (usec): min=2, max=43824, avg=17.38, stdev=389.08
    clat (usec): min=4, max=486256, avg=2513.89, stdev=4560.94
     lat (usec): min=11, max=486269, avg=2531.51, stdev=4578.37
    clat percentiles (usec):
     |  1.00th=[  832],  5.00th=[  979], 10.00th=[ 1106], 20.00th=[ 1172],
     | 30.00th=[ 1172], 40.00th=[ 1188], 50.00th=[ 1188], 60.00th=[ 1188],
     | 70.00th=[ 1205], 80.00th=[ 1205], 90.00th=[ 1254], 95.00th=[15270],
     | 99.00th=[17695], 99.50th=[17695], 99.90th=[18220], 99.95th=[19268],
     | 99.99th=[19792]
   bw (  KiB/s): min=85723, max=354616, per=100.00%, avg=202208.30, stdev=17742.65, samples=239
   iops        : min=21430, max=88654, avg=50552.03, stdev=4435.70, samples=239
  lat (usec)   : 10=0.01%, 20=0.01%, 50=0.01%, 100=0.01%, 250=0.01%
  lat (usec)   : 500=0.01%, 750=0.79%, 1000=4.97%
  lat (msec)   : 2=84.59%, 10=0.19%, 20=9.45%, 50=0.01%, 100=0.01%
  lat (msec)   : 250=0.01%, 500=0.01%
  cpu          : usr=12.16%, sys=34.35%, ctx=4827, majf=0, minf=64
  IO depths    : 1=0.1%, 2=0.1%, 4=0.1%, 8=0.1%, 16=0.1%, 32=0.1%, >=64=100.0%
     submit    : 0=0.0%, 4=100.0%, 8=0.0%, 16=0.0%, 32=0.0%, 64=0.0%, >=64=0.0%
     complete  : 0=0.0%, 4=100.0%, 8=0.0%, 16=0.0%, 32=0.0%, 64=0.0%, >=64=0.1%
     issued rwts: total=0,6064563,0,0 short=0,0,0,0 dropped=0,0,0,0
     latency   : target=0, window=0, percentile=100.00%, depth=128

Run status group 0 (all jobs):
  WRITE: bw=197MiB/s (207MB/s), 197MiB/s-197MiB/s (207MB/s-207MB/s), io=23.1GiB (24.8GB), run=120001-120001msec
