jobs1: (g=0): rw=randread, bs=(R) 4096B-4096B, (W) 4096B-4096B, (T) 4096B-4096B, ioengine=libaio, iodepth=128
...
fio-3.28
Starting 32 processes
jobs1: Laying out IO files (512 files / total 30720MiB)

jobs1: (groupid=0, jobs=32): err= 0: pid=1097754: Wed Jul 26 05:51:15 2023
  read: IOPS=526k, BW=2054MiB/s (2153MB/s)(30.0GiB/14959msec)
    slat (nsec): min=891, max=25831, avg=1407.96, stdev=305.32
    clat (nsec): min=1122, max=1995.3k, avg=241772.15, stdev=43741.78
     lat (usec): min=2, max=2015, avg=243.21, stdev=44.00
    clat percentiles (usec):
     |  1.00th=[  223],  5.00th=[  227], 10.00th=[  227], 20.00th=[  229],
     | 30.00th=[  229], 40.00th=[  231], 50.00th=[  231], 60.00th=[  231],
     | 70.00th=[  233], 80.00th=[  235], 90.00th=[  237], 95.00th=[  383],
     | 99.00th=[  412], 99.50th=[  416], 99.90th=[  420], 99.95th=[  482],
     | 99.99th=[  660]
   bw (  MiB/s): min= 1217, max= 2179, per=100.00%, avg=2056.95, stdev=279.46, samples=29
   iops        : min=311778, max=557920, avg=526578.38, stdev=71542.19, samples=29
  lat (usec)   : 2=0.01%, 4=0.01%, 10=0.01%, 20=0.01%, 50=0.01%
  lat (usec)   : 100=0.01%, 250=92.46%, 500=7.51%, 750=0.03%, 1000=0.01%
  lat (msec)   : 2=0.01%
  cpu          : usr=24.22%, sys=75.79%, ctx=20, majf=0, minf=207
  IO depths    : 1=0.1%, 2=0.1%, 4=0.1%, 8=0.1%, 16=0.1%, 32=0.1%, >=64=100.0%
     submit    : 0=0.0%, 4=100.0%, 8=0.0%, 16=0.0%, 32=0.0%, 64=0.0%, >=64=0.0%
     complete  : 0=0.0%, 4=100.0%, 8=0.0%, 16=0.0%, 32=0.0%, 64=0.0%, >=64=0.1%
     issued rwts: total=7864320,0,0,0 short=0,0,0,0 dropped=0,0,0,0
     latency   : target=0, window=0, percentile=100.00%, depth=128

Run status group 0 (all jobs):
   READ: bw=2054MiB/s (2153MB/s), 2054MiB/s-2054MiB/s (2153MB/s-2153MB/s), io=30.0GiB (32.2GB), run=14959-14959msec
