jobs1: (g=0): rw=randwrite, bs=(R) 128KiB-128KiB, (W) 128KiB-128KiB, (T) 128KiB-128KiB, ioengine=libaio, iodepth=128
...
fio-3.28
Starting 32 processes
jobs1: Laying out IO files (128 files / total 30720MiB)

jobs1: (groupid=0, jobs=32): err= 0: pid=833743: Wed Jul 26 03:04:18 2023
  write: IOPS=16.6k, BW=2078MiB/s (2179MB/s)(30.0GiB/14786msec); 0 zone resets
    slat (usec): min=36, max=159680, avg=58.99, stdev=464.48
    clat (usec): min=2, max=277395, avg=7460.73, stdev=3304.03
     lat (usec): min=114, max=395849, avg=7519.80, stdev=3407.59
    clat percentiles (usec):
     |  1.00th=[ 5604],  5.00th=[ 5669], 10.00th=[ 5735], 20.00th=[ 5800],
     | 30.00th=[ 5866], 40.00th=[ 5932], 50.00th=[ 5997], 60.00th=[ 6194],
     | 70.00th=[ 6652], 80.00th=[ 9896], 90.00th=[10945], 95.00th=[14222],
     | 99.00th=[20579], 99.50th=[22676], 99.90th=[28443], 99.95th=[28967],
     | 99.99th=[71828]
   bw (  MiB/s): min=  542, max= 2563, per=100.00%, avg=2091.82, stdev=527.87, samples=29
   iops        : min= 4341, max=20510, avg=16734.48, stdev=4223.06, samples=29
  lat (usec)   : 4=0.01%, 250=0.01%, 500=0.01%, 750=0.01%, 1000=0.01%
  lat (msec)   : 2=0.01%, 4=0.02%, 10=83.05%, 20=15.84%, 50=1.06%
  lat (msec)   : 100=0.02%, 250=0.01%, 500=0.01%
  cpu          : usr=7.70%, sys=82.28%, ctx=2046, majf=0, minf=73
  IO depths    : 1=0.1%, 2=0.1%, 4=0.1%, 8=0.1%, 16=0.1%, 32=0.1%, >=64=100.0%
     submit    : 0=0.0%, 4=100.0%, 8=0.0%, 16=0.0%, 32=0.0%, 64=0.0%, >=64=0.0%
     complete  : 0=0.0%, 4=100.0%, 8=0.0%, 16=0.0%, 32=0.0%, 64=0.0%, >=64=0.1%
     issued rwts: total=0,245760,0,0 short=0,0,0,0 dropped=0,0,0,0
     latency   : target=0, window=0, percentile=100.00%, depth=128

Run status group 0 (all jobs):
  WRITE: bw=2078MiB/s (2179MB/s), 2078MiB/s-2078MiB/s (2179MB/s-2179MB/s), io=30.0GiB (32.2GB), run=14786-14786msec
