jobs1: (g=0): rw=randwrite, bs=(R) 512KiB-512KiB, (W) 512KiB-512KiB, (T) 512KiB-512KiB, ioengine=libaio, iodepth=128
...
fio-3.28
Starting 16 processes
jobs1: Laying out IO file (1 file / 30720MiB)

jobs1: (groupid=0, jobs=16): err= 0: pid=192392: Tue Jul 25 20:14:42 2023
  write: IOPS=6360, BW=3180MiB/s (3335MB/s)(30.0GiB/9659msec); 0 zone resets
    slat (usec): min=142, max=1171, avg=156.22, stdev=11.09
    clat (usec): min=2, max=37972, avg=19920.17, stdev=763.18
     lat (usec): min=152, max=38202, avg=20076.50, stdev=768.47
    clat percentiles (usec):
     |  1.00th=[19792],  5.00th=[19792], 10.00th=[19792], 20.00th=[19792],
     | 30.00th=[19792], 40.00th=[19792], 50.00th=[19792], 60.00th=[19792],
     | 70.00th=[19792], 80.00th=[20055], 90.00th=[20055], 95.00th=[20055],
     | 99.00th=[22152], 99.50th=[23200], 99.90th=[25035], 99.95th=[32637],
     | 99.99th=[37487]
   bw (  MiB/s): min= 2851, max= 3200, per=99.89%, avg=3176.99, stdev=78.90, samples=19
   iops        : min= 5703, max= 6400, avg=6353.84, stdev=157.99, samples=19
  lat (usec)   : 4=0.01%, 250=0.01%, 500=0.01%, 750=0.01%, 1000=0.01%
  lat (msec)   : 2=0.01%, 4=0.02%, 10=0.06%, 20=91.07%, 50=8.82%
  cpu          : usr=9.58%, sys=90.43%, ctx=15, majf=0, minf=53
  IO depths    : 1=0.1%, 2=0.1%, 4=0.1%, 8=0.1%, 16=0.1%, 32=0.1%, >=64=99.9%
     submit    : 0=0.0%, 4=100.0%, 8=0.0%, 16=0.0%, 32=0.0%, 64=0.0%, >=64=0.0%
     complete  : 0=0.0%, 4=100.0%, 8=0.0%, 16=0.0%, 32=0.0%, 64=0.0%, >=64=0.1%
     issued rwts: total=0,61440,0,0 short=0,0,0,0 dropped=0,0,0,0
     latency   : target=0, window=0, percentile=100.00%, depth=128

Run status group 0 (all jobs):
  WRITE: bw=3180MiB/s (3335MB/s), 3180MiB/s-3180MiB/s (3335MB/s-3335MB/s), io=30.0GiB (32.2GB), run=9659-9659msec
