jobs1: (g=0): rw=randread, bs=(R) 512KiB-512KiB, (W) 512KiB-512KiB, (T) 512KiB-512KiB, ioengine=libaio, iodepth=128
fio-3.28
Starting 1 process
jobs1: Laying out IO files (64 files / total 30720MiB)

jobs1: (groupid=0, jobs=1): err= 0: pid=524913: Wed Jul 26 00:16:00 2023
  read: IOPS=1737, BW=869MiB/s (911MB/s)(30.0GiB/35363msec)
    slat (usec): min=503, max=2037, avg=571.90, stdev=118.50
    clat (usec): min=4, max=211933, avg=72866.50, stdev=13081.80
     lat (usec): min=559, max=213743, avg=73438.88, stdev=13184.64
    clat percentiles (msec):
     |  1.00th=[   69],  5.00th=[   70], 10.00th=[   70], 20.00th=[   70],
     | 30.00th=[   70], 40.00th=[   70], 50.00th=[   70], 60.00th=[   70],
     | 70.00th=[   71], 80.00th=[   71], 90.00th=[   73], 95.00th=[   78],
     | 99.00th=[  142], 99.50th=[  144], 99.90th=[  157], 99.95th=[  186],
     | 99.99th=[  207]
   bw (  KiB/s): min=315392, max=942080, per=99.77%, avg=887471.54, stdev=130091.72, samples=70
   iops        : min=  616, max= 1840, avg=1733.34, stdev=254.09, samples=70
  lat (usec)   : 10=0.01%, 750=0.01%
  lat (msec)   : 2=0.01%, 4=0.01%, 10=0.02%, 20=0.03%, 50=0.09%
  lat (msec)   : 100=95.06%, 250=4.79%
  cpu          : usr=0.70%, sys=59.13%, ctx=245854, majf=0, minf=16398
  IO depths    : 1=0.1%, 2=0.1%, 4=0.1%, 8=0.1%, 16=0.1%, 32=0.1%, >=64=99.9%
     submit    : 0=0.0%, 4=100.0%, 8=0.0%, 16=0.0%, 32=0.0%, 64=0.0%, >=64=0.0%
     complete  : 0=0.0%, 4=100.0%, 8=0.0%, 16=0.0%, 32=0.0%, 64=0.0%, >=64=0.1%
     issued rwts: total=61440,0,0,0 short=0,0,0,0 dropped=0,0,0,0
     latency   : target=0, window=0, percentile=100.00%, depth=128

Run status group 0 (all jobs):
   READ: bw=869MiB/s (911MB/s), 869MiB/s-869MiB/s (911MB/s-911MB/s), io=30.0GiB (32.2GB), run=35363-35363msec
