jobs1: (g=0): rw=randwrite, bs=(R) 32.0KiB-32.0KiB, (W) 32.0KiB-32.0KiB, (T) 32.0KiB-32.0KiB, ioengine=libaio, iodepth=128
...
fio-3.28
Starting 32 processes
jobs1: Laying out IO file (1 file / 30720MiB)

jobs1: (groupid=0, jobs=32): err= 0: pid=168074: Tue Jul 25 18:48:16 2023
  write: IOPS=101k, BW=3141MiB/s (3294MB/s)(30.0GiB/9780msec); 0 zone resets
    slat (usec): min=6, max=453, avg= 9.33, stdev= 2.85
    clat (nsec): min=1413, max=8663.7k, avg=1262986.86, stdev=330788.91
     lat (usec): min=9, max=8713, avg=1272.39, stdev=333.32
    clat percentiles (usec):
     |  1.00th=[ 1106],  5.00th=[ 1123], 10.00th=[ 1123], 20.00th=[ 1123],
     | 30.00th=[ 1123], 40.00th=[ 1123], 50.00th=[ 1123], 60.00th=[ 1123],
     | 70.00th=[ 1123], 80.00th=[ 1139], 90.00th=[ 2040], 95.00th=[ 2040],
     | 99.00th=[ 2057], 99.50th=[ 2057], 99.90th=[ 2507], 99.95th=[ 2737],
     | 99.99th=[ 3490]
   bw (  MiB/s): min= 1891, max= 3539, per=100.00%, avg=3146.32, stdev=674.96, samples=19
   iops        : min=60529, max=113250, avg=100682.21, stdev=21598.92, samples=19
  lat (usec)   : 2=0.01%, 20=0.01%, 50=0.01%, 100=0.01%, 250=0.01%
  lat (usec)   : 500=0.01%, 750=0.01%, 1000=0.01%
  lat (msec)   : 2=85.25%, 4=14.73%, 10=0.01%
  cpu          : usr=10.88%, sys=89.12%, ctx=13, majf=0, minf=73
  IO depths    : 1=0.1%, 2=0.1%, 4=0.1%, 8=0.1%, 16=0.1%, 32=0.1%, >=64=100.0%
     submit    : 0=0.0%, 4=100.0%, 8=0.0%, 16=0.0%, 32=0.0%, 64=0.0%, >=64=0.0%
     complete  : 0=0.0%, 4=100.0%, 8=0.0%, 16=0.0%, 32=0.0%, 64=0.0%, >=64=0.1%
     issued rwts: total=0,983040,0,0 short=0,0,0,0 dropped=0,0,0,0
     latency   : target=0, window=0, percentile=100.00%, depth=128

Run status group 0 (all jobs):
  WRITE: bw=3141MiB/s (3294MB/s), 3141MiB/s-3141MiB/s (3294MB/s-3294MB/s), io=30.0GiB (32.2GB), run=9780-9780msec
