jobs1: (g=0): rw=randread, bs=(R) 512KiB-512KiB, (W) 512KiB-512KiB, (T) 512KiB-512KiB, ioengine=libaio, iodepth=128
...
fio-3.28
Starting 32 processes
jobs1: Laying out IO files (128 files / total 30720MiB)

jobs1: (groupid=0, jobs=32): err= 0: pid=878538: Wed Jul 26 04:31:48 2023
  read: IOPS=11.4k, BW=5721MiB/s (5999MB/s)(30.0GiB/5370msec)
    slat (usec): min=76, max=638, avg=86.36, stdev=15.83
    clat (nsec): min=1952, max=50231k, avg=11038901.82, stdev=1163289.32
     lat (usec): min=87, max=50870, avg=11125.32, stdev=1177.67
    clat percentiles (usec):
     |  1.00th=[10552],  5.00th=[10552], 10.00th=[10683], 20.00th=[10683],
     | 30.00th=[10683], 40.00th=[10683], 50.00th=[10683], 60.00th=[10683],
     | 70.00th=[10683], 80.00th=[12125], 90.00th=[12125], 95.00th=[12125],
     | 99.00th=[12518], 99.50th=[13435], 99.90th=[27395], 99.95th=[36439],
     | 99.99th=[47449]
   bw (  MiB/s): min= 4809, max= 5975, per=100.00%, avg=5732.15, stdev=412.72, samples=10
   iops        : min= 9619, max=11950, avg=11464.20, stdev=825.46, samples=10
  lat (usec)   : 2=0.01%, 100=0.01%, 250=0.01%, 500=0.01%, 750=0.01%
  lat (usec)   : 1000=0.01%
  lat (msec)   : 2=0.02%, 4=0.04%, 10=0.12%, 20=99.65%, 50=0.16%
  lat (msec)   : 100=0.01%
  cpu          : usr=0.95%, sys=99.05%, ctx=4, majf=0, minf=16471
  IO depths    : 1=0.1%, 2=0.1%, 4=0.1%, 8=0.1%, 16=0.1%, 32=0.1%, >=64=99.9%
     submit    : 0=0.0%, 4=100.0%, 8=0.0%, 16=0.0%, 32=0.0%, 64=0.0%, >=64=0.0%
     complete  : 0=0.0%, 4=100.0%, 8=0.0%, 16=0.0%, 32=0.0%, 64=0.0%, >=64=0.1%
     issued rwts: total=61440,0,0,0 short=0,0,0,0 dropped=0,0,0,0
     latency   : target=0, window=0, percentile=100.00%, depth=128

Run status group 0 (all jobs):
   READ: bw=5721MiB/s (5999MB/s), 5721MiB/s-5721MiB/s (5999MB/s-5999MB/s), io=30.0GiB (32.2GB), run=5370-5370msec
