jobs1: (g=0): rw=randwrite, bs=(R) 32.0KiB-32.0KiB, (W) 32.0KiB-32.0KiB, (T) 32.0KiB-32.0KiB, ioengine=libaio, iodepth=128
...
fio-3.28
Starting 32 processes
jobs1: Laying out IO files (64 files / total 30720MiB)

jobs1: (groupid=0, jobs=32): err= 0: pid=476892: Tue Jul 25 22:17:01 2023
  write: IOPS=60.5k, BW=1892MiB/s (1984MB/s)(30.0GiB/16240msec); 0 zone resets
    slat (usec): min=8, max=133931, avg=15.64, stdev=221.19
    clat (nsec): min=1621, max=413322k, avg=2050672.14, stdev=2008982.97
     lat (usec): min=12, max=413404, avg=2066.40, stdev=2055.89
    clat percentiles (usec):
     |  1.00th=[ 1336],  5.00th=[ 1352], 10.00th=[ 1369], 20.00th=[ 1401],
     | 30.00th=[ 1467], 40.00th=[ 1532], 50.00th=[ 1614], 60.00th=[ 1795],
     | 70.00th=[ 1958], 80.00th=[ 2409], 90.00th=[ 2507], 95.00th=[ 2573],
     | 99.00th=[12256], 99.50th=[13566], 99.90th=[18220], 99.95th=[20841],
     | 99.99th=[21365]
   bw (  MiB/s): min=  300, max= 2301, per=100.00%, avg=1892.27, stdev=474.85, samples=32
   iops        : min= 9601, max=73660, avg=60552.47, stdev=15195.11, samples=32
  lat (usec)   : 2=0.01%, 20=0.01%, 50=0.01%, 100=0.01%, 250=0.01%
  lat (usec)   : 500=0.01%, 750=0.01%, 1000=0.01%
  lat (msec)   : 2=71.63%, 4=25.96%, 10=0.21%, 20=2.10%, 50=0.09%
  lat (msec)   : 100=0.01%, 250=0.01%, 500=0.01%
  cpu          : usr=7.11%, sys=78.10%, ctx=1307, majf=0, minf=78
  IO depths    : 1=0.1%, 2=0.1%, 4=0.1%, 8=0.1%, 16=0.1%, 32=0.1%, >=64=100.0%
     submit    : 0=0.0%, 4=100.0%, 8=0.0%, 16=0.0%, 32=0.0%, 64=0.0%, >=64=0.0%
     complete  : 0=0.0%, 4=100.0%, 8=0.0%, 16=0.0%, 32=0.0%, 64=0.0%, >=64=0.1%
     issued rwts: total=0,983040,0,0 short=0,0,0,0 dropped=0,0,0,0
     latency   : target=0, window=0, percentile=100.00%, depth=128

Run status group 0 (all jobs):
  WRITE: bw=1892MiB/s (1984MB/s), 1892MiB/s-1892MiB/s (1984MB/s-1984MB/s), io=30.0GiB (32.2GB), run=16240-16240msec
