jobs1: (g=0): rw=randwrite, bs=(R) 128KiB-128KiB, (W) 128KiB-128KiB, (T) 128KiB-128KiB, ioengine=libaio, iodepth=128
fio-3.28
Starting 1 process
jobs1: Laying out IO files (128 files / total 30720MiB)

jobs1: (groupid=0, jobs=1): err= 0: pid=831312: Wed Jul 26 02:59:49 2023
  write: IOPS=40.4k, BW=5053MiB/s (5298MB/s)(30.0GiB/6080msec); 0 zone resets
    slat (nsec): min=19028, max=62262, avg=24065.60, stdev=6581.44
    clat (nsec): min=1698, max=5815.8k, avg=3140195.67, stdev=845377.21
     lat (usec): min=22, max=5852, avg=3164.32, stdev=851.88
    clat percentiles (usec):
     |  1.00th=[ 2769],  5.00th=[ 2769], 10.00th=[ 2769], 20.00th=[ 2769],
     | 30.00th=[ 2769], 40.00th=[ 2802], 50.00th=[ 2802], 60.00th=[ 2802],
     | 70.00th=[ 2802], 80.00th=[ 2802], 90.00th=[ 5211], 95.00th=[ 5276],
     | 99.00th=[ 5276], 99.50th=[ 5276], 99.90th=[ 5276], 99.95th=[ 5342],
     | 99.99th=[ 5669]
   bw (  MiB/s): min= 3031, max= 5700, per=99.83%, avg=5044.08, stdev=1169.93, samples=12
   iops        : min=24250, max=45600, avg=40352.67, stdev=9359.41, samples=12
  lat (usec)   : 2=0.01%, 50=0.01%, 100=0.01%, 250=0.01%, 500=0.01%
  lat (usec)   : 750=0.01%, 1000=0.01%
  lat (msec)   : 2=0.02%, 4=85.55%, 10=14.41%
  cpu          : usr=9.67%, sys=90.26%, ctx=10, majf=0, minf=11
  IO depths    : 1=0.1%, 2=0.1%, 4=0.1%, 8=0.1%, 16=0.1%, 32=0.1%, >=64=100.0%
     submit    : 0=0.0%, 4=100.0%, 8=0.0%, 16=0.0%, 32=0.0%, 64=0.0%, >=64=0.0%
     complete  : 0=0.0%, 4=100.0%, 8=0.0%, 16=0.0%, 32=0.0%, 64=0.0%, >=64=0.1%
     issued rwts: total=0,245760,0,0 short=0,0,0,0 dropped=0,0,0,0
     latency   : target=0, window=0, percentile=100.00%, depth=128

Run status group 0 (all jobs):
  WRITE: bw=5053MiB/s (5298MB/s), 5053MiB/s-5053MiB/s (5298MB/s-5298MB/s), io=30.0GiB (32.2GB), run=6080-6080msec
