jobs1: (g=0): rw=randwrite, bs=(R) 32.0KiB-32.0KiB, (W) 32.0KiB-32.0KiB, (T) 32.0KiB-32.0KiB, ioengine=libaio, iodepth=128
...
fio-3.28
Starting 32 processes
jobs1: Laying out IO files (64 files / total 30720MiB)

jobs1: (groupid=0, jobs=32): err= 0: pid=478783: Tue Jul 25 22:18:23 2023
  write: IOPS=138k, BW=4327MiB/s (4537MB/s)(30.0GiB/7100msec); 0 zone resets
    slat (nsec): min=5001, max=36811, avg=6593.92, stdev=1432.44
    clat (nsec): min=1303, max=2759.7k, avg=917325.86, stdev=191827.07
     lat (usec): min=7, max=2787, avg=923.98, stdev=193.21
    clat percentiles (usec):
     |  1.00th=[  824],  5.00th=[  824], 10.00th=[  832], 20.00th=[  832],
     | 30.00th=[  832], 40.00th=[  832], 50.00th=[  832], 60.00th=[  840],
     | 70.00th=[  840], 80.00th=[  840], 90.00th=[ 1352], 95.00th=[ 1369],
     | 99.00th=[ 1369], 99.50th=[ 1369], 99.90th=[ 1631], 99.95th=[ 1729],
     | 99.99th=[ 2409]
   bw (  MiB/s): min= 2916, max= 4764, per=100.00%, avg=4351.93, stdev=777.11, samples=13
   iops        : min=93342, max=152460, avg=139261.54, stdev=24867.51, samples=13
  lat (usec)   : 2=0.01%, 10=0.01%, 20=0.01%, 50=0.01%, 100=0.01%
  lat (usec)   : 250=0.01%, 500=0.01%, 750=0.01%, 1000=83.95%
  lat (msec)   : 2=16.00%, 4=0.04%
  cpu          : usr=13.33%, sys=86.70%, ctx=10, majf=1, minf=80
  IO depths    : 1=0.1%, 2=0.1%, 4=0.1%, 8=0.1%, 16=0.1%, 32=0.1%, >=64=100.0%
     submit    : 0=0.0%, 4=100.0%, 8=0.0%, 16=0.0%, 32=0.0%, 64=0.0%, >=64=0.0%
     complete  : 0=0.0%, 4=100.0%, 8=0.0%, 16=0.0%, 32=0.0%, 64=0.0%, >=64=0.1%
     issued rwts: total=0,983040,0,0 short=0,0,0,0 dropped=0,0,0,0
     latency   : target=0, window=0, percentile=100.00%, depth=128

Run status group 0 (all jobs):
  WRITE: bw=4327MiB/s (4537MB/s), 4327MiB/s-4327MiB/s (4537MB/s-4537MB/s), io=30.0GiB (32.2GB), run=7100-7100msec
