jobs1: (g=0): rw=randread, bs=(R) 128KiB-128KiB, (W) 128KiB-128KiB, (T) 128KiB-128KiB, ioengine=libaio, iodepth=128
...
fio-3.28
Starting 16 processes
jobs1: Laying out IO files (64 files / total 30720MiB)

jobs1: (groupid=0, jobs=16): err= 0: pid=511274: Tue Jul 25 23:44:04 2023
  read: IOPS=40.6k, BW=5074MiB/s (5321MB/s)(30.0GiB/6054msec)
    slat (usec): min=19, max=205, avg=23.94, stdev= 4.52
    clat (nsec): min=1696, max=19946k, avg=3122712.04, stdev=481545.13
     lat (usec): min=22, max=20152, avg=3146.72, stdev=485.73
    clat percentiles (usec):
     |  1.00th=[ 2900],  5.00th=[ 2900], 10.00th=[ 2900], 20.00th=[ 2900],
     | 30.00th=[ 2900], 40.00th=[ 2933], 50.00th=[ 2933], 60.00th=[ 2933],
     | 70.00th=[ 2933], 80.00th=[ 2933], 90.00th=[ 4015], 95.00th=[ 4015],
     | 99.00th=[ 4015], 99.50th=[ 4047], 99.90th=[ 4883], 99.95th=[ 5932],
     | 99.99th=[16909]
   bw (  MiB/s): min= 3841, max= 5444, per=100.00%, avg=5106.11, stdev=621.97, samples=11
   iops        : min=30733, max=43552, avg=40848.82, stdev=4975.82, samples=11
  lat (usec)   : 2=0.01%, 50=0.01%, 100=0.01%, 250=0.01%, 500=0.01%
  lat (usec)   : 750=0.01%, 1000=0.01%
  lat (msec)   : 2=0.02%, 4=88.64%, 10=11.29%, 20=0.03%
  cpu          : usr=2.36%, sys=97.60%, ctx=13, majf=0, minf=4140
  IO depths    : 1=0.1%, 2=0.1%, 4=0.1%, 8=0.1%, 16=0.1%, 32=0.1%, >=64=100.0%
     submit    : 0=0.0%, 4=100.0%, 8=0.0%, 16=0.0%, 32=0.0%, 64=0.0%, >=64=0.0%
     complete  : 0=0.0%, 4=100.0%, 8=0.0%, 16=0.0%, 32=0.0%, 64=0.0%, >=64=0.1%
     issued rwts: total=245760,0,0,0 short=0,0,0,0 dropped=0,0,0,0
     latency   : target=0, window=0, percentile=100.00%, depth=128

Run status group 0 (all jobs):
   READ: bw=5074MiB/s (5321MB/s), 5074MiB/s-5074MiB/s (5321MB/s-5321MB/s), io=30.0GiB (32.2GB), run=6054-6054msec
