jobs1: (g=0): rw=randread, bs=(R) 128KiB-128KiB, (W) 128KiB-128KiB, (T) 128KiB-128KiB, ioengine=libaio, iodepth=128
fio-3.28
Starting 1 process
jobs1: Laying out IO files (512 files / total 30720MiB)

jobs1: (groupid=0, jobs=1): err= 0: pid=1140549: Wed Jul 26 07:34:41 2023
  read: IOPS=40.4k, BW=5048MiB/s (5293MB/s)(30.0GiB/6086msec)
    slat (usec): min=19, max=199, avg=24.02, stdev= 4.36
    clat (nsec): min=1410, max=19907k, avg=3139617.27, stdev=469414.19
     lat (usec): min=23, max=20107, avg=3163.71, stdev=473.46
    clat percentiles (usec):
     |  1.00th=[ 2900],  5.00th=[ 2933], 10.00th=[ 2933], 20.00th=[ 2933],
     | 30.00th=[ 2933], 40.00th=[ 2933], 50.00th=[ 2966], 60.00th=[ 2966],
     | 70.00th=[ 2966], 80.00th=[ 2999], 90.00th=[ 3982], 95.00th=[ 4015],
     | 99.00th=[ 4047], 99.50th=[ 4080], 99.90th=[ 5538], 99.95th=[ 6390],
     | 99.99th=[16712]
   bw (  MiB/s): min= 3782, max= 5394, per=99.90%, avg=5042.58, stdev=630.83, samples=12
   iops        : min=30256, max=43156, avg=40340.67, stdev=5046.68, samples=12
  lat (usec)   : 2=0.01%, 50=0.01%, 100=0.01%, 250=0.01%, 500=0.01%
  lat (usec)   : 750=0.01%, 1000=0.01%
  lat (msec)   : 2=0.02%, 4=93.38%, 10=6.56%, 20=0.03%
  cpu          : usr=3.85%, sys=96.12%, ctx=11, majf=0, minf=4108
  IO depths    : 1=0.1%, 2=0.1%, 4=0.1%, 8=0.1%, 16=0.1%, 32=0.1%, >=64=100.0%
     submit    : 0=0.0%, 4=100.0%, 8=0.0%, 16=0.0%, 32=0.0%, 64=0.0%, >=64=0.0%
     complete  : 0=0.0%, 4=100.0%, 8=0.0%, 16=0.0%, 32=0.0%, 64=0.0%, >=64=0.1%
     issued rwts: total=245760,0,0,0 short=0,0,0,0 dropped=0,0,0,0
     latency   : target=0, window=0, percentile=100.00%, depth=128

Run status group 0 (all jobs):
   READ: bw=5048MiB/s (5293MB/s), 5048MiB/s-5048MiB/s (5293MB/s-5293MB/s), io=30.0GiB (32.2GB), run=6086-6086msec
