jobs1: (g=0): rw=randwrite, bs=(R) 32.0KiB-32.0KiB, (W) 32.0KiB-32.0KiB, (T) 32.0KiB-32.0KiB, ioengine=libaio, iodepth=128
...
fio-3.28
Starting 32 processes
jobs1: Laying out IO files (1024 files / total 30720MiB)
fio: pid=1172065, err=24/file:filesetup.c:805, func=open(/tmp/ssfs/home/sevag/fuse_ext4/f1014), error=Too many open files

jobs1: (groupid=0, jobs=32): err=24 (file:filesetup.c:805, func=open(/tmp/ssfs/home/sevag/fuse_ext4/f1014), error=Too many open files): pid=1172065: Wed Jul 26 09:30:40 2023
  write: IOPS=1501, BW=46.9MiB/s (49.2MB/s)(31.7MiB/676msec); 0 zone resets
    slat (usec): min=30, max=134068, avg=445.10, stdev=5325.93
    clat (usec): min=84, max=466012, avg=32185.12, stdev=30527.34
     lat (usec): min=160, max=466098, avg=32630.68, stdev=33405.40
    clat percentiles (msec):
     |  1.00th=[    6],  5.00th=[   17], 10.00th=[   18], 20.00th=[   23],
     | 30.00th=[   24], 40.00th=[   25], 50.00th=[   28], 60.00th=[   31],
     | 70.00th=[   37], 80.00th=[   40], 90.00th=[   45], 95.00th=[   50],
     | 99.00th=[   54], 99.50th=[  253], 99.90th=[  468], 99.95th=[  468],
     | 99.99th=[  468]
   bw (  KiB/s): min=21276, max=21276, per=44.28%, avg=21276.00, stdev= 0.00, samples=1
   iops        : min=  664, max=  664, avg=664.00, stdev= 0.00, samples=1
  lat (usec)   : 100=0.10%
  lat (msec)   : 4=0.59%, 10=1.97%, 20=10.25%, 50=83.65%, 100=2.56%
  lat (msec)   : 250=0.30%, 500=0.59%
  cpu          : usr=2.52%, sys=9.33%, ctx=1094, majf=0, minf=81
  IO depths    : 1=0.1%, 2=0.2%, 4=0.4%, 8=0.8%, 16=1.6%, 32=3.2%, >=64=93.8%
     submit    : 0=0.0%, 4=100.0%, 8=0.0%, 16=0.0%, 32=0.0%, 64=0.0%, >=64=0.0%
     complete  : 0=0.0%, 4=99.9%, 8=0.0%, 16=0.0%, 32=0.0%, 64=0.0%, >=64=0.1%
     issued rwts: total=0,1015,0,0 short=0,0,0,0 dropped=0,0,0,0
     latency   : target=0, window=0, percentile=100.00%, depth=128

Run status group 0 (all jobs):
  WRITE: bw=46.9MiB/s (49.2MB/s), 46.9MiB/s-46.9MiB/s (49.2MB/s-49.2MB/s), io=31.7MiB (33.3MB), run=676-676msec
