jobs1: (g=0): rw=randread, bs=(R) 128KiB-128KiB, (W) 128KiB-128KiB, (T) 128KiB-128KiB, ioengine=libaio, iodepth=128
...
fio-3.28
Starting 16 processes
jobs1: Laying out IO files (512 files / total 30720MiB)

jobs1: (groupid=0, jobs=16): err= 0: pid=1141605: Wed Jul 26 07:46:18 2023
  read: IOPS=51.6k, BW=6446MiB/s (6759MB/s)(30.0GiB/4766msec)
    slat (usec): min=14, max=194, avg=18.70, stdev= 3.41
    clat (nsec): min=1698, max=18037k, avg=2458095.19, stdev=337205.39
     lat (usec): min=18, max=18211, avg=2476.83, stdev=340.30
    clat percentiles (usec):
     |  1.00th=[ 2278],  5.00th=[ 2278], 10.00th=[ 2278], 20.00th=[ 2278],
     | 30.00th=[ 2278], 40.00th=[ 2311], 50.00th=[ 2311], 60.00th=[ 2311],
     | 70.00th=[ 2311], 80.00th=[ 2835], 90.00th=[ 2868], 95.00th=[ 2868],
     | 99.00th=[ 2933], 99.50th=[ 2999], 99.90th=[ 4228], 99.95th=[ 5276],
     | 99.99th=[15139]
   bw (  MiB/s): min= 5286, max= 6922, per=99.58%, avg=6418.76, stdev=712.71, samples=9
   iops        : min=42288, max=55380, avg=51350.00, stdev=5701.70, samples=9
  lat (usec)   : 2=0.01%, 20=0.01%, 50=0.01%, 100=0.01%, 250=0.01%
  lat (usec)   : 500=0.01%, 750=0.01%, 1000=0.01%
  lat (msec)   : 2=0.02%, 4=99.79%, 10=0.14%, 20=0.03%
  cpu          : usr=3.59%, sys=96.43%, ctx=15, majf=0, minf=4155
  IO depths    : 1=0.1%, 2=0.1%, 4=0.1%, 8=0.1%, 16=0.1%, 32=0.1%, >=64=100.0%
     submit    : 0=0.0%, 4=100.0%, 8=0.0%, 16=0.0%, 32=0.0%, 64=0.0%, >=64=0.0%
     complete  : 0=0.0%, 4=100.0%, 8=0.0%, 16=0.0%, 32=0.0%, 64=0.0%, >=64=0.1%
     issued rwts: total=245760,0,0,0 short=0,0,0,0 dropped=0,0,0,0
     latency   : target=0, window=0, percentile=100.00%, depth=128

Run status group 0 (all jobs):
   READ: bw=6446MiB/s (6759MB/s), 6446MiB/s-6446MiB/s (6759MB/s-6759MB/s), io=30.0GiB (32.2GB), run=4766-4766msec
