jobs1: (g=0): rw=randwrite, bs=(R) 32.0KiB-32.0KiB, (W) 32.0KiB-32.0KiB, (T) 32.0KiB-32.0KiB, ioengine=libaio, iodepth=128
fio-3.28
Starting 1 process
jobs1: Laying out IO files (512 files / total 30720MiB)

jobs1: (groupid=0, jobs=1): err= 0: pid=1102525: Wed Jul 26 06:03:49 2023
  write: IOPS=57.8k, BW=1805MiB/s (1893MB/s)(30.0GiB/17020msec); 0 zone resets
    slat (usec): min=8, max=132993, avg=16.36, stdev=244.79
    clat (usec): min=2, max=517026, avg=2140.04, stdev=2419.94
     lat (usec): min=40, max=517108, avg=2156.49, stdev=2480.22
    clat percentiles (usec):
     |  1.00th=[ 1352],  5.00th=[ 1369], 10.00th=[ 1385], 20.00th=[ 1434],
     | 30.00th=[ 1483], 40.00th=[ 1565], 50.00th=[ 1696], 60.00th=[ 1876],
     | 70.00th=[ 1909], 80.00th=[ 2008], 90.00th=[ 2507], 95.00th=[ 2737],
     | 99.00th=[12780], 99.50th=[13304], 99.90th=[20841], 99.95th=[23725],
     | 99.99th=[45351]
   bw (  MiB/s): min=  957, max= 2057, per=100.00%, avg=1859.90, stdev=279.13, samples=33
   iops        : min=30632, max=65848, avg=59516.79, stdev=8932.29, samples=33
  lat (usec)   : 4=0.01%, 50=0.01%, 100=0.01%, 250=0.01%, 500=0.01%
  lat (usec)   : 750=0.01%, 1000=0.01%
  lat (msec)   : 2=79.94%, 4=16.23%, 10=0.85%, 20=2.84%, 50=0.12%
  lat (msec)   : 100=0.01%, 250=0.01%, 500=0.01%, 750=0.01%
  cpu          : usr=6.65%, sys=73.14%, ctx=9483, majf=0, minf=13
  IO depths    : 1=0.1%, 2=0.1%, 4=0.1%, 8=0.1%, 16=0.1%, 32=0.1%, >=64=100.0%
     submit    : 0=0.0%, 4=100.0%, 8=0.0%, 16=0.0%, 32=0.0%, 64=0.0%, >=64=0.0%
     complete  : 0=0.0%, 4=100.0%, 8=0.0%, 16=0.0%, 32=0.0%, 64=0.0%, >=64=0.1%
     issued rwts: total=0,983040,0,0 short=0,0,0,0 dropped=0,0,0,0
     latency   : target=0, window=0, percentile=100.00%, depth=128

Run status group 0 (all jobs):
  WRITE: bw=1805MiB/s (1893MB/s), 1805MiB/s-1805MiB/s (1893MB/s-1893MB/s), io=30.0GiB (32.2GB), run=17020-17020msec
