jobs1: (g=0): rw=randwrite, bs=(R) 4096B-4096B, (W) 4096B-4096B, (T) 4096B-4096B, ioengine=libaio, iodepth=128
...
fio-3.28
Starting 32 processes
jobs1: Laying out IO files (512 files / total 30720MiB)

jobs1: (groupid=0, jobs=32): err= 0: pid=1033532: Wed Jul 26 04:56:13 2023
  write: IOPS=113k, BW=441MiB/s (462MB/s)(30.0GiB/69700msec); 0 zone resets
    slat (nsec): min=1744, max=203997k, avg=7570.41, stdev=266060.99
    clat (nsec): min=1486, max=215550k, avg=1124398.19, stdev=2940177.18
     lat (usec): min=4, max=215556, avg=1132.11, stdev=2951.78
    clat percentiles (usec):
     |  1.00th=[  465],  5.00th=[  478], 10.00th=[  486], 20.00th=[  515],
     | 30.00th=[  545], 40.00th=[  586], 50.00th=[  627], 60.00th=[  668],
     | 70.00th=[  717], 80.00th=[  766], 90.00th=[  906], 95.00th=[ 1106],
     | 99.00th=[18482], 99.50th=[19268], 99.90th=[20055], 99.95th=[20055],
     | 99.99th=[20317]
   bw (  KiB/s): min=287701, max=649344, per=100.00%, avg=451856.32, stdev=48796.47, samples=139
   iops        : min=71925, max=162336, avg=112964.06, stdev=12199.14, samples=139
  lat (usec)   : 2=0.01%, 10=0.01%, 20=0.01%, 50=0.01%, 100=0.01%
  lat (usec)   : 250=0.01%, 500=15.05%, 750=60.82%, 1000=17.52%
  lat (msec)   : 2=3.80%, 4=0.01%, 10=0.06%, 20=2.68%, 50=0.07%
  lat (msec)   : 250=0.01%
  cpu          : usr=14.29%, sys=43.51%, ctx=2650, majf=0, minf=83
  IO depths    : 1=0.1%, 2=0.1%, 4=0.1%, 8=0.1%, 16=0.1%, 32=0.1%, >=64=100.0%
     submit    : 0=0.0%, 4=100.0%, 8=0.0%, 16=0.0%, 32=0.0%, 64=0.0%, >=64=0.0%
     complete  : 0=0.0%, 4=100.0%, 8=0.0%, 16=0.0%, 32=0.0%, 64=0.0%, >=64=0.1%
     issued rwts: total=0,7864320,0,0 short=0,0,0,0 dropped=0,0,0,0
     latency   : target=0, window=0, percentile=100.00%, depth=128

Run status group 0 (all jobs):
  WRITE: bw=441MiB/s (462MB/s), 441MiB/s-441MiB/s (462MB/s-462MB/s), io=30.0GiB (32.2GB), run=69700-69700msec
