jobs1: (g=0): rw=randwrite, bs=(R) 32.0KiB-32.0KiB, (W) 32.0KiB-32.0KiB, (T) 32.0KiB-32.0KiB, ioengine=libaio, iodepth=128
...
fio-3.28
Starting 32 processes
jobs1: Laying out IO files (128 files / total 30720MiB)

jobs1: (groupid=0, jobs=32): err= 0: pid=809419: Wed Jul 26 02:09:05 2023
  write: IOPS=95.6k, BW=2988MiB/s (3133MB/s)(30.0GiB/10280msec); 0 zone resets
    slat (usec): min=6, max=498, avg= 9.80, stdev= 2.95
    clat (nsec): min=1302, max=9286.9k, avg=1327510.84, stdev=346764.73
     lat (usec): min=9, max=9373, avg=1337.38, stdev=349.41
    clat percentiles (usec):
     |  1.00th=[ 1172],  5.00th=[ 1188], 10.00th=[ 1188], 20.00th=[ 1188],
     | 30.00th=[ 1188], 40.00th=[ 1188], 50.00th=[ 1188], 60.00th=[ 1188],
     | 70.00th=[ 1188], 80.00th=[ 1205], 90.00th=[ 2180], 95.00th=[ 2180],
     | 99.00th=[ 2212], 99.50th=[ 2212], 99.90th=[ 2474], 99.95th=[ 2933],
     | 99.99th=[ 3687]
   bw (  MiB/s): min= 1764, max= 3345, per=100.00%, avg=2994.29, stdev=632.15, samples=20
   iops        : min=56458, max=107062, avg=95817.30, stdev=20228.74, samples=20
  lat (usec)   : 2=0.01%, 10=0.01%, 50=0.01%, 100=0.01%, 250=0.01%
  lat (usec)   : 500=0.01%, 750=0.01%, 1000=0.01%
  lat (msec)   : 2=86.45%, 4=13.53%, 10=0.01%
  cpu          : usr=10.35%, sys=89.65%, ctx=22, majf=0, minf=74
  IO depths    : 1=0.1%, 2=0.1%, 4=0.1%, 8=0.1%, 16=0.1%, 32=0.1%, >=64=100.0%
     submit    : 0=0.0%, 4=100.0%, 8=0.0%, 16=0.0%, 32=0.0%, 64=0.0%, >=64=0.0%
     complete  : 0=0.0%, 4=100.0%, 8=0.0%, 16=0.0%, 32=0.0%, 64=0.0%, >=64=0.1%
     issued rwts: total=0,983040,0,0 short=0,0,0,0 dropped=0,0,0,0
     latency   : target=0, window=0, percentile=100.00%, depth=128

Run status group 0 (all jobs):
  WRITE: bw=2988MiB/s (3133MB/s), 2988MiB/s-2988MiB/s (3133MB/s-3133MB/s), io=30.0GiB (32.2GB), run=10280-10280msec
