jobs1: (g=0): rw=randread, bs=(R) 128KiB-128KiB, (W) 128KiB-128KiB, (T) 128KiB-128KiB, ioengine=libaio, iodepth=128
fio-3.28
Starting 1 process
jobs1: Laying out IO files (1024 files / total 30720MiB)
fio: pid=1188145, err=24/file:filesetup.c:805, func=open(/tmp/ssfs/home/sevag/fuse_ext4/f1012), error=Too many open files

jobs1: (groupid=0, jobs=1): err=24 (file:filesetup.c:805, func=open(/tmp/ssfs/home/sevag/fuse_ext4/f1012), error=Too many open files): pid=1188145: Wed Jul 26 10:24:20 2023
  read: IOPS=1389, BW=174MiB/s (182MB/s)(127MiB/729msec)
    slat (usec): min=270, max=734, avg=407.73, stdev=54.96
    clat (usec): min=88, max=124889, avg=83972.02, stdev=19003.88
     lat (usec): min=462, max=125581, avg=84380.79, stdev=19018.60
    clat percentiles (msec):
     |  1.00th=[   11],  5.00th=[   38], 10.00th=[   72], 20.00th=[   83],
     | 30.00th=[   84], 40.00th=[   85], 50.00th=[   86], 60.00th=[   86],
     | 70.00th=[   90], 80.00th=[   94], 90.00th=[   97], 95.00th=[  116],
     | 99.00th=[  123], 99.50th=[  124], 99.90th=[  125], 99.95th=[  126],
     | 99.99th=[  126]
   bw (  KiB/s): min=141056, max=141056, per=79.30%, avg=141056.00, stdev= 0.00, samples=1
   iops        : min= 1102, max= 1102, avg=1102.00, stdev= 0.00, samples=1
  lat (usec)   : 100=0.10%
  lat (msec)   : 10=0.89%, 20=1.48%, 50=4.34%, 100=87.36%, 250=5.82%
  cpu          : usr=3.85%, sys=25.96%, ctx=2053, majf=0, minf=4115
  IO depths    : 1=0.1%, 2=0.2%, 4=0.4%, 8=0.8%, 16=1.6%, 32=3.2%, >=64=93.8%
     submit    : 0=0.0%, 4=100.0%, 8=0.0%, 16=0.0%, 32=0.0%, 64=0.0%, >=64=0.0%
     complete  : 0=0.0%, 4=99.9%, 8=0.0%, 16=0.0%, 32=0.0%, 64=0.0%, >=64=0.1%
     issued rwts: total=1013,0,0,0 short=0,0,0,0 dropped=0,0,0,0
     latency   : target=0, window=0, percentile=100.00%, depth=128

Run status group 0 (all jobs):
   READ: bw=174MiB/s (182MB/s), 174MiB/s-174MiB/s (182MB/s-182MB/s), io=127MiB (133MB), run=729-729msec
