jobs1: (g=0): rw=randwrite, bs=(R) 512KiB-512KiB, (W) 512KiB-512KiB, (T) 512KiB-512KiB, ioengine=libaio, iodepth=128
...
fio-3.28
Starting 32 processes
jobs1: Laying out IO files (512 files / total 30720MiB)

jobs1: (groupid=0, jobs=32): err= 0: pid=1148392: Wed Jul 26 08:08:09 2023
  write: IOPS=5772, BW=2886MiB/s (3027MB/s)(30.0GiB/10643msec); 0 zone resets
    slat (usec): min=143, max=2263, avg=171.88, stdev=41.99
    clat (usec): min=2, max=53231, avg=21926.23, stdev=4874.43
     lat (usec): min=166, max=53763, avg=22098.24, stdev=4913.19
    clat percentiles (usec):
     |  1.00th=[19792],  5.00th=[20055], 10.00th=[20055], 20.00th=[20055],
     | 30.00th=[20055], 40.00th=[20055], 50.00th=[20055], 60.00th=[20055],
     | 70.00th=[20055], 80.00th=[20055], 90.00th=[34341], 95.00th=[34341],
     | 99.00th=[34866], 99.50th=[34866], 99.90th=[34866], 99.95th=[35914],
     | 99.99th=[50070]
   bw (  MiB/s): min= 1725, max= 3175, per=99.80%, avg=2880.50, stdev=552.53, samples=21
   iops        : min= 3450, max= 6350, avg=5760.86, stdev=1105.10, samples=21
  lat (usec)   : 4=0.01%, 250=0.01%, 500=0.01%, 750=0.01%, 1000=0.01%
  lat (msec)   : 2=0.01%, 4=0.02%, 10=0.06%, 20=32.32%, 50=67.57%
  lat (msec)   : 100=0.01%
  cpu          : usr=10.15%, sys=89.86%, ctx=15, majf=0, minf=71
  IO depths    : 1=0.1%, 2=0.1%, 4=0.1%, 8=0.1%, 16=0.1%, 32=0.1%, >=64=99.9%
     submit    : 0=0.0%, 4=100.0%, 8=0.0%, 16=0.0%, 32=0.0%, 64=0.0%, >=64=0.0%
     complete  : 0=0.0%, 4=100.0%, 8=0.0%, 16=0.0%, 32=0.0%, 64=0.0%, >=64=0.1%
     issued rwts: total=0,61440,0,0 short=0,0,0,0 dropped=0,0,0,0
     latency   : target=0, window=0, percentile=100.00%, depth=128

Run status group 0 (all jobs):
  WRITE: bw=2886MiB/s (3027MB/s), 2886MiB/s-2886MiB/s (3027MB/s-3027MB/s), io=30.0GiB (32.2GB), run=10643-10643msec
