jobs1: (g=0): rw=randwrite, bs=(R) 128KiB-128KiB, (W) 128KiB-128KiB, (T) 128KiB-128KiB, ioengine=libaio, iodepth=128
...
fio-3.28
Starting 16 processes
jobs1: Laying out IO files (64 files / total 30720MiB)

jobs1: (groupid=0, jobs=16): err= 0: pid=496508: Tue Jul 25 23:07:36 2023
  write: IOPS=17.2k, BW=2148MiB/s (2252MB/s)(30.0GiB/14301msec); 0 zone resets
    slat (usec): min=33, max=159718, avg=57.21, stdev=558.31
    clat (usec): min=2, max=364237, avg=7144.70, stdev=2726.46
     lat (usec): min=55, max=496583, avg=7202.00, stdev=2910.72
    clat percentiles (usec):
     |  1.00th=[ 5604],  5.00th=[ 5669], 10.00th=[ 5669], 20.00th=[ 5735],
     | 30.00th=[ 5800], 40.00th=[ 5866], 50.00th=[ 5932], 60.00th=[ 6128],
     | 70.00th=[ 7439], 80.00th=[ 7701], 90.00th=[10028], 95.00th=[10159],
     | 99.00th=[18744], 99.50th=[20317], 99.90th=[25560], 99.95th=[26346],
     | 99.99th=[38536]
   bw (  MiB/s): min=  102, max= 2614, per=100.00%, avg=2155.41, stdev=579.86, samples=28
   iops        : min=  816, max=20912, avg=17243.25, stdev=4638.97, samples=28
  lat (usec)   : 4=0.01%, 100=0.01%, 250=0.01%, 500=0.01%, 750=0.01%
  lat (usec)   : 1000=0.01%
  lat (msec)   : 2=0.01%, 4=0.01%, 10=87.94%, 20=11.49%, 50=0.54%
  lat (msec)   : 250=0.01%, 500=0.01%
  cpu          : usr=7.79%, sys=83.71%, ctx=1050, majf=0, minf=45
  IO depths    : 1=0.1%, 2=0.1%, 4=0.1%, 8=0.1%, 16=0.1%, 32=0.1%, >=64=100.0%
     submit    : 0=0.0%, 4=100.0%, 8=0.0%, 16=0.0%, 32=0.0%, 64=0.0%, >=64=0.0%
     complete  : 0=0.0%, 4=100.0%, 8=0.0%, 16=0.0%, 32=0.0%, 64=0.0%, >=64=0.1%
     issued rwts: total=0,245760,0,0 short=0,0,0,0 dropped=0,0,0,0
     latency   : target=0, window=0, percentile=100.00%, depth=128

Run status group 0 (all jobs):
  WRITE: bw=2148MiB/s (2252MB/s), 2148MiB/s-2148MiB/s (2252MB/s-2252MB/s), io=30.0GiB (32.2GB), run=14301-14301msec
