jobs1: (g=0): rw=randwrite, bs=(R) 128KiB-128KiB, (W) 128KiB-128KiB, (T) 128KiB-128KiB, ioengine=libaio, iodepth=128
...
fio-3.28
Starting 32 processes
jobs1: Laying out IO files (1024 files / total 30720MiB)
fio: pid=1183748, err=24/file:filesetup.c:805, func=open(/home/sevag/fuse_boc//f1018), error=Too many open files

jobs1: (groupid=0, jobs=32): err=24 (file:filesetup.c:805, func=open(/home/sevag/fuse_boc//f1018), error=Too many open files): pid=1183748: Wed Jul 26 10:05:15 2023
  write: IOPS=2244, BW=281MiB/s (294MB/s)(127MiB/454msec); 0 zone resets
    slat (usec): min=52, max=159541, avg=411.11, stdev=6475.70
    clat (usec): min=34, max=266894, avg=11811.61, stdev=9425.94
     lat (usec): min=91, max=371935, avg=12222.91, stdev=14691.49
    clat percentiles (usec):
     |  1.00th=[   889],  5.00th=[  4752], 10.00th=[  8717], 20.00th=[ 10159],
     | 30.00th=[ 10290], 40.00th=[ 10421], 50.00th=[ 10683], 60.00th=[ 10945],
     | 70.00th=[ 11338], 80.00th=[ 13304], 90.00th=[ 16450], 95.00th=[ 19268],
     | 99.00th=[ 25297], 99.50th=[ 26084], 99.90th=[107480], 99.95th=[267387],
     | 99.99th=[267387]
  lat (usec)   : 50=0.10%, 250=0.10%, 500=0.29%, 750=0.39%, 1000=0.29%
  lat (msec)   : 2=1.08%, 4=1.96%, 10=7.26%, 20=84.40%, 50=3.93%
  lat (msec)   : 250=0.10%, 500=0.10%
  cpu          : usr=1.77%, sys=18.10%, ctx=1061, majf=0, minf=82
  IO depths    : 1=0.1%, 2=0.2%, 4=0.4%, 8=0.8%, 16=1.6%, 32=3.1%, >=64=93.8%
     submit    : 0=0.0%, 4=100.0%, 8=0.0%, 16=0.0%, 32=0.0%, 64=0.0%, >=64=0.0%
     complete  : 0=0.0%, 4=99.9%, 8=0.0%, 16=0.0%, 32=0.0%, 64=0.0%, >=64=0.1%
     issued rwts: total=0,1019,0,0 short=0,0,0,0 dropped=0,0,0,0
     latency   : target=0, window=0, percentile=100.00%, depth=128

Run status group 0 (all jobs):
  WRITE: bw=281MiB/s (294MB/s), 281MiB/s-281MiB/s (294MB/s-294MB/s), io=127MiB (134MB), run=454-454msec
