jobs1: (g=0): rw=randread, bs=(R) 128KiB-128KiB, (W) 128KiB-128KiB, (T) 128KiB-128KiB, ioengine=libaio, iodepth=128
...
fio-3.28
Starting 32 processes
jobs1: Laying out IO files (1024 files / total 30720MiB)
fio: pid=1190391, err=24/file:filesetup.c:805, func=open(/home/sevag/tmpfs//f1018), error=Too many open files

jobs1: (groupid=0, jobs=32): err=24 (file:filesetup.c:805, func=open(/home/sevag/tmpfs//f1018), error=Too many open files): pid=1190391: Wed Jul 26 10:33:30 2023
  read: IOPS=18.2k, BW=2275MiB/s (2385MB/s)(127MiB/56msec)
    slat (usec): min=29, max=205, avg=49.64, stdev=41.59
    clat (usec): min=34, max=20644, avg=5513.34, stdev=3311.59
     lat (usec): min=72, max=20850, avg=5563.12, stdev=3349.52
    clat percentiles (usec):
     |  1.00th=[  490],  5.00th=[ 1909], 10.00th=[ 3720], 20.00th=[ 4490],
     | 30.00th=[ 4490], 40.00th=[ 4555], 50.00th=[ 4555], 60.00th=[ 4817],
     | 70.00th=[ 5145], 80.00th=[ 5276], 90.00th=[ 8455], 95.00th=[14222],
     | 99.00th=[19268], 99.50th=[20055], 99.90th=[20579], 99.95th=[20579],
     | 99.99th=[20579]
  lat (usec)   : 50=0.10%, 250=0.29%, 500=0.69%, 750=0.69%, 1000=0.69%
  lat (msec)   : 2=2.75%, 4=5.50%, 10=81.16%, 20=7.56%, 50=0.59%
  cpu          : usr=16.36%, sys=76.36%, ctx=0, majf=0, minf=4207
  IO depths    : 1=0.1%, 2=0.2%, 4=0.4%, 8=0.8%, 16=1.6%, 32=3.1%, >=64=93.8%
     submit    : 0=0.0%, 4=100.0%, 8=0.0%, 16=0.0%, 32=0.0%, 64=0.0%, >=64=0.0%
     complete  : 0=0.0%, 4=99.9%, 8=0.0%, 16=0.0%, 32=0.0%, 64=0.0%, >=64=0.1%
     issued rwts: total=1019,0,0,0 short=0,0,0,0 dropped=0,0,0,0
     latency   : target=0, window=0, percentile=100.00%, depth=128

Run status group 0 (all jobs):
   READ: bw=2275MiB/s (2385MB/s), 2275MiB/s-2275MiB/s (2385MB/s-2385MB/s), io=127MiB (134MB), run=56-56msec
