jobs1: (g=0): rw=randwrite, bs=(R) 512KiB-512KiB, (W) 512KiB-512KiB, (T) 512KiB-512KiB, ioengine=libaio, iodepth=128
...
fio-3.28
Starting 32 processes
jobs1: Laying out IO files (64 files / total 30720MiB)

jobs1: (groupid=0, jobs=32): err= 0: pid=517544: Tue Jul 25 23:58:12 2023
  write: IOPS=3865, BW=1933MiB/s (2027MB/s)(30.0GiB/15895msec); 0 zone resets
    slat (usec): min=167, max=594771, avg=257.00, stdev=2475.38
    clat (usec): min=2, max=135019, avg=31421.78, stdev=7180.61
     lat (usec): min=259, max=729793, avg=31678.93, stdev=7741.08
    clat percentiles (usec):
     |  1.00th=[23987],  5.00th=[24249], 10.00th=[24511], 20.00th=[24773],
     | 30.00th=[25035], 40.00th=[25297], 50.00th=[32900], 60.00th=[34341],
     | 70.00th=[35914], 80.00th=[36963], 90.00th=[39060], 95.00th=[42730],
     | 99.00th=[52691], 99.50th=[54789], 99.90th=[62653], 99.95th=[68682],
     | 99.99th=[81265]
   bw (  MiB/s): min=  698, max= 2571, per=100.00%, avg=2008.25, stdev=377.57, samples=30
   iops        : min= 1396, max= 5142, avg=4016.40, stdev=755.15, samples=30
  lat (usec)   : 4=0.01%, 500=0.01%, 750=0.01%, 1000=0.01%
  lat (msec)   : 2=0.01%, 4=0.01%, 20=0.05%, 50=97.73%, 100=2.19%
  lat (msec)   : 250=0.01%
  cpu          : usr=7.26%, sys=75.78%, ctx=301, majf=0, minf=69
  IO depths    : 1=0.1%, 2=0.1%, 4=0.1%, 8=0.1%, 16=0.1%, 32=0.1%, >=64=99.9%
     submit    : 0=0.0%, 4=100.0%, 8=0.0%, 16=0.0%, 32=0.0%, 64=0.0%, >=64=0.0%
     complete  : 0=0.0%, 4=100.0%, 8=0.0%, 16=0.0%, 32=0.0%, 64=0.0%, >=64=0.1%
     issued rwts: total=0,61440,0,0 short=0,0,0,0 dropped=0,0,0,0
     latency   : target=0, window=0, percentile=100.00%, depth=128

Run status group 0 (all jobs):
  WRITE: bw=1933MiB/s (2027MB/s), 1933MiB/s-1933MiB/s (2027MB/s-2027MB/s), io=30.0GiB (32.2GB), run=15895-15895msec
