jobs1: (g=0): rw=randread, bs=(R) 128KiB-128KiB, (W) 128KiB-128KiB, (T) 128KiB-128KiB, ioengine=libaio, iodepth=128
fio-3.28
Starting 1 process
jobs1: Laying out IO files (128 files / total 30720MiB)

jobs1: (groupid=0, jobs=1): err= 0: pid=846170: Wed Jul 26 03:25:12 2023
  read: IOPS=2533, BW=317MiB/s (332MB/s)(30.0GiB/96989msec)
    slat (usec): min=234, max=735, avg=386.36, stdev=38.40
    clat (usec): min=5, max=123859, avg=50093.29, stdev=2700.58
     lat (usec): min=383, max=124551, avg=50480.56, stdev=2712.22
    clat percentiles (msec):
     |  1.00th=[   47],  5.00th=[   47], 10.00th=[   48], 20.00th=[   48],
     | 30.00th=[   49], 40.00th=[   50], 50.00th=[   50], 60.00th=[   51],
     | 70.00th=[   52], 80.00th=[   53], 90.00th=[   54], 95.00th=[   55],
     | 99.00th=[   56], 99.50th=[   56], 99.90th=[   57], 99.95th=[   57],
     | 99.99th=[  116]
   bw (  KiB/s): min=227584, max=339200, per=99.98%, avg=324284.35, stdev=11277.62, samples=193
   iops        : min= 1778, max= 2650, avg=2533.47, stdev=88.11, samples=193
  lat (usec)   : 10=0.01%, 500=0.01%, 750=0.01%
  lat (msec)   : 2=0.01%, 4=0.01%, 10=0.01%, 20=0.01%, 50=55.44%
  lat (msec)   : 100=44.52%, 250=0.02%
  cpu          : usr=1.35%, sys=34.52%, ctx=245971, majf=0, minf=4108
  IO depths    : 1=0.1%, 2=0.1%, 4=0.1%, 8=0.1%, 16=0.1%, 32=0.1%, >=64=100.0%
     submit    : 0=0.0%, 4=100.0%, 8=0.0%, 16=0.0%, 32=0.0%, 64=0.0%, >=64=0.0%
     complete  : 0=0.0%, 4=100.0%, 8=0.0%, 16=0.0%, 32=0.0%, 64=0.0%, >=64=0.1%
     issued rwts: total=245760,0,0,0 short=0,0,0,0 dropped=0,0,0,0
     latency   : target=0, window=0, percentile=100.00%, depth=128

Run status group 0 (all jobs):
   READ: bw=317MiB/s (332MB/s), 317MiB/s-317MiB/s (332MB/s-332MB/s), io=30.0GiB (32.2GB), run=96989-96989msec
