jobs1: (g=0): rw=randwrite, bs=(R) 512KiB-512KiB, (W) 512KiB-512KiB, (T) 512KiB-512KiB, ioengine=libaio, iodepth=128
fio-3.28
Starting 1 process
jobs1: Laying out IO files (512 files / total 30720MiB)

jobs1: (groupid=0, jobs=1): err= 0: pid=1145827: Wed Jul 26 07:59:45 2023
  write: IOPS=5697, BW=2849MiB/s (2987MB/s)(30.0GiB/10784msec); 0 zone resets
    slat (usec): min=142, max=324, avg=174.19, stdev=39.40
    clat (usec): min=2, max=36580, avg=22251.93, stdev=5036.98
     lat (usec): min=160, max=36862, avg=22426.25, stdev=5075.82
    clat percentiles (usec):
     |  1.00th=[20055],  5.00th=[20317], 10.00th=[20317], 20.00th=[20317],
     | 30.00th=[20317], 40.00th=[20317], 50.00th=[20317], 60.00th=[20317],
     | 70.00th=[20317], 80.00th=[20317], 90.00th=[34866], 95.00th=[34866],
     | 99.00th=[35390], 99.50th=[35914], 99.90th=[36439], 99.95th=[36439],
     | 99.99th=[36439]
   bw (  MiB/s): min= 1664, max= 3133, per=99.58%, avg=2836.71, stdev=551.12, samples=21
   iops        : min= 3328, max= 6266, avg=5673.43, stdev=1102.25, samples=21
  lat (usec)   : 4=0.01%, 250=0.01%, 500=0.01%, 750=0.01%, 1000=0.01%
  lat (msec)   : 2=0.01%, 4=0.02%, 10=0.06%, 20=0.10%, 50=99.79%
  cpu          : usr=9.51%, sys=90.49%, ctx=18, majf=0, minf=12
  IO depths    : 1=0.1%, 2=0.1%, 4=0.1%, 8=0.1%, 16=0.1%, 32=0.1%, >=64=99.9%
     submit    : 0=0.0%, 4=100.0%, 8=0.0%, 16=0.0%, 32=0.0%, 64=0.0%, >=64=0.0%
     complete  : 0=0.0%, 4=100.0%, 8=0.0%, 16=0.0%, 32=0.0%, 64=0.0%, >=64=0.1%
     issued rwts: total=0,61440,0,0 short=0,0,0,0 dropped=0,0,0,0
     latency   : target=0, window=0, percentile=100.00%, depth=128

Run status group 0 (all jobs):
  WRITE: bw=2849MiB/s (2987MB/s), 2849MiB/s-2849MiB/s (2987MB/s-2987MB/s), io=30.0GiB (32.2GB), run=10784-10784msec
