jobs1: (g=0): rw=randwrite, bs=(R) 4096B-4096B, (W) 4096B-4096B, (T) 4096B-4096B, ioengine=libaio, iodepth=128
...
fio-3.28
Starting 16 processes
jobs1: Laying out IO file (1 file / 30720MiB)

jobs1: (groupid=0, jobs=16): err= 0: pid=80099: Tue Jul 25 17:42:48 2023
  write: IOPS=240k, BW=936MiB/s (982MB/s)(30.0GiB/32815msec); 0 zone resets
    slat (nsec): min=1445, max=122456k, avg=3467.88, stdev=100501.84
    clat (nsec): min=1908, max=722588k, avg=525805.02, stdev=3295152.99
     lat (usec): min=3, max=722607, avg=529.35, stdev=3321.93
    clat percentiles (usec):
     |  1.00th=[  302],  5.00th=[  363], 10.00th=[  379], 20.00th=[  400],
     | 30.00th=[  416], 40.00th=[  474], 50.00th=[  494], 60.00th=[  506],
     | 70.00th=[  515], 80.00th=[  537], 90.00th=[  652], 95.00th=[  701],
     | 99.00th=[  725], 99.50th=[  750], 99.90th=[10290], 99.95th=[11600],
     | 99.99th=[19006]
   bw (  KiB/s): min=  158, max=1252640, per=100.00%, avg=965150.23, stdev=235116.50, samples=65
   iops        : min=   39, max=313160, avg=241287.55, stdev=58779.13, samples=65
  lat (usec)   : 2=0.01%, 10=0.01%, 20=0.01%, 50=0.01%, 100=0.01%
  lat (usec)   : 250=0.01%, 500=54.85%, 750=44.64%, 1000=0.30%
  lat (msec)   : 2=0.05%, 10=0.05%, 20=0.11%, 50=0.01%, 100=0.01%
  lat (msec)   : 250=0.01%, 500=0.01%, 750=0.01%
  cpu          : usr=16.45%, sys=75.90%, ctx=210, majf=0, minf=54
  IO depths    : 1=0.1%, 2=0.1%, 4=0.1%, 8=0.1%, 16=0.1%, 32=0.1%, >=64=100.0%
     submit    : 0=0.0%, 4=100.0%, 8=0.0%, 16=0.0%, 32=0.0%, 64=0.0%, >=64=0.0%
     complete  : 0=0.0%, 4=100.0%, 8=0.0%, 16=0.0%, 32=0.0%, 64=0.0%, >=64=0.1%
     issued rwts: total=0,7864320,0,0 short=0,0,0,0 dropped=0,0,0,0
     latency   : target=0, window=0, percentile=100.00%, depth=128

Run status group 0 (all jobs):
  WRITE: bw=936MiB/s (982MB/s), 936MiB/s-936MiB/s (982MB/s-982MB/s), io=30.0GiB (32.2GB), run=32815-32815msec
