jobs1: (g=0): rw=randwrite, bs=(R) 32.0KiB-32.0KiB, (W) 32.0KiB-32.0KiB, (T) 32.0KiB-32.0KiB, ioengine=libaio, iodepth=128
...
fio-3.28
Starting 32 processes
jobs1: Laying out IO files (512 files / total 30720MiB)

jobs1: (groupid=0, jobs=32): err= 0: pid=1109261: Wed Jul 26 06:09:03 2023
  write: IOPS=43.5k, BW=1358MiB/s (1424MB/s)(30.0GiB/22614msec); 0 zone resets
    slat (usec): min=8, max=43281, avg=22.07, stdev=346.05
    clat (usec): min=2, max=1015.1k, avg=2804.87, stdev=4348.84
     lat (usec): min=18, max=1015.2k, avg=2827.04, stdev=4473.74
    clat percentiles (usec):
     |  1.00th=[ 1385],  5.00th=[ 1467], 10.00th=[ 1532], 20.00th=[ 1663],
     | 30.00th=[ 1762], 40.00th=[ 1860], 50.00th=[ 1876], 60.00th=[ 1893],
     | 70.00th=[ 1958], 80.00th=[ 2409], 90.00th=[ 2606], 95.00th=[11731],
     | 99.00th=[15533], 99.50th=[17433], 99.90th=[21365], 99.95th=[21627],
     | 99.99th=[22152]
   bw (  MiB/s): min=  906, max= 1618, per=100.00%, avg=1424.57, stdev=191.56, samples=43
   iops        : min=28992, max=51806, avg=45586.16, stdev=6129.83, samples=43
  lat (usec)   : 4=0.01%, 20=0.01%, 50=0.01%, 100=0.01%, 250=0.01%
  lat (usec)   : 500=0.01%, 750=0.01%, 1000=0.01%
  lat (msec)   : 2=72.52%, 4=19.09%, 10=0.57%, 20=7.53%, 50=0.28%
  lat (msec)   : 100=0.01%, 250=0.01%, 500=0.01%, 750=0.01%, 1000=0.01%
  lat (msec)   : 2000=0.01%
  cpu          : usr=6.37%, sys=58.57%, ctx=1223, majf=0, minf=75
  IO depths    : 1=0.1%, 2=0.1%, 4=0.1%, 8=0.1%, 16=0.1%, 32=0.1%, >=64=100.0%
     submit    : 0=0.0%, 4=100.0%, 8=0.0%, 16=0.0%, 32=0.0%, 64=0.0%, >=64=0.0%
     complete  : 0=0.0%, 4=100.0%, 8=0.0%, 16=0.0%, 32=0.0%, 64=0.0%, >=64=0.1%
     issued rwts: total=0,983040,0,0 short=0,0,0,0 dropped=0,0,0,0
     latency   : target=0, window=0, percentile=100.00%, depth=128

Run status group 0 (all jobs):
  WRITE: bw=1358MiB/s (1424MB/s), 1358MiB/s-1358MiB/s (1424MB/s-1424MB/s), io=30.0GiB (32.2GB), run=22614-22614msec
