jobs1: (g=0): rw=randwrite, bs=(R) 32.0KiB-32.0KiB, (W) 32.0KiB-32.0KiB, (T) 32.0KiB-32.0KiB, ioengine=libaio, iodepth=128
...
fio-3.28
Starting 32 processes
jobs1: Laying out IO files (64 files / total 30720MiB)

jobs1: (groupid=0, jobs=32): err= 0: pid=478483: Tue Jul 25 22:17:50 2023
  write: IOPS=112k, BW=3491MiB/s (3661MB/s)(30.0GiB/8799msec); 0 zone resets
    slat (usec): min=6, max=460, avg= 8.37, stdev= 1.31
    clat (nsec): min=1306, max=7755.7k, avg=1136250.67, stdev=63654.74
     lat (usec): min=8, max=7894, avg=1144.69, stdev=64.32
    clat percentiles (usec):
     |  1.00th=[ 1123],  5.00th=[ 1123], 10.00th=[ 1123], 20.00th=[ 1123],
     | 30.00th=[ 1123], 40.00th=[ 1123], 50.00th=[ 1123], 60.00th=[ 1139],
     | 70.00th=[ 1139], 80.00th=[ 1139], 90.00th=[ 1139], 95.00th=[ 1156],
     | 99.00th=[ 1319], 99.50th=[ 1352], 99.90th=[ 2008], 99.95th=[ 2180],
     | 99.99th=[ 2900]
   bw (  MiB/s): min= 3215, max= 3525, per=100.00%, avg=3494.03, stdev=72.79, samples=17
   iops        : min=102908, max=112802, avg=111808.88, stdev=2329.29, samples=17
  lat (usec)   : 2=0.01%, 10=0.01%, 20=0.01%, 50=0.01%, 100=0.01%
  lat (usec)   : 250=0.01%, 500=0.01%, 750=0.01%, 1000=0.01%
  lat (msec)   : 2=99.89%, 4=0.09%, 10=0.01%
  cpu          : usr=8.89%, sys=91.12%, ctx=14, majf=0, minf=67
  IO depths    : 1=0.1%, 2=0.1%, 4=0.1%, 8=0.1%, 16=0.1%, 32=0.1%, >=64=100.0%
     submit    : 0=0.0%, 4=100.0%, 8=0.0%, 16=0.0%, 32=0.0%, 64=0.0%, >=64=0.0%
     complete  : 0=0.0%, 4=100.0%, 8=0.0%, 16=0.0%, 32=0.0%, 64=0.0%, >=64=0.1%
     issued rwts: total=0,983040,0,0 short=0,0,0,0 dropped=0,0,0,0
     latency   : target=0, window=0, percentile=100.00%, depth=128

Run status group 0 (all jobs):
  WRITE: bw=3491MiB/s (3661MB/s), 3491MiB/s-3491MiB/s (3661MB/s-3661MB/s), io=30.0GiB (32.2GB), run=8799-8799msec
