jobs1: (g=0): rw=randread, bs=(R) 4096B-4096B, (W) 4096B-4096B, (T) 4096B-4096B, ioengine=libaio, iodepth=128
...
fio-3.28
Starting 16 processes
jobs1: Laying out IO files (128 files / total 30720MiB)

jobs1: (groupid=0, jobs=16): err= 0: pid=796856: Wed Jul 26 01:51:10 2023
  read: IOPS=484k, BW=1890MiB/s (1982MB/s)(30.0GiB/16253msec)
    slat (nsec): min=917, max=30571, avg=1551.92, stdev=507.06
    clat (nsec): min=1495, max=2153.6k, avg=262667.70, stdev=43261.33
     lat (usec): min=4, max=2181, avg=264.26, stdev=43.53
    clat percentiles (usec):
     |  1.00th=[  241],  5.00th=[  249], 10.00th=[  249], 20.00th=[  251],
     | 30.00th=[  251], 40.00th=[  253], 50.00th=[  253], 60.00th=[  253],
     | 70.00th=[  255], 80.00th=[  255], 90.00th=[  258], 95.00th=[  408],
     | 99.00th=[  445], 99.50th=[  449], 99.90th=[  453], 99.95th=[  465],
     | 99.99th=[  799]
   bw (  MiB/s): min= 1123, max= 2020, per=100.00%, avg=1892.73, stdev=235.82, samples=32
   iops        : min=287673, max=517250, avg=484539.84, stdev=60370.37, samples=32
  lat (usec)   : 2=0.01%, 10=0.01%, 20=0.01%, 50=0.01%, 100=0.01%
  lat (usec)   : 250=14.17%, 500=85.78%, 750=0.03%, 1000=0.02%
  lat (msec)   : 2=0.01%, 4=0.01%
  cpu          : usr=23.35%, sys=76.64%, ctx=35, majf=0, minf=166
  IO depths    : 1=0.1%, 2=0.1%, 4=0.1%, 8=0.1%, 16=0.1%, 32=0.1%, >=64=100.0%
     submit    : 0=0.0%, 4=100.0%, 8=0.0%, 16=0.0%, 32=0.0%, 64=0.0%, >=64=0.0%
     complete  : 0=0.0%, 4=100.0%, 8=0.0%, 16=0.0%, 32=0.0%, 64=0.0%, >=64=0.1%
     issued rwts: total=7864320,0,0,0 short=0,0,0,0 dropped=0,0,0,0
     latency   : target=0, window=0, percentile=100.00%, depth=128

Run status group 0 (all jobs):
   READ: bw=1890MiB/s (1982MB/s), 1890MiB/s-1890MiB/s (1982MB/s-1982MB/s), io=30.0GiB (32.2GB), run=16253-16253msec
