jobs1: (g=0): rw=randread, bs=(R) 32.0KiB-32.0KiB, (W) 32.0KiB-32.0KiB, (T) 32.0KiB-32.0KiB, ioengine=libaio, iodepth=128
fio-3.28
Starting 1 process
jobs1: Laying out IO files (128 files / total 30720MiB)

jobs1: (groupid=0, jobs=1): err= 0: pid=821397: Wed Jul 26 02:34:05 2023
  read: IOPS=138k, BW=4310MiB/s (4519MB/s)(30.0GiB/7128msec)
    slat (nsec): min=4553, max=70342, avg=6643.09, stdev=1377.96
    clat (nsec): min=1306, max=6793.9k, avg=920654.74, stdev=147410.77
     lat (usec): min=7, max=6858, avg=927.36, stdev=148.49
    clat percentiles (usec):
     |  1.00th=[  848],  5.00th=[  848], 10.00th=[  857], 20.00th=[  857],
     | 30.00th=[  857], 40.00th=[  857], 50.00th=[  865], 60.00th=[  865],
     | 70.00th=[  865], 80.00th=[  873], 90.00th=[ 1221], 95.00th=[ 1221],
     | 99.00th=[ 1254], 99.50th=[ 1254], 99.90th=[ 1909], 99.95th=[ 1926],
     | 99.99th=[ 3523]
   bw (  MiB/s): min= 3124, max= 4636, per=99.87%, avg=4304.18, stdev=595.57, samples=14
   iops        : min=99968, max=148356, avg=137733.71, stdev=19058.17, samples=14
  lat (usec)   : 2=0.01%, 10=0.01%, 20=0.01%, 50=0.01%, 100=0.01%
  lat (usec)   : 250=0.01%, 500=0.01%, 750=0.01%, 1000=83.69%
  lat (msec)   : 2=16.25%, 4=0.03%, 10=0.01%
  cpu          : usr=6.78%, sys=93.22%, ctx=12, majf=0, minf=1035
  IO depths    : 1=0.1%, 2=0.1%, 4=0.1%, 8=0.1%, 16=0.1%, 32=0.1%, >=64=100.0%
     submit    : 0=0.0%, 4=100.0%, 8=0.0%, 16=0.0%, 32=0.0%, 64=0.0%, >=64=0.0%
     complete  : 0=0.0%, 4=100.0%, 8=0.0%, 16=0.0%, 32=0.0%, 64=0.0%, >=64=0.1%
     issued rwts: total=983040,0,0,0 short=0,0,0,0 dropped=0,0,0,0
     latency   : target=0, window=0, percentile=100.00%, depth=128

Run status group 0 (all jobs):
   READ: bw=4310MiB/s (4519MB/s), 4310MiB/s-4310MiB/s (4519MB/s-4519MB/s), io=30.0GiB (32.2GB), run=7128-7128msec
