jobs1: (g=0): rw=randwrite, bs=(R) 512KiB-512KiB, (W) 512KiB-512KiB, (T) 512KiB-512KiB, ioengine=libaio, iodepth=128
fio-3.28
Starting 1 process
jobs1: Laying out IO files (128 files / total 30720MiB)

jobs1: (groupid=0, jobs=1): err= 0: pid=855941: Wed Jul 26 03:50:34 2023
  write: IOPS=5588, BW=2794MiB/s (2930MB/s)(30.0GiB/10994msec); 0 zone resets
    slat (usec): min=141, max=306, avg=177.69, stdev=42.56
    clat (usec): min=2, max=35997, avg=22686.46, stdev=5433.67
     lat (usec): min=150, max=36277, avg=22864.27, stdev=5475.72
    clat percentiles (usec):
     |  1.00th=[20317],  5.00th=[20317], 10.00th=[20317], 20.00th=[20317],
     | 30.00th=[20317], 40.00th=[20317], 50.00th=[20317], 60.00th=[20317],
     | 70.00th=[20317], 80.00th=[20317], 90.00th=[34866], 95.00th=[34866],
     | 99.00th=[35390], 99.50th=[35390], 99.90th=[35914], 99.95th=[35914],
     | 99.99th=[35914]
   bw (  MiB/s): min= 1675, max= 3129, per=99.28%, avg=2774.17, stdev=586.46, samples=21
   iops        : min= 3351, max= 6258, avg=5548.33, stdev=1172.96, samples=21
  lat (usec)   : 4=0.01%, 250=0.01%, 500=0.01%, 750=0.01%, 1000=0.01%
  lat (msec)   : 2=0.01%, 4=0.02%, 10=0.06%, 20=0.10%, 50=99.79%
  cpu          : usr=9.90%, sys=90.08%, ctx=22, majf=0, minf=12
  IO depths    : 1=0.1%, 2=0.1%, 4=0.1%, 8=0.1%, 16=0.1%, 32=0.1%, >=64=99.9%
     submit    : 0=0.0%, 4=100.0%, 8=0.0%, 16=0.0%, 32=0.0%, 64=0.0%, >=64=0.0%
     complete  : 0=0.0%, 4=100.0%, 8=0.0%, 16=0.0%, 32=0.0%, 64=0.0%, >=64=0.1%
     issued rwts: total=0,61440,0,0 short=0,0,0,0 dropped=0,0,0,0
     latency   : target=0, window=0, percentile=100.00%, depth=128

Run status group 0 (all jobs):
  WRITE: bw=2794MiB/s (2930MB/s), 2794MiB/s-2794MiB/s (2930MB/s-2930MB/s), io=30.0GiB (32.2GB), run=10994-10994msec
