jobs1: (g=0): rw=randwrite, bs=(R) 512KiB-512KiB, (W) 512KiB-512KiB, (T) 512KiB-512KiB, ioengine=libaio, iodepth=128
...
fio-3.28
Starting 16 processes
jobs1: Laying out IO files (128 files / total 30720MiB)

jobs1: (groupid=0, jobs=16): err= 0: pid=856449: Wed Jul 26 03:52:27 2023
  write: IOPS=2110, BW=1055MiB/s (1107MB/s)(30.0GiB/29110msec); 0 zone resets
    slat (usec): min=218, max=606362, avg=471.04, stdev=2772.99
    clat (usec): min=4, max=130102, avg=58693.07, stdev=8655.81
     lat (usec): min=316, max=736466, avg=59164.38, stdev=9113.33
    clat percentiles (usec):
     |  1.00th=[32375],  5.00th=[43779], 10.00th=[49021], 20.00th=[51643],
     | 30.00th=[56361], 40.00th=[58983], 50.00th=[59507], 60.00th=[60556],
     | 70.00th=[61604], 80.00th=[65274], 90.00th=[69731], 95.00th=[71828],
     | 99.00th=[77071], 99.50th=[78119], 99.90th=[82314], 99.95th=[84411],
     | 99.99th=[85459]
   bw (  MiB/s): min=  875, max= 1407, per=100.00%, avg=1079.77, stdev=98.88, samples=56
   iops        : min= 1750, max= 2814, avg=2159.48, stdev=197.79, samples=56
  lat (usec)   : 10=0.01%, 500=0.01%, 750=0.01%, 1000=0.01%
  lat (msec)   : 2=0.01%, 4=0.01%, 10=0.03%, 20=0.02%, 50=12.20%
  lat (msec)   : 100=87.74%, 250=0.01%
  cpu          : usr=6.48%, sys=59.94%, ctx=1047, majf=0, minf=40
  IO depths    : 1=0.1%, 2=0.1%, 4=0.1%, 8=0.1%, 16=0.1%, 32=0.1%, >=64=99.9%
     submit    : 0=0.0%, 4=100.0%, 8=0.0%, 16=0.0%, 32=0.0%, 64=0.0%, >=64=0.0%
     complete  : 0=0.0%, 4=100.0%, 8=0.0%, 16=0.0%, 32=0.0%, 64=0.0%, >=64=0.1%
     issued rwts: total=0,61440,0,0 short=0,0,0,0 dropped=0,0,0,0
     latency   : target=0, window=0, percentile=100.00%, depth=128

Run status group 0 (all jobs):
  WRITE: bw=1055MiB/s (1107MB/s), 1055MiB/s-1055MiB/s (1107MB/s-1107MB/s), io=30.0GiB (32.2GB), run=29110-29110msec
