jobs1: (g=0): rw=randread, bs=(R) 512KiB-512KiB, (W) 512KiB-512KiB, (T) 512KiB-512KiB, ioengine=libaio, iodepth=128
...
fio-3.28
Starting 32 processes
jobs1: Laying out IO file (1 file / 30720MiB)

jobs1: (groupid=0, jobs=32): err= 0: pid=199276: Tue Jul 25 20:44:25 2023
  read: IOPS=691, BW=346MiB/s (363MB/s)(30.0GiB/88800msec)
    slat (usec): min=970, max=2390, avg=1436.27, stdev=198.87
    clat (usec): min=12, max=239193, avg=183313.25, stdev=22384.95
     lat (usec): min=1364, max=241598, avg=184750.58, stdev=22550.62
    clat percentiles (msec):
     |  1.00th=[  127],  5.00th=[  128], 10.00th=[  129], 20.00th=[  188],
     | 30.00th=[  190], 40.00th=[  190], 50.00th=[  192], 60.00th=[  192],
     | 70.00th=[  192], 80.00th=[  194], 90.00th=[  197], 95.00th=[  199],
     | 99.00th=[  207], 99.50th=[  209], 99.90th=[  226], 99.95th=[  234],
     | 99.99th=[  239]
   bw (  KiB/s): min=184862, max=513024, per=99.83%, avg=353656.33, stdev=50692.25, samples=177
   iops        : min=  361, max= 1002, avg=690.68, stdev=99.01, samples=177
  lat (usec)   : 20=0.01%
  lat (msec)   : 2=0.01%, 4=0.01%, 10=0.01%, 20=0.01%, 50=0.03%
  lat (msec)   : 100=0.06%, 250=99.88%
  cpu          : usr=0.75%, sys=35.13%, ctx=245860, majf=0, minf=16446
  IO depths    : 1=0.1%, 2=0.1%, 4=0.1%, 8=0.1%, 16=0.1%, 32=0.1%, >=64=99.9%
     submit    : 0=0.0%, 4=100.0%, 8=0.0%, 16=0.0%, 32=0.0%, 64=0.0%, >=64=0.0%
     complete  : 0=0.0%, 4=100.0%, 8=0.0%, 16=0.0%, 32=0.0%, 64=0.0%, >=64=0.1%
     issued rwts: total=61440,0,0,0 short=0,0,0,0 dropped=0,0,0,0
     latency   : target=0, window=0, percentile=100.00%, depth=128

Run status group 0 (all jobs):
   READ: bw=346MiB/s (363MB/s), 346MiB/s-346MiB/s (363MB/s-363MB/s), io=30.0GiB (32.2GB), run=88800-88800msec
