jobs1: (g=0): rw=randread, bs=(R) 32.0KiB-32.0KiB, (W) 32.0KiB-32.0KiB, (T) 32.0KiB-32.0KiB, ioengine=libaio, iodepth=128
fio-3.28
Starting 1 process
jobs1: Laying out IO files (128 files / total 30720MiB)

jobs1: (groupid=0, jobs=1): err= 0: pid=820798: Wed Jul 26 02:31:05 2023
  read: IOPS=4431, BW=138MiB/s (145MB/s)(16.2GiB/120001msec)
    slat (usec): min=76, max=431, avg=219.09, stdev=45.42
    clat (usec): min=5, max=87124, avg=28652.47, stdev=1913.85
     lat (usec): min=203, max=87455, avg=28872.32, stdev=1922.99
    clat percentiles (usec):
     |  1.00th=[24249],  5.00th=[25822], 10.00th=[26346], 20.00th=[27132],
     | 30.00th=[27657], 40.00th=[28181], 50.00th=[28705], 60.00th=[28967],
     | 70.00th=[29492], 80.00th=[30278], 90.00th=[31065], 95.00th=[31851],
     | 99.00th=[32637], 99.50th=[32900], 99.90th=[33817], 99.95th=[34341],
     | 99.99th=[58983]
   bw (  KiB/s): min=114880, max=155264, per=100.00%, avg=141822.13, stdev=5748.01, samples=239
   iops        : min= 3590, max= 4852, avg=4431.94, stdev=179.63, samples=239
  lat (usec)   : 10=0.01%, 250=0.01%, 500=0.01%, 750=0.01%, 1000=0.01%
  lat (msec)   : 2=0.01%, 4=0.01%, 10=0.01%, 20=0.01%, 50=99.97%
  lat (msec)   : 100=0.02%
  cpu          : usr=1.99%, sys=22.91%, ctx=532074, majf=0, minf=1036
  IO depths    : 1=0.1%, 2=0.1%, 4=0.1%, 8=0.1%, 16=0.1%, 32=0.1%, >=64=100.0%
     submit    : 0=0.0%, 4=100.0%, 8=0.0%, 16=0.0%, 32=0.0%, 64=0.0%, >=64=0.0%
     complete  : 0=0.0%, 4=100.0%, 8=0.0%, 16=0.0%, 32=0.0%, 64=0.0%, >=64=0.1%
     issued rwts: total=531760,0,0,0 short=0,0,0,0 dropped=0,0,0,0
     latency   : target=0, window=0, percentile=100.00%, depth=128

Run status group 0 (all jobs):
   READ: bw=138MiB/s (145MB/s), 138MiB/s-138MiB/s (145MB/s-145MB/s), io=16.2GiB (17.4GB), run=120001-120001msec
