jobs1: (g=0): rw=randread, bs=(R) 512KiB-512KiB, (W) 512KiB-512KiB, (T) 512KiB-512KiB, ioengine=libaio, iodepth=128
...
fio-3.28
Starting 16 processes
jobs1: Laying out IO files (128 files / total 30720MiB)

jobs1: (groupid=0, jobs=16): err= 0: pid=878277: Wed Jul 26 04:31:17 2023
  read: IOPS=11.3k, BW=5667MiB/s (5942MB/s)(30.0GiB/5421msec)
    slat (usec): min=75, max=654, avg=87.20, stdev=18.06
    clat (nsec): min=1957, max=49681k, avg=11145703.62, stdev=1634970.27
     lat (usec): min=82, max=50308, avg=11232.96, stdev=1651.32
    clat percentiles (usec):
     |  1.00th=[10290],  5.00th=[10290], 10.00th=[10290], 20.00th=[10290],
     | 30.00th=[10290], 40.00th=[10290], 50.00th=[10290], 60.00th=[10421],
     | 70.00th=[10421], 80.00th=[13435], 90.00th=[13435], 95.00th=[13435],
     | 99.00th=[13566], 99.50th=[13566], 99.90th=[26346], 99.95th=[35390],
     | 99.99th=[46400]
   bw (  MiB/s): min= 4330, max= 6149, per=99.83%, avg=5657.19, stdev=743.40, samples=10
   iops        : min= 8660, max=12298, avg=11314.30, stdev=1486.80, samples=10
  lat (usec)   : 2=0.01%, 100=0.01%, 250=0.01%, 500=0.01%, 750=0.01%
  lat (usec)   : 1000=0.01%
  lat (msec)   : 2=0.02%, 4=0.04%, 10=0.12%, 20=99.65%, 50=0.15%
  cpu          : usr=1.38%, sys=98.60%, ctx=4, majf=0, minf=16427
  IO depths    : 1=0.1%, 2=0.1%, 4=0.1%, 8=0.1%, 16=0.1%, 32=0.1%, >=64=99.9%
     submit    : 0=0.0%, 4=100.0%, 8=0.0%, 16=0.0%, 32=0.0%, 64=0.0%, >=64=0.0%
     complete  : 0=0.0%, 4=100.0%, 8=0.0%, 16=0.0%, 32=0.0%, 64=0.0%, >=64=0.1%
     issued rwts: total=61440,0,0,0 short=0,0,0,0 dropped=0,0,0,0
     latency   : target=0, window=0, percentile=100.00%, depth=128

Run status group 0 (all jobs):
   READ: bw=5667MiB/s (5942MB/s), 5667MiB/s-5667MiB/s (5942MB/s-5942MB/s), io=30.0GiB (32.2GB), run=5421-5421msec
