jobs1: (g=0): rw=randwrite, bs=(R) 4096B-4096B, (W) 4096B-4096B, (T) 4096B-4096B, ioengine=libaio, iodepth=128
fio-3.28
Starting 1 process
jobs1: Laying out IO file (1 file / 30720MiB)

jobs1: (groupid=0, jobs=1): err= 0: pid=13391: Tue Jul 25 17:36:28 2023
  write: IOPS=180k, BW=702MiB/s (737MB/s)(30.0GiB/43736msec); 0 zone resets
    slat (usec): min=2, max=39877, avg= 4.62, stdev=130.43
    clat (nsec): min=1788, max=397592k, avg=702453.88, stdev=1592348.82
     lat (usec): min=4, max=397650, avg=707.18, stdev=1603.41
    clat percentiles (usec):
     |  1.00th=[  449],  5.00th=[  482], 10.00th=[  490], 20.00th=[  498],
     | 30.00th=[  506], 40.00th=[  519], 50.00th=[  562], 60.00th=[  570],
     | 70.00th=[  570], 80.00th=[  578], 90.00th=[  611], 95.00th=[  758],
     | 99.00th=[10290], 99.50th=[14353], 99.90th=[15926], 99.95th=[17433],
     | 99.99th=[19268]
   bw (  KiB/s): min=167568, max=901080, per=99.88%, avg=718421.24, stdev=153338.97, samples=87
   iops        : min=41892, max=225268, avg=179605.26, stdev=38334.69, samples=87
  lat (usec)   : 2=0.01%, 10=0.01%, 20=0.01%, 50=0.01%, 100=0.01%
  lat (usec)   : 250=0.01%, 500=21.51%, 750=73.33%, 1000=2.99%
  lat (msec)   : 2=1.07%, 4=0.01%, 10=0.08%, 20=1.01%, 50=0.01%
  lat (msec)   : 100=0.01%, 250=0.01%, 500=0.01%
  cpu          : usr=16.60%, sys=62.36%, ctx=742, majf=0, minf=13
  IO depths    : 1=0.1%, 2=0.1%, 4=0.1%, 8=0.1%, 16=0.1%, 32=0.1%, >=64=100.0%
     submit    : 0=0.0%, 4=100.0%, 8=0.0%, 16=0.0%, 32=0.0%, 64=0.0%, >=64=0.0%
     complete  : 0=0.0%, 4=100.0%, 8=0.0%, 16=0.0%, 32=0.0%, 64=0.0%, >=64=0.1%
     issued rwts: total=0,7864320,0,0 short=0,0,0,0 dropped=0,0,0,0
     latency   : target=0, window=0, percentile=100.00%, depth=128

Run status group 0 (all jobs):
  WRITE: bw=702MiB/s (737MB/s), 702MiB/s-702MiB/s (737MB/s-737MB/s), io=30.0GiB (32.2GB), run=43736-43736msec
