jobs1: (g=0): rw=randwrite, bs=(R) 32.0KiB-32.0KiB, (W) 32.0KiB-32.0KiB, (T) 32.0KiB-32.0KiB, ioengine=libaio, iodepth=128
...
fio-3.28
Starting 16 processes
jobs1: Laying out IO files (512 files / total 30720MiB)

jobs1: (groupid=0, jobs=16): err= 0: pid=1108985: Wed Jul 26 06:08:01 2023
  write: IOPS=141k, BW=4402MiB/s (4616MB/s)(30.0GiB/6978msec); 0 zone resets
    slat (nsec): min=4736, max=37024, avg=6509.40, stdev=1755.84
    clat (nsec): min=1172, max=3304.1k, avg=901454.63, stdev=233276.48
     lat (usec): min=6, max=3322, avg=908.02, stdev=234.98
    clat percentiles (usec):
     |  1.00th=[  791],  5.00th=[  799], 10.00th=[  799], 20.00th=[  807],
     | 30.00th=[  807], 40.00th=[  807], 50.00th=[  807], 60.00th=[  816],
     | 70.00th=[  816], 80.00th=[  816], 90.00th=[ 1483], 95.00th=[ 1483],
     | 99.00th=[ 1500], 99.50th=[ 1516], 99.90th=[ 1516], 99.95th=[ 1909],
     | 99.99th=[ 3261]
   bw (  MiB/s): min= 2667, max= 4916, per=100.00%, avg=4404.77, stdev=955.57, samples=13
   iops        : min=85364, max=157334, avg=140952.62, stdev=30578.18, samples=13
  lat (usec)   : 2=0.01%, 10=0.01%, 20=0.01%, 50=0.01%, 100=0.01%
  lat (usec)   : 250=0.01%, 500=0.01%, 750=0.01%, 1000=86.01%
  lat (msec)   : 2=13.93%, 4=0.05%
  cpu          : usr=12.86%, sys=87.29%, ctx=8, majf=0, minf=43
  IO depths    : 1=0.1%, 2=0.1%, 4=0.1%, 8=0.1%, 16=0.1%, 32=0.1%, >=64=100.0%
     submit    : 0=0.0%, 4=100.0%, 8=0.0%, 16=0.0%, 32=0.0%, 64=0.0%, >=64=0.0%
     complete  : 0=0.0%, 4=100.0%, 8=0.0%, 16=0.0%, 32=0.0%, 64=0.0%, >=64=0.1%
     issued rwts: total=0,983040,0,0 short=0,0,0,0 dropped=0,0,0,0
     latency   : target=0, window=0, percentile=100.00%, depth=128

Run status group 0 (all jobs):
  WRITE: bw=4402MiB/s (4616MB/s), 4402MiB/s-4402MiB/s (4616MB/s-4616MB/s), io=30.0GiB (32.2GB), run=6978-6978msec
