jobs1: (g=0): rw=randwrite, bs=(R) 128KiB-128KiB, (W) 128KiB-128KiB, (T) 128KiB-128KiB, ioengine=libaio, iodepth=128
...
fio-3.28
Starting 32 processes
jobs1: Laying out IO files (128 files / total 30720MiB)

jobs1: (groupid=0, jobs=32): err= 0: pid=833260: Wed Jul 26 03:03:00 2023
  write: IOPS=18.5k, BW=2318MiB/s (2431MB/s)(30.0GiB/13250msec); 0 zone resets
    slat (usec): min=33, max=159614, avg=53.01, stdev=541.66
    clat (nsec): min=1792, max=341759k, avg=6615244.80, stdev=2332202.62
     lat (usec): min=46, max=462821, avg=6668.34, stdev=2516.57
    clat percentiles (usec):
     |  1.00th=[ 5538],  5.00th=[ 5538], 10.00th=[ 5538], 20.00th=[ 5604],
     | 30.00th=[ 5604], 40.00th=[ 5669], 50.00th=[ 5800], 60.00th=[ 5866],
     | 70.00th=[ 6194], 80.00th=[ 7242], 90.00th=[ 9110], 95.00th=[ 9503],
     | 99.00th=[17433], 99.50th=[20055], 99.90th=[25822], 99.95th=[26346],
     | 99.99th=[27132]
   bw (  MiB/s): min=  558, max= 2831, per=100.00%, avg=2342.44, stdev=538.09, samples=26
   iops        : min= 4466, max=22654, avg=18739.42, stdev=4304.78, samples=26
  lat (usec)   : 2=0.01%, 50=0.01%, 100=0.01%, 250=0.01%, 500=0.01%
  lat (usec)   : 750=0.01%, 1000=0.01%
  lat (msec)   : 2=0.01%, 4=0.02%, 10=97.45%, 20=2.03%, 50=0.48%
  lat (msec)   : 250=0.01%, 500=0.01%
  cpu          : usr=7.98%, sys=84.61%, ctx=205, majf=0, minf=77
  IO depths    : 1=0.1%, 2=0.1%, 4=0.1%, 8=0.1%, 16=0.1%, 32=0.1%, >=64=100.0%
     submit    : 0=0.0%, 4=100.0%, 8=0.0%, 16=0.0%, 32=0.0%, 64=0.0%, >=64=0.0%
     complete  : 0=0.0%, 4=100.0%, 8=0.0%, 16=0.0%, 32=0.0%, 64=0.0%, >=64=0.1%
     issued rwts: total=0,245760,0,0 short=0,0,0,0 dropped=0,0,0,0
     latency   : target=0, window=0, percentile=100.00%, depth=128

Run status group 0 (all jobs):
  WRITE: bw=2318MiB/s (2431MB/s), 2318MiB/s-2318MiB/s (2431MB/s-2431MB/s), io=30.0GiB (32.2GB), run=13250-13250msec
