jobs1: (g=0): rw=randread, bs=(R) 512KiB-512KiB, (W) 512KiB-512KiB, (T) 512KiB-512KiB, ioengine=libaio, iodepth=128
...
fio-3.28
Starting 32 processes
jobs1: Laying out IO files (1024 files / total 30720MiB)
fio: pid=1202640, err=24/file:filesetup.c:805, func=open(/home/sevag/tmpfs//f1018), error=Too many open files

jobs1: (groupid=0, jobs=32): err=24 (file:filesetup.c:805, func=open(/home/sevag/tmpfs//f1018), error=Too many open files): pid=1202640: Wed Jul 26 11:10:10 2023
  read: IOPS=5044, BW=2522MiB/s (2645MB/s)(510MiB/202msec)
    slat (usec): min=145, max=725, avg=192.38, stdev=100.01
    clat (usec): min=46, max=54555, avg=21184.74, stdev=6954.94
     lat (usec): min=241, max=55282, avg=21377.31, stdev=7034.88
    clat percentiles (usec):
     |  1.00th=[ 1827],  5.00th=[ 8356], 10.00th=[16712], 20.00th=[20841],
     | 30.00th=[20841], 40.00th=[20841], 50.00th=[20841], 60.00th=[20841],
     | 70.00th=[20841], 80.00th=[21103], 90.00th=[25297], 95.00th=[34866],
     | 99.00th=[49021], 99.50th=[51643], 99.90th=[53740], 99.95th=[54789],
     | 99.99th=[54789]
  lat (usec)   : 50=0.10%, 500=0.10%, 750=0.20%, 1000=0.10%
  lat (msec)   : 2=0.69%, 4=1.18%, 10=3.53%, 20=6.08%, 50=87.14%
  lat (msec)   : 100=0.88%
  cpu          : usr=4.98%, sys=94.03%, ctx=0, majf=0, minf=16472
  IO depths    : 1=0.1%, 2=0.2%, 4=0.4%, 8=0.8%, 16=1.6%, 32=3.1%, >=64=93.8%
     submit    : 0=0.0%, 4=100.0%, 8=0.0%, 16=0.0%, 32=0.0%, 64=0.0%, >=64=0.0%
     complete  : 0=0.0%, 4=99.9%, 8=0.0%, 16=0.0%, 32=0.0%, 64=0.0%, >=64=0.1%
     issued rwts: total=1019,0,0,0 short=0,0,0,0 dropped=0,0,0,0
     latency   : target=0, window=0, percentile=100.00%, depth=128

Run status group 0 (all jobs):
   READ: bw=2522MiB/s (2645MB/s), 2522MiB/s-2522MiB/s (2645MB/s-2645MB/s), io=510MiB (534MB), run=202-202msec
