jobs1: (g=0): rw=randwrite, bs=(R) 4096B-4096B, (W) 4096B-4096B, (T) 4096B-4096B, ioengine=libaio, iodepth=128
...
fio-3.28
Starting 32 processes
jobs1: Laying out IO files (512 files / total 30720MiB)

jobs1: (groupid=0, jobs=32): err= 0: pid=1090386: Wed Jul 26 04:59:29 2023
  write: IOPS=423k, BW=1654MiB/s (1734MB/s)(30.0GiB/18572msec); 0 zone resets
    slat (nsec): min=1279, max=45719, avg=1791.59, stdev=512.81
    clat (nsec): min=1189, max=2444.2k, avg=300147.07, stdev=61619.19
     lat (usec): min=2, max=2451, avg=302.00, stdev=62.00
    clat percentiles (usec):
     |  1.00th=[  277],  5.00th=[  281], 10.00th=[  281], 20.00th=[  281],
     | 30.00th=[  281], 40.00th=[  281], 50.00th=[  281], 60.00th=[  285],
     | 70.00th=[  285], 80.00th=[  285], 90.00th=[  289], 95.00th=[  494],
     | 99.00th=[  506], 99.50th=[  510], 99.90th=[  523], 99.95th=[  635],
     | 99.99th=[  898]
   bw (  MiB/s): min=  960, max= 1766, per=100.00%, avg=1655.24, stdev=265.05, samples=36
   iops        : min=245848, max=452266, avg=423740.53, stdev=67854.17, samples=36
  lat (usec)   : 2=0.01%, 4=0.01%, 10=0.01%, 20=0.01%, 50=0.01%
  lat (usec)   : 100=0.01%, 250=0.01%, 500=97.52%, 750=2.45%, 1000=0.02%
  lat (msec)   : 2=0.01%, 4=0.01%
  cpu          : usr=24.23%, sys=75.77%, ctx=33, majf=0, minf=59
  IO depths    : 1=0.1%, 2=0.1%, 4=0.1%, 8=0.1%, 16=0.1%, 32=0.1%, >=64=100.0%
     submit    : 0=0.0%, 4=100.0%, 8=0.0%, 16=0.0%, 32=0.0%, 64=0.0%, >=64=0.0%
     complete  : 0=0.0%, 4=100.0%, 8=0.0%, 16=0.0%, 32=0.0%, 64=0.0%, >=64=0.1%
     issued rwts: total=0,7864320,0,0 short=0,0,0,0 dropped=0,0,0,0
     latency   : target=0, window=0, percentile=100.00%, depth=128

Run status group 0 (all jobs):
  WRITE: bw=1654MiB/s (1734MB/s), 1654MiB/s-1654MiB/s (1734MB/s-1734MB/s), io=30.0GiB (32.2GB), run=18572-18572msec
