jobs1: (g=0): rw=randwrite, bs=(R) 32.0KiB-32.0KiB, (W) 32.0KiB-32.0KiB, (T) 32.0KiB-32.0KiB, ioengine=libaio, iodepth=128
...
fio-3.28
Starting 32 processes
jobs1: Laying out IO files (512 files / total 30720MiB)

jobs1: (groupid=0, jobs=32): err= 0: pid=1112186: Wed Jul 26 06:11:26 2023
  write: IOPS=98.9k, BW=3090MiB/s (3240MB/s)(30.0GiB/9943msec); 0 zone resets
    slat (usec): min=6, max=348, avg= 9.49, stdev= 2.80
    clat (nsec): min=1184, max=6958.4k, avg=1284192.29, stdev=338931.45
     lat (usec): min=8, max=7138, avg=1293.75, stdev=341.50
    clat percentiles (usec):
     |  1.00th=[ 1123],  5.00th=[ 1139], 10.00th=[ 1139], 20.00th=[ 1139],
     | 30.00th=[ 1139], 40.00th=[ 1139], 50.00th=[ 1139], 60.00th=[ 1139],
     | 70.00th=[ 1156], 80.00th=[ 1156], 90.00th=[ 2089], 95.00th=[ 2089],
     | 99.00th=[ 2114], 99.50th=[ 2114], 99.90th=[ 2409], 99.95th=[ 2966],
     | 99.99th=[ 3851]
   bw (  MiB/s): min= 1847, max= 3480, per=99.92%, avg=3087.11, stdev=676.29, samples=19
   iops        : min=59106, max=111360, avg=98787.42, stdev=21641.36, samples=19
  lat (usec)   : 2=0.01%, 10=0.01%, 20=0.01%, 50=0.01%, 100=0.01%
  lat (usec)   : 250=0.01%, 500=0.01%, 750=0.01%, 1000=0.01%
  lat (msec)   : 2=85.39%, 4=14.59%, 10=0.01%
  cpu          : usr=10.62%, sys=89.41%, ctx=17, majf=0, minf=98
  IO depths    : 1=0.1%, 2=0.1%, 4=0.1%, 8=0.1%, 16=0.1%, 32=0.1%, >=64=100.0%
     submit    : 0=0.0%, 4=100.0%, 8=0.0%, 16=0.0%, 32=0.0%, 64=0.0%, >=64=0.0%
     complete  : 0=0.0%, 4=100.0%, 8=0.0%, 16=0.0%, 32=0.0%, 64=0.0%, >=64=0.1%
     issued rwts: total=0,983040,0,0 short=0,0,0,0 dropped=0,0,0,0
     latency   : target=0, window=0, percentile=100.00%, depth=128

Run status group 0 (all jobs):
  WRITE: bw=3090MiB/s (3240MB/s), 3090MiB/s-3090MiB/s (3240MB/s-3240MB/s), io=30.0GiB (32.2GB), run=9943-9943msec
