jobs1: (g=0): rw=randwrite, bs=(R) 512KiB-512KiB, (W) 512KiB-512KiB, (T) 512KiB-512KiB, ioengine=libaio, iodepth=128
fio-3.28
Starting 1 process
jobs1: Laying out IO files (128 files / total 30720MiB)

jobs1: (groupid=0, jobs=1): err= 0: pid=856205: Wed Jul 26 03:51:16 2023
  write: IOPS=8317, BW=4159MiB/s (4361MB/s)(30.0GiB/7387msec); 0 zone resets
    slat (usec): min=97, max=193, avg=119.03, stdev=19.47
    clat (usec): min=3, max=21819, avg=15248.05, stdev=2433.94
     lat (usec): min=111, max=21980, avg=15367.21, stdev=2452.40
    clat percentiles (usec):
     |  1.00th=[14091],  5.00th=[14222], 10.00th=[14222], 20.00th=[14222],
     | 30.00th=[14222], 40.00th=[14222], 50.00th=[14222], 60.00th=[14353],
     | 70.00th=[14353], 80.00th=[14353], 90.00th=[20841], 95.00th=[21365],
     | 99.00th=[21627], 99.50th=[21627], 99.90th=[21890], 99.95th=[21890],
     | 99.99th=[21890]
   bw (  MiB/s): min= 2938, max= 4457, per=99.44%, avg=4135.43, stdev=622.23, samples=14
   iops        : min= 5876, max= 8914, avg=8270.86, stdev=1244.47, samples=14
  lat (usec)   : 4=0.01%, 250=0.01%, 500=0.01%, 750=0.01%, 1000=0.01%
  lat (msec)   : 2=0.01%, 4=0.03%, 10=0.09%, 20=85.80%, 50=14.06%
  cpu          : usr=15.43%, sys=84.58%, ctx=13, majf=0, minf=11
  IO depths    : 1=0.1%, 2=0.1%, 4=0.1%, 8=0.1%, 16=0.1%, 32=0.1%, >=64=99.9%
     submit    : 0=0.0%, 4=100.0%, 8=0.0%, 16=0.0%, 32=0.0%, 64=0.0%, >=64=0.0%
     complete  : 0=0.0%, 4=100.0%, 8=0.0%, 16=0.0%, 32=0.0%, 64=0.0%, >=64=0.1%
     issued rwts: total=0,61440,0,0 short=0,0,0,0 dropped=0,0,0,0
     latency   : target=0, window=0, percentile=100.00%, depth=128

Run status group 0 (all jobs):
  WRITE: bw=4159MiB/s (4361MB/s), 4159MiB/s-4159MiB/s (4361MB/s-4361MB/s), io=30.0GiB (32.2GB), run=7387-7387msec
