jobs1: (g=0): rw=randwrite, bs=(R) 32.0KiB-32.0KiB, (W) 32.0KiB-32.0KiB, (T) 32.0KiB-32.0KiB, ioengine=libaio, iodepth=128
...
fio-3.28
Starting 32 processes
jobs1: Laying out IO file (1 file / 30720MiB)

jobs1: (groupid=0, jobs=32): err= 0: pid=166672: Tue Jul 25 18:46:28 2023
  write: IOPS=49.8k, BW=1556MiB/s (1632MB/s)(30.0GiB/19740msec); 0 zone resets
    slat (usec): min=8, max=132616, avg=19.30, stdev=228.21
    clat (nsec): min=1674, max=257062k, avg=2518579.86, stdev=2131962.44
     lat (usec): min=11, max=257141, avg=2537.96, stdev=2156.27
    clat percentiles (usec):
     |  1.00th=[ 1287],  5.00th=[ 1369], 10.00th=[ 1467], 20.00th=[ 1745],
     | 30.00th=[ 1762], 40.00th=[ 1778], 50.00th=[ 1860], 60.00th=[ 2114],
     | 70.00th=[ 2442], 80.00th=[ 3195], 90.00th=[ 3294], 95.00th=[ 3425],
     | 99.00th=[13566], 99.50th=[16188], 99.90th=[21103], 99.95th=[21890],
     | 99.99th=[22152]
   bw (  MiB/s): min=  444, max= 2108, per=99.97%, avg=1555.77, stdev=468.22, samples=39
   iops        : min=14216, max=67480, avg=49784.59, stdev=14982.90, samples=39
  lat (usec)   : 2=0.01%, 20=0.01%, 50=0.01%, 100=0.01%, 250=0.01%
  lat (usec)   : 500=0.01%, 750=0.01%, 1000=0.01%
  lat (msec)   : 2=55.57%, 4=40.85%, 10=0.74%, 20=2.68%, 50=0.15%
  lat (msec)   : 100=0.01%, 250=0.01%, 500=0.01%
  cpu          : usr=6.05%, sys=80.17%, ctx=252, majf=0, minf=64
  IO depths    : 1=0.1%, 2=0.1%, 4=0.1%, 8=0.1%, 16=0.1%, 32=0.1%, >=64=100.0%
     submit    : 0=0.0%, 4=100.0%, 8=0.0%, 16=0.0%, 32=0.0%, 64=0.0%, >=64=0.0%
     complete  : 0=0.0%, 4=100.0%, 8=0.0%, 16=0.0%, 32=0.0%, 64=0.0%, >=64=0.1%
     issued rwts: total=0,983040,0,0 short=0,0,0,0 dropped=0,0,0,0
     latency   : target=0, window=0, percentile=100.00%, depth=128

Run status group 0 (all jobs):
  WRITE: bw=1556MiB/s (1632MB/s), 1556MiB/s-1556MiB/s (1632MB/s-1632MB/s), io=30.0GiB (32.2GB), run=19740-19740msec
