jobs1: (g=0): rw=randread, bs=(R) 32.0KiB-32.0KiB, (W) 32.0KiB-32.0KiB, (T) 32.0KiB-32.0KiB, ioengine=libaio, iodepth=128
fio-3.28
Starting 1 process
jobs1: Laying out IO file (1 file / 30720MiB)

jobs1: (groupid=0, jobs=1): err= 0: pid=172237: Tue Jul 25 19:07:35 2023
  read: IOPS=176k, BW=5489MiB/s (5755MB/s)(30.0GiB/5597msec)
    slat (nsec): min=3617, max=69228, avg=5138.07, stdev=891.79
    clat (nsec): min=1043, max=5202.1k, avg=722937.08, stdev=106817.27
     lat (usec): min=5, max=5271, avg=728.11, stdev=107.59
    clat percentiles (usec):
     |  1.00th=[  652],  5.00th=[  660], 10.00th=[  660], 20.00th=[  668],
     | 30.00th=[  668], 40.00th=[  668], 50.00th=[  668], 60.00th=[  676],
     | 70.00th=[  676], 80.00th=[  889], 90.00th=[  898], 95.00th=[  898],
     | 99.00th=[  906], 99.50th=[  906], 99.90th=[ 1549], 99.95th=[ 1713],
     | 99.99th=[ 2573]
   bw (  MiB/s): min= 4313, max= 5960, per=99.85%, avg=5480.40, stdev=704.34, samples=11
   iops        : min=138034, max=190748, avg=175372.91, stdev=22538.81, samples=11
  lat (usec)   : 2=0.01%, 10=0.01%, 20=0.01%, 50=0.01%, 100=0.01%
  lat (usec)   : 250=0.01%, 500=0.01%, 750=76.78%, 1000=22.99%
  lat (msec)   : 2=0.21%, 4=0.01%, 10=0.01%
  cpu          : usr=7.92%, sys=92.07%, ctx=5, majf=0, minf=1035
  IO depths    : 1=0.1%, 2=0.1%, 4=0.1%, 8=0.1%, 16=0.1%, 32=0.1%, >=64=100.0%
     submit    : 0=0.0%, 4=100.0%, 8=0.0%, 16=0.0%, 32=0.0%, 64=0.0%, >=64=0.0%
     complete  : 0=0.0%, 4=100.0%, 8=0.0%, 16=0.0%, 32=0.0%, 64=0.0%, >=64=0.1%
     issued rwts: total=983040,0,0,0 short=0,0,0,0 dropped=0,0,0,0
     latency   : target=0, window=0, percentile=100.00%, depth=128

Run status group 0 (all jobs):
   READ: bw=5489MiB/s (5755MB/s), 5489MiB/s-5489MiB/s (5755MB/s-5755MB/s), io=30.0GiB (32.2GB), run=5597-5597msec
