jobs1: (g=0): rw=randwrite, bs=(R) 4096B-4096B, (W) 4096B-4096B, (T) 4096B-4096B, ioengine=libaio, iodepth=128
fio-3.28
Starting 1 process
jobs1: Laying out IO files (128 files / total 30720MiB)

jobs1: (groupid=0, jobs=1): err= 0: pid=605358: Wed Jul 26 00:49:02 2023
  write: IOPS=425k, BW=1660MiB/s (1741MB/s)(30.0GiB/18505msec); 0 zone resets
    slat (nsec): min=1262, max=32816, avg=1776.83, stdev=500.33
    clat (nsec): min=1382, max=2099.4k, avg=299053.31, stdev=57700.98
     lat (usec): min=2, max=2127, avg=300.89, stdev=58.07
    clat percentiles (usec):
     |  1.00th=[  277],  5.00th=[  281], 10.00th=[  281], 20.00th=[  281],
     | 30.00th=[  281], 40.00th=[  281], 50.00th=[  285], 60.00th=[  285],
     | 70.00th=[  285], 80.00th=[  285], 90.00th=[  289], 95.00th=[  494],
     | 99.00th=[  506], 99.50th=[  510], 99.90th=[  529], 99.95th=[  627],
     | 99.99th=[ 1156]
   bw (  MiB/s): min=  947, max= 1759, per=99.86%, avg=1657.83, stdev=249.97, samples=36
   iops        : min=242686, max=450514, avg=424403.78, stdev=63991.95, samples=36
  lat (usec)   : 2=0.01%, 4=0.01%, 10=0.01%, 20=0.01%, 50=0.01%
  lat (usec)   : 100=0.01%, 250=0.01%, 500=97.09%, 750=2.88%, 1000=0.02%
  lat (msec)   : 2=0.02%, 4=0.01%
  cpu          : usr=24.29%, sys=75.70%, ctx=30, majf=0, minf=11
  IO depths    : 1=0.1%, 2=0.1%, 4=0.1%, 8=0.1%, 16=0.1%, 32=0.1%, >=64=100.0%
     submit    : 0=0.0%, 4=100.0%, 8=0.0%, 16=0.0%, 32=0.0%, 64=0.0%, >=64=0.0%
     complete  : 0=0.0%, 4=100.0%, 8=0.0%, 16=0.0%, 32=0.0%, 64=0.0%, >=64=0.1%
     issued rwts: total=0,7864320,0,0 short=0,0,0,0 dropped=0,0,0,0
     latency   : target=0, window=0, percentile=100.00%, depth=128

Run status group 0 (all jobs):
  WRITE: bw=1660MiB/s (1741MB/s), 1660MiB/s-1660MiB/s (1741MB/s-1741MB/s), io=30.0GiB (32.2GB), run=18505-18505msec
