jobs1: (g=0): rw=randwrite, bs=(R) 128KiB-128KiB, (W) 128KiB-128KiB, (T) 128KiB-128KiB, ioengine=libaio, iodepth=128
fio-3.28
Starting 1 process
jobs1: Laying out IO files (512 files / total 30720MiB)

jobs1: (groupid=0, jobs=1): err= 0: pid=1133943: Wed Jul 26 07:04:32 2023
  write: IOPS=40.0k, BW=5006MiB/s (5249MB/s)(30.0GiB/6137msec); 0 zone resets
    slat (nsec): min=19172, max=62201, avg=24283.92, stdev=6219.50
    clat (nsec): min=1452, max=5910.4k, avg=3169676.15, stdev=800697.05
     lat (usec): min=23, max=5968, avg=3194.02, stdev=806.84
    clat percentiles (usec):
     |  1.00th=[ 2769],  5.00th=[ 2769], 10.00th=[ 2769], 20.00th=[ 2802],
     | 30.00th=[ 2802], 40.00th=[ 2802], 50.00th=[ 2802], 60.00th=[ 2802],
     | 70.00th=[ 2835], 80.00th=[ 2835], 90.00th=[ 4948], 95.00th=[ 5014],
     | 99.00th=[ 5014], 99.50th=[ 5014], 99.90th=[ 5211], 99.95th=[ 5407],
     | 99.99th=[ 5669]
   bw (  MiB/s): min= 3192, max= 5666, per=99.70%, avg=4990.52, stdev=1094.44, samples=12
   iops        : min=25542, max=45334, avg=39924.17, stdev=8755.52, samples=12
  lat (usec)   : 2=0.01%, 50=0.01%, 100=0.01%, 250=0.01%, 500=0.01%
  lat (usec)   : 750=0.01%, 1000=0.01%
  lat (msec)   : 2=0.02%, 4=83.13%, 10=16.83%
  cpu          : usr=10.02%, sys=89.96%, ctx=9, majf=0, minf=11
  IO depths    : 1=0.1%, 2=0.1%, 4=0.1%, 8=0.1%, 16=0.1%, 32=0.1%, >=64=100.0%
     submit    : 0=0.0%, 4=100.0%, 8=0.0%, 16=0.0%, 32=0.0%, 64=0.0%, >=64=0.0%
     complete  : 0=0.0%, 4=100.0%, 8=0.0%, 16=0.0%, 32=0.0%, 64=0.0%, >=64=0.1%
     issued rwts: total=0,245760,0,0 short=0,0,0,0 dropped=0,0,0,0
     latency   : target=0, window=0, percentile=100.00%, depth=128

Run status group 0 (all jobs):
  WRITE: bw=5006MiB/s (5249MB/s), 5006MiB/s-5006MiB/s (5249MB/s-5249MB/s), io=30.0GiB (32.2GB), run=6137-6137msec
