jobs1: (g=0): rw=randwrite, bs=(R) 4096B-4096B, (W) 4096B-4096B, (T) 4096B-4096B, ioengine=libaio, iodepth=128
fio-3.28
Starting 1 process
jobs1: Laying out IO files (128 files / total 30720MiB)

jobs1: (groupid=0, jobs=1): err= 0: pid=605622: Wed Jul 26 00:50:01 2023
  write: IOPS=513k, BW=2002MiB/s (2099MB/s)(30.0GiB/15344msec); 0 zone resets
    slat (nsec): min=987, max=31809, avg=1413.83, stdev=314.36
    clat (nsec): min=1242, max=1658.2k, avg=247997.10, stdev=45000.85
     lat (usec): min=2, max=1682, avg=249.46, stdev=45.27
    clat percentiles (usec):
     |  1.00th=[  229],  5.00th=[  233], 10.00th=[  233], 20.00th=[  235],
     | 30.00th=[  235], 40.00th=[  237], 50.00th=[  237], 60.00th=[  237],
     | 70.00th=[  239], 80.00th=[  239], 90.00th=[  241], 95.00th=[  412],
     | 99.00th=[  420], 99.50th=[  424], 99.90th=[  433], 99.95th=[  545],
     | 99.99th=[  717]
   bw (  MiB/s): min= 1175, max= 2122, per=99.87%, avg=1999.47, stdev=281.43, samples=30
   iops        : min=300972, max=543270, avg=511865.40, stdev=72045.60, samples=30
  lat (usec)   : 2=0.01%, 4=0.01%, 10=0.01%, 20=0.01%, 50=0.01%
  lat (usec)   : 100=0.01%, 250=92.88%, 500=7.06%, 750=0.05%, 1000=0.01%
  lat (msec)   : 2=0.01%
  cpu          : usr=25.85%, sys=74.14%, ctx=13, majf=0, minf=11
  IO depths    : 1=0.1%, 2=0.1%, 4=0.1%, 8=0.1%, 16=0.1%, 32=0.1%, >=64=100.0%
     submit    : 0=0.0%, 4=100.0%, 8=0.0%, 16=0.0%, 32=0.0%, 64=0.0%, >=64=0.0%
     complete  : 0=0.0%, 4=100.0%, 8=0.0%, 16=0.0%, 32=0.0%, 64=0.0%, >=64=0.1%
     issued rwts: total=0,7864320,0,0 short=0,0,0,0 dropped=0,0,0,0
     latency   : target=0, window=0, percentile=100.00%, depth=128

Run status group 0 (all jobs):
  WRITE: bw=2002MiB/s (2099MB/s), 2002MiB/s-2002MiB/s (2099MB/s-2099MB/s), io=30.0GiB (32.2GB), run=15344-15344msec
