jobs1: (g=0): rw=randread, bs=(R) 32.0KiB-32.0KiB, (W) 32.0KiB-32.0KiB, (T) 32.0KiB-32.0KiB, ioengine=libaio, iodepth=128
...
fio-3.28
Starting 32 processes
jobs1: Laying out IO file (1 file / 30720MiB)

jobs1: (groupid=0, jobs=32): err= 0: pid=174288: Tue Jul 25 19:21:21 2023
  read: IOPS=139k, BW=4354MiB/s (4566MB/s)(30.0GiB/7055msec)
    slat (nsec): min=4388, max=68938, avg=6606.64, stdev=1391.63
    clat (nsec): min=1253, max=5905.2k, avg=911295.96, stdev=147747.62
     lat (usec): min=7, max=5975, avg=917.96, stdev=148.85
    clat percentiles (usec):
     |  1.00th=[  832],  5.00th=[  840], 10.00th=[  848], 20.00th=[  848],
     | 30.00th=[  848], 40.00th=[  848], 50.00th=[  857], 60.00th=[  857],
     | 70.00th=[  857], 80.00th=[  857], 90.00th=[ 1237], 95.00th=[ 1237],
     | 99.00th=[ 1254], 99.50th=[ 1254], 99.90th=[ 1762], 99.95th=[ 1926],
     | 99.99th=[ 3326]
   bw (  MiB/s): min= 3128, max= 4664, per=99.65%, avg=4339.05, stdev=610.82, samples=13
   iops        : min=100102, max=149274, avg=138849.23, stdev=19546.25, samples=13
  lat (usec)   : 2=0.01%, 10=0.01%, 20=0.01%, 50=0.01%, 100=0.01%
  lat (usec)   : 250=0.01%, 500=0.01%, 750=0.01%, 1000=84.91%
  lat (msec)   : 2=15.04%, 4=0.03%, 10=0.01%
  cpu          : usr=6.51%, sys=93.48%, ctx=11, majf=0, minf=1089
  IO depths    : 1=0.1%, 2=0.1%, 4=0.1%, 8=0.1%, 16=0.1%, 32=0.1%, >=64=100.0%
     submit    : 0=0.0%, 4=100.0%, 8=0.0%, 16=0.0%, 32=0.0%, 64=0.0%, >=64=0.0%
     complete  : 0=0.0%, 4=100.0%, 8=0.0%, 16=0.0%, 32=0.0%, 64=0.0%, >=64=0.1%
     issued rwts: total=983040,0,0,0 short=0,0,0,0 dropped=0,0,0,0
     latency   : target=0, window=0, percentile=100.00%, depth=128

Run status group 0 (all jobs):
   READ: bw=4354MiB/s (4566MB/s), 4354MiB/s-4354MiB/s (4566MB/s-4566MB/s), io=30.0GiB (32.2GB), run=7055-7055msec
