jobs1: (g=0): rw=randread, bs=(R) 512KiB-512KiB, (W) 512KiB-512KiB, (T) 512KiB-512KiB, ioengine=libaio, iodepth=128
fio-3.28
Starting 1 process
jobs1: Laying out IO files (1024 files / total 30720MiB)
fio: pid=1200320, err=24/file:filesetup.c:805, func=open(/tmp/ssfs/home/sevag/fuse_ext4/f1012), error=Too many open files

jobs1: (groupid=0, jobs=1): err=24 (file:filesetup.c:805, func=open(/tmp/ssfs/home/sevag/fuse_ext4/f1012), error=Too many open files): pid=1200320: Wed Jul 26 11:00:46 2023
  read: IOPS=490, BW=245MiB/s (257MB/s)(507MiB/2065msec)
    slat (usec): min=1323, max=2640, avg=1580.19, stdev=192.12
    clat (usec): min=119, max=315555, avg=239235.17, stdev=50689.07
     lat (usec): min=1491, max=318198, avg=240816.84, stdev=50741.72
    clat percentiles (msec):
     |  1.00th=[   23],  5.00th=[  105], 10.00th=[  209], 20.00th=[  243],
     | 30.00th=[  245], 40.00th=[  247], 50.00th=[  251], 60.00th=[  253],
     | 70.00th=[  257], 80.00th=[  262], 90.00th=[  264], 95.00th=[  292],
     | 99.00th=[  313], 99.50th=[  313], 99.90th=[  317], 99.95th=[  317],
     | 99.99th=[  317]
   bw (  KiB/s): min=103424, max=263168, per=87.25%, avg=219136.00, stdev=77237.93, samples=4
   iops        : min=  202, max=  514, avg=428.00, stdev=150.86, samples=4
  lat (usec)   : 250=0.10%
  lat (msec)   : 10=0.30%, 20=0.49%, 50=1.48%, 100=2.37%, 250=44.42%
  lat (msec)   : 500=50.84%
  cpu          : usr=1.79%, sys=30.28%, ctx=5735, majf=0, minf=16402
  IO depths    : 1=0.1%, 2=0.2%, 4=0.4%, 8=0.8%, 16=1.6%, 32=3.2%, >=64=93.8%
     submit    : 0=0.0%, 4=100.0%, 8=0.0%, 16=0.0%, 32=0.0%, 64=0.0%, >=64=0.0%
     complete  : 0=0.0%, 4=99.9%, 8=0.0%, 16=0.0%, 32=0.0%, 64=0.0%, >=64=0.1%
     issued rwts: total=1013,0,0,0 short=0,0,0,0 dropped=0,0,0,0
     latency   : target=0, window=0, percentile=100.00%, depth=128

Run status group 0 (all jobs):
   READ: bw=245MiB/s (257MB/s), 245MiB/s-245MiB/s (257MB/s-257MB/s), io=507MiB (531MB), run=2065-2065msec
