jobs1: (g=0): rw=randwrite, bs=(R) 128KiB-128KiB, (W) 128KiB-128KiB, (T) 128KiB-128KiB, ioengine=libaio, iodepth=128
...
fio-3.28
Starting 32 processes
jobs1: Laying out IO file (1 file / 30720MiB)

jobs1: (groupid=0, jobs=32): err= 0: pid=180695: Tue Jul 25 19:35:36 2023
  write: IOPS=14.2k, BW=1771MiB/s (1857MB/s)(30.0GiB/17342msec); 0 zone resets
    slat (usec): min=33, max=159997, avg=69.80, stdev=584.04
    clat (nsec): min=1963, max=337084k, avg=8723944.05, stdev=3221760.29
     lat (usec): min=88, max=472126, avg=8793.82, stdev=3368.67
    clat percentiles (usec):
     |  1.00th=[ 4883],  5.00th=[ 5080], 10.00th=[ 5276], 20.00th=[ 7767],
     | 30.00th=[ 7898], 40.00th=[ 8029], 50.00th=[ 8160], 60.00th=[ 8225],
     | 70.00th=[ 8356], 80.00th=[ 8848], 90.00th=[13566], 95.00th=[16057],
     | 99.00th=[20579], 99.50th=[22676], 99.90th=[26870], 99.95th=[28181],
     | 99.99th=[29492]
   bw (  MiB/s): min=  209, max= 2011, per=99.97%, avg=1770.80, stdev=363.89, samples=34
   iops        : min= 1677, max=16090, avg=14166.38, stdev=2911.10, samples=34
  lat (usec)   : 2=0.01%, 100=0.01%, 250=0.01%, 500=0.01%, 750=0.01%
  lat (usec)   : 1000=0.01%
  lat (msec)   : 2=0.01%, 4=0.01%, 10=86.78%, 20=11.94%, 50=1.26%
  lat (msec)   : 250=0.01%, 500=0.01%
  cpu          : usr=5.63%, sys=84.09%, ctx=173, majf=0, minf=72
  IO depths    : 1=0.1%, 2=0.1%, 4=0.1%, 8=0.1%, 16=0.1%, 32=0.1%, >=64=100.0%
     submit    : 0=0.0%, 4=100.0%, 8=0.0%, 16=0.0%, 32=0.0%, 64=0.0%, >=64=0.0%
     complete  : 0=0.0%, 4=100.0%, 8=0.0%, 16=0.0%, 32=0.0%, 64=0.0%, >=64=0.1%
     issued rwts: total=0,245760,0,0 short=0,0,0,0 dropped=0,0,0,0
     latency   : target=0, window=0, percentile=100.00%, depth=128

Run status group 0 (all jobs):
  WRITE: bw=1771MiB/s (1857MB/s), 1771MiB/s-1771MiB/s (1857MB/s-1857MB/s), io=30.0GiB (32.2GB), run=17342-17342msec
