jobs1: (g=0): rw=randread, bs=(R) 128KiB-128KiB, (W) 128KiB-128KiB, (T) 128KiB-128KiB, ioengine=libaio, iodepth=128
...
fio-3.28
Starting 16 processes
jobs1: Laying out IO files (512 files / total 30720MiB)

jobs1: (groupid=0, jobs=16): err= 0: pid=1141955: Wed Jul 26 07:47:11 2023
  read: IOPS=40.0k, BW=4996MiB/s (5239MB/s)(30.0GiB/6149msec)
    slat (usec): min=19, max=204, avg=24.30, stdev= 4.54
    clat (nsec): min=1593, max=20444k, avg=3172060.54, stdev=495409.04
     lat (usec): min=24, max=20649, avg=3196.43, stdev=499.65
    clat percentiles (usec):
     |  1.00th=[ 2933],  5.00th=[ 2933], 10.00th=[ 2966], 20.00th=[ 2966],
     | 30.00th=[ 2966], 40.00th=[ 2966], 50.00th=[ 2966], 60.00th=[ 2966],
     | 70.00th=[ 2999], 80.00th=[ 2999], 90.00th=[ 4080], 95.00th=[ 4113],
     | 99.00th=[ 4146], 99.50th=[ 4146], 99.90th=[ 5407], 99.95th=[ 6390],
     | 99.99th=[17171]
   bw (  MiB/s): min= 3707, max= 5350, per=100.00%, avg=5005.08, stdev=635.69, samples=12
   iops        : min=29658, max=42806, avg=40040.75, stdev=5085.67, samples=12
  lat (usec)   : 2=0.01%, 50=0.01%, 100=0.01%, 250=0.01%, 500=0.01%
  lat (usec)   : 750=0.01%, 1000=0.01%
  lat (msec)   : 2=0.02%, 4=82.54%, 10=17.39%, 20=0.03%, 50=0.01%
  cpu          : usr=3.43%, sys=96.54%, ctx=12, majf=0, minf=4144
  IO depths    : 1=0.1%, 2=0.1%, 4=0.1%, 8=0.1%, 16=0.1%, 32=0.1%, >=64=100.0%
     submit    : 0=0.0%, 4=100.0%, 8=0.0%, 16=0.0%, 32=0.0%, 64=0.0%, >=64=0.0%
     complete  : 0=0.0%, 4=100.0%, 8=0.0%, 16=0.0%, 32=0.0%, 64=0.0%, >=64=0.1%
     issued rwts: total=245760,0,0,0 short=0,0,0,0 dropped=0,0,0,0
     latency   : target=0, window=0, percentile=100.00%, depth=128

Run status group 0 (all jobs):
   READ: bw=4996MiB/s (5239MB/s), 4996MiB/s-4996MiB/s (5239MB/s-5239MB/s), io=30.0GiB (32.2GB), run=6149-6149msec
