jobs1: (g=0): rw=randread, bs=(R) 512KiB-512KiB, (W) 512KiB-512KiB, (T) 512KiB-512KiB, ioengine=libaio, iodepth=128
...
fio-3.28
Starting 32 processes
jobs1: Laying out IO file (1 file / 30720MiB)

jobs1: (groupid=0, jobs=32): err= 0: pid=198684: Tue Jul 25 20:39:26 2023
  read: IOPS=1800, BW=900MiB/s (944MB/s)(30.0GiB/34125msec)
    slat (usec): min=312, max=1640, avg=552.25, stdev=103.88
    clat (usec): min=4, max=106789, avg=70409.40, stdev=13053.31
     lat (usec): min=508, max=108431, avg=70962.11, stdev=13153.74
    clat percentiles (msec):
     |  1.00th=[   42],  5.00th=[   43], 10.00th=[   66], 20.00th=[   67],
     | 30.00th=[   67], 40.00th=[   67], 50.00th=[   67], 60.00th=[   67],
     | 70.00th=[   71], 80.00th=[   72], 90.00th=[  100], 95.00th=[  100],
     | 99.00th=[  101], 99.50th=[  101], 99.90th=[  101], 99.95th=[  101],
     | 99.99th=[  102]
   bw (  KiB/s): min=648464, max=1572937, per=99.78%, avg=919770.00, stdev=156262.71, samples=68
   iops        : min= 1266, max= 3072, avg=1796.32, stdev=305.19, samples=68
  lat (usec)   : 10=0.01%, 750=0.01%
  lat (msec)   : 2=0.01%, 4=0.01%, 10=0.02%, 20=0.03%, 50=5.52%
  lat (msec)   : 100=90.09%, 250=4.33%
  cpu          : usr=0.52%, sys=59.61%, ctx=245795, majf=0, minf=16466
  IO depths    : 1=0.1%, 2=0.1%, 4=0.1%, 8=0.1%, 16=0.1%, 32=0.1%, >=64=99.9%
     submit    : 0=0.0%, 4=100.0%, 8=0.0%, 16=0.0%, 32=0.0%, 64=0.0%, >=64=0.0%
     complete  : 0=0.0%, 4=100.0%, 8=0.0%, 16=0.0%, 32=0.0%, 64=0.0%, >=64=0.1%
     issued rwts: total=61440,0,0,0 short=0,0,0,0 dropped=0,0,0,0
     latency   : target=0, window=0, percentile=100.00%, depth=128

Run status group 0 (all jobs):
   READ: bw=900MiB/s (944MB/s), 900MiB/s-900MiB/s (944MB/s-944MB/s), io=30.0GiB (32.2GB), run=34125-34125msec
