jobs1: (g=0): rw=randread, bs=(R) 32.0KiB-32.0KiB, (W) 32.0KiB-32.0KiB, (T) 32.0KiB-32.0KiB, ioengine=libaio, iodepth=128
...
fio-3.28
Starting 16 processes
jobs1: Laying out IO files (512 files / total 30720MiB)

jobs1: (groupid=0, jobs=16): err= 0: pid=1128975: Wed Jul 26 06:45:03 2023
  read: IOPS=5064, BW=158MiB/s (166MB/s)(18.5GiB/120001msec)
    slat (usec): min=74, max=434, avg=190.88, stdev=69.00
    clat (usec): min=4, max=93403, avg=25067.98, stdev=4425.90
     lat (usec): min=199, max=93776, avg=25259.64, stdev=4452.55
    clat percentiles (usec):
     |  1.00th=[14222],  5.00th=[17171], 10.00th=[19268], 20.00th=[21627],
     | 30.00th=[22938], 40.00th=[24249], 50.00th=[25297], 60.00th=[26346],
     | 70.00th=[27657], 80.00th=[28967], 90.00th=[30802], 95.00th=[31589],
     | 99.00th=[32375], 99.50th=[32637], 99.90th=[33162], 99.95th=[51643],
     | 99.99th=[69731]
   bw (  KiB/s): min=109691, max=241792, per=100.00%, avg=162101.23, stdev=22194.81, samples=239
   iops        : min= 3427, max= 7556, avg=5065.59, stdev=693.60, samples=239
  lat (usec)   : 10=0.01%, 250=0.01%, 500=0.01%, 750=0.01%, 1000=0.01%
  lat (msec)   : 2=0.01%, 4=0.01%, 10=0.01%, 20=13.02%, 50=86.91%
  lat (msec)   : 100=0.06%
  cpu          : usr=2.12%, sys=26.47%, ctx=608415, majf=0, minf=1066
  IO depths    : 1=0.1%, 2=0.1%, 4=0.1%, 8=0.1%, 16=0.1%, 32=0.1%, >=64=100.0%
     submit    : 0=0.0%, 4=100.0%, 8=0.0%, 16=0.0%, 32=0.0%, 64=0.0%, >=64=0.0%
     complete  : 0=0.0%, 4=100.0%, 8=0.0%, 16=0.0%, 32=0.0%, 64=0.0%, >=64=0.1%
     issued rwts: total=607799,0,0,0 short=0,0,0,0 dropped=0,0,0,0
     latency   : target=0, window=0, percentile=100.00%, depth=128

Run status group 0 (all jobs):
   READ: bw=158MiB/s (166MB/s), 158MiB/s-158MiB/s (166MB/s-166MB/s), io=18.5GiB (19.9GB), run=120001-120001msec
