jobs1: (g=0): rw=randread, bs=(R) 128KiB-128KiB, (W) 128KiB-128KiB, (T) 128KiB-128KiB, ioengine=libaio, iodepth=128
fio-3.28
Starting 1 process
jobs1: Laying out IO files (512 files / total 30720MiB)

jobs1: (groupid=0, jobs=1): err= 0: pid=1140281: Wed Jul 26 07:33:58 2023
  read: IOPS=57.0k, BW=7119MiB/s (7465MB/s)(30.0GiB/4315msec)
    slat (usec): min=14, max=185, avg=16.95, stdev= 2.93
    clat (nsec): min=1569, max=18585k, avg=2224816.08, stdev=243350.90
     lat (usec): min=18, max=18772, avg=2241.80, stdev=246.03
    clat percentiles (usec):
     |  1.00th=[ 2212],  5.00th=[ 2212], 10.00th=[ 2212], 20.00th=[ 2212],
     | 30.00th=[ 2212], 40.00th=[ 2212], 50.00th=[ 2212], 60.00th=[ 2212],
     | 70.00th=[ 2212], 80.00th=[ 2212], 90.00th=[ 2212], 95.00th=[ 2245],
     | 99.00th=[ 2376], 99.50th=[ 2540], 99.90th=[ 4293], 99.95th=[ 5145],
     | 99.99th=[15795]
   bw (  MiB/s): min= 6707, max= 7177, per=99.94%, avg=7114.92, stdev=164.70, samples=8
   iops        : min=53658, max=57420, avg=56919.25, stdev=1317.84, samples=8
  lat (usec)   : 2=0.01%, 20=0.01%, 50=0.01%, 100=0.01%, 250=0.01%
  lat (usec)   : 500=0.01%, 750=0.01%, 1000=0.01%
  lat (msec)   : 2=0.02%, 4=99.79%, 10=0.13%, 20=0.03%
  cpu          : usr=3.48%, sys=96.45%, ctx=4, majf=0, minf=4109
  IO depths    : 1=0.1%, 2=0.1%, 4=0.1%, 8=0.1%, 16=0.1%, 32=0.1%, >=64=100.0%
     submit    : 0=0.0%, 4=100.0%, 8=0.0%, 16=0.0%, 32=0.0%, 64=0.0%, >=64=0.0%
     complete  : 0=0.0%, 4=100.0%, 8=0.0%, 16=0.0%, 32=0.0%, 64=0.0%, >=64=0.1%
     issued rwts: total=245760,0,0,0 short=0,0,0,0 dropped=0,0,0,0
     latency   : target=0, window=0, percentile=100.00%, depth=128

Run status group 0 (all jobs):
   READ: bw=7119MiB/s (7465MB/s), 7119MiB/s-7119MiB/s (7465MB/s-7465MB/s), io=30.0GiB (32.2GB), run=4315-4315msec
