jobs1: (g=0): rw=randread, bs=(R) 512KiB-512KiB, (W) 512KiB-512KiB, (T) 512KiB-512KiB, ioengine=libaio, iodepth=128
...
fio-3.28
Starting 32 processes
jobs1: Laying out IO files (64 files / total 30720MiB)

jobs1: (groupid=0, jobs=32): err= 0: pid=529987: Wed Jul 26 00:32:12 2023
  read: IOPS=635, BW=318MiB/s (333MB/s)(30.0GiB/96622msec)
    slat (usec): min=1245, max=2350, avg=1558.50, stdev=107.65
    clat (usec): min=6, max=297787, avg=199398.64, stdev=7382.22
     lat (usec): min=1433, max=300139, avg=200958.53, stdev=7406.43
    clat percentiles (msec):
     |  1.00th=[  190],  5.00th=[  192], 10.00th=[  192], 20.00th=[  194],
     | 30.00th=[  199], 40.00th=[  201], 50.00th=[  201], 60.00th=[  203],
     | 70.00th=[  203], 80.00th=[  203], 90.00th=[  203], 95.00th=[  207],
     | 99.00th=[  209], 99.50th=[  209], 99.90th=[  226], 99.95th=[  279],
     | 99.99th=[  296]
   bw (  KiB/s): min=186576, max=343040, per=99.91%, avg=325270.69, stdev=12112.75, samples=192
   iops        : min=  364, max=  670, avg=635.25, stdev=23.68, samples=192
  lat (usec)   : 10=0.01%
  lat (msec)   : 2=0.01%, 4=0.01%, 10=0.01%, 20=0.01%, 50=0.03%
  lat (msec)   : 100=0.05%, 250=99.81%, 500=0.08%
  cpu          : usr=0.46%, sys=33.96%, ctx=245870, majf=0, minf=16488
  IO depths    : 1=0.1%, 2=0.1%, 4=0.1%, 8=0.1%, 16=0.1%, 32=0.1%, >=64=99.9%
     submit    : 0=0.0%, 4=100.0%, 8=0.0%, 16=0.0%, 32=0.0%, 64=0.0%, >=64=0.0%
     complete  : 0=0.0%, 4=100.0%, 8=0.0%, 16=0.0%, 32=0.0%, 64=0.0%, >=64=0.1%
     issued rwts: total=61440,0,0,0 short=0,0,0,0 dropped=0,0,0,0
     latency   : target=0, window=0, percentile=100.00%, depth=128

Run status group 0 (all jobs):
   READ: bw=318MiB/s (333MB/s), 318MiB/s-318MiB/s (333MB/s-333MB/s), io=30.0GiB (32.2GB), run=96622-96622msec
