jobs1: (g=0): rw=randwrite, bs=(R) 512KiB-512KiB, (W) 512KiB-512KiB, (T) 512KiB-512KiB, ioengine=libaio, iodepth=128
...
fio-3.28
Starting 16 processes
jobs1: Laying out IO files (1024 files / total 30720MiB)
fio: pid=1195226, err=24/file:filesetup.c:805, func=open(/home/sevag/ramdisk//f1018), error=Too many open files

jobs1: (groupid=0, jobs=16): err=24 (file:filesetup.c:805, func=open(/home/sevag/ramdisk//f1018), error=Too many open files): pid=1195226: Wed Jul 26 10:40:49 2023
  write: IOPS=3385, BW=1693MiB/s (1775MB/s)(510MiB/301msec); 0 zone resets
    slat (usec): min=251, max=2139, avg=284.82, stdev=102.39
    clat (usec): min=52, max=49061, avg=33657.23, stdev=7111.33
     lat (usec): min=321, max=49361, avg=33942.29, stdev=7128.49
    clat percentiles (usec):
     |  1.00th=[ 2900],  5.00th=[14091], 10.00th=[28443], 20.00th=[35390],
     | 30.00th=[35390], 40.00th=[35390], 50.00th=[35914], 60.00th=[35914],
     | 70.00th=[35914], 80.00th=[35914], 90.00th=[35914], 95.00th=[35914],
     | 99.00th=[41681], 99.50th=[47449], 99.90th=[49021], 99.95th=[49021],
     | 99.99th=[49021]
  lat (usec)   : 100=0.10%, 500=0.10%, 750=0.10%, 1000=0.10%
  lat (msec)   : 2=0.29%, 4=0.69%, 10=2.16%, 20=3.43%, 50=93.03%
  cpu          : usr=14.67%, sys=85.00%, ctx=0, majf=0, minf=42
  IO depths    : 1=0.1%, 2=0.2%, 4=0.4%, 8=0.8%, 16=1.6%, 32=3.1%, >=64=93.8%
     submit    : 0=0.0%, 4=100.0%, 8=0.0%, 16=0.0%, 32=0.0%, 64=0.0%, >=64=0.0%
     complete  : 0=0.0%, 4=99.9%, 8=0.0%, 16=0.0%, 32=0.0%, 64=0.0%, >=64=0.1%
     issued rwts: total=0,1019,0,0 short=0,0,0,0 dropped=0,0,0,0
     latency   : target=0, window=0, percentile=100.00%, depth=128

Run status group 0 (all jobs):
  WRITE: bw=1693MiB/s (1775MB/s), 1693MiB/s-1693MiB/s (1775MB/s-1775MB/s), io=510MiB (534MB), run=301-301msec
