jobs1: (g=0): rw=randwrite, bs=(R) 128KiB-128KiB, (W) 128KiB-128KiB, (T) 128KiB-128KiB, ioengine=libaio, iodepth=128
fio-3.28
Starting 1 process
jobs1: Laying out IO files (128 files / total 30720MiB)

jobs1: (groupid=0, jobs=1): err= 0: pid=830403: Wed Jul 26 02:58:42 2023
  write: IOPS=17.0k, BW=2121MiB/s (2224MB/s)(30.0GiB/14483msec); 0 zone resets
    slat (usec): min=35, max=159806, avg=57.85, stdev=559.45
    clat (usec): min=2, max=378223, avg=7238.27, stdev=2891.50
     lat (usec): min=52, max=511479, avg=7296.21, stdev=3076.13
    clat percentiles (usec):
     |  1.00th=[ 5669],  5.00th=[ 5735], 10.00th=[ 5800], 20.00th=[ 5800],
     | 30.00th=[ 5866], 40.00th=[ 5932], 50.00th=[ 5997], 60.00th=[ 6128],
     | 70.00th=[ 6652], 80.00th=[ 8455], 90.00th=[10290], 95.00th=[10552],
     | 99.00th=[18220], 99.50th=[21103], 99.90th=[27657], 99.95th=[30016],
     | 99.99th=[54264]
   bw (  MiB/s): min= 1412, max= 2550, per=100.00%, avg=2192.98, stdev=430.88, samples=27
   iops        : min=11300, max=20400, avg=17543.85, stdev=3447.02, samples=27
  lat (usec)   : 4=0.01%, 100=0.01%, 250=0.01%, 500=0.01%, 750=0.01%
  lat (usec)   : 1000=0.01%
  lat (msec)   : 2=0.01%, 4=0.02%, 10=82.34%, 20=16.99%, 50=0.62%
  lat (msec)   : 100=0.02%, 250=0.01%, 500=0.01%
  cpu          : usr=8.21%, sys=82.90%, ctx=2015, majf=0, minf=13
  IO depths    : 1=0.1%, 2=0.1%, 4=0.1%, 8=0.1%, 16=0.1%, 32=0.1%, >=64=100.0%
     submit    : 0=0.0%, 4=100.0%, 8=0.0%, 16=0.0%, 32=0.0%, 64=0.0%, >=64=0.0%
     complete  : 0=0.0%, 4=100.0%, 8=0.0%, 16=0.0%, 32=0.0%, 64=0.0%, >=64=0.1%
     issued rwts: total=0,245760,0,0 short=0,0,0,0 dropped=0,0,0,0
     latency   : target=0, window=0, percentile=100.00%, depth=128

Run status group 0 (all jobs):
  WRITE: bw=2121MiB/s (2224MB/s), 2121MiB/s-2121MiB/s (2224MB/s-2224MB/s), io=30.0GiB (32.2GB), run=14483-14483msec
