jobs1: (g=0): rw=randwrite, bs=(R) 4096B-4096B, (W) 4096B-4096B, (T) 4096B-4096B, ioengine=libaio, iodepth=128
...
fio-3.28
Starting 32 processes
jobs1: Laying out IO file (1 file / 30720MiB)

jobs1: (groupid=0, jobs=32): err= 0: pid=119327: Tue Jul 25 17:47:07 2023
  write: IOPS=230k, BW=897MiB/s (941MB/s)(30.0GiB/34245msec); 0 zone resets
    slat (nsec): min=1446, max=132613k, avg=3616.91, stdev=107973.44
    clat (nsec): min=1650, max=740722k, avg=549012.74, stdev=3627834.50
     lat (usec): min=4, max=740741, avg=552.71, stdev=3656.95
    clat percentiles (usec):
     |  1.00th=[  363],  5.00th=[  371], 10.00th=[  400], 20.00th=[  420],
     | 30.00th=[  461], 40.00th=[  502], 50.00th=[  510], 60.00th=[  519],
     | 70.00th=[  529], 80.00th=[  562], 90.00th=[  619], 95.00th=[  709],
     | 99.00th=[  742], 99.50th=[  775], 99.90th=[11469], 99.95th=[13829],
     | 99.99th=[16057]
   bw (  KiB/s): min=  107, max=1207024, per=100.00%, avg=923134.59, stdev=232124.81, samples=68
   iops        : min=   26, max=301756, avg=230783.60, stdev=58031.19, samples=68
  lat (usec)   : 2=0.01%, 10=0.01%, 20=0.01%, 50=0.01%, 100=0.01%
  lat (usec)   : 250=0.01%, 500=40.05%, 750=59.11%, 1000=0.61%
  lat (msec)   : 2=0.06%, 10=0.03%, 20=0.13%, 50=0.01%, 100=0.01%
  lat (msec)   : 250=0.01%, 500=0.01%, 750=0.01%
  cpu          : usr=17.22%, sys=74.62%, ctx=241, majf=0, minf=95
  IO depths    : 1=0.1%, 2=0.1%, 4=0.1%, 8=0.1%, 16=0.1%, 32=0.1%, >=64=100.0%
     submit    : 0=0.0%, 4=100.0%, 8=0.0%, 16=0.0%, 32=0.0%, 64=0.0%, >=64=0.0%
     complete  : 0=0.0%, 4=100.0%, 8=0.0%, 16=0.0%, 32=0.0%, 64=0.0%, >=64=0.1%
     issued rwts: total=0,7864320,0,0 short=0,0,0,0 dropped=0,0,0,0
     latency   : target=0, window=0, percentile=100.00%, depth=128

Run status group 0 (all jobs):
  WRITE: bw=897MiB/s (941MB/s), 897MiB/s-897MiB/s (941MB/s-941MB/s), io=30.0GiB (32.2GB), run=34245-34245msec
