jobs1: (g=0): rw=randwrite, bs=(R) 32.0KiB-32.0KiB, (W) 32.0KiB-32.0KiB, (T) 32.0KiB-32.0KiB, ioengine=libaio, iodepth=128
fio-3.28
Starting 1 process
jobs1: Laying out IO files (1024 files / total 30720MiB)
fio: pid=1169240, err=24/file:filesetup.c:805, func=open(/home/sevag/fuse_boc//f1018), error=Too many open files

jobs1: (groupid=0, jobs=1): err=24 (file:filesetup.c:805, func=open(/home/sevag/fuse_boc//f1018), error=Too many open files): pid=1169240: Wed Jul 26 09:26:15 2023
  write: IOPS=1974, BW=61.7MiB/s (64.7MB/s)(31.8MiB/516msec); 0 zone resets
    slat (usec): min=15, max=134348, avg=467.39, stdev=5463.09
    clat (usec): min=38, max=466333, avg=9470.04, stdev=30882.11
     lat (usec): min=57, max=466409, avg=9937.64, stdev=34021.78
    clat percentiles (usec):
     |  1.00th=[   515],  5.00th=[  2704], 10.00th=[  5342], 20.00th=[  5735],
     | 30.00th=[  6194], 40.00th=[  6194], 50.00th=[  6521], 60.00th=[  6849],
     | 70.00th=[  7570], 80.00th=[  8225], 90.00th=[  9372], 95.00th=[  9372],
     | 99.00th=[ 52167], 99.50th=[252707], 99.90th=[467665], 99.95th=[467665],
     | 99.99th=[467665]
   bw (  KiB/s): min=37248, max=37248, per=58.94%, avg=37248.00, stdev= 0.00, samples=1
   iops        : min= 1166, max= 1166, avg=1166.00, stdev= 0.00, samples=1
  lat (usec)   : 50=0.10%, 250=0.29%, 500=0.59%, 750=0.59%, 1000=0.59%
  lat (msec)   : 2=1.67%, 4=3.24%, 10=90.78%, 20=1.08%, 100=0.20%
  lat (msec)   : 250=0.29%, 500=0.59%
  cpu          : usr=1.36%, sys=6.99%, ctx=1083, majf=0, minf=19
  IO depths    : 1=0.1%, 2=0.2%, 4=0.4%, 8=0.8%, 16=1.6%, 32=3.1%, >=64=93.8%
     submit    : 0=0.0%, 4=100.0%, 8=0.0%, 16=0.0%, 32=0.0%, 64=0.0%, >=64=0.0%
     complete  : 0=0.0%, 4=99.9%, 8=0.0%, 16=0.0%, 32=0.0%, 64=0.0%, >=64=0.1%
     issued rwts: total=0,1019,0,0 short=0,0,0,0 dropped=0,0,0,0
     latency   : target=0, window=0, percentile=100.00%, depth=128

Run status group 0 (all jobs):
  WRITE: bw=61.7MiB/s (64.7MB/s), 61.7MiB/s-61.7MiB/s (64.7MB/s-64.7MB/s), io=31.8MiB (33.4MB), run=516-516msec
