jobs1: (g=0): rw=randwrite, bs=(R) 512KiB-512KiB, (W) 512KiB-512KiB, (T) 512KiB-512KiB, ioengine=libaio, iodepth=128
...
fio-3.28
Starting 16 processes
jobs1: Laying out IO files (512 files / total 30720MiB)

jobs1: (groupid=0, jobs=16): err= 0: pid=1147075: Wed Jul 26 08:03:29 2023
  write: IOPS=5542, BW=2771MiB/s (2906MB/s)(30.0GiB/11085msec); 0 zone resets
    slat (usec): min=142, max=2213, avg=178.96, stdev=47.01
    clat (usec): min=2, max=48775, avg=22852.30, stdev=5749.80
     lat (usec): min=156, max=49072, avg=23031.41, stdev=5794.79
    clat percentiles (usec):
     |  1.00th=[20055],  5.00th=[20055], 10.00th=[20055], 20.00th=[20055],
     | 30.00th=[20055], 40.00th=[20055], 50.00th=[20055], 60.00th=[20055],
     | 70.00th=[20055], 80.00th=[21103], 90.00th=[34341], 95.00th=[34866],
     | 99.00th=[34866], 99.50th=[35914], 99.90th=[36439], 99.95th=[36439],
     | 99.99th=[47973]
   bw (  MiB/s): min= 1650, max= 3167, per=99.95%, avg=2769.93, stdev=614.82, samples=22
   iops        : min= 3300, max= 6334, avg=5539.77, stdev=1229.65, samples=22
  lat (usec)   : 4=0.01%, 250=0.01%, 500=0.01%, 750=0.01%, 1000=0.01%
  lat (msec)   : 2=0.01%, 4=0.02%, 10=0.06%, 20=6.27%, 50=93.62%
  cpu          : usr=10.36%, sys=89.67%, ctx=29, majf=0, minf=38
  IO depths    : 1=0.1%, 2=0.1%, 4=0.1%, 8=0.1%, 16=0.1%, 32=0.1%, >=64=99.9%
     submit    : 0=0.0%, 4=100.0%, 8=0.0%, 16=0.0%, 32=0.0%, 64=0.0%, >=64=0.0%
     complete  : 0=0.0%, 4=100.0%, 8=0.0%, 16=0.0%, 32=0.0%, 64=0.0%, >=64=0.1%
     issued rwts: total=0,61440,0,0 short=0,0,0,0 dropped=0,0,0,0
     latency   : target=0, window=0, percentile=100.00%, depth=128

Run status group 0 (all jobs):
  WRITE: bw=2771MiB/s (2906MB/s), 2771MiB/s-2771MiB/s (2906MB/s-2906MB/s), io=30.0GiB (32.2GB), run=11085-11085msec
