jobs1: (g=0): rw=randread, bs=(R) 4096B-4096B, (W) 4096B-4096B, (T) 4096B-4096B, ioengine=libaio, iodepth=128
fio-3.28
Starting 1 process
jobs1: Laying out IO files (128 files / total 30720MiB)

jobs1: (groupid=0, jobs=1): err= 0: pid=792420: Wed Jul 26 01:32:13 2023
  read: IOPS=537k, BW=2098MiB/s (2200MB/s)(30.0GiB/14640msec)
    slat (nsec): min=821, max=26971, avg=1360.58, stdev=295.54
    clat (nsec): min=1256, max=2041.7k, avg=236615.76, stdev=40958.57
     lat (usec): min=2, max=2069, avg=238.01, stdev=41.21
    clat percentiles (usec):
     |  1.00th=[  217],  5.00th=[  223], 10.00th=[  225], 20.00th=[  225],
     | 30.00th=[  227], 40.00th=[  227], 50.00th=[  227], 60.00th=[  227],
     | 70.00th=[  229], 80.00th=[  229], 90.00th=[  231], 95.00th=[  392],
     | 99.00th=[  396], 99.50th=[  400], 99.90th=[  404], 99.95th=[  537],
     | 99.99th=[  717]
   bw (  MiB/s): min= 1260, max= 2248, per=99.94%, avg=2097.06, stdev=288.36, samples=29
   iops        : min=322754, max=575642, avg=536846.28, stdev=73819.06, samples=29
  lat (usec)   : 2=0.01%, 4=0.01%, 10=0.01%, 20=0.01%, 50=0.01%
  lat (usec)   : 100=0.01%, 250=93.38%, 500=6.56%, 750=0.05%, 1000=0.01%
  lat (msec)   : 2=0.01%, 4=0.01%
  cpu          : usr=24.22%, sys=75.78%, ctx=18, majf=0, minf=137
  IO depths    : 1=0.1%, 2=0.1%, 4=0.1%, 8=0.1%, 16=0.1%, 32=0.1%, >=64=100.0%
     submit    : 0=0.0%, 4=100.0%, 8=0.0%, 16=0.0%, 32=0.0%, 64=0.0%, >=64=0.0%
     complete  : 0=0.0%, 4=100.0%, 8=0.0%, 16=0.0%, 32=0.0%, 64=0.0%, >=64=0.1%
     issued rwts: total=7864320,0,0,0 short=0,0,0,0 dropped=0,0,0,0
     latency   : target=0, window=0, percentile=100.00%, depth=128

Run status group 0 (all jobs):
   READ: bw=2098MiB/s (2200MB/s), 2098MiB/s-2098MiB/s (2200MB/s-2200MB/s), io=30.0GiB (32.2GB), run=14640-14640msec
