jobs1: (g=0): rw=randwrite, bs=(R) 512KiB-512KiB, (W) 512KiB-512KiB, (T) 512KiB-512KiB, ioengine=libaio, iodepth=128
...
fio-3.28
Starting 32 processes
jobs1: Laying out IO files (64 files / total 30720MiB)

jobs1: (groupid=0, jobs=32): err= 0: pid=517929: Tue Jul 25 23:59:29 2023
  write: IOPS=4116, BW=2058MiB/s (2158MB/s)(30.0GiB/14927msec); 0 zone resets
    slat (usec): min=166, max=405597, avg=241.01, stdev=1679.67
    clat (usec): min=2, max=87258, avg=29911.73, stdev=7485.50
     lat (usec): min=192, max=492858, avg=30152.89, stdev=7756.79
    clat percentiles (usec):
     |  1.00th=[24249],  5.00th=[24511], 10.00th=[24511], 20.00th=[24511],
     | 30.00th=[24773], 40.00th=[24773], 50.00th=[25035], 60.00th=[25822],
     | 70.00th=[33817], 80.00th=[37487], 90.00th=[41157], 95.00th=[41681],
     | 99.00th=[51119], 99.50th=[52167], 99.90th=[65799], 99.95th=[73925],
     | 99.99th=[83362]
   bw (  MiB/s): min=  271, max= 2578, per=100.00%, avg=2062.10, stdev=522.37, samples=29
   iops        : min=  542, max= 5156, avg=4124.17, stdev=1044.77, samples=29
  lat (usec)   : 4=0.01%, 250=0.01%, 500=0.01%, 750=0.01%, 1000=0.01%
  lat (msec)   : 2=0.01%, 4=0.02%, 10=0.05%, 20=0.08%, 50=98.40%
  lat (msec)   : 100=1.43%
  cpu          : usr=8.96%, sys=82.72%, ctx=1068, majf=0, minf=71
  IO depths    : 1=0.1%, 2=0.1%, 4=0.1%, 8=0.1%, 16=0.1%, 32=0.1%, >=64=99.9%
     submit    : 0=0.0%, 4=100.0%, 8=0.0%, 16=0.0%, 32=0.0%, 64=0.0%, >=64=0.0%
     complete  : 0=0.0%, 4=100.0%, 8=0.0%, 16=0.0%, 32=0.0%, 64=0.0%, >=64=0.1%
     issued rwts: total=0,61440,0,0 short=0,0,0,0 dropped=0,0,0,0
     latency   : target=0, window=0, percentile=100.00%, depth=128

Run status group 0 (all jobs):
  WRITE: bw=2058MiB/s (2158MB/s), 2058MiB/s-2058MiB/s (2158MB/s-2158MB/s), io=30.0GiB (32.2GB), run=14927-14927msec
