jobs1: (g=0): rw=randwrite, bs=(R) 4096B-4096B, (W) 4096B-4096B, (T) 4096B-4096B, ioengine=libaio, iodepth=128
...
fio-3.28
Starting 32 processes
jobs1: Laying out IO files (512 files / total 30720MiB)

jobs1: (groupid=0, jobs=32): err= 0: pid=1090686: Wed Jul 26 05:00:18 2023
  write: IOPS=505k, BW=1973MiB/s (2069MB/s)(30.0GiB/15569msec); 0 zone resets
    slat (nsec): min=1002, max=27559, avg=1454.16, stdev=330.19
    clat (nsec): min=1543, max=1717.7k, avg=251643.02, stdev=47647.19
     lat (usec): min=3, max=1722, avg=253.15, stdev=47.93
    clat percentiles (usec):
     |  1.00th=[  233],  5.00th=[  235], 10.00th=[  237], 20.00th=[  237],
     | 30.00th=[  239], 40.00th=[  239], 50.00th=[  239], 60.00th=[  241],
     | 70.00th=[  241], 80.00th=[  243], 90.00th=[  245], 95.00th=[  424],
     | 99.00th=[  437], 99.50th=[  437], 99.90th=[  445], 99.95th=[  490],
     | 99.99th=[  717]
   bw (  MiB/s): min= 1151, max= 2096, per=100.00%, avg=1980.51, stdev=278.20, samples=30
   iops        : min=294852, max=536668, avg=507010.57, stdev=71218.27, samples=30
  lat (usec)   : 2=0.01%, 4=0.01%, 10=0.01%, 20=0.01%, 50=0.01%
  lat (usec)   : 100=0.01%, 250=92.89%, 500=7.08%, 750=0.02%, 1000=0.01%
  lat (msec)   : 2=0.01%
  cpu          : usr=25.40%, sys=74.59%, ctx=11, majf=0, minf=77
  IO depths    : 1=0.1%, 2=0.1%, 4=0.1%, 8=0.1%, 16=0.1%, 32=0.1%, >=64=100.0%
     submit    : 0=0.0%, 4=100.0%, 8=0.0%, 16=0.0%, 32=0.0%, 64=0.0%, >=64=0.0%
     complete  : 0=0.0%, 4=100.0%, 8=0.0%, 16=0.0%, 32=0.0%, 64=0.0%, >=64=0.1%
     issued rwts: total=0,7864320,0,0 short=0,0,0,0 dropped=0,0,0,0
     latency   : target=0, window=0, percentile=100.00%, depth=128

Run status group 0 (all jobs):
  WRITE: bw=1973MiB/s (2069MB/s), 1973MiB/s-1973MiB/s (2069MB/s-2069MB/s), io=30.0GiB (32.2GB), run=15569-15569msec
