jobs1: (g=0): rw=randwrite, bs=(R) 32.0KiB-32.0KiB, (W) 32.0KiB-32.0KiB, (T) 32.0KiB-32.0KiB, ioengine=libaio, iodepth=128
...
fio-3.28
Starting 32 processes
jobs1: Laying out IO files (1024 files / total 30720MiB)
fio: pid=1171704, err=24/file:filesetup.c:805, func=open(/home/sevag/fuse_boc//f1018), error=Too many open files

jobs1: (groupid=0, jobs=32): err=24 (file:filesetup.c:805, func=open(/home/sevag/fuse_boc//f1018), error=Too many open files): pid=1171704: Wed Jul 26 09:29:25 2023
  write: IOPS=1346, BW=42.1MiB/s (44.1MB/s)(31.8MiB/757msec); 0 zone resets
    slat (usec): min=14, max=133566, avg=699.47, stdev=6216.09
    clat (usec): min=34, max=706519, avg=12889.92, stdev=55148.90
     lat (usec): min=52, max=706602, avg=13589.63, stdev=59235.71
    clat percentiles (usec):
     |  1.00th=[   701],  5.00th=[  3130], 10.00th=[  5276], 20.00th=[  5735],
     | 30.00th=[  5997], 40.00th=[  6194], 50.00th=[  6587], 60.00th=[  6718],
     | 70.00th=[  7439], 80.00th=[  8225], 90.00th=[  9372], 95.00th=[  9503],
     | 99.00th=[291505], 99.50th=[492831], 99.90th=[708838], 99.95th=[708838],
     | 99.99th=[708838]
  lat (usec)   : 50=0.10%, 250=0.20%, 500=0.39%, 750=0.39%, 1000=0.39%
  lat (msec)   : 2=1.67%, 4=3.24%, 10=90.87%, 20=1.08%, 100=0.20%
  lat (msec)   : 250=0.29%, 500=0.69%, 750=0.49%
  cpu          : usr=0.40%, sys=5.69%, ctx=1113, majf=0, minf=79
  IO depths    : 1=0.1%, 2=0.2%, 4=0.4%, 8=0.8%, 16=1.6%, 32=3.1%, >=64=93.8%
     submit    : 0=0.0%, 4=100.0%, 8=0.0%, 16=0.0%, 32=0.0%, 64=0.0%, >=64=0.0%
     complete  : 0=0.0%, 4=99.9%, 8=0.0%, 16=0.0%, 32=0.0%, 64=0.0%, >=64=0.1%
     issued rwts: total=0,1019,0,0 short=0,0,0,0 dropped=0,0,0,0
     latency   : target=0, window=0, percentile=100.00%, depth=128

Run status group 0 (all jobs):
  WRITE: bw=42.1MiB/s (44.1MB/s), 42.1MiB/s-42.1MiB/s (44.1MB/s-44.1MB/s), io=31.8MiB (33.4MB), run=757-757msec
