jobs1: (g=0): rw=randwrite, bs=(R) 512KiB-512KiB, (W) 512KiB-512KiB, (T) 512KiB-512KiB, ioengine=libaio, iodepth=128
...
fio-3.28
Starting 16 processes
jobs1: Laying out IO file (1 file / 30720MiB)

jobs1: (groupid=0, jobs=16): err= 0: pid=191653: Tue Jul 25 20:13:27 2023
  write: IOPS=2877, BW=1439MiB/s (1508MB/s)(30.0GiB/21354msec); 0 zone resets
    slat (usec): min=167, max=495268, avg=345.87, stdev=2090.69
    clat (usec): min=2, max=104148, avg=43061.45, stdev=12660.99
     lat (usec): min=207, max=552241, avg=43407.51, stdev=12903.62
    clat percentiles (msec):
     |  1.00th=[   28],  5.00th=[   28], 10.00th=[   29], 20.00th=[   29],
     | 30.00th=[   32], 40.00th=[   40], 50.00th=[   43], 60.00th=[   46],
     | 70.00th=[   51], 80.00th=[   53], 90.00th=[   60], 95.00th=[   65],
     | 99.00th=[   80], 99.50th=[   88], 99.90th=[   97], 99.95th=[  101],
     | 99.99th=[  103]
   bw (  MiB/s): min=  997, max= 2056, per=100.00%, avg=1465.02, stdev=375.87, samples=41
   iops        : min= 1994, max= 4112, avg=2929.98, stdev=751.77, samples=41
  lat (usec)   : 4=0.01%, 250=0.01%, 500=0.01%, 750=0.01%, 1000=0.01%
  lat (msec)   : 2=0.01%, 4=0.01%, 10=0.04%, 20=0.07%, 50=70.41%
  lat (msec)   : 100=29.40%, 250=0.04%
  cpu          : usr=6.18%, sys=81.86%, ctx=5413, majf=0, minf=52
  IO depths    : 1=0.1%, 2=0.1%, 4=0.1%, 8=0.1%, 16=0.1%, 32=0.1%, >=64=99.9%
     submit    : 0=0.0%, 4=100.0%, 8=0.0%, 16=0.0%, 32=0.0%, 64=0.0%, >=64=0.0%
     complete  : 0=0.0%, 4=100.0%, 8=0.0%, 16=0.0%, 32=0.0%, 64=0.0%, >=64=0.1%
     issued rwts: total=0,61440,0,0 short=0,0,0,0 dropped=0,0,0,0
     latency   : target=0, window=0, percentile=100.00%, depth=128

Run status group 0 (all jobs):
  WRITE: bw=1439MiB/s (1508MB/s), 1439MiB/s-1439MiB/s (1508MB/s-1508MB/s), io=30.0GiB (32.2GB), run=21354-21354msec
