jobs1: (g=0): rw=randwrite, bs=(R) 32.0KiB-32.0KiB, (W) 32.0KiB-32.0KiB, (T) 32.0KiB-32.0KiB, ioengine=libaio, iodepth=128
...
fio-3.28
Starting 16 processes
jobs1: Laying out IO files (64 files / total 30720MiB)

jobs1: (groupid=0, jobs=16): err= 0: pid=473451: Tue Jul 25 22:13:48 2023
  write: IOPS=65.2k, BW=2039MiB/s (2138MB/s)(30.0GiB/15069msec); 0 zone resets
    slat (usec): min=8, max=133448, avg=14.57, stdev=238.04
    clat (nsec): min=1616, max=524479k, avg=1884062.13, stdev=2145480.29
     lat (usec): min=22, max=524558, avg=1898.72, stdev=2214.53
    clat percentiles (usec):
     |  1.00th=[ 1352],  5.00th=[ 1352], 10.00th=[ 1369], 20.00th=[ 1385],
     | 30.00th=[ 1418], 40.00th=[ 1450], 50.00th=[ 1483], 60.00th=[ 1549],
     | 70.00th=[ 1614], 80.00th=[ 1729], 90.00th=[ 2442], 95.00th=[ 2606],
     | 99.00th=[12518], 99.50th=[13698], 99.90th=[19268], 99.95th=[20579],
     | 99.99th=[21627]
   bw (  MiB/s): min=  374, max= 2336, per=100.00%, avg=2059.41, stdev=433.51, samples=29
   iops        : min=11979, max=74772, avg=65901.00, stdev=13872.49, samples=29
  lat (usec)   : 2=0.01%, 50=0.01%, 100=0.01%, 250=0.01%, 500=0.01%
  lat (usec)   : 750=0.01%, 1000=0.01%
  lat (msec)   : 2=86.08%, 4=11.50%, 10=0.19%, 20=2.16%, 50=0.06%
  lat (msec)   : 100=0.01%, 250=0.01%, 500=0.01%, 750=0.01%
  cpu          : usr=7.19%, sys=75.76%, ctx=1242, majf=0, minf=52
  IO depths    : 1=0.1%, 2=0.1%, 4=0.1%, 8=0.1%, 16=0.1%, 32=0.1%, >=64=100.0%
     submit    : 0=0.0%, 4=100.0%, 8=0.0%, 16=0.0%, 32=0.0%, 64=0.0%, >=64=0.0%
     complete  : 0=0.0%, 4=100.0%, 8=0.0%, 16=0.0%, 32=0.0%, 64=0.0%, >=64=0.1%
     issued rwts: total=0,983040,0,0 short=0,0,0,0 dropped=0,0,0,0
     latency   : target=0, window=0, percentile=100.00%, depth=128

Run status group 0 (all jobs):
  WRITE: bw=2039MiB/s (2138MB/s), 2039MiB/s-2039MiB/s (2138MB/s-2138MB/s), io=30.0GiB (32.2GB), run=15069-15069msec
