jobs1: (g=0): rw=randwrite, bs=(R) 512KiB-512KiB, (W) 512KiB-512KiB, (T) 512KiB-512KiB, ioengine=libaio, iodepth=128
...
fio-3.28
Starting 32 processes
jobs1: Laying out IO files (1024 files / total 30720MiB)
fio: pid=1196282, err=24/file:filesetup.c:805, func=open(/tmp/ssfs/home/sevag/fuse_ext4/f1012), error=Too many open files

jobs1: (groupid=0, jobs=32): err=24 (file:filesetup.c:805, func=open(/tmp/ssfs/home/sevag/fuse_ext4/f1012), error=Too many open files): pid=1196282: Wed Jul 26 10:42:52 2023
  write: IOPS=766, BW=383MiB/s (402MB/s)(507MiB/1322msec); 0 zone resets
    slat (usec): min=312, max=374625, avg=879.74, stdev=11771.65
    clat (usec): min=109, max=140613, avg=111415.72, stdev=23630.33
     lat (usec): min=818, max=498171, avg=112296.26, stdev=26528.62
    clat percentiles (msec):
     |  1.00th=[   13],  5.00th=[   61], 10.00th=[   91], 20.00th=[  101],
     | 30.00th=[  105], 40.00th=[  111], 50.00th=[  116], 60.00th=[  120],
     | 70.00th=[  124], 80.00th=[  130], 90.00th=[  134], 95.00th=[  140],
     | 99.00th=[  140], 99.50th=[  140], 99.90th=[  142], 99.95th=[  142],
     | 99.99th=[  142]
   bw (  KiB/s): min=117245, max=541696, per=83.98%, avg=329470.50, stdev=300132.18, samples=2
   iops        : min=  228, max= 1058, avg=643.00, stdev=586.90, samples=2
  lat (usec)   : 250=0.10%
  lat (msec)   : 4=0.10%, 10=0.59%, 20=0.79%, 50=2.27%, 100=15.60%
  lat (msec)   : 250=80.55%
  cpu          : usr=3.26%, sys=37.77%, ctx=1737, majf=0, minf=76
  IO depths    : 1=0.1%, 2=0.2%, 4=0.4%, 8=0.8%, 16=1.6%, 32=3.2%, >=64=93.8%
     submit    : 0=0.0%, 4=100.0%, 8=0.0%, 16=0.0%, 32=0.0%, 64=0.0%, >=64=0.0%
     complete  : 0=0.0%, 4=99.9%, 8=0.0%, 16=0.0%, 32=0.0%, 64=0.0%, >=64=0.1%
     issued rwts: total=0,1013,0,0 short=0,0,0,0 dropped=0,0,0,0
     latency   : target=0, window=0, percentile=100.00%, depth=128

Run status group 0 (all jobs):
  WRITE: bw=383MiB/s (402MB/s), 383MiB/s-383MiB/s (402MB/s-402MB/s), io=507MiB (531MB), run=1322-1322msec
