jobs1: (g=0): rw=randread, bs=(R) 512KiB-512KiB, (W) 512KiB-512KiB, (T) 512KiB-512KiB, ioengine=libaio, iodepth=128
fio-3.28
Starting 1 process
jobs1: Laying out IO files (128 files / total 30720MiB)

jobs1: (groupid=0, jobs=1): err= 0: pid=872591: Wed Jul 26 04:18:18 2023
  read: IOPS=635, BW=318MiB/s (333MB/s)(30.0GiB/96604msec)
    slat (usec): min=1186, max=2567, avg=1558.41, stdev=112.10
    clat (usec): min=14, max=311432, avg=199372.24, stdev=7169.95
     lat (usec): min=1490, max=314001, avg=200932.05, stdev=7189.70
    clat percentiles (msec):
     |  1.00th=[  190],  5.00th=[  194], 10.00th=[  194], 20.00th=[  197],
     | 30.00th=[  199], 40.00th=[  199], 50.00th=[  201], 60.00th=[  201],
     | 70.00th=[  203], 80.00th=[  203], 90.00th=[  205], 95.00th=[  207],
     | 99.00th=[  207], 99.50th=[  207], 99.90th=[  257], 99.95th=[  292],
     | 99.99th=[  309]
   bw (  KiB/s): min=121856, max=339968, per=99.84%, avg=325106.74, stdev=15723.04, samples=193
   iops        : min=  238, max=  664, avg=634.97, stdev=30.71, samples=193
  lat (usec)   : 20=0.01%
  lat (msec)   : 2=0.01%, 4=0.01%, 10=0.01%, 20=0.01%, 50=0.03%
  lat (msec)   : 100=0.05%, 250=99.78%, 500=0.12%
  cpu          : usr=0.62%, sys=33.80%, ctx=245938, majf=0, minf=16397
  IO depths    : 1=0.1%, 2=0.1%, 4=0.1%, 8=0.1%, 16=0.1%, 32=0.1%, >=64=99.9%
     submit    : 0=0.0%, 4=100.0%, 8=0.0%, 16=0.0%, 32=0.0%, 64=0.0%, >=64=0.0%
     complete  : 0=0.0%, 4=100.0%, 8=0.0%, 16=0.0%, 32=0.0%, 64=0.0%, >=64=0.1%
     issued rwts: total=61440,0,0,0 short=0,0,0,0 dropped=0,0,0,0
     latency   : target=0, window=0, percentile=100.00%, depth=128

Run status group 0 (all jobs):
   READ: bw=318MiB/s (333MB/s), 318MiB/s-318MiB/s (333MB/s-333MB/s), io=30.0GiB (32.2GB), run=96604-96604msec
