jobs1: (g=0): rw=randread, bs=(R) 4096B-4096B, (W) 4096B-4096B, (T) 4096B-4096B, ioengine=libaio, iodepth=128
...
fio-3.28
Starting 16 processes
jobs1: Laying out IO file (1 file / 30720MiB)

jobs1: (groupid=0, jobs=16): err= 0: pid=158726: Tue Jul 25 18:30:32 2023
  read: IOPS=543k, BW=2123MiB/s (2226MB/s)(30.0GiB/14472msec)
    slat (nsec): min=746, max=57151, avg=1354.77, stdev=306.09
    clat (nsec): min=1060, max=1112.8k, avg=233912.66, stdev=40286.07
     lat (usec): min=2, max=1135, avg=235.30, stdev=40.53
    clat percentiles (usec):
     |  1.00th=[  212],  5.00th=[  221], 10.00th=[  221], 20.00th=[  223],
     | 30.00th=[  223], 40.00th=[  223], 50.00th=[  225], 60.00th=[  225],
     | 70.00th=[  225], 80.00th=[  227], 90.00th=[  229], 95.00th=[  383],
     | 99.00th=[  388], 99.50th=[  392], 99.90th=[  396], 99.95th=[  529],
     | 99.99th=[  709]
   bw (  MiB/s): min= 1284, max= 2243, per=100.00%, avg=2122.64, stdev=288.17, samples=28
   iops        : min=328920, max=574356, avg=543396.96, stdev=73771.99, samples=28
  lat (usec)   : 2=0.01%, 4=0.01%, 10=0.01%, 20=0.01%, 50=0.01%
  lat (usec)   : 100=0.01%, 250=92.82%, 500=7.12%, 750=0.06%, 1000=0.01%
  lat (msec)   : 2=0.01%
  cpu          : usr=23.95%, sys=76.05%, ctx=46, majf=0, minf=176
  IO depths    : 1=0.1%, 2=0.1%, 4=0.1%, 8=0.1%, 16=0.1%, 32=0.1%, >=64=100.0%
     submit    : 0=0.0%, 4=100.0%, 8=0.0%, 16=0.0%, 32=0.0%, 64=0.0%, >=64=0.0%
     complete  : 0=0.0%, 4=100.0%, 8=0.0%, 16=0.0%, 32=0.0%, 64=0.0%, >=64=0.1%
     issued rwts: total=7864320,0,0,0 short=0,0,0,0 dropped=0,0,0,0
     latency   : target=0, window=0, percentile=100.00%, depth=128

Run status group 0 (all jobs):
   READ: bw=2123MiB/s (2226MB/s), 2123MiB/s-2123MiB/s (2226MB/s-2226MB/s), io=30.0GiB (32.2GB), run=14472-14472msec
