jobs1: (g=0): rw=randread, bs=(R) 4096B-4096B, (W) 4096B-4096B, (T) 4096B-4096B, ioengine=libaio, iodepth=128
fio-3.28
Starting 1 process
jobs1: Laying out IO files (64 files / total 30720MiB)

jobs1: (groupid=0, jobs=1): err= 0: pid=461303: Tue Jul 25 21:32:58 2023
  read: IOPS=73.1k, BW=286MiB/s (299MB/s)(30.0GiB/107586msec)
    slat (usec): min=8, max=345, avg=12.97, stdev= 2.47
    clat (nsec): min=1988, max=13968k, avg=1737514.99, stdev=325546.38
     lat (usec): min=12, max=14315, avg=1750.57, stdev=327.90
    clat percentiles (usec):
     |  1.00th=[ 1549],  5.00th=[ 1598], 10.00th=[ 1614], 20.00th=[ 1631],
     | 30.00th=[ 1631], 40.00th=[ 1647], 50.00th=[ 1647], 60.00th=[ 1663],
     | 70.00th=[ 1680], 80.00th=[ 1729], 90.00th=[ 1909], 95.00th=[ 2008],
     | 99.00th=[ 3884], 99.50th=[ 3884], 99.90th=[ 4080], 99.95th=[ 4228],
     | 99.99th=[ 4686]
   bw (  KiB/s): min=122128, max=333584, per=100.00%, avg=292467.98, stdev=36763.62, samples=215
   iops        : min=30532, max=83396, avg=73117.04, stdev=9190.92, samples=215
  lat (usec)   : 2=0.01%, 20=0.01%, 50=0.01%, 100=0.01%, 250=0.01%
  lat (usec)   : 500=0.01%, 750=0.01%, 1000=0.01%
  lat (msec)   : 2=94.36%, 4=5.43%, 10=0.20%, 20=0.01%
  cpu          : usr=5.85%, sys=32.70%, ctx=7864435, majf=0, minf=138
  IO depths    : 1=0.1%, 2=0.1%, 4=0.1%, 8=0.1%, 16=0.1%, 32=0.1%, >=64=100.0%
     submit    : 0=0.0%, 4=100.0%, 8=0.0%, 16=0.0%, 32=0.0%, 64=0.0%, >=64=0.0%
     complete  : 0=0.0%, 4=100.0%, 8=0.0%, 16=0.0%, 32=0.0%, 64=0.0%, >=64=0.1%
     issued rwts: total=7864320,0,0,0 short=0,0,0,0 dropped=0,0,0,0
     latency   : target=0, window=0, percentile=100.00%, depth=128

Run status group 0 (all jobs):
   READ: bw=286MiB/s (299MB/s), 286MiB/s-286MiB/s (299MB/s-299MB/s), io=30.0GiB (32.2GB), run=107586-107586msec
