jobs1: (g=0): rw=randread, bs=(R) 512KiB-512KiB, (W) 512KiB-512KiB, (T) 512KiB-512KiB, ioengine=libaio, iodepth=128
...
fio-3.28
Starting 32 processes
jobs1: Laying out IO file (1 file / 30720MiB)

jobs1: (groupid=0, jobs=32): err= 0: pid=199677: Tue Jul 25 20:45:17 2023
  read: IOPS=11.6k, BW=5776MiB/s (6056MB/s)(30.0GiB/5319msec)
    slat (usec): min=74, max=657, avg=85.66, stdev=17.33
    clat (usec): min=2, max=47153, avg=10936.44, stdev=1569.35
     lat (usec): min=80, max=47782, avg=11022.17, stdev=1585.02
    clat percentiles (usec):
     |  1.00th=[10159],  5.00th=[10159], 10.00th=[10159], 20.00th=[10159],
     | 30.00th=[10159], 40.00th=[10159], 50.00th=[10290], 60.00th=[10290],
     | 70.00th=[10290], 80.00th=[13304], 90.00th=[13304], 95.00th=[13435],
     | 99.00th=[13435], 99.50th=[13566], 99.90th=[25822], 99.95th=[34341],
     | 99.99th=[44303]
   bw (  MiB/s): min= 4361, max= 6219, per=99.93%, avg=5771.33, stdev=733.68, samples=10
   iops        : min= 8722, max=12438, avg=11542.50, stdev=1467.46, samples=10
  lat (usec)   : 4=0.01%, 100=0.01%, 250=0.01%, 500=0.01%, 750=0.01%
  lat (usec)   : 1000=0.01%
  lat (msec)   : 2=0.02%, 4=0.04%, 10=0.12%, 20=99.65%, 50=0.15%
  cpu          : usr=0.88%, sys=99.12%, ctx=5, majf=1, minf=16491
  IO depths    : 1=0.1%, 2=0.1%, 4=0.1%, 8=0.1%, 16=0.1%, 32=0.1%, >=64=99.9%
     submit    : 0=0.0%, 4=100.0%, 8=0.0%, 16=0.0%, 32=0.0%, 64=0.0%, >=64=0.0%
     complete  : 0=0.0%, 4=100.0%, 8=0.0%, 16=0.0%, 32=0.0%, 64=0.0%, >=64=0.1%
     issued rwts: total=61440,0,0,0 short=0,0,0,0 dropped=0,0,0,0
     latency   : target=0, window=0, percentile=100.00%, depth=128

Run status group 0 (all jobs):
   READ: bw=5776MiB/s (6056MB/s), 5776MiB/s-5776MiB/s (6056MB/s-6056MB/s), io=30.0GiB (32.2GB), run=5319-5319msec
