jobs1: (g=0): rw=randread, bs=(R) 512KiB-512KiB, (W) 512KiB-512KiB, (T) 512KiB-512KiB, ioengine=libaio, iodepth=128
...
fio-3.28
Starting 16 processes
jobs1: Laying out IO files (128 files / total 30720MiB)

jobs1: (groupid=0, jobs=16): err= 0: pid=875872: Wed Jul 26 04:27:24 2023
  read: IOPS=644, BW=322MiB/s (338MB/s)(30.0GiB/95299msec)
    slat (usec): min=1190, max=2534, avg=1537.49, stdev=116.28
    clat (usec): min=12, max=333873, avg=196644.28, stdev=7713.80
     lat (usec): min=1589, max=336410, avg=198183.13, stdev=7738.85
    clat percentiles (msec):
     |  1.00th=[  188],  5.00th=[  192], 10.00th=[  192], 20.00th=[  194],
     | 30.00th=[  194], 40.00th=[  194], 50.00th=[  197], 60.00th=[  197],
     | 70.00th=[  199], 80.00th=[  203], 90.00th=[  205], 95.00th=[  205],
     | 99.00th=[  207], 99.50th=[  207], 99.90th=[  255], 99.95th=[  313],
     | 99.99th=[  330]
   bw (  KiB/s): min=175772, max=344064, per=99.93%, avg=329843.12, stdev=13253.83, samples=190
   iops        : min=  343, max=  672, avg=644.18, stdev=25.90, samples=190
  lat (usec)   : 20=0.01%
  lat (msec)   : 2=0.01%, 4=0.01%, 10=0.01%, 20=0.01%, 50=0.03%
  lat (msec)   : 100=0.05%, 250=99.79%, 500=0.11%
  cpu          : usr=0.74%, sys=34.30%, ctx=245945, majf=0, minf=16425
  IO depths    : 1=0.1%, 2=0.1%, 4=0.1%, 8=0.1%, 16=0.1%, 32=0.1%, >=64=99.9%
     submit    : 0=0.0%, 4=100.0%, 8=0.0%, 16=0.0%, 32=0.0%, 64=0.0%, >=64=0.0%
     complete  : 0=0.0%, 4=100.0%, 8=0.0%, 16=0.0%, 32=0.0%, 64=0.0%, >=64=0.1%
     issued rwts: total=61440,0,0,0 short=0,0,0,0 dropped=0,0,0,0
     latency   : target=0, window=0, percentile=100.00%, depth=128

Run status group 0 (all jobs):
   READ: bw=322MiB/s (338MB/s), 322MiB/s-322MiB/s (338MB/s-338MB/s), io=30.0GiB (32.2GB), run=95299-95299msec
