jobs1: (g=0): rw=randwrite, bs=(R) 4096B-4096B, (W) 4096B-4096B, (T) 4096B-4096B, ioengine=libaio, iodepth=128
fio-3.28
Starting 1 process
jobs1: Laying out IO files (512 files / total 30720MiB)

jobs1: (groupid=0, jobs=1): err= 0: pid=881847: Wed Jul 26 04:44:54 2023
  write: IOPS=115k, BW=449MiB/s (471MB/s)(30.0GiB/68442msec); 0 zone resets
    slat (nsec): min=1666, max=135691k, avg=7439.47, stdev=255160.76
    clat (nsec): min=1627, max=142794k, avg=1104070.19, stdev=2800940.68
     lat (usec): min=4, max=142843, avg=1111.65, stdev=2811.99
    clat percentiles (usec):
     |  1.00th=[  469],  5.00th=[  478], 10.00th=[  482], 20.00th=[  515],
     | 30.00th=[  545], 40.00th=[  570], 50.00th=[  611], 60.00th=[  660],
     | 70.00th=[  709], 80.00th=[  766], 90.00th=[  848], 95.00th=[ 1029],
     | 99.00th=[18482], 99.50th=[19268], 99.90th=[20055], 99.95th=[20055],
     | 99.99th=[20317]
   bw (  KiB/s): min=377080, max=615432, per=99.93%, avg=459316.71, stdev=45575.36, samples=136
   iops        : min=94270, max=153860, avg=114829.18, stdev=11393.92, samples=136
  lat (usec)   : 2=0.01%, 10=0.01%, 20=0.01%, 50=0.01%, 100=0.01%
  lat (usec)   : 250=0.01%, 500=15.70%, 750=62.24%, 1000=16.46%
  lat (msec)   : 2=2.83%, 4=0.01%, 10=0.06%, 20=2.63%, 50=0.07%
  lat (msec)   : 250=0.01%
  cpu          : usr=15.23%, sys=42.55%, ctx=4311, majf=0, minf=13
  IO depths    : 1=0.1%, 2=0.1%, 4=0.1%, 8=0.1%, 16=0.1%, 32=0.1%, >=64=100.0%
     submit    : 0=0.0%, 4=100.0%, 8=0.0%, 16=0.0%, 32=0.0%, 64=0.0%, >=64=0.0%
     complete  : 0=0.0%, 4=100.0%, 8=0.0%, 16=0.0%, 32=0.0%, 64=0.0%, >=64=0.1%
     issued rwts: total=0,7864320,0,0 short=0,0,0,0 dropped=0,0,0,0
     latency   : target=0, window=0, percentile=100.00%, depth=128

Run status group 0 (all jobs):
  WRITE: bw=449MiB/s (471MB/s), 449MiB/s-449MiB/s (471MB/s-471MB/s), io=30.0GiB (32.2GB), run=68442-68442msec
