jobs1: (g=0): rw=randwrite, bs=(R) 128KiB-128KiB, (W) 128KiB-128KiB, (T) 128KiB-128KiB, ioengine=libaio, iodepth=128
...
fio-3.28
Starting 32 processes
jobs1: Laying out IO files (512 files / total 30720MiB)

jobs1: (groupid=0, jobs=32): err= 0: pid=1135922: Wed Jul 26 07:10:30 2023
  write: IOPS=7449, BW=931MiB/s (976MB/s)(30.0GiB/32991msec); 0 zone resets
    slat (usec): min=59, max=159563, avg=131.78, stdev=788.54
    clat (usec): min=2, max=319555, avg=16838.84, stdev=6520.95
     lat (usec): min=72, max=454737, avg=16970.80, stdev=6594.08
    clat percentiles (usec):
     |  1.00th=[ 9896],  5.00th=[10028], 10.00th=[10290], 20.00th=[10945],
     | 30.00th=[11338], 40.00th=[11731], 50.00th=[15795], 60.00th=[19792],
     | 70.00th=[20841], 80.00th=[22152], 90.00th=[24511], 95.00th=[26870],
     | 99.00th=[37487], 99.50th=[42206], 99.90th=[49021], 99.95th=[54264],
     | 99.99th=[78119]
   bw (  KiB/s): min=214409, max=1152769, per=100.00%, avg=957980.52, stdev=127383.67, samples=65
   iops        : min= 1675, max= 9006, avg=7484.15, stdev=995.21, samples=65
  lat (usec)   : 4=0.01%, 100=0.01%, 250=0.01%, 750=0.01%, 1000=0.01%
  lat (msec)   : 2=0.01%, 4=0.01%, 10=4.09%, 20=58.80%, 50=37.01%
  lat (msec)   : 100=0.09%, 250=0.01%, 500=0.01%
  cpu          : usr=6.55%, sys=59.11%, ctx=17706, majf=0, minf=94
  IO depths    : 1=0.1%, 2=0.1%, 4=0.1%, 8=0.1%, 16=0.1%, 32=0.1%, >=64=100.0%
     submit    : 0=0.0%, 4=100.0%, 8=0.0%, 16=0.0%, 32=0.0%, 64=0.0%, >=64=0.0%
     complete  : 0=0.0%, 4=100.0%, 8=0.0%, 16=0.0%, 32=0.0%, 64=0.0%, >=64=0.1%
     issued rwts: total=0,245760,0,0 short=0,0,0,0 dropped=0,0,0,0
     latency   : target=0, window=0, percentile=100.00%, depth=128

Run status group 0 (all jobs):
  WRITE: bw=931MiB/s (976MB/s), 931MiB/s-931MiB/s (976MB/s-976MB/s), io=30.0GiB (32.2GB), run=32991-32991msec
