jobs1: (g=0): rw=randread, bs=(R) 512KiB-512KiB, (W) 512KiB-512KiB, (T) 512KiB-512KiB, ioengine=libaio, iodepth=128
...
fio-3.28
Starting 16 processes
jobs1: Laying out IO files (512 files / total 30720MiB)

jobs1: (groupid=0, jobs=16): err= 0: pid=1154046: Wed Jul 26 08:44:45 2023
  read: IOPS=8910, BW=4455MiB/s (4672MB/s)(30.0GiB/6895msec)
    slat (usec): min=93, max=762, avg=111.09, stdev=23.04
    clat (nsec): min=1886, max=52706k, avg=14189094.33, stdev=2429376.32
     lat (usec): min=99, max=53470, avg=14300.31, stdev=2450.70
    clat percentiles (usec):
     |  1.00th=[13042],  5.00th=[13042], 10.00th=[13042], 20.00th=[13042],
     | 30.00th=[13042], 40.00th=[13042], 50.00th=[13173], 60.00th=[13173],
     | 70.00th=[13304], 80.00th=[13435], 90.00th=[19006], 95.00th=[19268],
     | 99.00th=[19268], 99.50th=[19530], 99.90th=[31065], 99.95th=[39060],
     | 99.99th=[49546]
   bw (  MiB/s): min= 3047, max= 4832, per=100.00%, avg=4468.77, stdev=683.47, samples=13
   iops        : min= 6094, max= 9664, avg=8937.38, stdev=1367.19, samples=13
  lat (usec)   : 2=0.01%, 100=0.01%, 250=0.01%, 500=0.01%, 750=0.01%
  lat (usec)   : 1000=0.01%
  lat (msec)   : 2=0.02%, 4=0.03%, 10=0.09%, 20=99.64%, 50=0.20%
  lat (msec)   : 100=0.01%
  cpu          : usr=0.57%, sys=99.42%, ctx=15, majf=0, minf=16444
  IO depths    : 1=0.1%, 2=0.1%, 4=0.1%, 8=0.1%, 16=0.1%, 32=0.1%, >=64=99.9%
     submit    : 0=0.0%, 4=100.0%, 8=0.0%, 16=0.0%, 32=0.0%, 64=0.0%, >=64=0.0%
     complete  : 0=0.0%, 4=100.0%, 8=0.0%, 16=0.0%, 32=0.0%, 64=0.0%, >=64=0.1%
     issued rwts: total=61440,0,0,0 short=0,0,0,0 dropped=0,0,0,0
     latency   : target=0, window=0, percentile=100.00%, depth=128

Run status group 0 (all jobs):
   READ: bw=4455MiB/s (4672MB/s), 4455MiB/s-4455MiB/s (4672MB/s-4672MB/s), io=30.0GiB (32.2GB), run=6895-6895msec
