jobs1: (g=0): rw=randwrite, bs=(R) 4096B-4096B, (W) 4096B-4096B, (T) 4096B-4096B, ioengine=libaio, iodepth=128
...
fio-3.28
Starting 32 processes
jobs1: Laying out IO files (512 files / total 30720MiB)

jobs1: (groupid=0, jobs=32): err= 0: pid=1051553: Wed Jul 26 04:58:15 2023
  write: IOPS=180k, BW=705MiB/s (739MB/s)(30.0GiB/43588msec); 0 zone resets
    slat (nsec): min=1983, max=133881k, avg=4518.70, stdev=107516.84
    clat (usec): min=2, max=202349, avg=702.27, stdev=1240.73
     lat (usec): min=5, max=202357, avg=706.89, stdev=1246.93
    clat percentiles (usec):
     |  1.00th=[  478],  5.00th=[  498], 10.00th=[  529], 20.00th=[  578],
     | 30.00th=[  578], 40.00th=[  586], 50.00th=[  594], 60.00th=[  594],
     | 70.00th=[  603], 80.00th=[  611], 90.00th=[  627], 95.00th=[  709],
     | 99.00th=[ 2212], 99.50th=[13304], 99.90th=[15795], 99.95th=[17957],
     | 99.99th=[20055]
   bw (  KiB/s): min=392793, max=878704, per=100.00%, avg=722204.92, stdev=67183.30, samples=86
   iops        : min=98198, max=219676, avg=180551.17, stdev=16795.89, samples=86
  lat (usec)   : 4=0.01%, 10=0.01%, 20=0.01%, 50=0.01%, 100=0.01%
  lat (usec)   : 250=0.01%, 500=5.61%, 750=90.18%, 1000=2.09%
  lat (msec)   : 2=1.05%, 4=0.25%, 10=0.18%, 20=0.62%, 50=0.01%
  lat (msec)   : 100=0.01%, 250=0.01%
  cpu          : usr=18.62%, sys=66.30%, ctx=23009, majf=0, minf=74
  IO depths    : 1=0.1%, 2=0.1%, 4=0.1%, 8=0.1%, 16=0.1%, 32=0.1%, >=64=100.0%
     submit    : 0=0.0%, 4=100.0%, 8=0.0%, 16=0.0%, 32=0.0%, 64=0.0%, >=64=0.0%
     complete  : 0=0.0%, 4=100.0%, 8=0.0%, 16=0.0%, 32=0.0%, 64=0.0%, >=64=0.1%
     issued rwts: total=0,7864320,0,0 short=0,0,0,0 dropped=0,0,0,0
     latency   : target=0, window=0, percentile=100.00%, depth=128

Run status group 0 (all jobs):
  WRITE: bw=705MiB/s (739MB/s), 705MiB/s-705MiB/s (739MB/s-739MB/s), io=30.0GiB (32.2GB), run=43588-43588msec
