jobs1: (g=0): rw=randwrite, bs=(R) 512KiB-512KiB, (W) 512KiB-512KiB, (T) 512KiB-512KiB, ioengine=libaio, iodepth=128
...
fio-3.28
Starting 16 processes
jobs1: Laying out IO files (128 files / total 30720MiB)

jobs1: (groupid=0, jobs=16): err= 0: pid=857203: Wed Jul 26 03:53:43 2023
  write: IOPS=5706, BW=2853MiB/s (2992MB/s)(30.0GiB/10767msec); 0 zone resets
    slat (usec): min=141, max=1723, avg=173.93, stdev=42.12
    clat (usec): min=2, max=45623, avg=22200.02, stdev=5176.90
     lat (usec): min=157, max=45885, avg=22374.08, stdev=5217.40
    clat percentiles (usec):
     |  1.00th=[19792],  5.00th=[20055], 10.00th=[20055], 20.00th=[20055],
     | 30.00th=[20055], 40.00th=[20055], 50.00th=[20055], 60.00th=[20055],
     | 70.00th=[20055], 80.00th=[20055], 90.00th=[34341], 95.00th=[34341],
     | 99.00th=[34341], 99.50th=[34866], 99.90th=[35390], 99.95th=[35390],
     | 99.99th=[44827]
   bw (  MiB/s): min= 1688, max= 3176, per=99.82%, avg=2847.91, stdev=588.12, samples=21
   iops        : min= 3376, max= 6352, avg=5695.71, stdev=1176.25, samples=21
  lat (usec)   : 4=0.01%, 250=0.01%, 500=0.01%, 750=0.01%, 1000=0.01%
  lat (msec)   : 2=0.01%, 4=0.02%, 10=0.06%, 20=26.26%, 50=73.63%
  cpu          : usr=10.37%, sys=89.64%, ctx=21, majf=0, minf=40
  IO depths    : 1=0.1%, 2=0.1%, 4=0.1%, 8=0.1%, 16=0.1%, 32=0.1%, >=64=99.9%
     submit    : 0=0.0%, 4=100.0%, 8=0.0%, 16=0.0%, 32=0.0%, 64=0.0%, >=64=0.0%
     complete  : 0=0.0%, 4=100.0%, 8=0.0%, 16=0.0%, 32=0.0%, 64=0.0%, >=64=0.1%
     issued rwts: total=0,61440,0,0 short=0,0,0,0 dropped=0,0,0,0
     latency   : target=0, window=0, percentile=100.00%, depth=128

Run status group 0 (all jobs):
  WRITE: bw=2853MiB/s (2992MB/s), 2853MiB/s-2853MiB/s (2992MB/s-2992MB/s), io=30.0GiB (32.2GB), run=10767-10767msec
