jobs1: (g=0): rw=randwrite, bs=(R) 128KiB-128KiB, (W) 128KiB-128KiB, (T) 128KiB-128KiB, ioengine=libaio, iodepth=128
...
fio-3.28
Starting 16 processes
jobs1: Laying out IO files (128 files / total 30720MiB)

jobs1: (groupid=0, jobs=16): err= 0: pid=831554: Wed Jul 26 03:00:42 2023
  write: IOPS=17.3k, BW=2164MiB/s (2269MB/s)(30.0GiB/14197msec); 0 zone resets
    slat (usec): min=34, max=159546, avg=56.75, stdev=563.05
    clat (usec): min=2, max=384903, avg=7065.14, stdev=2532.72
     lat (usec): min=53, max=541140, avg=7121.98, stdev=2761.95
    clat percentiles (usec):
     |  1.00th=[ 5276],  5.00th=[ 5735], 10.00th=[ 5866], 20.00th=[ 5932],
     | 30.00th=[ 5997], 40.00th=[ 6063], 50.00th=[ 6194], 60.00th=[ 6259],
     | 70.00th=[ 6915], 80.00th=[ 7504], 90.00th=[ 9765], 95.00th=[ 9896],
     | 99.00th=[17957], 99.50th=[21365], 99.90th=[25822], 99.95th=[26346],
     | 99.99th=[27132]
   bw (  MiB/s): min=  415, max= 2710, per=100.00%, avg=2185.79, stdev=520.82, samples=27
   iops        : min= 3322, max=21680, avg=17486.30, stdev=4166.65, samples=27
  lat (usec)   : 4=0.01%, 100=0.01%, 250=0.01%, 500=0.01%, 750=0.01%
  lat (usec)   : 1000=0.01%
  lat (msec)   : 2=0.01%, 4=0.02%, 10=96.59%, 20=2.75%, 50=0.63%
  lat (msec)   : 250=0.01%, 500=0.01%
  cpu          : usr=7.54%, sys=84.47%, ctx=215, majf=0, minf=40
  IO depths    : 1=0.1%, 2=0.1%, 4=0.1%, 8=0.1%, 16=0.1%, 32=0.1%, >=64=100.0%
     submit    : 0=0.0%, 4=100.0%, 8=0.0%, 16=0.0%, 32=0.0%, 64=0.0%, >=64=0.0%
     complete  : 0=0.0%, 4=100.0%, 8=0.0%, 16=0.0%, 32=0.0%, 64=0.0%, >=64=0.1%
     issued rwts: total=0,245760,0,0 short=0,0,0,0 dropped=0,0,0,0
     latency   : target=0, window=0, percentile=100.00%, depth=128

Run status group 0 (all jobs):
  WRITE: bw=2164MiB/s (2269MB/s), 2164MiB/s-2164MiB/s (2269MB/s-2269MB/s), io=30.0GiB (32.2GB), run=14197-14197msec
