jobs1: (g=0): rw=randwrite, bs=(R) 32.0KiB-32.0KiB, (W) 32.0KiB-32.0KiB, (T) 32.0KiB-32.0KiB, ioengine=libaio, iodepth=128
fio-3.28
Starting 1 process
jobs1: Laying out IO files (512 files / total 30720MiB)

jobs1: (groupid=0, jobs=1): err= 0: pid=1100989: Wed Jul 26 06:02:11 2023
  write: IOPS=47.2k, BW=1475MiB/s (1547MB/s)(30.0GiB/20823msec); 0 zone resets
    slat (usec): min=8, max=204011, avg=20.30, stdev=384.90
    clat (nsec): min=1439, max=791723k, avg=2600768.30, stdev=3744758.02
     lat (usec): min=12, max=791795, avg=2621.16, stdev=3835.70
    clat percentiles (usec):
     |  1.00th=[ 1369],  5.00th=[ 1401], 10.00th=[ 1450], 20.00th=[ 1532],
     | 30.00th=[ 1647], 40.00th=[ 1713], 50.00th=[ 1811], 60.00th=[ 1876],
     | 70.00th=[ 1909], 80.00th=[ 2008], 90.00th=[ 2507], 95.00th=[11207],
     | 99.00th=[14222], 99.50th=[17171], 99.90th=[20841], 99.95th=[21365],
     | 99.99th=[21890]
   bw (  MiB/s): min=  479, max= 1819, per=100.00%, avg=1504.62, stdev=227.35, samples=40
   iops        : min=15332, max=58214, avg=48147.90, stdev=7275.18, samples=40
  lat (usec)   : 2=0.01%, 20=0.01%, 50=0.01%, 100=0.01%, 250=0.01%
  lat (usec)   : 500=0.01%, 750=0.01%, 1000=0.01%
  lat (msec)   : 2=79.95%, 4=12.50%, 10=0.64%, 20=6.72%, 50=0.18%
  lat (msec)   : 250=0.01%, 500=0.01%, 750=0.01%, 1000=0.01%
  cpu          : usr=6.16%, sys=60.31%, ctx=1144, majf=0, minf=13
  IO depths    : 1=0.1%, 2=0.1%, 4=0.1%, 8=0.1%, 16=0.1%, 32=0.1%, >=64=100.0%
     submit    : 0=0.0%, 4=100.0%, 8=0.0%, 16=0.0%, 32=0.0%, 64=0.0%, >=64=0.0%
     complete  : 0=0.0%, 4=100.0%, 8=0.0%, 16=0.0%, 32=0.0%, 64=0.0%, >=64=0.1%
     issued rwts: total=0,983040,0,0 short=0,0,0,0 dropped=0,0,0,0
     latency   : target=0, window=0, percentile=100.00%, depth=128

Run status group 0 (all jobs):
  WRITE: bw=1475MiB/s (1547MB/s), 1475MiB/s-1475MiB/s (1547MB/s-1547MB/s), io=30.0GiB (32.2GB), run=20823-20823msec
