jobs1: (g=0): rw=randread, bs=(R) 512KiB-512KiB, (W) 512KiB-512KiB, (T) 512KiB-512KiB, ioengine=libaio, iodepth=128
...
fio-3.28
Starting 32 processes
jobs1: Laying out IO files (1024 files / total 30720MiB)
fio: pid=1202298, err=24/file:filesetup.c:805, func=open(/home/sevag/ramdisk//f1018), error=Too many open files

jobs1: (groupid=0, jobs=32): err=24 (file:filesetup.c:805, func=open(/home/sevag/ramdisk//f1018), error=Too many open files): pid=1202298: Wed Jul 26 11:09:26 2023
  read: IOPS=6574, BW=3287MiB/s (3447MB/s)(510MiB/155msec)
    slat (usec): min=105, max=635, avg=144.65, stdev=98.37
    clat (usec): min=41, max=49106, avg=15689.40, stdev=6531.11
     lat (usec): min=155, max=49743, avg=15834.16, stdev=6616.86
    clat percentiles (usec):
     |  1.00th=[ 1287],  5.00th=[ 5997], 10.00th=[11994], 20.00th=[14746],
     | 30.00th=[14877], 40.00th=[14877], 50.00th=[14877], 60.00th=[14877],
     | 70.00th=[15008], 80.00th=[15008], 90.00th=[19530], 95.00th=[30016],
     | 99.00th=[44303], 99.50th=[46400], 99.90th=[48497], 99.95th=[49021],
     | 99.99th=[49021]
  lat (usec)   : 50=0.10%, 500=0.29%, 750=0.20%, 1000=0.20%
  lat (msec)   : 2=0.88%, 4=1.67%, 10=4.91%, 20=81.94%, 50=9.81%
  cpu          : usr=0.00%, sys=97.42%, ctx=2, majf=0, minf=16481
  IO depths    : 1=0.1%, 2=0.2%, 4=0.4%, 8=0.8%, 16=1.6%, 32=3.1%, >=64=93.8%
     submit    : 0=0.0%, 4=100.0%, 8=0.0%, 16=0.0%, 32=0.0%, 64=0.0%, >=64=0.0%
     complete  : 0=0.0%, 4=99.9%, 8=0.0%, 16=0.0%, 32=0.0%, 64=0.0%, >=64=0.1%
     issued rwts: total=1019,0,0,0 short=0,0,0,0 dropped=0,0,0,0
     latency   : target=0, window=0, percentile=100.00%, depth=128

Run status group 0 (all jobs):
   READ: bw=3287MiB/s (3447MB/s), 3287MiB/s-3287MiB/s (3447MB/s-3447MB/s), io=510MiB (534MB), run=155-155msec
