jobs1: (g=0): rw=randwrite, bs=(R) 128KiB-128KiB, (W) 128KiB-128KiB, (T) 128KiB-128KiB, ioengine=libaio, iodepth=128
...
fio-3.28
Starting 16 processes
jobs1: Laying out IO file (1 file / 30720MiB)

jobs1: (groupid=0, jobs=16): err= 0: pid=180013: Tue Jul 25 19:33:29 2023
  write: IOPS=40.2k, BW=5022MiB/s (5266MB/s)(30.0GiB/6117msec); 0 zone resets
    slat (nsec): min=19600, max=50987, avg=24254.57, stdev=4580.98
    clat (nsec): min=1190, max=5461.5k, avg=3159575.64, stdev=586838.07
     lat (usec): min=24, max=5500, avg=3183.89, stdev=591.33
    clat percentiles (usec):
     |  1.00th=[ 2868],  5.00th=[ 2868], 10.00th=[ 2868], 20.00th=[ 2868],
     | 30.00th=[ 2900], 40.00th=[ 2900], 50.00th=[ 2900], 60.00th=[ 2900],
     | 70.00th=[ 2900], 80.00th=[ 2933], 90.00th=[ 4424], 95.00th=[ 4424],
     | 99.00th=[ 4490], 99.50th=[ 4490], 99.90th=[ 4490], 99.95th=[ 5342],
     | 99.99th=[ 5407]
   bw (  MiB/s): min= 3553, max= 5498, per=100.00%, avg=5026.07, stdev=819.49, samples=11
   iops        : min=28430, max=43988, avg=40208.45, stdev=6555.91, samples=11
  lat (usec)   : 2=0.01%, 50=0.01%, 100=0.01%, 250=0.01%, 500=0.01%
  lat (usec)   : 750=0.01%, 1000=0.01%
  lat (msec)   : 2=0.02%, 4=82.83%, 10=17.13%
  cpu          : usr=11.76%, sys=88.29%, ctx=4, majf=0, minf=55
  IO depths    : 1=0.1%, 2=0.1%, 4=0.1%, 8=0.1%, 16=0.1%, 32=0.1%, >=64=100.0%
     submit    : 0=0.0%, 4=100.0%, 8=0.0%, 16=0.0%, 32=0.0%, 64=0.0%, >=64=0.0%
     complete  : 0=0.0%, 4=100.0%, 8=0.0%, 16=0.0%, 32=0.0%, 64=0.0%, >=64=0.1%
     issued rwts: total=0,245760,0,0 short=0,0,0,0 dropped=0,0,0,0
     latency   : target=0, window=0, percentile=100.00%, depth=128

Run status group 0 (all jobs):
  WRITE: bw=5022MiB/s (5266MB/s), 5022MiB/s-5022MiB/s (5266MB/s-5266MB/s), io=30.0GiB (32.2GB), run=6117-6117msec
