jobs1: (g=0): rw=randwrite, bs=(R) 4096B-4096B, (W) 4096B-4096B, (T) 4096B-4096B, ioengine=libaio, iodepth=128
...
fio-3.28
Starting 16 processes
jobs1: Laying out IO files (1024 files / total 30720MiB)
fio: pid=1158777, err=24/file:filesetup.c:805, func=open(/tmp/ssfs/home/sevag/fuse_ext4/f1012), error=Too many open files

jobs1: (groupid=0, jobs=16): err=24 (file:filesetup.c:805, func=open(/tmp/ssfs/home/sevag/fuse_ext4/f1012), error=Too many open files): pid=1158777: Wed Jul 26 08:51:43 2023
  write: IOPS=2236, BW=8945KiB/s (9159kB/s)(4052KiB/453msec); 0 zone resets
    slat (usec): min=8, max=135217, avg=187.85, stdev=4415.75
    clat (usec): min=84, max=249505, avg=38481.10, stdev=40349.38
     lat (usec): min=96, max=249561, avg=38669.39, stdev=40817.14
    clat percentiles (msec):
     |  1.00th=[    4],  5.00th=[   19], 10.00th=[   21], 20.00th=[   25],
     | 30.00th=[   26], 40.00th=[   26], 50.00th=[   28], 60.00th=[   32],
     | 70.00th=[   35], 80.00th=[   37], 90.00th=[   69], 95.00th=[  106],
     | 99.00th=[  249], 99.50th=[  249], 99.90th=[  249], 99.95th=[  249],
     | 99.99th=[  249]
  lat (usec)   : 100=0.10%
  lat (msec)   : 2=0.49%, 4=0.59%, 10=1.48%, 20=6.12%, 50=80.75%
  lat (msec)   : 100=5.33%, 250=5.13%
  cpu          : usr=3.53%, sys=8.83%, ctx=1071, majf=0, minf=49
  IO depths    : 1=0.1%, 2=0.2%, 4=0.4%, 8=0.8%, 16=1.6%, 32=3.2%, >=64=93.8%
     submit    : 0=0.0%, 4=100.0%, 8=0.0%, 16=0.0%, 32=0.0%, 64=0.0%, >=64=0.0%
     complete  : 0=0.0%, 4=99.9%, 8=0.0%, 16=0.0%, 32=0.0%, 64=0.0%, >=64=0.1%
     issued rwts: total=0,1013,0,0 short=0,0,0,0 dropped=0,0,0,0
     latency   : target=0, window=0, percentile=100.00%, depth=128

Run status group 0 (all jobs):
  WRITE: bw=8945KiB/s (9159kB/s), 8945KiB/s-8945KiB/s (9159kB/s-9159kB/s), io=4052KiB (4149kB), run=453-453msec
