jobs1: (g=0): rw=randread, bs=(R) 512KiB-512KiB, (W) 512KiB-512KiB, (T) 512KiB-512KiB, ioengine=libaio, iodepth=128
...
fio-3.28
Starting 16 processes
jobs1: Laying out IO file (1 file / 30720MiB)

jobs1: (groupid=0, jobs=16): err= 0: pid=199774: Tue Jul 25 20:45:42 2023
  read: IOPS=9026, BW=4513MiB/s (4732MB/s)(30.0GiB/6807msec)
    slat (usec): min=94, max=744, avg=109.82, stdev=19.80
    clat (usec): min=2, max=51584, avg=14008.16, stdev=1915.25
     lat (usec): min=103, max=52330, avg=14118.10, stdev=1933.24
    clat percentiles (usec):
     |  1.00th=[13173],  5.00th=[13173], 10.00th=[13173], 20.00th=[13173],
     | 30.00th=[13173], 40.00th=[13304], 50.00th=[13304], 60.00th=[13304],
     | 70.00th=[13304], 80.00th=[13304], 90.00th=[17695], 95.00th=[17695],
     | 99.00th=[17695], 99.50th=[18220], 99.90th=[30278], 99.95th=[38011],
     | 99.99th=[48497]
   bw (  MiB/s): min= 3280, max= 4798, per=100.00%, avg=4524.11, stdev=532.75, samples=13
   iops        : min= 6561, max= 9596, avg=9048.15, stdev=1065.63, samples=13
  lat (usec)   : 4=0.01%, 250=0.01%, 500=0.01%, 750=0.01%, 1000=0.01%
  lat (msec)   : 2=0.02%, 4=0.03%, 10=0.09%, 20=99.65%, 50=0.19%
  lat (msec)   : 100=0.01%
  cpu          : usr=0.87%, sys=99.10%, ctx=12, majf=0, minf=16426
  IO depths    : 1=0.1%, 2=0.1%, 4=0.1%, 8=0.1%, 16=0.1%, 32=0.1%, >=64=99.9%
     submit    : 0=0.0%, 4=100.0%, 8=0.0%, 16=0.0%, 32=0.0%, 64=0.0%, >=64=0.0%
     complete  : 0=0.0%, 4=100.0%, 8=0.0%, 16=0.0%, 32=0.0%, 64=0.0%, >=64=0.1%
     issued rwts: total=61440,0,0,0 short=0,0,0,0 dropped=0,0,0,0
     latency   : target=0, window=0, percentile=100.00%, depth=128

Run status group 0 (all jobs):
   READ: bw=4513MiB/s (4732MB/s), 4513MiB/s-4513MiB/s (4732MB/s-4732MB/s), io=30.0GiB (32.2GB), run=6807-6807msec
