jobs1: (g=0): rw=randread, bs=(R) 32.0KiB-32.0KiB, (W) 32.0KiB-32.0KiB, (T) 32.0KiB-32.0KiB, ioengine=libaio, iodepth=128
...
fio-3.28
Starting 32 processes
jobs1: Laying out IO files (1024 files / total 30720MiB)
fio: pid=1178349, err=24/file:filesetup.c:805, func=open(/home/sevag/tmpfs//f1018), error=Too many open files

jobs1: (groupid=0, jobs=32): err=24 (file:filesetup.c:805, func=open(/home/sevag/tmpfs//f1018), error=Too many open files): pid=1178349: Wed Jul 26 09:57:34 2023
  read: IOPS=40.8k, BW=1274MiB/s (1336MB/s)(31.8MiB/25msec)
    slat (nsec): min=8262, max=79593, avg=17749.15, stdev=11546.97
    clat (usec): min=47, max=6853, avg=2662.14, stdev=1150.90
     lat (usec): min=62, max=6929, avg=2680.07, stdev=1160.81
    clat percentiles (usec):
     |  1.00th=[  297],  5.00th=[  906], 10.00th=[ 1663], 20.00th=[ 1975],
     | 30.00th=[ 2474], 40.00th=[ 2540], 50.00th=[ 2540], 60.00th=[ 2540],
     | 70.00th=[ 2540], 80.00th=[ 2900], 90.00th=[ 4113], 95.00th=[ 5473],
     | 99.00th=[ 6587], 99.50th=[ 6718], 99.90th=[ 6849], 99.95th=[ 6849],
     | 99.99th=[ 6849]
  lat (usec)   : 50=0.10%, 250=0.59%, 500=1.67%, 750=1.57%, 1000=1.67%
  lat (msec)   : 2=15.01%, 4=68.99%, 10=10.40%
  cpu          : usr=0.00%, sys=108.33%, ctx=0, majf=0, minf=1088
  IO depths    : 1=0.1%, 2=0.2%, 4=0.4%, 8=0.8%, 16=1.6%, 32=3.1%, >=64=93.8%
     submit    : 0=0.0%, 4=100.0%, 8=0.0%, 16=0.0%, 32=0.0%, 64=0.0%, >=64=0.0%
     complete  : 0=0.0%, 4=99.9%, 8=0.0%, 16=0.0%, 32=0.0%, 64=0.0%, >=64=0.1%
     issued rwts: total=1019,0,0,0 short=0,0,0,0 dropped=0,0,0,0
     latency   : target=0, window=0, percentile=100.00%, depth=128

Run status group 0 (all jobs):
   READ: bw=1274MiB/s (1336MB/s), 1274MiB/s-1274MiB/s (1336MB/s-1336MB/s), io=31.8MiB (33.4MB), run=25-25msec
