jobs1: (g=0): rw=randwrite, bs=(R) 512KiB-512KiB, (W) 512KiB-512KiB, (T) 512KiB-512KiB, ioengine=libaio, iodepth=128
...
fio-3.28
Starting 32 processes
jobs1: Laying out IO files (1024 files / total 30720MiB)
fio: pid=1196949, err=24/file:filesetup.c:805, func=open(/home/sevag/tmpfs//f1018), error=Too many open files

jobs1: (groupid=0, jobs=32): err=24 (file:filesetup.c:805, func=open(/home/sevag/tmpfs//f1018), error=Too many open files): pid=1196949: Wed Jul 26 10:43:55 2023
  write: IOPS=6138, BW=3069MiB/s (3218MB/s)(510MiB/166msec); 0 zone resets
    slat (usec): min=135, max=186, avg=157.30, stdev= 7.08
    clat (usec): min=41, max=21148, avg=19346.05, stdev=3966.90
     lat (usec): min=219, max=21304, avg=19503.52, stdev=3966.33
    clat percentiles (usec):
     |  1.00th=[ 1778],  5.00th=[ 8356], 10.00th=[16909], 20.00th=[20055],
     | 30.00th=[20317], 40.00th=[20317], 50.00th=[20579], 60.00th=[20579],
     | 70.00th=[20579], 80.00th=[21103], 90.00th=[21103], 95.00th=[21103],
     | 99.00th=[21103], 99.50th=[21103], 99.90th=[21103], 99.95th=[21103],
     | 99.99th=[21103]
  lat (usec)   : 50=0.10%, 500=0.20%, 750=0.10%, 1000=0.20%
  lat (msec)   : 2=0.59%, 4=1.18%, 10=3.53%, 20=6.08%, 50=88.03%
  cpu          : usr=2.42%, sys=98.79%, ctx=0, majf=0, minf=64
  IO depths    : 1=0.1%, 2=0.2%, 4=0.4%, 8=0.8%, 16=1.6%, 32=3.1%, >=64=93.8%
     submit    : 0=0.0%, 4=100.0%, 8=0.0%, 16=0.0%, 32=0.0%, 64=0.0%, >=64=0.0%
     complete  : 0=0.0%, 4=99.9%, 8=0.0%, 16=0.0%, 32=0.0%, 64=0.0%, >=64=0.1%
     issued rwts: total=0,1019,0,0 short=0,0,0,0 dropped=0,0,0,0
     latency   : target=0, window=0, percentile=100.00%, depth=128

Run status group 0 (all jobs):
  WRITE: bw=3069MiB/s (3218MB/s), 3069MiB/s-3069MiB/s (3218MB/s-3218MB/s), io=510MiB (534MB), run=166-166msec
