jobs1: (g=0): rw=randread, bs=(R) 32.0KiB-32.0KiB, (W) 32.0KiB-32.0KiB, (T) 32.0KiB-32.0KiB, ioengine=libaio, iodepth=128
...
fio-3.28
Starting 32 processes
jobs1: Laying out IO files (64 files / total 30720MiB)

jobs1: (groupid=0, jobs=32): err= 0: pid=487692: Tue Jul 25 22:47:00 2023
  read: IOPS=15.7k, BW=491MiB/s (515MB/s)(30.0GiB/62523msec)
    slat (usec): min=51, max=1386, avg=60.80, stdev= 5.92
    clat (usec): min=4, max=18058, avg=8077.25, stdev=665.78
     lat (usec): min=64, max=18256, avg=8138.45, stdev=670.81
    clat percentiles (usec):
     |  1.00th=[ 7570],  5.00th=[ 7570], 10.00th=[ 7570], 20.00th=[ 7570],
     | 30.00th=[ 7635], 40.00th=[ 7635], 50.00th=[ 7832], 60.00th=[ 8094],
     | 70.00th=[ 8291], 80.00th=[ 8356], 90.00th=[ 8717], 95.00th=[10028],
     | 99.00th=[10290], 99.50th=[10290], 99.90th=[10290], 99.95th=[10814],
     | 99.99th=[12911]
   bw (  KiB/s): min=385960, max=533120, per=100.00%, avg=503254.37, stdev=37019.06, samples=124
   iops        : min=12061, max=16660, avg=15726.67, stdev=1156.89, samples=124
  lat (usec)   : 10=0.01%, 100=0.01%, 250=0.01%, 500=0.01%, 750=0.01%
  lat (usec)   : 1000=0.01%
  lat (msec)   : 2=0.01%, 4=0.01%, 10=93.65%, 20=6.35%
  cpu          : usr=4.93%, sys=48.21%, ctx=983151, majf=0, minf=1108
  IO depths    : 1=0.1%, 2=0.1%, 4=0.1%, 8=0.1%, 16=0.1%, 32=0.1%, >=64=100.0%
     submit    : 0=0.0%, 4=100.0%, 8=0.0%, 16=0.0%, 32=0.0%, 64=0.0%, >=64=0.0%
     complete  : 0=0.0%, 4=100.0%, 8=0.0%, 16=0.0%, 32=0.0%, 64=0.0%, >=64=0.1%
     issued rwts: total=983040,0,0,0 short=0,0,0,0 dropped=0,0,0,0
     latency   : target=0, window=0, percentile=100.00%, depth=128

Run status group 0 (all jobs):
   READ: bw=491MiB/s (515MB/s), 491MiB/s-491MiB/s (515MB/s-515MB/s), io=30.0GiB (32.2GB), run=62523-62523msec
