jobs1: (g=0): rw=randwrite, bs=(R) 32.0KiB-32.0KiB, (W) 32.0KiB-32.0KiB, (T) 32.0KiB-32.0KiB, ioengine=libaio, iodepth=128
fio-3.28
Starting 1 process
jobs1: Laying out IO files (128 files / total 30720MiB)

jobs1: (groupid=0, jobs=1): err= 0: pid=799976: Wed Jul 26 02:00:34 2023
  write: IOPS=45.5k, BW=1423MiB/s (1492MB/s)(30.0GiB/21592msec); 0 zone resets
    slat (usec): min=8, max=39690, avg=21.00, stdev=284.48
    clat (nsec): min=1378, max=650447k, avg=2712506.38, stdev=3060284.51
     lat (usec): min=10, max=650544, avg=2733.61, stdev=3136.28
    clat percentiles (usec):
     |  1.00th=[ 1352],  5.00th=[ 1385], 10.00th=[ 1450], 20.00th=[ 1631],
     | 30.00th=[ 1745], 40.00th=[ 1926], 50.00th=[ 2089], 60.00th=[ 2409],
     | 70.00th=[ 2442], 80.00th=[ 2540], 90.00th=[ 2573], 95.00th=[10945],
     | 99.00th=[13304], 99.50th=[13829], 99.90th=[17171], 99.95th=[17957],
     | 99.99th=[22152]
   bw (  MiB/s): min=  956, max= 2341, per=100.00%, avg=1452.62, stdev=229.87, samples=42
   iops        : min=30598, max=74936, avg=46483.76, stdev=7355.84, samples=42
  lat (usec)   : 2=0.01%, 20=0.01%, 50=0.01%, 100=0.01%, 250=0.01%
  lat (usec)   : 500=0.01%, 750=0.01%, 1000=0.01%
  lat (msec)   : 2=45.03%, 4=48.30%, 10=0.48%, 20=6.15%, 50=0.03%
  lat (msec)   : 100=0.01%, 250=0.01%, 500=0.01%, 750=0.01%
  cpu          : usr=7.29%, sys=65.64%, ctx=684, majf=0, minf=13
  IO depths    : 1=0.1%, 2=0.1%, 4=0.1%, 8=0.1%, 16=0.1%, 32=0.1%, >=64=100.0%
     submit    : 0=0.0%, 4=100.0%, 8=0.0%, 16=0.0%, 32=0.0%, 64=0.0%, >=64=0.0%
     complete  : 0=0.0%, 4=100.0%, 8=0.0%, 16=0.0%, 32=0.0%, 64=0.0%, >=64=0.1%
     issued rwts: total=0,983040,0,0 short=0,0,0,0 dropped=0,0,0,0
     latency   : target=0, window=0, percentile=100.00%, depth=128

Run status group 0 (all jobs):
  WRITE: bw=1423MiB/s (1492MB/s), 1423MiB/s-1423MiB/s (1492MB/s-1492MB/s), io=30.0GiB (32.2GB), run=21592-21592msec
