jobs1: (g=0): rw=randread, bs=(R) 32.0KiB-32.0KiB, (W) 32.0KiB-32.0KiB, (T) 32.0KiB-32.0KiB, ioengine=libaio, iodepth=128
...
fio-3.28
Starting 16 processes
jobs1: Laying out IO files (512 files / total 30720MiB)

jobs1: (groupid=0, jobs=16): err= 0: pid=1128573: Wed Jul 26 06:38:41 2023
  read: IOPS=15.9k, BW=497MiB/s (521MB/s)(30.0GiB/61834msec)
    slat (usec): min=52, max=385, avg=60.19, stdev= 4.32
    clat (usec): min=3, max=33991, avg=7987.23, stdev=476.51
     lat (usec): min=60, max=34379, avg=8047.83, stdev=479.37
    clat percentiles (usec):
     |  1.00th=[ 7635],  5.00th=[ 7635], 10.00th=[ 7635], 20.00th=[ 7701],
     | 30.00th=[ 7767], 40.00th=[ 7832], 50.00th=[ 7963], 60.00th=[ 8029],
     | 70.00th=[ 8094], 80.00th=[ 8160], 90.00th=[ 8225], 95.00th=[ 8291],
     | 99.00th=[10159], 99.50th=[10159], 99.90th=[10159], 99.95th=[10290],
     | 99.99th=[23200]
   bw (  KiB/s): min=373671, max=521362, per=100.00%, avg=509212.44, stdev=20527.02, samples=123
   iops        : min=11677, max=16292, avg=15912.85, stdev=641.48, samples=123
  lat (usec)   : 4=0.01%, 100=0.01%, 250=0.01%, 500=0.01%, 750=0.01%
  lat (usec)   : 1000=0.01%
  lat (msec)   : 2=0.01%, 4=0.01%, 10=97.42%, 20=2.56%, 50=0.01%
  cpu          : usr=4.65%, sys=48.63%, ctx=983600, majf=1, minf=1079
  IO depths    : 1=0.1%, 2=0.1%, 4=0.1%, 8=0.1%, 16=0.1%, 32=0.1%, >=64=100.0%
     submit    : 0=0.0%, 4=100.0%, 8=0.0%, 16=0.0%, 32=0.0%, 64=0.0%, >=64=0.0%
     complete  : 0=0.0%, 4=100.0%, 8=0.0%, 16=0.0%, 32=0.0%, 64=0.0%, >=64=0.1%
     issued rwts: total=983040,0,0,0 short=0,0,0,0 dropped=0,0,0,0
     latency   : target=0, window=0, percentile=100.00%, depth=128

Run status group 0 (all jobs):
   READ: bw=497MiB/s (521MB/s), 497MiB/s-497MiB/s (521MB/s-521MB/s), io=30.0GiB (32.2GB), run=61834-61834msec
