jobs1: (g=0): rw=randwrite, bs=(R) 4096B-4096B, (W) 4096B-4096B, (T) 4096B-4096B, ioengine=libaio, iodepth=128
...
fio-3.28
Starting 16 processes
jobs1: Laying out IO files (1024 files / total 30720MiB)
fio: pid=1158394, err=24/file:filesetup.c:805, func=open(/home/sevag/fuse_boc//f1018), error=Too many open files

jobs1: (groupid=0, jobs=16): err=24 (file:filesetup.c:805, func=open(/home/sevag/fuse_boc//f1018), error=Too many open files): pid=1158394: Wed Jul 26 08:51:10 2023
  write: IOPS=5568, BW=21.8MiB/s (22.8MB/s)(4076KiB/183msec); 0 zone resets
    slat (usec): min=5, max=135029, avg=141.62, stdev=4229.72
    clat (usec): min=55, max=142660, avg=9505.22, stdev=23610.88
     lat (usec): min=63, max=142717, avg=9647.08, stdev=23976.69
    clat percentiles (usec):
     |  1.00th=[   515],  5.00th=[  2409], 10.00th=[  4228], 20.00th=[  5080],
     | 30.00th=[  5145], 40.00th=[  5276], 50.00th=[  5538], 60.00th=[  5604],
     | 70.00th=[  6128], 80.00th=[  6194], 90.00th=[  6652], 95.00th=[  6915],
     | 99.00th=[141558], 99.50th=[141558], 99.90th=[143655], 99.95th=[143655],
     | 99.99th=[143655]
  lat (usec)   : 100=0.10%, 250=0.20%, 500=0.69%, 750=0.69%, 1000=0.49%
  lat (msec)   : 2=1.67%, 4=5.59%, 10=87.54%, 250=3.04%
  cpu          : usr=9.34%, sys=7.69%, ctx=1036, majf=0, minf=49
  IO depths    : 1=0.1%, 2=0.2%, 4=0.4%, 8=0.8%, 16=1.6%, 32=3.1%, >=64=93.8%
     submit    : 0=0.0%, 4=100.0%, 8=0.0%, 16=0.0%, 32=0.0%, 64=0.0%, >=64=0.0%
     complete  : 0=0.0%, 4=99.9%, 8=0.0%, 16=0.0%, 32=0.0%, 64=0.0%, >=64=0.1%
     issued rwts: total=0,1019,0,0 short=0,0,0,0 dropped=0,0,0,0
     latency   : target=0, window=0, percentile=100.00%, depth=128

Run status group 0 (all jobs):
  WRITE: bw=21.8MiB/s (22.8MB/s), 21.8MiB/s-21.8MiB/s (22.8MB/s-22.8MB/s), io=4076KiB (4174kB), run=183-183msec
