jobs1: (g=0): rw=randread, bs=(R) 32.0KiB-32.0KiB, (W) 32.0KiB-32.0KiB, (T) 32.0KiB-32.0KiB, ioengine=libaio, iodepth=128
...
fio-3.28
Starting 32 processes
jobs1: Laying out IO files (512 files / total 30720MiB)

jobs1: (groupid=0, jobs=32): err= 0: pid=1129671: Wed Jul 26 06:50:43 2023
  read: IOPS=175k, BW=5480MiB/s (5746MB/s)(30.0GiB/5606msec)
    slat (nsec): min=3806, max=66432, avg=5144.83, stdev=917.26
    clat (nsec): min=1246, max=6168.1k, avg=723967.30, stdev=116631.62
     lat (usec): min=6, max=6235, avg=729.15, stdev=117.44
    clat percentiles (usec):
     |  1.00th=[  652],  5.00th=[  660], 10.00th=[  660], 20.00th=[  668],
     | 30.00th=[  668], 40.00th=[  668], 50.00th=[  668], 60.00th=[  676],
     | 70.00th=[  676], 80.00th=[  906], 90.00th=[  914], 95.00th=[  922],
     | 99.00th=[  938], 99.50th=[  947], 99.90th=[ 1172], 99.95th=[ 1631],
     | 99.99th=[ 3523]
   bw (  MiB/s): min= 4230, max= 5938, per=99.97%, avg=5478.19, stdev=737.70, samples=10
   iops        : min=135361, max=190024, avg=175302.20, stdev=23606.60, samples=10
  lat (usec)   : 2=0.01%, 10=0.01%, 20=0.01%, 50=0.01%, 100=0.01%
  lat (usec)   : 250=0.01%, 500=0.01%, 750=78.24%, 1000=21.53%
  lat (msec)   : 2=0.18%, 4=0.04%, 10=0.01%
  cpu          : usr=8.78%, sys=91.19%, ctx=7, majf=1, minf=1098
  IO depths    : 1=0.1%, 2=0.1%, 4=0.1%, 8=0.1%, 16=0.1%, 32=0.1%, >=64=100.0%
     submit    : 0=0.0%, 4=100.0%, 8=0.0%, 16=0.0%, 32=0.0%, 64=0.0%, >=64=0.0%
     complete  : 0=0.0%, 4=100.0%, 8=0.0%, 16=0.0%, 32=0.0%, 64=0.0%, >=64=0.1%
     issued rwts: total=983040,0,0,0 short=0,0,0,0 dropped=0,0,0,0
     latency   : target=0, window=0, percentile=100.00%, depth=128

Run status group 0 (all jobs):
   READ: bw=5480MiB/s (5746MB/s), 5480MiB/s-5480MiB/s (5746MB/s-5746MB/s), io=30.0GiB (32.2GB), run=5606-5606msec
