jobs1: (g=0): rw=randread, bs=(R) 128KiB-128KiB, (W) 128KiB-128KiB, (T) 128KiB-128KiB, ioengine=libaio, iodepth=128
...
fio-3.28
Starting 16 processes
jobs1: Laying out IO files (64 files / total 30720MiB)

jobs1: (groupid=0, jobs=16): err= 0: pid=510925: Tue Jul 25 23:43:12 2023
  read: IOPS=54.3k, BW=6786MiB/s (7116MB/s)(30.0GiB/4527msec)
    slat (usec): min=14, max=196, avg=17.79, stdev= 3.70
    clat (nsec): min=1770, max=17859k, avg=2334407.91, stdev=379592.66
     lat (usec): min=17, max=18046, avg=2352.24, stdev=383.01
    clat percentiles (usec):
     |  1.00th=[ 2114],  5.00th=[ 2147], 10.00th=[ 2147], 20.00th=[ 2147],
     | 30.00th=[ 2147], 40.00th=[ 2147], 50.00th=[ 2147], 60.00th=[ 2147],
     | 70.00th=[ 2147], 80.00th=[ 2868], 90.00th=[ 2868], 95.00th=[ 2868],
     | 99.00th=[ 2900], 99.50th=[ 2900], 99.90th=[ 3392], 99.95th=[ 4752],
     | 99.99th=[14746]
   bw (  MiB/s): min= 5307, max= 7405, per=99.94%, avg=6782.09, stdev=935.16, samples=9
   iops        : min=42462, max=59244, avg=54256.67, stdev=7481.29, samples=9
  lat (usec)   : 2=0.01%, 20=0.01%, 50=0.01%, 100=0.01%, 250=0.01%
  lat (usec)   : 500=0.01%, 750=0.01%, 1000=0.01%
  lat (msec)   : 2=0.02%, 4=99.88%, 10=0.04%, 20=0.03%
  cpu          : usr=2.98%, sys=97.02%, ctx=6, majf=0, minf=4138
  IO depths    : 1=0.1%, 2=0.1%, 4=0.1%, 8=0.1%, 16=0.1%, 32=0.1%, >=64=100.0%
     submit    : 0=0.0%, 4=100.0%, 8=0.0%, 16=0.0%, 32=0.0%, 64=0.0%, >=64=0.0%
     complete  : 0=0.0%, 4=100.0%, 8=0.0%, 16=0.0%, 32=0.0%, 64=0.0%, >=64=0.1%
     issued rwts: total=245760,0,0,0 short=0,0,0,0 dropped=0,0,0,0
     latency   : target=0, window=0, percentile=100.00%, depth=128

Run status group 0 (all jobs):
   READ: bw=6786MiB/s (7116MB/s), 6786MiB/s-6786MiB/s (7116MB/s-7116MB/s), io=30.0GiB (32.2GB), run=4527-4527msec
