jobs1: (g=0): rw=randwrite, bs=(R) 4096B-4096B, (W) 4096B-4096B, (T) 4096B-4096B, ioengine=libaio, iodepth=128
...
fio-3.28
Starting 32 processes
jobs1: Laying out IO file (1 file / 30720MiB)

jobs1: (groupid=0, jobs=32): err= 0: pid=153137: Tue Jul 25 17:48:52 2023
  write: IOPS=535k, BW=2091MiB/s (2193MB/s)(30.0GiB/14692msec); 0 zone resets
    slat (nsec): min=852, max=25992, avg=1352.43, stdev=292.93
    clat (nsec): min=969, max=794234, avg=237483.59, stdev=40238.66
     lat (nsec): min=1991, max=798616, avg=238884.27, stdev=40483.84
    clat percentiles (usec):
     |  1.00th=[  217],  5.00th=[  223], 10.00th=[  225], 20.00th=[  225],
     | 30.00th=[  227], 40.00th=[  227], 50.00th=[  227], 60.00th=[  229],
     | 70.00th=[  229], 80.00th=[  229], 90.00th=[  233], 95.00th=[  383],
     | 99.00th=[  388], 99.50th=[  392], 99.90th=[  400], 99.95th=[  570],
     | 99.99th=[  758]
   bw (  MiB/s): min= 1286, max= 2249, per=100.00%, avg=2099.20, stdev=271.18, samples=29
   iops        : min=329323, max=575900, avg=537394.69, stdev=69423.09, samples=29
  lat (nsec)   : 1000=0.01%
  lat (usec)   : 4=0.01%, 10=0.01%, 20=0.01%, 50=0.01%, 100=0.01%
  lat (usec)   : 250=92.87%, 500=7.07%, 750=0.03%, 1000=0.02%
  cpu          : usr=25.85%, sys=74.15%, ctx=11, majf=0, minf=58
  IO depths    : 1=0.1%, 2=0.1%, 4=0.1%, 8=0.1%, 16=0.1%, 32=0.1%, >=64=100.0%
     submit    : 0=0.0%, 4=100.0%, 8=0.0%, 16=0.0%, 32=0.0%, 64=0.0%, >=64=0.0%
     complete  : 0=0.0%, 4=100.0%, 8=0.0%, 16=0.0%, 32=0.0%, 64=0.0%, >=64=0.1%
     issued rwts: total=0,7864320,0,0 short=0,0,0,0 dropped=0,0,0,0
     latency   : target=0, window=0, percentile=100.00%, depth=128

Run status group 0 (all jobs):
  WRITE: bw=2091MiB/s (2193MB/s), 2091MiB/s-2091MiB/s (2193MB/s-2193MB/s), io=30.0GiB (32.2GB), run=14692-14692msec
