jobs1: (g=0): rw=randwrite, bs=(R) 32.0KiB-32.0KiB, (W) 32.0KiB-32.0KiB, (T) 32.0KiB-32.0KiB, ioengine=libaio, iodepth=128
fio-3.28
Starting 1 process
jobs1: Laying out IO file (1 file / 30720MiB)

jobs1: (groupid=0, jobs=1): err= 0: pid=163097: Tue Jul 25 18:41:23 2023
  write: IOPS=56.3k, BW=1758MiB/s (1844MB/s)(30.0GiB/17473msec); 0 zone resets
    slat (usec): min=7, max=131589, avg=17.12, stdev=240.56
    clat (usec): min=2, max=975637, avg=2144.13, stdev=3040.56
     lat (usec): min=23, max=975688, avg=2161.33, stdev=3196.52
    clat percentiles (usec):
     |  1.00th=[ 1270],  5.00th=[ 1893], 10.00th=[ 1909], 20.00th=[ 1926],
     | 30.00th=[ 1942], 40.00th=[ 1958], 50.00th=[ 1975], 60.00th=[ 2008],
     | 70.00th=[ 2040], 80.00th=[ 2089], 90.00th=[ 2507], 95.00th=[ 3228],
     | 99.00th=[ 3589], 99.50th=[ 9896], 99.90th=[16712], 99.95th=[20579],
     | 99.99th=[22152]
   bw (  MiB/s): min=   55, max= 2023, per=100.00%, avg=1810.15, stdev=403.08, samples=33
   iops        : min= 1782, max=64746, avg=57924.91, stdev=12898.73, samples=33
  lat (usec)   : 4=0.01%, 50=0.01%, 100=0.01%, 250=0.01%, 500=0.01%
  lat (usec)   : 750=0.01%, 1000=0.01%
  lat (msec)   : 2=59.03%, 4=40.42%, 10=0.05%, 20=0.43%, 50=0.06%
  lat (msec)   : 100=0.01%, 250=0.01%, 500=0.01%, 750=0.01%, 1000=0.01%
  cpu          : usr=5.47%, sys=86.30%, ctx=109, majf=0, minf=14
  IO depths    : 1=0.1%, 2=0.1%, 4=0.1%, 8=0.1%, 16=0.1%, 32=0.1%, >=64=100.0%
     submit    : 0=0.0%, 4=100.0%, 8=0.0%, 16=0.0%, 32=0.0%, 64=0.0%, >=64=0.0%
     complete  : 0=0.0%, 4=100.0%, 8=0.0%, 16=0.0%, 32=0.0%, 64=0.0%, >=64=0.1%
     issued rwts: total=0,983040,0,0 short=0,0,0,0 dropped=0,0,0,0
     latency   : target=0, window=0, percentile=100.00%, depth=128

Run status group 0 (all jobs):
  WRITE: bw=1758MiB/s (1844MB/s), 1758MiB/s-1758MiB/s (1844MB/s-1844MB/s), io=30.0GiB (32.2GB), run=17473-17473msec
