jobs1: (g=0): rw=randread, bs=(R) 128KiB-128KiB, (W) 128KiB-128KiB, (T) 128KiB-128KiB, ioengine=libaio, iodepth=128
fio-3.28
Starting 1 process
jobs1: Laying out IO files (1024 files / total 30720MiB)
fio: pid=1188745, err=24/file:filesetup.c:805, func=open(/home/sevag/tmpfs//f1018), error=Too many open files

jobs1: (groupid=0, jobs=1): err=24 (file:filesetup.c:805, func=open(/home/sevag/tmpfs//f1018), error=Too many open files): pid=1188745: Wed Jul 26 10:25:49 2023
  read: IOPS=18.9k, BW=2359MiB/s (2473MB/s)(127MiB/54msec)
    slat (usec): min=28, max=207, avg=47.65, stdev=39.71
    clat (usec): min=34, max=19750, avg=5292.98, stdev=3092.38
     lat (usec): min=71, max=19959, avg=5340.78, stdev=3128.60
    clat percentiles (usec):
     |  1.00th=[  478],  5.00th=[ 1860], 10.00th=[ 3589], 20.00th=[ 4359],
     | 30.00th=[ 4359], 40.00th=[ 4359], 50.00th=[ 4359], 60.00th=[ 4424],
     | 70.00th=[ 4817], 80.00th=[ 5735], 90.00th=[ 8160], 95.00th=[12911],
     | 99.00th=[18220], 99.50th=[19006], 99.90th=[19530], 99.95th=[19792],
     | 99.99th=[19792]
  lat (usec)   : 50=0.10%, 250=0.29%, 500=0.69%, 750=0.69%, 1000=0.79%
  lat (msec)   : 2=2.85%, 4=5.79%, 10=80.86%, 20=7.95%
  cpu          : usr=0.00%, sys=101.89%, ctx=0, majf=0, minf=4112
  IO depths    : 1=0.1%, 2=0.2%, 4=0.4%, 8=0.8%, 16=1.6%, 32=3.1%, >=64=93.8%
     submit    : 0=0.0%, 4=100.0%, 8=0.0%, 16=0.0%, 32=0.0%, 64=0.0%, >=64=0.0%
     complete  : 0=0.0%, 4=99.9%, 8=0.0%, 16=0.0%, 32=0.0%, 64=0.0%, >=64=0.1%
     issued rwts: total=1019,0,0,0 short=0,0,0,0 dropped=0,0,0,0
     latency   : target=0, window=0, percentile=100.00%, depth=128

Run status group 0 (all jobs):
   READ: bw=2359MiB/s (2473MB/s), 2359MiB/s-2359MiB/s (2473MB/s-2473MB/s), io=127MiB (134MB), run=54-54msec
