jobs1: (g=0): rw=randwrite, bs=(R) 32.0KiB-32.0KiB, (W) 32.0KiB-32.0KiB, (T) 32.0KiB-32.0KiB, ioengine=libaio, iodepth=128
fio-3.28
Starting 1 process
jobs1: Laying out IO files (128 files / total 30720MiB)

jobs1: (groupid=0, jobs=1): err= 0: pid=803266: Wed Jul 26 02:03:11 2023
  write: IOPS=141k, BW=4404MiB/s (4618MB/s)(30.0GiB/6976msec); 0 zone resets
    slat (nsec): min=4767, max=36216, avg=6496.68, stdev=1752.94
    clat (nsec): min=1242, max=3103.4k, avg=901195.80, stdev=231797.98
     lat (usec): min=7, max=3133, avg=907.75, stdev=233.50
    clat percentiles (usec):
     |  1.00th=[  799],  5.00th=[  799], 10.00th=[  799], 20.00th=[  807],
     | 30.00th=[  807], 40.00th=[  807], 50.00th=[  807], 60.00th=[  807],
     | 70.00th=[  816], 80.00th=[  816], 90.00th=[ 1483], 95.00th=[ 1500],
     | 99.00th=[ 1500], 99.50th=[ 1500], 99.90th=[ 1729], 99.95th=[ 1745],
     | 99.99th=[ 2540]
   bw (  MiB/s): min= 2666, max= 4919, per=99.15%, avg=4366.44, stdev=965.90, samples=13
   iops        : min=85328, max=157426, avg=139726.08, stdev=30908.99, samples=13
  lat (usec)   : 2=0.01%, 10=0.01%, 20=0.01%, 50=0.01%, 100=0.01%
  lat (usec)   : 250=0.01%, 500=0.01%, 750=0.01%, 1000=85.83%
  lat (msec)   : 2=14.12%, 4=0.04%
  cpu          : usr=13.06%, sys=86.94%, ctx=12, majf=0, minf=12
  IO depths    : 1=0.1%, 2=0.1%, 4=0.1%, 8=0.1%, 16=0.1%, 32=0.1%, >=64=100.0%
     submit    : 0=0.0%, 4=100.0%, 8=0.0%, 16=0.0%, 32=0.0%, 64=0.0%, >=64=0.0%
     complete  : 0=0.0%, 4=100.0%, 8=0.0%, 16=0.0%, 32=0.0%, 64=0.0%, >=64=0.1%
     issued rwts: total=0,983040,0,0 short=0,0,0,0 dropped=0,0,0,0
     latency   : target=0, window=0, percentile=100.00%, depth=128

Run status group 0 (all jobs):
  WRITE: bw=4404MiB/s (4618MB/s), 4404MiB/s-4404MiB/s (4618MB/s-4618MB/s), io=30.0GiB (32.2GB), run=6976-6976msec
