jobs1: (g=0): rw=randread, bs=(R) 4096B-4096B, (W) 4096B-4096B, (T) 4096B-4096B, ioengine=libaio, iodepth=128
...
fio-3.28
Starting 32 processes
jobs1: Laying out IO files (512 files / total 30720MiB)

jobs1: (groupid=0, jobs=32): err= 0: pid=1097391: Wed Jul 26 05:49:58 2023
  read: IOPS=7903, BW=30.9MiB/s (32.4MB/s)(3705MiB/120001msec)
    slat (usec): min=32, max=376, avg=121.73, stdev=67.34
    clat (usec): min=12, max=93021, avg=16064.44, stdev=4522.38
     lat (usec): min=251, max=93165, avg=16186.75, stdev=4552.68
    clat percentiles (usec):
     |  1.00th=[ 5080],  5.00th=[ 5735], 10.00th=[ 7832], 20.00th=[13829],
     | 30.00th=[15008], 40.00th=[15795], 50.00th=[16581], 60.00th=[17433],
     | 70.00th=[18482], 80.00th=[19530], 90.00th=[21103], 95.00th=[22152],
     | 99.00th=[24249], 99.50th=[25035], 99.90th=[25560], 99.95th=[25822],
     | 99.99th=[52691]
   bw (  KiB/s): min=18340, max=84440, per=100.00%, avg=31657.08, stdev=10219.94, samples=239
   iops        : min= 4585, max=21110, avg=7914.22, stdev=2554.99, samples=239
  lat (usec)   : 20=0.01%, 500=0.01%, 750=0.01%, 1000=0.01%
  lat (msec)   : 2=0.01%, 4=0.01%, 10=12.06%, 20=71.71%, 50=16.20%
  lat (msec)   : 100=0.02%
  cpu          : usr=3.89%, sys=16.02%, ctx=949055, majf=0, minf=195
  IO depths    : 1=0.1%, 2=0.1%, 4=0.1%, 8=0.1%, 16=0.1%, 32=0.1%, >=64=100.0%
     submit    : 0=0.0%, 4=100.0%, 8=0.0%, 16=0.0%, 32=0.0%, 64=0.0%, >=64=0.0%
     complete  : 0=0.0%, 4=100.0%, 8=0.0%, 16=0.0%, 32=0.0%, 64=0.0%, >=64=0.1%
     issued rwts: total=948482,0,0,0 short=0,0,0,0 dropped=0,0,0,0
     latency   : target=0, window=0, percentile=100.00%, depth=128

Run status group 0 (all jobs):
   READ: bw=30.9MiB/s (32.4MB/s), 30.9MiB/s-30.9MiB/s (32.4MB/s-32.4MB/s), io=3705MiB (3885MB), run=120001-120001msec
