jobs1: (g=0): rw=randread, bs=(R) 4096B-4096B, (W) 4096B-4096B, (T) 4096B-4096B, ioengine=libaio, iodepth=128
...
fio-3.28
Starting 16 processes
jobs1: Laying out IO files (512 files / total 30720MiB)

jobs1: (groupid=0, jobs=16): err= 0: pid=1097494: Wed Jul 26 05:50:30 2023
  read: IOPS=530k, BW=2071MiB/s (2172MB/s)(30.0GiB/14834msec)
    slat (nsec): min=889, max=25892, avg=1393.78, stdev=293.57
    clat (nsec): min=1276, max=1988.2k, avg=239743.41, stdev=41596.53
     lat (usec): min=2, max=2008, avg=241.17, stdev=41.84
    clat percentiles (usec):
     |  1.00th=[  221],  5.00th=[  225], 10.00th=[  227], 20.00th=[  227],
     | 30.00th=[  229], 40.00th=[  229], 50.00th=[  231], 60.00th=[  231],
     | 70.00th=[  231], 80.00th=[  233], 90.00th=[  235], 95.00th=[  363],
     | 99.00th=[  408], 99.50th=[  412], 99.90th=[  416], 99.95th=[  506],
     | 99.99th=[  734]
   bw (  MiB/s): min= 1241, max= 2192, per=100.00%, avg=2071.50, stdev=275.89, samples=29
   iops        : min=317749, max=561242, avg=530303.83, stdev=70627.50, samples=29
  lat (usec)   : 2=0.01%, 4=0.01%, 10=0.01%, 20=0.01%, 50=0.01%
  lat (usec)   : 100=0.01%, 250=93.09%, 500=6.86%, 750=0.05%, 1000=0.01%
  lat (msec)   : 2=0.01%
  cpu          : usr=23.01%, sys=76.99%, ctx=14, majf=3, minf=181
  IO depths    : 1=0.1%, 2=0.1%, 4=0.1%, 8=0.1%, 16=0.1%, 32=0.1%, >=64=100.0%
     submit    : 0=0.0%, 4=100.0%, 8=0.0%, 16=0.0%, 32=0.0%, 64=0.0%, >=64=0.0%
     complete  : 0=0.0%, 4=100.0%, 8=0.0%, 16=0.0%, 32=0.0%, 64=0.0%, >=64=0.1%
     issued rwts: total=7864320,0,0,0 short=0,0,0,0 dropped=0,0,0,0
     latency   : target=0, window=0, percentile=100.00%, depth=128

Run status group 0 (all jobs):
   READ: bw=2071MiB/s (2172MB/s), 2071MiB/s-2071MiB/s (2172MB/s-2172MB/s), io=30.0GiB (32.2GB), run=14834-14834msec
