jobs1: (g=0): rw=randread, bs=(R) 512KiB-512KiB, (W) 512KiB-512KiB, (T) 512KiB-512KiB, ioengine=libaio, iodepth=128
fio-3.28
Starting 1 process
jobs1: Laying out IO files (512 files / total 30720MiB)

jobs1: (groupid=0, jobs=1): err= 0: pid=1152525: Wed Jul 26 08:32:25 2023
  read: IOPS=8847, BW=4424MiB/s (4639MB/s)(30.0GiB/6944msec)
    slat (usec): min=95, max=734, avg=111.85, stdev=22.80
    clat (usec): min=2, max=53859, avg=14287.44, stdev=2360.69
     lat (usec): min=107, max=54595, avg=14399.43, stdev=2381.76
    clat percentiles (usec):
     |  1.00th=[13173],  5.00th=[13173], 10.00th=[13304], 20.00th=[13304],
     | 30.00th=[13304], 40.00th=[13304], 50.00th=[13304], 60.00th=[13304],
     | 70.00th=[13435], 80.00th=[13566], 90.00th=[19006], 95.00th=[19268],
     | 99.00th=[19530], 99.50th=[19792], 99.90th=[31327], 99.95th=[39584],
     | 99.99th=[50594]
   bw (  MiB/s): min= 2938, max= 4769, per=99.30%, avg=4393.08, stdev=693.99, samples=13
   iops        : min= 5878, max= 9538, avg=8786.15, stdev=1387.89, samples=13
  lat (usec)   : 4=0.01%, 250=0.01%, 500=0.01%, 750=0.01%, 1000=0.01%
  lat (msec)   : 2=0.02%, 4=0.03%, 10=0.09%, 20=99.64%, 50=0.19%
  lat (msec)   : 100=0.01%
  cpu          : usr=0.97%, sys=99.01%, ctx=11, majf=0, minf=16396
  IO depths    : 1=0.1%, 2=0.1%, 4=0.1%, 8=0.1%, 16=0.1%, 32=0.1%, >=64=99.9%
     submit    : 0=0.0%, 4=100.0%, 8=0.0%, 16=0.0%, 32=0.0%, 64=0.0%, >=64=0.0%
     complete  : 0=0.0%, 4=100.0%, 8=0.0%, 16=0.0%, 32=0.0%, 64=0.0%, >=64=0.1%
     issued rwts: total=61440,0,0,0 short=0,0,0,0 dropped=0,0,0,0
     latency   : target=0, window=0, percentile=100.00%, depth=128

Run status group 0 (all jobs):
   READ: bw=4424MiB/s (4639MB/s), 4424MiB/s-4424MiB/s (4639MB/s-4639MB/s), io=30.0GiB (32.2GB), run=6944-6944msec
