jobs1: (g=0): rw=randwrite, bs=(R) 32.0KiB-32.0KiB, (W) 32.0KiB-32.0KiB, (T) 32.0KiB-32.0KiB, ioengine=libaio, iodepth=128
fio-3.28
Starting 1 process
jobs1: Laying out IO file (1 file / 30720MiB)

jobs1: (groupid=0, jobs=1): err= 0: pid=162311: Tue Jul 25 18:40:12 2023
  write: IOPS=50.7k, BW=1584MiB/s (1661MB/s)(30.0GiB/19392msec); 0 zone resets
    slat (usec): min=8, max=133289, avg=18.96, stdev=221.84
    clat (nsec): min=1705, max=297479k, avg=2468607.30, stdev=1990298.62
     lat (usec): min=15, max=297572, avg=2487.65, stdev=2020.59
    clat percentiles (usec):
     |  1.00th=[ 1287],  5.00th=[ 1369], 10.00th=[ 1450], 20.00th=[ 1762],
     | 30.00th=[ 1778], 40.00th=[ 1811], 50.00th=[ 1876], 60.00th=[ 2114],
     | 70.00th=[ 2343], 80.00th=[ 3228], 90.00th=[ 3294], 95.00th=[ 3425],
     | 99.00th=[13042], 99.50th=[15139], 99.90th=[18744], 99.95th=[21103],
     | 99.99th=[22152]
   bw (  MiB/s): min=  476, max= 2084, per=99.43%, avg=1575.10, stdev=451.34, samples=38
   iops        : min=15242, max=66700, avg=50403.26, stdev=14442.98, samples=38
  lat (usec)   : 2=0.01%, 20=0.01%, 50=0.01%, 100=0.01%, 250=0.01%
  lat (usec)   : 500=0.01%, 750=0.01%, 1000=0.01%
  lat (msec)   : 2=57.28%, 4=39.63%, 10=0.61%, 20=2.37%, 50=0.09%
  lat (msec)   : 100=0.01%, 250=0.01%, 500=0.01%
  cpu          : usr=6.36%, sys=81.13%, ctx=226, majf=0, minf=13
  IO depths    : 1=0.1%, 2=0.1%, 4=0.1%, 8=0.1%, 16=0.1%, 32=0.1%, >=64=100.0%
     submit    : 0=0.0%, 4=100.0%, 8=0.0%, 16=0.0%, 32=0.0%, 64=0.0%, >=64=0.0%
     complete  : 0=0.0%, 4=100.0%, 8=0.0%, 16=0.0%, 32=0.0%, 64=0.0%, >=64=0.1%
     issued rwts: total=0,983040,0,0 short=0,0,0,0 dropped=0,0,0,0
     latency   : target=0, window=0, percentile=100.00%, depth=128

Run status group 0 (all jobs):
  WRITE: bw=1584MiB/s (1661MB/s), 1584MiB/s-1584MiB/s (1661MB/s-1661MB/s), io=30.0GiB (32.2GB), run=19392-19392msec
