jobs1: (g=0): rw=randread, bs=(R) 4096B-4096B, (W) 4096B-4096B, (T) 4096B-4096B, ioengine=libaio, iodepth=128
fio-3.28
Starting 1 process
jobs1: Laying out IO files (1024 files / total 30720MiB)
fio: pid=1164706, err=24/file:filesetup.c:805, func=open(/home/sevag/tmpfs//f1018), error=Too many open files

jobs1: (groupid=0, jobs=1): err=24 (file:filesetup.c:805, func=open(/home/sevag/tmpfs//f1018), error=Too many open files): pid=1164706: Wed Jul 26 09:14:09 2023
  read: IOPS=67.9k, BW=265MiB/s (278MB/s)(4076KiB/15msec)
    slat (nsec): min=4396, max=27939, avg=5675.22, stdev=2108.32
    clat (usec): min=77, max=2059, avg=1648.10, stdev=284.54
     lat (usec): min=83, max=2081, avg=1653.95, stdev=284.99
    clat percentiles (usec):
     |  1.00th=[  371],  5.00th=[  914], 10.00th=[ 1598], 20.00th=[ 1680],
     | 30.00th=[ 1696], 40.00th=[ 1696], 50.00th=[ 1696], 60.00th=[ 1713],
     | 70.00th=[ 1713], 80.00th=[ 1713], 90.00th=[ 1811], 95.00th=[ 1926],
     | 99.00th=[ 2040], 99.50th=[ 2057], 99.90th=[ 2057], 99.95th=[ 2057],
     | 99.99th=[ 2057]
  lat (usec)   : 100=0.10%, 500=1.86%, 750=1.77%, 1000=1.86%
  lat (msec)   : 2=91.85%, 4=2.55%
  cpu          : usr=21.43%, sys=57.14%, ctx=0, majf=0, minf=143
  IO depths    : 1=0.1%, 2=0.2%, 4=0.4%, 8=0.8%, 16=1.6%, 32=3.1%, >=64=93.8%
     submit    : 0=0.0%, 4=100.0%, 8=0.0%, 16=0.0%, 32=0.0%, 64=0.0%, >=64=0.0%
     complete  : 0=0.0%, 4=99.9%, 8=0.0%, 16=0.0%, 32=0.0%, 64=0.0%, >=64=0.1%
     issued rwts: total=1019,0,0,0 short=0,0,0,0 dropped=0,0,0,0
     latency   : target=0, window=0, percentile=100.00%, depth=128

Run status group 0 (all jobs):
   READ: bw=265MiB/s (278MB/s), 265MiB/s-265MiB/s (278MB/s-278MB/s), io=4076KiB (4174kB), run=15-15msec
