jobs1: (g=0): rw=randwrite, bs=(R) 512KiB-512KiB, (W) 512KiB-512KiB, (T) 512KiB-512KiB, ioengine=libaio, iodepth=128
...
fio-3.28
Starting 16 processes
jobs1: Laying out IO files (128 files / total 30720MiB)

jobs1: (groupid=0, jobs=16): err= 0: pid=857514: Wed Jul 26 03:54:09 2023
  write: IOPS=8268, BW=4134MiB/s (4335MB/s)(30.0GiB/7431msec); 0 zone resets
    slat (usec): min=96, max=227, avg=119.76, stdev=25.78
    clat (usec): min=2, max=24826, avg=15338.65, stdev=3260.70
     lat (usec): min=115, max=25026, avg=15458.53, stdev=3285.76
    clat percentiles (usec):
     |  1.00th=[13960],  5.00th=[13960], 10.00th=[13960], 20.00th=[13960],
     | 30.00th=[13960], 40.00th=[13960], 50.00th=[14091], 60.00th=[14091],
     | 70.00th=[14091], 80.00th=[14091], 90.00th=[21103], 95.00th=[24511],
     | 99.00th=[24773], 99.50th=[24773], 99.90th=[24773], 99.95th=[24773],
     | 99.99th=[24773]
   bw (  MiB/s): min= 2586, max= 4534, per=99.23%, avg=4102.37, stdev=762.68, samples=14
   iops        : min= 5172, max= 9068, avg=8204.71, stdev=1525.40, samples=14
  lat (usec)   : 4=0.01%, 250=0.01%, 500=0.01%, 750=0.01%, 1000=0.01%
  lat (msec)   : 2=0.02%, 4=0.03%, 10=0.09%, 20=85.57%, 50=14.29%
  cpu          : usr=13.30%, sys=86.72%, ctx=4, majf=0, minf=53
  IO depths    : 1=0.1%, 2=0.1%, 4=0.1%, 8=0.1%, 16=0.1%, 32=0.1%, >=64=99.9%
     submit    : 0=0.0%, 4=100.0%, 8=0.0%, 16=0.0%, 32=0.0%, 64=0.0%, >=64=0.0%
     complete  : 0=0.0%, 4=100.0%, 8=0.0%, 16=0.0%, 32=0.0%, 64=0.0%, >=64=0.1%
     issued rwts: total=0,61440,0,0 short=0,0,0,0 dropped=0,0,0,0
     latency   : target=0, window=0, percentile=100.00%, depth=128

Run status group 0 (all jobs):
  WRITE: bw=4134MiB/s (4335MB/s), 4134MiB/s-4134MiB/s (4335MB/s-4335MB/s), io=30.0GiB (32.2GB), run=7431-7431msec
