jobs1: (g=0): rw=randread, bs=(R) 32.0KiB-32.0KiB, (W) 32.0KiB-32.0KiB, (T) 32.0KiB-32.0KiB, ioengine=libaio, iodepth=128
fio-3.28
Starting 1 process
jobs1: Laying out IO file (1 file / 30720MiB)

jobs1: (groupid=0, jobs=1): err= 0: pid=172572: Tue Jul 25 19:08:20 2023
  read: IOPS=143k, BW=4463MiB/s (4679MB/s)(30.0GiB/6884msec)
    slat (nsec): min=4173, max=74446, avg=6432.67, stdev=1401.71
    clat (nsec): min=1443, max=5909.0k, avg=889179.85, stdev=148905.95
     lat (usec): min=7, max=5978, avg=895.67, stdev=150.02
    clat percentiles (usec):
     |  1.00th=[  807],  5.00th=[  816], 10.00th=[  824], 20.00th=[  824],
     | 30.00th=[  824], 40.00th=[  832], 50.00th=[  832], 60.00th=[  832],
     | 70.00th=[  832], 80.00th=[  840], 90.00th=[ 1205], 95.00th=[ 1221],
     | 99.00th=[ 1221], 99.50th=[ 1221], 99.90th=[ 1844], 99.95th=[ 1876],
     | 99.99th=[ 3294]
   bw (  MiB/s): min= 3236, max= 4796, per=99.54%, avg=4441.96, stdev=665.71, samples=13
   iops        : min=103574, max=153482, avg=142142.77, stdev=21302.68, samples=13
  lat (usec)   : 2=0.01%, 10=0.01%, 20=0.01%, 50=0.01%, 100=0.01%
  lat (usec)   : 250=0.01%, 500=0.01%, 750=0.01%, 1000=84.38%
  lat (msec)   : 2=15.57%, 4=0.04%, 10=0.01%
  cpu          : usr=7.25%, sys=92.72%, ctx=10, majf=0, minf=1034
  IO depths    : 1=0.1%, 2=0.1%, 4=0.1%, 8=0.1%, 16=0.1%, 32=0.1%, >=64=100.0%
     submit    : 0=0.0%, 4=100.0%, 8=0.0%, 16=0.0%, 32=0.0%, 64=0.0%, >=64=0.0%
     complete  : 0=0.0%, 4=100.0%, 8=0.0%, 16=0.0%, 32=0.0%, 64=0.0%, >=64=0.1%
     issued rwts: total=983040,0,0,0 short=0,0,0,0 dropped=0,0,0,0
     latency   : target=0, window=0, percentile=100.00%, depth=128

Run status group 0 (all jobs):
   READ: bw=4463MiB/s (4679MB/s), 4463MiB/s-4463MiB/s (4679MB/s-4679MB/s), io=30.0GiB (32.2GB), run=6884-6884msec
