jobs1: (g=0): rw=randread, bs=(R) 32.0KiB-32.0KiB, (W) 32.0KiB-32.0KiB, (T) 32.0KiB-32.0KiB, ioengine=libaio, iodepth=128
...
fio-3.28
Starting 16 processes
jobs1: Laying out IO files (64 files / total 30720MiB)

jobs1: (groupid=0, jobs=16): err= 0: pid=487394: Tue Jul 25 22:44:01 2023
  read: IOPS=15.5k, BW=483MiB/s (507MB/s)(30.0GiB/63596msec)
    slat (usec): min=52, max=317, avg=61.92, stdev= 4.48
    clat (usec): min=3, max=26571, avg=8215.04, stdev=467.67
     lat (usec): min=59, max=26891, avg=8277.38, stdev=471.07
    clat percentiles (usec):
     |  1.00th=[ 7701],  5.00th=[ 7701], 10.00th=[ 7767], 20.00th=[ 7898],
     | 30.00th=[ 8029], 40.00th=[ 8160], 50.00th=[ 8291], 60.00th=[ 8291],
     | 70.00th=[ 8291], 80.00th=[ 8291], 90.00th=[ 8356], 95.00th=[ 8356],
     | 99.00th=[10159], 99.50th=[10290], 99.90th=[10290], 99.95th=[10290],
     | 99.99th=[12518]
   bw (  KiB/s): min=376491, max=514496, per=100.00%, avg=494668.80, stdev=22796.64, samples=127
   iops        : min=11765, max=16078, avg=15458.38, stdev=712.43, samples=127
  lat (usec)   : 4=0.01%, 100=0.01%, 250=0.01%, 500=0.01%, 750=0.01%
  lat (usec)   : 1000=0.01%
  lat (msec)   : 2=0.01%, 4=0.01%, 10=96.18%, 20=3.81%, 50=0.01%
  cpu          : usr=4.99%, sys=48.09%, ctx=983145, majf=0, minf=1083
  IO depths    : 1=0.1%, 2=0.1%, 4=0.1%, 8=0.1%, 16=0.1%, 32=0.1%, >=64=100.0%
     submit    : 0=0.0%, 4=100.0%, 8=0.0%, 16=0.0%, 32=0.0%, 64=0.0%, >=64=0.0%
     complete  : 0=0.0%, 4=100.0%, 8=0.0%, 16=0.0%, 32=0.0%, 64=0.0%, >=64=0.1%
     issued rwts: total=983040,0,0,0 short=0,0,0,0 dropped=0,0,0,0
     latency   : target=0, window=0, percentile=100.00%, depth=128

Run status group 0 (all jobs):
   READ: bw=483MiB/s (507MB/s), 483MiB/s-483MiB/s (507MB/s-507MB/s), io=30.0GiB (32.2GB), run=63596-63596msec
