jobs1: (g=0): rw=randread, bs=(R) 32.0KiB-32.0KiB, (W) 32.0KiB-32.0KiB, (T) 32.0KiB-32.0KiB, ioengine=libaio, iodepth=128
...
fio-3.28
Starting 16 processes
jobs1: Laying out IO files (1024 files / total 30720MiB)
fio: pid=1177745, err=24/file:filesetup.c:805, func=open(/home/sevag/ramdisk//f1018), error=Too many open files

jobs1: (groupid=0, jobs=16): err=24 (file:filesetup.c:805, func=open(/home/sevag/ramdisk//f1018), error=Too many open files): pid=1177745: Wed Jul 26 09:56:26 2023
  read: IOPS=40.8k, BW=1274MiB/s (1336MB/s)(31.8MiB/25msec)
    slat (nsec): min=6819, max=65826, avg=14606.76, stdev=10348.86
    clat (usec): min=39, max=6176, avg=2641.95, stdev=949.70
     lat (usec): min=47, max=6240, avg=2656.70, stdev=957.67
    clat percentiles (usec):
     |  1.00th=[  251],  5.00th=[  906], 10.00th=[ 1942], 20.00th=[ 2343],
     | 30.00th=[ 2409], 40.00th=[ 2474], 50.00th=[ 2540], 60.00th=[ 2638],
     | 70.00th=[ 2769], 80.00th=[ 2802], 90.00th=[ 3458], 95.00th=[ 4883],
     | 99.00th=[ 5932], 99.50th=[ 6063], 99.90th=[ 6128], 99.95th=[ 6194],
     | 99.99th=[ 6194]
  lat (usec)   : 50=0.10%, 250=0.88%, 500=1.86%, 750=1.37%, 1000=1.18%
  lat (msec)   : 2=4.81%, 4=81.75%, 10=8.05%
  cpu          : usr=0.00%, sys=91.67%, ctx=0, majf=0, minf=1073
  IO depths    : 1=0.1%, 2=0.2%, 4=0.4%, 8=0.8%, 16=1.6%, 32=3.1%, >=64=93.8%
     submit    : 0=0.0%, 4=100.0%, 8=0.0%, 16=0.0%, 32=0.0%, 64=0.0%, >=64=0.0%
     complete  : 0=0.0%, 4=99.9%, 8=0.0%, 16=0.0%, 32=0.0%, 64=0.0%, >=64=0.1%
     issued rwts: total=1019,0,0,0 short=0,0,0,0 dropped=0,0,0,0
     latency   : target=0, window=0, percentile=100.00%, depth=128

Run status group 0 (all jobs):
   READ: bw=1274MiB/s (1336MB/s), 1274MiB/s-1274MiB/s (1336MB/s-1336MB/s), io=31.8MiB (33.4MB), run=25-25msec
