jobs1: (g=0): rw=randwrite, bs=(R) 128KiB-128KiB, (W) 128KiB-128KiB, (T) 128KiB-128KiB, ioengine=libaio, iodepth=128
...
fio-3.28
Starting 16 processes
jobs1: Laying out IO files (512 files / total 30720MiB)

jobs1: (groupid=0, jobs=16): err= 0: pid=1134956: Wed Jul 26 07:07:13 2023
  write: IOPS=26.0k, BW=3245MiB/s (3403MB/s)(30.0GiB/9467msec); 0 zone resets
    slat (usec): min=29, max=852, avg=37.76, stdev=10.71
    clat (nsec): min=1417, max=13545k, avg=4887682.46, stdev=1331623.75
     lat (usec): min=35, max=13658, avg=4925.52, stdev=1341.99
    clat percentiles (usec):
     |  1.00th=[ 4293],  5.00th=[ 4293], 10.00th=[ 4293], 20.00th=[ 4293],
     | 30.00th=[ 4293], 40.00th=[ 4293], 50.00th=[ 4293], 60.00th=[ 4293],
     | 70.00th=[ 4293], 80.00th=[ 4293], 90.00th=[ 7898], 95.00th=[ 7898],
     | 99.00th=[ 7963], 99.50th=[ 8029], 99.90th=[ 9110], 99.95th=[ 9503],
     | 99.99th=[10159]
   bw (  MiB/s): min= 1948, max= 3700, per=99.83%, avg=3239.35, stdev=758.45, samples=18
   iops        : min=15588, max=29600, avg=25914.78, stdev=6067.68, samples=18
  lat (usec)   : 2=0.01%, 50=0.01%, 100=0.01%, 250=0.01%, 500=0.01%
  lat (usec)   : 750=0.01%, 1000=0.01%
  lat (msec)   : 2=0.01%, 4=0.02%, 10=99.93%, 20=0.02%
  cpu          : usr=9.20%, sys=90.79%, ctx=28, majf=0, minf=53
  IO depths    : 1=0.1%, 2=0.1%, 4=0.1%, 8=0.1%, 16=0.1%, 32=0.1%, >=64=100.0%
     submit    : 0=0.0%, 4=100.0%, 8=0.0%, 16=0.0%, 32=0.0%, 64=0.0%, >=64=0.0%
     complete  : 0=0.0%, 4=100.0%, 8=0.0%, 16=0.0%, 32=0.0%, 64=0.0%, >=64=0.1%
     issued rwts: total=0,245760,0,0 short=0,0,0,0 dropped=0,0,0,0
     latency   : target=0, window=0, percentile=100.00%, depth=128

Run status group 0 (all jobs):
  WRITE: bw=3245MiB/s (3403MB/s), 3245MiB/s-3245MiB/s (3403MB/s-3403MB/s), io=30.0GiB (32.2GB), run=9467-9467msec
