jobs1: (g=0): rw=randread, bs=(R) 32.0KiB-32.0KiB, (W) 32.0KiB-32.0KiB, (T) 32.0KiB-32.0KiB, ioengine=libaio, iodepth=128
...
fio-3.28
Starting 32 processes
jobs1: Laying out IO file (1 file / 30720MiB)

jobs1: (groupid=0, jobs=32): err= 0: pid=173583: Tue Jul 25 19:19:27 2023
  read: IOPS=4592, BW=144MiB/s (150MB/s)(16.8GiB/120001msec)
    slat (usec): min=74, max=441, avg=211.21, stdev=58.22
    clat (usec): min=12, max=34038, avg=27652.30, stdev=4050.80
     lat (usec): min=295, max=34267, avg=27864.31, stdev=4079.48
    clat percentiles (usec):
     |  1.00th=[11600],  5.00th=[21103], 10.00th=[22938], 20.00th=[25560],
     | 30.00th=[27132], 40.00th=[27919], 50.00th=[28443], 60.00th=[29230],
     | 70.00th=[29754], 80.00th=[30540], 90.00th=[31589], 95.00th=[32113],
     | 99.00th=[32637], 99.50th=[32900], 99.90th=[33162], 99.95th=[33162],
     | 99.99th=[33424]
   bw (  KiB/s): min=126528, max=351296, per=99.92%, avg=146845.54, stdev=25743.15, samples=239
   iops        : min= 3954, max=10978, avg=4588.85, stdev=804.45, samples=239
  lat (usec)   : 20=0.01%, 500=0.01%, 750=0.01%, 1000=0.01%
  lat (msec)   : 2=0.01%, 4=0.01%, 10=0.01%, 20=3.28%, 50=96.71%
  cpu          : usr=2.22%, sys=24.02%, ctx=551287, majf=0, minf=1090
  IO depths    : 1=0.1%, 2=0.1%, 4=0.1%, 8=0.1%, 16=0.1%, 32=0.1%, >=64=100.0%
     submit    : 0=0.0%, 4=100.0%, 8=0.0%, 16=0.0%, 32=0.0%, 64=0.0%, >=64=0.0%
     complete  : 0=0.0%, 4=100.0%, 8=0.0%, 16=0.0%, 32=0.0%, 64=0.0%, >=64=0.1%
     issued rwts: total=551121,0,0,0 short=0,0,0,0 dropped=0,0,0,0
     latency   : target=0, window=0, percentile=100.00%, depth=128

Run status group 0 (all jobs):
   READ: bw=144MiB/s (150MB/s), 144MiB/s-144MiB/s (150MB/s-150MB/s), io=16.8GiB (18.1GB), run=120001-120001msec
