jobs1: (g=0): rw=randread, bs=(R) 512KiB-512KiB, (W) 512KiB-512KiB, (T) 512KiB-512KiB, ioengine=libaio, iodepth=128
...
fio-3.28
Starting 32 processes
jobs1: Laying out IO files (512 files / total 30720MiB)

jobs1: (groupid=0, jobs=32): err= 0: pid=1153588: Wed Jul 26 08:43:29 2023
  read: IOPS=640, BW=320MiB/s (336MB/s)(30.0GiB/95978msec)
    slat (usec): min=1061, max=2544, avg=1545.30, stdev=110.95
    clat (usec): min=7, max=327522, avg=198058.72, stdev=9370.85
     lat (usec): min=1351, max=330068, avg=199605.50, stdev=9402.66
    clat percentiles (msec):
     |  1.00th=[  180],  5.00th=[  190], 10.00th=[  192], 20.00th=[  194],
     | 30.00th=[  197], 40.00th=[  199], 50.00th=[  199], 60.00th=[  201],
     | 70.00th=[  201], 80.00th=[  203], 90.00th=[  203], 95.00th=[  205],
     | 99.00th=[  205], 99.50th=[  249], 99.90th=[  275], 99.95th=[  317],
     | 99.99th=[  326]
   bw (  KiB/s): min=107789, max=366592, per=99.83%, avg=327213.77, stdev=18386.84, samples=191
   iops        : min=  210, max=  716, avg=639.04, stdev=35.94, samples=191
  lat (usec)   : 10=0.01%
  lat (msec)   : 2=0.01%, 4=0.01%, 10=0.01%, 20=0.01%, 50=0.04%
  lat (msec)   : 100=0.06%, 250=99.55%, 500=0.34%
  cpu          : usr=0.52%, sys=33.98%, ctx=246453, majf=1, minf=16464
  IO depths    : 1=0.1%, 2=0.1%, 4=0.1%, 8=0.1%, 16=0.1%, 32=0.1%, >=64=99.9%
     submit    : 0=0.0%, 4=100.0%, 8=0.0%, 16=0.0%, 32=0.0%, 64=0.0%, >=64=0.0%
     complete  : 0=0.0%, 4=100.0%, 8=0.0%, 16=0.0%, 32=0.0%, 64=0.0%, >=64=0.1%
     issued rwts: total=61440,0,0,0 short=0,0,0,0 dropped=0,0,0,0
     latency   : target=0, window=0, percentile=100.00%, depth=128

Run status group 0 (all jobs):
   READ: bw=320MiB/s (336MB/s), 320MiB/s-320MiB/s (336MB/s-336MB/s), io=30.0GiB (32.2GB), run=95978-95978msec
