jobs1: (g=0): rw=randread, bs=(R) 512KiB-512KiB, (W) 512KiB-512KiB, (T) 512KiB-512KiB, ioengine=libaio, iodepth=128
...
fio-3.28
Starting 32 processes
jobs1: Laying out IO file (1 file / 30720MiB)

jobs1: (groupid=0, jobs=32): err= 0: pid=200031: Tue Jul 25 20:46:18 2023
  read: IOPS=9026, BW=4513MiB/s (4732MB/s)(30.0GiB/6807msec)
    slat (usec): min=92, max=779, avg=109.82, stdev=23.88
    clat (nsec): min=1650, max=53456k, avg=14004318.85, stdev=2504888.03
     lat (usec): min=100, max=54237, avg=14114.26, stdev=2527.07
    clat percentiles (usec):
     |  1.00th=[12911],  5.00th=[12911], 10.00th=[12911], 20.00th=[12911],
     | 30.00th=[12911], 40.00th=[12911], 50.00th=[12911], 60.00th=[12911],
     | 70.00th=[12911], 80.00th=[13042], 90.00th=[19268], 95.00th=[19268],
     | 99.00th=[19268], 99.50th=[19268], 99.90th=[30802], 99.95th=[39060],
     | 99.99th=[50070]
   bw (  MiB/s): min= 2972, max= 4912, per=99.55%, avg=4492.54, stdev=743.75, samples=13
   iops        : min= 5944, max= 9824, avg=8984.85, stdev=1487.45, samples=13
  lat (usec)   : 2=0.01%, 250=0.01%, 500=0.01%, 750=0.01%, 1000=0.01%
  lat (msec)   : 2=0.02%, 4=0.03%, 10=0.10%, 20=99.64%, 50=0.19%
  lat (msec)   : 100=0.01%
  cpu          : usr=0.22%, sys=99.72%, ctx=11, majf=0, minf=16454
  IO depths    : 1=0.1%, 2=0.1%, 4=0.1%, 8=0.1%, 16=0.1%, 32=0.1%, >=64=99.9%
     submit    : 0=0.0%, 4=100.0%, 8=0.0%, 16=0.0%, 32=0.0%, 64=0.0%, >=64=0.0%
     complete  : 0=0.0%, 4=100.0%, 8=0.0%, 16=0.0%, 32=0.0%, 64=0.0%, >=64=0.1%
     issued rwts: total=61440,0,0,0 short=0,0,0,0 dropped=0,0,0,0
     latency   : target=0, window=0, percentile=100.00%, depth=128

Run status group 0 (all jobs):
   READ: bw=4513MiB/s (4732MB/s), 4513MiB/s-4513MiB/s (4732MB/s-4732MB/s), io=30.0GiB (32.2GB), run=6807-6807msec
