jobs1: (g=0): rw=randread, bs=(R) 512KiB-512KiB, (W) 512KiB-512KiB, (T) 512KiB-512KiB, ioengine=libaio, iodepth=128
...
fio-3.28
Starting 16 processes
jobs1: Laying out IO files (64 files / total 30720MiB)

jobs1: (groupid=0, jobs=16): err= 0: pid=527098: Wed Jul 26 00:24:05 2023
  read: IOPS=1790, BW=895MiB/s (939MB/s)(30.0GiB/34306msec)
    slat (usec): min=493, max=2327, avg=554.96, stdev=114.56
    clat (usec): min=4, max=235831, avg=70656.42, stdev=12381.18
     lat (usec): min=546, max=238160, avg=71211.85, stdev=12481.49
    clat percentiles (msec):
     |  1.00th=[   67],  5.00th=[   67], 10.00th=[   68], 20.00th=[   68],
     | 30.00th=[   68], 40.00th=[   68], 50.00th=[   68], 60.00th=[   68],
     | 70.00th=[   69], 80.00th=[   69], 90.00th=[   72], 95.00th=[   85],
     | 99.00th=[  138], 99.50th=[  140], 99.90th=[  178], 99.95th=[  211],
     | 99.99th=[  230]
   bw (  KiB/s): min=289099, max=967680, per=99.99%, avg=916899.60, stdev=127869.36, samples=68
   iops        : min=  564, max= 1890, avg=1790.76, stdev=249.83, samples=68
  lat (usec)   : 10=0.01%, 750=0.01%
  lat (msec)   : 2=0.01%, 4=0.01%, 10=0.02%, 20=0.03%, 50=0.09%
  lat (msec)   : 100=95.76%, 250=4.09%
  cpu          : usr=0.65%, sys=59.26%, ctx=245847, majf=0, minf=16429
  IO depths    : 1=0.1%, 2=0.1%, 4=0.1%, 8=0.1%, 16=0.1%, 32=0.1%, >=64=99.9%
     submit    : 0=0.0%, 4=100.0%, 8=0.0%, 16=0.0%, 32=0.0%, 64=0.0%, >=64=0.0%
     complete  : 0=0.0%, 4=100.0%, 8=0.0%, 16=0.0%, 32=0.0%, 64=0.0%, >=64=0.1%
     issued rwts: total=61440,0,0,0 short=0,0,0,0 dropped=0,0,0,0
     latency   : target=0, window=0, percentile=100.00%, depth=128

Run status group 0 (all jobs):
   READ: bw=895MiB/s (939MB/s), 895MiB/s-895MiB/s (939MB/s-939MB/s), io=30.0GiB (32.2GB), run=34306-34306msec
