jobs1: (g=0): rw=randwrite, bs=(R) 512KiB-512KiB, (W) 512KiB-512KiB, (T) 512KiB-512KiB, ioengine=libaio, iodepth=128
...
fio-3.28
Starting 16 processes
jobs1: Laying out IO files (1024 files / total 30720MiB)
fio: pid=1194876, err=24/file:filesetup.c:805, func=open(/tmp/ssfs/home/sevag/fuse_ext4/f1010), error=Too many open files

jobs1: (groupid=0, jobs=16): err=24 (file:filesetup.c:805, func=open(/tmp/ssfs/home/sevag/fuse_ext4/f1010), error=Too many open files): pid=1194876: Wed Jul 26 10:40:38 2023
  write: IOPS=679, BW=340MiB/s (356MB/s)(506MiB/1487msec); 0 zone resets
    slat (usec): min=365, max=566564, avg=1041.56, stdev=17805.55
    clat (usec): min=104, max=144928, avg=108091.66, stdev=25516.58
     lat (usec): min=666, max=700331, avg=109133.92, stdev=31574.17
    clat percentiles (msec):
     |  1.00th=[   13],  5.00th=[   48], 10.00th=[   90], 20.00th=[   95],
     | 30.00th=[  106], 40.00th=[  108], 50.00th=[  112], 60.00th=[  115],
     | 70.00th=[  125], 80.00th=[  130], 90.00th=[  134], 95.00th=[  136],
     | 99.00th=[  142], 99.50th=[  144], 99.90th=[  144], 99.95th=[  146],
     | 99.99th=[  146]
   bw (  KiB/s): min=562176, max=562176, per=100.00%, avg=562176.00, stdev= 0.00, samples=1
   iops        : min= 1098, max= 1098, avg=1098.00, stdev= 0.00, samples=1
  lat (usec)   : 250=0.10%
  lat (msec)   : 4=0.10%, 10=0.49%, 20=1.19%, 50=3.36%, 100=18.40%
  lat (msec)   : 250=76.36%
  cpu          : usr=3.57%, sys=32.57%, ctx=2007, majf=0, minf=42
  IO depths    : 1=0.1%, 2=0.2%, 4=0.4%, 8=0.8%, 16=1.6%, 32=3.2%, >=64=93.8%
     submit    : 0=0.0%, 4=100.0%, 8=0.0%, 16=0.0%, 32=0.0%, 64=0.0%, >=64=0.0%
     complete  : 0=0.0%, 4=99.9%, 8=0.0%, 16=0.0%, 32=0.0%, 64=0.0%, >=64=0.1%
     issued rwts: total=0,1011,0,0 short=0,0,0,0 dropped=0,0,0,0
     latency   : target=0, window=0, percentile=100.00%, depth=128

Run status group 0 (all jobs):
  WRITE: bw=340MiB/s (356MB/s), 340MiB/s-340MiB/s (356MB/s-356MB/s), io=506MiB (530MB), run=1487-1487msec
