jobs1: (g=0): rw=randwrite, bs=(R) 128KiB-128KiB, (W) 128KiB-128KiB, (T) 128KiB-128KiB, ioengine=libaio, iodepth=128
...
fio-3.28
Starting 16 processes
jobs1: Laying out IO files (128 files / total 30720MiB)

jobs1: (groupid=0, jobs=16): err= 0: pid=831931: Wed Jul 26 03:01:21 2023
  write: IOPS=15.9k, BW=1986MiB/s (2083MB/s)(30.0GiB/15467msec); 0 zone resets
    slat (usec): min=34, max=159709, avg=61.70, stdev=576.07
    clat (nsec): min=1935, max=392194k, avg=7744643.12, stdev=3376643.90
     lat (usec): min=47, max=525839, avg=7806.43, stdev=3546.37
    clat percentiles (usec):
     |  1.00th=[ 5604],  5.00th=[ 5735], 10.00th=[ 5735], 20.00th=[ 5866],
     | 30.00th=[ 5932], 40.00th=[ 6063], 50.00th=[ 6587], 60.00th=[ 7439],
     | 70.00th=[ 7570], 80.00th=[ 9896], 90.00th=[10290], 95.00th=[14877],
     | 99.00th=[21103], 99.50th=[23200], 99.90th=[29230], 99.95th=[29492],
     | 99.99th=[66847]
   bw (  MiB/s): min=  398, max= 2512, per=100.00%, avg=2004.69, stdev=515.18, samples=30
   iops        : min= 3187, max=20096, avg=16037.37, stdev=4121.54, samples=30
  lat (usec)   : 2=0.01%, 50=0.01%, 100=0.01%, 250=0.01%, 500=0.01%
  lat (usec)   : 750=0.01%, 1000=0.01%
  lat (msec)   : 2=0.01%, 4=0.02%, 10=80.85%, 20=17.57%, 50=1.52%
  lat (msec)   : 100=0.02%, 250=0.01%, 500=0.01%
  cpu          : usr=7.34%, sys=81.88%, ctx=2176, majf=0, minf=40
  IO depths    : 1=0.1%, 2=0.1%, 4=0.1%, 8=0.1%, 16=0.1%, 32=0.1%, >=64=100.0%
     submit    : 0=0.0%, 4=100.0%, 8=0.0%, 16=0.0%, 32=0.0%, 64=0.0%, >=64=0.0%
     complete  : 0=0.0%, 4=100.0%, 8=0.0%, 16=0.0%, 32=0.0%, 64=0.0%, >=64=0.1%
     issued rwts: total=0,245760,0,0 short=0,0,0,0 dropped=0,0,0,0
     latency   : target=0, window=0, percentile=100.00%, depth=128

Run status group 0 (all jobs):
  WRITE: bw=1986MiB/s (2083MB/s), 1986MiB/s-1986MiB/s (2083MB/s-2083MB/s), io=30.0GiB (32.2GB), run=15467-15467msec
