jobs1: (g=0): rw=randread, bs=(R) 512KiB-512KiB, (W) 512KiB-512KiB, (T) 512KiB-512KiB, ioengine=libaio, iodepth=128
...
fio-3.28
Starting 16 processes
jobs1: Laying out IO file (1 file / 30720MiB)

jobs1: (groupid=0, jobs=16): err= 0: pid=198795: Tue Jul 25 20:41:32 2023
  read: IOPS=650, BW=325MiB/s (341MB/s)(30.0GiB/94389msec)
    slat (usec): min=982, max=2358, avg=1526.19, stdev=111.53
    clat (usec): min=6, max=255636, avg=194849.71, stdev=7725.67
     lat (usec): min=1442, max=257996, avg=196377.05, stdev=7756.44
    clat percentiles (msec):
     |  1.00th=[  188],  5.00th=[  188], 10.00th=[  190], 20.00th=[  190],
     | 30.00th=[  192], 40.00th=[  192], 50.00th=[  194], 60.00th=[  194],
     | 70.00th=[  197], 80.00th=[  199], 90.00th=[  205], 95.00th=[  209],
     | 99.00th=[  211], 99.50th=[  211], 99.90th=[  236], 99.95th=[  249],
     | 99.99th=[  255]
   bw (  KiB/s): min=199680, max=346112, per=99.90%, avg=332941.01, stdev=12672.61, samples=188
   iops        : min=  390, max=  676, avg=650.23, stdev=24.75, samples=188
  lat (usec)   : 10=0.01%
  lat (msec)   : 2=0.01%, 4=0.01%, 10=0.01%, 20=0.01%, 50=0.03%
  lat (msec)   : 100=0.05%, 250=99.85%, 500=0.05%
  cpu          : usr=0.78%, sys=33.40%, ctx=245877, majf=0, minf=16424
  IO depths    : 1=0.1%, 2=0.1%, 4=0.1%, 8=0.1%, 16=0.1%, 32=0.1%, >=64=99.9%
     submit    : 0=0.0%, 4=100.0%, 8=0.0%, 16=0.0%, 32=0.0%, 64=0.0%, >=64=0.0%
     complete  : 0=0.0%, 4=100.0%, 8=0.0%, 16=0.0%, 32=0.0%, 64=0.0%, >=64=0.1%
     issued rwts: total=61440,0,0,0 short=0,0,0,0 dropped=0,0,0,0
     latency   : target=0, window=0, percentile=100.00%, depth=128

Run status group 0 (all jobs):
   READ: bw=325MiB/s (341MB/s), 325MiB/s-325MiB/s (341MB/s-341MB/s), io=30.0GiB (32.2GB), run=94389-94389msec
