jobs1: (g=0): rw=randread, bs=(R) 4096B-4096B, (W) 4096B-4096B, (T) 4096B-4096B, ioengine=libaio, iodepth=128
fio-3.28
Starting 1 process
jobs1: Laying out IO file (1 file / 30720MiB)

jobs1: (groupid=0, jobs=1): err= 0: pid=156690: Tue Jul 25 18:10:31 2023
  read: IOPS=8114, BW=31.7MiB/s (33.2MB/s)(3804MiB/120001msec)
    slat (usec): min=29, max=385, avg=118.19, stdev=73.29
    clat (usec): min=12, max=28070, avg=15651.63, stdev=6598.57
     lat (usec): min=259, max=28326, avg=15770.45, stdev=6647.41
    clat percentiles (usec):
     |  1.00th=[ 4948],  5.00th=[ 4948], 10.00th=[ 5080], 20.00th=[ 6521],
     | 30.00th=[13173], 40.00th=[14877], 50.00th=[16909], 60.00th=[18744],
     | 70.00th=[20317], 80.00th=[21627], 90.00th=[23200], 95.00th=[25297],
     | 99.00th=[26608], 99.50th=[26870], 99.90th=[27395], 99.95th=[27395],
     | 99.99th=[27657]
   bw (  KiB/s): min=18880, max=101456, per=100.00%, avg=32503.03, stdev=18124.41, samples=239
   iops        : min= 4720, max=25364, avg=8125.75, stdev=4531.10, samples=239
  lat (usec)   : 20=0.01%, 500=0.01%, 750=0.01%, 1000=0.01%
  lat (msec)   : 2=0.01%, 4=0.01%, 10=22.81%, 20=45.26%, 50=31.93%
  cpu          : usr=4.08%, sys=17.71%, ctx=973810, majf=0, minf=138
  IO depths    : 1=0.1%, 2=0.1%, 4=0.1%, 8=0.1%, 16=0.1%, 32=0.1%, >=64=100.0%
     submit    : 0=0.0%, 4=100.0%, 8=0.0%, 16=0.0%, 32=0.0%, 64=0.0%, >=64=0.0%
     complete  : 0=0.0%, 4=100.0%, 8=0.0%, 16=0.0%, 32=0.0%, 64=0.0%, >=64=0.1%
     issued rwts: total=973768,0,0,0 short=0,0,0,0 dropped=0,0,0,0
     latency   : target=0, window=0, percentile=100.00%, depth=128

Run status group 0 (all jobs):
   READ: bw=31.7MiB/s (33.2MB/s), 31.7MiB/s-31.7MiB/s (33.2MB/s-33.2MB/s), io=3804MiB (3989MB), run=120001-120001msec
