jobs1: (g=0): rw=randwrite, bs=(R) 32.0KiB-32.0KiB, (W) 32.0KiB-32.0KiB, (T) 32.0KiB-32.0KiB, ioengine=libaio, iodepth=128
...
fio-3.28
Starting 16 processes
jobs1: Laying out IO files (1024 files / total 30720MiB)
fio: pid=1170767, err=24/file:filesetup.c:805, func=open(/tmp/ssfs/home/sevag/fuse_ext4/f1014), error=Too many open files

jobs1: (groupid=0, jobs=16): err=24 (file:filesetup.c:805, func=open(/tmp/ssfs/home/sevag/fuse_ext4/f1014), error=Too many open files): pid=1170767: Wed Jul 26 09:28:34 2023
  write: IOPS=1319, BW=41.2MiB/s (43.2MB/s)(31.7MiB/769msec); 0 zone resets
    slat (usec): min=29, max=92980, avg=484.88, stdev=4712.32
    clat (usec): min=87, max=516433, avg=38777.56, stdev=33654.82
     lat (usec): min=145, max=516515, avg=39263.03, stdev=36814.11
    clat percentiles (msec):
     |  1.00th=[    8],  5.00th=[   18], 10.00th=[   21], 20.00th=[   28],
     | 30.00th=[   32], 40.00th=[   34], 50.00th=[   35], 60.00th=[   40],
     | 70.00th=[   41], 80.00th=[   44], 90.00th=[   54], 95.00th=[   61],
     | 99.00th=[  105], 99.50th=[  305], 99.90th=[  518], 99.95th=[  518],
     | 99.99th=[  518]
   bw (  KiB/s): min=30802, max=30802, per=72.93%, avg=30802.00, stdev= 0.00, samples=1
   iops        : min=  962, max=  962, avg=962.00, stdev= 0.00, samples=1
  lat (usec)   : 100=0.10%
  lat (msec)   : 4=0.30%, 10=1.08%, 20=7.78%, 50=77.54%, 100=12.12%
  lat (msec)   : 250=0.39%, 500=0.49%, 750=0.20%
  cpu          : usr=2.99%, sys=8.85%, ctx=1102, majf=0, minf=46
  IO depths    : 1=0.1%, 2=0.2%, 4=0.4%, 8=0.8%, 16=1.6%, 32=3.2%, >=64=93.8%
     submit    : 0=0.0%, 4=100.0%, 8=0.0%, 16=0.0%, 32=0.0%, 64=0.0%, >=64=0.0%
     complete  : 0=0.0%, 4=99.9%, 8=0.0%, 16=0.0%, 32=0.0%, 64=0.0%, >=64=0.1%
     issued rwts: total=0,1015,0,0 short=0,0,0,0 dropped=0,0,0,0
     latency   : target=0, window=0, percentile=100.00%, depth=128

Run status group 0 (all jobs):
  WRITE: bw=41.2MiB/s (43.2MB/s), 41.2MiB/s-41.2MiB/s (43.2MB/s-43.2MB/s), io=31.7MiB (33.3MB), run=769-769msec
