jobs1: (g=0): rw=randwrite, bs=(R) 512KiB-512KiB, (W) 512KiB-512KiB, (T) 512KiB-512KiB, ioengine=libaio, iodepth=128
fio-3.28
Starting 1 process
jobs1: Laying out IO file (1 file / 30720MiB)

jobs1: (groupid=0, jobs=1): err= 0: pid=190552: Tue Jul 25 20:10:18 2023
  write: IOPS=3359, BW=1680MiB/s (1761MB/s)(30.0GiB/18291msec); 0 zone resets
    slat (usec): min=164, max=373890, avg=296.30, stdev=1623.34
    clat (usec): min=2, max=73358, avg=36984.09, stdev=9663.72
     lat (usec): min=190, max=431332, avg=37280.57, stdev=9845.87
    clat percentiles (usec):
     |  1.00th=[24511],  5.00th=[26084], 10.00th=[27919], 20.00th=[29754],
     | 30.00th=[30278], 40.00th=[30540], 50.00th=[34341], 60.00th=[38536],
     | 70.00th=[39584], 80.00th=[42730], 90.00th=[52691], 95.00th=[56361],
     | 99.00th=[66323], 99.50th=[68682], 99.90th=[71828], 99.95th=[72877],
     | 99.99th=[72877]
   bw (  MiB/s): min=  210, max= 2077, per=99.51%, avg=1671.22, stdev=414.96, samples=36
   iops        : min=  420, max= 4154, avg=3342.44, stdev=829.93, samples=36
  lat (usec)   : 4=0.01%, 250=0.01%, 500=0.01%, 750=0.01%, 1000=0.01%
  lat (msec)   : 2=0.01%, 4=0.02%, 10=0.05%, 20=0.07%, 50=87.24%
  lat (msec)   : 100=12.61%
  cpu          : usr=6.25%, sys=81.31%, ctx=209, majf=0, minf=12
  IO depths    : 1=0.1%, 2=0.1%, 4=0.1%, 8=0.1%, 16=0.1%, 32=0.1%, >=64=99.9%
     submit    : 0=0.0%, 4=100.0%, 8=0.0%, 16=0.0%, 32=0.0%, 64=0.0%, >=64=0.0%
     complete  : 0=0.0%, 4=100.0%, 8=0.0%, 16=0.0%, 32=0.0%, 64=0.0%, >=64=0.1%
     issued rwts: total=0,61440,0,0 short=0,0,0,0 dropped=0,0,0,0
     latency   : target=0, window=0, percentile=100.00%, depth=128

Run status group 0 (all jobs):
  WRITE: bw=1680MiB/s (1761MB/s), 1680MiB/s-1680MiB/s (1761MB/s-1761MB/s), io=30.0GiB (32.2GB), run=18291-18291msec
