jobs1: (g=0): rw=randwrite, bs=(R) 512KiB-512KiB, (W) 512KiB-512KiB, (T) 512KiB-512KiB, ioengine=libaio, iodepth=128
...
fio-3.28
Starting 16 processes
jobs1: Laying out IO files (512 files / total 30720MiB)

jobs1: (groupid=0, jobs=16): err= 0: pid=1146722: Wed Jul 26 08:03:01 2023
  write: IOPS=2966, BW=1483MiB/s (1555MB/s)(30.0GiB/20714msec); 0 zone resets
    slat (usec): min=167, max=255573, avg=332.13, stdev=1292.39
    clat (usec): min=2, max=125079, avg=42169.97, stdev=15286.29
     lat (usec): min=198, max=380655, avg=42502.35, stdev=15443.51
    clat percentiles (msec):
     |  1.00th=[   25],  5.00th=[   25], 10.00th=[   26], 20.00th=[   26],
     | 30.00th=[   27], 40.00th=[   35], 50.00th=[   40], 60.00th=[   51],
     | 70.00th=[   54], 80.00th=[   58], 90.00th=[   62], 95.00th=[   65],
     | 99.00th=[   72], 99.50th=[   83], 99.90th=[  104], 99.95th=[  124],
     | 99.99th=[  125]
   bw (  MiB/s): min=  294, max= 2261, per=100.00%, avg=1486.50, stdev=535.77, samples=41
   iops        : min=  589, max= 4522, avg=2972.90, stdev=1071.54, samples=41
  lat (usec)   : 4=0.01%, 250=0.01%, 500=0.01%, 750=0.01%, 1000=0.01%
  lat (msec)   : 2=0.01%, 4=0.02%, 10=0.04%, 20=0.07%, 50=59.56%
  lat (msec)   : 100=40.12%, 250=0.17%
  cpu          : usr=6.60%, sys=71.78%, ctx=10410, majf=0, minf=42
  IO depths    : 1=0.1%, 2=0.1%, 4=0.1%, 8=0.1%, 16=0.1%, 32=0.1%, >=64=99.9%
     submit    : 0=0.0%, 4=100.0%, 8=0.0%, 16=0.0%, 32=0.0%, 64=0.0%, >=64=0.0%
     complete  : 0=0.0%, 4=100.0%, 8=0.0%, 16=0.0%, 32=0.0%, 64=0.0%, >=64=0.1%
     issued rwts: total=0,61440,0,0 short=0,0,0,0 dropped=0,0,0,0
     latency   : target=0, window=0, percentile=100.00%, depth=128

Run status group 0 (all jobs):
  WRITE: bw=1483MiB/s (1555MB/s), 1483MiB/s-1483MiB/s (1555MB/s-1555MB/s), io=30.0GiB (32.2GB), run=20714-20714msec
