jobs1: (g=0): rw=randwrite, bs=(R) 512KiB-512KiB, (W) 512KiB-512KiB, (T) 512KiB-512KiB, ioengine=libaio, iodepth=128
...
fio-3.28
Starting 32 processes
jobs1: Laying out IO files (64 files / total 30720MiB)

jobs1: (groupid=0, jobs=32): err= 0: pid=518573: Wed Jul 26 00:00:24 2023
  write: IOPS=5820, BW=2910MiB/s (3052MB/s)(30.0GiB/10556msec); 0 zone resets
    slat (usec): min=143, max=1888, avg=170.55, stdev=39.94
    clat (usec): min=2, max=58438, avg=21740.78, stdev=4547.41
     lat (usec): min=153, max=58995, avg=21911.47, stdev=4584.23
    clat percentiles (usec):
     |  1.00th=[19792],  5.00th=[19792], 10.00th=[19792], 20.00th=[20055],
     | 30.00th=[20055], 40.00th=[20055], 50.00th=[20055], 60.00th=[20055],
     | 70.00th=[20055], 80.00th=[20055], 90.00th=[32900], 95.00th=[33162],
     | 99.00th=[33424], 99.50th=[33817], 99.90th=[34341], 99.95th=[40633],
     | 99.99th=[54789]
   bw (  MiB/s): min= 1676, max= 3182, per=99.82%, avg=2904.96, stdev=532.49, samples=21
   iops        : min= 3352, max= 6364, avg=5809.81, stdev=1064.97, samples=21
  lat (usec)   : 4=0.01%, 250=0.01%, 500=0.01%, 750=0.01%, 1000=0.01%
  lat (msec)   : 2=0.01%, 4=0.02%, 10=0.06%, 20=58.40%, 50=41.47%
  lat (msec)   : 100=0.02%
  cpu          : usr=9.40%, sys=90.60%, ctx=20, majf=0, minf=74
  IO depths    : 1=0.1%, 2=0.1%, 4=0.1%, 8=0.1%, 16=0.1%, 32=0.1%, >=64=99.9%
     submit    : 0=0.0%, 4=100.0%, 8=0.0%, 16=0.0%, 32=0.0%, 64=0.0%, >=64=0.0%
     complete  : 0=0.0%, 4=100.0%, 8=0.0%, 16=0.0%, 32=0.0%, 64=0.0%, >=64=0.1%
     issued rwts: total=0,61440,0,0 short=0,0,0,0 dropped=0,0,0,0
     latency   : target=0, window=0, percentile=100.00%, depth=128

Run status group 0 (all jobs):
  WRITE: bw=2910MiB/s (3052MB/s), 2910MiB/s-2910MiB/s (3052MB/s-3052MB/s), io=30.0GiB (32.2GB), run=10556-10556msec
