jobs1: (g=0): rw=randread, bs=(R) 128KiB-128KiB, (W) 128KiB-128KiB, (T) 128KiB-128KiB, ioengine=libaio, iodepth=128
...
fio-3.28
Starting 16 processes
jobs1: Laying out IO files (128 files / total 30720MiB)

jobs1: (groupid=0, jobs=16): err= 0: pid=849333: Wed Jul 26 03:34:24 2023
  read: IOPS=2531, BW=316MiB/s (332MB/s)(30.0GiB/97067msec)
    slat (usec): min=238, max=754, avg=386.71, stdev=40.97
    clat (usec): min=4, max=202981, avg=50125.40, stdev=3857.76
     lat (usec): min=363, max=203738, avg=50512.98, stdev=3870.44
    clat percentiles (msec):
     |  1.00th=[   46],  5.00th=[   47], 10.00th=[   47], 20.00th=[   47],
     | 30.00th=[   49], 40.00th=[   50], 50.00th=[   50], 60.00th=[   51],
     | 70.00th=[   52], 80.00th=[   53], 90.00th=[   55], 95.00th=[   56],
     | 99.00th=[   56], 99.50th=[   56], 99.90th=[   57], 99.95th=[   57],
     | 99.99th=[  194]
   bw (  KiB/s): min=187496, max=344576, per=100.00%, avg=324074.43, stdev=14007.83, samples=194
   iops        : min= 1464, max= 2692, avg=2531.78, stdev=109.49, samples=194
  lat (usec)   : 10=0.01%, 500=0.01%, 750=0.01%
  lat (msec)   : 2=0.01%, 4=0.01%, 10=0.01%, 20=0.01%, 50=53.07%
  lat (msec)   : 100=46.86%, 250=0.05%
  cpu          : usr=1.58%, sys=34.69%, ctx=246006, majf=2, minf=4138
  IO depths    : 1=0.1%, 2=0.1%, 4=0.1%, 8=0.1%, 16=0.1%, 32=0.1%, >=64=100.0%
     submit    : 0=0.0%, 4=100.0%, 8=0.0%, 16=0.0%, 32=0.0%, 64=0.0%, >=64=0.0%
     complete  : 0=0.0%, 4=100.0%, 8=0.0%, 16=0.0%, 32=0.0%, 64=0.0%, >=64=0.1%
     issued rwts: total=245760,0,0,0 short=0,0,0,0 dropped=0,0,0,0
     latency   : target=0, window=0, percentile=100.00%, depth=128

Run status group 0 (all jobs):
   READ: bw=316MiB/s (332MB/s), 316MiB/s-316MiB/s (332MB/s-332MB/s), io=30.0GiB (32.2GB), run=97067-97067msec
