jobs1: (g=0): rw=randwrite, bs=(R) 128KiB-128KiB, (W) 128KiB-128KiB, (T) 128KiB-128KiB, ioengine=libaio, iodepth=128
fio-3.28
Starting 1 process
jobs1: Laying out IO files (64 files / total 30720MiB)

jobs1: (groupid=0, jobs=1): err= 0: pid=494631: Tue Jul 25 23:04:43 2023
  write: IOPS=18.2k, BW=2276MiB/s (2386MB/s)(30.0GiB/13499msec); 0 zone resets
    slat (usec): min=35, max=159613, avg=54.03, stdev=418.63
    clat (usec): min=2, max=245290, avg=6804.32, stdev=2263.12
     lat (usec): min=51, max=351308, avg=6858.43, stdev=2377.50
    clat percentiles (usec):
     |  1.00th=[ 5669],  5.00th=[ 5735], 10.00th=[ 5800], 20.00th=[ 5866],
     | 30.00th=[ 5866], 40.00th=[ 5932], 50.00th=[ 5997], 60.00th=[ 6063],
     | 70.00th=[ 6194], 80.00th=[ 6587], 90.00th=[10290], 95.00th=[10421],
     | 99.00th=[17171], 99.50th=[18744], 99.90th=[23200], 99.95th=[26870],
     | 99.99th=[40109]
   bw (  MiB/s): min=  423, max= 2619, per=99.80%, avg=2271.10, stdev=551.11, samples=26
   iops        : min= 3384, max=20956, avg=18168.77, stdev=4408.84, samples=26
  lat (usec)   : 4=0.01%, 100=0.01%, 250=0.01%, 500=0.01%, 750=0.01%
  lat (usec)   : 1000=0.01%
  lat (msec)   : 2=0.01%, 4=0.02%, 10=86.24%, 20=13.31%, 50=0.42%
  lat (msec)   : 100=0.01%, 250=0.01%
  cpu          : usr=7.42%, sys=86.89%, ctx=961, majf=0, minf=13
  IO depths    : 1=0.1%, 2=0.1%, 4=0.1%, 8=0.1%, 16=0.1%, 32=0.1%, >=64=100.0%
     submit    : 0=0.0%, 4=100.0%, 8=0.0%, 16=0.0%, 32=0.0%, 64=0.0%, >=64=0.0%
     complete  : 0=0.0%, 4=100.0%, 8=0.0%, 16=0.0%, 32=0.0%, 64=0.0%, >=64=0.1%
     issued rwts: total=0,245760,0,0 short=0,0,0,0 dropped=0,0,0,0
     latency   : target=0, window=0, percentile=100.00%, depth=128

Run status group 0 (all jobs):
  WRITE: bw=2276MiB/s (2386MB/s), 2276MiB/s-2276MiB/s (2386MB/s-2386MB/s), io=30.0GiB (32.2GB), run=13499-13499msec
