jobs1: (g=0): rw=randread, bs=(R) 512KiB-512KiB, (W) 512KiB-512KiB, (T) 512KiB-512KiB, ioengine=libaio, iodepth=128
...
fio-3.28
Starting 16 processes
jobs1: Laying out IO file (1 file / 30720MiB)

jobs1: (groupid=0, jobs=16): err= 0: pid=198393: Tue Jul 25 20:37:30 2023
  read: IOPS=1994, BW=997MiB/s (1046MB/s)(30.0GiB/30807msec)
    slat (usec): min=366, max=1856, avg=498.86, stdev=102.70
    clat (usec): min=3, max=116683, avg=63544.13, stdev=12816.99
     lat (usec): min=512, max=118542, avg=64043.36, stdev=12916.13
    clat percentiles (msec):
     |  1.00th=[   50],  5.00th=[   50], 10.00th=[   50], 20.00th=[   50],
     | 30.00th=[   50], 40.00th=[   50], 50.00th=[   72], 60.00th=[   73],
     | 70.00th=[   73], 80.00th=[   73], 90.00th=[   74], 95.00th=[   78],
     | 99.00th=[   91], 99.50th=[   92], 99.90th=[   95], 99.95th=[   97],
     | 99.99th=[  112]
   bw (  KiB/s): min=568253, max=1327104, per=99.91%, avg=1020206.34, stdev=212054.35, samples=61
   iops        : min= 1109, max= 2592, avg=1992.52, stdev=414.21, samples=61
  lat (usec)   : 4=0.01%, 750=0.01%
  lat (msec)   : 2=0.01%, 4=0.01%, 10=0.02%, 20=0.03%, 50=40.24%
  lat (msec)   : 100=59.66%, 250=0.04%
  cpu          : usr=0.49%, sys=58.04%, ctx=245791, majf=0, minf=16430
  IO depths    : 1=0.1%, 2=0.1%, 4=0.1%, 8=0.1%, 16=0.1%, 32=0.1%, >=64=99.9%
     submit    : 0=0.0%, 4=100.0%, 8=0.0%, 16=0.0%, 32=0.0%, 64=0.0%, >=64=0.0%
     complete  : 0=0.0%, 4=100.0%, 8=0.0%, 16=0.0%, 32=0.0%, 64=0.0%, >=64=0.1%
     issued rwts: total=61440,0,0,0 short=0,0,0,0 dropped=0,0,0,0
     latency   : target=0, window=0, percentile=100.00%, depth=128

Run status group 0 (all jobs):
   READ: bw=997MiB/s (1046MB/s), 997MiB/s-997MiB/s (1046MB/s-1046MB/s), io=30.0GiB (32.2GB), run=30807-30807msec
