jobs1: (g=0): rw=randwrite, bs=(R) 512KiB-512KiB, (W) 512KiB-512KiB, (T) 512KiB-512KiB, ioengine=libaio, iodepth=128
...
fio-3.28
Starting 16 processes
jobs1: Laying out IO files (64 files / total 30720MiB)

jobs1: (groupid=0, jobs=16): err= 0: pid=516358: Tue Jul 25 23:56:22 2023
  write: IOPS=4320, BW=2160MiB/s (2265MB/s)(30.0GiB/14219msec); 0 zone resets
    slat (usec): min=165, max=541973, avg=229.58, stdev=2205.78
    clat (usec): min=2, max=87052, avg=28166.65, stdev=6885.48
     lat (usec): min=193, max=629028, avg=28396.37, stdev=7338.93
    clat percentiles (usec):
     |  1.00th=[23987],  5.00th=[24249], 10.00th=[24249], 20.00th=[24249],
     | 30.00th=[24511], 40.00th=[24511], 50.00th=[24511], 60.00th=[24773],
     | 70.00th=[25297], 80.00th=[35390], 90.00th=[40633], 95.00th=[40633],
     | 99.00th=[47973], 99.50th=[50594], 99.90th=[58983], 99.95th=[74974],
     | 99.99th=[83362]
   bw (  MiB/s): min= 1107, max= 2595, per=100.00%, avg=2233.48, stdev=447.61, samples=27
   iops        : min= 2214, max= 5190, avg=4466.96, stdev=895.32, samples=27
  lat (usec)   : 4=0.01%, 250=0.01%, 500=0.01%, 750=0.01%, 1000=0.01%
  lat (msec)   : 2=0.01%, 4=0.02%, 10=0.05%, 20=0.08%, 50=99.24%
  lat (msec)   : 100=0.59%
  cpu          : usr=8.91%, sys=83.69%, ctx=1040, majf=0, minf=46
  IO depths    : 1=0.1%, 2=0.1%, 4=0.1%, 8=0.1%, 16=0.1%, 32=0.1%, >=64=99.9%
     submit    : 0=0.0%, 4=100.0%, 8=0.0%, 16=0.0%, 32=0.0%, 64=0.0%, >=64=0.0%
     complete  : 0=0.0%, 4=100.0%, 8=0.0%, 16=0.0%, 32=0.0%, 64=0.0%, >=64=0.1%
     issued rwts: total=0,61440,0,0 short=0,0,0,0 dropped=0,0,0,0
     latency   : target=0, window=0, percentile=100.00%, depth=128

Run status group 0 (all jobs):
  WRITE: bw=2160MiB/s (2265MB/s), 2160MiB/s-2160MiB/s (2265MB/s-2265MB/s), io=30.0GiB (32.2GB), run=14219-14219msec
