jobs1: (g=0): rw=randwrite, bs=(R) 32.0KiB-32.0KiB, (W) 32.0KiB-32.0KiB, (T) 32.0KiB-32.0KiB, ioengine=libaio, iodepth=128
fio-3.28
Starting 1 process
jobs1: Laying out IO files (128 files / total 30720MiB)

jobs1: (groupid=0, jobs=1): err= 0: pid=801627: Wed Jul 26 02:01:55 2023
  write: IOPS=61.9k, BW=1934MiB/s (2028MB/s)(30.0GiB/15883msec); 0 zone resets
    slat (usec): min=8, max=129625, avg=15.34, stdev=266.34
    clat (nsec): min=1574, max=899399k, avg=1949758.01, stdev=3151213.34
     lat (usec): min=13, max=899477, avg=1965.18, stdev=3281.59
    clat percentiles (usec):
     |  1.00th=[ 1336],  5.00th=[ 1352], 10.00th=[ 1369], 20.00th=[ 1401],
     | 30.00th=[ 1434], 40.00th=[ 1483], 50.00th=[ 1549], 60.00th=[ 1647],
     | 70.00th=[ 1762], 80.00th=[ 1893], 90.00th=[ 2024], 95.00th=[ 2507],
     | 99.00th=[12387], 99.50th=[13042], 99.90th=[17433], 99.95th=[21103],
     | 99.99th=[31589]
   bw (  MiB/s): min=  357, max= 2237, per=100.00%, avg=1993.72, stdev=373.63, samples=30
   iops        : min=11444, max=71612, avg=63799.00, stdev=11956.13, samples=30
  lat (usec)   : 2=0.01%, 20=0.01%, 50=0.01%, 100=0.01%, 250=0.01%
  lat (usec)   : 500=0.01%, 750=0.01%, 1000=0.01%
  lat (msec)   : 2=89.01%, 4=8.08%, 10=0.34%, 20=2.49%, 50=0.07%
  lat (msec)   : 100=0.01%, 250=0.01%, 500=0.01%, 750=0.01%, 1000=0.01%
  cpu          : usr=6.70%, sys=73.15%, ctx=2313, majf=0, minf=14
  IO depths    : 1=0.1%, 2=0.1%, 4=0.1%, 8=0.1%, 16=0.1%, 32=0.1%, >=64=100.0%
     submit    : 0=0.0%, 4=100.0%, 8=0.0%, 16=0.0%, 32=0.0%, 64=0.0%, >=64=0.0%
     complete  : 0=0.0%, 4=100.0%, 8=0.0%, 16=0.0%, 32=0.0%, 64=0.0%, >=64=0.1%
     issued rwts: total=0,983040,0,0 short=0,0,0,0 dropped=0,0,0,0
     latency   : target=0, window=0, percentile=100.00%, depth=128

Run status group 0 (all jobs):
  WRITE: bw=1934MiB/s (2028MB/s), 1934MiB/s-1934MiB/s (2028MB/s-2028MB/s), io=30.0GiB (32.2GB), run=15883-15883msec
