jobs1: (g=0): rw=randread, bs=(R) 512KiB-512KiB, (W) 512KiB-512KiB, (T) 512KiB-512KiB, ioengine=libaio, iodepth=128
fio-3.28
Starting 1 process
jobs1: Laying out IO files (512 files / total 30720MiB)

jobs1: (groupid=0, jobs=1): err= 0: pid=1151930: Wed Jul 26 08:30:06 2023
  read: IOPS=650, BW=325MiB/s (341MB/s)(30.0GiB/94384msec)
    slat (usec): min=1074, max=2665, avg=1521.01, stdev=124.70
    clat (usec): min=13, max=308072, avg=194785.43, stdev=9097.86
     lat (usec): min=1648, max=310739, avg=196307.78, stdev=9129.33
    clat percentiles (msec):
     |  1.00th=[  182],  5.00th=[  186], 10.00th=[  188], 20.00th=[  190],
     | 30.00th=[  192], 40.00th=[  194], 50.00th=[  194], 60.00th=[  197],
     | 70.00th=[  199], 80.00th=[  201], 90.00th=[  203], 95.00th=[  203],
     | 99.00th=[  205], 99.50th=[  241], 99.90th=[  271], 99.95th=[  296],
     | 99.99th=[  305]
   bw (  KiB/s): min=106496, max=358400, per=99.83%, avg=332729.19, stdev=19317.91, samples=188
   iops        : min=  208, max=  700, avg=649.86, stdev=37.73, samples=188
  lat (usec)   : 20=0.01%
  lat (msec)   : 2=0.01%, 4=0.01%, 10=0.01%, 20=0.01%, 50=0.03%
  lat (msec)   : 100=0.05%, 250=99.67%, 500=0.22%
  cpu          : usr=0.51%, sys=34.27%, ctx=246425, majf=0, minf=16397
  IO depths    : 1=0.1%, 2=0.1%, 4=0.1%, 8=0.1%, 16=0.1%, 32=0.1%, >=64=99.9%
     submit    : 0=0.0%, 4=100.0%, 8=0.0%, 16=0.0%, 32=0.0%, 64=0.0%, >=64=0.0%
     complete  : 0=0.0%, 4=100.0%, 8=0.0%, 16=0.0%, 32=0.0%, 64=0.0%, >=64=0.1%
     issued rwts: total=61440,0,0,0 short=0,0,0,0 dropped=0,0,0,0
     latency   : target=0, window=0, percentile=100.00%, depth=128

Run status group 0 (all jobs):
   READ: bw=325MiB/s (341MB/s), 325MiB/s-325MiB/s (341MB/s-341MB/s), io=30.0GiB (32.2GB), run=94384-94384msec
