jobs1: (g=0): rw=randread, bs=(R) 128KiB-128KiB, (W) 128KiB-128KiB, (T) 128KiB-128KiB, ioengine=libaio, iodepth=128
fio-3.28
Starting 1 process
jobs1: Laying out IO file (1 file / 30720MiB)

jobs1: (groupid=0, jobs=1): err= 0: pid=185517: Tue Jul 25 19:51:30 2023
  read: IOPS=54.4k, BW=6802MiB/s (7133MB/s)(30.0GiB/4516msec)
    slat (usec): min=14, max=186, avg=17.76, stdev= 3.71
    clat (nsec): min=1126, max=17257k, avg=2328685.21, stdev=380876.09
     lat (usec): min=17, max=17444, avg=2346.49, stdev=384.30
    clat percentiles (usec):
     |  1.00th=[ 2114],  5.00th=[ 2114], 10.00th=[ 2147], 20.00th=[ 2147],
     | 30.00th=[ 2147], 40.00th=[ 2147], 50.00th=[ 2147], 60.00th=[ 2147],
     | 70.00th=[ 2147], 80.00th=[ 2868], 90.00th=[ 2900], 95.00th=[ 2900],
     | 99.00th=[ 2900], 99.50th=[ 2900], 99.90th=[ 3425], 99.95th=[ 4555],
     | 99.99th=[14353]
   bw (  MiB/s): min= 5290, max= 7433, per=99.99%, avg=6801.86, stdev=942.07, samples=9
   iops        : min=42324, max=59466, avg=54414.89, stdev=7536.57, samples=9
  lat (usec)   : 2=0.01%, 20=0.01%, 50=0.01%, 100=0.01%, 250=0.01%
  lat (usec)   : 500=0.01%, 750=0.01%, 1000=0.01%
  lat (msec)   : 2=0.02%, 4=99.89%, 10=0.03%, 20=0.02%
  cpu          : usr=2.64%, sys=97.32%, ctx=5, majf=0, minf=4107
  IO depths    : 1=0.1%, 2=0.1%, 4=0.1%, 8=0.1%, 16=0.1%, 32=0.1%, >=64=100.0%
     submit    : 0=0.0%, 4=100.0%, 8=0.0%, 16=0.0%, 32=0.0%, 64=0.0%, >=64=0.0%
     complete  : 0=0.0%, 4=100.0%, 8=0.0%, 16=0.0%, 32=0.0%, 64=0.0%, >=64=0.1%
     issued rwts: total=245760,0,0,0 short=0,0,0,0 dropped=0,0,0,0
     latency   : target=0, window=0, percentile=100.00%, depth=128

Run status group 0 (all jobs):
   READ: bw=6802MiB/s (7133MB/s), 6802MiB/s-6802MiB/s (7133MB/s-7133MB/s), io=30.0GiB (32.2GB), run=4516-4516msec
