jobs1: (g=0): rw=randwrite, bs=(R) 4096B-4096B, (W) 4096B-4096B, (T) 4096B-4096B, ioengine=libaio, iodepth=128
fio-3.28
Starting 1 process
jobs1: Laying out IO files (512 files / total 30720MiB)

jobs1: (groupid=0, jobs=1): err= 0: pid=904207: Wed Jul 26 04:47:15 2023
  write: IOPS=184k, BW=719MiB/s (753MB/s)(30.0GiB/42751msec); 0 zone resets
    slat (usec): min=2, max=134234, avg= 4.42, stdev=108.91
    clat (usec): min=2, max=236968, avg=688.68, stdev=1285.98
     lat (usec): min=5, max=237005, avg=693.20, stdev=1292.72
    clat percentiles (usec):
     |  1.00th=[  478],  5.00th=[  486], 10.00th=[  498], 20.00th=[  570],
     | 30.00th=[  578], 40.00th=[  586], 50.00th=[  586], 60.00th=[  594],
     | 70.00th=[  594], 80.00th=[  603], 90.00th=[  619], 95.00th=[  660],
     | 99.00th=[ 1565], 99.50th=[13304], 99.90th=[15926], 99.95th=[18482],
     | 99.99th=[21890]
   bw (  KiB/s): min=253264, max=915944, per=99.98%, avg=735654.21, stdev=87145.14, samples=85
   iops        : min=63316, max=228986, avg=183913.65, stdev=21786.33, samples=85
  lat (usec)   : 4=0.01%, 10=0.01%, 20=0.01%, 50=0.01%, 100=0.01%
  lat (usec)   : 250=0.01%, 500=11.26%, 750=85.74%, 1000=1.16%
  lat (msec)   : 2=0.94%, 4=0.16%, 10=0.11%, 20=0.61%, 50=0.02%
  lat (msec)   : 100=0.01%, 250=0.01%
  cpu          : usr=19.52%, sys=65.70%, ctx=22479, majf=0, minf=12
  IO depths    : 1=0.1%, 2=0.1%, 4=0.1%, 8=0.1%, 16=0.1%, 32=0.1%, >=64=100.0%
     submit    : 0=0.0%, 4=100.0%, 8=0.0%, 16=0.0%, 32=0.0%, 64=0.0%, >=64=0.0%
     complete  : 0=0.0%, 4=100.0%, 8=0.0%, 16=0.0%, 32=0.0%, 64=0.0%, >=64=0.1%
     issued rwts: total=0,7864320,0,0 short=0,0,0,0 dropped=0,0,0,0
     latency   : target=0, window=0, percentile=100.00%, depth=128

Run status group 0 (all jobs):
  WRITE: bw=719MiB/s (753MB/s), 719MiB/s-719MiB/s (753MB/s-753MB/s), io=30.0GiB (32.2GB), run=42751-42751msec
