jobs1: (g=0): rw=randread, bs=(R) 32.0KiB-32.0KiB, (W) 32.0KiB-32.0KiB, (T) 32.0KiB-32.0KiB, ioengine=libaio, iodepth=128
fio-3.28
Starting 1 process
jobs1: Laying out IO files (512 files / total 30720MiB)

jobs1: (groupid=0, jobs=1): err= 0: pid=1127755: Wed Jul 26 06:33:09 2023
  read: IOPS=4760, BW=149MiB/s (156MB/s)(17.4GiB/120001msec)
    slat (usec): min=75, max=435, avg=203.19, stdev=63.24
    clat (usec): min=13, max=78846, avg=26670.05, stdev=3299.24
     lat (usec): min=293, max=79176, avg=26874.01, stdev=3316.36
    clat percentiles (usec):
     |  1.00th=[19530],  5.00th=[21627], 10.00th=[22676], 20.00th=[23987],
     | 30.00th=[24773], 40.00th=[25560], 50.00th=[26608], 60.00th=[27395],
     | 70.00th=[28443], 80.00th=[29754], 90.00th=[31065], 95.00th=[31851],
     | 99.00th=[32375], 99.50th=[32637], 99.90th=[33424], 99.95th=[54264],
     | 99.99th=[70779]
   bw (  KiB/s): min=102848, max=178880, per=99.99%, avg=152335.94, stdev=11766.31, samples=239
   iops        : min= 3214, max= 5590, avg=4760.46, stdev=367.69, samples=239
  lat (usec)   : 20=0.01%, 500=0.01%, 750=0.01%, 1000=0.01%
  lat (msec)   : 2=0.01%, 4=0.01%, 10=0.01%, 20=1.45%, 50=98.47%
  lat (msec)   : 100=0.07%
  cpu          : usr=2.15%, sys=25.01%, ctx=571960, majf=0, minf=1036
  IO depths    : 1=0.1%, 2=0.1%, 4=0.1%, 8=0.1%, 16=0.1%, 32=0.1%, >=64=100.0%
     submit    : 0=0.0%, 4=100.0%, 8=0.0%, 16=0.0%, 32=0.0%, 64=0.0%, >=64=0.0%
     complete  : 0=0.0%, 4=100.0%, 8=0.0%, 16=0.0%, 32=0.0%, 64=0.0%, >=64=0.1%
     issued rwts: total=571313,0,0,0 short=0,0,0,0 dropped=0,0,0,0
     latency   : target=0, window=0, percentile=100.00%, depth=128

Run status group 0 (all jobs):
   READ: bw=149MiB/s (156MB/s), 149MiB/s-149MiB/s (156MB/s-156MB/s), io=17.4GiB (18.7GB), run=120001-120001msec
