jobs1: (g=0): rw=randwrite, bs=(R) 32.0KiB-32.0KiB, (W) 32.0KiB-32.0KiB, (T) 32.0KiB-32.0KiB, ioengine=libaio, iodepth=128
...
fio-3.28
Starting 32 processes
jobs1: Laying out IO files (128 files / total 30720MiB)

jobs1: (groupid=0, jobs=32): err= 0: pid=807064: Wed Jul 26 02:06:50 2023
  write: IOPS=44.5k, BW=1392MiB/s (1459MB/s)(30.0GiB/22074msec); 0 zone resets
    slat (usec): min=8, max=126570, avg=21.46, stdev=279.37
    clat (nsec): min=1935, max=221209k, avg=2824736.14, stdev=2665865.01
     lat (usec): min=16, max=221295, avg=2846.31, stdev=2684.42
    clat percentiles (usec):
     |  1.00th=[ 1418],  5.00th=[ 1516], 10.00th=[ 1598], 20.00th=[ 1745],
     | 30.00th=[ 1893], 40.00th=[ 1975], 50.00th=[ 2073], 60.00th=[ 2180],
     | 70.00th=[ 2442], 80.00th=[ 2540], 90.00th=[ 3687], 95.00th=[11076],
     | 99.00th=[13566], 99.50th=[14615], 99.90th=[17433], 99.95th=[17695],
     | 99.99th=[25560]
   bw (  MiB/s): min=  942, max= 1900, per=99.91%, avg=1390.49, stdev=195.89, samples=43
   iops        : min=30175, max=60812, avg=44495.77, stdev=6268.66, samples=43
  lat (usec)   : 2=0.01%, 20=0.01%, 50=0.01%, 100=0.01%, 250=0.01%
  lat (usec)   : 500=0.01%, 750=0.01%, 1000=0.01%
  lat (msec)   : 2=42.87%, 4=50.34%, 10=0.41%, 20=6.35%, 50=0.03%
  lat (msec)   : 100=0.01%, 250=0.01%
  cpu          : usr=6.71%, sys=67.82%, ctx=1487, majf=0, minf=95
  IO depths    : 1=0.1%, 2=0.1%, 4=0.1%, 8=0.1%, 16=0.1%, 32=0.1%, >=64=100.0%
     submit    : 0=0.0%, 4=100.0%, 8=0.0%, 16=0.0%, 32=0.0%, 64=0.0%, >=64=0.0%
     complete  : 0=0.0%, 4=100.0%, 8=0.0%, 16=0.0%, 32=0.0%, 64=0.0%, >=64=0.1%
     issued rwts: total=0,983040,0,0 short=0,0,0,0 dropped=0,0,0,0
     latency   : target=0, window=0, percentile=100.00%, depth=128

Run status group 0 (all jobs):
  WRITE: bw=1392MiB/s (1459MB/s), 1392MiB/s-1392MiB/s (1459MB/s-1459MB/s), io=30.0GiB (32.2GB), run=22074-22074msec
