jobs1: (g=0): rw=randwrite, bs=(R) 512KiB-512KiB, (W) 512KiB-512KiB, (T) 512KiB-512KiB, ioengine=libaio, iodepth=128
fio-3.28
Starting 1 process
jobs1: Laying out IO file (1 file / 30720MiB)

jobs1: (groupid=0, jobs=1): err= 0: pid=191144: Tue Jul 25 20:11:41 2023
  write: IOPS=6298, BW=3149MiB/s (3302MB/s)(30.0GiB/9755msec); 0 zone resets
    slat (usec): min=141, max=224, avg=157.74, stdev= 5.65
    clat (usec): min=2, max=25895, avg=20136.96, stdev=604.98
     lat (usec): min=153, max=26096, avg=20294.83, stdev=606.27
    clat percentiles (usec):
     |  1.00th=[20055],  5.00th=[20055], 10.00th=[20055], 20.00th=[20055],
     | 30.00th=[20055], 40.00th=[20055], 50.00th=[20055], 60.00th=[20055],
     | 70.00th=[20055], 80.00th=[20055], 90.00th=[20317], 95.00th=[20317],
     | 99.00th=[21103], 99.50th=[21890], 99.90th=[24773], 99.95th=[25297],
     | 99.99th=[25822]
   bw (  MiB/s): min= 2927, max= 3160, per=99.83%, avg=3143.74, stdev=52.58, samples=19
   iops        : min= 5854, max= 6320, avg=6287.47, stdev=105.16, samples=19
  lat (usec)   : 4=0.01%, 250=0.01%, 500=0.01%, 750=0.01%, 1000=0.01%
  lat (msec)   : 2=0.01%, 4=0.02%, 10=0.06%, 20=1.42%, 50=98.48%
  cpu          : usr=10.66%, sys=89.31%, ctx=16, majf=0, minf=13
  IO depths    : 1=0.1%, 2=0.1%, 4=0.1%, 8=0.1%, 16=0.1%, 32=0.1%, >=64=99.9%
     submit    : 0=0.0%, 4=100.0%, 8=0.0%, 16=0.0%, 32=0.0%, 64=0.0%, >=64=0.0%
     complete  : 0=0.0%, 4=100.0%, 8=0.0%, 16=0.0%, 32=0.0%, 64=0.0%, >=64=0.1%
     issued rwts: total=0,61440,0,0 short=0,0,0,0 dropped=0,0,0,0
     latency   : target=0, window=0, percentile=100.00%, depth=128

Run status group 0 (all jobs):
  WRITE: bw=3149MiB/s (3302MB/s), 3149MiB/s-3149MiB/s (3302MB/s-3302MB/s), io=30.0GiB (32.2GB), run=9755-9755msec
