jobs1: (g=0): rw=randwrite, bs=(R) 512KiB-512KiB, (W) 512KiB-512KiB, (T) 512KiB-512KiB, ioengine=libaio, iodepth=128
...
fio-3.28
Starting 16 processes
jobs1: Laying out IO files (128 files / total 30720MiB)

jobs1: (groupid=0, jobs=16): err= 0: pid=856843: Wed Jul 26 03:53:17 2023
  write: IOPS=3770, BW=1885MiB/s (1977MB/s)(30.0GiB/16297msec); 0 zone resets
    slat (usec): min=159, max=636568, avg=262.50, stdev=2601.19
    clat (nsec): min=1978, max=129096k, avg=32246528.02, stdev=9288264.99
     lat (usec): min=193, max=765666, avg=32509.20, stdev=9794.46
    clat percentiles (msec):
     |  1.00th=[   25],  5.00th=[   25], 10.00th=[   25], 20.00th=[   25],
     | 30.00th=[   25], 40.00th=[   26], 50.00th=[   29], 60.00th=[   33],
     | 70.00th=[   39], 80.00th=[   41], 90.00th=[   42], 95.00th=[   50],
     | 99.00th=[   59], 99.50th=[   62], 99.90th=[   90], 99.95th=[  122],
     | 99.99th=[  127]
   bw (  MiB/s): min= 1140, max= 2503, per=100.00%, avg=1958.09, stdev=444.45, samples=31
   iops        : min= 2280, max= 5006, avg=3916.10, stdev=888.95, samples=31
  lat (usec)   : 2=0.01%, 250=0.01%, 500=0.01%, 750=0.01%, 1000=0.01%
  lat (msec)   : 2=0.01%, 4=0.02%, 10=0.05%, 20=0.08%, 50=95.01%
  lat (msec)   : 100=4.73%, 250=0.09%
  cpu          : usr=8.38%, sys=80.90%, ctx=2302, majf=0, minf=46
  IO depths    : 1=0.1%, 2=0.1%, 4=0.1%, 8=0.1%, 16=0.1%, 32=0.1%, >=64=99.9%
     submit    : 0=0.0%, 4=100.0%, 8=0.0%, 16=0.0%, 32=0.0%, 64=0.0%, >=64=0.0%
     complete  : 0=0.0%, 4=100.0%, 8=0.0%, 16=0.0%, 32=0.0%, 64=0.0%, >=64=0.1%
     issued rwts: total=0,61440,0,0 short=0,0,0,0 dropped=0,0,0,0
     latency   : target=0, window=0, percentile=100.00%, depth=128

Run status group 0 (all jobs):
  WRITE: bw=1885MiB/s (1977MB/s), 1885MiB/s-1885MiB/s (1977MB/s-1977MB/s), io=30.0GiB (32.2GB), run=16297-16297msec
