jobs1: (g=0): rw=randwrite, bs=(R) 4096B-4096B, (W) 4096B-4096B, (T) 4096B-4096B, ioengine=libaio, iodepth=128
fio-3.28
Starting 1 process
jobs1: Laying out IO files (1024 files / total 30720MiB)
fio: pid=1157890, err=24/file:filesetup.c:805, func=open(/home/sevag/ramdisk//f1018), error=Too many open files

jobs1: (groupid=0, jobs=1): err=24 (file:filesetup.c:805, func=open(/home/sevag/ramdisk//f1018), error=Too many open files): pid=1157890: Wed Jul 26 08:50:15 2023
  write: IOPS=56.6k, BW=221MiB/s (232MB/s)(4076KiB/18msec); 0 zone resets
    slat (nsec): min=4987, max=32127, avg=6866.34, stdev=1949.08
    clat (usec): min=63, max=2357, avg=2024.17, stdev=385.33
     lat (usec): min=70, max=2363, avg=2031.27, stdev=385.52
    clat percentiles (usec):
     |  1.00th=[  318],  5.00th=[ 1004], 10.00th=[ 1926], 20.00th=[ 2008],
     | 30.00th=[ 2040], 40.00th=[ 2089], 50.00th=[ 2114], 60.00th=[ 2180],
     | 70.00th=[ 2212], 80.00th=[ 2245], 90.00th=[ 2245], 95.00th=[ 2278],
     | 99.00th=[ 2278], 99.50th=[ 2278], 99.90th=[ 2343], 99.95th=[ 2343],
     | 99.99th=[ 2343]
  lat (usec)   : 100=0.10%, 250=0.39%, 500=1.77%, 750=1.37%, 1000=1.28%
  lat (msec)   : 2=13.35%, 4=81.75%
  cpu          : usr=23.53%, sys=64.71%, ctx=0, majf=0, minf=17
  IO depths    : 1=0.1%, 2=0.2%, 4=0.4%, 8=0.8%, 16=1.6%, 32=3.1%, >=64=93.8%
     submit    : 0=0.0%, 4=100.0%, 8=0.0%, 16=0.0%, 32=0.0%, 64=0.0%, >=64=0.0%
     complete  : 0=0.0%, 4=99.9%, 8=0.0%, 16=0.0%, 32=0.0%, 64=0.0%, >=64=0.1%
     issued rwts: total=0,1019,0,0 short=0,0,0,0 dropped=0,0,0,0
     latency   : target=0, window=0, percentile=100.00%, depth=128

Run status group 0 (all jobs):
  WRITE: bw=221MiB/s (232MB/s), 221MiB/s-221MiB/s (232MB/s-232MB/s), io=4076KiB (4174kB), run=18-18msec
