jobs1: (g=0): rw=randread, bs=(R) 512KiB-512KiB, (W) 512KiB-512KiB, (T) 512KiB-512KiB, ioengine=libaio, iodepth=128
...
fio-3.28
Starting 16 processes
jobs1: Laying out IO file (1 file / 30720MiB)

jobs1: (groupid=0, jobs=16): err= 0: pid=199413: Tue Jul 25 20:44:46 2023
  read: IOPS=11.3k, BW=5645MiB/s (5919MB/s)(30.0GiB/5442msec)
    slat (usec): min=73, max=633, avg=87.63, stdev=19.53
    clat (nsec): min=1720, max=49534k, avg=11189228.95, stdev=1908081.18
     lat (usec): min=80, max=50176, avg=11276.92, stdev=1926.18
    clat percentiles (usec):
     |  1.00th=[10290],  5.00th=[10290], 10.00th=[10290], 20.00th=[10290],
     | 30.00th=[10290], 40.00th=[10421], 50.00th=[10421], 60.00th=[10421],
     | 70.00th=[10421], 80.00th=[11207], 90.00th=[14353], 95.00th=[14353],
     | 99.00th=[15664], 99.50th=[15795], 99.90th=[28181], 99.95th=[36963],
     | 99.99th=[46924]
   bw (  MiB/s): min= 3916, max= 6140, per=99.71%, avg=5628.72, stdev=849.53, samples=10
   iops        : min= 7832, max=12280, avg=11257.40, stdev=1699.17, samples=10
  lat (usec)   : 2=0.01%, 100=0.01%, 250=0.01%, 500=0.01%, 750=0.01%
  lat (usec)   : 1000=0.01%
  lat (msec)   : 2=0.02%, 4=0.04%, 10=0.12%, 20=99.62%, 50=0.18%
  cpu          : usr=0.94%, sys=99.01%, ctx=4, majf=0, minf=16427
  IO depths    : 1=0.1%, 2=0.1%, 4=0.1%, 8=0.1%, 16=0.1%, 32=0.1%, >=64=99.9%
     submit    : 0=0.0%, 4=100.0%, 8=0.0%, 16=0.0%, 32=0.0%, 64=0.0%, >=64=0.0%
     complete  : 0=0.0%, 4=100.0%, 8=0.0%, 16=0.0%, 32=0.0%, 64=0.0%, >=64=0.1%
     issued rwts: total=61440,0,0,0 short=0,0,0,0 dropped=0,0,0,0
     latency   : target=0, window=0, percentile=100.00%, depth=128

Run status group 0 (all jobs):
   READ: bw=5645MiB/s (5919MB/s), 5645MiB/s-5645MiB/s (5919MB/s-5919MB/s), io=30.0GiB (32.2GB), run=5442-5442msec
