jobs1: (g=0): rw=randread, bs=(R) 32.0KiB-32.0KiB, (W) 32.0KiB-32.0KiB, (T) 32.0KiB-32.0KiB, ioengine=libaio, iodepth=128
fio-3.28
Starting 1 process
jobs1: Laying out IO files (1024 files / total 30720MiB)
fio: pid=1176105, err=24/file:filesetup.c:805, func=open(/tmp/ssfs/home/sevag/fuse_ext4/f1008), error=Too many open files

jobs1: (groupid=0, jobs=1): err=24 (file:filesetup.c:805, func=open(/tmp/ssfs/home/sevag/fuse_ext4/f1008), error=Too many open files): pid=1176105: Wed Jul 26 09:48:21 2023
  read: IOPS=1940, BW=60.6MiB/s (63.6MB/s)(31.5MiB/520msec)
    slat (usec): min=111, max=365, avg=222.59, stdev=40.52
    clat (usec): min=86, max=92657, avg=60109.77, stdev=14951.15
     lat (usec): min=332, max=92985, avg=60333.20, stdev=14961.23
    clat percentiles (usec):
     |  1.00th=[ 8291],  5.00th=[26346], 10.00th=[48497], 20.00th=[55313],
     | 30.00th=[57410], 40.00th=[58459], 50.00th=[58983], 60.00th=[59507],
     | 70.00th=[68682], 80.00th=[70779], 90.00th=[73925], 95.00th=[74974],
     | 99.00th=[91751], 99.50th=[91751], 99.90th=[92799], 99.95th=[92799],
     | 99.99th=[92799]
   bw (  KiB/s): min=54336, max=54336, per=87.51%, avg=54336.00, stdev= 0.00, samples=1
   iops        : min= 1698, max= 1698, avg=1698.00, stdev= 0.00, samples=1
  lat (usec)   : 100=0.10%
  lat (msec)   : 10=1.29%, 20=2.28%, 50=8.52%, 100=87.81%
  cpu          : usr=1.73%, sys=18.69%, ctx=2047, majf=0, minf=1042
  IO depths    : 1=0.1%, 2=0.2%, 4=0.4%, 8=0.8%, 16=1.6%, 32=3.2%, >=64=93.8%
     submit    : 0=0.0%, 4=100.0%, 8=0.0%, 16=0.0%, 32=0.0%, 64=0.0%, >=64=0.0%
     complete  : 0=0.0%, 4=99.9%, 8=0.0%, 16=0.0%, 32=0.0%, 64=0.0%, >=64=0.1%
     issued rwts: total=1009,0,0,0 short=0,0,0,0 dropped=0,0,0,0
     latency   : target=0, window=0, percentile=100.00%, depth=128

Run status group 0 (all jobs):
   READ: bw=60.6MiB/s (63.6MB/s), 60.6MiB/s-60.6MiB/s (63.6MB/s-63.6MB/s), io=31.5MiB (33.1MB), run=520-520msec
