jobs1: (g=0): rw=randread, bs=(R) 128KiB-128KiB, (W) 128KiB-128KiB, (T) 128KiB-128KiB, ioengine=libaio, iodepth=128
...
fio-3.28
Starting 32 processes
jobs1: Laying out IO files (512 files / total 30720MiB)

jobs1: (groupid=0, jobs=32): err= 0: pid=1141501: Wed Jul 26 07:45:58 2023
  read: IOPS=2511, BW=314MiB/s (329MB/s)(30.0GiB/97840msec)
    slat (usec): min=235, max=695, avg=388.42, stdev=46.75
    clat (usec): min=5, max=167499, avg=50525.04, stdev=3948.59
     lat (usec): min=363, max=168196, avg=50914.43, stdev=3961.88
    clat percentiles (msec):
     |  1.00th=[   45],  5.00th=[   46], 10.00th=[   47], 20.00th=[   48],
     | 30.00th=[   49], 40.00th=[   50], 50.00th=[   51], 60.00th=[   52],
     | 70.00th=[   53], 80.00th=[   54], 90.00th=[   55], 95.00th=[   56],
     | 99.00th=[   56], 99.50th=[   57], 99.90th=[  101], 99.95th=[  104],
     | 99.99th=[  165]
   bw (  KiB/s): min=142945, max=347136, per=99.99%, avg=321473.27, stdev=17833.29, samples=195
   iops        : min= 1116, max= 2712, avg=2511.45, stdev=139.38, samples=195
  lat (usec)   : 10=0.01%, 500=0.01%, 750=0.01%
  lat (msec)   : 2=0.01%, 4=0.01%, 10=0.01%, 20=0.01%, 50=47.40%
  lat (msec)   : 100=52.47%, 250=0.10%
  cpu          : usr=1.04%, sys=36.13%, ctx=246402, majf=0, minf=4203
  IO depths    : 1=0.1%, 2=0.1%, 4=0.1%, 8=0.1%, 16=0.1%, 32=0.1%, >=64=100.0%
     submit    : 0=0.0%, 4=100.0%, 8=0.0%, 16=0.0%, 32=0.0%, 64=0.0%, >=64=0.0%
     complete  : 0=0.0%, 4=100.0%, 8=0.0%, 16=0.0%, 32=0.0%, 64=0.0%, >=64=0.1%
     issued rwts: total=245760,0,0,0 short=0,0,0,0 dropped=0,0,0,0
     latency   : target=0, window=0, percentile=100.00%, depth=128

Run status group 0 (all jobs):
   READ: bw=314MiB/s (329MB/s), 314MiB/s-314MiB/s (329MB/s-329MB/s), io=30.0GiB (32.2GB), run=97840-97840msec
