jobs1: (g=0): rw=randread, bs=(R) 32.0KiB-32.0KiB, (W) 32.0KiB-32.0KiB, (T) 32.0KiB-32.0KiB, ioengine=libaio, iodepth=128
...
fio-3.28
Starting 16 processes
jobs1: Laying out IO files (64 files / total 30720MiB)

jobs1: (groupid=0, jobs=16): err= 0: pid=490349: Tue Jul 25 22:54:48 2023
  read: IOPS=172k, BW=5389MiB/s (5651MB/s)(30.0GiB/5700msec)
    slat (nsec): min=3901, max=66762, avg=5217.87, stdev=803.07
    clat (nsec): min=1422, max=5756.2k, avg=736163.18, stdev=91962.94
     lat (usec): min=5, max=5824, avg=741.42, stdev=92.63
    clat percentiles (usec):
     |  1.00th=[  676],  5.00th=[  685], 10.00th=[  685], 20.00th=[  693],
     | 30.00th=[  693], 40.00th=[  693], 50.00th=[  693], 60.00th=[  701],
     | 70.00th=[  701], 80.00th=[  873], 90.00th=[  881], 95.00th=[  881],
     | 99.00th=[  898], 99.50th=[  955], 99.90th=[ 1385], 99.95th=[ 1745],
     | 99.99th=[ 2638]
   bw (  MiB/s): min= 4413, max= 5727, per=100.00%, avg=5401.21, stdev=538.32, samples=10
   iops        : min=141223, max=183290, avg=172838.50, stdev=17226.48, samples=10
  lat (usec)   : 2=0.01%, 10=0.01%, 20=0.01%, 50=0.01%, 100=0.01%
  lat (usec)   : 250=0.01%, 500=0.01%, 750=77.44%, 1000=22.25%
  lat (msec)   : 2=0.29%, 4=0.01%, 10=0.01%
  cpu          : usr=8.19%, sys=91.74%, ctx=4, majf=0, minf=1058
  IO depths    : 1=0.1%, 2=0.1%, 4=0.1%, 8=0.1%, 16=0.1%, 32=0.1%, >=64=100.0%
     submit    : 0=0.0%, 4=100.0%, 8=0.0%, 16=0.0%, 32=0.0%, 64=0.0%, >=64=0.0%
     complete  : 0=0.0%, 4=100.0%, 8=0.0%, 16=0.0%, 32=0.0%, 64=0.0%, >=64=0.1%
     issued rwts: total=983040,0,0,0 short=0,0,0,0 dropped=0,0,0,0
     latency   : target=0, window=0, percentile=100.00%, depth=128

Run status group 0 (all jobs):
   READ: bw=5389MiB/s (5651MB/s), 5389MiB/s-5389MiB/s (5651MB/s-5651MB/s), io=30.0GiB (32.2GB), run=5700-5700msec
