jobs1: (g=0): rw=randread, bs=(R) 4096B-4096B, (W) 4096B-4096B, (T) 4096B-4096B, ioengine=libaio, iodepth=128
fio-3.28
Starting 1 process
jobs1: Laying out IO file (1 file / 30720MiB)

jobs1: (groupid=0, jobs=1): err= 0: pid=157047: Tue Jul 25 18:14:17 2023
  read: IOPS=555k, BW=2167MiB/s (2272MB/s)(30.0GiB/14177msec)
    slat (nsec): min=737, max=37369, avg=1319.59, stdev=292.63
    clat (nsec): min=912, max=1105.8k, avg=229135.65, stdev=40060.11
     lat (usec): min=2, max=1134, avg=230.49, stdev=40.31
    clat percentiles (usec):
     |  1.00th=[  206],  5.00th=[  215], 10.00th=[  217], 20.00th=[  217],
     | 30.00th=[  219], 40.00th=[  219], 50.00th=[  219], 60.00th=[  219],
     | 70.00th=[  221], 80.00th=[  221], 90.00th=[  223], 95.00th=[  371],
     | 99.00th=[  375], 99.50th=[  379], 99.90th=[  383], 99.95th=[  465],
     | 99.99th=[  701]
   bw (  MiB/s): min= 1334, max= 2325, per=99.88%, avg=2164.38, stdev=296.63, samples=28
   iops        : min=341568, max=595322, avg=554082.00, stdev=75938.03, samples=28
  lat (nsec)   : 1000=0.01%
  lat (usec)   : 4=0.01%, 10=0.01%, 20=0.01%, 50=0.01%, 100=0.01%
  lat (usec)   : 250=92.46%, 500=7.50%, 750=0.04%, 1000=0.01%
  lat (msec)   : 2=0.01%
  cpu          : usr=24.15%, sys=75.85%, ctx=15, majf=0, minf=138
  IO depths    : 1=0.1%, 2=0.1%, 4=0.1%, 8=0.1%, 16=0.1%, 32=0.1%, >=64=100.0%
     submit    : 0=0.0%, 4=100.0%, 8=0.0%, 16=0.0%, 32=0.0%, 64=0.0%, >=64=0.0%
     complete  : 0=0.0%, 4=100.0%, 8=0.0%, 16=0.0%, 32=0.0%, 64=0.0%, >=64=0.1%
     issued rwts: total=7864320,0,0,0 short=0,0,0,0 dropped=0,0,0,0
     latency   : target=0, window=0, percentile=100.00%, depth=128

Run status group 0 (all jobs):
   READ: bw=2167MiB/s (2272MB/s), 2167MiB/s-2167MiB/s (2272MB/s-2272MB/s), io=30.0GiB (32.2GB), run=14177-14177msec
