jobs1: (g=0): rw=randwrite, bs=(R) 4096B-4096B, (W) 4096B-4096B, (T) 4096B-4096B, ioengine=libaio, iodepth=128
...
fio-3.28
Starting 16 processes
jobs1: Laying out IO file (1 file / 30720MiB)

jobs1: (groupid=0, jobs=16): err= 0: pid=108925: Tue Jul 25 17:43:27 2023
  write: IOPS=441k, BW=1723MiB/s (1807MB/s)(30.0GiB/17827msec); 0 zone resets
    slat (nsec): min=1207, max=148636, avg=1702.55, stdev=490.21
    clat (nsec): min=1325, max=1200.2k, avg=288114.01, stdev=56341.97
     lat (usec): min=2, max=1206, avg=289.88, stdev=56.70
    clat percentiles (usec):
     |  1.00th=[  265],  5.00th=[  269], 10.00th=[  269], 20.00th=[  269],
     | 30.00th=[  269], 40.00th=[  269], 50.00th=[  273], 60.00th=[  273],
     | 70.00th=[  273], 80.00th=[  273], 90.00th=[  281], 95.00th=[  457],
     | 99.00th=[  465], 99.50th=[  469], 99.90th=[  486], 99.95th=[  578],
     | 99.99th=[ 1139]
   bw (  MiB/s): min= 1041, max= 1852, per=100.00%, avg=1726.35, stdev=268.08, samples=35
   iops        : min=266511, max=474214, avg=441944.31, stdev=68627.60, samples=35
  lat (usec)   : 2=0.01%, 4=0.01%, 10=0.01%, 20=0.01%, 50=0.01%
  lat (usec)   : 100=0.01%, 250=0.01%, 500=99.92%, 750=0.03%, 1000=0.02%
  lat (msec)   : 2=0.02%
  cpu          : usr=25.03%, sys=74.96%, ctx=23, majf=0, minf=35
  IO depths    : 1=0.1%, 2=0.1%, 4=0.1%, 8=0.1%, 16=0.1%, 32=0.1%, >=64=100.0%
     submit    : 0=0.0%, 4=100.0%, 8=0.0%, 16=0.0%, 32=0.0%, 64=0.0%, >=64=0.0%
     complete  : 0=0.0%, 4=100.0%, 8=0.0%, 16=0.0%, 32=0.0%, 64=0.0%, >=64=0.1%
     issued rwts: total=0,7864320,0,0 short=0,0,0,0 dropped=0,0,0,0
     latency   : target=0, window=0, percentile=100.00%, depth=128

Run status group 0 (all jobs):
  WRITE: bw=1723MiB/s (1807MB/s), 1723MiB/s-1723MiB/s (1807MB/s-1807MB/s), io=30.0GiB (32.2GB), run=17827-17827msec
