jobs1: (g=0): rw=randread, bs=(R) 128KiB-128KiB, (W) 128KiB-128KiB, (T) 128KiB-128KiB, ioengine=libaio, iodepth=128
...
fio-3.28
Starting 16 processes
jobs1: Laying out IO files (128 files / total 30720MiB)

jobs1: (groupid=0, jobs=16): err= 0: pid=846987: Wed Jul 26 03:29:23 2023
  read: IOPS=6904, BW=863MiB/s (905MB/s)(30.0GiB/35593msec)
    slat (usec): min=118, max=713, avg=142.13, stdev=27.72
    clat (usec): min=3, max=79636, avg=18372.60, stdev=3185.51
     lat (usec): min=155, max=80352, avg=18515.08, stdev=3209.51
    clat percentiles (usec):
     |  1.00th=[16450],  5.00th=[16712], 10.00th=[16712], 20.00th=[16909],
     | 30.00th=[17171], 40.00th=[17171], 50.00th=[17433], 60.00th=[17433],
     | 70.00th=[17433], 80.00th=[19006], 90.00th=[21890], 95.00th=[22152],
     | 99.00th=[32900], 99.50th=[35914], 99.90th=[40109], 99.95th=[40633],
     | 99.99th=[70779]
   bw (  KiB/s): min=486605, max=961792, per=100.00%, avg=884799.40, stdev=121959.51, samples=70
   iops        : min= 3801, max= 7514, avg=6912.44, stdev=952.83, samples=70
  lat (usec)   : 4=0.01%, 250=0.01%, 500=0.01%, 750=0.01%, 1000=0.01%
  lat (msec)   : 2=0.01%, 4=0.01%, 10=0.02%, 20=85.40%, 50=14.55%
  lat (msec)   : 100=0.03%
  cpu          : usr=1.68%, sys=58.11%, ctx=245929, majf=0, minf=4154
  IO depths    : 1=0.1%, 2=0.1%, 4=0.1%, 8=0.1%, 16=0.1%, 32=0.1%, >=64=100.0%
     submit    : 0=0.0%, 4=100.0%, 8=0.0%, 16=0.0%, 32=0.0%, 64=0.0%, >=64=0.0%
     complete  : 0=0.0%, 4=100.0%, 8=0.0%, 16=0.0%, 32=0.0%, 64=0.0%, >=64=0.1%
     issued rwts: total=245760,0,0,0 short=0,0,0,0 dropped=0,0,0,0
     latency   : target=0, window=0, percentile=100.00%, depth=128

Run status group 0 (all jobs):
   READ: bw=863MiB/s (905MB/s), 863MiB/s-863MiB/s (905MB/s-905MB/s), io=30.0GiB (32.2GB), run=35593-35593msec
