jobs1: (g=0): rw=randwrite, bs=(R) 128KiB-128KiB, (W) 128KiB-128KiB, (T) 128KiB-128KiB, ioengine=libaio, iodepth=128
fio-3.28
Starting 1 process
jobs1: Laying out IO files (512 files / total 30720MiB)

jobs1: (groupid=0, jobs=1): err= 0: pid=1133390: Wed Jul 26 07:03:18 2023
  write: IOPS=7198, BW=900MiB/s (944MB/s)(30.0GiB/34140msec); 0 zone resets
    slat (usec): min=61, max=159445, avg=136.34, stdev=866.81
    clat (usec): min=2, max=391421, avg=17394.95, stdev=7195.81
     lat (usec): min=75, max=523646, avg=17531.48, stdev=7285.64
    clat percentiles (usec):
     |  1.00th=[ 9896],  5.00th=[10028], 10.00th=[10159], 20.00th=[10290],
     | 30.00th=[10683], 40.00th=[11863], 50.00th=[18744], 60.00th=[20055],
     | 70.00th=[21365], 80.00th=[22938], 90.00th=[25560], 95.00th=[28967],
     | 99.00th=[39584], 99.50th=[42730], 99.90th=[55313], 99.95th=[56886],
     | 99.99th=[69731]
   bw (  KiB/s): min=595712, max=1080832, per=100.00%, avg=935278.81, stdev=89272.61, samples=67
   iops        : min= 4654, max= 8444, avg=7306.87, stdev=697.44, samples=67
  lat (usec)   : 4=0.01%, 100=0.01%, 250=0.01%, 500=0.01%, 750=0.01%
  lat (usec)   : 1000=0.01%
  lat (msec)   : 2=0.01%, 4=0.01%, 10=2.62%, 20=56.56%, 50=40.67%
  lat (msec)   : 100=0.13%, 250=0.01%, 500=0.01%
  cpu          : usr=6.18%, sys=56.83%, ctx=18071, majf=0, minf=13
  IO depths    : 1=0.1%, 2=0.1%, 4=0.1%, 8=0.1%, 16=0.1%, 32=0.1%, >=64=100.0%
     submit    : 0=0.0%, 4=100.0%, 8=0.0%, 16=0.0%, 32=0.0%, 64=0.0%, >=64=0.0%
     complete  : 0=0.0%, 4=100.0%, 8=0.0%, 16=0.0%, 32=0.0%, 64=0.0%, >=64=0.1%
     issued rwts: total=0,245760,0,0 short=0,0,0,0 dropped=0,0,0,0
     latency   : target=0, window=0, percentile=100.00%, depth=128

Run status group 0 (all jobs):
  WRITE: bw=900MiB/s (944MB/s), 900MiB/s-900MiB/s (944MB/s-944MB/s), io=30.0GiB (32.2GB), run=34140-34140msec
