jobs1: (g=0): rw=randread, bs=(R) 4096B-4096B, (W) 4096B-4096B, (T) 4096B-4096B, ioengine=libaio, iodepth=128
fio-3.28
Starting 1 process
jobs1: Laying out IO files (512 files / total 30720MiB)

jobs1: (groupid=0, jobs=1): err= 0: pid=1096166: Wed Jul 26 05:32:06 2023
  read: IOPS=531k, BW=2075MiB/s (2176MB/s)(30.0GiB/14806msec)
    slat (nsec): min=901, max=27333, avg=1389.30, stdev=293.85
    clat (nsec): min=1203, max=1976.3k, avg=239292.52, stdev=41252.79
     lat (usec): min=3, max=1998, avg=240.72, stdev=41.50
    clat percentiles (usec):
     |  1.00th=[  221],  5.00th=[  225], 10.00th=[  227], 20.00th=[  227],
     | 30.00th=[  229], 40.00th=[  229], 50.00th=[  231], 60.00th=[  231],
     | 70.00th=[  231], 80.00th=[  233], 90.00th=[  235], 95.00th=[  363],
     | 99.00th=[  412], 99.50th=[  412], 99.90th=[  420], 99.95th=[  433],
     | 99.99th=[  562]
   bw (  MiB/s): min= 1224, max= 2189, per=99.87%, avg=2072.07, stdev=271.78, samples=29
   iops        : min=313558, max=560520, avg=530449.52, stdev=69575.19, samples=29
  lat (usec)   : 2=0.01%, 4=0.01%, 10=0.01%, 20=0.01%, 50=0.01%
  lat (usec)   : 100=0.01%, 250=93.85%, 500=6.11%, 750=0.03%, 1000=0.01%
  lat (msec)   : 2=0.01%
  cpu          : usr=24.50%, sys=75.49%, ctx=14, majf=0, minf=137
  IO depths    : 1=0.1%, 2=0.1%, 4=0.1%, 8=0.1%, 16=0.1%, 32=0.1%, >=64=100.0%
     submit    : 0=0.0%, 4=100.0%, 8=0.0%, 16=0.0%, 32=0.0%, 64=0.0%, >=64=0.0%
     complete  : 0=0.0%, 4=100.0%, 8=0.0%, 16=0.0%, 32=0.0%, 64=0.0%, >=64=0.1%
     issued rwts: total=7864320,0,0,0 short=0,0,0,0 dropped=0,0,0,0
     latency   : target=0, window=0, percentile=100.00%, depth=128

Run status group 0 (all jobs):
   READ: bw=2075MiB/s (2176MB/s), 2075MiB/s-2075MiB/s (2176MB/s-2176MB/s), io=30.0GiB (32.2GB), run=14806-14806msec
