jobs1: (g=0): rw=randwrite, bs=(R) 4096B-4096B, (W) 4096B-4096B, (T) 4096B-4096B, ioengine=libaio, iodepth=128
...
fio-3.28
Starting 16 processes
jobs1: Laying out IO files (512 files / total 30720MiB)

jobs1: (groupid=0, jobs=16): err= 0: pid=1033252: Wed Jul 26 04:54:07 2023
  write: IOPS=538k, BW=2103MiB/s (2205MB/s)(30.0GiB/14607msec); 0 zone resets
    slat (nsec): min=981, max=23683, avg=1352.33, stdev=173.37
    clat (nsec): min=1242, max=1692.3k, avg=236097.19, stdev=14540.12
     lat (usec): min=2, max=1697, avg=237.50, stdev=14.59
    clat percentiles (usec):
     |  1.00th=[  229],  5.00th=[  231], 10.00th=[  233], 20.00th=[  233],
     | 30.00th=[  235], 40.00th=[  235], 50.00th=[  235], 60.00th=[  237],
     | 70.00th=[  237], 80.00th=[  239], 90.00th=[  239], 95.00th=[  241],
     | 99.00th=[  245], 99.50th=[  265], 99.90th=[  314], 99.95th=[  433],
     | 99.99th=[  783]
   bw (  MiB/s): min= 1987, max= 2156, per=100.00%, avg=2104.36, stdev=25.29, samples=29
   iops        : min=508805, max=552078, avg=538715.38, stdev=6474.77, samples=29
  lat (usec)   : 2=0.01%, 4=0.01%, 10=0.01%, 20=0.01%, 50=0.01%
  lat (usec)   : 100=0.01%, 250=99.18%, 500=0.78%, 750=0.03%, 1000=0.01%
  lat (msec)   : 2=0.01%
  cpu          : usr=26.74%, sys=73.27%, ctx=16, majf=0, minf=41
  IO depths    : 1=0.1%, 2=0.1%, 4=0.1%, 8=0.1%, 16=0.1%, 32=0.1%, >=64=100.0%
     submit    : 0=0.0%, 4=100.0%, 8=0.0%, 16=0.0%, 32=0.0%, 64=0.0%, >=64=0.0%
     complete  : 0=0.0%, 4=100.0%, 8=0.0%, 16=0.0%, 32=0.0%, 64=0.0%, >=64=0.1%
     issued rwts: total=0,7864320,0,0 short=0,0,0,0 dropped=0,0,0,0
     latency   : target=0, window=0, percentile=100.00%, depth=128

Run status group 0 (all jobs):
  WRITE: bw=2103MiB/s (2205MB/s), 2103MiB/s-2103MiB/s (2205MB/s-2205MB/s), io=30.0GiB (32.2GB), run=14607-14607msec
