jobs1: (g=0): rw=randwrite, bs=(R) 128KiB-128KiB, (W) 128KiB-128KiB, (T) 128KiB-128KiB, ioengine=libaio, iodepth=128
...
fio-3.28
Starting 16 processes
jobs1: Laying out IO file (1 file / 30720MiB)

jobs1: (groupid=0, jobs=16): err= 0: pid=179701: Tue Jul 25 19:33:05 2023
  write: IOPS=27.3k, BW=3418MiB/s (3584MB/s)(30.0GiB/8987msec); 0 zone resets
    slat (usec): min=28, max=983, avg=35.91, stdev= 9.89
    clat (nsec): min=1868, max=13801k, avg=4639661.97, stdev=1201625.08
     lat (usec): min=32, max=13913, avg=4675.64, stdev=1211.04
    clat percentiles (usec):
     |  1.00th=[ 4080],  5.00th=[ 4080], 10.00th=[ 4080], 20.00th=[ 4113],
     | 30.00th=[ 4113], 40.00th=[ 4113], 50.00th=[ 4113], 60.00th=[ 4113],
     | 70.00th=[ 4113], 80.00th=[ 4146], 90.00th=[ 7373], 95.00th=[ 7373],
     | 99.00th=[ 7373], 99.50th=[ 7439], 99.90th=[ 7898], 99.95th=[ 8717],
     | 99.99th=[11076]
   bw (  MiB/s): min= 2097, max= 3870, per=99.80%, avg=3411.54, stdev=751.90, samples=17
   iops        : min=16779, max=30962, avg=27292.18, stdev=6015.21, samples=17
  lat (usec)   : 2=0.01%, 50=0.01%, 100=0.01%, 250=0.01%, 500=0.01%
  lat (usec)   : 750=0.01%, 1000=0.01%
  lat (msec)   : 2=0.01%, 4=0.03%, 10=99.94%, 20=0.01%
  cpu          : usr=7.39%, sys=92.58%, ctx=17, majf=0, minf=39
  IO depths    : 1=0.1%, 2=0.1%, 4=0.1%, 8=0.1%, 16=0.1%, 32=0.1%, >=64=100.0%
     submit    : 0=0.0%, 4=100.0%, 8=0.0%, 16=0.0%, 32=0.0%, 64=0.0%, >=64=0.0%
     complete  : 0=0.0%, 4=100.0%, 8=0.0%, 16=0.0%, 32=0.0%, 64=0.0%, >=64=0.1%
     issued rwts: total=0,245760,0,0 short=0,0,0,0 dropped=0,0,0,0
     latency   : target=0, window=0, percentile=100.00%, depth=128

Run status group 0 (all jobs):
  WRITE: bw=3418MiB/s (3584MB/s), 3418MiB/s-3418MiB/s (3584MB/s-3584MB/s), io=30.0GiB (32.2GB), run=8987-8987msec
