jobs1: (g=0): rw=randread, bs=(R) 4096B-4096B, (W) 4096B-4096B, (T) 4096B-4096B, ioengine=libaio, iodepth=128
...
fio-3.28
Starting 16 processes
jobs1: Laying out IO file (1 file / 30720MiB)

jobs1: (groupid=0, jobs=16): err= 0: pid=157571: Tue Jul 25 18:18:13 2023
  read: IOPS=70.1k, BW=274MiB/s (287MB/s)(30.0GiB/112228msec)
    slat (usec): min=8, max=139, avg=13.47, stdev= 2.45
    clat (nsec): min=1247, max=5638.2k, avg=1812629.99, stdev=327858.40
     lat (usec): min=11, max=5779, avg=1826.19, stdev=330.15
    clat percentiles (usec):
     |  1.00th=[ 1614],  5.00th=[ 1647], 10.00th=[ 1647], 20.00th=[ 1663],
     | 30.00th=[ 1663], 40.00th=[ 1680], 50.00th=[ 1696], 60.00th=[ 1729],
     | 70.00th=[ 1778], 80.00th=[ 1926], 90.00th=[ 1958], 95.00th=[ 2343],
     | 99.00th=[ 3851], 99.50th=[ 3916], 99.90th=[ 4015], 99.95th=[ 4047],
     | 99.99th=[ 4621]
   bw (  KiB/s): min=128504, max=312736, per=100.00%, avg=280605.71, stdev=34771.13, samples=224
   iops        : min=32126, max=78184, avg=70151.37, stdev=8692.81, samples=224
  lat (usec)   : 2=0.01%, 20=0.01%, 50=0.01%, 100=0.01%, 250=0.01%
  lat (usec)   : 500=0.01%, 750=0.01%, 1000=0.01%
  lat (msec)   : 2=91.93%, 4=7.88%, 10=0.19%
  cpu          : usr=6.29%, sys=33.35%, ctx=7864377, majf=0, minf=185
  IO depths    : 1=0.1%, 2=0.1%, 4=0.1%, 8=0.1%, 16=0.1%, 32=0.1%, >=64=100.0%
     submit    : 0=0.0%, 4=100.0%, 8=0.0%, 16=0.0%, 32=0.0%, 64=0.0%, >=64=0.0%
     complete  : 0=0.0%, 4=100.0%, 8=0.0%, 16=0.0%, 32=0.0%, 64=0.0%, >=64=0.1%
     issued rwts: total=7864320,0,0,0 short=0,0,0,0 dropped=0,0,0,0
     latency   : target=0, window=0, percentile=100.00%, depth=128

Run status group 0 (all jobs):
   READ: bw=274MiB/s (287MB/s), 274MiB/s-274MiB/s (287MB/s-287MB/s), io=30.0GiB (32.2GB), run=112228-112228msec
