jobs1: (g=0): rw=randwrite, bs=(R) 4096B-4096B, (W) 4096B-4096B, (T) 4096B-4096B, ioengine=libaio, iodepth=128
fio-3.28
Starting 1 process
jobs1: Laying out IO files (64 files / total 30720MiB)

jobs1: (groupid=0, jobs=1): err= 0: pid=287181: Tue Jul 25 21:00:15 2023
  write: IOPS=435k, BW=1701MiB/s (1783MB/s)(30.0GiB/18064msec); 0 zone resets
    slat (nsec): min=1224, max=37604, avg=1738.97, stdev=486.56
    clat (nsec): min=1271, max=1631.7k, avg=291933.71, stdev=54529.68
     lat (usec): min=2, max=1666, avg=293.73, stdev=54.88
    clat percentiles (usec):
     |  1.00th=[  269],  5.00th=[  273], 10.00th=[  273], 20.00th=[  273],
     | 30.00th=[  277], 40.00th=[  277], 50.00th=[  277], 60.00th=[  277],
     | 70.00th=[  277], 80.00th=[  281], 90.00th=[  281], 95.00th=[  469],
     | 99.00th=[  482], 99.50th=[  486], 99.90th=[  502], 99.95th=[  603],
     | 99.99th=[ 1139]
   bw (  MiB/s): min= 1002, max= 1809, per=100.00%, avg=1700.76, stdev=248.98, samples=36
   iops        : min=256520, max=463344, avg=435394.56, stdev=63739.41, samples=36
  lat (usec)   : 2=0.01%, 4=0.01%, 10=0.01%, 20=0.01%, 50=0.01%
  lat (usec)   : 100=0.01%, 250=0.01%, 500=99.89%, 750=0.07%, 1000=0.02%
  lat (msec)   : 2=0.02%
  cpu          : usr=26.21%, sys=73.79%, ctx=33, majf=0, minf=11
  IO depths    : 1=0.1%, 2=0.1%, 4=0.1%, 8=0.1%, 16=0.1%, 32=0.1%, >=64=100.0%
     submit    : 0=0.0%, 4=100.0%, 8=0.0%, 16=0.0%, 32=0.0%, 64=0.0%, >=64=0.0%
     complete  : 0=0.0%, 4=100.0%, 8=0.0%, 16=0.0%, 32=0.0%, 64=0.0%, >=64=0.1%
     issued rwts: total=0,7864320,0,0 short=0,0,0,0 dropped=0,0,0,0
     latency   : target=0, window=0, percentile=100.00%, depth=128

Run status group 0 (all jobs):
  WRITE: bw=1701MiB/s (1783MB/s), 1701MiB/s-1701MiB/s (1783MB/s-1783MB/s), io=30.0GiB (32.2GB), run=18064-18064msec
