jobs1: (g=0): rw=randread, bs=(R) 128KiB-128KiB, (W) 128KiB-128KiB, (T) 128KiB-128KiB, ioengine=libaio, iodepth=128
fio-3.28
Starting 1 process
jobs1: Laying out IO files (64 files / total 30720MiB)

jobs1: (groupid=0, jobs=1): err= 0: pid=505825: Tue Jul 25 23:26:20 2023
  read: IOPS=6817, BW=852MiB/s (894MB/s)(30.0GiB/36050msec)
    slat (usec): min=126, max=591, avg=144.08, stdev=25.76
    clat (usec): min=4, max=65223, avg=18610.29, stdev=2742.57
     lat (usec): min=139, max=65760, avg=18754.75, stdev=2763.58
    clat percentiles (usec):
     |  1.00th=[17433],  5.00th=[17433], 10.00th=[17433], 20.00th=[17433],
     | 30.00th=[17695], 40.00th=[17957], 50.00th=[17957], 60.00th=[18220],
     | 70.00th=[18220], 80.00th=[18220], 90.00th=[18744], 95.00th=[27132],
     | 99.00th=[30540], 99.50th=[32375], 99.90th=[35914], 99.95th=[38536],
     | 99.99th=[56361]
   bw (  KiB/s): min=493056, max=925696, per=99.99%, avg=872472.89, stdev=102818.97, samples=72
   iops        : min= 3852, max= 7232, avg=6816.19, stdev=803.27, samples=72
  lat (usec)   : 10=0.01%, 250=0.01%, 500=0.01%, 750=0.01%, 1000=0.01%
  lat (msec)   : 2=0.01%, 4=0.01%, 10=0.02%, 20=94.02%, 50=5.93%
  lat (msec)   : 100=0.02%
  cpu          : usr=1.92%, sys=57.85%, ctx=245854, majf=0, minf=4109
  IO depths    : 1=0.1%, 2=0.1%, 4=0.1%, 8=0.1%, 16=0.1%, 32=0.1%, >=64=100.0%
     submit    : 0=0.0%, 4=100.0%, 8=0.0%, 16=0.0%, 32=0.0%, 64=0.0%, >=64=0.0%
     complete  : 0=0.0%, 4=100.0%, 8=0.0%, 16=0.0%, 32=0.0%, 64=0.0%, >=64=0.1%
     issued rwts: total=245760,0,0,0 short=0,0,0,0 dropped=0,0,0,0
     latency   : target=0, window=0, percentile=100.00%, depth=128

Run status group 0 (all jobs):
   READ: bw=852MiB/s (894MB/s), 852MiB/s-852MiB/s (894MB/s-894MB/s), io=30.0GiB (32.2GB), run=36050-36050msec
