jobs1: (g=0): rw=randwrite, bs=(R) 512KiB-512KiB, (W) 512KiB-512KiB, (T) 512KiB-512KiB, ioengine=libaio, iodepth=128
...
fio-3.28
Starting 32 processes
jobs1: Laying out IO file (1 file / 30720MiB)

jobs1: (groupid=0, jobs=32): err= 0: pid=193981: Tue Jul 25 20:18:21 2023
  write: IOPS=8404, BW=4202MiB/s (4407MB/s)(30.0GiB/7310msec); 0 zone resets
    slat (usec): min=98, max=197, avg=117.94, stdev=14.93
    clat (usec): min=2, max=22758, avg=15086.39, stdev=1831.87
     lat (usec): min=120, max=22930, avg=15204.45, stdev=1845.60
    clat percentiles (usec):
     |  1.00th=[14222],  5.00th=[14222], 10.00th=[14222], 20.00th=[14222],
     | 30.00th=[14222], 40.00th=[14353], 50.00th=[14353], 60.00th=[14353],
     | 70.00th=[14353], 80.00th=[14353], 90.00th=[18744], 95.00th=[18744],
     | 99.00th=[20055], 99.50th=[20317], 99.90th=[22676], 99.95th=[22676],
     | 99.99th=[22676]
   bw (  MiB/s): min= 3177, max= 4450, per=100.00%, avg=4224.20, stdev=447.35, samples=14
   iops        : min= 6355, max= 8900, avg=8448.36, stdev=894.63, samples=14
  lat (usec)   : 4=0.01%, 250=0.01%, 500=0.01%, 750=0.01%, 1000=0.01%
  lat (msec)   : 2=0.01%, 4=0.03%, 10=0.09%, 20=98.33%, 50=1.53%
  cpu          : usr=14.28%, sys=85.74%, ctx=6, majf=0, minf=93
  IO depths    : 1=0.1%, 2=0.1%, 4=0.1%, 8=0.1%, 16=0.1%, 32=0.1%, >=64=99.9%
     submit    : 0=0.0%, 4=100.0%, 8=0.0%, 16=0.0%, 32=0.0%, 64=0.0%, >=64=0.0%
     complete  : 0=0.0%, 4=100.0%, 8=0.0%, 16=0.0%, 32=0.0%, 64=0.0%, >=64=0.1%
     issued rwts: total=0,61440,0,0 short=0,0,0,0 dropped=0,0,0,0
     latency   : target=0, window=0, percentile=100.00%, depth=128

Run status group 0 (all jobs):
  WRITE: bw=4202MiB/s (4407MB/s), 4202MiB/s-4202MiB/s (4407MB/s-4407MB/s), io=30.0GiB (32.2GB), run=7310-7310msec
