jobs1: (g=0): rw=randwrite, bs=(R) 4096B-4096B, (W) 4096B-4096B, (T) 4096B-4096B, ioengine=libaio, iodepth=128
...
fio-3.28
Starting 16 processes
jobs1: Laying out IO files (64 files / total 30720MiB)

jobs1: (groupid=0, jobs=16): err= 0: pid=308857: Tue Jul 25 21:05:50 2023
  write: IOPS=232k, BW=907MiB/s (951MB/s)(30.0GiB/33880msec); 0 zone resets
    slat (nsec): min=1491, max=134100k, avg=3438.72, stdev=94555.29
    clat (nsec): min=1797, max=456933k, avg=544261.41, stdev=1447044.08
     lat (usec): min=5, max=456977, avg=547.79, stdev=1456.91
    clat percentiles (usec):
     |  1.00th=[  334],  5.00th=[  383], 10.00th=[  388], 20.00th=[  396],
     | 30.00th=[  465], 40.00th=[  469], 50.00th=[  474], 60.00th=[  494],
     | 70.00th=[  545], 80.00th=[  553], 90.00th=[  562], 95.00th=[  578],
     | 99.00th=[  709], 99.50th=[ 1631], 99.90th=[14615], 99.95th=[15926],
     | 99.99th=[19530]
   bw (  KiB/s): min=296190, max=1181240, per=100.00%, avg=932344.04, stdev=156151.74, samples=67
   iops        : min=74047, max=295310, avg=233086.09, stdev=39037.96, samples=67
  lat (usec)   : 2=0.01%, 10=0.01%, 20=0.01%, 50=0.01%, 100=0.01%
  lat (usec)   : 250=0.01%, 500=61.00%, 750=38.11%, 1000=0.21%
  lat (msec)   : 2=0.20%, 4=0.02%, 10=0.09%, 20=0.37%, 50=0.01%
  lat (msec)   : 100=0.01%, 250=0.01%, 500=0.01%
  cpu          : usr=20.12%, sys=68.45%, ctx=2542, majf=0, minf=40
  IO depths    : 1=0.1%, 2=0.1%, 4=0.1%, 8=0.1%, 16=0.1%, 32=0.1%, >=64=100.0%
     submit    : 0=0.0%, 4=100.0%, 8=0.0%, 16=0.0%, 32=0.0%, 64=0.0%, >=64=0.0%
     complete  : 0=0.0%, 4=100.0%, 8=0.0%, 16=0.0%, 32=0.0%, 64=0.0%, >=64=0.1%
     issued rwts: total=0,7864320,0,0 short=0,0,0,0 dropped=0,0,0,0
     latency   : target=0, window=0, percentile=100.00%, depth=128

Run status group 0 (all jobs):
  WRITE: bw=907MiB/s (951MB/s), 907MiB/s-907MiB/s (951MB/s-951MB/s), io=30.0GiB (32.2GB), run=33880-33880msec
