jobs1: (g=0): rw=randwrite, bs=(R) 4096B-4096B, (W) 4096B-4096B, (T) 4096B-4096B, ioengine=libaio, iodepth=128
fio-3.28
Starting 1 process
jobs1: Laying out IO files (64 files / total 30720MiB)

jobs1: (groupid=0, jobs=1): err= 0: pid=203072: Tue Jul 25 20:57:37 2023
  write: IOPS=52.0k, BW=203MiB/s (213MB/s)(23.8GiB/120003msec); 0 zone resets
    slat (usec): min=2, max=131932, avg=16.91, stdev=379.38
    clat (usec): min=13, max=643959, avg=2439.44, stdev=4752.18
     lat (usec): min=522, max=643971, avg=2456.60, stdev=4774.63
    clat percentiles (usec):
     |  1.00th=[  652],  5.00th=[ 1057], 10.00th=[ 1123], 20.00th=[ 1123],
     | 30.00th=[ 1139], 40.00th=[ 1139], 50.00th=[ 1139], 60.00th=[ 1156],
     | 70.00th=[ 1156], 80.00th=[ 1156], 90.00th=[ 1565], 95.00th=[14091],
     | 99.00th=[15926], 99.50th=[16188], 99.90th=[17957], 99.95th=[17957],
     | 99.99th=[21365]
   bw (  KiB/s): min=  136, max=255104, per=100.00%, avg=208116.69, stdev=16566.82, samples=239
   iops        : min=   34, max=63776, avg=52029.19, stdev=4141.72, samples=239
  lat (usec)   : 20=0.01%, 750=1.33%, 1000=1.87%
  lat (msec)   : 2=87.08%, 4=0.01%, 10=0.13%, 20=9.57%, 50=0.02%
  lat (msec)   : 100=0.01%, 250=0.01%, 500=0.01%, 750=0.01%
  cpu          : usr=12.34%, sys=34.23%, ctx=6255, majf=0, minf=13
  IO depths    : 1=0.1%, 2=0.1%, 4=0.1%, 8=0.1%, 16=0.1%, 32=0.1%, >=64=100.0%
     submit    : 0=0.0%, 4=100.0%, 8=0.0%, 16=0.0%, 32=0.0%, 64=0.0%, >=64=0.0%
     complete  : 0=0.0%, 4=100.0%, 8=0.0%, 16=0.0%, 32=0.0%, 64=0.0%, >=64=0.1%
     issued rwts: total=0,6241084,0,0 short=0,0,0,0 dropped=0,0,0,0
     latency   : target=0, window=0, percentile=100.00%, depth=128

Run status group 0 (all jobs):
  WRITE: bw=203MiB/s (213MB/s), 203MiB/s-203MiB/s (213MB/s-213MB/s), io=23.8GiB (25.6GB), run=120003-120003msec
