jobs1: (g=0): rw=randread, bs=(R) 128KiB-128KiB, (W) 128KiB-128KiB, (T) 128KiB-128KiB, ioengine=libaio, iodepth=128
...
fio-3.28
Starting 16 processes
jobs1: Laying out IO file (1 file / 30720MiB)

jobs1: (groupid=0, jobs=16): err= 0: pid=186003: Tue Jul 25 19:53:43 2023
  read: IOPS=7170, BW=896MiB/s (940MB/s)(30.0GiB/34276msec)
    slat (usec): min=87, max=423, avg=137.19, stdev=25.55
    clat (usec): min=2, max=39890, avg=17702.52, stdev=3241.65
     lat (usec): min=96, max=40316, avg=17840.05, stdev=3266.49
    clat percentiles (usec):
     |  1.00th=[12649],  5.00th=[12911], 10.00th=[13042], 20.00th=[13042],
     | 30.00th=[13435], 40.00th=[19268], 50.00th=[19530], 60.00th=[19530],
     | 70.00th=[19792], 80.00th=[20055], 90.00th=[20317], 95.00th=[20317],
     | 99.00th=[22152], 99.50th=[22414], 99.90th=[22414], 99.95th=[22676],
     | 99.99th=[35914]
   bw (  KiB/s): min=677907, max=1265635, per=99.67%, avg=914699.57, stdev=170664.94, samples=68
   iops        : min= 5296, max= 9887, avg=7145.99, stdev=1333.31, samples=68
  lat (usec)   : 4=0.01%, 100=0.01%, 250=0.01%, 500=0.01%, 750=0.01%
  lat (usec)   : 1000=0.01%
  lat (msec)   : 2=0.01%, 4=0.01%, 10=0.03%, 20=75.73%, 50=24.22%
  cpu          : usr=1.56%, sys=57.20%, ctx=245799, majf=0, minf=4143
  IO depths    : 1=0.1%, 2=0.1%, 4=0.1%, 8=0.1%, 16=0.1%, 32=0.1%, >=64=100.0%
     submit    : 0=0.0%, 4=100.0%, 8=0.0%, 16=0.0%, 32=0.0%, 64=0.0%, >=64=0.0%
     complete  : 0=0.0%, 4=100.0%, 8=0.0%, 16=0.0%, 32=0.0%, 64=0.0%, >=64=0.1%
     issued rwts: total=245760,0,0,0 short=0,0,0,0 dropped=0,0,0,0
     latency   : target=0, window=0, percentile=100.00%, depth=128

Run status group 0 (all jobs):
   READ: bw=896MiB/s (940MB/s), 896MiB/s-896MiB/s (940MB/s-940MB/s), io=30.0GiB (32.2GB), run=34276-34276msec
