jobs1: (g=0): rw=randread, bs=(R) 32.0KiB-32.0KiB, (W) 32.0KiB-32.0KiB, (T) 32.0KiB-32.0KiB, ioengine=libaio, iodepth=128
...
fio-3.28
Starting 32 processes
jobs1: Laying out IO files (128 files / total 30720MiB)

jobs1: (groupid=0, jobs=32): err= 0: pid=826433: Wed Jul 26 02:47:45 2023
  read: IOPS=170k, BW=5327MiB/s (5586MB/s)(30.0GiB/5767msec)
    slat (nsec): min=3756, max=79286, avg=5284.89, stdev=928.08
    clat (nsec): min=1565, max=6217.4k, avg=744769.58, stdev=111379.88
     lat (usec): min=5, max=6291, avg=750.09, stdev=112.18
    clat percentiles (usec):
     |  1.00th=[  685],  5.00th=[  685], 10.00th=[  693], 20.00th=[  693],
     | 30.00th=[  693], 40.00th=[  693], 50.00th=[  701], 60.00th=[  701],
     | 70.00th=[  701], 80.00th=[  709], 90.00th=[  955], 95.00th=[  955],
     | 99.00th=[  963], 99.50th=[  963], 99.90th=[ 1369], 99.95th=[ 1385],
     | 99.99th=[ 2835]
   bw (  MiB/s): min= 4073, max= 5721, per=99.77%, avg=5314.49, stdev=688.48, samples=11
   iops        : min=130366, max=183072, avg=170063.55, stdev=22031.28, samples=11
  lat (usec)   : 2=0.01%, 10=0.01%, 20=0.01%, 50=0.01%, 100=0.01%
  lat (usec)   : 250=0.01%, 500=0.01%, 750=80.74%, 1000=19.00%
  lat (msec)   : 2=0.25%, 4=0.01%, 10=0.01%
  cpu          : usr=8.52%, sys=91.47%, ctx=5, majf=0, minf=1101
  IO depths    : 1=0.1%, 2=0.1%, 4=0.1%, 8=0.1%, 16=0.1%, 32=0.1%, >=64=100.0%
     submit    : 0=0.0%, 4=100.0%, 8=0.0%, 16=0.0%, 32=0.0%, 64=0.0%, >=64=0.0%
     complete  : 0=0.0%, 4=100.0%, 8=0.0%, 16=0.0%, 32=0.0%, 64=0.0%, >=64=0.1%
     issued rwts: total=983040,0,0,0 short=0,0,0,0 dropped=0,0,0,0
     latency   : target=0, window=0, percentile=100.00%, depth=128

Run status group 0 (all jobs):
   READ: bw=5327MiB/s (5586MB/s), 5327MiB/s-5327MiB/s (5586MB/s-5586MB/s), io=30.0GiB (32.2GB), run=5767-5767msec
