jobs1: (g=0): rw=randread, bs=(R) 128KiB-128KiB, (W) 128KiB-128KiB, (T) 128KiB-128KiB, ioengine=libaio, iodepth=128
fio-3.28
Starting 1 process
jobs1: Laying out IO files (64 files / total 30720MiB)

jobs1: (groupid=0, jobs=1): err= 0: pid=507599: Tue Jul 25 23:31:55 2023
  read: IOPS=54.5k, BW=6809MiB/s (7139MB/s)(30.0GiB/4512msec)
    slat (usec): min=14, max=183, avg=17.71, stdev= 3.54
    clat (nsec): min=1487, max=18412k, avg=2326616.09, stdev=347221.87
     lat (usec): min=17, max=18597, avg=2344.37, stdev=350.45
    clat percentiles (usec):
     |  1.00th=[ 2147],  5.00th=[ 2147], 10.00th=[ 2147], 20.00th=[ 2147],
     | 30.00th=[ 2147], 40.00th=[ 2147], 50.00th=[ 2147], 60.00th=[ 2147],
     | 70.00th=[ 2180], 80.00th=[ 2737], 90.00th=[ 2737], 95.00th=[ 2769],
     | 99.00th=[ 2835], 99.50th=[ 2900], 99.90th=[ 3720], 99.95th=[ 4817],
     | 99.99th=[15401]
   bw (  MiB/s): min= 5493, max= 7379, per=99.99%, avg=6807.81, stdev=828.91, samples=9
   iops        : min=43948, max=59032, avg=54462.67, stdev=6631.43, samples=9
  lat (usec)   : 2=0.01%, 20=0.01%, 50=0.01%, 100=0.01%, 250=0.01%
  lat (usec)   : 500=0.01%, 750=0.01%, 1000=0.01%
  lat (msec)   : 2=0.02%, 4=99.86%, 10=0.06%, 20=0.03%
  cpu          : usr=2.99%, sys=97.01%, ctx=3, majf=0, minf=4107
  IO depths    : 1=0.1%, 2=0.1%, 4=0.1%, 8=0.1%, 16=0.1%, 32=0.1%, >=64=100.0%
     submit    : 0=0.0%, 4=100.0%, 8=0.0%, 16=0.0%, 32=0.0%, 64=0.0%, >=64=0.0%
     complete  : 0=0.0%, 4=100.0%, 8=0.0%, 16=0.0%, 32=0.0%, 64=0.0%, >=64=0.1%
     issued rwts: total=245760,0,0,0 short=0,0,0,0 dropped=0,0,0,0
     latency   : target=0, window=0, percentile=100.00%, depth=128

Run status group 0 (all jobs):
   READ: bw=6809MiB/s (7139MB/s), 6809MiB/s-6809MiB/s (7139MB/s-7139MB/s), io=30.0GiB (32.2GB), run=4512-4512msec
