jobs1: (g=0): rw=randwrite, bs=(R) 32.0KiB-32.0KiB, (W) 32.0KiB-32.0KiB, (T) 32.0KiB-32.0KiB, ioengine=libaio, iodepth=128
...
fio-3.28
Starting 16 processes
jobs1: Laying out IO files (1024 files / total 30720MiB)
fio: pid=1171117, err=24/file:filesetup.c:805, func=open(/home/sevag/ramdisk//f1018), error=Too many open files

jobs1: (groupid=0, jobs=16): err=24 (file:filesetup.c:805, func=open(/home/sevag/ramdisk//f1018), error=Too many open files): pid=1171117: Wed Jul 26 09:28:43 2023
  write: IOPS=32.9k, BW=1027MiB/s (1077MB/s)(31.8MiB/31msec); 0 zone resets
    slat (usec): min=14, max=129, avg=22.19, stdev= 9.77
    clat (usec): min=40, max=5413, avg=3355.06, stdev=959.45
     lat (usec): min=59, max=5526, avg=3377.43, stdev=964.82
    clat percentiles (usec):
     |  1.00th=[  347],  5.00th=[ 1287], 10.00th=[ 2507], 20.00th=[ 2966],
     | 30.00th=[ 2966], 40.00th=[ 2999], 50.00th=[ 3458], 60.00th=[ 3556],
     | 70.00th=[ 3621], 80.00th=[ 4047], 90.00th=[ 4752], 95.00th=[ 4817],
     | 99.00th=[ 5080], 99.50th=[ 5276], 99.90th=[ 5407], 99.95th=[ 5407],
     | 99.99th=[ 5407]
  lat (usec)   : 50=0.10%, 250=0.49%, 500=1.18%, 750=0.98%, 1000=1.08%
  lat (msec)   : 2=4.12%, 4=71.54%, 10=20.51%
  cpu          : usr=23.33%, sys=80.00%, ctx=0, majf=0, minf=43
  IO depths    : 1=0.1%, 2=0.2%, 4=0.4%, 8=0.8%, 16=1.6%, 32=3.1%, >=64=93.8%
     submit    : 0=0.0%, 4=100.0%, 8=0.0%, 16=0.0%, 32=0.0%, 64=0.0%, >=64=0.0%
     complete  : 0=0.0%, 4=99.9%, 8=0.0%, 16=0.0%, 32=0.0%, 64=0.0%, >=64=0.1%
     issued rwts: total=0,1019,0,0 short=0,0,0,0 dropped=0,0,0,0
     latency   : target=0, window=0, percentile=100.00%, depth=128

Run status group 0 (all jobs):
  WRITE: bw=1027MiB/s (1077MB/s), 1027MiB/s-1027MiB/s (1077MB/s-1077MB/s), io=31.8MiB (33.4MB), run=31-31msec
