jobs1: (g=0): rw=randread, bs=(R) 128KiB-128KiB, (W) 128KiB-128KiB, (T) 128KiB-128KiB, ioengine=libaio, iodepth=128
...
fio-3.28
Starting 32 processes
jobs1: Laying out IO file (1 file / 30720MiB)

jobs1: (groupid=0, jobs=32): err= 0: pid=186871: Tue Jul 25 20:00:49 2023
  read: IOPS=2570, BW=321MiB/s (337MB/s)(30.0GiB/95612msec)
    slat (usec): min=220, max=679, avg=381.45, stdev=41.68
    clat (usec): min=12, max=56523, avg=49396.70, stdev=2556.87
     lat (usec): min=439, max=56961, avg=49778.98, stdev=2570.74
    clat percentiles (usec):
     |  1.00th=[43254],  5.00th=[46924], 10.00th=[47449], 20.00th=[47973],
     | 30.00th=[48497], 40.00th=[48497], 50.00th=[49021], 60.00th=[49546],
     | 70.00th=[50070], 80.00th=[51119], 90.00th=[52167], 95.00th=[53740],
     | 99.00th=[55313], 99.50th=[55837], 99.90th=[56361], 99.95th=[56361],
     | 99.99th=[56361]
   bw (  KiB/s): min=301568, max=436480, per=99.98%, avg=328941.46, stdev=11685.65, samples=191
   iops        : min= 2356, max= 3410, avg=2569.81, stdev=91.31, samples=191
  lat (usec)   : 20=0.01%, 500=0.01%, 1000=0.01%
  lat (msec)   : 2=0.01%, 4=0.01%, 10=0.01%, 20=0.01%, 50=65.79%
  lat (msec)   : 100=34.19%
  cpu          : usr=1.40%, sys=34.85%, ctx=245848, majf=0, minf=4164
  IO depths    : 1=0.1%, 2=0.1%, 4=0.1%, 8=0.1%, 16=0.1%, 32=0.1%, >=64=100.0%
     submit    : 0=0.0%, 4=100.0%, 8=0.0%, 16=0.0%, 32=0.0%, 64=0.0%, >=64=0.0%
     complete  : 0=0.0%, 4=100.0%, 8=0.0%, 16=0.0%, 32=0.0%, 64=0.0%, >=64=0.1%
     issued rwts: total=245760,0,0,0 short=0,0,0,0 dropped=0,0,0,0
     latency   : target=0, window=0, percentile=100.00%, depth=128

Run status group 0 (all jobs):
   READ: bw=321MiB/s (337MB/s), 321MiB/s-321MiB/s (337MB/s-337MB/s), io=30.0GiB (32.2GB), run=95612-95612msec
