jobs1: (g=0): rw=randread, bs=(R) 4096B-4096B, (W) 4096B-4096B, (T) 4096B-4096B, ioengine=libaio, iodepth=128
...
fio-3.28
Starting 32 processes
jobs1: Laying out IO files (64 files / total 30720MiB)

jobs1: (groupid=0, jobs=32): err= 0: pid=463677: Tue Jul 25 21:51:18 2023
  read: IOPS=73.3k, BW=286MiB/s (300MB/s)(30.0GiB/107248msec)
    slat (usec): min=8, max=646, avg=12.95, stdev= 2.10
    clat (nsec): min=1525, max=8747.7k, avg=1732138.38, stdev=270530.94
     lat (usec): min=13, max=8870, avg=1745.17, stdev=272.48
    clat percentiles (usec):
     |  1.00th=[ 1565],  5.00th=[ 1614], 10.00th=[ 1614], 20.00th=[ 1631],
     | 30.00th=[ 1631], 40.00th=[ 1647], 50.00th=[ 1647], 60.00th=[ 1680],
     | 70.00th=[ 1696], 80.00th=[ 1762], 90.00th=[ 1893], 95.00th=[ 1942],
     | 99.00th=[ 3228], 99.50th=[ 3884], 99.90th=[ 4047], 99.95th=[ 4178],
     | 99.99th=[ 4817]
   bw (  KiB/s): min=124209, max=320000, per=100.00%, avg=293472.40, stdev=29639.18, samples=214
   iops        : min=31052, max=80000, avg=73368.08, stdev=7409.79, samples=214
  lat (usec)   : 2=0.01%, 20=0.01%, 50=0.01%, 100=0.01%, 250=0.01%
  lat (usec)   : 500=0.01%, 750=0.01%, 1000=0.01%
  lat (msec)   : 2=95.49%, 4=4.37%, 10=0.14%
  cpu          : usr=5.60%, sys=32.91%, ctx=7864433, majf=0, minf=200
  IO depths    : 1=0.1%, 2=0.1%, 4=0.1%, 8=0.1%, 16=0.1%, 32=0.1%, >=64=100.0%
     submit    : 0=0.0%, 4=100.0%, 8=0.0%, 16=0.0%, 32=0.0%, 64=0.0%, >=64=0.0%
     complete  : 0=0.0%, 4=100.0%, 8=0.0%, 16=0.0%, 32=0.0%, 64=0.0%, >=64=0.1%
     issued rwts: total=7864320,0,0,0 short=0,0,0,0 dropped=0,0,0,0
     latency   : target=0, window=0, percentile=100.00%, depth=128

Run status group 0 (all jobs):
   READ: bw=286MiB/s (300MB/s), 286MiB/s-286MiB/s (300MB/s-300MB/s), io=30.0GiB (32.2GB), run=107248-107248msec
