jobs1: (g=0): rw=randread, bs=(R) 4096B-4096B, (W) 4096B-4096B, (T) 4096B-4096B, ioengine=libaio, iodepth=128
fio-3.28
Starting 1 process
jobs1: Laying out IO files (64 files / total 30720MiB)

jobs1: (groupid=0, jobs=1): err= 0: pid=462889: Tue Jul 25 21:42:58 2023
  read: IOPS=549k, BW=2146MiB/s (2250MB/s)(30.0GiB/14315msec)
    slat (nsec): min=782, max=29529, avg=1335.01, stdev=284.63
    clat (nsec): min=1402, max=1628.3k, avg=231366.80, stdev=38431.41
     lat (usec): min=2, max=1658, avg=232.74, stdev=38.67
    clat percentiles (usec):
     |  1.00th=[  212],  5.00th=[  219], 10.00th=[  219], 20.00th=[  221],
     | 30.00th=[  221], 40.00th=[  223], 50.00th=[  223], 60.00th=[  223],
     | 70.00th=[  223], 80.00th=[  225], 90.00th=[  227], 95.00th=[  379],
     | 99.00th=[  383], 99.50th=[  388], 99.90th=[  392], 99.95th=[  529],
     | 99.99th=[  709]
   bw (  MiB/s): min= 1303, max= 2257, per=99.82%, avg=2142.05, stdev=284.52, samples=28
   iops        : min=333738, max=578000, avg=548366.07, stdev=72836.06, samples=28
  lat (usec)   : 2=0.01%, 4=0.01%, 10=0.01%, 20=0.01%, 50=0.01%
  lat (usec)   : 100=0.01%, 250=93.43%, 500=6.52%, 750=0.05%, 1000=0.01%
  lat (msec)   : 2=0.01%
  cpu          : usr=24.47%, sys=75.51%, ctx=11, majf=0, minf=137
  IO depths    : 1=0.1%, 2=0.1%, 4=0.1%, 8=0.1%, 16=0.1%, 32=0.1%, >=64=100.0%
     submit    : 0=0.0%, 4=100.0%, 8=0.0%, 16=0.0%, 32=0.0%, 64=0.0%, >=64=0.0%
     complete  : 0=0.0%, 4=100.0%, 8=0.0%, 16=0.0%, 32=0.0%, 64=0.0%, >=64=0.1%
     issued rwts: total=7864320,0,0,0 short=0,0,0,0 dropped=0,0,0,0
     latency   : target=0, window=0, percentile=100.00%, depth=128

Run status group 0 (all jobs):
   READ: bw=2146MiB/s (2250MB/s), 2146MiB/s-2146MiB/s (2250MB/s-2250MB/s), io=30.0GiB (32.2GB), run=14315-14315msec
