jobs1: (g=0): rw=randwrite, bs=(R) 512KiB-512KiB, (W) 512KiB-512KiB, (T) 512KiB-512KiB, ioengine=libaio, iodepth=128
...
fio-3.28
Starting 32 processes
jobs1: Laying out IO files (128 files / total 30720MiB)

jobs1: (groupid=0, jobs=32): err= 0: pid=858527: Wed Jul 26 03:57:33 2023
  write: IOPS=5838, BW=2919MiB/s (3061MB/s)(30.0GiB/10523msec); 0 zone resets
    slat (usec): min=142, max=1942, avg=169.95, stdev=41.79
    clat (usec): min=2, max=63871, avg=21668.73, stdev=4711.56
     lat (usec): min=164, max=64156, avg=21838.83, stdev=4749.78
    clat percentiles (usec):
     |  1.00th=[19792],  5.00th=[19792], 10.00th=[19792], 20.00th=[19792],
     | 30.00th=[19792], 40.00th=[19792], 50.00th=[20055], 60.00th=[20055],
     | 70.00th=[20055], 80.00th=[20055], 90.00th=[33817], 95.00th=[34341],
     | 99.00th=[34341], 99.50th=[34341], 99.90th=[34866], 99.95th=[49546],
     | 99.99th=[62129]
   bw (  MiB/s): min= 1673, max= 3191, per=99.47%, avg=2903.81, stdev=562.29, samples=20
   iops        : min= 3346, max= 6382, avg=5807.50, stdev=1124.53, samples=20
  lat (usec)   : 4=0.01%, 250=0.01%, 500=0.01%, 750=0.01%, 1000=0.01%
  lat (msec)   : 2=0.01%, 4=0.02%, 10=0.06%, 20=79.48%, 50=20.36%
  lat (msec)   : 100=0.05%
  cpu          : usr=10.25%, sys=89.76%, ctx=20, majf=0, minf=94
  IO depths    : 1=0.1%, 2=0.1%, 4=0.1%, 8=0.1%, 16=0.1%, 32=0.1%, >=64=99.9%
     submit    : 0=0.0%, 4=100.0%, 8=0.0%, 16=0.0%, 32=0.0%, 64=0.0%, >=64=0.0%
     complete  : 0=0.0%, 4=100.0%, 8=0.0%, 16=0.0%, 32=0.0%, 64=0.0%, >=64=0.1%
     issued rwts: total=0,61440,0,0 short=0,0,0,0 dropped=0,0,0,0
     latency   : target=0, window=0, percentile=100.00%, depth=128

Run status group 0 (all jobs):
  WRITE: bw=2919MiB/s (3061MB/s), 2919MiB/s-2919MiB/s (3061MB/s-3061MB/s), io=30.0GiB (32.2GB), run=10523-10523msec
