jobs1: (g=0): rw=randwrite, bs=(R) 32.0KiB-32.0KiB, (W) 32.0KiB-32.0KiB, (T) 32.0KiB-32.0KiB, ioengine=libaio, iodepth=128
fio-3.28
Starting 1 process
jobs1: Laying out IO files (1024 files / total 30720MiB)
fio: pid=1170142, err=24/file:filesetup.c:805, func=open(/home/sevag/tmpfs//f1018), error=Too many open files

jobs1: (groupid=0, jobs=1): err=24 (file:filesetup.c:805, func=open(/home/sevag/tmpfs//f1018), error=Too many open files): pid=1170142: Wed Jul 26 09:27:32 2023
  write: IOPS=53.6k, BW=1676MiB/s (1757MB/s)(31.8MiB/19msec); 0 zone resets
    slat (nsec): min=9143, max=35707, avg=12104.95, stdev=2310.19
    clat (usec): min=44, max=3116, avg=2156.51, stdev=522.49
     lat (usec): min=56, max=3151, avg=2168.78, stdev=524.05
    clat percentiles (usec):
     |  1.00th=[  293],  5.00th=[  906], 10.00th=[ 1680], 20.00th=[ 1942],
     | 30.00th=[ 1942], 40.00th=[ 2114], 50.00th=[ 2376], 60.00th=[ 2409],
     | 70.00th=[ 2409], 80.00th=[ 2442], 90.00th=[ 2606], 95.00th=[ 2868],
     | 99.00th=[ 3064], 99.50th=[ 3097], 99.90th=[ 3130], 99.95th=[ 3130],
     | 99.99th=[ 3130]
  lat (usec)   : 50=0.10%, 250=0.69%, 500=1.57%, 750=1.57%, 1000=1.67%
  lat (msec)   : 2=31.11%, 4=63.30%
  cpu          : usr=44.44%, sys=61.11%, ctx=0, majf=0, minf=16
  IO depths    : 1=0.1%, 2=0.2%, 4=0.4%, 8=0.8%, 16=1.6%, 32=3.1%, >=64=93.8%
     submit    : 0=0.0%, 4=100.0%, 8=0.0%, 16=0.0%, 32=0.0%, 64=0.0%, >=64=0.0%
     complete  : 0=0.0%, 4=99.9%, 8=0.0%, 16=0.0%, 32=0.0%, 64=0.0%, >=64=0.1%
     issued rwts: total=0,1019,0,0 short=0,0,0,0 dropped=0,0,0,0
     latency   : target=0, window=0, percentile=100.00%, depth=128

Run status group 0 (all jobs):
  WRITE: bw=1676MiB/s (1757MB/s), 1676MiB/s-1676MiB/s (1757MB/s-1757MB/s), io=31.8MiB (33.4MB), run=19-19msec
