jobs1: (g=0): rw=randread, bs=(R) 512KiB-512KiB, (W) 512KiB-512KiB, (T) 512KiB-512KiB, ioengine=libaio, iodepth=128
...
fio-3.28
Starting 32 processes
jobs1: Laying out IO files (128 files / total 30720MiB)

jobs1: (groupid=0, jobs=32): err= 0: pid=873699: Wed Jul 26 04:24:54 2023
  read: IOPS=1776, BW=888MiB/s (932MB/s)(30.0GiB/34578msec)
    slat (usec): min=466, max=2003, avg=559.39, stdev=110.92
    clat (usec): min=4, max=174092, avg=71301.02, stdev=12888.50
     lat (usec): min=506, max=176098, avg=71860.87, stdev=12988.06
    clat percentiles (msec):
     |  1.00th=[   64],  5.00th=[   64], 10.00th=[   64], 20.00th=[   64],
     | 30.00th=[   65], 40.00th=[   65], 50.00th=[   65], 60.00th=[   70],
     | 70.00th=[   71], 80.00th=[   79], 90.00th=[   81], 95.00th=[  100],
     | 99.00th=[  117], 99.50th=[  133], 99.90th=[  159], 99.95th=[  165],
     | 99.99th=[  171]
   bw (  KiB/s): min=402885, max=1022976, per=99.97%, avg=909469.57, stdev=137827.08, samples=68
   iops        : min=  786, max= 1998, avg=1776.22, stdev=269.21, samples=68
  lat (usec)   : 10=0.01%, 750=0.01%
  lat (msec)   : 2=0.01%, 4=0.01%, 10=0.02%, 20=0.03%, 50=0.10%
  lat (msec)   : 100=95.09%, 250=4.75%
  cpu          : usr=0.67%, sys=59.29%, ctx=245922, majf=0, minf=16451
  IO depths    : 1=0.1%, 2=0.1%, 4=0.1%, 8=0.1%, 16=0.1%, 32=0.1%, >=64=99.9%
     submit    : 0=0.0%, 4=100.0%, 8=0.0%, 16=0.0%, 32=0.0%, 64=0.0%, >=64=0.0%
     complete  : 0=0.0%, 4=100.0%, 8=0.0%, 16=0.0%, 32=0.0%, 64=0.0%, >=64=0.1%
     issued rwts: total=61440,0,0,0 short=0,0,0,0 dropped=0,0,0,0
     latency   : target=0, window=0, percentile=100.00%, depth=128

Run status group 0 (all jobs):
   READ: bw=888MiB/s (932MB/s), 888MiB/s-888MiB/s (932MB/s-932MB/s), io=30.0GiB (32.2GB), run=34578-34578msec
