jobs1: (g=0): rw=randwrite, bs=(R) 512KiB-512KiB, (W) 512KiB-512KiB, (T) 512KiB-512KiB, ioengine=libaio, iodepth=128
...
fio-3.28
Starting 32 processes
jobs1: Laying out IO files (512 files / total 30720MiB)

jobs1: (groupid=0, jobs=32): err= 0: pid=1148033: Wed Jul 26 08:07:04 2023
  write: IOPS=2145, BW=1073MiB/s (1125MB/s)(30.0GiB/28637msec); 0 zone resets
    slat (usec): min=262, max=256403, avg=459.64, stdev=1413.29
    clat (usec): min=3, max=128867, avg=58542.43, stdev=9065.12
     lat (usec): min=387, max=385273, avg=59002.52, stdev=9189.30
    clat percentiles (msec):
     |  1.00th=[   42],  5.00th=[   45], 10.00th=[   48], 20.00th=[   52],
     | 30.00th=[   54], 40.00th=[   56], 50.00th=[   59], 60.00th=[   61],
     | 70.00th=[   63], 80.00th=[   65], 90.00th=[   70], 95.00th=[   74],
     | 99.00th=[   85], 99.50th=[   91], 99.90th=[  105], 99.95th=[  126],
     | 99.99th=[  129]
   bw (  MiB/s): min=  288, max= 1259, per=100.00%, avg=1074.21, stdev=134.09, samples=57
   iops        : min=  576, max= 2518, avg=2148.28, stdev=268.24, samples=57
  lat (usec)   : 4=0.01%, 500=0.01%, 750=0.01%
  lat (msec)   : 2=0.01%, 4=0.01%, 10=0.03%, 20=0.01%, 50=14.34%
  lat (msec)   : 100=85.30%, 250=0.29%
  cpu          : usr=6.96%, sys=66.97%, ctx=13845, majf=0, minf=64
  IO depths    : 1=0.1%, 2=0.1%, 4=0.1%, 8=0.1%, 16=0.1%, 32=0.1%, >=64=99.9%
     submit    : 0=0.0%, 4=100.0%, 8=0.0%, 16=0.0%, 32=0.0%, 64=0.0%, >=64=0.0%
     complete  : 0=0.0%, 4=100.0%, 8=0.0%, 16=0.0%, 32=0.0%, 64=0.0%, >=64=0.1%
     issued rwts: total=0,61440,0,0 short=0,0,0,0 dropped=0,0,0,0
     latency   : target=0, window=0, percentile=100.00%, depth=128

Run status group 0 (all jobs):
  WRITE: bw=1073MiB/s (1125MB/s), 1073MiB/s-1073MiB/s (1125MB/s-1125MB/s), io=30.0GiB (32.2GB), run=28637-28637msec
