jobs1: (g=0): rw=randwrite, bs=(R) 4096B-4096B, (W) 4096B-4096B, (T) 4096B-4096B, ioengine=libaio, iodepth=128
...
fio-3.28
Starting 32 processes
jobs1: Laying out IO files (128 files / total 30720MiB)

jobs1: (groupid=0, jobs=32): err= 0: pid=781744: Wed Jul 26 01:02:12 2023
  write: IOPS=427k, BW=1667MiB/s (1748MB/s)(30.0GiB/18433msec); 0 zone resets
    slat (nsec): min=1248, max=57564, avg=1763.45, stdev=515.24
    clat (nsec): min=1209, max=2177.7k, avg=297903.62, stdev=59604.09
     lat (usec): min=2, max=2207, avg=299.73, stdev=59.98
    clat percentiles (usec):
     |  1.00th=[  277],  5.00th=[  277], 10.00th=[  277], 20.00th=[  277],
     | 30.00th=[  281], 40.00th=[  281], 50.00th=[  281], 60.00th=[  281],
     | 70.00th=[  281], 80.00th=[  281], 90.00th=[  285], 95.00th=[  486],
     | 99.00th=[  498], 99.50th=[  502], 99.90th=[  523], 99.95th=[  594],
     | 99.99th=[ 1139]
   bw (  MiB/s): min=  976, max= 1778, per=100.00%, avg=1668.79, stdev=264.22, samples=36
   iops        : min=249937, max=455422, avg=427209.72, stdev=67639.20, samples=36
  lat (usec)   : 2=0.01%, 4=0.01%, 10=0.01%, 20=0.01%, 50=0.01%
  lat (usec)   : 100=0.01%, 250=0.01%, 500=99.42%, 750=0.54%, 1000=0.02%
  lat (msec)   : 2=0.01%, 4=0.01%
  cpu          : usr=25.64%, sys=74.36%, ctx=37, majf=1, minf=74
  IO depths    : 1=0.1%, 2=0.1%, 4=0.1%, 8=0.1%, 16=0.1%, 32=0.1%, >=64=100.0%
     submit    : 0=0.0%, 4=100.0%, 8=0.0%, 16=0.0%, 32=0.0%, 64=0.0%, >=64=0.0%
     complete  : 0=0.0%, 4=100.0%, 8=0.0%, 16=0.0%, 32=0.0%, 64=0.0%, >=64=0.1%
     issued rwts: total=0,7864320,0,0 short=0,0,0,0 dropped=0,0,0,0
     latency   : target=0, window=0, percentile=100.00%, depth=128

Run status group 0 (all jobs):
  WRITE: bw=1667MiB/s (1748MB/s), 1667MiB/s-1667MiB/s (1748MB/s-1748MB/s), io=30.0GiB (32.2GB), run=18433-18433msec
