jobs1: (g=0): rw=randread, bs=(R) 4096B-4096B, (W) 4096B-4096B, (T) 4096B-4096B, ioengine=libaio, iodepth=128
...
fio-3.28
Starting 16 processes
jobs1: Laying out IO files (64 files / total 30720MiB)

jobs1: (groupid=0, jobs=16): err= 0: pid=464285: Tue Jul 25 21:53:58 2023
  read: IOPS=6273, BW=24.5MiB/s (25.7MB/s)(2941MiB/120001msec)
    slat (usec): min=30, max=387, avg=153.77, stdev=55.66
    clat (usec): min=12, max=61371, avg=20239.31, stdev=3030.98
     lat (usec): min=259, max=61566, avg=20393.73, stdev=3049.71
    clat percentiles (usec):
     |  1.00th=[ 9765],  5.00th=[14877], 10.00th=[16319], 20.00th=[18482],
     | 30.00th=[19530], 40.00th=[20317], 50.00th=[20841], 60.00th=[21365],
     | 70.00th=[21890], 80.00th=[22152], 90.00th=[22938], 95.00th=[23725],
     | 99.00th=[26870], 99.50th=[27132], 99.90th=[27657], 99.95th=[27657],
     | 99.99th=[27919]
   bw (  KiB/s): min=18760, max=59272, per=99.95%, avg=25082.68, stdev=3009.40, samples=239
   iops        : min= 4690, max=14818, avg=6270.62, stdev=752.36, samples=239
  lat (usec)   : 20=0.01%, 500=0.01%, 750=0.01%, 1000=0.01%
  lat (msec)   : 2=0.01%, 4=0.01%, 10=1.01%, 20=35.18%, 50=63.80%
  lat (msec)   : 100=0.01%
  cpu          : usr=3.61%, sys=14.47%, ctx=752924, majf=0, minf=167
  IO depths    : 1=0.1%, 2=0.1%, 4=0.1%, 8=0.1%, 16=0.1%, 32=0.1%, >=64=100.0%
     submit    : 0=0.0%, 4=100.0%, 8=0.0%, 16=0.0%, 32=0.0%, 64=0.0%, >=64=0.0%
     complete  : 0=0.0%, 4=100.0%, 8=0.0%, 16=0.0%, 32=0.0%, 64=0.0%, >=64=0.1%
     issued rwts: total=752832,0,0,0 short=0,0,0,0 dropped=0,0,0,0
     latency   : target=0, window=0, percentile=100.00%, depth=128

Run status group 0 (all jobs):
   READ: bw=24.5MiB/s (25.7MB/s), 24.5MiB/s-24.5MiB/s (25.7MB/s-25.7MB/s), io=2941MiB (3084MB), run=120001-120001msec
