jobs1: (g=0): rw=randwrite, bs=(R) 512KiB-512KiB, (W) 512KiB-512KiB, (T) 512KiB-512KiB, ioengine=libaio, iodepth=128
fio-3.28
Starting 1 process
jobs1: Laying out IO files (512 files / total 30720MiB)

jobs1: (groupid=0, jobs=1): err= 0: pid=1145536: Wed Jul 26 07:59:10 2023
  write: IOPS=3127, BW=1564MiB/s (1640MB/s)(30.0GiB/19643msec); 0 zone resets
    slat (usec): min=166, max=255718, avg=314.52, stdev=1304.87
    clat (usec): min=2, max=125787, avg=39955.10, stdev=15596.87
     lat (usec): min=192, max=380219, avg=40269.86, stdev=15751.46
    clat percentiles (msec):
     |  1.00th=[   24],  5.00th=[   24], 10.00th=[   25], 20.00th=[   25],
     | 30.00th=[   26], 40.00th=[   29], 50.00th=[   36], 60.00th=[   41],
     | 70.00th=[   54], 80.00th=[   57], 90.00th=[   61], 95.00th=[   65],
     | 99.00th=[   73], 99.50th=[   93], 99.90th=[  116], 99.95th=[  125],
     | 99.99th=[  126]
   bw (  MiB/s): min=  146, max= 2263, per=99.54%, avg=1556.72, stdev=582.62, samples=39
   iops        : min=  292, max= 4526, avg=3113.44, stdev=1165.25, samples=39
  lat (usec)   : 4=0.01%, 250=0.01%, 500=0.01%, 750=0.01%, 1000=0.01%
  lat (msec)   : 2=0.01%, 4=0.02%, 10=0.05%, 20=0.07%, 50=65.85%
  lat (msec)   : 100=33.63%, 250=0.37%
  cpu          : usr=7.45%, sys=70.07%, ctx=9878, majf=0, minf=13
  IO depths    : 1=0.1%, 2=0.1%, 4=0.1%, 8=0.1%, 16=0.1%, 32=0.1%, >=64=99.9%
     submit    : 0=0.0%, 4=100.0%, 8=0.0%, 16=0.0%, 32=0.0%, 64=0.0%, >=64=0.0%
     complete  : 0=0.0%, 4=100.0%, 8=0.0%, 16=0.0%, 32=0.0%, 64=0.0%, >=64=0.1%
     issued rwts: total=0,61440,0,0 short=0,0,0,0 dropped=0,0,0,0
     latency   : target=0, window=0, percentile=100.00%, depth=128

Run status group 0 (all jobs):
  WRITE: bw=1564MiB/s (1640MB/s), 1564MiB/s-1564MiB/s (1640MB/s-1640MB/s), io=30.0GiB (32.2GB), run=19643-19643msec
