jobs1: (g=0): rw=randwrite, bs=(R) 32.0KiB-32.0KiB, (W) 32.0KiB-32.0KiB, (T) 32.0KiB-32.0KiB, ioengine=libaio, iodepth=128
...
fio-3.28
Starting 16 processes
jobs1: Laying out IO file (1 file / 30720MiB)

jobs1: (groupid=0, jobs=16): err= 0: pid=165991: Tue Jul 25 18:44:59 2023
  write: IOPS=101k, BW=3154MiB/s (3307MB/s)(30.0GiB/9740msec); 0 zone resets
    slat (usec): min=6, max=290, avg= 9.30, stdev= 2.58
    clat (nsec): min=1089, max=4651.8k, avg=1258115.78, stdev=317305.35
     lat (usec): min=9, max=4700, avg=1267.49, stdev=319.71
    clat percentiles (usec):
     |  1.00th=[ 1123],  5.00th=[ 1123], 10.00th=[ 1123], 20.00th=[ 1123],
     | 30.00th=[ 1123], 40.00th=[ 1123], 50.00th=[ 1123], 60.00th=[ 1139],
     | 70.00th=[ 1139], 80.00th=[ 1139], 90.00th=[ 2040], 95.00th=[ 2040],
     | 99.00th=[ 2057], 99.50th=[ 2073], 99.90th=[ 2180], 99.95th=[ 2343],
     | 99.99th=[ 3032]
   bw (  MiB/s): min= 1926, max= 3527, per=100.00%, avg=3164.74, stdev=655.14, samples=19
   iops        : min=61658, max=112876, avg=101271.74, stdev=20964.39, samples=19
  lat (usec)   : 2=0.01%, 20=0.01%, 50=0.01%, 100=0.01%, 250=0.01%
  lat (usec)   : 500=0.01%, 750=0.01%, 1000=0.01%
  lat (msec)   : 2=86.45%, 4=13.53%, 10=0.01%
  cpu          : usr=9.57%, sys=90.42%, ctx=14, majf=0, minf=41
  IO depths    : 1=0.1%, 2=0.1%, 4=0.1%, 8=0.1%, 16=0.1%, 32=0.1%, >=64=100.0%
     submit    : 0=0.0%, 4=100.0%, 8=0.0%, 16=0.0%, 32=0.0%, 64=0.0%, >=64=0.0%
     complete  : 0=0.0%, 4=100.0%, 8=0.0%, 16=0.0%, 32=0.0%, 64=0.0%, >=64=0.1%
     issued rwts: total=0,983040,0,0 short=0,0,0,0 dropped=0,0,0,0
     latency   : target=0, window=0, percentile=100.00%, depth=128

Run status group 0 (all jobs):
  WRITE: bw=3154MiB/s (3307MB/s), 3154MiB/s-3154MiB/s (3307MB/s-3307MB/s), io=30.0GiB (32.2GB), run=9740-9740msec
