jobs1: (g=0): rw=randwrite, bs=(R) 128KiB-128KiB, (W) 128KiB-128KiB, (T) 128KiB-128KiB, ioengine=libaio, iodepth=128
...
fio-3.28
Starting 32 processes
jobs1: Laying out IO files (512 files / total 30720MiB)

jobs1: (groupid=0, jobs=32): err= 0: pid=1135546: Wed Jul 26 07:08:48 2023
  write: IOPS=7363, BW=920MiB/s (965MB/s)(30.0GiB/33376msec); 0 zone resets
    slat (usec): min=49, max=159625, avg=133.90, stdev=961.40
    clat (usec): min=4, max=582949, avg=16888.63, stdev=6441.10
     lat (usec): min=125, max=715544, avg=17022.70, stdev=6604.05
    clat percentiles (usec):
     |  1.00th=[ 7242],  5.00th=[ 7308], 10.00th=[ 7767], 20.00th=[10159],
     | 30.00th=[11600], 40.00th=[13566], 50.00th=[19006], 60.00th=[20317],
     | 70.00th=[21627], 80.00th=[22938], 90.00th=[24511], 95.00th=[25297],
     | 99.00th=[28443], 99.50th=[28967], 99.90th=[30802], 99.95th=[32113],
     | 99.99th=[35390]
   bw (  KiB/s): min=48900, max=1942272, per=100.00%, avg=950095.52, stdev=266288.66, samples=66
   iops        : min=  382, max=15174, avg=7422.55, stdev=2080.39, samples=66
  lat (usec)   : 10=0.01%, 250=0.01%, 500=0.01%, 750=0.01%, 1000=0.01%
  lat (msec)   : 2=0.01%, 4=0.01%, 10=18.43%, 20=38.11%, 50=43.44%
  lat (msec)   : 250=0.01%, 500=0.01%, 750=0.01%
  cpu          : usr=6.01%, sys=57.90%, ctx=6133, majf=0, minf=72
  IO depths    : 1=0.1%, 2=0.1%, 4=0.1%, 8=0.1%, 16=0.1%, 32=0.1%, >=64=100.0%
     submit    : 0=0.0%, 4=100.0%, 8=0.0%, 16=0.0%, 32=0.0%, 64=0.0%, >=64=0.0%
     complete  : 0=0.0%, 4=100.0%, 8=0.0%, 16=0.0%, 32=0.0%, 64=0.0%, >=64=0.1%
     issued rwts: total=0,245760,0,0 short=0,0,0,0 dropped=0,0,0,0
     latency   : target=0, window=0, percentile=100.00%, depth=128

Run status group 0 (all jobs):
  WRITE: bw=920MiB/s (965MB/s), 920MiB/s-920MiB/s (965MB/s-965MB/s), io=30.0GiB (32.2GB), run=33376-33376msec
