jobs1: (g=0): rw=randwrite, bs=(R) 128KiB-128KiB, (W) 128KiB-128KiB, (T) 128KiB-128KiB, ioengine=libaio, iodepth=128
...
fio-3.28
Starting 32 processes
jobs1: Laying out IO files (512 files / total 30720MiB)

jobs1: (groupid=0, jobs=32): err= 0: pid=1136588: Wed Jul 26 07:11:56 2023
  write: IOPS=39.3k, BW=4909MiB/s (5147MB/s)(30.0GiB/6258msec); 0 zone resets
    slat (nsec): min=19130, max=63835, avg=24747.93, stdev=6243.25
    clat (nsec): min=1567, max=5959.0k, avg=3232235.64, stdev=799951.71
     lat (usec): min=23, max=6001, avg=3257.05, stdev=806.08
    clat percentiles (usec):
     |  1.00th=[ 2835],  5.00th=[ 2835], 10.00th=[ 2835], 20.00th=[ 2868],
     | 30.00th=[ 2868], 40.00th=[ 2868], 50.00th=[ 2868], 60.00th=[ 2868],
     | 70.00th=[ 2900], 80.00th=[ 2900], 90.00th=[ 5014], 95.00th=[ 5080],
     | 99.00th=[ 5080], 99.50th=[ 5080], 99.90th=[ 5145], 99.95th=[ 5604],
     | 99.99th=[ 5932]
   bw (  MiB/s): min= 3154, max= 5539, per=100.00%, avg=4918.58, stdev=1063.71, samples=12
   iops        : min=25236, max=44316, avg=39348.50, stdev=8509.81, samples=12
  lat (usec)   : 2=0.01%, 50=0.01%, 100=0.01%, 250=0.01%, 500=0.01%
  lat (usec)   : 750=0.01%, 1000=0.01%
  lat (msec)   : 2=0.02%, 4=83.17%, 10=16.79%
  cpu          : usr=9.78%, sys=90.19%, ctx=4, majf=0, minf=75
  IO depths    : 1=0.1%, 2=0.1%, 4=0.1%, 8=0.1%, 16=0.1%, 32=0.1%, >=64=100.0%
     submit    : 0=0.0%, 4=100.0%, 8=0.0%, 16=0.0%, 32=0.0%, 64=0.0%, >=64=0.0%
     complete  : 0=0.0%, 4=100.0%, 8=0.0%, 16=0.0%, 32=0.0%, 64=0.0%, >=64=0.1%
     issued rwts: total=0,245760,0,0 short=0,0,0,0 dropped=0,0,0,0
     latency   : target=0, window=0, percentile=100.00%, depth=128

Run status group 0 (all jobs):
  WRITE: bw=4909MiB/s (5147MB/s), 4909MiB/s-4909MiB/s (5147MB/s-5147MB/s), io=30.0GiB (32.2GB), run=6258-6258msec
