jobs1: (g=0): rw=randwrite, bs=(R) 512KiB-512KiB, (W) 512KiB-512KiB, (T) 512KiB-512KiB, ioengine=libaio, iodepth=128
...
fio-3.28
Starting 16 processes
jobs1: Laying out IO files (512 files / total 30720MiB)

jobs1: (groupid=0, jobs=16): err= 0: pid=1147386: Wed Jul 26 08:03:57 2023
  write: IOPS=8351, BW=4176MiB/s (4378MB/s)(30.0GiB/7357msec); 0 zone resets
    slat (usec): min=96, max=207, avg=118.55, stdev=19.84
    clat (usec): min=2, max=22627, avg=15186.46, stdev=2491.53
     lat (usec): min=105, max=22808, avg=15305.13, stdev=2510.42
    clat percentiles (usec):
     |  1.00th=[14091],  5.00th=[14091], 10.00th=[14091], 20.00th=[14091],
     | 30.00th=[14222], 40.00th=[14222], 50.00th=[14222], 60.00th=[14222],
     | 70.00th=[14222], 80.00th=[14353], 90.00th=[20055], 95.00th=[21890],
     | 99.00th=[22414], 99.50th=[22414], 99.90th=[22676], 99.95th=[22676],
     | 99.99th=[22676]
   bw (  MiB/s): min= 2896, max= 4477, per=100.00%, avg=4194.70, stdev=573.00, samples=14
   iops        : min= 5792, max= 8954, avg=8389.29, stdev=1146.10, samples=14
  lat (usec)   : 4=0.01%, 250=0.01%, 500=0.01%, 750=0.01%, 1000=0.01%
  lat (msec)   : 2=0.01%, 4=0.03%, 10=0.09%, 20=88.16%, 50=11.70%
  cpu          : usr=13.39%, sys=86.68%, ctx=15, majf=0, minf=44
  IO depths    : 1=0.1%, 2=0.1%, 4=0.1%, 8=0.1%, 16=0.1%, 32=0.1%, >=64=99.9%
     submit    : 0=0.0%, 4=100.0%, 8=0.0%, 16=0.0%, 32=0.0%, 64=0.0%, >=64=0.0%
     complete  : 0=0.0%, 4=100.0%, 8=0.0%, 16=0.0%, 32=0.0%, 64=0.0%, >=64=0.1%
     issued rwts: total=0,61440,0,0 short=0,0,0,0 dropped=0,0,0,0
     latency   : target=0, window=0, percentile=100.00%, depth=128

Run status group 0 (all jobs):
  WRITE: bw=4176MiB/s (4378MB/s), 4176MiB/s-4176MiB/s (4378MB/s-4378MB/s), io=30.0GiB (32.2GB), run=7357-7357msec
