jobs1: (g=0): rw=randwrite, bs=(R) 32.0KiB-32.0KiB, (W) 32.0KiB-32.0KiB, (T) 32.0KiB-32.0KiB, ioengine=libaio, iodepth=128
...
fio-3.28
Starting 16 processes
jobs1: Laying out IO files (128 files / total 30720MiB)

jobs1: (groupid=0, jobs=16): err= 0: pid=804595: Wed Jul 26 02:05:03 2023
  write: IOPS=61.4k, BW=1918MiB/s (2011MB/s)(30.0GiB/16017msec); 0 zone resets
    slat (usec): min=8, max=131218, avg=15.41, stdev=228.59
    clat (usec): min=2, max=512898, avg=2010.63, stdev=2091.23
     lat (usec): min=17, max=512968, avg=2026.12, stdev=2157.96
    clat percentiles (usec):
     |  1.00th=[ 1336],  5.00th=[ 1352], 10.00th=[ 1369], 20.00th=[ 1418],
     | 30.00th=[ 1467], 40.00th=[ 1565], 50.00th=[ 1663], 60.00th=[ 1811],
     | 70.00th=[ 1909], 80.00th=[ 1991], 90.00th=[ 2474], 95.00th=[ 2573],
     | 99.00th=[12387], 99.50th=[13304], 99.90th=[17433], 99.95th=[20841],
     | 99.99th=[24511]
   bw (  MiB/s): min=  271, max= 2268, per=100.00%, avg=1926.93, stdev=426.37, samples=31
   iops        : min= 8700, max=72604, avg=61661.84, stdev=13643.94, samples=31
  lat (usec)   : 4=0.01%, 20=0.01%, 50=0.01%, 100=0.01%, 250=0.01%
  lat (usec)   : 500=0.01%, 750=0.01%, 1000=0.01%
  lat (msec)   : 2=80.08%, 4=17.50%, 10=0.31%, 20=2.03%, 50=0.06%
  lat (msec)   : 100=0.01%, 250=0.01%, 500=0.01%, 750=0.01%
  cpu          : usr=6.98%, sys=77.52%, ctx=2386, majf=0, minf=45
  IO depths    : 1=0.1%, 2=0.1%, 4=0.1%, 8=0.1%, 16=0.1%, 32=0.1%, >=64=100.0%
     submit    : 0=0.0%, 4=100.0%, 8=0.0%, 16=0.0%, 32=0.0%, 64=0.0%, >=64=0.0%
     complete  : 0=0.0%, 4=100.0%, 8=0.0%, 16=0.0%, 32=0.0%, 64=0.0%, >=64=0.1%
     issued rwts: total=0,983040,0,0 short=0,0,0,0 dropped=0,0,0,0
     latency   : target=0, window=0, percentile=100.00%, depth=128

Run status group 0 (all jobs):
  WRITE: bw=1918MiB/s (2011MB/s), 1918MiB/s-1918MiB/s (2011MB/s-2011MB/s), io=30.0GiB (32.2GB), run=16017-16017msec
