jobs1: (g=0): rw=randread, bs=(R) 128KiB-128KiB, (W) 128KiB-128KiB, (T) 128KiB-128KiB, ioengine=libaio, iodepth=128
fio-3.28
Starting 1 process
jobs1: Laying out IO files (1024 files / total 30720MiB)
fio: pid=1187809, err=24/file:filesetup.c:805, func=open(/home/sevag/fuse_boc//f1018), error=Too many open files

jobs1: (groupid=0, jobs=1): err=24 (file:filesetup.c:805, func=open(/home/sevag/fuse_boc//f1018), error=Too many open files): pid=1187809: Wed Jul 26 10:22:00 2023
  read: IOPS=2279, BW=285MiB/s (299MB/s)(127MiB/447msec)
    slat (usec): min=182, max=614, avg=291.35, stdev=95.16
    clat (usec): min=87, max=76415, avg=50756.79, stdev=10969.16
     lat (usec): min=380, max=77031, avg=51049.04, stdev=10982.98
    clat percentiles (usec):
     |  1.00th=[ 6063],  5.00th=[26346], 10.00th=[42730], 20.00th=[47449],
     | 30.00th=[50070], 40.00th=[51119], 50.00th=[52691], 60.00th=[53740],
     | 70.00th=[55837], 80.00th=[57410], 90.00th=[59507], 95.00th=[61080],
     | 99.00th=[72877], 99.50th=[74974], 99.90th=[76022], 99.95th=[76022],
     | 99.99th=[76022]
  lat (usec)   : 100=0.10%, 750=0.10%
  lat (msec)   : 2=0.20%, 4=0.29%, 10=1.18%, 20=1.96%, 50=26.01%
  lat (msec)   : 100=70.17%
  cpu          : usr=1.12%, sys=43.27%, ctx=2048, majf=0, minf=4114
  IO depths    : 1=0.1%, 2=0.2%, 4=0.4%, 8=0.8%, 16=1.6%, 32=3.1%, >=64=93.8%
     submit    : 0=0.0%, 4=100.0%, 8=0.0%, 16=0.0%, 32=0.0%, 64=0.0%, >=64=0.0%
     complete  : 0=0.0%, 4=99.9%, 8=0.0%, 16=0.0%, 32=0.0%, 64=0.0%, >=64=0.1%
     issued rwts: total=1019,0,0,0 short=0,0,0,0 dropped=0,0,0,0
     latency   : target=0, window=0, percentile=100.00%, depth=128

Run status group 0 (all jobs):
   READ: bw=285MiB/s (299MB/s), 285MiB/s-285MiB/s (299MB/s-299MB/s), io=127MiB (134MB), run=447-447msec
