jobs1: (g=0): rw=randread, bs=(R) 128KiB-128KiB, (W) 128KiB-128KiB, (T) 128KiB-128KiB, ioengine=libaio, iodepth=128
fio-3.28
Starting 1 process
jobs1: Laying out IO file (1 file / 30720MiB)

jobs1: (groupid=0, jobs=1): err= 0: pid=184835: Tue Jul 25 19:48:46 2023
  read: IOPS=6651, BW=831MiB/s (872MB/s)(30.0GiB/36946msec)
    slat (usec): min=128, max=556, avg=147.71, stdev=11.22
    clat (usec): min=3, max=39163, avg=19081.71, stdev=1250.33
     lat (usec): min=138, max=39701, avg=19229.79, stdev=1259.60
    clat percentiles (usec):
     |  1.00th=[17695],  5.00th=[17695], 10.00th=[17957], 20.00th=[18220],
     | 30.00th=[18220], 40.00th=[18482], 50.00th=[18744], 60.00th=[19006],
     | 70.00th=[19268], 80.00th=[19792], 90.00th=[21627], 95.00th=[21890],
     | 99.00th=[21890], 99.50th=[22152], 99.90th=[22938], 99.95th=[25035],
     | 99.99th=[33424]
   bw (  KiB/s): min=681216, max=900608, per=99.89%, avg=850463.56, stdev=51103.71, samples=73
   iops        : min= 5322, max= 7036, avg=6644.25, stdev=399.25, samples=73
  lat (usec)   : 4=0.01%, 250=0.01%, 500=0.01%, 750=0.01%, 1000=0.01%
  lat (msec)   : 2=0.01%, 4=0.01%, 10=0.02%, 20=82.47%, 50=17.50%
  cpu          : usr=1.79%, sys=58.63%, ctx=245793, majf=0, minf=4108
  IO depths    : 1=0.1%, 2=0.1%, 4=0.1%, 8=0.1%, 16=0.1%, 32=0.1%, >=64=100.0%
     submit    : 0=0.0%, 4=100.0%, 8=0.0%, 16=0.0%, 32=0.0%, 64=0.0%, >=64=0.0%
     complete  : 0=0.0%, 4=100.0%, 8=0.0%, 16=0.0%, 32=0.0%, 64=0.0%, >=64=0.1%
     issued rwts: total=245760,0,0,0 short=0,0,0,0 dropped=0,0,0,0
     latency   : target=0, window=0, percentile=100.00%, depth=128

Run status group 0 (all jobs):
   READ: bw=831MiB/s (872MB/s), 831MiB/s-831MiB/s (872MB/s-872MB/s), io=30.0GiB (32.2GB), run=36946-36946msec
