jobs1: (g=0): rw=randread, bs=(R) 4096B-4096B, (W) 4096B-4096B, (T) 4096B-4096B, ioengine=libaio, iodepth=128
fio-3.28
Starting 1 process
jobs1: Laying out IO file (1 file / 30720MiB)

jobs1: (groupid=0, jobs=1): err= 0: pid=157319: Tue Jul 25 18:15:20 2023
  read: IOPS=507k, BW=1979MiB/s (2075MB/s)(30.0GiB/15524msec)
    slat (nsec): min=812, max=51278, avg=1481.04, stdev=513.78
    clat (nsec): min=914, max=1203.9k, avg=250900.43, stdev=42376.22
     lat (nsec): min=1916, max=1227.2k, avg=252417.52, stdev=42642.66
    clat percentiles (usec):
     |  1.00th=[  227],  5.00th=[  237], 10.00th=[  237], 20.00th=[  239],
     | 30.00th=[  239], 40.00th=[  241], 50.00th=[  241], 60.00th=[  241],
     | 70.00th=[  243], 80.00th=[  243], 90.00th=[  245], 95.00th=[  408],
     | 99.00th=[  416], 99.50th=[  420], 99.90th=[  424], 99.95th=[  586],
     | 99.99th=[  783]
   bw (  MiB/s): min= 1201, max= 2154, per=99.99%, avg=1978.69, stdev=260.62, samples=31
   iops        : min=307508, max=551428, avg=506544.45, stdev=66718.76, samples=31
  lat (nsec)   : 1000=0.01%
  lat (usec)   : 4=0.01%, 10=0.01%, 20=0.01%, 50=0.01%, 100=0.01%
  lat (usec)   : 250=92.91%, 500=7.03%, 750=0.03%, 1000=0.02%
  lat (msec)   : 2=0.01%
  cpu          : usr=23.21%, sys=76.78%, ctx=56, majf=0, minf=138
  IO depths    : 1=0.1%, 2=0.1%, 4=0.1%, 8=0.1%, 16=0.1%, 32=0.1%, >=64=100.0%
     submit    : 0=0.0%, 4=100.0%, 8=0.0%, 16=0.0%, 32=0.0%, 64=0.0%, >=64=0.0%
     complete  : 0=0.0%, 4=100.0%, 8=0.0%, 16=0.0%, 32=0.0%, 64=0.0%, >=64=0.1%
     issued rwts: total=7864320,0,0,0 short=0,0,0,0 dropped=0,0,0,0
     latency   : target=0, window=0, percentile=100.00%, depth=128

Run status group 0 (all jobs):
   READ: bw=1979MiB/s (2075MB/s), 1979MiB/s-1979MiB/s (2075MB/s-2075MB/s), io=30.0GiB (32.2GB), run=15524-15524msec
