jobs1: (g=0): rw=randread, bs=(R) 4096B-4096B, (W) 4096B-4096B, (T) 4096B-4096B, ioengine=libaio, iodepth=128
...
fio-3.28
Starting 32 processes
jobs1: Laying out IO files (1024 files / total 30720MiB)
fio: pid=1165656, err=24/file:filesetup.c:805, func=open(/tmp/ssfs/home/sevag/fuse_ext4/f1012), error=Too many open files

jobs1: (groupid=0, jobs=32): err=24 (file:filesetup.c:805, func=open(/tmp/ssfs/home/sevag/fuse_ext4/f1012), error=Too many open files): pid=1165656: Wed Jul 26 09:20:46 2023
  read: IOPS=2281, BW=9126KiB/s (9345kB/s)(4052KiB/444msec)
    slat (usec): min=36, max=317, avg=146.41, stdev=70.69
    clat (usec): min=85, max=86950, avg=50817.73, stdev=14747.78
     lat (usec): min=140, max=87233, avg=50964.90, stdev=14726.77
    clat percentiles (usec):
     |  1.00th=[ 7046],  5.00th=[22676], 10.00th=[40633], 20.00th=[43779],
     | 30.00th=[46924], 40.00th=[49021], 50.00th=[50070], 60.00th=[51119],
     | 70.00th=[52691], 80.00th=[56886], 90.00th=[72877], 95.00th=[82314],
     | 99.00th=[85459], 99.50th=[85459], 99.90th=[86508], 99.95th=[86508],
     | 99.99th=[86508]
  lat (usec)   : 100=0.10%
  lat (msec)   : 4=0.20%, 10=1.58%, 20=2.47%, 50=44.82%, 100=50.84%
  cpu          : usr=0.90%, sys=16.18%, ctx=2051, majf=0, minf=200
  IO depths    : 1=0.1%, 2=0.2%, 4=0.4%, 8=0.8%, 16=1.6%, 32=3.2%, >=64=93.8%
     submit    : 0=0.0%, 4=100.0%, 8=0.0%, 16=0.0%, 32=0.0%, 64=0.0%, >=64=0.0%
     complete  : 0=0.0%, 4=99.9%, 8=0.0%, 16=0.0%, 32=0.0%, 64=0.0%, >=64=0.1%
     issued rwts: total=1013,0,0,0 short=0,0,0,0 dropped=0,0,0,0
     latency   : target=0, window=0, percentile=100.00%, depth=128

Run status group 0 (all jobs):
   READ: bw=9126KiB/s (9345kB/s), 9126KiB/s-9126KiB/s (9345kB/s-9345kB/s), io=4052KiB (4149kB), run=444-444msec
