jobs1: (g=0): rw=randwrite, bs=(R) 4096B-4096B, (W) 4096B-4096B, (T) 4096B-4096B, ioengine=libaio, iodepth=128
fio-3.28
Starting 1 process
jobs1: Laying out IO files (128 files / total 30720MiB)

jobs1: (groupid=0, jobs=1): err= 0: pid=552079: Wed Jul 26 00:48:07 2023
  write: IOPS=213k, BW=833MiB/s (873MB/s)(30.0GiB/36899msec); 0 zone resets
    slat (nsec): min=1466, max=132802k, avg=3730.01, stdev=94655.91
    clat (nsec): min=1672, max=317917k, avg=594162.95, stdev=1253411.73
     lat (usec): min=4, max=317926, avg=597.99, stdev=1260.76
    clat percentiles (usec):
     |  1.00th=[  334],  5.00th=[  392], 10.00th=[  469], 20.00th=[  478],
     | 30.00th=[  486], 40.00th=[  506], 50.00th=[  570], 60.00th=[  578],
     | 70.00th=[  578], 80.00th=[  586], 90.00th=[  594], 95.00th=[  611],
     | 99.00th=[  783], 99.50th=[ 1565], 99.90th=[15401], 99.95th=[17695],
     | 99.99th=[20055]
   bw (  KiB/s): min=209968, max=1343752, per=99.77%, avg=850561.32, stdev=153080.40, samples=73
   iops        : min=52492, max=335938, avg=212640.41, stdev=38270.16, samples=73
  lat (usec)   : 2=0.01%, 10=0.01%, 20=0.01%, 50=0.01%, 100=0.01%
  lat (usec)   : 250=0.01%, 500=38.94%, 750=59.91%, 1000=0.42%
  lat (msec)   : 2=0.25%, 4=0.04%, 10=0.06%, 20=0.36%, 50=0.01%
  lat (msec)   : 100=0.01%, 250=0.01%, 500=0.01%
  cpu          : usr=20.01%, sys=69.50%, ctx=5074, majf=0, minf=13
  IO depths    : 1=0.1%, 2=0.1%, 4=0.1%, 8=0.1%, 16=0.1%, 32=0.1%, >=64=100.0%
     submit    : 0=0.0%, 4=100.0%, 8=0.0%, 16=0.0%, 32=0.0%, 64=0.0%, >=64=0.0%
     complete  : 0=0.0%, 4=100.0%, 8=0.0%, 16=0.0%, 32=0.0%, 64=0.0%, >=64=0.1%
     issued rwts: total=0,7864320,0,0 short=0,0,0,0 dropped=0,0,0,0
     latency   : target=0, window=0, percentile=100.00%, depth=128

Run status group 0 (all jobs):
  WRITE: bw=833MiB/s (873MB/s), 833MiB/s-833MiB/s (873MB/s-873MB/s), io=30.0GiB (32.2GB), run=36899-36899msec
