jobs1: (g=0): rw=read, bs=(R) 128KiB-128KiB, (W) 128KiB-128KiB, (T) 128KiB-128KiB, ioengine=libaio, iodepth=128
...
fio-3.28
Starting 16 processes
jobs1: Laying out IO files (128 files / total 30720MiB)

jobs1: (groupid=0, jobs=16): err= 0: pid=840173: Wed Jul 26 03:13:41 2023
  read: IOPS=41.4k, BW=5180MiB/s (5431MB/s)(30.0GiB/5931msec)
    slat (usec): min=19, max=203, avg=23.53, stdev= 4.78
    clat (nsec): min=1512, max=20483k, avg=3059003.07, stdev=521379.38
     lat (usec): min=22, max=20687, avg=3082.61, stdev=525.85
    clat percentiles (usec):
     |  1.00th=[ 2802],  5.00th=[ 2802], 10.00th=[ 2802], 20.00th=[ 2802],
     | 30.00th=[ 2835], 40.00th=[ 2835], 50.00th=[ 2835], 60.00th=[ 2835],
     | 70.00th=[ 2835], 80.00th=[ 2999], 90.00th=[ 3982], 95.00th=[ 3982],
     | 99.00th=[ 4015], 99.50th=[ 4015], 99.90th=[ 4817], 99.95th=[ 6194],
     | 99.99th=[17433]
   bw (  MiB/s): min= 3860, max= 5627, per=100.00%, avg=5220.55, stdev=707.41, samples=11
   iops        : min=30886, max=45018, avg=41764.36, stdev=5659.30, samples=11
  lat (usec)   : 2=0.01%, 50=0.01%, 100=0.01%, 250=0.01%, 500=0.01%
  lat (usec)   : 750=0.01%, 1000=0.01%
  lat (msec)   : 2=0.02%, 4=98.93%, 10=1.00%, 20=0.03%, 50=0.01%
  cpu          : usr=2.41%, sys=97.57%, ctx=11, majf=3, minf=4150
  IO depths    : 1=0.1%, 2=0.1%, 4=0.1%, 8=0.1%, 16=0.1%, 32=0.1%, >=64=100.0%
     submit    : 0=0.0%, 4=100.0%, 8=0.0%, 16=0.0%, 32=0.0%, 64=0.0%, >=64=0.0%
     complete  : 0=0.0%, 4=100.0%, 8=0.0%, 16=0.0%, 32=0.0%, 64=0.0%, >=64=0.1%
     issued rwts: total=245760,0,0,0 short=0,0,0,0 dropped=0,0,0,0
     latency   : target=0, window=0, percentile=100.00%, depth=128

Run status group 0 (all jobs):
   READ: bw=5180MiB/s (5431MB/s), 5180MiB/s-5180MiB/s (5431MB/s-5431MB/s), io=30.0GiB (32.2GB), run=5931-5931msec
