jobs1: (g=0): rw=read, bs=(R) 512KiB-512KiB, (W) 512KiB-512KiB, (T) 512KiB-512KiB, ioengine=libaio, iodepth=128
fio-3.28
Starting 1 process
jobs1: Laying out IO file (1 file / 30720MiB)

jobs1: (groupid=0, jobs=1): err= 0: pid=195226: Tue Jul 25 20:24:09 2023
  read: IOPS=9057, BW=4529MiB/s (4749MB/s)(30.0GiB/6783msec)
    slat (usec): min=93, max=764, avg=109.52, stdev=21.98
    clat (usec): min=2, max=55569, avg=13952.63, stdev=2140.15
     lat (usec): min=106, max=56309, avg=14062.26, stdev=2160.36
    clat percentiles (usec):
     |  1.00th=[12911],  5.00th=[13042], 10.00th=[13042], 20.00th=[13042],
     | 30.00th=[13042], 40.00th=[13042], 50.00th=[13042], 60.00th=[13042],
     | 70.00th=[13173], 80.00th=[13173], 90.00th=[17957], 95.00th=[17957],
     | 99.00th=[18482], 99.50th=[19268], 99.90th=[32900], 99.95th=[41157],
     | 99.99th=[52167]
   bw (  MiB/s): min= 3074, max= 4865, per=99.51%, avg=4506.69, stdev=645.66, samples=13
   iops        : min= 6148, max= 9730, avg=9013.38, stdev=1291.32, samples=13
  lat (usec)   : 4=0.01%, 250=0.01%, 500=0.01%, 750=0.01%, 1000=0.01%
  lat (msec)   : 2=0.02%, 4=0.03%, 10=0.10%, 20=99.54%, 50=0.28%
  lat (msec)   : 100=0.02%
  cpu          : usr=0.93%, sys=99.06%, ctx=10, majf=0, minf=16398
  IO depths    : 1=0.1%, 2=0.1%, 4=0.1%, 8=0.1%, 16=0.1%, 32=0.1%, >=64=99.9%
     submit    : 0=0.0%, 4=100.0%, 8=0.0%, 16=0.0%, 32=0.0%, 64=0.0%, >=64=0.0%
     complete  : 0=0.0%, 4=100.0%, 8=0.0%, 16=0.0%, 32=0.0%, 64=0.0%, >=64=0.1%
     issued rwts: total=61440,0,0,0 short=0,0,0,0 dropped=0,0,0,0
     latency   : target=0, window=0, percentile=100.00%, depth=128

Run status group 0 (all jobs):
   READ: bw=4529MiB/s (4749MB/s), 4529MiB/s-4529MiB/s (4749MB/s-4749MB/s), io=30.0GiB (32.2GB), run=6783-6783msec
