jobs1: (g=0): rw=read, bs=(R) 4096B-4096B, (W) 4096B-4096B, (T) 4096B-4096B, ioengine=libaio, iodepth=128
...
fio-3.28
Starting 32 processes
jobs1: Laying out IO files (128 files / total 30720MiB)

jobs1: (groupid=0, jobs=32): err= 0: pid=790110: Wed Jul 26 01:18:18 2023
  read: IOPS=612k, BW=2390MiB/s (2506MB/s)(30.0GiB/12855msec)
    slat (nsec): min=782, max=33228, avg=1199.56, stdev=485.51
    clat (nsec): min=1132, max=2015.9k, avg=207786.59, stdev=38916.80
     lat (usec): min=2, max=2043, avg=209.02, stdev=39.15
    clat percentiles (usec):
     |  1.00th=[  192],  5.00th=[  194], 10.00th=[  194], 20.00th=[  194],
     | 30.00th=[  196], 40.00th=[  196], 50.00th=[  196], 60.00th=[  198],
     | 70.00th=[  198], 80.00th=[  200], 90.00th=[  206], 95.00th=[  334],
     | 99.00th=[  343], 99.50th=[  343], 99.90th=[  355], 99.95th=[  482],
     | 99.99th=[  701]
   bw (  MiB/s): min= 1465, max= 2531, per=100.00%, avg=2406.73, stdev=333.41, samples=25
   iops        : min=375279, max=648102, avg=616124.12, stdev=85352.84, samples=25
  lat (usec)   : 2=0.01%, 4=0.01%, 10=0.01%, 20=0.01%, 50=0.01%
  lat (usec)   : 100=0.01%, 250=92.12%, 500=7.85%, 750=0.04%, 1000=0.01%
  lat (msec)   : 2=0.01%, 4=0.01%
  cpu          : usr=23.83%, sys=76.17%, ctx=20, majf=0, minf=200
  IO depths    : 1=0.1%, 2=0.1%, 4=0.1%, 8=0.1%, 16=0.1%, 32=0.1%, >=64=100.0%
     submit    : 0=0.0%, 4=100.0%, 8=0.0%, 16=0.0%, 32=0.0%, 64=0.0%, >=64=0.0%
     complete  : 0=0.0%, 4=100.0%, 8=0.0%, 16=0.0%, 32=0.0%, 64=0.0%, >=64=0.1%
     issued rwts: total=7864320,0,0,0 short=0,0,0,0 dropped=0,0,0,0
     latency   : target=0, window=0, percentile=100.00%, depth=128

Run status group 0 (all jobs):
   READ: bw=2390MiB/s (2506MB/s), 2390MiB/s-2390MiB/s (2506MB/s-2506MB/s), io=30.0GiB (32.2GB), run=12855-12855msec
