jobs1: (g=0): rw=read, bs=(R) 4096B-4096B, (W) 4096B-4096B, (T) 4096B-4096B, ioengine=libaio, iodepth=128
fio-3.28
Starting 1 process
jobs1: Laying out IO file (1 file / 30720MiB)

jobs1: (groupid=0, jobs=1): err= 0: pid=153355: Tue Jul 25 17:50:08 2023
  read: IOPS=491k, BW=1919MiB/s (2012MB/s)(30.0GiB/16012msec)
    slat (nsec): min=694, max=193151, avg=1578.49, stdev=5715.10
    clat (nsec): min=1364, max=1506.5k, avg=258783.47, stdev=49342.52
     lat (usec): min=2, max=1620, avg=260.40, stdev=49.33
    clat percentiles (usec):
     |  1.00th=[  206],  5.00th=[  241], 10.00th=[  241], 20.00th=[  243],
     | 30.00th=[  243], 40.00th=[  243], 50.00th=[  245], 60.00th=[  247],
     | 70.00th=[  249], 80.00th=[  249], 90.00th=[  265], 95.00th=[  420],
     | 99.00th=[  453], 99.50th=[  465], 99.90th=[  510], 99.95th=[  578],
     | 99.99th=[  832]
   bw (  MiB/s): min= 1145, max= 2050, per=100.00%, avg=1919.22, stdev=282.75, samples=32
   iops        : min=293300, max=524980, avg=491319.69, stdev=72385.31, samples=32
  lat (usec)   : 2=0.01%, 4=0.01%, 10=0.01%, 20=0.01%, 50=0.01%
  lat (usec)   : 100=0.01%, 250=80.64%, 500=19.23%, 750=0.10%, 1000=0.02%
  lat (msec)   : 2=0.01%
  cpu          : usr=19.76%, sys=80.00%, ctx=2036, majf=0, minf=139
  IO depths    : 1=0.1%, 2=0.1%, 4=0.1%, 8=0.1%, 16=0.1%, 32=0.1%, >=64=100.0%
     submit    : 0=0.0%, 4=100.0%, 8=0.0%, 16=0.0%, 32=0.0%, 64=0.0%, >=64=0.0%
     complete  : 0=0.0%, 4=100.0%, 8=0.0%, 16=0.0%, 32=0.0%, 64=0.0%, >=64=0.1%
     issued rwts: total=7864320,0,0,0 short=0,0,0,0 dropped=0,0,0,0
     latency   : target=0, window=0, percentile=100.00%, depth=128

Run status group 0 (all jobs):
   READ: bw=1919MiB/s (2012MB/s), 1919MiB/s-1919MiB/s (2012MB/s-2012MB/s), io=30.0GiB (32.2GB), run=16012-16012msec
