jobs1: (g=0): rw=read, bs=(R) 512KiB-512KiB, (W) 512KiB-512KiB, (T) 512KiB-512KiB, ioengine=libaio, iodepth=128
...
fio-3.28
Starting 16 processes
jobs1: Laying out IO files (512 files / total 30720MiB)

jobs1: (groupid=0, jobs=16): err= 0: pid=1149461: Wed Jul 26 08:16:04 2023
  read: IOPS=2953, BW=1477MiB/s (1549MB/s)(30.0GiB/20799msec)
    slat (usec): min=280, max=2281, avg=333.03, stdev=107.43
    clat (usec): min=4, max=266868, avg=42715.71, stdev=15701.93
     lat (usec): min=400, max=269152, avg=43049.12, stdev=15803.59
    clat percentiles (msec):
     |  1.00th=[   38],  5.00th=[   38], 10.00th=[   38], 20.00th=[   38],
     | 30.00th=[   38], 40.00th=[   38], 50.00th=[   38], 60.00th=[   39],
     | 70.00th=[   39], 80.00th=[   39], 90.00th=[   59], 95.00th=[   63],
     | 99.00th=[   67], 99.50th=[  182], 99.90th=[  203], 99.95th=[  255],
     | 99.99th=[  264]
   bw (  MiB/s): min=  198, max= 1692, per=100.00%, avg=1482.07, stdev=354.43, samples=41
   iops        : min=  397, max= 3384, avg=2964.00, stdev=708.96, samples=41
  lat (usec)   : 10=0.01%, 500=0.01%, 1000=0.01%
  lat (msec)   : 2=0.01%, 4=0.01%, 10=0.03%, 20=0.04%, 50=82.02%
  lat (msec)   : 100=17.09%, 250=0.73%, 500=0.07%
  cpu          : usr=0.68%, sys=63.90%, ctx=62509, majf=1, minf=16444
  IO depths    : 1=0.1%, 2=0.1%, 4=0.1%, 8=0.1%, 16=0.1%, 32=0.1%, >=64=99.9%
     submit    : 0=0.0%, 4=100.0%, 8=0.0%, 16=0.0%, 32=0.0%, 64=0.0%, >=64=0.0%
     complete  : 0=0.0%, 4=100.0%, 8=0.0%, 16=0.0%, 32=0.0%, 64=0.0%, >=64=0.1%
     issued rwts: total=61440,0,0,0 short=0,0,0,0 dropped=0,0,0,0
     latency   : target=0, window=0, percentile=100.00%, depth=128

Run status group 0 (all jobs):
   READ: bw=1477MiB/s (1549MB/s), 1477MiB/s-1477MiB/s (1549MB/s-1549MB/s), io=30.0GiB (32.2GB), run=20799-20799msec
