jobs1: (g=0): rw=read, bs=(R) 512KiB-512KiB, (W) 512KiB-512KiB, (T) 512KiB-512KiB, ioengine=libaio, iodepth=128
...
fio-3.28
Starting 32 processes
jobs1: Laying out IO files (512 files / total 30720MiB)

jobs1: (groupid=0, jobs=32): err= 0: pid=1150342: Wed Jul 26 08:20:13 2023
  read: IOPS=4645, BW=2323MiB/s (2436MB/s)(30.0GiB/13226msec)
    slat (usec): min=144, max=1625, avg=212.45, stdev=93.89
    clat (usec): min=2, max=144688, avg=27209.94, stdev=12353.48
     lat (usec): min=154, max=145592, avg=27422.65, stdev=12442.75
    clat percentiles (msec):
     |  1.00th=[   22],  5.00th=[   22], 10.00th=[   22], 20.00th=[   22],
     | 30.00th=[   22], 40.00th=[   22], 50.00th=[   22], 60.00th=[   22],
     | 70.00th=[   23], 80.00th=[   41], 90.00th=[   46], 95.00th=[   48],
     | 99.00th=[   52], 99.50th=[   97], 99.90th=[  140], 99.95th=[  142],
     | 99.99th=[  144]
   bw (  MiB/s): min=  615, max= 2954, per=100.00%, avg=2323.92, stdev=785.27, samples=26
   iops        : min= 1231, max= 5908, avg=4647.77, stdev=1570.55, samples=26
  lat (usec)   : 4=0.01%, 250=0.01%, 500=0.01%, 750=0.01%, 1000=0.01%
  lat (msec)   : 2=0.01%, 4=0.02%, 10=0.07%, 20=0.79%, 50=96.94%
  lat (msec)   : 100=1.69%, 250=0.48%
  cpu          : usr=0.97%, sys=92.54%, ctx=11312, majf=0, minf=16464
  IO depths    : 1=0.1%, 2=0.1%, 4=0.1%, 8=0.1%, 16=0.1%, 32=0.1%, >=64=99.9%
     submit    : 0=0.0%, 4=100.0%, 8=0.0%, 16=0.0%, 32=0.0%, 64=0.0%, >=64=0.0%
     complete  : 0=0.0%, 4=100.0%, 8=0.0%, 16=0.0%, 32=0.0%, 64=0.0%, >=64=0.1%
     issued rwts: total=61440,0,0,0 short=0,0,0,0 dropped=0,0,0,0
     latency   : target=0, window=0, percentile=100.00%, depth=128

Run status group 0 (all jobs):
   READ: bw=2323MiB/s (2436MB/s), 2323MiB/s-2323MiB/s (2436MB/s-2436MB/s), io=30.0GiB (32.2GB), run=13226-13226msec
