jobs1: (g=0): rw=read, bs=(R) 512KiB-512KiB, (W) 512KiB-512KiB, (T) 512KiB-512KiB, ioengine=libaio, iodepth=128
...
fio-3.28
Starting 32 processes
jobs1: Laying out IO files (128 files / total 30720MiB)

jobs1: (groupid=0, jobs=32): err= 0: pid=869968: Wed Jul 26 04:11:44 2023
  read: IOPS=9048, BW=4524MiB/s (4744MB/s)(30.0GiB/6790msec)
    slat (usec): min=93, max=768, avg=109.61, stdev=23.59
    clat (usec): min=2, max=53471, avg=13969.20, stdev=2455.36
     lat (usec): min=103, max=54240, avg=14078.92, stdev=2477.15
    clat percentiles (usec):
     |  1.00th=[12911],  5.00th=[12911], 10.00th=[12911], 20.00th=[12911],
     | 30.00th=[12911], 40.00th=[12911], 50.00th=[12911], 60.00th=[12911],
     | 70.00th=[12911], 80.00th=[13042], 90.00th=[19006], 95.00th=[19268],
     | 99.00th=[19268], 99.50th=[19268], 99.90th=[30278], 99.95th=[39060],
     | 99.99th=[50070]
   bw (  MiB/s): min= 3004, max= 4913, per=99.69%, avg=4510.39, stdev=740.06, samples=13
   iops        : min= 6009, max= 9826, avg=9020.69, stdev=1480.18, samples=13
  lat (usec)   : 4=0.01%, 250=0.01%, 500=0.01%, 750=0.01%, 1000=0.01%
  lat (msec)   : 2=0.02%, 4=0.03%, 10=0.10%, 20=99.65%, 50=0.18%
  lat (msec)   : 100=0.01%
  cpu          : usr=0.63%, sys=99.32%, ctx=14, majf=0, minf=16460
  IO depths    : 1=0.1%, 2=0.1%, 4=0.1%, 8=0.1%, 16=0.1%, 32=0.1%, >=64=99.9%
     submit    : 0=0.0%, 4=100.0%, 8=0.0%, 16=0.0%, 32=0.0%, 64=0.0%, >=64=0.0%
     complete  : 0=0.0%, 4=100.0%, 8=0.0%, 16=0.0%, 32=0.0%, 64=0.0%, >=64=0.1%
     issued rwts: total=61440,0,0,0 short=0,0,0,0 dropped=0,0,0,0
     latency   : target=0, window=0, percentile=100.00%, depth=128

Run status group 0 (all jobs):
   READ: bw=4524MiB/s (4744MB/s), 4524MiB/s-4524MiB/s (4744MB/s-4744MB/s), io=30.0GiB (32.2GB), run=6790-6790msec
