jobs1: (g=0): rw=read, bs=(R) 128KiB-128KiB, (W) 128KiB-128KiB, (T) 128KiB-128KiB, ioengine=libaio, iodepth=128
...
fio-3.28
Starting 16 processes
jobs1: Laying out IO file (1 file / 30720MiB)

jobs1: (groupid=0, jobs=16): err= 0: pid=183015: Tue Jul 25 19:43:00 2023
  read: IOPS=42.2k, BW=5271MiB/s (5527MB/s)(30.0GiB/5828msec)
    slat (usec): min=18, max=207, avg=23.12, stdev= 5.50
    clat (nsec): min=1739, max=20675k, avg=3005825.24, stdev=620343.08
     lat (usec): min=23, max=20883, avg=3029.03, stdev=625.58
    clat percentiles (usec):
     |  1.00th=[ 2704],  5.00th=[ 2704], 10.00th=[ 2704], 20.00th=[ 2704],
     | 30.00th=[ 2737], 40.00th=[ 2737], 50.00th=[ 2737], 60.00th=[ 2737],
     | 70.00th=[ 2737], 80.00th=[ 2802], 90.00th=[ 4178], 95.00th=[ 4178],
     | 99.00th=[ 4359], 99.50th=[ 4359], 99.90th=[ 5145], 99.95th=[ 6652],
     | 99.99th=[17695]
   bw (  MiB/s): min= 3653, max= 5827, per=100.00%, avg=5335.11, stdev=864.55, samples=11
   iops        : min=29225, max=46619, avg=42680.73, stdev=6916.37, samples=11
  lat (usec)   : 2=0.01%, 50=0.01%, 100=0.01%, 250=0.01%, 500=0.01%
  lat (usec)   : 750=0.01%, 1000=0.01%
  lat (msec)   : 2=0.02%, 4=81.48%, 10=18.45%, 20=0.03%, 50=0.01%
  cpu          : usr=1.82%, sys=98.10%, ctx=11, majf=0, minf=4140
  IO depths    : 1=0.1%, 2=0.1%, 4=0.1%, 8=0.1%, 16=0.1%, 32=0.1%, >=64=100.0%
     submit    : 0=0.0%, 4=100.0%, 8=0.0%, 16=0.0%, 32=0.0%, 64=0.0%, >=64=0.0%
     complete  : 0=0.0%, 4=100.0%, 8=0.0%, 16=0.0%, 32=0.0%, 64=0.0%, >=64=0.1%
     issued rwts: total=245760,0,0,0 short=0,0,0,0 dropped=0,0,0,0
     latency   : target=0, window=0, percentile=100.00%, depth=128

Run status group 0 (all jobs):
   READ: bw=5271MiB/s (5527MB/s), 5271MiB/s-5271MiB/s (5527MB/s-5527MB/s), io=30.0GiB (32.2GB), run=5828-5828msec
