jobs1: (g=0): rw=read, bs=(R) 512KiB-512KiB, (W) 512KiB-512KiB, (T) 512KiB-512KiB, ioengine=libaio, iodepth=128
...
fio-3.28
Starting 32 processes
jobs1: Laying out IO file (1 file / 30720MiB)

jobs1: (groupid=0, jobs=32): err= 0: pid=195723: Tue Jul 25 20:26:05 2023
  read: IOPS=5626, BW=2813MiB/s (2950MB/s)(30.0GiB/10919msec)
    slat (usec): min=156, max=1198, avg=176.24, stdev=20.42
    clat (usec): min=2, max=60526, avg=22494.38, stdev=1848.03
     lat (usec): min=192, max=61726, avg=22670.82, stdev=1864.84
    clat percentiles (usec):
     |  1.00th=[20841],  5.00th=[20841], 10.00th=[20841], 20.00th=[20841],
     | 30.00th=[21103], 40.00th=[21627], 50.00th=[22676], 60.00th=[22938],
     | 70.00th=[22938], 80.00th=[22938], 90.00th=[25560], 95.00th=[25822],
     | 99.00th=[25822], 99.50th=[26608], 99.90th=[37487], 99.95th=[45351],
     | 99.99th=[56886]
   bw (  MiB/s): min= 2240, max= 3032, per=100.00%, avg=2817.93, stdev=208.45, samples=21
   iops        : min= 4481, max= 6064, avg=5635.81, stdev=417.02, samples=21
  lat (usec)   : 4=0.01%, 250=0.01%, 500=0.01%, 750=0.01%, 1000=0.01%
  lat (msec)   : 2=0.01%, 4=0.02%, 10=0.05%, 20=0.08%, 50=99.80%
  lat (msec)   : 100=0.03%
  cpu          : usr=0.61%, sys=97.77%, ctx=28675, majf=0, minf=16490
  IO depths    : 1=0.1%, 2=0.1%, 4=0.1%, 8=0.1%, 16=0.1%, 32=0.1%, >=64=99.9%
     submit    : 0=0.0%, 4=100.0%, 8=0.0%, 16=0.0%, 32=0.0%, 64=0.0%, >=64=0.0%
     complete  : 0=0.0%, 4=100.0%, 8=0.0%, 16=0.0%, 32=0.0%, 64=0.0%, >=64=0.1%
     issued rwts: total=61440,0,0,0 short=0,0,0,0 dropped=0,0,0,0
     latency   : target=0, window=0, percentile=100.00%, depth=128

Run status group 0 (all jobs):
   READ: bw=2813MiB/s (2950MB/s), 2813MiB/s-2813MiB/s (2950MB/s-2950MB/s), io=30.0GiB (32.2GB), run=10919-10919msec
