jobs1: (g=0): rw=read, bs=(R) 32.0KiB-32.0KiB, (W) 32.0KiB-32.0KiB, (T) 32.0KiB-32.0KiB, ioengine=libaio, iodepth=128
...
fio-3.28
Starting 32 processes
jobs1: Laying out IO files (1024 files / total 30720MiB)
fio: pid=1174433, err=24/file:filesetup.c:805, func=open(/home/sevag/fuse_boc//f1018), error=Too many open files

jobs1: (groupid=0, jobs=32): err=24 (file:filesetup.c:805, func=open(/home/sevag/fuse_boc//f1018), error=Too many open files): pid=1174433: Wed Jul 26 09:41:18 2023
  read: IOPS=6793, BW=212MiB/s (223MB/s)(31.8MiB/150msec)
    slat (usec): min=84, max=410, avg=108.12, stdev=23.24
    clat (usec): min=82, max=24441, avg=16930.89, stdev=3590.36
     lat (usec): min=167, max=24825, avg=17039.47, stdev=3597.25
    clat percentiles (usec):
     |  1.00th=[ 1713],  5.00th=[ 7242], 10.00th=[14484], 20.00th=[17695],
     | 30.00th=[17695], 40.00th=[17695], 50.00th=[17695], 60.00th=[17695],
     | 70.00th=[17695], 80.00th=[17695], 90.00th=[18482], 95.00th=[20317],
     | 99.00th=[21890], 99.50th=[22676], 99.90th=[24249], 99.95th=[24511],
     | 99.99th=[24511]
  lat (usec)   : 100=0.10%, 500=0.10%, 750=0.20%, 1000=0.20%
  lat (msec)   : 2=0.69%, 4=1.37%, 10=4.22%, 20=87.24%, 50=5.89%
  cpu          : usr=4.00%, sys=48.00%, ctx=2043, majf=0, minf=1110
  IO depths    : 1=0.1%, 2=0.2%, 4=0.4%, 8=0.8%, 16=1.6%, 32=3.1%, >=64=93.8%
     submit    : 0=0.0%, 4=100.0%, 8=0.0%, 16=0.0%, 32=0.0%, 64=0.0%, >=64=0.0%
     complete  : 0=0.0%, 4=99.9%, 8=0.0%, 16=0.0%, 32=0.0%, 64=0.0%, >=64=0.1%
     issued rwts: total=1019,0,0,0 short=0,0,0,0 dropped=0,0,0,0
     latency   : target=0, window=0, percentile=100.00%, depth=128

Run status group 0 (all jobs):
   READ: bw=212MiB/s (223MB/s), 212MiB/s-212MiB/s (223MB/s-223MB/s), io=31.8MiB (33.4MB), run=150-150msec
