jobs1: (g=0): rw=read, bs=(R) 512KiB-512KiB, (W) 512KiB-512KiB, (T) 512KiB-512KiB, ioengine=libaio, iodepth=128
fio-3.28
Starting 1 process
jobs1: Laying out IO files (512 files / total 30720MiB)

jobs1: (groupid=0, jobs=1): err= 0: pid=1149847: Wed Jul 26 08:17:23 2023
  read: IOPS=8909, BW=4455MiB/s (4671MB/s)(30.0GiB/6896msec)
    slat (usec): min=95, max=733, avg=111.26, stdev=21.32
    clat (usec): min=2, max=55443, avg=14185.78, stdev=2041.54
     lat (usec): min=104, max=56178, avg=14297.16, stdev=2060.87
    clat percentiles (usec):
     |  1.00th=[13173],  5.00th=[13173], 10.00th=[13304], 20.00th=[13304],
     | 30.00th=[13304], 40.00th=[13304], 50.00th=[13304], 60.00th=[13435],
     | 70.00th=[13566], 80.00th=[13566], 90.00th=[17695], 95.00th=[17957],
     | 99.00th=[18482], 99.50th=[19006], 99.90th=[31851], 99.95th=[40109],
     | 99.99th=[52167]
   bw (  MiB/s): min= 3087, max= 4767, per=99.41%, avg=4428.31, stdev=595.87, samples=13
   iops        : min= 6174, max= 9534, avg=8856.62, stdev=1191.74, samples=13
  lat (usec)   : 4=0.01%, 250=0.01%, 500=0.01%, 750=0.01%, 1000=0.01%
  lat (msec)   : 2=0.02%, 4=0.03%, 10=0.09%, 20=99.64%, 50=0.19%
  lat (msec)   : 100=0.02%
  cpu          : usr=0.45%, sys=99.52%, ctx=15, majf=0, minf=16402
  IO depths    : 1=0.1%, 2=0.1%, 4=0.1%, 8=0.1%, 16=0.1%, 32=0.1%, >=64=99.9%
     submit    : 0=0.0%, 4=100.0%, 8=0.0%, 16=0.0%, 32=0.0%, 64=0.0%, >=64=0.0%
     complete  : 0=0.0%, 4=100.0%, 8=0.0%, 16=0.0%, 32=0.0%, 64=0.0%, >=64=0.1%
     issued rwts: total=61440,0,0,0 short=0,0,0,0 dropped=0,0,0,0
     latency   : target=0, window=0, percentile=100.00%, depth=128

Run status group 0 (all jobs):
   READ: bw=4455MiB/s (4671MB/s), 4455MiB/s-4455MiB/s (4671MB/s-4671MB/s), io=30.0GiB (32.2GB), run=6896-6896msec
