jobs1: (g=0): rw=read, bs=(R) 4096B-4096B, (W) 4096B-4096B, (T) 4096B-4096B, ioengine=libaio, iodepth=128
...
fio-3.28
Starting 32 processes
jobs1: Laying out IO files (1024 files / total 30720MiB)
fio: pid=1163545, err=24/file:filesetup.c:805, func=open(/home/sevag/tmpfs//f1018), error=Too many open files

jobs1: (groupid=0, jobs=32): err=24 (file:filesetup.c:805, func=open(/home/sevag/tmpfs//f1018), error=Too many open files): pid=1163545: Wed Jul 26 09:08:13 2023
  read: IOPS=72.8k, BW=284MiB/s (298MB/s)(4076KiB/14msec)
    slat (nsec): min=4031, max=35331, avg=5350.29, stdev=2292.85
    clat (usec): min=75, max=2033, avg=1593.51, stdev=273.32
     lat (usec): min=81, max=2043, avg=1599.03, stdev=273.87
    clat percentiles (usec):
     |  1.00th=[  375],  5.00th=[  906], 10.00th=[ 1565], 20.00th=[ 1614],
     | 30.00th=[ 1631], 40.00th=[ 1631], 50.00th=[ 1631], 60.00th=[ 1647],
     | 70.00th=[ 1647], 80.00th=[ 1663], 90.00th=[ 1762], 95.00th=[ 1893],
     | 99.00th=[ 2008], 99.50th=[ 2024], 99.90th=[ 2024], 99.95th=[ 2040],
     | 99.99th=[ 2040]
  lat (usec)   : 100=0.10%, 500=1.86%, 750=1.86%, 1000=1.86%
  lat (msec)   : 2=92.84%, 4=1.47%
  cpu          : usr=53.85%, sys=23.08%, ctx=0, majf=1, minf=243
  IO depths    : 1=0.1%, 2=0.2%, 4=0.4%, 8=0.8%, 16=1.6%, 32=3.1%, >=64=93.8%
     submit    : 0=0.0%, 4=100.0%, 8=0.0%, 16=0.0%, 32=0.0%, 64=0.0%, >=64=0.0%
     complete  : 0=0.0%, 4=99.9%, 8=0.0%, 16=0.0%, 32=0.0%, 64=0.0%, >=64=0.1%
     issued rwts: total=1019,0,0,0 short=0,0,0,0 dropped=0,0,0,0
     latency   : target=0, window=0, percentile=100.00%, depth=128

Run status group 0 (all jobs):
   READ: bw=284MiB/s (298MB/s), 284MiB/s-284MiB/s (298MB/s-298MB/s), io=4076KiB (4174kB), run=14-14msec
