jobs1: (g=0): rw=read, bs=(R) 512KiB-512KiB, (W) 512KiB-512KiB, (T) 512KiB-512KiB, ioengine=libaio, iodepth=128
fio-3.28
Starting 1 process
jobs1: Laying out IO files (1024 files / total 30720MiB)
fio: pid=1197506, err=24/file:filesetup.c:805, func=open(/tmp/ssfs/home/sevag/fuse_ext4/f1012), error=Too many open files

jobs1: (groupid=0, jobs=1): err=24 (file:filesetup.c:805, func=open(/tmp/ssfs/home/sevag/fuse_ext4/f1012), error=Too many open files): pid=1197506: Wed Jul 26 10:48:29 2023
  read: IOPS=626, BW=313MiB/s (329MB/s)(507MiB/1616msec)
    slat (usec): min=594, max=2201, avg=1173.18, stdev=127.05
    clat (usec): min=108, max=256159, avg=186682.39, stdev=40504.95
     lat (usec): min=705, max=258363, avg=187857.03, stdev=40541.90
    clat percentiles (msec):
     |  1.00th=[   20],  5.00th=[   82], 10.00th=[  163], 20.00th=[  180],
     | 30.00th=[  190], 40.00th=[  192], 50.00th=[  199], 60.00th=[  203],
     | 70.00th=[  203], 80.00th=[  205], 90.00th=[  205], 95.00th=[  239],
     | 99.00th=[  253], 99.50th=[  255], 99.90th=[  255], 99.95th=[  257],
     | 99.99th=[  257]
   bw (  KiB/s): min=169984, max=345088, per=86.57%, avg=277845.33, stdev=94354.44, samples=3
   iops        : min=  332, max=  674, avg=542.67, stdev=184.29, samples=3
  lat (usec)   : 250=0.10%
  lat (msec)   : 10=0.39%, 20=0.59%, 50=1.88%, 100=3.26%, 250=92.20%
  lat (msec)   : 500=1.58%
  cpu          : usr=2.85%, sys=42.54%, ctx=3581, majf=0, minf=16409
  IO depths    : 1=0.1%, 2=0.2%, 4=0.4%, 8=0.8%, 16=1.6%, 32=3.2%, >=64=93.8%
     submit    : 0=0.0%, 4=100.0%, 8=0.0%, 16=0.0%, 32=0.0%, 64=0.0%, >=64=0.0%
     complete  : 0=0.0%, 4=99.9%, 8=0.0%, 16=0.0%, 32=0.0%, 64=0.0%, >=64=0.1%
     issued rwts: total=1013,0,0,0 short=0,0,0,0 dropped=0,0,0,0
     latency   : target=0, window=0, percentile=100.00%, depth=128

Run status group 0 (all jobs):
   READ: bw=313MiB/s (329MB/s), 313MiB/s-313MiB/s (329MB/s-329MB/s), io=507MiB (531MB), run=1616-1616msec
