jobs1: (g=0): rw=read, bs=(R) 4096B-4096B, (W) 4096B-4096B, (T) 4096B-4096B, ioengine=libaio, iodepth=128
...
fio-3.28
Starting 32 processes
jobs1: Laying out IO files (64 files / total 30720MiB)

jobs1: (groupid=0, jobs=32): err= 0: pid=460726: Tue Jul 25 21:28:13 2023
  read: IOPS=695k, BW=2713MiB/s (2845MB/s)(30.0GiB/11323msec)
    slat (nsec): min=738, max=27242, avg=1012.54, stdev=234.71
    clat (nsec): min=1293, max=1472.6k, avg=183055.39, stdev=33929.03
     lat (usec): min=2, max=1501, avg=184.10, stdev=34.13
    clat percentiles (usec):
     |  1.00th=[  169],  5.00th=[  172], 10.00th=[  172], 20.00th=[  172],
     | 30.00th=[  174], 40.00th=[  174], 50.00th=[  174], 60.00th=[  174],
     | 70.00th=[  176], 80.00th=[  178], 90.00th=[  180], 95.00th=[  297],
     | 99.00th=[  302], 99.50th=[  306], 99.90th=[  351], 99.95th=[  498],
     | 99.99th=[  619]
   bw (  MiB/s): min= 1645, max= 2870, per=100.00%, avg=2723.33, stdev=375.35, samples=22
   iops        : min=421170, max=734950, avg=697172.55, stdev=96089.65, samples=22
  lat (usec)   : 2=0.01%, 4=0.01%, 10=0.01%, 20=0.01%, 50=0.01%
  lat (usec)   : 100=0.01%, 250=92.50%, 500=7.46%, 750=0.04%, 1000=0.01%
  lat (msec)   : 2=0.01%
  cpu          : usr=26.39%, sys=73.58%, ctx=11, majf=0, minf=229
  IO depths    : 1=0.1%, 2=0.1%, 4=0.1%, 8=0.1%, 16=0.1%, 32=0.1%, >=64=100.0%
     submit    : 0=0.0%, 4=100.0%, 8=0.0%, 16=0.0%, 32=0.0%, 64=0.0%, >=64=0.0%
     complete  : 0=0.0%, 4=100.0%, 8=0.0%, 16=0.0%, 32=0.0%, 64=0.0%, >=64=0.1%
     issued rwts: total=7864320,0,0,0 short=0,0,0,0 dropped=0,0,0,0
     latency   : target=0, window=0, percentile=100.00%, depth=128

Run status group 0 (all jobs):
   READ: bw=2713MiB/s (2845MB/s), 2713MiB/s-2713MiB/s (2845MB/s-2845MB/s), io=30.0GiB (32.2GB), run=11323-11323msec
