jobs1: (g=0): rw=read, bs=(R) 128KiB-128KiB, (W) 128KiB-128KiB, (T) 128KiB-128KiB, ioengine=libaio, iodepth=128
...
fio-3.28
Starting 32 processes
jobs1: Laying out IO files (1024 files / total 30720MiB)
fio: pid=1186475, err=24/file:filesetup.c:805, func=open(/home/sevag/fuse_boc//f1018), error=Too many open files

jobs1: (groupid=0, jobs=32): err=24 (file:filesetup.c:805, func=open(/home/sevag/fuse_boc//f1018), error=Too many open files): pid=1186475: Wed Jul 26 10:17:13 2023
  read: IOPS=2127, BW=266MiB/s (279MB/s)(127MiB/479msec)
    slat (usec): min=197, max=1904, avg=359.64, stdev=84.03
    clat (usec): min=87, max=73719, avg=55685.94, stdev=14076.54
     lat (usec): min=285, max=74047, avg=56046.38, stdev=14085.15
    clat percentiles (usec):
     |  1.00th=[ 7242],  5.00th=[27132], 10.00th=[40633], 20.00th=[46400],
     | 30.00th=[50070], 40.00th=[51643], 50.00th=[57410], 60.00th=[62129],
     | 70.00th=[65274], 80.00th=[68682], 90.00th=[70779], 95.00th=[71828],
     | 99.00th=[72877], 99.50th=[73925], 99.90th=[73925], 99.95th=[73925],
     | 99.99th=[73925]
  lat (usec)   : 100=0.10%, 500=0.10%
  lat (msec)   : 2=0.10%, 4=0.29%, 10=0.88%, 20=2.36%, 50=26.20%
  lat (msec)   : 100=69.97%
  cpu          : usr=2.30%, sys=48.12%, ctx=2045, majf=0, minf=4193
  IO depths    : 1=0.1%, 2=0.2%, 4=0.4%, 8=0.8%, 16=1.6%, 32=3.1%, >=64=93.8%
     submit    : 0=0.0%, 4=100.0%, 8=0.0%, 16=0.0%, 32=0.0%, 64=0.0%, >=64=0.0%
     complete  : 0=0.0%, 4=99.9%, 8=0.0%, 16=0.0%, 32=0.0%, 64=0.0%, >=64=0.1%
     issued rwts: total=1019,0,0,0 short=0,0,0,0 dropped=0,0,0,0
     latency   : target=0, window=0, percentile=100.00%, depth=128

Run status group 0 (all jobs):
   READ: bw=266MiB/s (279MB/s), 266MiB/s-266MiB/s (279MB/s-279MB/s), io=127MiB (134MB), run=479-479msec
