jobs1: (g=0): rw=read, bs=(R) 128KiB-128KiB, (W) 128KiB-128KiB, (T) 128KiB-128KiB, ioengine=libaio, iodepth=128
...
fio-3.28
Starting 32 processes
jobs1: Laying out IO files (512 files / total 30720MiB)

jobs1: (groupid=0, jobs=32): err= 0: pid=1138227: Wed Jul 26 07:22:19 2023
  read: IOPS=22.2k, BW=2775MiB/s (2909MB/s)(30.0GiB/11072msec)
    slat (usec): min=15, max=1204, avg=44.26, stdev=28.83
    clat (nsec): min=1704, max=63468k, avg=5703054.99, stdev=3488600.98
     lat (usec): min=18, max=64675, avg=5747.38, stdev=3513.77
    clat percentiles (usec):
     |  1.00th=[ 2278],  5.00th=[ 2278], 10.00th=[ 2311], 20.00th=[ 2474],
     | 30.00th=[ 2638], 40.00th=[ 3752], 50.00th=[ 5473], 60.00th=[ 7832],
     | 70.00th=[ 8094], 80.00th=[ 8160], 90.00th=[ 8225], 95.00th=[11207],
     | 99.00th=[12387], 99.50th=[12649], 99.90th=[46400], 99.95th=[54789],
     | 99.99th=[59507]
   bw (  MiB/s): min= 1269, max= 3047, per=99.97%, avg=2773.82, stdev=488.02, samples=21
   iops        : min=10157, max=24378, avg=22190.48, stdev=3904.11, samples=21
  lat (usec)   : 2=0.01%, 20=0.01%, 50=0.01%, 100=0.01%, 250=0.01%
  lat (usec)   : 500=0.01%, 750=0.01%, 1000=0.01%
  lat (msec)   : 2=0.02%, 4=42.38%, 10=51.59%, 20=5.78%, 50=0.13%
  lat (msec)   : 100=0.08%
  cpu          : usr=1.65%, sys=97.47%, ctx=1042, majf=0, minf=4178
  IO depths    : 1=0.1%, 2=0.1%, 4=0.1%, 8=0.1%, 16=0.1%, 32=0.1%, >=64=100.0%
     submit    : 0=0.0%, 4=100.0%, 8=0.0%, 16=0.0%, 32=0.0%, 64=0.0%, >=64=0.0%
     complete  : 0=0.0%, 4=100.0%, 8=0.0%, 16=0.0%, 32=0.0%, 64=0.0%, >=64=0.1%
     issued rwts: total=245760,0,0,0 short=0,0,0,0 dropped=0,0,0,0
     latency   : target=0, window=0, percentile=100.00%, depth=128

Run status group 0 (all jobs):
   READ: bw=2775MiB/s (2909MB/s), 2775MiB/s-2775MiB/s (2909MB/s-2909MB/s), io=30.0GiB (32.2GB), run=11072-11072msec
