jobs1: (g=0): rw=read, bs=(R) 128KiB-128KiB, (W) 128KiB-128KiB, (T) 128KiB-128KiB, ioengine=libaio, iodepth=128
...
fio-3.28
Starting 32 processes
jobs1: Laying out IO files (1024 files / total 30720MiB)
fio: pid=1187250, err=24/file:filesetup.c:805, func=open(/home/sevag/ramdisk//f1018), error=Too many open files

jobs1: (groupid=0, jobs=32): err=24 (file:filesetup.c:805, func=open(/home/sevag/ramdisk//f1018), error=Too many open files): pid=1187250: Wed Jul 26 10:19:32 2023
  read: IOPS=21.7k, BW=2710MiB/s (2842MB/s)(127MiB/47msec)
    slat (usec): min=20, max=191, avg=40.04, stdev=37.78
    clat (usec): min=33, max=18329, avg=4619.58, stdev=2946.21
     lat (usec): min=62, max=18522, avg=4659.72, stdev=2980.33
    clat percentiles (usec):
     |  1.00th=[  388],  5.00th=[ 1565], 10.00th=[ 3130], 20.00th=[ 3752],
     | 30.00th=[ 3785], 40.00th=[ 3818], 50.00th=[ 3851], 60.00th=[ 4047],
     | 70.00th=[ 4080], 80.00th=[ 4228], 90.00th=[ 7242], 95.00th=[12387],
     | 99.00th=[17171], 99.50th=[17695], 99.90th=[18220], 99.95th=[18220],
     | 99.99th=[18220]
  lat (usec)   : 50=0.10%, 250=0.39%, 500=0.98%, 750=0.88%, 1000=0.79%
  lat (msec)   : 2=3.14%, 4=48.48%, 10=38.37%, 20=6.87%
  cpu          : usr=12.77%, sys=82.98%, ctx=0, majf=0, minf=4179
  IO depths    : 1=0.1%, 2=0.2%, 4=0.4%, 8=0.8%, 16=1.6%, 32=3.1%, >=64=93.8%
     submit    : 0=0.0%, 4=100.0%, 8=0.0%, 16=0.0%, 32=0.0%, 64=0.0%, >=64=0.0%
     complete  : 0=0.0%, 4=99.9%, 8=0.0%, 16=0.0%, 32=0.0%, 64=0.0%, >=64=0.1%
     issued rwts: total=1019,0,0,0 short=0,0,0,0 dropped=0,0,0,0
     latency   : target=0, window=0, percentile=100.00%, depth=128

Run status group 0 (all jobs):
   READ: bw=2710MiB/s (2842MB/s), 2710MiB/s-2710MiB/s (2842MB/s-2842MB/s), io=127MiB (134MB), run=47-47msec
