jobs1: (g=0): rw=read, bs=(R) 128KiB-128KiB, (W) 128KiB-128KiB, (T) 128KiB-128KiB, ioengine=libaio, iodepth=128
fio-3.28
Starting 1 process
jobs1: Laying out IO files (1024 files / total 30720MiB)
fio: pid=1184985, err=24/file:filesetup.c:805, func=open(/home/sevag/fuse_boc//f1018), error=Too many open files

jobs1: (groupid=0, jobs=1): err=24 (file:filesetup.c:805, func=open(/home/sevag/fuse_boc//f1018), error=Too many open files): pid=1184985: Wed Jul 26 10:08:54 2023
  read: IOPS=1846, BW=231MiB/s (242MB/s)(127MiB/552msec)
    slat (usec): min=195, max=755, avg=398.21, stdev=88.76
    clat (usec): min=93, max=87183, avg=63039.13, stdev=13709.36
     lat (usec): min=289, max=87940, avg=63438.41, stdev=13719.71
    clat percentiles (usec):
     |  1.00th=[ 8029],  5.00th=[32113], 10.00th=[52167], 20.00th=[57410],
     | 30.00th=[60031], 40.00th=[62653], 50.00th=[66323], 60.00th=[68682],
     | 70.00th=[69731], 80.00th=[71828], 90.00th=[76022], 95.00th=[78119],
     | 99.00th=[83362], 99.50th=[85459], 99.90th=[86508], 99.95th=[87557],
     | 99.99th=[87557]
   bw (  KiB/s): min=207104, max=207104, per=87.65%, avg=207104.00, stdev= 0.00, samples=1
   iops        : min= 1618, max= 1618, avg=1618.00, stdev= 0.00, samples=1
  lat (usec)   : 100=0.10%, 500=0.10%
  lat (msec)   : 2=0.10%, 4=0.29%, 10=0.69%, 20=1.77%, 50=4.91%
  lat (msec)   : 100=92.05%
  cpu          : usr=2.72%, sys=45.01%, ctx=2047, majf=0, minf=4122
  IO depths    : 1=0.1%, 2=0.2%, 4=0.4%, 8=0.8%, 16=1.6%, 32=3.1%, >=64=93.8%
     submit    : 0=0.0%, 4=100.0%, 8=0.0%, 16=0.0%, 32=0.0%, 64=0.0%, >=64=0.0%
     complete  : 0=0.0%, 4=99.9%, 8=0.0%, 16=0.0%, 32=0.0%, 64=0.0%, >=64=0.1%
     issued rwts: total=1019,0,0,0 short=0,0,0,0 dropped=0,0,0,0
     latency   : target=0, window=0, percentile=100.00%, depth=128

Run status group 0 (all jobs):
   READ: bw=231MiB/s (242MB/s), 231MiB/s-231MiB/s (242MB/s-242MB/s), io=127MiB (134MB), run=552-552msec
