jobs1: (g=0): rw=read, bs=(R) 4096B-4096B, (W) 4096B-4096B, (T) 4096B-4096B, ioengine=libaio, iodepth=128
...
fio-3.28
Starting 16 processes
jobs1: Laying out IO files (512 files / total 30720MiB)

jobs1: (groupid=0, jobs=16): err= 0: pid=1091149: Wed Jul 26 05:04:43 2023
  read: IOPS=450k, BW=1757MiB/s (1842MB/s)(30.0GiB/17488msec)
    slat (nsec): min=774, max=385848, avg=1780.96, stdev=5601.12
    clat (nsec): min=1419, max=17070k, avg=282459.74, stdev=684691.11
     lat (usec): min=2, max=17458, avg=284.27, stdev=689.80
    clat percentiles (usec):
     |  1.00th=[  176],  5.00th=[  178], 10.00th=[  180], 20.00th=[  182],
     | 30.00th=[  182], 40.00th=[  184], 50.00th=[  184], 60.00th=[  186],
     | 70.00th=[  186], 80.00th=[  190], 90.00th=[  212], 95.00th=[  310],
     | 99.00th=[ 5473], 99.50th=[ 5604], 99.90th=[ 8094], 99.95th=[ 9110],
     | 99.99th=[ 9110]
   bw (  MiB/s): min=  935, max= 1931, per=100.00%, avg=1761.07, stdev=255.82, samples=34
   iops        : min=239532, max=494372, avg=450835.32, stdev=65491.11, samples=34
  lat (usec)   : 2=0.01%, 4=0.01%, 10=0.01%, 20=0.01%, 50=0.01%
  lat (usec)   : 100=0.01%, 250=91.09%, 500=6.96%, 750=0.04%, 1000=0.04%
  lat (msec)   : 2=0.15%, 4=0.30%, 10=1.42%, 20=0.01%
  cpu          : usr=17.77%, sys=81.99%, ctx=1511, majf=0, minf=174
  IO depths    : 1=0.1%, 2=0.1%, 4=0.1%, 8=0.1%, 16=0.1%, 32=0.1%, >=64=100.0%
     submit    : 0=0.0%, 4=100.0%, 8=0.0%, 16=0.0%, 32=0.0%, 64=0.0%, >=64=0.0%
     complete  : 0=0.0%, 4=100.0%, 8=0.0%, 16=0.0%, 32=0.0%, 64=0.0%, >=64=0.1%
     issued rwts: total=7864320,0,0,0 short=0,0,0,0 dropped=0,0,0,0
     latency   : target=0, window=0, percentile=100.00%, depth=128

Run status group 0 (all jobs):
   READ: bw=1757MiB/s (1842MB/s), 1757MiB/s-1757MiB/s (1842MB/s-1842MB/s), io=30.0GiB (32.2GB), run=17488-17488msec
