jobs1: (g=0): rw=read, bs=(R) 4096B-4096B, (W) 4096B-4096B, (T) 4096B-4096B, ioengine=libaio, iodepth=128
...
fio-3.28
Starting 16 processes
jobs1: Laying out IO files (64 files / total 30720MiB)

jobs1: (groupid=0, jobs=16): err= 0: pid=458057: Tue Jul 25 21:20:35 2023
  read: IOPS=447k, BW=1747MiB/s (1831MB/s)(30.0GiB/17588msec)
    slat (nsec): min=665, max=293928, avg=1790.53, stdev=6691.93
    clat (nsec): min=995, max=55415k, avg=283653.89, stdev=519284.98
     lat (usec): min=2, max=55710, avg=285.48, stdev=521.65
    clat percentiles (usec):
     |  1.00th=[  165],  5.00th=[  165], 10.00th=[  165], 20.00th=[  167],
     | 30.00th=[  167], 40.00th=[  167], 50.00th=[  167], 60.00th=[  169],
     | 70.00th=[  169], 80.00th=[  172], 90.00th=[  293], 95.00th=[  433],
     | 99.00th=[ 3195], 99.50th=[ 3228], 99.90th=[ 4948], 99.95th=[ 5014],
     | 99.99th=[ 5080]
   bw (  MiB/s): min=  940, max= 1851, per=100.00%, avg=1746.75, stdev=252.89, samples=35
   iops        : min=240703, max=474058, avg=447166.83, stdev=64741.09, samples=35
  lat (nsec)   : 1000=0.01%
  lat (usec)   : 4=0.01%, 10=0.01%, 20=0.01%, 50=0.01%, 100=0.01%
  lat (usec)   : 250=85.68%, 500=9.70%, 750=0.58%, 1000=0.24%
  lat (msec)   : 2=0.94%, 4=2.69%, 10=0.17%, 50=0.01%, 100=0.01%
  cpu          : usr=18.67%, sys=81.04%, ctx=190, majf=0, minf=168
  IO depths    : 1=0.1%, 2=0.1%, 4=0.1%, 8=0.1%, 16=0.1%, 32=0.1%, >=64=100.0%
     submit    : 0=0.0%, 4=100.0%, 8=0.0%, 16=0.0%, 32=0.0%, 64=0.0%, >=64=0.0%
     complete  : 0=0.0%, 4=100.0%, 8=0.0%, 16=0.0%, 32=0.0%, 64=0.0%, >=64=0.1%
     issued rwts: total=7864320,0,0,0 short=0,0,0,0 dropped=0,0,0,0
     latency   : target=0, window=0, percentile=100.00%, depth=128

Run status group 0 (all jobs):
   READ: bw=1747MiB/s (1831MB/s), 1747MiB/s-1747MiB/s (1831MB/s-1831MB/s), io=30.0GiB (32.2GB), run=17588-17588msec
