jobs1: (g=0): rw=read, bs=(R) 512KiB-512KiB, (W) 512KiB-512KiB, (T) 512KiB-512KiB, ioengine=libaio, iodepth=128
...
fio-3.28
Starting 16 processes
jobs1: Laying out IO files (64 files / total 30720MiB)

jobs1: (groupid=0, jobs=16): err= 0: pid=521952: Wed Jul 26 00:07:02 2023
  read: IOPS=2877, BW=1439MiB/s (1509MB/s)(30.0GiB/21351msec)
    slat (usec): min=279, max=2046, avg=344.38, stdev=88.99
    clat (usec): min=8, max=186099, avg=43891.77, stdev=10359.12
     lat (usec): min=491, max=188148, avg=44236.53, stdev=10440.90
    clat percentiles (msec):
     |  1.00th=[   38],  5.00th=[   38], 10.00th=[   38], 20.00th=[   38],
     | 30.00th=[   38], 40.00th=[   38], 50.00th=[   38], 60.00th=[   39],
     | 70.00th=[   39], 80.00th=[   58], 90.00th=[   61], 95.00th=[   62],
     | 99.00th=[   66], 99.50th=[   67], 99.90th=[   72], 99.95th=[  146],
     | 99.99th=[  178]
   bw (  MiB/s): min=  708, max= 1691, per=100.00%, avg=1443.07, stdev=310.41, samples=42
   iops        : min= 1416, max= 3382, avg=2886.05, stdev=620.84, samples=42
  lat (usec)   : 10=0.01%, 500=0.01%, 1000=0.01%
  lat (msec)   : 2=0.01%, 4=0.01%, 10=0.02%, 20=0.03%, 50=71.97%
  lat (msec)   : 100=27.89%, 250=0.08%
  cpu          : usr=0.60%, sys=65.11%, ctx=61593, majf=0, minf=16441
  IO depths    : 1=0.1%, 2=0.1%, 4=0.1%, 8=0.1%, 16=0.1%, 32=0.1%, >=64=99.9%
     submit    : 0=0.0%, 4=100.0%, 8=0.0%, 16=0.0%, 32=0.0%, 64=0.0%, >=64=0.0%
     complete  : 0=0.0%, 4=100.0%, 8=0.0%, 16=0.0%, 32=0.0%, 64=0.0%, >=64=0.1%
     issued rwts: total=61440,0,0,0 short=0,0,0,0 dropped=0,0,0,0
     latency   : target=0, window=0, percentile=100.00%, depth=128

Run status group 0 (all jobs):
   READ: bw=1439MiB/s (1509MB/s), 1439MiB/s-1439MiB/s (1509MB/s-1509MB/s), io=30.0GiB (32.2GB), run=21351-21351msec
