jobs1: (g=0): rw=read, bs=(R) 4096B-4096B, (W) 4096B-4096B, (T) 4096B-4096B, ioengine=libaio, iodepth=128
...
fio-3.28
Starting 32 processes
jobs1: Laying out IO file (1 file / 30720MiB)

jobs1: (groupid=0, jobs=32): err= 0: pid=155341: Tue Jul 25 17:59:22 2023
  read: IOPS=373k, BW=1455MiB/s (1526MB/s)(30.0GiB/21109msec)
    slat (nsec): min=818, max=358038, avg=2244.38, stdev=8951.56
    clat (nsec): min=1404, max=1710.8k, avg=341092.78, stdev=41705.06
     lat (usec): min=3, max=1854, avg=343.37, stdev=41.00
    clat percentiles (usec):
     |  1.00th=[  273],  5.00th=[  326], 10.00th=[  330], 20.00th=[  330],
     | 30.00th=[  330], 40.00th=[  334], 50.00th=[  334], 60.00th=[  334],
     | 70.00th=[  338], 80.00th=[  338], 90.00th=[  343], 95.00th=[  388],
     | 99.00th=[  553], 99.50th=[  578], 99.90th=[  668], 99.95th=[  685],
     | 99.99th=[  816]
   bw (  MiB/s): min=  968, max= 1498, per=100.00%, avg=1456.27, stdev=130.84, samples=42
   iops        : min=247824, max=383522, avg=372805.52, stdev=33494.50, samples=42
  lat (usec)   : 2=0.01%, 10=0.01%, 20=0.01%, 50=0.01%, 100=0.01%
  lat (usec)   : 250=0.17%, 500=97.37%, 750=2.44%, 1000=0.02%
  lat (msec)   : 2=0.01%
  cpu          : usr=15.65%, sys=70.86%, ctx=115291, majf=0, minf=205
  IO depths    : 1=0.1%, 2=0.1%, 4=0.1%, 8=0.1%, 16=0.1%, 32=0.1%, >=64=100.0%
     submit    : 0=0.0%, 4=100.0%, 8=0.0%, 16=0.0%, 32=0.0%, 64=0.0%, >=64=0.0%
     complete  : 0=0.0%, 4=100.0%, 8=0.0%, 16=0.0%, 32=0.0%, 64=0.0%, >=64=0.1%
     issued rwts: total=7864320,0,0,0 short=0,0,0,0 dropped=0,0,0,0
     latency   : target=0, window=0, percentile=100.00%, depth=128

Run status group 0 (all jobs):
   READ: bw=1455MiB/s (1526MB/s), 1455MiB/s-1455MiB/s (1526MB/s-1526MB/s), io=30.0GiB (32.2GB), run=21109-21109msec
