jobs1: (g=0): rw=read, bs=(R) 32.0KiB-32.0KiB, (W) 32.0KiB-32.0KiB, (T) 32.0KiB-32.0KiB, ioengine=libaio, iodepth=128
...
fio-3.28
Starting 32 processes
jobs1: Laying out IO file (1 file / 30720MiB)

jobs1: (groupid=0, jobs=32): err= 0: pid=171270: Tue Jul 25 18:58:20 2023
  read: IOPS=153k, BW=4790MiB/s (5023MB/s)(30.0GiB/6413msec)
    slat (usec): min=3, max=111, avg= 6.01, stdev= 1.63
    clat (nsec): min=1214, max=6080.2k, avg=828318.24, stdev=190288.44
     lat (usec): min=8, max=6152, avg=834.38, stdev=191.72
    clat percentiles (usec):
     |  1.00th=[  742],  5.00th=[  742], 10.00th=[  742], 20.00th=[  742],
     | 30.00th=[  742], 40.00th=[  742], 50.00th=[  750], 60.00th=[  750],
     | 70.00th=[  750], 80.00th=[  750], 90.00th=[ 1221], 95.00th=[ 1254],
     | 99.00th=[ 1254], 99.50th=[ 1270], 99.90th=[ 1762], 99.95th=[ 2474],
     | 99.99th=[ 3326]
   bw (  MiB/s): min= 3176, max= 5326, per=99.90%, avg=4785.47, stdev=958.60, samples=12
   iops        : min=101633, max=170460, avg=153135.17, stdev=30675.39, samples=12
  lat (usec)   : 2=0.01%, 10=0.01%, 20=0.01%, 50=0.01%, 100=0.01%
  lat (usec)   : 250=0.01%, 500=0.01%, 750=76.09%, 1000=7.68%
  lat (msec)   : 2=16.15%, 4=0.06%, 10=0.01%
  cpu          : usr=6.53%, sys=93.42%, ctx=14, majf=1, minf=1108
  IO depths    : 1=0.1%, 2=0.1%, 4=0.1%, 8=0.1%, 16=0.1%, 32=0.1%, >=64=100.0%
     submit    : 0=0.0%, 4=100.0%, 8=0.0%, 16=0.0%, 32=0.0%, 64=0.0%, >=64=0.0%
     complete  : 0=0.0%, 4=100.0%, 8=0.0%, 16=0.0%, 32=0.0%, 64=0.0%, >=64=0.1%
     issued rwts: total=983040,0,0,0 short=0,0,0,0 dropped=0,0,0,0
     latency   : target=0, window=0, percentile=100.00%, depth=128

Run status group 0 (all jobs):
   READ: bw=4790MiB/s (5023MB/s), 4790MiB/s-4790MiB/s (5023MB/s-5023MB/s), io=30.0GiB (32.2GB), run=6413-6413msec
