jobs1: (g=0): rw=read, bs=(R) 32.0KiB-32.0KiB, (W) 32.0KiB-32.0KiB, (T) 32.0KiB-32.0KiB, ioengine=libaio, iodepth=128
...
fio-3.28
Starting 16 processes
jobs1: Laying out IO files (1024 files / total 30720MiB)
fio: pid=1173188, err=24/file:filesetup.c:805, func=open(/home/sevag/fuse_boc//f1018), error=Too many open files

jobs1: (groupid=0, jobs=16): err=24 (file:filesetup.c:805, func=open(/home/sevag/fuse_boc//f1018), error=Too many open files): pid=1173188: Wed Jul 26 09:35:00 2023
  read: IOPS=5924, BW=185MiB/s (194MB/s)(31.8MiB/172msec)
    slat (usec): min=78, max=439, avg=114.76, stdev=48.49
    clat (usec): min=82, max=46210, avg=18541.15, stdev=7460.33
     lat (usec): min=161, max=46650, avg=18656.42, stdev=7486.18
    clat percentiles (usec):
     |  1.00th=[ 1713],  5.00th=[ 7242], 10.00th=[14222], 20.00th=[17433],
     | 30.00th=[17433], 40.00th=[17433], 50.00th=[17433], 60.00th=[17433],
     | 70.00th=[17433], 80.00th=[17433], 90.00th=[25297], 95.00th=[38536],
     | 99.00th=[44827], 99.50th=[45351], 99.90th=[45876], 99.95th=[46400],
     | 99.99th=[46400]
  lat (usec)   : 100=0.10%, 500=0.20%, 750=0.10%, 1000=0.20%
  lat (msec)   : 2=0.69%, 4=1.37%, 10=4.32%, 20=81.45%, 50=11.58%
  cpu          : usr=7.02%, sys=39.77%, ctx=2041, majf=0, minf=1085
  IO depths    : 1=0.1%, 2=0.2%, 4=0.4%, 8=0.8%, 16=1.6%, 32=3.1%, >=64=93.8%
     submit    : 0=0.0%, 4=100.0%, 8=0.0%, 16=0.0%, 32=0.0%, 64=0.0%, >=64=0.0%
     complete  : 0=0.0%, 4=99.9%, 8=0.0%, 16=0.0%, 32=0.0%, 64=0.0%, >=64=0.1%
     issued rwts: total=1019,0,0,0 short=0,0,0,0 dropped=0,0,0,0
     latency   : target=0, window=0, percentile=100.00%, depth=128

Run status group 0 (all jobs):
   READ: bw=185MiB/s (194MB/s), 185MiB/s-185MiB/s (194MB/s-194MB/s), io=31.8MiB (33.4MB), run=172-172msec
