jobs1: (g=0): rw=read, bs=(R) 4096B-4096B, (W) 4096B-4096B, (T) 4096B-4096B, ioengine=libaio, iodepth=128
...
fio-3.28
Starting 16 processes
jobs1: Laying out IO files (512 files / total 30720MiB)

jobs1: (groupid=0, jobs=16): err= 0: pid=1093176: Wed Jul 26 05:10:51 2023
  read: IOPS=572k, BW=2234MiB/s (2342MB/s)(30.0GiB/13754msec)
    slat (nsec): min=893, max=58542, avg=1320.35, stdev=496.44
    clat (nsec): min=1382, max=2056.7k, avg=222299.79, stdev=39811.67
     lat (usec): min=3, max=2079, avg=223.66, stdev=40.06
    clat percentiles (usec):
     |  1.00th=[  208],  5.00th=[  210], 10.00th=[  210], 20.00th=[  210],
     | 30.00th=[  212], 40.00th=[  212], 50.00th=[  212], 60.00th=[  212],
     | 70.00th=[  215], 80.00th=[  215], 90.00th=[  219], 95.00th=[  367],
     | 99.00th=[  379], 99.50th=[  383], 99.90th=[  392], 99.95th=[  420],
     | 99.99th=[  742]
   bw (  MiB/s): min= 1324, max= 2348, per=100.00%, avg=2248.85, stdev=274.08, samples=27
   iops        : min=339008, max=601282, avg=575706.59, stdev=70164.63, samples=27
  lat (usec)   : 2=0.01%, 10=0.01%, 20=0.01%, 50=0.01%, 100=0.01%
  lat (usec)   : 250=93.83%, 500=6.14%, 750=0.03%, 1000=0.01%
  lat (msec)   : 2=0.01%, 4=0.01%
  cpu          : usr=21.86%, sys=78.13%, ctx=24, majf=1, minf=187
  IO depths    : 1=0.1%, 2=0.1%, 4=0.1%, 8=0.1%, 16=0.1%, 32=0.1%, >=64=100.0%
     submit    : 0=0.0%, 4=100.0%, 8=0.0%, 16=0.0%, 32=0.0%, 64=0.0%, >=64=0.0%
     complete  : 0=0.0%, 4=100.0%, 8=0.0%, 16=0.0%, 32=0.0%, 64=0.0%, >=64=0.1%
     issued rwts: total=7864320,0,0,0 short=0,0,0,0 dropped=0,0,0,0
     latency   : target=0, window=0, percentile=100.00%, depth=128

Run status group 0 (all jobs):
   READ: bw=2234MiB/s (2342MB/s), 2234MiB/s-2234MiB/s (2342MB/s-2342MB/s), io=30.0GiB (32.2GB), run=13754-13754msec
