jobs1: (g=0): rw=read, bs=(R) 32.0KiB-32.0KiB, (W) 32.0KiB-32.0KiB, (T) 32.0KiB-32.0KiB, ioengine=libaio, iodepth=128
...
fio-3.28
Starting 32 processes
jobs1: Laying out IO files (64 files / total 30720MiB)

jobs1: (groupid=0, jobs=32): err= 0: pid=484259: Tue Jul 25 22:29:11 2023
  read: IOPS=85.7k, BW=2679MiB/s (2809MB/s)(30.0GiB/11467msec)
    slat (usec): min=2, max=589, avg=11.11, stdev=17.70
    clat (nsec): min=1210, max=70003k, avg=1475727.00, stdev=1381157.97
     lat (usec): min=8, max=70594, avg=1486.88, stdev=1386.25
    clat percentiles (usec):
     |  1.00th=[  570],  5.00th=[  570], 10.00th=[  578], 20.00th=[  578],
     | 30.00th=[  586], 40.00th=[  586], 50.00th=[  611], 60.00th=[  889],
     | 70.00th=[ 1614], 80.00th=[ 2933], 90.00th=[ 3752], 95.00th=[ 3818],
     | 99.00th=[ 5080], 99.50th=[ 5145], 99.90th=[ 5735], 99.95th=[ 5997],
     | 99.99th=[12125]
   bw (  MiB/s): min= 1703, max= 2895, per=100.00%, avg=2685.78, stdev=380.63, samples=22
   iops        : min=54500, max=92643, avg=85944.95, stdev=12180.20, samples=22
  lat (usec)   : 2=0.01%, 10=0.01%, 20=0.01%, 50=0.01%, 100=0.01%
  lat (usec)   : 250=0.01%, 500=0.01%, 750=53.44%, 1000=11.52%
  lat (msec)   : 2=8.01%, 4=23.86%, 10=3.15%, 20=0.01%, 50=0.01%
  lat (msec)   : 100=0.01%
  cpu          : usr=4.15%, sys=95.35%, ctx=145, majf=0, minf=1107
  IO depths    : 1=0.1%, 2=0.1%, 4=0.1%, 8=0.1%, 16=0.1%, 32=0.1%, >=64=100.0%
     submit    : 0=0.0%, 4=100.0%, 8=0.0%, 16=0.0%, 32=0.0%, 64=0.0%, >=64=0.0%
     complete  : 0=0.0%, 4=100.0%, 8=0.0%, 16=0.0%, 32=0.0%, 64=0.0%, >=64=0.1%
     issued rwts: total=983040,0,0,0 short=0,0,0,0 dropped=0,0,0,0
     latency   : target=0, window=0, percentile=100.00%, depth=128

Run status group 0 (all jobs):
   READ: bw=2679MiB/s (2809MB/s), 2679MiB/s-2679MiB/s (2809MB/s-2809MB/s), io=30.0GiB (32.2GB), run=11467-11467msec
