jobs1: (g=0): rw=read, bs=(R) 512KiB-512KiB, (W) 512KiB-512KiB, (T) 512KiB-512KiB, ioengine=libaio, iodepth=128
fio-3.28
Starting 1 process
jobs1: Laying out IO files (128 files / total 30720MiB)

jobs1: (groupid=0, jobs=1): err= 0: pid=859045: Wed Jul 26 03:59:36 2023
  read: IOPS=5037, BW=2519MiB/s (2641MB/s)(30.0GiB/12196msec)
    slat (usec): min=143, max=1837, avg=196.52, stdev=77.73
    clat (usec): min=2, max=156419, avg=25034.72, stdev=9054.12
     lat (usec): min=150, max=157830, avg=25231.46, stdev=9127.80
    clat percentiles (msec):
     |  1.00th=[   22],  5.00th=[   22], 10.00th=[   22], 20.00th=[   22],
     | 30.00th=[   22], 40.00th=[   22], 50.00th=[   22], 60.00th=[   22],
     | 70.00th=[   22], 80.00th=[   23], 90.00th=[   42], 95.00th=[   47],
     | 99.00th=[   52], 99.50th=[   54], 99.90th=[  100], 99.95th=[  124],
     | 99.99th=[  150]
   bw (  MiB/s): min=  913, max= 3001, per=99.52%, avg=2506.75, stdev=734.49, samples=24
   iops        : min= 1826, max= 6002, avg=5013.50, stdev=1468.98, samples=24
  lat (usec)   : 4=0.01%, 250=0.01%, 500=0.01%, 750=0.01%, 1000=0.01%
  lat (msec)   : 2=0.01%, 4=0.02%, 10=0.06%, 20=0.17%, 50=98.04%
  lat (msec)   : 100=1.59%, 250=0.10%
  cpu          : usr=0.81%, sys=94.64%, ctx=6521, majf=0, minf=16398
  IO depths    : 1=0.1%, 2=0.1%, 4=0.1%, 8=0.1%, 16=0.1%, 32=0.1%, >=64=99.9%
     submit    : 0=0.0%, 4=100.0%, 8=0.0%, 16=0.0%, 32=0.0%, 64=0.0%, >=64=0.0%
     complete  : 0=0.0%, 4=100.0%, 8=0.0%, 16=0.0%, 32=0.0%, 64=0.0%, >=64=0.1%
     issued rwts: total=61440,0,0,0 short=0,0,0,0 dropped=0,0,0,0
     latency   : target=0, window=0, percentile=100.00%, depth=128

Run status group 0 (all jobs):
   READ: bw=2519MiB/s (2641MB/s), 2519MiB/s-2519MiB/s (2641MB/s-2641MB/s), io=30.0GiB (32.2GB), run=12196-12196msec
