jobs1: (g=0): rw=read, bs=(R) 32.0KiB-32.0KiB, (W) 32.0KiB-32.0KiB, (T) 32.0KiB-32.0KiB, ioengine=libaio, iodepth=128
...
fio-3.28
Starting 16 processes
jobs1: Laying out IO files (1024 files / total 30720MiB)
fio: pid=1173864, err=24/file:filesetup.c:805, func=open(/home/sevag/ramdisk//f1018), error=Too many open files

jobs1: (groupid=0, jobs=16): err=24 (file:filesetup.c:805, func=open(/home/sevag/ramdisk//f1018), error=Too many open files): pid=1173864: Wed Jul 26 09:38:25 2023
  read: IOPS=40.8k, BW=1274MiB/s (1336MB/s)(31.8MiB/25msec)
    slat (nsec): min=7894, max=68371, avg=14222.13, stdev=10325.93
    clat (usec): min=53, max=6086, avg=2610.56, stdev=935.98
     lat (usec): min=64, max=6150, avg=2624.93, stdev=943.99
    clat percentiles (usec):
     |  1.00th=[  318],  5.00th=[ 1004], 10.00th=[ 1926], 20.00th=[ 2180],
     | 30.00th=[ 2212], 40.00th=[ 2278], 50.00th=[ 2671], 60.00th=[ 2704],
     | 70.00th=[ 2802], 80.00th=[ 2868], 90.00th=[ 3392], 95.00th=[ 4817],
     | 99.00th=[ 5800], 99.50th=[ 5932], 99.90th=[ 6063], 99.95th=[ 6063],
     | 99.99th=[ 6063]
  lat (usec)   : 100=0.10%, 250=0.49%, 500=1.67%, 750=1.37%, 1000=1.28%
  lat (msec)   : 2=5.40%, 4=81.94%, 10=7.75%
  cpu          : usr=12.50%, sys=79.17%, ctx=0, majf=0, minf=1081
  IO depths    : 1=0.1%, 2=0.2%, 4=0.4%, 8=0.8%, 16=1.6%, 32=3.1%, >=64=93.8%
     submit    : 0=0.0%, 4=100.0%, 8=0.0%, 16=0.0%, 32=0.0%, 64=0.0%, >=64=0.0%
     complete  : 0=0.0%, 4=99.9%, 8=0.0%, 16=0.0%, 32=0.0%, 64=0.0%, >=64=0.1%
     issued rwts: total=1019,0,0,0 short=0,0,0,0 dropped=0,0,0,0
     latency   : target=0, window=0, percentile=100.00%, depth=128

Run status group 0 (all jobs):
   READ: bw=1274MiB/s (1336MB/s), 1274MiB/s-1274MiB/s (1336MB/s-1336MB/s), io=31.8MiB (33.4MB), run=25-25msec
