jobs1: (g=0): rw=read, bs=(R) 4096B-4096B, (W) 4096B-4096B, (T) 4096B-4096B, ioengine=libaio, iodepth=128
...
fio-3.28
Starting 32 processes
jobs1: Laying out IO files (128 files / total 30720MiB)

jobs1: (groupid=0, jobs=32): err= 0: pid=787284: Wed Jul 26 01:14:26 2023
  read: IOPS=472k, BW=1843MiB/s (1933MB/s)(30.0GiB/16664msec)
    slat (nsec): min=682, max=217013, avg=1673.59, stdev=5528.88
    clat (nsec): min=1081, max=12506k, avg=269223.64, stdev=507576.74
     lat (usec): min=3, max=12676, avg=270.93, stdev=510.55
    clat percentiles (usec):
     |  1.00th=[  169],  5.00th=[  169], 10.00th=[  169], 20.00th=[  172],
     | 30.00th=[  172], 40.00th=[  174], 50.00th=[  174], 60.00th=[  176],
     | 70.00th=[  176], 80.00th=[  178], 90.00th=[  285], 95.00th=[  302],
     | 99.00th=[ 3589], 99.50th=[ 4146], 99.90th=[ 4883], 99.95th=[ 6128],
     | 99.99th=[ 7701]
   bw (  MiB/s): min= 1093, max= 1936, per=100.00%, avg=1847.06, stdev=230.53, samples=33
   iops        : min=280000, max=495862, avg=472846.24, stdev=59015.59, samples=33
  lat (usec)   : 2=0.01%, 4=0.01%, 10=0.01%, 20=0.01%, 50=0.01%
  lat (usec)   : 100=0.01%, 250=89.22%, 500=6.26%, 750=0.29%, 1000=1.47%
  lat (msec)   : 2=0.85%, 4=1.33%, 10=0.58%, 20=0.01%
  cpu          : usr=18.87%, sys=81.07%, ctx=419, majf=0, minf=202
  IO depths    : 1=0.1%, 2=0.1%, 4=0.1%, 8=0.1%, 16=0.1%, 32=0.1%, >=64=100.0%
     submit    : 0=0.0%, 4=100.0%, 8=0.0%, 16=0.0%, 32=0.0%, 64=0.0%, >=64=0.0%
     complete  : 0=0.0%, 4=100.0%, 8=0.0%, 16=0.0%, 32=0.0%, 64=0.0%, >=64=0.1%
     issued rwts: total=7864320,0,0,0 short=0,0,0,0 dropped=0,0,0,0
     latency   : target=0, window=0, percentile=100.00%, depth=128

Run status group 0 (all jobs):
   READ: bw=1843MiB/s (1933MB/s), 1843MiB/s-1843MiB/s (1933MB/s-1933MB/s), io=30.0GiB (32.2GB), run=16664-16664msec
