jobs1: (g=0): rw=read, bs=(R) 128KiB-128KiB, (W) 128KiB-128KiB, (T) 128KiB-128KiB, ioengine=libaio, iodepth=128
...
fio-3.28
Starting 16 processes
jobs1: Laying out IO files (1024 files / total 30720MiB)
fio: pid=1185896, err=24/file:filesetup.c:805, func=open(/home/sevag/ramdisk//f1018), error=Too many open files

jobs1: (groupid=0, jobs=16): err=24 (file:filesetup.c:805, func=open(/home/sevag/ramdisk//f1018), error=Too many open files): pid=1185896: Wed Jul 26 10:14:19 2023
  read: IOPS=20.8k, BW=2599MiB/s (2726MB/s)(127MiB/49msec)
    slat (usec): min=21, max=177, avg=41.34, stdev=38.82
    clat (usec): min=35, max=18925, avg=4777.51, stdev=3092.32
     lat (usec): min=66, max=19105, avg=4818.94, stdev=3126.99
    clat percentiles (usec):
     |  1.00th=[  396],  5.00th=[ 1598], 10.00th=[ 3163], 20.00th=[ 3851],
     | 30.00th=[ 3884], 40.00th=[ 3916], 50.00th=[ 3949], 60.00th=[ 4047],
     | 70.00th=[ 4113], 80.00th=[ 4621], 90.00th=[ 7373], 95.00th=[13042],
     | 99.00th=[17695], 99.50th=[18220], 99.90th=[18744], 99.95th=[19006],
     | 99.99th=[19006]
  lat (usec)   : 50=0.10%, 250=0.39%, 500=0.88%, 750=0.88%, 1000=0.79%
  lat (msec)   : 2=3.14%, 4=45.53%, 10=40.82%, 20=7.46%
  cpu          : usr=0.00%, sys=93.75%, ctx=0, majf=0, minf=4157
  IO depths    : 1=0.1%, 2=0.2%, 4=0.4%, 8=0.8%, 16=1.6%, 32=3.1%, >=64=93.8%
     submit    : 0=0.0%, 4=100.0%, 8=0.0%, 16=0.0%, 32=0.0%, 64=0.0%, >=64=0.0%
     complete  : 0=0.0%, 4=99.9%, 8=0.0%, 16=0.0%, 32=0.0%, 64=0.0%, >=64=0.1%
     issued rwts: total=1019,0,0,0 short=0,0,0,0 dropped=0,0,0,0
     latency   : target=0, window=0, percentile=100.00%, depth=128

Run status group 0 (all jobs):
   READ: bw=2599MiB/s (2726MB/s), 2599MiB/s-2599MiB/s (2726MB/s-2726MB/s), io=127MiB (134MB), run=49-49msec
