jobs1: (g=0): rw=read, bs=(R) 128KiB-128KiB, (W) 128KiB-128KiB, (T) 128KiB-128KiB, ioengine=libaio, iodepth=128
fio-3.28
Starting 1 process
jobs1: Laying out IO files (64 files / total 30720MiB)

jobs1: (groupid=0, jobs=1): err= 0: pid=499566: Tue Jul 25 23:13:08 2023
  read: IOPS=22.6k, BW=2828MiB/s (2965MB/s)(30.0GiB/10863msec)
    slat (usec): min=12, max=703, avg=43.52, stdev=26.82
    clat (nsec): min=1887, max=64111k, avg=5592505.68, stdev=1357416.59
     lat (usec): min=27, max=64816, avg=5636.09, stdev=1369.51
    clat percentiles (usec):
     |  1.00th=[ 4948],  5.00th=[ 5014], 10.00th=[ 5014], 20.00th=[ 5080],
     | 30.00th=[ 5080], 40.00th=[ 5145], 50.00th=[ 5145], 60.00th=[ 5211],
     | 70.00th=[ 5211], 80.00th=[ 5276], 90.00th=[ 8586], 95.00th=[ 8717],
     | 99.00th=[ 8848], 99.50th=[ 8848], 99.90th=[ 9241], 99.95th=[11469],
     | 99.99th=[49546]
   bw (  MiB/s): min= 1588, max= 3135, per=99.60%, avg=2816.57, stdev=531.61, samples=21
   iops        : min=12710, max=25082, avg=22532.57, stdev=4252.97, samples=21
  lat (usec)   : 2=0.01%, 50=0.01%, 100=0.01%, 250=0.01%, 500=0.01%
  lat (usec)   : 750=0.01%, 1000=0.01%
  lat (msec)   : 2=0.02%, 4=0.05%, 10=99.85%, 20=0.03%, 50=0.02%
  lat (msec)   : 100=0.01%
  cpu          : usr=1.06%, sys=98.69%, ctx=146, majf=0, minf=4110
  IO depths    : 1=0.1%, 2=0.1%, 4=0.1%, 8=0.1%, 16=0.1%, 32=0.1%, >=64=100.0%
     submit    : 0=0.0%, 4=100.0%, 8=0.0%, 16=0.0%, 32=0.0%, 64=0.0%, >=64=0.0%
     complete  : 0=0.0%, 4=100.0%, 8=0.0%, 16=0.0%, 32=0.0%, 64=0.0%, >=64=0.1%
     issued rwts: total=245760,0,0,0 short=0,0,0,0 dropped=0,0,0,0
     latency   : target=0, window=0, percentile=100.00%, depth=128

Run status group 0 (all jobs):
   READ: bw=2828MiB/s (2965MB/s), 2828MiB/s-2828MiB/s (2965MB/s-2965MB/s), io=30.0GiB (32.2GB), run=10863-10863msec
