jobs1: (g=0): rw=read, bs=(R) 32.0KiB-32.0KiB, (W) 32.0KiB-32.0KiB, (T) 32.0KiB-32.0KiB, ioengine=libaio, iodepth=128
fio-3.28
Starting 1 process
jobs1: Laying out IO files (1024 files / total 30720MiB)
fio: pid=1173284, err=24/file:filesetup.c:805, func=open(/tmp/ssfs/home/sevag/fuse_ext4/f1012), error=Too many open files

jobs1: (groupid=0, jobs=1): err=24 (file:filesetup.c:805, func=open(/tmp/ssfs/home/sevag/fuse_ext4/f1012), error=Too many open files): pid=1173284: Wed Jul 26 09:36:04 2023
  read: IOPS=1789, BW=55.9MiB/s (58.6MB/s)(31.7MiB/566msec)
    slat (usec): min=90, max=430, avg=264.12, stdev=48.42
    clat (usec): min=89, max=95205, avg=65372.39, stdev=16161.57
     lat (usec): min=180, max=95614, avg=65637.40, stdev=16163.89
    clat percentiles (usec):
     |  1.00th=[ 8979],  5.00th=[29492], 10.00th=[54264], 20.00th=[58983],
     | 30.00th=[61080], 40.00th=[62653], 50.00th=[64750], 60.00th=[67634],
     | 70.00th=[73925], 80.00th=[76022], 90.00th=[82314], 95.00th=[90702],
     | 99.00th=[93848], 99.50th=[93848], 99.90th=[94897], 99.95th=[94897],
     | 99.99th=[94897]
   bw (  KiB/s): min=48960, max=48960, per=85.49%, avg=48960.00, stdev= 0.00, samples=1
   iops        : min= 1530, max= 1530, avg=1530.00, stdev= 0.00, samples=1
  lat (usec)   : 100=0.10%
  lat (msec)   : 4=0.10%, 10=0.99%, 20=2.07%, 50=6.02%, 100=90.72%
  cpu          : usr=4.96%, sys=16.46%, ctx=2050, majf=0, minf=1050
  IO depths    : 1=0.1%, 2=0.2%, 4=0.4%, 8=0.8%, 16=1.6%, 32=3.2%, >=64=93.8%
     submit    : 0=0.0%, 4=100.0%, 8=0.0%, 16=0.0%, 32=0.0%, 64=0.0%, >=64=0.0%
     complete  : 0=0.0%, 4=99.9%, 8=0.0%, 16=0.0%, 32=0.0%, 64=0.0%, >=64=0.1%
     issued rwts: total=1013,0,0,0 short=0,0,0,0 dropped=0,0,0,0
     latency   : target=0, window=0, percentile=100.00%, depth=128

Run status group 0 (all jobs):
   READ: bw=55.9MiB/s (58.6MB/s), 55.9MiB/s-55.9MiB/s (58.6MB/s-58.6MB/s), io=31.7MiB (33.2MB), run=566-566msec
