jobs1: (g=0): rw=read, bs=(R) 128KiB-128KiB, (W) 128KiB-128KiB, (T) 128KiB-128KiB, ioengine=libaio, iodepth=128
fio-3.28
Starting 1 process
jobs1: Laying out IO files (512 files / total 30720MiB)

jobs1: (groupid=0, jobs=1): err= 0: pid=1137732: Wed Jul 26 07:19:35 2023
  read: IOPS=40.7k, BW=5089MiB/s (5336MB/s)(30.0GiB/6037msec)
    slat (usec): min=19, max=199, avg=23.95, stdev= 5.00
    clat (nsec): min=1644, max=21093k, avg=3113997.87, stdev=556523.79
     lat (usec): min=25, max=21294, avg=3138.02, stdev=561.25
    clat percentiles (usec):
     |  1.00th=[ 2835],  5.00th=[ 2835], 10.00th=[ 2835], 20.00th=[ 2835],
     | 30.00th=[ 2835], 40.00th=[ 2868], 50.00th=[ 2868], 60.00th=[ 2868],
     | 70.00th=[ 2900], 80.00th=[ 4015], 90.00th=[ 4080], 95.00th=[ 4113],
     | 99.00th=[ 4146], 99.50th=[ 4146], 99.90th=[ 5080], 99.95th=[ 7177],
     | 99.99th=[17957]
   bw (  MiB/s): min= 3690, max= 5559, per=99.93%, avg=5085.10, stdev=771.29, samples=12
   iops        : min=29520, max=44474, avg=40680.83, stdev=6170.30, samples=12
  lat (usec)   : 2=0.01%, 50=0.01%, 100=0.01%, 250=0.01%, 500=0.01%
  lat (usec)   : 750=0.01%, 1000=0.01%
  lat (msec)   : 2=0.02%, 4=79.92%, 10=20.01%, 20=0.03%, 50=0.01%
  cpu          : usr=2.10%, sys=97.86%, ctx=12, majf=0, minf=4112
  IO depths    : 1=0.1%, 2=0.1%, 4=0.1%, 8=0.1%, 16=0.1%, 32=0.1%, >=64=100.0%
     submit    : 0=0.0%, 4=100.0%, 8=0.0%, 16=0.0%, 32=0.0%, 64=0.0%, >=64=0.0%
     complete  : 0=0.0%, 4=100.0%, 8=0.0%, 16=0.0%, 32=0.0%, 64=0.0%, >=64=0.1%
     issued rwts: total=245760,0,0,0 short=0,0,0,0 dropped=0,0,0,0
     latency   : target=0, window=0, percentile=100.00%, depth=128

Run status group 0 (all jobs):
   READ: bw=5089MiB/s (5336MB/s), 5089MiB/s-5089MiB/s (5336MB/s-5336MB/s), io=30.0GiB (32.2GB), run=6037-6037msec
