jobs1: (g=0): rw=read, bs=(R) 128KiB-128KiB, (W) 128KiB-128KiB, (T) 128KiB-128KiB, ioengine=libaio, iodepth=128
...
fio-3.28
Starting 16 processes
jobs1: Laying out IO file (1 file / 30720MiB)

jobs1: (groupid=0, jobs=16): err= 0: pid=182439: Tue Jul 25 19:41:13 2023
  read: IOPS=13.3k, BW=1666MiB/s (1747MB/s)(30.0GiB/18440msec)
    slat (usec): min=18, max=920, avg=74.37, stdev=51.00
    clat (nsec): min=1549, max=23694k, avg=9522189.51, stdev=1207552.36
     lat (usec): min=27, max=24615, avg=9596.64, stdev=1215.82
    clat percentiles (usec):
     |  1.00th=[ 8979],  5.00th=[ 9110], 10.00th=[ 9110], 20.00th=[ 9110],
     | 30.00th=[ 9110], 40.00th=[ 9110], 50.00th=[ 9110], 60.00th=[ 9241],
     | 70.00th=[ 9241], 80.00th=[ 9241], 90.00th=[10552], 95.00th=[13042],
     | 99.00th=[14353], 99.50th=[14746], 99.90th=[15533], 99.95th=[15926],
     | 99.99th=[20579]
   bw (  MiB/s): min= 1176, max= 1742, per=100.00%, avg=1667.06, stdev=175.34, samples=36
   iops        : min= 9411, max=13940, avg=13336.39, stdev=1402.69, samples=36
  lat (usec)   : 2=0.01%, 50=0.01%, 250=0.01%, 500=0.01%, 750=0.01%
  lat (usec)   : 1000=0.01%
  lat (msec)   : 2=0.01%, 4=0.01%, 10=89.67%, 20=10.29%, 50=0.01%
  cpu          : usr=1.08%, sys=67.06%, ctx=122069, majf=0, minf=4130
  IO depths    : 1=0.1%, 2=0.1%, 4=0.1%, 8=0.1%, 16=0.1%, 32=0.1%, >=64=100.0%
     submit    : 0=0.0%, 4=100.0%, 8=0.0%, 16=0.0%, 32=0.0%, 64=0.0%, >=64=0.0%
     complete  : 0=0.0%, 4=100.0%, 8=0.0%, 16=0.0%, 32=0.0%, 64=0.0%, >=64=0.1%
     issued rwts: total=245760,0,0,0 short=0,0,0,0 dropped=0,0,0,0
     latency   : target=0, window=0, percentile=100.00%, depth=128

Run status group 0 (all jobs):
   READ: bw=1666MiB/s (1747MB/s), 1666MiB/s-1666MiB/s (1747MB/s-1747MB/s), io=30.0GiB (32.2GB), run=18440-18440msec
