jobs1: (g=0): rw=read, bs=(R) 512KiB-512KiB, (W) 512KiB-512KiB, (T) 512KiB-512KiB, ioengine=libaio, iodepth=128
...
fio-3.28
Starting 16 processes
jobs1: Laying out IO file (1 file / 30720MiB)

jobs1: (groupid=0, jobs=16): err= 0: pid=195152: Tue Jul 25 20:23:44 2023
  read: IOPS=11.6k, BW=5821MiB/s (6104MB/s)(30.0GiB/5277msec)
    slat (usec): min=75, max=652, avg=85.05, stdev=16.18
    clat (nsec): min=1876, max=48816k, avg=10848762.91, stdev=1241479.81
     lat (usec): min=81, max=49469, avg=10933.87, stdev=1256.11
    clat percentiles (usec):
     |  1.00th=[10290],  5.00th=[10290], 10.00th=[10290], 20.00th=[10290],
     | 30.00th=[10421], 40.00th=[10421], 50.00th=[10421], 60.00th=[10421],
     | 70.00th=[10421], 80.00th=[12125], 90.00th=[12256], 95.00th=[12256],
     | 99.00th=[12649], 99.50th=[13435], 99.90th=[26608], 99.95th=[35390],
     | 99.99th=[45876]
   bw (  MiB/s): min= 4665, max= 6139, per=99.80%, avg=5810.04, stdev=537.18, samples=10
   iops        : min= 9330, max=12278, avg=11620.00, stdev=1074.42, samples=10
  lat (usec)   : 2=0.01%, 100=0.01%, 250=0.01%, 500=0.01%, 750=0.01%
  lat (usec)   : 1000=0.01%
  lat (msec)   : 2=0.02%, 4=0.04%, 10=0.12%, 20=99.64%, 50=0.16%
  cpu          : usr=0.89%, sys=99.05%, ctx=4, majf=2, minf=16443
  IO depths    : 1=0.1%, 2=0.1%, 4=0.1%, 8=0.1%, 16=0.1%, 32=0.1%, >=64=99.9%
     submit    : 0=0.0%, 4=100.0%, 8=0.0%, 16=0.0%, 32=0.0%, 64=0.0%, >=64=0.0%
     complete  : 0=0.0%, 4=100.0%, 8=0.0%, 16=0.0%, 32=0.0%, 64=0.0%, >=64=0.1%
     issued rwts: total=61440,0,0,0 short=0,0,0,0 dropped=0,0,0,0
     latency   : target=0, window=0, percentile=100.00%, depth=128

Run status group 0 (all jobs):
   READ: bw=5821MiB/s (6104MB/s), 5821MiB/s-5821MiB/s (6104MB/s-6104MB/s), io=30.0GiB (32.2GB), run=5277-5277msec
