jobs1: (g=0): rw=read, bs=(R) 32.0KiB-32.0KiB, (W) 32.0KiB-32.0KiB, (T) 32.0KiB-32.0KiB, ioengine=libaio, iodepth=128
...
fio-3.28
Starting 32 processes
jobs1: Laying out IO files (512 files / total 30720MiB)

jobs1: (groupid=0, jobs=32): err= 0: pid=1115565: Wed Jul 26 06:24:45 2023
  read: IOPS=144k, BW=4504MiB/s (4723MB/s)(30.0GiB/6821msec)
    slat (nsec): min=4407, max=74454, avg=6420.21, stdev=1378.97
    clat (nsec): min=1633, max=6841.1k, avg=880981.08, stdev=151829.86
     lat (usec): min=7, max=6916, avg=887.46, stdev=152.94
    clat percentiles (usec):
     |  1.00th=[  807],  5.00th=[  816], 10.00th=[  816], 20.00th=[  816],
     | 30.00th=[  816], 40.00th=[  824], 50.00th=[  824], 60.00th=[  824],
     | 70.00th=[  824], 80.00th=[  832], 90.00th=[ 1188], 95.00th=[ 1205],
     | 99.00th=[ 1221], 99.50th=[ 1221], 99.90th=[ 1434], 99.95th=[ 2008],
     | 99.99th=[ 4178]
   bw (  MiB/s): min= 3241, max= 4849, per=100.00%, avg=4505.74, stdev=640.74, samples=13
   iops        : min=103725, max=155194, avg=144183.69, stdev=20503.76, samples=13
  lat (usec)   : 2=0.01%, 10=0.01%, 20=0.01%, 50=0.01%, 100=0.01%
  lat (usec)   : 250=0.01%, 500=0.01%, 750=0.01%, 1000=84.65%
  lat (msec)   : 2=15.29%, 4=0.04%, 10=0.01%
  cpu          : usr=5.38%, sys=94.62%, ctx=10, majf=0, minf=1136
  IO depths    : 1=0.1%, 2=0.1%, 4=0.1%, 8=0.1%, 16=0.1%, 32=0.1%, >=64=100.0%
     submit    : 0=0.0%, 4=100.0%, 8=0.0%, 16=0.0%, 32=0.0%, 64=0.0%, >=64=0.0%
     complete  : 0=0.0%, 4=100.0%, 8=0.0%, 16=0.0%, 32=0.0%, 64=0.0%, >=64=0.1%
     issued rwts: total=983040,0,0,0 short=0,0,0,0 dropped=0,0,0,0
     latency   : target=0, window=0, percentile=100.00%, depth=128

Run status group 0 (all jobs):
   READ: bw=4504MiB/s (4723MB/s), 4504MiB/s-4504MiB/s (4723MB/s-4723MB/s), io=30.0GiB (32.2GB), run=6821-6821msec
