jobs1: (g=0): rw=read, bs=(R) 128KiB-128KiB, (W) 128KiB-128KiB, (T) 128KiB-128KiB, ioengine=libaio, iodepth=128
...
fio-3.28
Starting 16 processes
jobs1: Laying out IO files (64 files / total 30720MiB)

jobs1: (groupid=0, jobs=16): err= 0: pid=499810: Tue Jul 25 23:15:00 2023
  read: IOPS=22.8k, BW=2850MiB/s (2989MB/s)(30.0GiB/10778msec)
    slat (usec): min=13, max=1052, avg=43.19, stdev=25.24
    clat (usec): min=2, max=61139, avg=5549.41, stdev=975.17
     lat (usec): min=26, max=62193, avg=5592.65, stdev=984.88
    clat percentiles (usec):
     |  1.00th=[ 5145],  5.00th=[ 5145], 10.00th=[ 5145], 20.00th=[ 5211],
     | 30.00th=[ 5211], 40.00th=[ 5211], 50.00th=[ 5276], 60.00th=[ 5342],
     | 70.00th=[ 5342], 80.00th=[ 5407], 90.00th=[ 7177], 95.00th=[ 7242],
     | 99.00th=[ 7504], 99.50th=[ 7898], 99.90th=[ 9372], 99.95th=[11731],
     | 99.99th=[46400]
   bw (  MiB/s): min= 1875, max= 3067, per=100.00%, avg=2853.01, stdev=362.44, samples=21
   iops        : min=15005, max=24536, avg=22824.00, stdev=2899.52, samples=21
  lat (usec)   : 4=0.01%, 50=0.01%, 100=0.01%, 250=0.01%, 500=0.01%
  lat (usec)   : 750=0.01%, 1000=0.01%
  lat (msec)   : 2=0.02%, 4=0.05%, 10=99.84%, 20=0.03%, 50=0.03%
  lat (msec)   : 100=0.01%
  cpu          : usr=1.66%, sys=98.09%, ctx=145, majf=0, minf=4141
  IO depths    : 1=0.1%, 2=0.1%, 4=0.1%, 8=0.1%, 16=0.1%, 32=0.1%, >=64=100.0%
     submit    : 0=0.0%, 4=100.0%, 8=0.0%, 16=0.0%, 32=0.0%, 64=0.0%, >=64=0.0%
     complete  : 0=0.0%, 4=100.0%, 8=0.0%, 16=0.0%, 32=0.0%, 64=0.0%, >=64=0.1%
     issued rwts: total=245760,0,0,0 short=0,0,0,0 dropped=0,0,0,0
     latency   : target=0, window=0, percentile=100.00%, depth=128

Run status group 0 (all jobs):
   READ: bw=2850MiB/s (2989MB/s), 2850MiB/s-2850MiB/s (2989MB/s-2989MB/s), io=30.0GiB (32.2GB), run=10778-10778msec
