jobs1: (g=0): rw=read, bs=(R) 128KiB-128KiB, (W) 128KiB-128KiB, (T) 128KiB-128KiB, ioengine=libaio, iodepth=128
...
fio-3.28
Starting 16 processes
jobs1: Laying out IO files (128 files / total 30720MiB)

jobs1: (groupid=0, jobs=16): err= 0: pid=839596: Wed Jul 26 03:11:51 2023
  read: IOPS=19.4k, BW=2429MiB/s (2547MB/s)(30.0GiB/12647msec)
    slat (usec): min=13, max=1006, avg=50.38, stdev=33.34
    clat (nsec): min=1967, max=190586k, avg=6489008.19, stdev=3675325.71
     lat (usec): min=31, max=191553, avg=6539.44, stdev=3689.47
    clat percentiles (msec):
     |  1.00th=[    3],  5.00th=[    3], 10.00th=[    4], 20.00th=[    5],
     | 30.00th=[    5], 40.00th=[    6], 50.00th=[    7], 60.00th=[    7],
     | 70.00th=[    8], 80.00th=[    9], 90.00th=[    9], 95.00th=[   12],
     | 99.00th=[   14], 99.50th=[   15], 99.90th=[   17], 99.95th=[   25],
     | 99.99th=[  174]
   bw (  MiB/s): min= 1034, max= 2751, per=100.00%, avg=2428.99, stdev=534.77, samples=25
   iops        : min= 8278, max=22014, avg=19431.80, stdev=4278.31, samples=25
  lat (usec)   : 2=0.01%, 50=0.01%, 100=0.01%, 250=0.01%, 500=0.01%
  lat (usec)   : 750=0.01%, 1000=0.01%
  lat (msec)   : 2=0.02%, 4=18.10%, 10=73.95%, 20=7.85%, 50=0.02%
  lat (msec)   : 100=0.02%, 250=0.03%
  cpu          : usr=1.27%, sys=97.60%, ctx=278, majf=0, minf=4136
  IO depths    : 1=0.1%, 2=0.1%, 4=0.1%, 8=0.1%, 16=0.1%, 32=0.1%, >=64=100.0%
     submit    : 0=0.0%, 4=100.0%, 8=0.0%, 16=0.0%, 32=0.0%, 64=0.0%, >=64=0.0%
     complete  : 0=0.0%, 4=100.0%, 8=0.0%, 16=0.0%, 32=0.0%, 64=0.0%, >=64=0.1%
     issued rwts: total=245760,0,0,0 short=0,0,0,0 dropped=0,0,0,0
     latency   : target=0, window=0, percentile=100.00%, depth=128

Run status group 0 (all jobs):
   READ: bw=2429MiB/s (2547MB/s), 2429MiB/s-2429MiB/s (2547MB/s-2547MB/s), io=30.0GiB (32.2GB), run=12647-12647msec
