jobs1: (g=0): rw=read, bs=(R) 128KiB-128KiB, (W) 128KiB-128KiB, (T) 128KiB-128KiB, ioengine=libaio, iodepth=128
...
fio-3.28
Starting 32 processes
jobs1: Laying out IO files (128 files / total 30720MiB)

jobs1: (groupid=0, jobs=32): err= 0: pid=842880: Wed Jul 26 03:17:24 2023
  read: IOPS=19.0k, BW=2378MiB/s (2493MB/s)(30.0GiB/12921msec)
    slat (usec): min=13, max=1053, avg=51.43, stdev=34.18
    clat (usec): min=2, max=208574, avg=6631.04, stdev=4024.91
     lat (usec): min=32, max=209615, avg=6682.53, stdev=4040.13
    clat percentiles (msec):
     |  1.00th=[    3],  5.00th=[    4], 10.00th=[    4], 20.00th=[    5],
     | 30.00th=[    5], 40.00th=[    6], 50.00th=[    7], 60.00th=[    8],
     | 70.00th=[    8], 80.00th=[    9], 90.00th=[   10], 95.00th=[   12],
     | 99.00th=[   15], 99.50th=[   15], 99.90th=[   16], 99.95th=[   25],
     | 99.99th=[  192]
   bw (  MiB/s): min= 1110, max= 2738, per=100.00%, avg=2387.45, stdev=531.47, samples=25
   iops        : min= 8883, max=21904, avg=19099.52, stdev=4251.79, samples=25
  lat (usec)   : 4=0.01%, 50=0.01%, 100=0.01%, 250=0.01%, 500=0.01%
  lat (usec)   : 750=0.01%, 1000=0.01%
  lat (msec)   : 2=0.02%, 4=17.26%, 10=73.89%, 20=8.74%, 50=0.02%
  lat (msec)   : 100=0.01%, 250=0.04%
  cpu          : usr=1.23%, sys=97.53%, ctx=275, majf=0, minf=4166
  IO depths    : 1=0.1%, 2=0.1%, 4=0.1%, 8=0.1%, 16=0.1%, 32=0.1%, >=64=100.0%
     submit    : 0=0.0%, 4=100.0%, 8=0.0%, 16=0.0%, 32=0.0%, 64=0.0%, >=64=0.0%
     complete  : 0=0.0%, 4=100.0%, 8=0.0%, 16=0.0%, 32=0.0%, 64=0.0%, >=64=0.1%
     issued rwts: total=245760,0,0,0 short=0,0,0,0 dropped=0,0,0,0
     latency   : target=0, window=0, percentile=100.00%, depth=128

Run status group 0 (all jobs):
   READ: bw=2378MiB/s (2493MB/s), 2378MiB/s-2378MiB/s (2493MB/s-2493MB/s), io=30.0GiB (32.2GB), run=12921-12921msec
