jobs1: (g=0): rw=read, bs=(R) 4096B-4096B, (W) 4096B-4096B, (T) 4096B-4096B, ioengine=libaio, iodepth=128
...
fio-3.28
Starting 32 processes
jobs1: Laying out IO files (512 files / total 30720MiB)

jobs1: (groupid=0, jobs=32): err= 0: pid=1094051: Wed Jul 26 05:15:33 2023
  read: IOPS=412k, BW=1611MiB/s (1689MB/s)(30.0GiB/19074msec)
    slat (nsec): min=740, max=373919, avg=1953.69, stdev=6851.37
    clat (nsec): min=1133, max=131955k, avg=307373.71, stdev=951172.96
     lat (usec): min=2, max=132125, avg=309.36, stdev=956.42
    clat percentiles (usec):
     |  1.00th=[  178],  5.00th=[  180], 10.00th=[  182], 20.00th=[  182],
     | 30.00th=[  184], 40.00th=[  184], 50.00th=[  186], 60.00th=[  186],
     | 70.00th=[  188], 80.00th=[  192], 90.00th=[  314], 95.00th=[  322],
     | 99.00th=[ 6587], 99.50th=[ 6718], 99.90th=[ 8979], 99.95th=[10159],
     | 99.99th=[10290]
   bw (  MiB/s): min=  515, max= 1789, per=100.00%, avg=1619.61, stdev=287.08, samples=37
   iops        : min=131997, max=458014, avg=414620.76, stdev=73493.08, samples=37
  lat (usec)   : 2=0.01%, 4=0.01%, 10=0.01%, 20=0.01%, 50=0.01%
  lat (usec)   : 100=0.01%, 250=88.48%, 500=8.31%, 750=0.40%, 1000=0.67%
  lat (msec)   : 2=0.52%, 4=0.25%, 10=1.28%, 20=0.08%, 50=0.01%
  lat (msec)   : 100=0.01%, 250=0.01%
  cpu          : usr=16.92%, sys=81.58%, ctx=1269, majf=0, minf=221
  IO depths    : 1=0.1%, 2=0.1%, 4=0.1%, 8=0.1%, 16=0.1%, 32=0.1%, >=64=100.0%
     submit    : 0=0.0%, 4=100.0%, 8=0.0%, 16=0.0%, 32=0.0%, 64=0.0%, >=64=0.0%
     complete  : 0=0.0%, 4=100.0%, 8=0.0%, 16=0.0%, 32=0.0%, 64=0.0%, >=64=0.1%
     issued rwts: total=7864320,0,0,0 short=0,0,0,0 dropped=0,0,0,0
     latency   : target=0, window=0, percentile=100.00%, depth=128

Run status group 0 (all jobs):
   READ: bw=1611MiB/s (1689MB/s), 1611MiB/s-1611MiB/s (1689MB/s-1689MB/s), io=30.0GiB (32.2GB), run=19074-19074msec
