jobs1: (g=0): rw=read, bs=(R) 512KiB-512KiB, (W) 512KiB-512KiB, (T) 512KiB-512KiB, ioengine=libaio, iodepth=128
fio-3.28
Starting 1 process
jobs1: Laying out IO files (64 files / total 30720MiB)

jobs1: (groupid=0, jobs=1): err= 0: pid=520572: Wed Jul 26 00:05:17 2023
  read: IOPS=2497, BW=1249MiB/s (1309MB/s)(30.0GiB/24599msec)
    slat (usec): min=277, max=2161, avg=396.71, stdev=99.55
    clat (usec): min=2, max=164251, avg=50631.73, stdev=11398.11
     lat (usec): min=306, max=166414, avg=51028.95, stdev=11487.83
    clat percentiles (msec):
     |  1.00th=[   38],  5.00th=[   38], 10.00th=[   38], 20.00th=[   38],
     | 30.00th=[   39], 40.00th=[   39], 50.00th=[   57], 60.00th=[   58],
     | 70.00th=[   59], 80.00th=[   61], 90.00th=[   64], 95.00th=[   66],
     | 99.00th=[   68], 99.50th=[   69], 99.90th=[   73], 99.95th=[  127],
     | 99.99th=[  157]
   bw (  MiB/s): min=  715, max= 1694, per=99.71%, avg=1245.18, stdev=295.89, samples=49
   iops        : min= 1430, max= 3388, avg=2490.37, stdev=591.77, samples=49
  lat (usec)   : 4=0.01%, 500=0.01%, 750=0.01%, 1000=0.01%
  lat (msec)   : 2=0.01%, 4=0.01%, 10=0.03%, 20=0.06%, 50=41.01%
  lat (msec)   : 100=58.80%, 250=0.08%
  cpu          : usr=0.62%, sys=65.11%, ctx=61627, majf=0, minf=16398
  IO depths    : 1=0.1%, 2=0.1%, 4=0.1%, 8=0.1%, 16=0.1%, 32=0.1%, >=64=99.9%
     submit    : 0=0.0%, 4=100.0%, 8=0.0%, 16=0.0%, 32=0.0%, 64=0.0%, >=64=0.0%
     complete  : 0=0.0%, 4=100.0%, 8=0.0%, 16=0.0%, 32=0.0%, 64=0.0%, >=64=0.1%
     issued rwts: total=61440,0,0,0 short=0,0,0,0 dropped=0,0,0,0
     latency   : target=0, window=0, percentile=100.00%, depth=128

Run status group 0 (all jobs):
   READ: bw=1249MiB/s (1309MB/s), 1249MiB/s-1249MiB/s (1309MB/s-1309MB/s), io=30.0GiB (32.2GB), run=24599-24599msec
