jobs1: (g=0): rw=read, bs=(R) 128KiB-128KiB, (W) 128KiB-128KiB, (T) 128KiB-128KiB, ioengine=libaio, iodepth=128
...
fio-3.28
Starting 32 processes
jobs1: Laying out IO files (64 files / total 30720MiB)

jobs1: (groupid=0, jobs=32): err= 0: pid=504890: Tue Jul 25 23:22:45 2023
  read: IOPS=20.2k, BW=2526MiB/s (2648MB/s)(30.0GiB/12163msec)
    slat (usec): min=12, max=1028, avg=48.70, stdev=31.61
    clat (usec): min=2, max=91474, avg=6254.73, stdev=1742.79
     lat (usec): min=29, max=92504, avg=6303.49, stdev=1757.50
    clat percentiles (usec):
     |  1.00th=[ 5473],  5.00th=[ 5538], 10.00th=[ 5538], 20.00th=[ 5538],
     | 30.00th=[ 5538], 40.00th=[ 5538], 50.00th=[ 5604], 60.00th=[ 5604],
     | 70.00th=[ 5604], 80.00th=[ 5669], 90.00th=[ 9241], 95.00th=[ 9372],
     | 99.00th=[ 9372], 99.50th=[ 9372], 99.90th=[ 9634], 99.95th=[12125],
     | 99.99th=[73925]
   bw (  MiB/s): min= 1453, max= 2864, per=100.00%, avg=2533.91, stdev=524.75, samples=24
   iops        : min=11624, max=22914, avg=20271.21, stdev=4198.02, samples=24
  lat (usec)   : 4=0.01%, 50=0.01%, 100=0.01%, 250=0.01%, 500=0.01%
  lat (usec)   : 750=0.01%, 1000=0.01%
  lat (msec)   : 2=0.02%, 4=0.05%, 10=99.83%, 20=0.04%, 50=0.02%
  lat (msec)   : 100=0.02%
  cpu          : usr=1.32%, sys=98.25%, ctx=155, majf=2, minf=4201
  IO depths    : 1=0.1%, 2=0.1%, 4=0.1%, 8=0.1%, 16=0.1%, 32=0.1%, >=64=100.0%
     submit    : 0=0.0%, 4=100.0%, 8=0.0%, 16=0.0%, 32=0.0%, 64=0.0%, >=64=0.0%
     complete  : 0=0.0%, 4=100.0%, 8=0.0%, 16=0.0%, 32=0.0%, 64=0.0%, >=64=0.1%
     issued rwts: total=245760,0,0,0 short=0,0,0,0 dropped=0,0,0,0
     latency   : target=0, window=0, percentile=100.00%, depth=128

Run status group 0 (all jobs):
   READ: bw=2526MiB/s (2648MB/s), 2526MiB/s-2526MiB/s (2648MB/s-2648MB/s), io=30.0GiB (32.2GB), run=12163-12163msec
