jobs1: (g=0): rw=read, bs=(R) 128KiB-128KiB, (W) 128KiB-128KiB, (T) 128KiB-128KiB, ioengine=libaio, iodepth=128
...
fio-3.28
Starting 32 processes
jobs1: Laying out IO file (1 file / 30720MiB)

jobs1: (groupid=0, jobs=32): err= 0: pid=183784: Tue Jul 25 19:45:39 2023
  read: IOPS=13.4k, BW=1679MiB/s (1761MB/s)(30.0GiB/18293msec)
    slat (usec): min=21, max=883, avg=73.84, stdev=51.61
    clat (nsec): min=1565, max=23604k, avg=9446188.24, stdev=406722.20
     lat (usec): min=27, max=24489, avg=9520.10, stdev=407.07
    clat percentiles (usec):
     |  1.00th=[ 9110],  5.00th=[ 9110], 10.00th=[ 9110], 20.00th=[ 9241],
     | 30.00th=[ 9372], 40.00th=[ 9503], 50.00th=[ 9503], 60.00th=[ 9503],
     | 70.00th=[ 9503], 80.00th=[ 9634], 90.00th=[ 9634], 95.00th=[ 9634],
     | 99.00th=[10028], 99.50th=[12125], 99.90th=[14222], 99.95th=[15008],
     | 99.99th=[20317]
   bw (  MiB/s): min= 1502, max= 1737, per=100.00%, avg=1679.88, stdev=42.00, samples=36
   iops        : min=12022, max=13900, avg=13438.92, stdev=336.10, samples=36
  lat (usec)   : 2=0.01%, 50=0.01%, 250=0.01%, 500=0.01%, 750=0.01%
  lat (usec)   : 1000=0.01%
  lat (msec)   : 2=0.01%, 4=0.01%, 10=98.97%, 20=1.00%, 50=0.01%
  cpu          : usr=0.74%, sys=65.16%, ctx=118754, majf=0, minf=4168
  IO depths    : 1=0.1%, 2=0.1%, 4=0.1%, 8=0.1%, 16=0.1%, 32=0.1%, >=64=100.0%
     submit    : 0=0.0%, 4=100.0%, 8=0.0%, 16=0.0%, 32=0.0%, 64=0.0%, >=64=0.0%
     complete  : 0=0.0%, 4=100.0%, 8=0.0%, 16=0.0%, 32=0.0%, 64=0.0%, >=64=0.1%
     issued rwts: total=245760,0,0,0 short=0,0,0,0 dropped=0,0,0,0
     latency   : target=0, window=0, percentile=100.00%, depth=128

Run status group 0 (all jobs):
   READ: bw=1679MiB/s (1761MB/s), 1679MiB/s-1679MiB/s (1761MB/s-1761MB/s), io=30.0GiB (32.2GB), run=18293-18293msec
