jobs1: (g=0): rw=read, bs=(R) 128KiB-128KiB, (W) 128KiB-128KiB, (T) 128KiB-128KiB, ioengine=libaio, iodepth=128
...
fio-3.28
Starting 32 processes
jobs1: Laying out IO files (512 files / total 30720MiB)

jobs1: (groupid=0, jobs=32): err= 0: pid=1139342: Wed Jul 26 07:25:36 2023
  read: IOPS=40.8k, BW=5097MiB/s (5345MB/s)(30.0GiB/6027msec)
    slat (usec): min=19, max=210, avg=23.91, stdev= 4.57
    clat (nsec): min=1653, max=20405k, avg=3108651.15, stdev=496524.16
     lat (usec): min=25, max=20616, avg=3132.64, stdev=500.80
    clat percentiles (usec):
     |  1.00th=[ 2868],  5.00th=[ 2868], 10.00th=[ 2868], 20.00th=[ 2868],
     | 30.00th=[ 2900], 40.00th=[ 2900], 50.00th=[ 2900], 60.00th=[ 2933],
     | 70.00th=[ 2933], 80.00th=[ 2966], 90.00th=[ 3982], 95.00th=[ 4015],
     | 99.00th=[ 4047], 99.50th=[ 4080], 99.90th=[ 5342], 99.95th=[ 6390],
     | 99.99th=[17433]
   bw (  MiB/s): min= 3829, max= 5485, per=100.00%, avg=5121.50, stdev=649.79, samples=11
   iops        : min=30639, max=43884, avg=40971.91, stdev=5198.34, samples=11
  lat (usec)   : 2=0.01%, 50=0.01%, 100=0.01%, 250=0.01%, 500=0.01%
  lat (usec)   : 750=0.01%, 1000=0.01%
  lat (msec)   : 2=0.02%, 4=92.53%, 10=7.40%, 20=0.03%, 50=0.01%
  cpu          : usr=2.95%, sys=96.98%, ctx=7, majf=0, minf=4176
  IO depths    : 1=0.1%, 2=0.1%, 4=0.1%, 8=0.1%, 16=0.1%, 32=0.1%, >=64=100.0%
     submit    : 0=0.0%, 4=100.0%, 8=0.0%, 16=0.0%, 32=0.0%, 64=0.0%, >=64=0.0%
     complete  : 0=0.0%, 4=100.0%, 8=0.0%, 16=0.0%, 32=0.0%, 64=0.0%, >=64=0.1%
     issued rwts: total=245760,0,0,0 short=0,0,0,0 dropped=0,0,0,0
     latency   : target=0, window=0, percentile=100.00%, depth=128

Run status group 0 (all jobs):
   READ: bw=5097MiB/s (5345MB/s), 5097MiB/s-5097MiB/s (5345MB/s-5345MB/s), io=30.0GiB (32.2GB), run=6027-6027msec
