jobs1: (g=0): rw=read, bs=(R) 4096B-4096B, (W) 4096B-4096B, (T) 4096B-4096B, ioengine=libaio, iodepth=128
...
fio-3.28
Starting 16 processes
jobs1: Laying out IO files (512 files / total 30720MiB)

jobs1: (groupid=0, jobs=16): err= 0: pid=1092898: Wed Jul 26 05:09:31 2023
  read: IOPS=619k, BW=2420MiB/s (2537MB/s)(30.0GiB/12695msec)
    slat (nsec): min=825, max=27239, avg=1188.72, stdev=287.60
    clat (nsec): min=1257, max=1910.0k, avg=205197.59, stdev=42238.82
     lat (usec): min=2, max=1931, avg=206.42, stdev=42.49
    clat percentiles (usec):
     |  1.00th=[  188],  5.00th=[  190], 10.00th=[  190], 20.00th=[  192],
     | 30.00th=[  192], 40.00th=[  194], 50.00th=[  194], 60.00th=[  194],
     | 70.00th=[  196], 80.00th=[  198], 90.00th=[  202], 95.00th=[  347],
     | 99.00th=[  355], 99.50th=[  359], 99.90th=[  367], 99.95th=[  453],
     | 99.99th=[  668]
   bw (  MiB/s): min= 1419, max= 2583, per=99.92%, avg=2417.87, stdev=377.18, samples=25
   iops        : min=363298, max=661352, avg=618975.84, stdev=96557.19, samples=25
  lat (usec)   : 2=0.01%, 4=0.01%, 10=0.01%, 20=0.01%, 50=0.01%
  lat (usec)   : 100=0.01%, 250=92.47%, 500=7.50%, 750=0.02%, 1000=0.01%
  lat (msec)   : 2=0.01%
  cpu          : usr=23.09%, sys=76.89%, ctx=14, majf=0, minf=170
  IO depths    : 1=0.1%, 2=0.1%, 4=0.1%, 8=0.1%, 16=0.1%, 32=0.1%, >=64=100.0%
     submit    : 0=0.0%, 4=100.0%, 8=0.0%, 16=0.0%, 32=0.0%, 64=0.0%, >=64=0.0%
     complete  : 0=0.0%, 4=100.0%, 8=0.0%, 16=0.0%, 32=0.0%, 64=0.0%, >=64=0.1%
     issued rwts: total=7864320,0,0,0 short=0,0,0,0 dropped=0,0,0,0
     latency   : target=0, window=0, percentile=100.00%, depth=128

Run status group 0 (all jobs):
   READ: bw=2420MiB/s (2537MB/s), 2420MiB/s-2420MiB/s (2537MB/s-2537MB/s), io=30.0GiB (32.2GB), run=12695-12695msec
