jobs1: (g=0): rw=read, bs=(R) 4096B-4096B, (W) 4096B-4096B, (T) 4096B-4096B, ioengine=libaio, iodepth=128
fio-3.28
Starting 1 process
jobs1: Laying out IO files (128 files / total 30720MiB)

jobs1: (groupid=0, jobs=1): err= 0: pid=786788: Wed Jul 26 01:11:28 2023
  read: IOPS=612k, BW=2392MiB/s (2508MB/s)(30.0GiB/12844msec)
    slat (nsec): min=800, max=43240, avg=1195.72, stdev=487.66
    clat (nsec): min=1527, max=2011.7k, avg=207617.48, stdev=39194.60
     lat (usec): min=2, max=2040, avg=208.85, stdev=39.43
    clat percentiles (usec):
     |  1.00th=[  192],  5.00th=[  194], 10.00th=[  194], 20.00th=[  194],
     | 30.00th=[  196], 40.00th=[  196], 50.00th=[  196], 60.00th=[  198],
     | 70.00th=[  198], 80.00th=[  200], 90.00th=[  206], 95.00th=[  334],
     | 99.00th=[  343], 99.50th=[  343], 99.90th=[  355], 99.95th=[  482],
     | 99.99th=[  701]
   bw (  MiB/s): min= 1459, max= 2537, per=99.88%, avg=2388.96, stdev=353.66, samples=25
   iops        : min=373694, max=649612, avg=611573.36, stdev=90536.39, samples=25
  lat (usec)   : 2=0.01%, 4=0.01%, 10=0.01%, 20=0.01%, 50=0.01%
  lat (usec)   : 100=0.01%, 250=92.00%, 500=7.96%, 750=0.04%, 1000=0.01%
  lat (msec)   : 2=0.01%, 4=0.01%
  cpu          : usr=24.01%, sys=75.99%, ctx=23, majf=0, minf=140
  IO depths    : 1=0.1%, 2=0.1%, 4=0.1%, 8=0.1%, 16=0.1%, 32=0.1%, >=64=100.0%
     submit    : 0=0.0%, 4=100.0%, 8=0.0%, 16=0.0%, 32=0.0%, 64=0.0%, >=64=0.0%
     complete  : 0=0.0%, 4=100.0%, 8=0.0%, 16=0.0%, 32=0.0%, 64=0.0%, >=64=0.1%
     issued rwts: total=7864320,0,0,0 short=0,0,0,0 dropped=0,0,0,0
     latency   : target=0, window=0, percentile=100.00%, depth=128

Run status group 0 (all jobs):
   READ: bw=2392MiB/s (2508MB/s), 2392MiB/s-2392MiB/s (2508MB/s-2508MB/s), io=30.0GiB (32.2GB), run=12844-12844msec
