jobs1: (g=0): rw=read, bs=(R) 512KiB-512KiB, (W) 512KiB-512KiB, (T) 512KiB-512KiB, ioengine=libaio, iodepth=128
...
fio-3.28
Starting 16 processes
jobs1: Laying out IO files (64 files / total 30720MiB)

jobs1: (groupid=0, jobs=16): err= 0: pid=522251: Wed Jul 26 00:07:51 2023
  read: IOPS=11.4k, BW=5677MiB/s (5953MB/s)(30.0GiB/5411msec)
    slat (usec): min=75, max=654, avg=87.22, stdev=18.18
    clat (nsec): min=1805, max=48180k, avg=11126646.18, stdev=1708145.56
     lat (usec): min=82, max=48835, avg=11213.93, stdev=1724.71
    clat percentiles (usec):
     |  1.00th=[10290],  5.00th=[10290], 10.00th=[10290], 20.00th=[10290],
     | 30.00th=[10290], 40.00th=[10290], 50.00th=[10290], 60.00th=[10421],
     | 70.00th=[10421], 80.00th=[13829], 90.00th=[13829], 95.00th=[13960],
     | 99.00th=[13960], 99.50th=[13960], 99.90th=[26346], 99.95th=[34866],
     | 99.99th=[45351]
   bw (  MiB/s): min= 4200, max= 6153, per=99.89%, avg=5671.17, stdev=776.75, samples=10
   iops        : min= 8400, max=12304, avg=11342.00, stdev=1553.53, samples=10
  lat (usec)   : 2=0.01%, 100=0.01%, 250=0.01%, 500=0.01%, 750=0.01%
  lat (usec)   : 1000=0.01%
  lat (msec)   : 2=0.02%, 4=0.04%, 10=0.12%, 20=99.65%, 50=0.15%
  cpu          : usr=0.46%, sys=99.50%, ctx=8, majf=1, minf=16442
  IO depths    : 1=0.1%, 2=0.1%, 4=0.1%, 8=0.1%, 16=0.1%, 32=0.1%, >=64=99.9%
     submit    : 0=0.0%, 4=100.0%, 8=0.0%, 16=0.0%, 32=0.0%, 64=0.0%, >=64=0.0%
     complete  : 0=0.0%, 4=100.0%, 8=0.0%, 16=0.0%, 32=0.0%, 64=0.0%, >=64=0.1%
     issued rwts: total=61440,0,0,0 short=0,0,0,0 dropped=0,0,0,0
     latency   : target=0, window=0, percentile=100.00%, depth=128

Run status group 0 (all jobs):
   READ: bw=5677MiB/s (5953MB/s), 5677MiB/s-5677MiB/s (5953MB/s-5953MB/s), io=30.0GiB (32.2GB), run=5411-5411msec
