jobs1: (g=0): rw=read, bs=(R) 512KiB-512KiB, (W) 512KiB-512KiB, (T) 512KiB-512KiB, ioengine=libaio, iodepth=128
...
fio-3.28
Starting 32 processes
jobs1: Laying out IO files (128 files / total 30720MiB)

jobs1: (groupid=0, jobs=32): err= 0: pid=869268: Wed Jul 26 04:10:23 2023
  read: IOPS=2953, BW=1477MiB/s (1549MB/s)(30.0GiB/20801msec)
    slat (usec): min=272, max=2143, avg=334.94, stdev=95.21
    clat (usec): min=2, max=260229, avg=42729.10, stdev=11771.75
     lat (usec): min=311, max=262374, avg=43064.41, stdev=11860.37
    clat percentiles (msec):
     |  1.00th=[   38],  5.00th=[   38], 10.00th=[   38], 20.00th=[   38],
     | 30.00th=[   38], 40.00th=[   39], 50.00th=[   39], 60.00th=[   39],
     | 70.00th=[   39], 80.00th=[   40], 90.00th=[   64], 95.00th=[   67],
     | 99.00th=[   69], 99.50th=[   71], 99.90th=[  161], 99.95th=[  224],
     | 99.99th=[  253]
   bw (  MiB/s): min=  550, max= 1692, per=99.96%, avg=1476.27, stdev=326.46, samples=41
   iops        : min= 1101, max= 3384, avg=2952.46, stdev=652.94, samples=41
  lat (usec)   : 4=0.01%, 500=0.01%, 750=0.01%, 1000=0.01%
  lat (msec)   : 2=0.01%, 4=0.01%, 10=0.03%, 20=0.05%, 50=81.18%
  lat (msec)   : 100=18.54%, 250=0.17%, 500=0.01%
  cpu          : usr=0.56%, sys=64.18%, ctx=61702, majf=0, minf=16456
  IO depths    : 1=0.1%, 2=0.1%, 4=0.1%, 8=0.1%, 16=0.1%, 32=0.1%, >=64=99.9%
     submit    : 0=0.0%, 4=100.0%, 8=0.0%, 16=0.0%, 32=0.0%, 64=0.0%, >=64=0.0%
     complete  : 0=0.0%, 4=100.0%, 8=0.0%, 16=0.0%, 32=0.0%, 64=0.0%, >=64=0.1%
     issued rwts: total=61440,0,0,0 short=0,0,0,0 dropped=0,0,0,0
     latency   : target=0, window=0, percentile=100.00%, depth=128

Run status group 0 (all jobs):
   READ: bw=1477MiB/s (1549MB/s), 1477MiB/s-1477MiB/s (1549MB/s-1549MB/s), io=30.0GiB (32.2GB), run=20801-20801msec
