jobs1: (g=0): rw=read, bs=(R) 128KiB-128KiB, (W) 128KiB-128KiB, (T) 128KiB-128KiB, ioengine=libaio, iodepth=128
...
fio-3.28
Starting 16 processes
jobs1: Laying out IO files (512 files / total 30720MiB)

jobs1: (groupid=0, jobs=16): err= 0: pid=1137360: Wed Jul 26 07:18:23 2023
  read: IOPS=19.1k, BW=2391MiB/s (2507MB/s)(30.0GiB/12850msec)
    slat (usec): min=13, max=1056, avg=50.68, stdev=39.99
    clat (nsec): min=1561, max=168668k, avg=6601320.81, stdev=6301820.16
     lat (usec): min=16, max=169726, avg=6652.07, stdev=6337.21
    clat percentiles (msec):
     |  1.00th=[    3],  5.00th=[    3], 10.00th=[    3], 20.00th=[    3],
     | 30.00th=[    3], 40.00th=[    5], 50.00th=[    7], 60.00th=[    9],
     | 70.00th=[    9], 80.00th=[    9], 90.00th=[   11], 95.00th=[   14],
     | 99.00th=[   15], 99.50th=[   15], 99.90th=[  122], 99.95th=[  128],
     | 99.99th=[  165]
   bw (  MiB/s): min=  377, max= 2812, per=100.00%, avg=2406.16, stdev=636.37, samples=25
   iops        : min= 3016, max=22502, avg=19249.16, stdev=5090.89, samples=25
  lat (usec)   : 2=0.01%, 20=0.01%, 50=0.01%, 100=0.01%, 250=0.01%
  lat (usec)   : 500=0.01%, 750=0.01%, 1000=0.01%
  lat (msec)   : 2=0.02%, 4=37.10%, 10=52.52%, 20=10.12%, 50=0.01%
  lat (msec)   : 100=0.03%, 250=0.17%
  cpu          : usr=1.00%, sys=96.08%, ctx=1047, majf=1, minf=4144
  IO depths    : 1=0.1%, 2=0.1%, 4=0.1%, 8=0.1%, 16=0.1%, 32=0.1%, >=64=100.0%
     submit    : 0=0.0%, 4=100.0%, 8=0.0%, 16=0.0%, 32=0.0%, 64=0.0%, >=64=0.0%
     complete  : 0=0.0%, 4=100.0%, 8=0.0%, 16=0.0%, 32=0.0%, 64=0.0%, >=64=0.1%
     issued rwts: total=245760,0,0,0 short=0,0,0,0 dropped=0,0,0,0
     latency   : target=0, window=0, percentile=100.00%, depth=128

Run status group 0 (all jobs):
   READ: bw=2391MiB/s (2507MB/s), 2391MiB/s-2391MiB/s (2507MB/s-2507MB/s), io=30.0GiB (32.2GB), run=12850-12850msec
