jobs1: (g=0): rw=read, bs=(R) 4096B-4096B, (W) 4096B-4096B, (T) 4096B-4096B, ioengine=libaio, iodepth=128
fio-3.28
Starting 1 process
jobs1: Laying out IO file (1 file / 30720MiB)

jobs1: (groupid=0, jobs=1): err= 0: pid=153714: Tue Jul 25 17:52:32 2023
  read: IOPS=367k, BW=1435MiB/s (1505MB/s)(30.0GiB/21405msec)
    slat (nsec): min=715, max=394096, avg=2282.31, stdev=9675.94
    clat (nsec): min=1592, max=1875.1k, avg=345873.23, stdev=58396.87
     lat (usec): min=3, max=2114, avg=348.19, stdev=57.98
    clat percentiles (usec):
     |  1.00th=[  273],  5.00th=[  330], 10.00th=[  330], 20.00th=[  330],
     | 30.00th=[  334], 40.00th=[  334], 50.00th=[  334], 60.00th=[  334],
     | 70.00th=[  338], 80.00th=[  338], 90.00th=[  343], 95.00th=[  429],
     | 99.00th=[  660], 99.50th=[  668], 99.90th=[  701], 99.95th=[  750],
     | 99.99th=[  840]
   bw (  MiB/s): min=  834, max= 1493, per=99.96%, avg=1434.64, stdev=174.77, samples=42
   iops        : min=213632, max=382274, avg=367268.38, stdev=44741.96, samples=42
  lat (usec)   : 2=0.01%, 4=0.01%, 10=0.01%, 20=0.01%, 50=0.01%
  lat (usec)   : 100=0.01%, 250=0.15%, 500=95.72%, 750=4.07%, 1000=0.05%
  lat (msec)   : 2=0.01%
  cpu          : usr=14.54%, sys=70.71%, ctx=116673, majf=0, minf=139
  IO depths    : 1=0.1%, 2=0.1%, 4=0.1%, 8=0.1%, 16=0.1%, 32=0.1%, >=64=100.0%
     submit    : 0=0.0%, 4=100.0%, 8=0.0%, 16=0.0%, 32=0.0%, 64=0.0%, >=64=0.0%
     complete  : 0=0.0%, 4=100.0%, 8=0.0%, 16=0.0%, 32=0.0%, 64=0.0%, >=64=0.1%
     issued rwts: total=7864320,0,0,0 short=0,0,0,0 dropped=0,0,0,0
     latency   : target=0, window=0, percentile=100.00%, depth=128

Run status group 0 (all jobs):
   READ: bw=1435MiB/s (1505MB/s), 1435MiB/s-1435MiB/s (1505MB/s-1505MB/s), io=30.0GiB (32.2GB), run=21405-21405msec
