jobs1: (g=0): rw=read, bs=(R) 512KiB-512KiB, (W) 512KiB-512KiB, (T) 512KiB-512KiB, ioengine=libaio, iodepth=128
fio-3.28
Starting 1 process
jobs1: Laying out IO files (128 files / total 30720MiB)

jobs1: (groupid=0, jobs=1): err= 0: pid=861357: Wed Jul 26 04:02:47 2023
  read: IOPS=2990, BW=1495MiB/s (1568MB/s)(30.0GiB/20546msec)
    slat (usec): min=282, max=2123, avg=331.00, stdev=92.69
    clat (usec): min=3, max=254913, avg=42210.04, stdev=11326.93
     lat (usec): min=333, max=257039, avg=42541.41, stdev=11413.44
    clat percentiles (msec):
     |  1.00th=[   38],  5.00th=[   39], 10.00th=[   39], 20.00th=[   39],
     | 30.00th=[   39], 40.00th=[   39], 50.00th=[   39], 60.00th=[   39],
     | 70.00th=[   39], 80.00th=[   39], 90.00th=[   62], 95.00th=[   66],
     | 99.00th=[   71], 99.50th=[   72], 99.90th=[  167], 99.95th=[  220],
     | 99.99th=[  247]
   bw (  MiB/s): min=  478, max= 1679, per=99.81%, avg=1492.27, stdev=323.69, samples=41
   iops        : min=  956, max= 3358, avg=2984.54, stdev=647.38, samples=41
  lat (usec)   : 4=0.01%, 500=0.01%, 750=0.01%, 1000=0.01%
  lat (msec)   : 2=0.01%, 4=0.01%, 10=0.03%, 20=0.05%, 50=84.12%
  lat (msec)   : 100=15.59%, 250=0.18%, 500=0.01%
  cpu          : usr=0.72%, sys=63.82%, ctx=61723, majf=0, minf=16399
  IO depths    : 1=0.1%, 2=0.1%, 4=0.1%, 8=0.1%, 16=0.1%, 32=0.1%, >=64=99.9%
     submit    : 0=0.0%, 4=100.0%, 8=0.0%, 16=0.0%, 32=0.0%, 64=0.0%, >=64=0.0%
     complete  : 0=0.0%, 4=100.0%, 8=0.0%, 16=0.0%, 32=0.0%, 64=0.0%, >=64=0.1%
     issued rwts: total=61440,0,0,0 short=0,0,0,0 dropped=0,0,0,0
     latency   : target=0, window=0, percentile=100.00%, depth=128

Run status group 0 (all jobs):
   READ: bw=1495MiB/s (1568MB/s), 1495MiB/s-1495MiB/s (1568MB/s-1568MB/s), io=30.0GiB (32.2GB), run=20546-20546msec
