jobs1: (g=0): rw=read, bs=(R) 4096B-4096B, (W) 4096B-4096B, (T) 4096B-4096B, ioengine=libaio, iodepth=128
fio-3.28
Starting 1 process
jobs1: Laying out IO file (1 file / 30720MiB)

jobs1: (groupid=0, jobs=1): err= 0: pid=154111: Tue Jul 25 17:54:26 2023
  read: IOPS=756k, BW=2951MiB/s (3095MB/s)(30.0GiB/10409msec)
    slat (nsec): min=659, max=27325, avg=894.70, stdev=216.61
    clat (nsec): min=1177, max=1022.1k, avg=168292.77, stdev=32898.82
     lat (usec): min=2, max=1044, avg=169.22, stdev=33.09
    clat percentiles (usec):
     |  1.00th=[  155],  5.00th=[  157], 10.00th=[  157], 20.00th=[  157],
     | 30.00th=[  157], 40.00th=[  159], 50.00th=[  159], 60.00th=[  159],
     | 70.00th=[  159], 80.00th=[  161], 90.00th=[  163], 95.00th=[  269],
     | 99.00th=[  273], 99.50th=[  277], 99.90th=[  326], 99.95th=[  449],
     | 99.99th=[  619]
   bw (  MiB/s): min= 1791, max= 3142, per=99.79%, avg=2945.09, stdev=470.29, samples=20
   iops        : min=458690, max=804470, avg=753943.20, stdev=120393.90, samples=20
  lat (usec)   : 2=0.01%, 4=0.01%, 10=0.01%, 20=0.01%, 50=0.01%
  lat (usec)   : 100=0.01%, 250=91.40%, 500=8.56%, 750=0.03%, 1000=0.01%
  lat (msec)   : 2=0.01%
  cpu          : usr=29.35%, sys=70.65%, ctx=6, majf=0, minf=138
  IO depths    : 1=0.1%, 2=0.1%, 4=0.1%, 8=0.1%, 16=0.1%, 32=0.1%, >=64=100.0%
     submit    : 0=0.0%, 4=100.0%, 8=0.0%, 16=0.0%, 32=0.0%, 64=0.0%, >=64=0.0%
     complete  : 0=0.0%, 4=100.0%, 8=0.0%, 16=0.0%, 32=0.0%, 64=0.0%, >=64=0.1%
     issued rwts: total=7864320,0,0,0 short=0,0,0,0 dropped=0,0,0,0
     latency   : target=0, window=0, percentile=100.00%, depth=128

Run status group 0 (all jobs):
   READ: bw=2951MiB/s (3095MB/s), 2951MiB/s-2951MiB/s (3095MB/s-3095MB/s), io=30.0GiB (32.2GB), run=10409-10409msec
