jobs1: (g=0): rw=read, bs=(R) 32.0KiB-32.0KiB, (W) 32.0KiB-32.0KiB, (T) 32.0KiB-32.0KiB, ioengine=libaio, iodepth=128
...
fio-3.28
Starting 16 processes
jobs1: Laying out IO files (512 files / total 30720MiB)

jobs1: (groupid=0, jobs=16): err= 0: pid=1113944: Wed Jul 26 06:19:17 2023
  read: IOPS=142k, BW=4425MiB/s (4640MB/s)(30.0GiB/6943msec)
    slat (nsec): min=4372, max=71639, avg=6545.14, stdev=1536.58
    clat (nsec): min=1256, max=6835.8k, avg=896761.58, stdev=175878.64
     lat (usec): min=8, max=6908, avg=903.36, stdev=177.16
    clat percentiles (usec):
     |  1.00th=[  799],  5.00th=[  807], 10.00th=[  807], 20.00th=[  807],
     | 30.00th=[  816], 40.00th=[  824], 50.00th=[  824], 60.00th=[  832],
     | 70.00th=[  832], 80.00th=[  848], 90.00th=[ 1254], 95.00th=[ 1270],
     | 99.00th=[ 1287], 99.50th=[ 1287], 99.90th=[ 1500], 99.95th=[ 2057],
     | 99.99th=[ 4178]
   bw (  MiB/s): min= 3044, max= 4837, per=99.39%, avg=4397.57, stdev=741.46, samples=13
   iops        : min=97410, max=154804, avg=140722.54, stdev=23727.09, samples=13
  lat (usec)   : 2=0.01%, 10=0.01%, 20=0.01%, 50=0.01%, 100=0.01%
  lat (usec)   : 250=0.01%, 500=0.01%, 750=0.01%, 1000=83.47%
  lat (msec)   : 2=16.47%, 4=0.04%, 10=0.01%
  cpu          : usr=6.50%, sys=93.47%, ctx=10, majf=3, minf=1082
  IO depths    : 1=0.1%, 2=0.1%, 4=0.1%, 8=0.1%, 16=0.1%, 32=0.1%, >=64=100.0%
     submit    : 0=0.0%, 4=100.0%, 8=0.0%, 16=0.0%, 32=0.0%, 64=0.0%, >=64=0.0%
     complete  : 0=0.0%, 4=100.0%, 8=0.0%, 16=0.0%, 32=0.0%, 64=0.0%, >=64=0.1%
     issued rwts: total=983040,0,0,0 short=0,0,0,0 dropped=0,0,0,0
     latency   : target=0, window=0, percentile=100.00%, depth=128

Run status group 0 (all jobs):
   READ: bw=4425MiB/s (4640MB/s), 4425MiB/s-4425MiB/s (4640MB/s-4640MB/s), io=30.0GiB (32.2GB), run=6943-6943msec
