jobs1: (g=0): rw=read, bs=(R) 32.0KiB-32.0KiB, (W) 32.0KiB-32.0KiB, (T) 32.0KiB-32.0KiB, ioengine=libaio, iodepth=128
fio-3.28
Starting 1 process
jobs1: Laying out IO files (512 files / total 30720MiB)

jobs1: (groupid=0, jobs=1): err= 0: pid=1113453: Wed Jul 26 06:17:45 2023
  read: IOPS=179k, BW=5609MiB/s (5881MB/s)(30.0GiB/5477msec)
    slat (nsec): min=3875, max=66142, avg=5072.66, stdev=845.33
    clat (nsec): min=1281, max=6116.3k, avg=707367.66, stdev=107257.55
     lat (usec): min=6, max=6183, avg=712.48, stdev=107.99
    clat percentiles (usec):
     |  1.00th=[  644],  5.00th=[  652], 10.00th=[  652], 20.00th=[  652],
     | 30.00th=[  652], 40.00th=[  652], 50.00th=[  660], 60.00th=[  660],
     | 70.00th=[  660], 80.00th=[  865], 90.00th=[  865], 95.00th=[  873],
     | 99.00th=[  881], 99.50th=[  889], 99.90th=[ 1303], 99.95th=[ 1467],
     | 99.99th=[ 3490]
   bw (  MiB/s): min= 4444, max= 6069, per=99.28%, avg=5568.31, stdev=720.54, samples=10
   iops        : min=142228, max=194208, avg=178185.80, stdev=23057.29, samples=10
  lat (usec)   : 2=0.01%, 10=0.01%, 20=0.01%, 50=0.01%, 100=0.01%
  lat (usec)   : 250=0.01%, 500=0.01%, 750=75.91%, 1000=23.90%
  lat (msec)   : 2=0.13%, 4=0.03%, 10=0.01%
  cpu          : usr=6.70%, sys=93.30%, ctx=4, majf=0, minf=1039
  IO depths    : 1=0.1%, 2=0.1%, 4=0.1%, 8=0.1%, 16=0.1%, 32=0.1%, >=64=100.0%
     submit    : 0=0.0%, 4=100.0%, 8=0.0%, 16=0.0%, 32=0.0%, 64=0.0%, >=64=0.0%
     complete  : 0=0.0%, 4=100.0%, 8=0.0%, 16=0.0%, 32=0.0%, 64=0.0%, >=64=0.1%
     issued rwts: total=983040,0,0,0 short=0,0,0,0 dropped=0,0,0,0
     latency   : target=0, window=0, percentile=100.00%, depth=128

Run status group 0 (all jobs):
   READ: bw=5609MiB/s (5881MB/s), 5609MiB/s-5609MiB/s (5881MB/s-5881MB/s), io=30.0GiB (32.2GB), run=5477-5477msec
