jobs1: (g=0): rw=read, bs=(R) 4096B-4096B, (W) 4096B-4096B, (T) 4096B-4096B, ioengine=libaio, iodepth=128
fio-3.28
Starting 1 process
jobs1: Laying out IO files (1024 files / total 30720MiB)
fio: pid=1161291, err=24/file:filesetup.c:805, func=open(/tmp/ssfs/home/sevag/fuse_ext4/f1012), error=Too many open files

jobs1: (groupid=0, jobs=1): err=24 (file:filesetup.c:805, func=open(/tmp/ssfs/home/sevag/fuse_ext4/f1012), error=Too many open files): pid=1161291: Wed Jul 26 08:59:54 2023
  read: IOPS=2334, BW=9336KiB/s (9560kB/s)(4052KiB/434msec)
    slat (usec): min=33, max=359, avg=172.07, stdev=59.35
    clat (usec): min=90, max=85765, avg=49493.51, stdev=13857.55
     lat (usec): min=125, max=85970, avg=49666.36, stdev=13859.74
    clat percentiles (usec):
     |  1.00th=[ 5735],  5.00th=[21365], 10.00th=[37487], 20.00th=[41681],
     | 30.00th=[45876], 40.00th=[47973], 50.00th=[50070], 60.00th=[52167],
     | 70.00th=[55837], 80.00th=[57934], 90.00th=[61080], 95.00th=[82314],
     | 99.00th=[84411], 99.50th=[85459], 99.90th=[85459], 99.95th=[85459],
     | 99.99th=[85459]
  lat (usec)   : 100=0.10%
  lat (msec)   : 4=0.30%, 10=1.88%, 20=2.37%, 50=45.11%, 100=50.25%
  cpu          : usr=2.54%, sys=15.24%, ctx=2046, majf=0, minf=153
  IO depths    : 1=0.1%, 2=0.2%, 4=0.4%, 8=0.8%, 16=1.6%, 32=3.2%, >=64=93.8%
     submit    : 0=0.0%, 4=100.0%, 8=0.0%, 16=0.0%, 32=0.0%, 64=0.0%, >=64=0.0%
     complete  : 0=0.0%, 4=99.9%, 8=0.0%, 16=0.0%, 32=0.0%, 64=0.0%, >=64=0.1%
     issued rwts: total=1013,0,0,0 short=0,0,0,0 dropped=0,0,0,0
     latency   : target=0, window=0, percentile=100.00%, depth=128

Run status group 0 (all jobs):
   READ: bw=9336KiB/s (9560kB/s), 9336KiB/s-9336KiB/s (9560kB/s-9560kB/s), io=4052KiB (4149kB), run=434-434msec
