jobs1: (g=0): rw=read, bs=(R) 512KiB-512KiB, (W) 512KiB-512KiB, (T) 512KiB-512KiB, ioengine=libaio, iodepth=128
fio-3.28
Starting 1 process
jobs1: Laying out IO files (512 files / total 30720MiB)

jobs1: (groupid=0, jobs=1): err= 0: pid=1149545: Wed Jul 26 08:16:27 2023
  read: IOPS=11.0k, BW=5483MiB/s (5749MB/s)(30.0GiB/5603msec)
    slat (usec): min=75, max=655, avg=90.29, stdev=19.39
    clat (usec): min=2, max=50930, avg=11520.33, stdev=1841.19
     lat (usec): min=82, max=51587, avg=11610.68, stdev=1858.90
    clat percentiles (usec):
     |  1.00th=[10552],  5.00th=[10552], 10.00th=[10552], 20.00th=[10552],
     | 30.00th=[10552], 40.00th=[10552], 50.00th=[10552], 60.00th=[10552],
     | 70.00th=[10552], 80.00th=[14222], 90.00th=[14222], 95.00th=[14222],
     | 99.00th=[14222], 99.50th=[15008], 99.90th=[27919], 99.95th=[36439],
     | 99.99th=[47973]
   bw (  MiB/s): min= 3981, max= 6008, per=99.65%, avg=5463.64, stdev=791.74, samples=11
   iops        : min= 7962, max=12016, avg=10927.27, stdev=1583.49, samples=11
  lat (usec)   : 4=0.01%, 100=0.01%, 250=0.01%, 500=0.01%, 750=0.01%
  lat (usec)   : 1000=0.01%
  lat (msec)   : 2=0.02%, 4=0.04%, 10=0.12%, 20=99.64%, 50=0.16%
  lat (msec)   : 100=0.01%
  cpu          : usr=0.91%, sys=99.02%, ctx=6, majf=0, minf=16401
  IO depths    : 1=0.1%, 2=0.1%, 4=0.1%, 8=0.1%, 16=0.1%, 32=0.1%, >=64=99.9%
     submit    : 0=0.0%, 4=100.0%, 8=0.0%, 16=0.0%, 32=0.0%, 64=0.0%, >=64=0.0%
     complete  : 0=0.0%, 4=100.0%, 8=0.0%, 16=0.0%, 32=0.0%, 64=0.0%, >=64=0.1%
     issued rwts: total=61440,0,0,0 short=0,0,0,0 dropped=0,0,0,0
     latency   : target=0, window=0, percentile=100.00%, depth=128

Run status group 0 (all jobs):
   READ: bw=5483MiB/s (5749MB/s), 5483MiB/s-5483MiB/s (5749MB/s-5749MB/s), io=30.0GiB (32.2GB), run=5603-5603msec
