jobs1: (g=0): rw=read, bs=(R) 32.0KiB-32.0KiB, (W) 32.0KiB-32.0KiB, (T) 32.0KiB-32.0KiB, ioengine=libaio, iodepth=128
...
fio-3.28
Starting 32 processes
jobs1: Laying out IO files (128 files / total 30720MiB)

jobs1: (groupid=0, jobs=32): err= 0: pid=815318: Wed Jul 26 02:19:43 2023
  read: IOPS=90.9k, BW=2840MiB/s (2978MB/s)(30.0GiB/10818msec)
    slat (usec): min=3, max=349, avg=10.50, stdev=15.38
    clat (nsec): min=1397, max=23034k, avg=1396196.28, stdev=1557112.20
     lat (usec): min=8, max=23385, avg=1406.73, stdev=1565.83
    clat percentiles (usec):
     |  1.00th=[  603],  5.00th=[  603], 10.00th=[  611], 20.00th=[  611],
     | 30.00th=[  619], 40.00th=[  619], 50.00th=[  627], 60.00th=[  644],
     | 70.00th=[ 1057], 80.00th=[ 1778], 90.00th=[ 4047], 95.00th=[ 5145],
     | 99.00th=[ 6587], 99.50th=[ 8160], 99.90th=[ 9503], 99.95th=[ 9634],
     | 99.99th=[12649]
   bw (  MiB/s): min= 1670, max= 3078, per=100.00%, avg=2853.63, stdev=464.52, samples=21
   iops        : min=53457, max=98510, avg=91316.19, stdev=14864.54, samples=21
  lat (usec)   : 2=0.01%, 10=0.01%, 20=0.01%, 50=0.01%, 100=0.01%
  lat (usec)   : 250=0.01%, 500=0.01%, 750=67.30%, 1000=1.26%
  lat (msec)   : 2=12.39%, 4=8.85%, 10=10.16%, 20=0.02%, 50=0.01%
  cpu          : usr=4.12%, sys=95.75%, ctx=278, majf=0, minf=1096
  IO depths    : 1=0.1%, 2=0.1%, 4=0.1%, 8=0.1%, 16=0.1%, 32=0.1%, >=64=100.0%
     submit    : 0=0.0%, 4=100.0%, 8=0.0%, 16=0.0%, 32=0.0%, 64=0.0%, >=64=0.0%
     complete  : 0=0.0%, 4=100.0%, 8=0.0%, 16=0.0%, 32=0.0%, 64=0.0%, >=64=0.1%
     issued rwts: total=983040,0,0,0 short=0,0,0,0 dropped=0,0,0,0
     latency   : target=0, window=0, percentile=100.00%, depth=128

Run status group 0 (all jobs):
   READ: bw=2840MiB/s (2978MB/s), 2840MiB/s-2840MiB/s (2978MB/s-2978MB/s), io=30.0GiB (32.2GB), run=10818-10818msec
