jobs1: (g=0): rw=read, bs=(R) 32.0KiB-32.0KiB, (W) 32.0KiB-32.0KiB, (T) 32.0KiB-32.0KiB, ioengine=libaio, iodepth=128
...
fio-3.28
Starting 32 processes
jobs1: Laying out IO files (1024 files / total 30720MiB)
fio: pid=1175205, err=24/file:filesetup.c:805, func=open(/home/sevag/ramdisk//f1018), error=Too many open files

jobs1: (groupid=0, jobs=32): err=24 (file:filesetup.c:805, func=open(/home/sevag/ramdisk//f1018), error=Too many open files): pid=1175205: Wed Jul 26 09:43:36 2023
  read: IOPS=42.5k, BW=1327MiB/s (1391MB/s)(31.8MiB/24msec)
    slat (nsec): min=6912, max=84686, avg=13874.97, stdev=10639.92
    clat (usec): min=41, max=6186, avg=2468.26, stdev=968.64
     lat (usec): min=51, max=6272, avg=2482.27, stdev=977.23
    clat percentiles (usec):
     |  1.00th=[  253],  5.00th=[  832], 10.00th=[ 1762], 20.00th=[ 2180],
     | 30.00th=[ 2245], 40.00th=[ 2278], 50.00th=[ 2343], 60.00th=[ 2376],
     | 70.00th=[ 2442], 80.00th=[ 2704], 90.00th=[ 3425], 95.00th=[ 4817],
     | 99.00th=[ 5932], 99.50th=[ 6063], 99.90th=[ 6194], 99.95th=[ 6194],
     | 99.99th=[ 6194]
  lat (usec)   : 50=0.10%, 250=0.88%, 500=1.86%, 750=1.57%, 1000=1.67%
  lat (msec)   : 2=5.10%, 4=80.96%, 10=7.85%
  cpu          : usr=13.04%, sys=82.61%, ctx=1, majf=0, minf=1111
  IO depths    : 1=0.1%, 2=0.2%, 4=0.4%, 8=0.8%, 16=1.6%, 32=3.1%, >=64=93.8%
     submit    : 0=0.0%, 4=100.0%, 8=0.0%, 16=0.0%, 32=0.0%, 64=0.0%, >=64=0.0%
     complete  : 0=0.0%, 4=99.9%, 8=0.0%, 16=0.0%, 32=0.0%, 64=0.0%, >=64=0.1%
     issued rwts: total=1019,0,0,0 short=0,0,0,0 dropped=0,0,0,0
     latency   : target=0, window=0, percentile=100.00%, depth=128

Run status group 0 (all jobs):
   READ: bw=1327MiB/s (1391MB/s), 1327MiB/s-1327MiB/s (1391MB/s-1391MB/s), io=31.8MiB (33.4MB), run=24-24msec
