jobs1: (g=0): rw=read, bs=(R) 4096B-4096B, (W) 4096B-4096B, (T) 4096B-4096B, ioengine=libaio, iodepth=128
fio-3.28
Starting 1 process
jobs1: Laying out IO files (128 files / total 30720MiB)

jobs1: (groupid=0, jobs=1): err= 0: pid=782265: Wed Jul 26 01:04:41 2023
  read: IOPS=444k, BW=1735MiB/s (1820MB/s)(30.0GiB/17701msec)
    slat (nsec): min=695, max=391733, avg=1786.49, stdev=5950.86
    clat (nsec): min=1321, max=17820k, avg=285906.08, stdev=586974.00
     lat (usec): min=3, max=18137, avg=287.73, stdev=590.43
    clat percentiles (usec):
     |  1.00th=[  172],  5.00th=[  172], 10.00th=[  174], 20.00th=[  174],
     | 30.00th=[  176], 40.00th=[  176], 50.00th=[  178], 60.00th=[  178],
     | 70.00th=[  180], 80.00th=[  192], 90.00th=[  297], 95.00th=[  306],
     | 99.00th=[ 3916], 99.50th=[ 4686], 99.90th=[ 7242], 99.95th=[ 8356],
     | 99.99th=[ 9241]
   bw (  MiB/s): min= 1045, max= 1910, per=99.90%, avg=1733.78, stdev=314.46, samples=35
   iops        : min=267570, max=489072, avg=443848.51, stdev=80502.75, samples=35
  lat (usec)   : 2=0.01%, 10=0.01%, 20=0.01%, 50=0.01%, 100=0.01%
  lat (usec)   : 250=82.78%, 500=13.00%, 750=1.39%, 1000=0.13%
  lat (msec)   : 2=0.65%, 4=1.12%, 10=0.92%, 20=0.01%
  cpu          : usr=18.06%, sys=81.86%, ctx=418, majf=0, minf=140
  IO depths    : 1=0.1%, 2=0.1%, 4=0.1%, 8=0.1%, 16=0.1%, 32=0.1%, >=64=100.0%
     submit    : 0=0.0%, 4=100.0%, 8=0.0%, 16=0.0%, 32=0.0%, 64=0.0%, >=64=0.0%
     complete  : 0=0.0%, 4=100.0%, 8=0.0%, 16=0.0%, 32=0.0%, 64=0.0%, >=64=0.1%
     issued rwts: total=7864320,0,0,0 short=0,0,0,0 dropped=0,0,0,0
     latency   : target=0, window=0, percentile=100.00%, depth=128

Run status group 0 (all jobs):
   READ: bw=1735MiB/s (1820MB/s), 1735MiB/s-1735MiB/s (1820MB/s-1820MB/s), io=30.0GiB (32.2GB), run=17701-17701msec
