jobs1: (g=0): rw=read, bs=(R) 32.0KiB-32.0KiB, (W) 32.0KiB-32.0KiB, (T) 32.0KiB-32.0KiB, ioengine=libaio, iodepth=128
...
fio-3.28
Starting 32 processes
jobs1: Laying out IO files (64 files / total 30720MiB)

jobs1: (groupid=0, jobs=32): err= 0: pid=482722: Tue Jul 25 22:27:32 2023
  read: IOPS=89.2k, BW=2787MiB/s (2922MB/s)(30.0GiB/11023msec)
    slat (usec): min=2, max=319, avg=10.67, stdev=15.74
    clat (nsec): min=1445, max=19925k, avg=1422727.35, stdev=922979.70
     lat (usec): min=8, max=20151, avg=1433.45, stdev=926.52
    clat percentiles (usec):
     |  1.00th=[  603],  5.00th=[  611], 10.00th=[  611], 20.00th=[  619],
     | 30.00th=[  635], 40.00th=[  922], 50.00th=[ 1123], 60.00th=[ 1172],
     | 70.00th=[ 1647], 80.00th=[ 2245], 90.00th=[ 2802], 95.00th=[ 2933],
     | 99.00th=[ 4015], 99.50th=[ 4293], 99.90th=[ 4686], 99.95th=[ 5473],
     | 99.99th=[11338]
   bw (  MiB/s): min= 1735, max= 3089, per=99.62%, avg=2776.18, stdev=477.05, samples=21
   iops        : min=55524, max=98862, avg=88837.52, stdev=15265.49, samples=21
  lat (usec)   : 2=0.01%, 10=0.01%, 20=0.01%, 50=0.01%, 100=0.01%
  lat (usec)   : 250=0.01%, 500=0.01%, 750=33.26%, 1000=9.00%
  lat (msec)   : 2=33.53%, 4=22.10%, 10=2.08%, 20=0.01%
  cpu          : usr=4.31%, sys=95.61%, ctx=172, majf=0, minf=1100
  IO depths    : 1=0.1%, 2=0.1%, 4=0.1%, 8=0.1%, 16=0.1%, 32=0.1%, >=64=100.0%
     submit    : 0=0.0%, 4=100.0%, 8=0.0%, 16=0.0%, 32=0.0%, 64=0.0%, >=64=0.0%
     complete  : 0=0.0%, 4=100.0%, 8=0.0%, 16=0.0%, 32=0.0%, 64=0.0%, >=64=0.1%
     issued rwts: total=983040,0,0,0 short=0,0,0,0 dropped=0,0,0,0
     latency   : target=0, window=0, percentile=100.00%, depth=128

Run status group 0 (all jobs):
   READ: bw=2787MiB/s (2922MB/s), 2787MiB/s-2787MiB/s (2922MB/s-2922MB/s), io=30.0GiB (32.2GB), run=11023-11023msec
