jobs1: (g=0): rw=read, bs=(R) 128KiB-128KiB, (W) 128KiB-128KiB, (T) 128KiB-128KiB, ioengine=libaio, iodepth=128
...
fio-3.28
Starting 32 processes
jobs1: Laying out IO files (64 files / total 30720MiB)

jobs1: (groupid=0, jobs=32): err= 0: pid=505588: Tue Jul 25 23:23:56 2023
  read: IOPS=41.3k, BW=5165MiB/s (5416MB/s)(30.0GiB/5948msec)
    slat (usec): min=19, max=210, avg=23.61, stdev= 4.47
    clat (nsec): min=1640, max=19735k, avg=3068213.19, stdev=478570.82
     lat (usec): min=25, max=19948, avg=3091.90, stdev=482.73
    clat percentiles (usec):
     |  1.00th=[ 2835],  5.00th=[ 2835], 10.00th=[ 2868], 20.00th=[ 2868],
     | 30.00th=[ 2868], 40.00th=[ 2868], 50.00th=[ 2868], 60.00th=[ 2868],
     | 70.00th=[ 2868], 80.00th=[ 2900], 90.00th=[ 3916], 95.00th=[ 3949],
     | 99.00th=[ 3982], 99.50th=[ 4015], 99.90th=[ 4883], 99.95th=[ 5997],
     | 99.99th=[16581]
   bw (  MiB/s): min= 3879, max= 5557, per=100.00%, avg=5177.75, stdev=662.06, samples=11
   iops        : min=31036, max=44458, avg=41421.91, stdev=5296.73, samples=11
  lat (usec)   : 2=0.01%, 50=0.01%, 100=0.01%, 250=0.01%, 500=0.01%
  lat (usec)   : 750=0.01%, 1000=0.01%
  lat (msec)   : 2=0.02%, 4=99.41%, 10=0.52%, 20=0.03%
  cpu          : usr=2.20%, sys=97.78%, ctx=13, majf=0, minf=4164
  IO depths    : 1=0.1%, 2=0.1%, 4=0.1%, 8=0.1%, 16=0.1%, 32=0.1%, >=64=100.0%
     submit    : 0=0.0%, 4=100.0%, 8=0.0%, 16=0.0%, 32=0.0%, 64=0.0%, >=64=0.0%
     complete  : 0=0.0%, 4=100.0%, 8=0.0%, 16=0.0%, 32=0.0%, 64=0.0%, >=64=0.1%
     issued rwts: total=245760,0,0,0 short=0,0,0,0 dropped=0,0,0,0
     latency   : target=0, window=0, percentile=100.00%, depth=128

Run status group 0 (all jobs):
   READ: bw=5165MiB/s (5416MB/s), 5165MiB/s-5165MiB/s (5416MB/s-5416MB/s), io=30.0GiB (32.2GB), run=5948-5948msec
