jobs1: (g=0): rw=read, bs=(R) 128KiB-128KiB, (W) 128KiB-128KiB, (T) 128KiB-128KiB, ioengine=libaio, iodepth=128
...
fio-3.28
Starting 32 processes
jobs1: Laying out IO files (128 files / total 30720MiB)

jobs1: (groupid=0, jobs=32): err= 0: pid=843575: Wed Jul 26 03:18:38 2023
  read: IOPS=40.5k, BW=5057MiB/s (5302MB/s)(30.0GiB/6075msec)
    slat (usec): min=19, max=219, avg=24.10, stdev= 5.43
    clat (nsec): min=1797, max=21093k, avg=3133638.34, stdev=574230.18
     lat (usec): min=25, max=21313, avg=3157.82, stdev=579.08
    clat percentiles (usec):
     |  1.00th=[ 2835],  5.00th=[ 2835], 10.00th=[ 2835], 20.00th=[ 2868],
     | 30.00th=[ 2868], 40.00th=[ 2868], 50.00th=[ 2868], 60.00th=[ 2868],
     | 70.00th=[ 2868], 80.00th=[ 4080], 90.00th=[ 4146], 95.00th=[ 4146],
     | 99.00th=[ 4178], 99.50th=[ 4178], 99.90th=[ 5211], 99.95th=[ 6849],
     | 99.99th=[17957]
   bw (  MiB/s): min= 3689, max= 5546, per=99.85%, avg=5049.45, stdev=808.87, samples=11
   iops        : min=29515, max=44368, avg=40395.55, stdev=6470.90, samples=11
  lat (usec)   : 2=0.01%, 50=0.01%, 100=0.01%, 250=0.01%, 500=0.01%
  lat (usec)   : 750=0.01%, 1000=0.01%
  lat (msec)   : 2=0.02%, 4=79.54%, 10=20.38%, 20=0.03%, 50=0.01%
  cpu          : usr=2.22%, sys=97.76%, ctx=11, majf=0, minf=4176
  IO depths    : 1=0.1%, 2=0.1%, 4=0.1%, 8=0.1%, 16=0.1%, 32=0.1%, >=64=100.0%
     submit    : 0=0.0%, 4=100.0%, 8=0.0%, 16=0.0%, 32=0.0%, 64=0.0%, >=64=0.0%
     complete  : 0=0.0%, 4=100.0%, 8=0.0%, 16=0.0%, 32=0.0%, 64=0.0%, >=64=0.1%
     issued rwts: total=245760,0,0,0 short=0,0,0,0 dropped=0,0,0,0
     latency   : target=0, window=0, percentile=100.00%, depth=128

Run status group 0 (all jobs):
   READ: bw=5057MiB/s (5302MB/s), 5057MiB/s-5057MiB/s (5302MB/s-5302MB/s), io=30.0GiB (32.2GB), run=6075-6075msec
