jobs1: (g=0): rw=read, bs=(R) 128KiB-128KiB, (W) 128KiB-128KiB, (T) 128KiB-128KiB, ioengine=libaio, iodepth=128
...
fio-3.28
Starting 16 processes
jobs1: Laying out IO files (512 files / total 30720MiB)

jobs1: (groupid=0, jobs=16): err= 0: pid=1137936: Wed Jul 26 07:20:11 2023
  read: IOPS=39.9k, BW=4985MiB/s (5228MB/s)(30.0GiB/6162msec)
    slat (usec): min=20, max=212, avg=24.46, stdev= 4.62
    clat (nsec): min=1469, max=20556k, avg=3178570.36, stdev=503893.91
     lat (usec): min=25, max=20770, avg=3203.11, stdev=508.23
    clat percentiles (usec):
     |  1.00th=[ 2933],  5.00th=[ 2933], 10.00th=[ 2933], 20.00th=[ 2966],
     | 30.00th=[ 2966], 40.00th=[ 2966], 50.00th=[ 2966], 60.00th=[ 2966],
     | 70.00th=[ 2999], 80.00th=[ 2999], 90.00th=[ 4080], 95.00th=[ 4113],
     | 99.00th=[ 4146], 99.50th=[ 4178], 99.90th=[ 5407], 99.95th=[ 6915],
     | 99.99th=[17695]
   bw (  MiB/s): min= 3702, max= 5356, per=100.00%, avg=4985.27, stdev=665.57, samples=12
   iops        : min=29623, max=42854, avg=39882.08, stdev=5324.54, samples=12
  lat (usec)   : 2=0.01%, 50=0.01%, 100=0.01%, 250=0.01%, 500=0.01%
  lat (usec)   : 750=0.01%, 1000=0.01%
  lat (msec)   : 2=0.02%, 4=81.84%, 10=18.09%, 20=0.03%, 50=0.01%
  cpu          : usr=1.93%, sys=98.07%, ctx=11, majf=0, minf=4147
  IO depths    : 1=0.1%, 2=0.1%, 4=0.1%, 8=0.1%, 16=0.1%, 32=0.1%, >=64=100.0%
     submit    : 0=0.0%, 4=100.0%, 8=0.0%, 16=0.0%, 32=0.0%, 64=0.0%, >=64=0.0%
     complete  : 0=0.0%, 4=100.0%, 8=0.0%, 16=0.0%, 32=0.0%, 64=0.0%, >=64=0.1%
     issued rwts: total=245760,0,0,0 short=0,0,0,0 dropped=0,0,0,0
     latency   : target=0, window=0, percentile=100.00%, depth=128

Run status group 0 (all jobs):
   READ: bw=4985MiB/s (5228MB/s), 4985MiB/s-4985MiB/s (5228MB/s-5228MB/s), io=30.0GiB (32.2GB), run=6162-6162msec
