jobs1: (g=0): rw=read, bs=(R) 4096B-4096B, (W) 4096B-4096B, (T) 4096B-4096B, ioengine=libaio, iodepth=128
...
fio-3.28
Starting 32 processes
jobs1: Laying out IO files (1024 files / total 30720MiB)
fio: pid=1163216, err=24/file:filesetup.c:805, func=open(/home/sevag/ramdisk//f1018), error=Too many open files

jobs1: (groupid=0, jobs=32): err=24 (file:filesetup.c:805, func=open(/home/sevag/ramdisk//f1018), error=Too many open files): pid=1163216: Wed Jul 26 09:07:42 2023
  read: IOPS=63.7k, BW=249MiB/s (261MB/s)(4076KiB/16msec)
    slat (nsec): min=3655, max=31864, avg=4614.32, stdev=1917.44
    clat (usec): min=75, max=2311, avg=1812.74, stdev=352.00
     lat (usec): min=80, max=2315, avg=1817.52, stdev=351.99
    clat percentiles (usec):
     |  1.00th=[  351],  5.00th=[  996], 10.00th=[ 1614], 20.00th=[ 1663],
     | 30.00th=[ 1745], 40.00th=[ 1795], 50.00th=[ 1860], 60.00th=[ 1926],
     | 70.00th=[ 1975], 80.00th=[ 2073], 90.00th=[ 2147], 95.00th=[ 2180],
     | 99.00th=[ 2212], 99.50th=[ 2245], 99.90th=[ 2311], 99.95th=[ 2311],
     | 99.99th=[ 2311]
  lat (usec)   : 100=0.10%, 250=0.10%, 500=1.96%, 750=1.37%, 1000=1.47%
  lat (msec)   : 2=68.79%, 4=26.20%
  cpu          : usr=53.33%, sys=33.33%, ctx=0, majf=0, minf=212
  IO depths    : 1=0.1%, 2=0.2%, 4=0.4%, 8=0.8%, 16=1.6%, 32=3.1%, >=64=93.8%
     submit    : 0=0.0%, 4=100.0%, 8=0.0%, 16=0.0%, 32=0.0%, 64=0.0%, >=64=0.0%
     complete  : 0=0.0%, 4=99.9%, 8=0.0%, 16=0.0%, 32=0.0%, 64=0.0%, >=64=0.1%
     issued rwts: total=1019,0,0,0 short=0,0,0,0 dropped=0,0,0,0
     latency   : target=0, window=0, percentile=100.00%, depth=128

Run status group 0 (all jobs):
   READ: bw=249MiB/s (261MB/s), 249MiB/s-249MiB/s (261MB/s-261MB/s), io=4076KiB (4174kB), run=16-16msec
