jobs1: (g=0): rw=read, bs=(R) 32.0KiB-32.0KiB, (W) 32.0KiB-32.0KiB, (T) 32.0KiB-32.0KiB, ioengine=libaio, iodepth=128
fio-3.28
Starting 1 process
jobs1: Laying out IO files (128 files / total 30720MiB)

jobs1: (groupid=0, jobs=1): err= 0: pid=809936: Wed Jul 26 02:11:10 2023
  read: IOPS=90.4k, BW=2825MiB/s (2963MB/s)(30.0GiB/10873msec)
    slat (usec): min=3, max=334, avg=10.55, stdev=15.50
    clat (nsec): min=1699, max=30345k, avg=1402640.25, stdev=1573777.94
     lat (usec): min=9, max=30681, avg=1413.23, stdev=1582.63
    clat percentiles (usec):
     |  1.00th=[  603],  5.00th=[  603], 10.00th=[  611], 20.00th=[  611],
     | 30.00th=[  619], 40.00th=[  619], 50.00th=[  627], 60.00th=[  635],
     | 70.00th=[ 1156], 80.00th=[ 1795], 90.00th=[ 4047], 95.00th=[ 5145],
     | 99.00th=[ 6783], 99.50th=[ 8455], 99.90th=[ 9765], 99.95th=[ 9896],
     | 99.99th=[13435]
   bw (  MiB/s): min= 1581, max= 3081, per=99.64%, avg=2815.17, stdev=537.27, samples=21
   iops        : min=50616, max=98608, avg=90085.43, stdev=17192.58, samples=21
  lat (usec)   : 2=0.01%, 10=0.01%, 20=0.01%, 50=0.01%, 100=0.01%
  lat (usec)   : 250=0.01%, 500=0.01%, 750=67.10%, 1000=1.42%
  lat (msec)   : 2=12.40%, 4=8.86%, 10=10.17%, 20=0.03%, 50=0.01%
  cpu          : usr=3.89%, sys=95.93%, ctx=271, majf=0, minf=1038
  IO depths    : 1=0.1%, 2=0.1%, 4=0.1%, 8=0.1%, 16=0.1%, 32=0.1%, >=64=100.0%
     submit    : 0=0.0%, 4=100.0%, 8=0.0%, 16=0.0%, 32=0.0%, 64=0.0%, >=64=0.0%
     complete  : 0=0.0%, 4=100.0%, 8=0.0%, 16=0.0%, 32=0.0%, 64=0.0%, >=64=0.1%
     issued rwts: total=983040,0,0,0 short=0,0,0,0 dropped=0,0,0,0
     latency   : target=0, window=0, percentile=100.00%, depth=128

Run status group 0 (all jobs):
   READ: bw=2825MiB/s (2963MB/s), 2825MiB/s-2825MiB/s (2963MB/s-2963MB/s), io=30.0GiB (32.2GB), run=10873-10873msec
