jobs1: (g=0): rw=read, bs=(R) 512KiB-512KiB, (W) 512KiB-512KiB, (T) 512KiB-512KiB, ioengine=libaio, iodepth=128
fio-3.28
Starting 1 process
jobs1: Laying out IO files (128 files / total 30720MiB)

jobs1: (groupid=0, jobs=1): err= 0: pid=866237: Wed Jul 26 04:05:48 2023
  read: IOPS=9035, BW=4518MiB/s (4737MB/s)(30.0GiB/6800msec)
    slat (usec): min=91, max=726, avg=109.79, stdev=25.80
    clat (usec): min=2, max=52532, avg=13992.29, stdev=2826.86
     lat (usec): min=101, max=53260, avg=14102.20, stdev=2851.04
    clat percentiles (usec):
     |  1.00th=[12780],  5.00th=[12780], 10.00th=[12780], 20.00th=[12780],
     | 30.00th=[12780], 40.00th=[12911], 50.00th=[12911], 60.00th=[12911],
     | 70.00th=[12911], 80.00th=[12911], 90.00th=[20579], 95.00th=[20579],
     | 99.00th=[20579], 99.50th=[20579], 99.90th=[30016], 99.95th=[38536],
     | 99.99th=[49546]
   bw (  MiB/s): min= 2805, max= 4949, per=99.41%, avg=4490.77, stdev=843.42, samples=13
   iops        : min= 5610, max= 9898, avg=8981.54, stdev=1686.84, samples=13
  lat (usec)   : 4=0.01%, 250=0.01%, 500=0.01%, 750=0.01%, 1000=0.01%
  lat (msec)   : 2=0.02%, 4=0.03%, 10=0.10%, 20=86.17%, 50=13.66%
  lat (msec)   : 100=0.01%
  cpu          : usr=1.10%, sys=98.88%, ctx=9, majf=0, minf=16398
  IO depths    : 1=0.1%, 2=0.1%, 4=0.1%, 8=0.1%, 16=0.1%, 32=0.1%, >=64=99.9%
     submit    : 0=0.0%, 4=100.0%, 8=0.0%, 16=0.0%, 32=0.0%, 64=0.0%, >=64=0.0%
     complete  : 0=0.0%, 4=100.0%, 8=0.0%, 16=0.0%, 32=0.0%, 64=0.0%, >=64=0.1%
     issued rwts: total=61440,0,0,0 short=0,0,0,0 dropped=0,0,0,0
     latency   : target=0, window=0, percentile=100.00%, depth=128

Run status group 0 (all jobs):
   READ: bw=4518MiB/s (4737MB/s), 4518MiB/s-4518MiB/s (4737MB/s-4737MB/s), io=30.0GiB (32.2GB), run=6800-6800msec
