jobs1: (g=0): rw=read, bs=(R) 32.0KiB-32.0KiB, (W) 32.0KiB-32.0KiB, (T) 32.0KiB-32.0KiB, ioengine=libaio, iodepth=128
...
fio-3.28
Starting 32 processes
jobs1: Laying out IO files (128 files / total 30720MiB)

jobs1: (groupid=0, jobs=32): err= 0: pid=817657: Wed Jul 26 02:21:31 2023
  read: IOPS=79.2k, BW=2474MiB/s (2594MB/s)(30.0GiB/12416msec)
    slat (usec): min=3, max=489, avg=12.02, stdev=18.90
    clat (nsec): min=1738, max=141088k, avg=1597407.62, stdev=2195370.98
     lat (usec): min=9, max=141431, avg=1609.46, stdev=2205.84
    clat percentiles (usec):
     |  1.00th=[  594],  5.00th=[  603], 10.00th=[  603], 20.00th=[  611],
     | 30.00th=[  619], 40.00th=[  619], 50.00th=[  635], 60.00th=[  676],
     | 70.00th=[ 1090], 80.00th=[ 2057], 90.00th=[ 4817], 95.00th=[ 6128],
     | 99.00th=[ 8586], 99.50th=[ 9634], 99.90th=[10421], 99.95th=[10683],
     | 99.99th=[74974]
   bw (  MiB/s): min= 1248, max= 2811, per=100.00%, avg=2480.33, stdev=508.24, samples=24
   iops        : min=39952, max=89960, avg=79370.58, stdev=16263.84, samples=24
  lat (usec)   : 2=0.01%, 10=0.01%, 20=0.01%, 50=0.01%, 100=0.01%
  lat (usec)   : 250=0.01%, 500=0.01%, 750=61.43%, 1000=1.07%
  lat (msec)   : 2=17.30%, 4=7.31%, 10=12.57%, 20=0.31%, 100=0.01%
  lat (msec)   : 250=0.01%
  cpu          : usr=4.05%, sys=94.95%, ctx=278, majf=0, minf=1100
  IO depths    : 1=0.1%, 2=0.1%, 4=0.1%, 8=0.1%, 16=0.1%, 32=0.1%, >=64=100.0%
     submit    : 0=0.0%, 4=100.0%, 8=0.0%, 16=0.0%, 32=0.0%, 64=0.0%, >=64=0.0%
     complete  : 0=0.0%, 4=100.0%, 8=0.0%, 16=0.0%, 32=0.0%, 64=0.0%, >=64=0.1%
     issued rwts: total=983040,0,0,0 short=0,0,0,0 dropped=0,0,0,0
     latency   : target=0, window=0, percentile=100.00%, depth=128

Run status group 0 (all jobs):
   READ: bw=2474MiB/s (2594MB/s), 2474MiB/s-2474MiB/s (2594MB/s-2594MB/s), io=30.0GiB (32.2GB), run=12416-12416msec
