jobs1: (g=0): rw=read, bs=(R) 128KiB-128KiB, (W) 128KiB-128KiB, (T) 128KiB-128KiB, ioengine=libaio, iodepth=128
fio-3.28
Starting 1 process
jobs1: Laying out IO file (1 file / 30720MiB)

jobs1: (groupid=0, jobs=1): err= 0: pid=182809: Tue Jul 25 19:42:25 2023
  read: IOPS=41.9k, BW=5234MiB/s (5489MB/s)(30.0GiB/5869msec)
    slat (usec): min=19, max=205, avg=23.28, stdev= 4.61
    clat (nsec): min=1401, max=20685k, avg=3026978.12, stdev=485927.29
     lat (usec): min=25, max=20891, avg=3050.33, stdev=490.24
    clat percentiles (usec):
     |  1.00th=[ 2802],  5.00th=[ 2802], 10.00th=[ 2802], 20.00th=[ 2802],
     | 30.00th=[ 2802], 40.00th=[ 2802], 50.00th=[ 2802], 60.00th=[ 2802],
     | 70.00th=[ 2835], 80.00th=[ 3785], 90.00th=[ 3785], 95.00th=[ 3851],
     | 99.00th=[ 3949], 99.50th=[ 4047], 99.90th=[ 4948], 99.95th=[ 6915],
     | 99.99th=[17695]
   bw (  MiB/s): min= 3884, max= 5652, per=99.47%, avg=5206.80, stdev=725.15, samples=11
   iops        : min=31078, max=45218, avg=41654.36, stdev=5801.20, samples=11
  lat (usec)   : 2=0.01%, 50=0.01%, 100=0.01%, 250=0.01%, 500=0.01%
  lat (usec)   : 750=0.01%, 1000=0.01%
  lat (msec)   : 2=0.02%, 4=99.22%, 10=0.71%, 20=0.03%, 50=0.01%
  cpu          : usr=2.16%, sys=97.82%, ctx=7, majf=0, minf=4109
  IO depths    : 1=0.1%, 2=0.1%, 4=0.1%, 8=0.1%, 16=0.1%, 32=0.1%, >=64=100.0%
     submit    : 0=0.0%, 4=100.0%, 8=0.0%, 16=0.0%, 32=0.0%, 64=0.0%, >=64=0.0%
     complete  : 0=0.0%, 4=100.0%, 8=0.0%, 16=0.0%, 32=0.0%, 64=0.0%, >=64=0.1%
     issued rwts: total=245760,0,0,0 short=0,0,0,0 dropped=0,0,0,0
     latency   : target=0, window=0, percentile=100.00%, depth=128

Run status group 0 (all jobs):
   READ: bw=5234MiB/s (5489MB/s), 5234MiB/s-5234MiB/s (5489MB/s-5489MB/s), io=30.0GiB (32.2GB), run=5869-5869msec
