jobs1: (g=0): rw=read, bs=(R) 32.0KiB-32.0KiB, (W) 32.0KiB-32.0KiB, (T) 32.0KiB-32.0KiB, ioengine=libaio, iodepth=128
...
fio-3.28
Starting 16 processes
jobs1: Laying out IO files (128 files / total 30720MiB)

jobs1: (groupid=0, jobs=16): err= 0: pid=814433: Wed Jul 26 02:15:54 2023
  read: IOPS=79.5k, BW=2485MiB/s (2606MB/s)(30.0GiB/12362msec)
    slat (usec): min=3, max=444, avg=11.97, stdev=18.92
    clat (nsec): min=1234, max=127149k, avg=1590292.40, stdev=2112549.22
     lat (usec): min=8, max=127594, avg=1602.31, stdev=2123.26
    clat percentiles (usec):
     |  1.00th=[  594],  5.00th=[  603], 10.00th=[  603], 20.00th=[  611],
     | 30.00th=[  611], 40.00th=[  619], 50.00th=[  627], 60.00th=[  660],
     | 70.00th=[ 1139], 80.00th=[ 2024], 90.00th=[ 4752], 95.00th=[ 6128],
     | 99.00th=[ 8717], 99.50th=[ 9896], 99.90th=[10814], 99.95th=[11076],
     | 99.99th=[55837]
   bw (  MiB/s): min= 1271, max= 2816, per=100.00%, avg=2485.66, stdev=536.92, samples=24
   iops        : min=40679, max=90134, avg=79541.08, stdev=17181.56, samples=24
  lat (usec)   : 2=0.01%, 10=0.01%, 20=0.01%, 50=0.01%, 100=0.01%
  lat (usec)   : 250=0.01%, 500=0.01%, 750=62.36%, 1000=1.12%
  lat (msec)   : 2=16.40%, 4=7.34%, 10=12.33%, 20=0.43%, 50=0.01%
  lat (msec)   : 100=0.01%, 250=0.01%
  cpu          : usr=3.72%, sys=95.42%, ctx=275, majf=0, minf=1074
  IO depths    : 1=0.1%, 2=0.1%, 4=0.1%, 8=0.1%, 16=0.1%, 32=0.1%, >=64=100.0%
     submit    : 0=0.0%, 4=100.0%, 8=0.0%, 16=0.0%, 32=0.0%, 64=0.0%, >=64=0.0%
     complete  : 0=0.0%, 4=100.0%, 8=0.0%, 16=0.0%, 32=0.0%, 64=0.0%, >=64=0.1%
     issued rwts: total=983040,0,0,0 short=0,0,0,0 dropped=0,0,0,0
     latency   : target=0, window=0, percentile=100.00%, depth=128

Run status group 0 (all jobs):
   READ: bw=2485MiB/s (2606MB/s), 2485MiB/s-2485MiB/s (2606MB/s-2606MB/s), io=30.0GiB (32.2GB), run=12362-12362msec
