jobs1: (g=0): rw=read, bs=(R) 4096B-4096B, (W) 4096B-4096B, (T) 4096B-4096B, ioengine=libaio, iodepth=128
...
fio-3.28
Starting 32 processes
jobs1: Laying out IO file (1 file / 30720MiB)

jobs1: (groupid=0, jobs=32): err= 0: pid=156037: Tue Jul 25 18:01:11 2023
  read: IOPS=685k, BW=2676MiB/s (2806MB/s)(30.0GiB/11480msec)
    slat (nsec): min=718, max=35784, avg=1026.39, stdev=414.56
    clat (nsec): min=1453, max=1088.1k, avg=185594.77, stdev=35672.32
     lat (usec): min=3, max=1109, avg=186.66, stdev=35.88
    clat percentiles (usec):
     |  1.00th=[  174],  5.00th=[  174], 10.00th=[  174], 20.00th=[  174],
     | 30.00th=[  176], 40.00th=[  176], 50.00th=[  176], 60.00th=[  176],
     | 70.00th=[  176], 80.00th=[  178], 90.00th=[  182], 95.00th=[  297],
     | 99.00th=[  306], 99.50th=[  306], 99.90th=[  343], 99.95th=[  502],
     | 99.99th=[  701]
   bw (  MiB/s): min= 1626, max= 2845, per=100.00%, avg=2696.11, stdev=373.95, samples=22
   iops        : min=416335, max=728528, avg=690204.55, stdev=95730.95, samples=22
  lat (usec)   : 2=0.01%, 4=0.01%, 10=0.01%, 20=0.01%, 50=0.01%
  lat (usec)   : 100=0.01%, 250=91.72%, 500=8.22%, 750=0.06%, 1000=0.01%
  lat (msec)   : 2=0.01%
  cpu          : usr=26.58%, sys=73.42%, ctx=19, majf=0, minf=193
  IO depths    : 1=0.1%, 2=0.1%, 4=0.1%, 8=0.1%, 16=0.1%, 32=0.1%, >=64=100.0%
     submit    : 0=0.0%, 4=100.0%, 8=0.0%, 16=0.0%, 32=0.0%, 64=0.0%, >=64=0.0%
     complete  : 0=0.0%, 4=100.0%, 8=0.0%, 16=0.0%, 32=0.0%, 64=0.0%, >=64=0.1%
     issued rwts: total=7864320,0,0,0 short=0,0,0,0 dropped=0,0,0,0
     latency   : target=0, window=0, percentile=100.00%, depth=128

Run status group 0 (all jobs):
   READ: bw=2676MiB/s (2806MB/s), 2676MiB/s-2676MiB/s (2806MB/s-2806MB/s), io=30.0GiB (32.2GB), run=11480-11480msec
