jobs1: (g=0): rw=read, bs=(R) 32.0KiB-32.0KiB, (W) 32.0KiB-32.0KiB, (T) 32.0KiB-32.0KiB, ioengine=libaio, iodepth=128
...
fio-3.28
Starting 16 processes
jobs1: Laying out IO files (512 files / total 30720MiB)

jobs1: (groupid=0, jobs=16): err= 0: pid=1112954: Wed Jul 26 06:15:52 2023
  read: IOPS=86.6k, BW=2705MiB/s (2836MB/s)(30.0GiB/11358msec)
    slat (usec): min=3, max=496, avg=11.01, stdev=15.70
    clat (nsec): min=1235, max=40572k, avg=1464657.42, stdev=1924931.19
     lat (usec): min=5, max=41070, avg=1475.71, stdev=1939.15
    clat percentiles (usec):
     |  1.00th=[  635],  5.00th=[  644], 10.00th=[  644], 20.00th=[  652],
     | 30.00th=[  652], 40.00th=[  660], 50.00th=[  668], 60.00th=[  685],
     | 70.00th=[  742], 80.00th=[ 1057], 90.00th=[ 5932], 95.00th=[ 6128],
     | 99.00th=[ 8717], 99.50th=[ 8979], 99.90th=[10159], 99.95th=[11076],
     | 99.99th=[20841]
   bw (  MiB/s): min= 1332, max= 3053, per=99.82%, avg=2699.74, stdev=491.15, samples=22
   iops        : min=42655, max=97726, avg=86391.50, stdev=15716.81, samples=22
  lat (usec)   : 2=0.01%, 10=0.01%, 20=0.01%, 50=0.01%, 100=0.01%
  lat (usec)   : 250=0.01%, 500=0.01%, 750=70.82%, 1000=4.89%
  lat (msec)   : 2=9.96%, 4=2.23%, 10=11.97%, 20=0.10%, 50=0.01%
  cpu          : usr=3.37%, sys=96.12%, ctx=1053, majf=1, minf=1071
  IO depths    : 1=0.1%, 2=0.1%, 4=0.1%, 8=0.1%, 16=0.1%, 32=0.1%, >=64=100.0%
     submit    : 0=0.0%, 4=100.0%, 8=0.0%, 16=0.0%, 32=0.0%, 64=0.0%, >=64=0.0%
     complete  : 0=0.0%, 4=100.0%, 8=0.0%, 16=0.0%, 32=0.0%, 64=0.0%, >=64=0.1%
     issued rwts: total=983040,0,0,0 short=0,0,0,0 dropped=0,0,0,0
     latency   : target=0, window=0, percentile=100.00%, depth=128

Run status group 0 (all jobs):
   READ: bw=2705MiB/s (2836MB/s), 2705MiB/s-2705MiB/s (2836MB/s-2836MB/s), io=30.0GiB (32.2GB), run=11358-11358msec
