jobs1: (g=0): rw=read, bs=(R) 4096B-4096B, (W) 4096B-4096B, (T) 4096B-4096B, ioengine=libaio, iodepth=128
...
fio-3.28
Starting 16 processes
jobs1: Laying out IO file (1 file / 30720MiB)

jobs1: (groupid=0, jobs=16): err= 0: pid=153601: Tue Jul 25 17:51:38 2023
  read: IOPS=501k, BW=1958MiB/s (2053MB/s)(30.0GiB/15691msec)
    slat (nsec): min=689, max=179089, avg=1540.13, stdev=5533.18
    clat (nsec): min=1459, max=1540.0k, avg=253611.56, stdev=43254.73
     lat (usec): min=2, max=1702, avg=255.19, stdev=43.18
    clat percentiles (usec):
     |  1.00th=[  202],  5.00th=[  237], 10.00th=[  239], 20.00th=[  239],
     | 30.00th=[  239], 40.00th=[  241], 50.00th=[  241], 60.00th=[  243],
     | 70.00th=[  245], 80.00th=[  247], 90.00th=[  262], 95.00th=[  408],
     | 99.00th=[  412], 99.50th=[  416], 99.90th=[  469], 99.95th=[  611],
     | 99.99th=[  865]
   bw (  MiB/s): min= 1192, max= 2074, per=100.00%, avg=1966.58, stdev=242.14, samples=30
   iops        : min=305361, max=531144, avg=503445.73, stdev=61987.24, samples=30
  lat (usec)   : 2=0.01%, 4=0.01%, 10=0.01%, 20=0.01%, 50=0.01%
  lat (usec)   : 100=0.01%, 250=83.36%, 500=16.58%, 750=0.04%, 1000=0.02%
  lat (msec)   : 2=0.01%
  cpu          : usr=21.38%, sys=78.60%, ctx=119, majf=0, minf=168
  IO depths    : 1=0.1%, 2=0.1%, 4=0.1%, 8=0.1%, 16=0.1%, 32=0.1%, >=64=100.0%
     submit    : 0=0.0%, 4=100.0%, 8=0.0%, 16=0.0%, 32=0.0%, 64=0.0%, >=64=0.0%
     complete  : 0=0.0%, 4=100.0%, 8=0.0%, 16=0.0%, 32=0.0%, 64=0.0%, >=64=0.1%
     issued rwts: total=7864320,0,0,0 short=0,0,0,0 dropped=0,0,0,0
     latency   : target=0, window=0, percentile=100.00%, depth=128

Run status group 0 (all jobs):
   READ: bw=1958MiB/s (2053MB/s), 1958MiB/s-1958MiB/s (2053MB/s-2053MB/s), io=30.0GiB (32.2GB), run=15691-15691msec
