jobs1: (g=0): rw=read, bs=(R) 32.0KiB-32.0KiB, (W) 32.0KiB-32.0KiB, (T) 32.0KiB-32.0KiB, ioengine=libaio, iodepth=128
fio-3.28
Starting 1 process
jobs1: Laying out IO files (512 files / total 30720MiB)

jobs1: (groupid=0, jobs=1): err= 0: pid=1113055: Wed Jul 26 06:17:10 2023
  read: IOPS=76.7k, BW=2397MiB/s (2514MB/s)(30.0GiB/12815msec)
    slat (usec): min=3, max=475, avg=12.32, stdev=19.41
    clat (nsec): min=1161, max=117199k, avg=1648469.72, stdev=2778322.76
     lat (usec): min=7, max=117639, avg=1660.83, stdev=2795.22
    clat percentiles (usec):
     |  1.00th=[  627],  5.00th=[  635], 10.00th=[  644], 20.00th=[  652],
     | 30.00th=[  660], 40.00th=[  668], 50.00th=[  668], 60.00th=[  685],
     | 70.00th=[  799], 80.00th=[ 1139], 90.00th=[ 6915], 95.00th=[ 7177],
     | 99.00th=[ 9896], 99.50th=[10290], 99.90th=[11076], 99.95th=[39060],
     | 99.99th=[78119]
   bw (  MiB/s): min=  355, max= 2790, per=99.43%, avg=2383.56, stdev=569.62, samples=25
   iops        : min=11362, max=89306, avg=76273.84, stdev=18227.96, samples=25
  lat (usec)   : 2=0.01%, 10=0.01%, 20=0.01%, 50=0.01%, 100=0.01%
  lat (usec)   : 250=0.01%, 500=0.01%, 750=67.89%, 1000=3.86%
  lat (msec)   : 2=13.68%, 4=1.87%, 10=11.82%, 20=0.83%, 50=0.01%
  lat (msec)   : 100=0.04%, 250=0.01%
  cpu          : usr=3.71%, sys=94.13%, ctx=1051, majf=0, minf=1040
  IO depths    : 1=0.1%, 2=0.1%, 4=0.1%, 8=0.1%, 16=0.1%, 32=0.1%, >=64=100.0%
     submit    : 0=0.0%, 4=100.0%, 8=0.0%, 16=0.0%, 32=0.0%, 64=0.0%, >=64=0.0%
     complete  : 0=0.0%, 4=100.0%, 8=0.0%, 16=0.0%, 32=0.0%, 64=0.0%, >=64=0.1%
     issued rwts: total=983040,0,0,0 short=0,0,0,0 dropped=0,0,0,0
     latency   : target=0, window=0, percentile=100.00%, depth=128

Run status group 0 (all jobs):
   READ: bw=2397MiB/s (2514MB/s), 2397MiB/s-2397MiB/s (2514MB/s-2514MB/s), io=30.0GiB (32.2GB), run=12815-12815msec
