jobs1: (g=0): rw=read, bs=(R) 4096B-4096B, (W) 4096B-4096B, (T) 4096B-4096B, ioengine=libaio, iodepth=128
...
fio-3.28
Starting 32 processes
jobs1: Laying out IO file (1 file / 30720MiB)

jobs1: (groupid=0, jobs=32): err= 0: pid=155709: Tue Jul 25 18:00:25 2023
  read: IOPS=751k, BW=2935MiB/s (3078MB/s)(30.0GiB/10467msec)
    slat (nsec): min=667, max=41245, avg=901.56, stdev=223.70
    clat (nsec): min=1245, max=1042.2k, avg=169238.52, stdev=34410.19
     lat (usec): min=2, max=1062, avg=170.17, stdev=34.61
    clat percentiles (usec):
     |  1.00th=[  155],  5.00th=[  157], 10.00th=[  157], 20.00th=[  157],
     | 30.00th=[  157], 40.00th=[  159], 50.00th=[  159], 60.00th=[  159],
     | 70.00th=[  159], 80.00th=[  161], 90.00th=[  184], 95.00th=[  269],
     | 99.00th=[  273], 99.50th=[  277], 99.90th=[  302], 99.95th=[  416],
     | 99.99th=[  619]
   bw (  MiB/s): min= 1815, max= 3148, per=100.00%, avg=2943.68, stdev=476.19, samples=20
   iops        : min=464665, max=805934, avg=753580.95, stdev=121904.05, samples=20
  lat (usec)   : 2=0.01%, 4=0.01%, 10=0.01%, 20=0.01%, 50=0.01%
  lat (usec)   : 100=0.01%, 250=90.52%, 500=9.44%, 750=0.04%, 1000=0.01%
  lat (msec)   : 2=0.01%
  cpu          : usr=29.66%, sys=70.34%, ctx=13, majf=0, minf=187
  IO depths    : 1=0.1%, 2=0.1%, 4=0.1%, 8=0.1%, 16=0.1%, 32=0.1%, >=64=100.0%
     submit    : 0=0.0%, 4=100.0%, 8=0.0%, 16=0.0%, 32=0.0%, 64=0.0%, >=64=0.0%
     complete  : 0=0.0%, 4=100.0%, 8=0.0%, 16=0.0%, 32=0.0%, 64=0.0%, >=64=0.1%
     issued rwts: total=7864320,0,0,0 short=0,0,0,0 dropped=0,0,0,0
     latency   : target=0, window=0, percentile=100.00%, depth=128

Run status group 0 (all jobs):
   READ: bw=2935MiB/s (3078MB/s), 2935MiB/s-2935MiB/s (3078MB/s-3078MB/s), io=30.0GiB (32.2GB), run=10467-10467msec
