jobs1: (g=0): rw=read, bs=(R) 512KiB-512KiB, (W) 512KiB-512KiB, (T) 512KiB-512KiB, ioengine=libaio, iodepth=128
...
fio-3.28
Starting 32 processes
jobs1: Laying out IO files (64 files / total 30720MiB)

jobs1: (groupid=0, jobs=32): err= 0: pid=524676: Wed Jul 26 00:13:38 2023
  read: IOPS=9102, BW=4551MiB/s (4772MB/s)(30.0GiB/6750msec)
    slat (usec): min=92, max=781, avg=108.95, stdev=22.37
    clat (nsec): min=1940, max=53636k, avg=13885953.62, stdev=2228337.03
     lat (usec): min=104, max=54418, avg=13995.03, stdev=2248.69
    clat percentiles (usec):
     |  1.00th=[12780],  5.00th=[12911], 10.00th=[12911], 20.00th=[12911],
     | 30.00th=[12911], 40.00th=[12911], 50.00th=[12911], 60.00th=[12911],
     | 70.00th=[12911], 80.00th=[13042], 90.00th=[17957], 95.00th=[18220],
     | 99.00th=[18744], 99.50th=[18744], 99.90th=[30016], 99.95th=[38536],
     | 99.99th=[50070]
   bw (  MiB/s): min= 3226, max= 4926, per=100.00%, avg=4559.09, stdev=666.22, samples=13
   iops        : min= 6453, max= 9852, avg=9118.23, stdev=1332.23, samples=13
  lat (usec)   : 2=0.01%, 250=0.01%, 500=0.01%, 750=0.01%, 1000=0.01%
  lat (msec)   : 2=0.02%, 4=0.03%, 10=0.10%, 20=99.65%, 50=0.18%
  lat (msec)   : 100=0.01%
  cpu          : usr=1.11%, sys=98.87%, ctx=12, majf=0, minf=16491
  IO depths    : 1=0.1%, 2=0.1%, 4=0.1%, 8=0.1%, 16=0.1%, 32=0.1%, >=64=99.9%
     submit    : 0=0.0%, 4=100.0%, 8=0.0%, 16=0.0%, 32=0.0%, 64=0.0%, >=64=0.0%
     complete  : 0=0.0%, 4=100.0%, 8=0.0%, 16=0.0%, 32=0.0%, 64=0.0%, >=64=0.1%
     issued rwts: total=61440,0,0,0 short=0,0,0,0 dropped=0,0,0,0
     latency   : target=0, window=0, percentile=100.00%, depth=128

Run status group 0 (all jobs):
   READ: bw=4551MiB/s (4772MB/s), 4551MiB/s-4551MiB/s (4772MB/s-4772MB/s), io=30.0GiB (32.2GB), run=6750-6750msec
