jobs1: (g=0): rw=read, bs=(R) 128KiB-128KiB, (W) 128KiB-128KiB, (T) 128KiB-128KiB, ioengine=libaio, iodepth=128
...
fio-3.28
Starting 32 processes
jobs1: Laying out IO file (1 file / 30720MiB)

jobs1: (groupid=0, jobs=32): err= 0: pid=183303: Tue Jul 25 19:44:19 2023
  read: IOPS=25.2k, BW=3153MiB/s (3307MB/s)(30.0GiB/9742msec)
    slat (usec): min=12, max=539, avg=39.03, stdev=25.31
    clat (nsec): min=1671, max=22367k, avg=5027463.43, stdev=1154770.45
     lat (usec): min=15, max=22908, avg=5066.56, stdev=1163.77
    clat percentiles (usec):
     |  1.00th=[ 4555],  5.00th=[ 4555], 10.00th=[ 4555], 20.00th=[ 4555],
     | 30.00th=[ 4555], 40.00th=[ 4621], 50.00th=[ 4621], 60.00th=[ 4621],
     | 70.00th=[ 4621], 80.00th=[ 4817], 90.00th=[ 5473], 95.00th=[ 8356],
     | 99.00th=[ 9372], 99.50th=[ 9765], 99.90th=[10159], 99.95th=[10421],
     | 99.99th=[18482]
   bw (  MiB/s): min= 1778, max= 3457, per=100.00%, avg=3187.53, stdev=542.37, samples=19
   iops        : min=14230, max=27660, avg=25500.16, stdev=4339.03, samples=19
  lat (usec)   : 2=0.01%, 20=0.01%, 100=0.01%, 250=0.01%, 500=0.01%
  lat (usec)   : 750=0.01%, 1000=0.01%
  lat (msec)   : 2=0.01%, 4=0.02%, 10=99.73%, 20=0.22%, 50=0.01%
  cpu          : usr=1.10%, sys=97.92%, ctx=12257, majf=0, minf=4166
  IO depths    : 1=0.1%, 2=0.1%, 4=0.1%, 8=0.1%, 16=0.1%, 32=0.1%, >=64=100.0%
     submit    : 0=0.0%, 4=100.0%, 8=0.0%, 16=0.0%, 32=0.0%, 64=0.0%, >=64=0.0%
     complete  : 0=0.0%, 4=100.0%, 8=0.0%, 16=0.0%, 32=0.0%, 64=0.0%, >=64=0.1%
     issued rwts: total=245760,0,0,0 short=0,0,0,0 dropped=0,0,0,0
     latency   : target=0, window=0, percentile=100.00%, depth=128

Run status group 0 (all jobs):
   READ: bw=3153MiB/s (3307MB/s), 3153MiB/s-3153MiB/s (3307MB/s-3307MB/s), io=30.0GiB (32.2GB), run=9742-9742msec
