jobs1: (g=0): rw=read, bs=(R) 512KiB-512KiB, (W) 512KiB-512KiB, (T) 512KiB-512KiB, ioengine=libaio, iodepth=128
...
fio-3.28
Starting 32 processes
jobs1: Laying out IO file (1 file / 30720MiB)

jobs1: (groupid=0, jobs=32): err= 0: pid=196236: Tue Jul 25 20:27:29 2023
  read: IOPS=2862, BW=1431MiB/s (1501MB/s)(30.0GiB/21466msec)
    slat (usec): min=277, max=1917, avg=346.97, stdev=82.91
    clat (usec): min=8, max=72721, avg=44288.12, stdev=10061.46
     lat (usec): min=556, max=73279, avg=44635.49, stdev=10137.61
    clat percentiles (usec):
     |  1.00th=[38011],  5.00th=[38011], 10.00th=[38011], 20.00th=[38011],
     | 30.00th=[38011], 40.00th=[38011], 50.00th=[38011], 60.00th=[38011],
     | 70.00th=[51119], 80.00th=[53740], 90.00th=[57934], 95.00th=[68682],
     | 99.00th=[70779], 99.50th=[71828], 99.90th=[71828], 99.95th=[72877],
     | 99.99th=[72877]
   bw (  MiB/s): min=  893, max= 1673, per=100.00%, avg=1436.23, stdev=290.16, samples=42
   iops        : min= 1786, max= 3346, avg=2872.38, stdev=580.38, samples=42
  lat (usec)   : 10=0.01%, 750=0.01%
  lat (msec)   : 2=0.01%, 4=0.01%, 10=0.02%, 20=0.03%, 50=69.48%
  lat (msec)   : 100=30.46%
  cpu          : usr=0.57%, sys=68.19%, ctx=74910, majf=0, minf=16453
  IO depths    : 1=0.1%, 2=0.1%, 4=0.1%, 8=0.1%, 16=0.1%, 32=0.1%, >=64=99.9%
     submit    : 0=0.0%, 4=100.0%, 8=0.0%, 16=0.0%, 32=0.0%, 64=0.0%, >=64=0.0%
     complete  : 0=0.0%, 4=100.0%, 8=0.0%, 16=0.0%, 32=0.0%, 64=0.0%, >=64=0.1%
     issued rwts: total=61440,0,0,0 short=0,0,0,0 dropped=0,0,0,0
     latency   : target=0, window=0, percentile=100.00%, depth=128

Run status group 0 (all jobs):
   READ: bw=1431MiB/s (1501MB/s), 1431MiB/s-1431MiB/s (1501MB/s-1501MB/s), io=30.0GiB (32.2GB), run=21466-21466msec
