jobs1: (g=0): rw=read, bs=(R) 32.0KiB-32.0KiB, (W) 32.0KiB-32.0KiB, (T) 32.0KiB-32.0KiB, ioengine=libaio, iodepth=128
fio-3.28
Starting 1 process
jobs1: Laying out IO files (64 files / total 30720MiB)

jobs1: (groupid=0, jobs=1): err= 0: pid=481938: Tue Jul 25 22:24:21 2023
  read: IOPS=191k, BW=5970MiB/s (6260MB/s)(30.0GiB/5146msec)
    slat (nsec): min=3615, max=66798, avg=4738.15, stdev=911.79
    clat (nsec): min=1181, max=5646.6k, avg=664587.19, stdev=112575.84
     lat (usec): min=5, max=5714, avg=669.36, stdev=113.39
    clat percentiles (usec):
     |  1.00th=[  594],  5.00th=[  594], 10.00th=[  594], 20.00th=[  603],
     | 30.00th=[  603], 40.00th=[  603], 50.00th=[  603], 60.00th=[  611],
     | 70.00th=[  611], 80.00th=[  832], 90.00th=[  840], 95.00th=[  840],
     | 99.00th=[  848], 99.50th=[  857], 99.90th=[ 1467], 99.95th=[ 1483],
     | 99.99th=[ 2507]
   bw (  MiB/s): min= 4616, max= 6594, per=99.75%, avg=5954.76, stdev=886.76, samples=10
   iops        : min=147738, max=211026, avg=190552.60, stdev=28376.60, samples=10
  lat (usec)   : 2=0.01%, 10=0.01%, 20=0.01%, 50=0.01%, 100=0.01%
  lat (usec)   : 250=0.01%, 500=0.01%, 750=74.01%, 1000=25.73%
  lat (msec)   : 2=0.23%, 4=0.01%, 10=0.01%
  cpu          : usr=8.30%, sys=91.62%, ctx=10, majf=0, minf=1035
  IO depths    : 1=0.1%, 2=0.1%, 4=0.1%, 8=0.1%, 16=0.1%, 32=0.1%, >=64=100.0%
     submit    : 0=0.0%, 4=100.0%, 8=0.0%, 16=0.0%, 32=0.0%, 64=0.0%, >=64=0.0%
     complete  : 0=0.0%, 4=100.0%, 8=0.0%, 16=0.0%, 32=0.0%, 64=0.0%, >=64=0.1%
     issued rwts: total=983040,0,0,0 short=0,0,0,0 dropped=0,0,0,0
     latency   : target=0, window=0, percentile=100.00%, depth=128

Run status group 0 (all jobs):
   READ: bw=5970MiB/s (6260MB/s), 5970MiB/s-5970MiB/s (6260MB/s-6260MB/s), io=30.0GiB (32.2GB), run=5146-5146msec
