jobs1: (g=0): rw=read, bs=(R) 32.0KiB-32.0KiB, (W) 32.0KiB-32.0KiB, (T) 32.0KiB-32.0KiB, ioengine=libaio, iodepth=128
...
fio-3.28
Starting 16 processes
jobs1: Laying out IO files (64 files / total 30720MiB)

jobs1: (groupid=0, jobs=16): err= 0: pid=481851: Tue Jul 25 22:23:59 2023
  read: IOPS=84.8k, BW=2649MiB/s (2778MB/s)(30.0GiB/11597msec)
    slat (usec): min=2, max=429, avg=11.25, stdev=17.86
    clat (nsec): min=1797, max=61674k, avg=1493207.66, stdev=1380092.44
     lat (usec): min=9, max=62105, avg=1504.50, stdev=1385.17
    clat percentiles (usec):
     |  1.00th=[  570],  5.00th=[  578], 10.00th=[  578], 20.00th=[  578],
     | 30.00th=[  586], 40.00th=[  586], 50.00th=[  611], 60.00th=[  963],
     | 70.00th=[ 1614], 80.00th=[ 2966], 90.00th=[ 3785], 95.00th=[ 3818],
     | 99.00th=[ 5342], 99.50th=[ 5342], 99.90th=[ 5407], 99.95th=[ 5407],
     | 99.99th=[10814]
   bw (  MiB/s): min= 1747, max= 2883, per=100.00%, avg=2651.37, stdev=408.43, samples=23
   iops        : min=55905, max=92270, avg=84843.65, stdev=13069.64, samples=23
  lat (usec)   : 2=0.01%, 10=0.01%, 20=0.01%, 50=0.01%, 100=0.01%
  lat (usec)   : 250=0.01%, 500=0.01%, 750=53.41%, 1000=11.91%
  lat (msec)   : 2=7.53%, 4=23.82%, 10=3.32%, 20=0.01%, 50=0.01%
  lat (msec)   : 100=0.01%
  cpu          : usr=3.79%, sys=95.78%, ctx=143, majf=0, minf=1061
  IO depths    : 1=0.1%, 2=0.1%, 4=0.1%, 8=0.1%, 16=0.1%, 32=0.1%, >=64=100.0%
     submit    : 0=0.0%, 4=100.0%, 8=0.0%, 16=0.0%, 32=0.0%, 64=0.0%, >=64=0.0%
     complete  : 0=0.0%, 4=100.0%, 8=0.0%, 16=0.0%, 32=0.0%, 64=0.0%, >=64=0.1%
     issued rwts: total=983040,0,0,0 short=0,0,0,0 dropped=0,0,0,0
     latency   : target=0, window=0, percentile=100.00%, depth=128

Run status group 0 (all jobs):
   READ: bw=2649MiB/s (2778MB/s), 2649MiB/s-2649MiB/s (2778MB/s-2778MB/s), io=30.0GiB (32.2GB), run=11597-11597msec
