jobs1: (g=0): rw=read, bs=(R) 32.0KiB-32.0KiB, (W) 32.0KiB-32.0KiB, (T) 32.0KiB-32.0KiB, ioengine=libaio, iodepth=128
fio-3.28
Starting 1 process
jobs1: Laying out IO files (512 files / total 30720MiB)

jobs1: (groupid=0, jobs=1): err= 0: pid=1113740: Wed Jul 26 06:18:40 2023
  read: IOPS=143k, BW=4483MiB/s (4701MB/s)(30.0GiB/6852msec)
    slat (nsec): min=4430, max=74319, avg=6450.50, stdev=1374.34
    clat (nsec): min=1356, max=6775.9k, avg=885015.59, stdev=151903.75
     lat (usec): min=6, max=6846, avg=891.52, stdev=153.00
    clat percentiles (usec):
     |  1.00th=[  807],  5.00th=[  816], 10.00th=[  816], 20.00th=[  816],
     | 30.00th=[  816], 40.00th=[  824], 50.00th=[  824], 60.00th=[  832],
     | 70.00th=[  832], 80.00th=[  848], 90.00th=[ 1188], 95.00th=[ 1205],
     | 99.00th=[ 1221], 99.50th=[ 1237], 99.90th=[ 1500], 99.95th=[ 1991],
     | 99.99th=[ 4146]
   bw (  MiB/s): min= 3248, max= 4828, per=99.62%, avg=4466.31, stdev=669.76, samples=13
   iops        : min=103956, max=154502, avg=142921.85, stdev=21432.36, samples=13
  lat (usec)   : 2=0.01%, 10=0.01%, 20=0.01%, 50=0.01%, 100=0.01%
  lat (usec)   : 250=0.01%, 500=0.01%, 750=0.01%, 1000=83.89%
  lat (msec)   : 2=16.05%, 4=0.04%, 10=0.01%
  cpu          : usr=6.29%, sys=93.71%, ctx=9, majf=0, minf=1038
  IO depths    : 1=0.1%, 2=0.1%, 4=0.1%, 8=0.1%, 16=0.1%, 32=0.1%, >=64=100.0%
     submit    : 0=0.0%, 4=100.0%, 8=0.0%, 16=0.0%, 32=0.0%, 64=0.0%, >=64=0.0%
     complete  : 0=0.0%, 4=100.0%, 8=0.0%, 16=0.0%, 32=0.0%, 64=0.0%, >=64=0.1%
     issued rwts: total=983040,0,0,0 short=0,0,0,0 dropped=0,0,0,0
     latency   : target=0, window=0, percentile=100.00%, depth=128

Run status group 0 (all jobs):
   READ: bw=4483MiB/s (4701MB/s), 4483MiB/s-4483MiB/s (4701MB/s-4701MB/s), io=30.0GiB (32.2GB), run=6852-6852msec
