jobs1: (g=0): rw=read, bs=(R) 128KiB-128KiB, (W) 128KiB-128KiB, (T) 128KiB-128KiB, ioengine=libaio, iodepth=128
...
fio-3.28
Starting 16 processes
jobs1: Laying out IO files (1024 files / total 30720MiB)
fio: pid=1185230, err=24/file:filesetup.c:805, func=open(/home/sevag/fuse_boc//f1018), error=Too many open files

jobs1: (groupid=0, jobs=16): err=24 (file:filesetup.c:805, func=open(/home/sevag/fuse_boc//f1018), error=Too many open files): pid=1185230: Wed Jul 26 10:10:56 2023
  read: IOPS=1813, BW=227MiB/s (238MB/s)(127MiB/562msec)
    slat (usec): min=202, max=797, avg=405.80, stdev=83.35
    clat (usec): min=90, max=78755, avg=65617.17, stdev=15076.74
     lat (usec): min=294, max=79149, avg=66024.16, stdev=15077.55
    clat percentiles (usec):
     |  1.00th=[ 7308],  5.00th=[31065], 10.00th=[53216], 20.00th=[55837],
     | 30.00th=[60556], 40.00th=[66323], 50.00th=[69731], 60.00th=[76022],
     | 70.00th=[77071], 80.00th=[77071], 90.00th=[77071], 95.00th=[78119],
     | 99.00th=[78119], 99.50th=[78119], 99.90th=[78119], 99.95th=[79168],
     | 99.99th=[79168]
  lat (usec)   : 100=0.10%, 750=0.10%
  lat (msec)   : 2=0.10%, 4=0.39%, 10=0.69%, 20=1.67%, 50=4.81%
  lat (msec)   : 100=92.15%
  cpu          : usr=3.74%, sys=43.67%, ctx=2046, majf=0, minf=4150
  IO depths    : 1=0.1%, 2=0.2%, 4=0.4%, 8=0.8%, 16=1.6%, 32=3.1%, >=64=93.8%
     submit    : 0=0.0%, 4=100.0%, 8=0.0%, 16=0.0%, 32=0.0%, 64=0.0%, >=64=0.0%
     complete  : 0=0.0%, 4=99.9%, 8=0.0%, 16=0.0%, 32=0.0%, 64=0.0%, >=64=0.1%
     issued rwts: total=1019,0,0,0 short=0,0,0,0 dropped=0,0,0,0
     latency   : target=0, window=0, percentile=100.00%, depth=128

Run status group 0 (all jobs):
   READ: bw=227MiB/s (238MB/s), 227MiB/s-227MiB/s (238MB/s-238MB/s), io=127MiB (134MB), run=562-562msec
