jobs1: (g=0): rw=read, bs=(R) 32.0KiB-32.0KiB, (W) 32.0KiB-32.0KiB, (T) 32.0KiB-32.0KiB, ioengine=libaio, iodepth=128
fio-3.28
Starting 1 process
jobs1: Laying out IO files (128 files / total 30720MiB)

jobs1: (groupid=0, jobs=1): err= 0: pid=812240: Wed Jul 26 02:14:15 2023
  read: IOPS=79.3k, BW=2480MiB/s (2600MB/s)(30.0GiB/12389msec)
    slat (usec): min=3, max=458, avg=12.03, stdev=18.93
    clat (nsec): min=1224, max=94058k, avg=1595167.52, stdev=1997139.10
     lat (usec): min=9, max=94477, avg=1607.24, stdev=2008.01
    clat percentiles (usec):
     |  1.00th=[  594],  5.00th=[  603], 10.00th=[  603], 20.00th=[  611],
     | 30.00th=[  619], 40.00th=[  619], 50.00th=[  644], 60.00th=[  857],
     | 70.00th=[ 1037], 80.00th=[ 2057], 90.00th=[ 4817], 95.00th=[ 6194],
     | 99.00th=[ 8586], 99.50th=[ 9372], 99.90th=[10159], 99.95th=[10552],
     | 99.99th=[36439]
   bw (  MiB/s): min= 1269, max= 2812, per=99.55%, avg=2468.52, stdev=495.59, samples=24
   iops        : min=40616, max=89994, avg=78992.67, stdev=15858.93, samples=24
  lat (usec)   : 2=0.01%, 10=0.01%, 20=0.01%, 50=0.01%, 100=0.01%
  lat (usec)   : 250=0.01%, 500=0.01%, 750=59.49%, 1000=1.18%
  lat (msec)   : 2=19.11%, 4=7.28%, 10=12.74%, 20=0.17%, 50=0.01%
  lat (msec)   : 100=0.01%
  cpu          : usr=3.93%, sys=95.44%, ctx=274, majf=0, minf=1039
  IO depths    : 1=0.1%, 2=0.1%, 4=0.1%, 8=0.1%, 16=0.1%, 32=0.1%, >=64=100.0%
     submit    : 0=0.0%, 4=100.0%, 8=0.0%, 16=0.0%, 32=0.0%, 64=0.0%, >=64=0.0%
     complete  : 0=0.0%, 4=100.0%, 8=0.0%, 16=0.0%, 32=0.0%, 64=0.0%, >=64=0.1%
     issued rwts: total=983040,0,0,0 short=0,0,0,0 dropped=0,0,0,0
     latency   : target=0, window=0, percentile=100.00%, depth=128

Run status group 0 (all jobs):
   READ: bw=2480MiB/s (2600MB/s), 2480MiB/s-2480MiB/s (2600MB/s-2600MB/s), io=30.0GiB (32.2GB), run=12389-12389msec
