jobs1: (g=0): rw=read, bs=(R) 32.0KiB-32.0KiB, (W) 32.0KiB-32.0KiB, (T) 32.0KiB-32.0KiB, ioengine=libaio, iodepth=128
...
fio-3.28
Starting 16 processes
jobs1: Laying out IO file (1 file / 30720MiB)

jobs1: (groupid=0, jobs=16): err= 0: pid=168838: Tue Jul 25 18:51:13 2023
  read: IOPS=91.2k, BW=2851MiB/s (2990MB/s)(30.0GiB/10775msec)
    slat (usec): min=3, max=300, avg=10.46, stdev=17.73
    clat (nsec): min=1307, max=7891.9k, avg=1391593.00, stdev=410817.18
     lat (usec): min=5, max=8155, avg=1402.09, stdev=413.63
    clat percentiles (usec):
     |  1.00th=[ 1172],  5.00th=[ 1188], 10.00th=[ 1205], 20.00th=[ 1221],
     | 30.00th=[ 1237], 40.00th=[ 1237], 50.00th=[ 1270], 60.00th=[ 1303],
     | 70.00th=[ 1319], 80.00th=[ 1319], 90.00th=[ 1385], 95.00th=[ 2704],
     | 99.00th=[ 2835], 99.50th=[ 2835], 99.90th=[ 2900], 99.95th=[ 3130],
     | 99.99th=[ 4883]
   bw (  MiB/s): min= 1439, max= 3254, per=100.00%, avg=2854.33, stdev=616.26, samples=21
   iops        : min=46048, max=104144, avg=91338.57, stdev=19720.40, samples=21
  lat (usec)   : 2=0.01%, 10=0.01%, 20=0.01%, 50=0.01%, 100=0.01%
  lat (usec)   : 250=0.01%, 500=0.01%, 750=0.01%, 1000=0.01%
  lat (msec)   : 2=90.87%, 4=9.11%, 10=0.01%
  cpu          : usr=4.53%, sys=92.34%, ctx=31209, majf=0, minf=1064
  IO depths    : 1=0.1%, 2=0.1%, 4=0.1%, 8=0.1%, 16=0.1%, 32=0.1%, >=64=100.0%
     submit    : 0=0.0%, 4=100.0%, 8=0.0%, 16=0.0%, 32=0.0%, 64=0.0%, >=64=0.0%
     complete  : 0=0.0%, 4=100.0%, 8=0.0%, 16=0.0%, 32=0.0%, 64=0.0%, >=64=0.1%
     issued rwts: total=983040,0,0,0 short=0,0,0,0 dropped=0,0,0,0
     latency   : target=0, window=0, percentile=100.00%, depth=128

Run status group 0 (all jobs):
   READ: bw=2851MiB/s (2990MB/s), 2851MiB/s-2851MiB/s (2990MB/s-2990MB/s), io=30.0GiB (32.2GB), run=10775-10775msec
