jobs1: (g=0): rw=read, bs=(R) 4096B-4096B, (W) 4096B-4096B, (T) 4096B-4096B, ioengine=libaio, iodepth=128
...
fio-3.28
Starting 16 processes
jobs1: Laying out IO file (1 file / 30720MiB)

jobs1: (groupid=0, jobs=16): err= 0: pid=154325: Tue Jul 25 17:55:04 2023
  read: IOPS=742k, BW=2899MiB/s (3040MB/s)(30.0GiB/10596msec)
    slat (nsec): min=675, max=30921, avg=915.53, stdev=228.91
    clat (nsec): min=1370, max=1003.6k, avg=171326.58, stdev=34985.12
     lat (usec): min=2, max=1024, avg=172.28, stdev=35.19
    clat percentiles (usec):
     |  1.00th=[  157],  5.00th=[  159], 10.00th=[  159], 20.00th=[  159],
     | 30.00th=[  159], 40.00th=[  161], 50.00th=[  161], 60.00th=[  161],
     | 70.00th=[  161], 80.00th=[  161], 90.00th=[  182], 95.00th=[  273],
     | 99.00th=[  277], 99.50th=[  281], 99.90th=[  297], 99.95th=[  424],
     | 99.99th=[  635]
   bw (  MiB/s): min= 1768, max= 3109, per=100.00%, avg=2899.78, stdev=466.35, samples=21
   iops        : min=452668, max=795998, avg=742342.95, stdev=119385.14, samples=21
  lat (usec)   : 2=0.01%, 4=0.01%, 10=0.01%, 20=0.01%, 50=0.01%
  lat (usec)   : 100=0.01%, 250=90.44%, 500=9.52%, 750=0.04%, 1000=0.01%
  lat (msec)   : 2=0.01%
  cpu          : usr=30.00%, sys=69.99%, ctx=14, majf=0, minf=176
  IO depths    : 1=0.1%, 2=0.1%, 4=0.1%, 8=0.1%, 16=0.1%, 32=0.1%, >=64=100.0%
     submit    : 0=0.0%, 4=100.0%, 8=0.0%, 16=0.0%, 32=0.0%, 64=0.0%, >=64=0.0%
     complete  : 0=0.0%, 4=100.0%, 8=0.0%, 16=0.0%, 32=0.0%, 64=0.0%, >=64=0.1%
     issued rwts: total=7864320,0,0,0 short=0,0,0,0 dropped=0,0,0,0
     latency   : target=0, window=0, percentile=100.00%, depth=128

Run status group 0 (all jobs):
   READ: bw=2899MiB/s (3040MB/s), 2899MiB/s-2899MiB/s (3040MB/s-3040MB/s), io=30.0GiB (32.2GB), run=10596-10596msec
