jobs1: (g=0): rw=read, bs=(R) 128KiB-128KiB, (W) 128KiB-128KiB, (T) 128KiB-128KiB, ioengine=libaio, iodepth=128
...
fio-3.28
Starting 16 processes
jobs1: Laying out IO files (64 files / total 30720MiB)

jobs1: (groupid=0, jobs=16): err= 0: pid=503151: Tue Jul 25 23:19:20 2023
  read: IOPS=39.6k, BW=4946MiB/s (5186MB/s)(30.0GiB/6211msec)
    slat (usec): min=20, max=205, avg=24.68, stdev= 4.56
    clat (nsec): min=1872, max=20429k, avg=3204095.83, stdev=488249.93
     lat (usec): min=24, max=20635, avg=3228.86, stdev=492.51
    clat percentiles (usec):
     |  1.00th=[ 2966],  5.00th=[ 2999], 10.00th=[ 2999], 20.00th=[ 2999],
     | 30.00th=[ 2999], 40.00th=[ 2999], 50.00th=[ 2999], 60.00th=[ 2999],
     | 70.00th=[ 2999], 80.00th=[ 2999], 90.00th=[ 4080], 95.00th=[ 4080],
     | 99.00th=[ 4113], 99.50th=[ 4146], 99.90th=[ 4817], 99.95th=[ 6456],
     | 99.99th=[17433]
   bw (  MiB/s): min= 3741, max= 5304, per=100.00%, avg=4976.66, stdev=602.12, samples=12
   iops        : min=29934, max=42436, avg=39813.17, stdev=4817.06, samples=12
  lat (usec)   : 2=0.01%, 50=0.01%, 100=0.01%, 250=0.01%, 500=0.01%
  lat (usec)   : 750=0.01%, 1000=0.01%
  lat (msec)   : 2=0.02%, 4=81.19%, 10=18.75%, 20=0.03%, 50=0.01%
  cpu          : usr=2.11%, sys=97.89%, ctx=14, majf=0, minf=4141
  IO depths    : 1=0.1%, 2=0.1%, 4=0.1%, 8=0.1%, 16=0.1%, 32=0.1%, >=64=100.0%
     submit    : 0=0.0%, 4=100.0%, 8=0.0%, 16=0.0%, 32=0.0%, 64=0.0%, >=64=0.0%
     complete  : 0=0.0%, 4=100.0%, 8=0.0%, 16=0.0%, 32=0.0%, 64=0.0%, >=64=0.1%
     issued rwts: total=245760,0,0,0 short=0,0,0,0 dropped=0,0,0,0
     latency   : target=0, window=0, percentile=100.00%, depth=128

Run status group 0 (all jobs):
   READ: bw=4946MiB/s (5186MB/s), 4946MiB/s-4946MiB/s (5186MB/s-5186MB/s), io=30.0GiB (32.2GB), run=6211-6211msec
