jobs1: (g=0): rw=read, bs=(R) 512KiB-512KiB, (W) 512KiB-512KiB, (T) 512KiB-512KiB, ioengine=libaio, iodepth=128
fio-3.28
Starting 1 process
jobs1: Laying out IO files (64 files / total 30720MiB)

jobs1: (groupid=0, jobs=1): err= 0: pid=522325: Wed Jul 26 00:08:16 2023
  read: IOPS=8961, BW=4481MiB/s (4698MB/s)(30.0GiB/6856msec)
    slat (usec): min=94, max=736, avg=110.68, stdev=25.31
    clat (nsec): min=1841, max=54368k, avg=14105849.87, stdev=2719811.81
     lat (usec): min=100, max=55105, avg=14216.65, stdev=2743.52
    clat percentiles (usec):
     |  1.00th=[12911],  5.00th=[12911], 10.00th=[12911], 20.00th=[12911],
     | 30.00th=[12911], 40.00th=[12911], 50.00th=[13042], 60.00th=[13042],
     | 70.00th=[13042], 80.00th=[13042], 90.00th=[20055], 95.00th=[20055],
     | 99.00th=[20055], 99.50th=[20055], 99.90th=[31589], 99.95th=[40109],
     | 99.99th=[51119]
   bw (  MiB/s): min= 2828, max= 4903, per=99.31%, avg=4449.85, stdev=796.56, samples=13
   iops        : min= 5656, max= 9806, avg=8899.69, stdev=1593.12, samples=13
  lat (usec)   : 2=0.01%, 250=0.01%, 500=0.01%, 750=0.01%, 1000=0.01%
  lat (msec)   : 2=0.02%, 4=0.03%, 10=0.09%, 20=97.91%, 50=1.91%
  lat (msec)   : 100=0.01%
  cpu          : usr=0.74%, sys=99.24%, ctx=9, majf=0, minf=16398
  IO depths    : 1=0.1%, 2=0.1%, 4=0.1%, 8=0.1%, 16=0.1%, 32=0.1%, >=64=99.9%
     submit    : 0=0.0%, 4=100.0%, 8=0.0%, 16=0.0%, 32=0.0%, 64=0.0%, >=64=0.0%
     complete  : 0=0.0%, 4=100.0%, 8=0.0%, 16=0.0%, 32=0.0%, 64=0.0%, >=64=0.1%
     issued rwts: total=61440,0,0,0 short=0,0,0,0 dropped=0,0,0,0
     latency   : target=0, window=0, percentile=100.00%, depth=128

Run status group 0 (all jobs):
   READ: bw=4481MiB/s (4698MB/s), 4481MiB/s-4481MiB/s (4698MB/s-4698MB/s), io=30.0GiB (32.2GB), run=6856-6856msec
