jobs1: (g=0): rw=read, bs=(R) 128KiB-128KiB, (W) 128KiB-128KiB, (T) 128KiB-128KiB, ioengine=libaio, iodepth=128
fio-3.28
Starting 1 process
jobs1: Laying out IO files (128 files / total 30720MiB)

jobs1: (groupid=0, jobs=1): err= 0: pid=839681: Wed Jul 26 03:12:13 2023
  read: IOPS=52.1k, BW=6508MiB/s (6825MB/s)(30.0GiB/4720msec)
    slat (usec): min=15, max=178, avg=18.65, stdev= 3.35
    clat (nsec): min=1488, max=18359k, avg=2434065.35, stdev=320050.23
     lat (usec): min=17, max=18539, avg=2452.75, stdev=323.06
    clat percentiles (usec):
     |  1.00th=[ 2278],  5.00th=[ 2278], 10.00th=[ 2278], 20.00th=[ 2278],
     | 30.00th=[ 2278], 40.00th=[ 2311], 50.00th=[ 2311], 60.00th=[ 2311],
     | 70.00th=[ 2311], 80.00th=[ 2802], 90.00th=[ 2835], 95.00th=[ 2835],
     | 99.00th=[ 2900], 99.50th=[ 3032], 99.90th=[ 3785], 99.95th=[ 4555],
     | 99.99th=[15270]
   bw (  MiB/s): min= 5323, max= 6928, per=99.69%, avg=6488.08, stdev=670.50, samples=9
   iops        : min=42590, max=55428, avg=51904.67, stdev=5363.99, samples=9
  lat (usec)   : 2=0.01%, 20=0.01%, 50=0.01%, 100=0.01%, 250=0.01%
  lat (usec)   : 500=0.01%, 750=0.01%, 1000=0.01%
  lat (msec)   : 2=0.02%, 4=99.90%, 10=0.02%, 20=0.03%
  cpu          : usr=2.01%, sys=97.88%, ctx=5, majf=0, minf=4109
  IO depths    : 1=0.1%, 2=0.1%, 4=0.1%, 8=0.1%, 16=0.1%, 32=0.1%, >=64=100.0%
     submit    : 0=0.0%, 4=100.0%, 8=0.0%, 16=0.0%, 32=0.0%, 64=0.0%, >=64=0.0%
     complete  : 0=0.0%, 4=100.0%, 8=0.0%, 16=0.0%, 32=0.0%, 64=0.0%, >=64=0.1%
     issued rwts: total=245760,0,0,0 short=0,0,0,0 dropped=0,0,0,0
     latency   : target=0, window=0, percentile=100.00%, depth=128

Run status group 0 (all jobs):
   READ: bw=6508MiB/s (6825MB/s), 6508MiB/s-6508MiB/s (6825MB/s-6825MB/s), io=30.0GiB (32.2GB), run=4720-4720msec
