jobs1: (g=0): rw=read, bs=(R) 512KiB-512KiB, (W) 512KiB-512KiB, (T) 512KiB-512KiB, ioengine=libaio, iodepth=128
...
fio-3.28
Starting 16 processes
jobs1: Laying out IO files (64 files / total 30720MiB)

jobs1: (groupid=0, jobs=16): err= 0: pid=519337: Wed Jul 26 00:04:04 2023
  read: IOPS=5377, BW=2689MiB/s (2819MB/s)(30.0GiB/11425msec)
    slat (usec): min=149, max=1942, avg=184.50, stdev=59.59
    clat (nsec): min=1932, max=90538k, avg=23499913.52, stdev=6859215.70
     lat (usec): min=155, max=92322, avg=23684.61, stdev=6914.94
    clat percentiles (usec):
     |  1.00th=[21103],  5.00th=[21103], 10.00th=[21103], 20.00th=[21103],
     | 30.00th=[21365], 40.00th=[21365], 50.00th=[21365], 60.00th=[21365],
     | 70.00th=[21627], 80.00th=[21627], 90.00th=[22938], 95.00th=[44303],
     | 99.00th=[49021], 99.50th=[50070], 99.90th=[52167], 99.95th=[66847],
     | 99.99th=[84411]
   bw (  MiB/s): min= 1202, max= 2995, per=99.49%, avg=2675.11, stdev=628.41, samples=22
   iops        : min= 2405, max= 5990, avg=5350.09, stdev=1256.87, samples=22
  lat (usec)   : 2=0.01%, 250=0.01%, 500=0.01%, 750=0.01%, 1000=0.01%
  lat (msec)   : 2=0.01%, 4=0.02%, 10=0.06%, 20=0.10%, 50=99.20%
  lat (msec)   : 100=0.60%
  cpu          : usr=0.81%, sys=96.31%, ctx=6155, majf=0, minf=16433
  IO depths    : 1=0.1%, 2=0.1%, 4=0.1%, 8=0.1%, 16=0.1%, 32=0.1%, >=64=99.9%
     submit    : 0=0.0%, 4=100.0%, 8=0.0%, 16=0.0%, 32=0.0%, 64=0.0%, >=64=0.0%
     complete  : 0=0.0%, 4=100.0%, 8=0.0%, 16=0.0%, 32=0.0%, 64=0.0%, >=64=0.1%
     issued rwts: total=61440,0,0,0 short=0,0,0,0 dropped=0,0,0,0
     latency   : target=0, window=0, percentile=100.00%, depth=128

Run status group 0 (all jobs):
   READ: bw=2689MiB/s (2819MB/s), 2689MiB/s-2689MiB/s (2819MB/s-2819MB/s), io=30.0GiB (32.2GB), run=11425-11425msec
