jobs1: (g=0): rw=read, bs=(R) 4096B-4096B, (W) 4096B-4096B, (T) 4096B-4096B, ioengine=libaio, iodepth=128
fio-3.28
Starting 1 process
jobs1: Laying out IO files (128 files / total 30720MiB)

jobs1: (groupid=0, jobs=1): err= 0: pid=786501: Wed Jul 26 01:10:15 2023
  read: IOPS=684k, BW=2671MiB/s (2801MB/s)(30.0GiB/11502msec)
    slat (nsec): min=755, max=36130, avg=1035.29, stdev=240.62
    clat (nsec): min=1141, max=1911.4k, avg=185938.41, stdev=34904.50
     lat (usec): min=2, max=1939, avg=187.01, stdev=35.11
    clat percentiles (usec):
     |  1.00th=[  172],  5.00th=[  174], 10.00th=[  174], 20.00th=[  174],
     | 30.00th=[  176], 40.00th=[  176], 50.00th=[  176], 60.00th=[  178],
     | 70.00th=[  178], 80.00th=[  180], 90.00th=[  184], 95.00th=[  302],
     | 99.00th=[  310], 99.50th=[  310], 99.90th=[  330], 99.95th=[  457],
     | 99.99th=[  627]
   bw (  MiB/s): min= 1635, max= 2832, per=99.76%, avg=2664.54, stdev=406.88, samples=22
   iops        : min=418634, max=725040, avg=682123.27, stdev=104162.12, samples=22
  lat (usec)   : 2=0.01%, 4=0.01%, 10=0.01%, 20=0.01%, 50=0.01%
  lat (usec)   : 100=0.01%, 250=92.27%, 500=7.70%, 750=0.03%, 1000=0.01%
  lat (msec)   : 2=0.01%
  cpu          : usr=26.49%, sys=73.49%, ctx=11, majf=0, minf=140
  IO depths    : 1=0.1%, 2=0.1%, 4=0.1%, 8=0.1%, 16=0.1%, 32=0.1%, >=64=100.0%
     submit    : 0=0.0%, 4=100.0%, 8=0.0%, 16=0.0%, 32=0.0%, 64=0.0%, >=64=0.0%
     complete  : 0=0.0%, 4=100.0%, 8=0.0%, 16=0.0%, 32=0.0%, 64=0.0%, >=64=0.1%
     issued rwts: total=7864320,0,0,0 short=0,0,0,0 dropped=0,0,0,0
     latency   : target=0, window=0, percentile=100.00%, depth=128

Run status group 0 (all jobs):
   READ: bw=2671MiB/s (2801MB/s), 2671MiB/s-2671MiB/s (2801MB/s-2801MB/s), io=30.0GiB (32.2GB), run=11502-11502msec
