jobs1: (g=0): rw=read, bs=(R) 128KiB-128KiB, (W) 128KiB-128KiB, (T) 128KiB-128KiB, ioengine=libaio, iodepth=128
...
fio-3.28
Starting 32 processes
jobs1: Laying out IO files (64 files / total 30720MiB)

jobs1: (groupid=0, jobs=32): err= 0: pid=505260: Tue Jul 25 23:23:21 2023
  read: IOPS=53.7k, BW=6713MiB/s (7039MB/s)(30.0GiB/4576msec)
    slat (usec): min=14, max=196, avg=18.06, stdev= 3.61
    clat (nsec): min=1552, max=19081k, avg=2359340.01, stdev=350385.49
     lat (usec): min=19, max=19278, avg=2377.44, stdev=353.64
    clat percentiles (usec):
     |  1.00th=[ 2147],  5.00th=[ 2180], 10.00th=[ 2180], 20.00th=[ 2180],
     | 30.00th=[ 2180], 40.00th=[ 2180], 50.00th=[ 2180], 60.00th=[ 2180],
     | 70.00th=[ 2704], 80.00th=[ 2737], 90.00th=[ 2737], 95.00th=[ 2737],
     | 99.00th=[ 2802], 99.50th=[ 2868], 99.90th=[ 4015], 99.95th=[ 4555],
     | 99.99th=[16057]
   bw (  MiB/s): min= 5588, max= 7299, per=99.98%, avg=6711.64, stdev=794.70, samples=8
   iops        : min=44706, max=58396, avg=53693.00, stdev=6357.65, samples=8
  lat (usec)   : 2=0.01%, 50=0.01%, 100=0.01%, 250=0.01%, 500=0.01%
  lat (usec)   : 750=0.01%, 1000=0.01%
  lat (msec)   : 2=0.02%, 4=99.85%, 10=0.07%, 20=0.03%
  cpu          : usr=2.86%, sys=97.11%, ctx=3, majf=0, minf=4165
  IO depths    : 1=0.1%, 2=0.1%, 4=0.1%, 8=0.1%, 16=0.1%, 32=0.1%, >=64=100.0%
     submit    : 0=0.0%, 4=100.0%, 8=0.0%, 16=0.0%, 32=0.0%, 64=0.0%, >=64=0.0%
     complete  : 0=0.0%, 4=100.0%, 8=0.0%, 16=0.0%, 32=0.0%, 64=0.0%, >=64=0.1%
     issued rwts: total=245760,0,0,0 short=0,0,0,0 dropped=0,0,0,0
     latency   : target=0, window=0, percentile=100.00%, depth=128

Run status group 0 (all jobs):
   READ: bw=6713MiB/s (7039MB/s), 6713MiB/s-6713MiB/s (7039MB/s-7039MB/s), io=30.0GiB (32.2GB), run=4576-4576msec
