jobs1: (g=0): rw=read, bs=(R) 32.0KiB-32.0KiB, (W) 32.0KiB-32.0KiB, (T) 32.0KiB-32.0KiB, ioengine=libaio, iodepth=128
...
fio-3.28
Starting 32 processes
jobs1: Laying out IO file (1 file / 30720MiB)

jobs1: (groupid=0, jobs=32): err= 0: pid=170942: Tue Jul 25 18:57:43 2023
  read: IOPS=200k, BW=6253MiB/s (6557MB/s)(30.0GiB/4913msec)
    slat (nsec): min=3463, max=93537, avg=4504.22, stdev=866.62
    clat (nsec): min=1682, max=5414.8k, avg=634520.17, stdev=104135.14
     lat (usec): min=6, max=5488, avg=639.06, stdev=104.90
    clat percentiles (usec):
     |  1.00th=[  578],  5.00th=[  578], 10.00th=[  578], 20.00th=[  578],
     | 30.00th=[  578], 40.00th=[  578], 50.00th=[  578], 60.00th=[  586],
     | 70.00th=[  586], 80.00th=[  791], 90.00th=[  791], 95.00th=[  791],
     | 99.00th=[  807], 99.50th=[  807], 99.90th=[ 1270], 99.95th=[ 1696],
     | 99.99th=[ 2704]
   bw (  MiB/s): min= 4900, max= 6843, per=100.00%, avg=6272.92, stdev=866.53, samples=9
   iops        : min=156816, max=218982, avg=200733.22, stdev=27729.04, samples=9
  lat (usec)   : 2=0.01%, 10=0.01%, 20=0.01%, 50=0.01%, 100=0.01%
  lat (usec)   : 250=0.01%, 500=0.01%, 750=75.14%, 1000=24.66%
  lat (msec)   : 2=0.17%, 4=0.01%, 10=0.01%
  cpu          : usr=9.59%, sys=90.35%, ctx=7, majf=0, minf=1099
  IO depths    : 1=0.1%, 2=0.1%, 4=0.1%, 8=0.1%, 16=0.1%, 32=0.1%, >=64=100.0%
     submit    : 0=0.0%, 4=100.0%, 8=0.0%, 16=0.0%, 32=0.0%, 64=0.0%, >=64=0.0%
     complete  : 0=0.0%, 4=100.0%, 8=0.0%, 16=0.0%, 32=0.0%, 64=0.0%, >=64=0.1%
     issued rwts: total=983040,0,0,0 short=0,0,0,0 dropped=0,0,0,0
     latency   : target=0, window=0, percentile=100.00%, depth=128

Run status group 0 (all jobs):
   READ: bw=6253MiB/s (6557MB/s), 6253MiB/s-6253MiB/s (6557MB/s-6557MB/s), io=30.0GiB (32.2GB), run=4913-4913msec
