jobs1: (g=0): rw=read, bs=(R) 512KiB-512KiB, (W) 512KiB-512KiB, (T) 512KiB-512KiB, ioengine=libaio, iodepth=128
...
fio-3.28
Starting 32 processes
jobs1: Laying out IO files (512 files / total 30720MiB)

jobs1: (groupid=0, jobs=32): err= 0: pid=1151361: Wed Jul 26 08:23:16 2023
  read: IOPS=8874, BW=4437MiB/s (4653MB/s)(30.0GiB/6923msec)
    slat (usec): min=95, max=814, avg=111.69, stdev=22.53
    clat (nsec): min=1716, max=53951k, avg=14243387.17, stdev=2280803.09
     lat (usec): min=103, max=54766, avg=14355.19, stdev=2301.41
    clat percentiles (usec):
     |  1.00th=[13173],  5.00th=[13173], 10.00th=[13173], 20.00th=[13304],
     | 30.00th=[13304], 40.00th=[13304], 50.00th=[13304], 60.00th=[13304],
     | 70.00th=[13435], 80.00th=[13566], 90.00th=[18744], 95.00th=[19268],
     | 99.00th=[19530], 99.50th=[19530], 99.90th=[30802], 99.95th=[39060],
     | 99.99th=[50594]
   bw (  MiB/s): min= 3127, max= 4776, per=99.94%, avg=4434.67, stdev=643.00, samples=13
   iops        : min= 6255, max= 9552, avg=8869.31, stdev=1286.05, samples=13
  lat (usec)   : 2=0.01%, 250=0.01%, 500=0.01%, 750=0.01%, 1000=0.01%
  lat (msec)   : 2=0.02%, 4=0.03%, 10=0.09%, 20=99.65%, 50=0.19%
  lat (msec)   : 100=0.01%
  cpu          : usr=1.14%, sys=98.83%, ctx=12, majf=0, minf=16469
  IO depths    : 1=0.1%, 2=0.1%, 4=0.1%, 8=0.1%, 16=0.1%, 32=0.1%, >=64=99.9%
     submit    : 0=0.0%, 4=100.0%, 8=0.0%, 16=0.0%, 32=0.0%, 64=0.0%, >=64=0.0%
     complete  : 0=0.0%, 4=100.0%, 8=0.0%, 16=0.0%, 32=0.0%, 64=0.0%, >=64=0.1%
     issued rwts: total=61440,0,0,0 short=0,0,0,0 dropped=0,0,0,0
     latency   : target=0, window=0, percentile=100.00%, depth=128

Run status group 0 (all jobs):
   READ: bw=4437MiB/s (4653MB/s), 4437MiB/s-4437MiB/s (4653MB/s-4653MB/s), io=30.0GiB (32.2GB), run=6923-6923msec
