jobs1: (g=0): rw=read, bs=(R) 4096B-4096B, (W) 4096B-4096B, (T) 4096B-4096B, ioengine=libaio, iodepth=128
fio-3.28
Starting 1 process
jobs1: Laying out IO files (1024 files / total 30720MiB)
fio: pid=1161946, err=24/file:filesetup.c:805, func=open(/home/sevag/tmpfs//f1018), error=Too many open files

jobs1: (groupid=0, jobs=1): err=24 (file:filesetup.c:805, func=open(/home/sevag/tmpfs//f1018), error=Too many open files): pid=1161946: Wed Jul 26 09:02:42 2023
  read: IOPS=72.8k, BW=284MiB/s (298MB/s)(4076KiB/14msec)
    slat (nsec): min=3304, max=27520, avg=5056.50, stdev=2205.17
    clat (usec): min=61, max=2001, avg=1491.52, stdev=314.77
     lat (usec): min=65, max=2023, avg=1496.74, stdev=315.65
    clat percentiles (usec):
     |  1.00th=[  293],  5.00th=[  717], 10.00th=[ 1254], 20.00th=[ 1352],
     | 30.00th=[ 1369], 40.00th=[ 1532], 50.00th=[ 1614], 60.00th=[ 1631],
     | 70.00th=[ 1631], 80.00th=[ 1647], 90.00th=[ 1745], 95.00th=[ 1893],
     | 99.00th=[ 1991], 99.50th=[ 1991], 99.90th=[ 2008], 99.95th=[ 2008],
     | 99.99th=[ 2008]
  lat (usec)   : 100=0.10%, 250=0.49%, 500=2.36%, 750=2.36%, 1000=2.26%
  lat (msec)   : 2=92.25%, 4=0.20%
  cpu          : usr=38.46%, sys=38.46%, ctx=0, majf=0, minf=151
  IO depths    : 1=0.1%, 2=0.2%, 4=0.4%, 8=0.8%, 16=1.6%, 32=3.1%, >=64=93.8%
     submit    : 0=0.0%, 4=100.0%, 8=0.0%, 16=0.0%, 32=0.0%, 64=0.0%, >=64=0.0%
     complete  : 0=0.0%, 4=99.9%, 8=0.0%, 16=0.0%, 32=0.0%, 64=0.0%, >=64=0.1%
     issued rwts: total=1019,0,0,0 short=0,0,0,0 dropped=0,0,0,0
     latency   : target=0, window=0, percentile=100.00%, depth=128

Run status group 0 (all jobs):
   READ: bw=284MiB/s (298MB/s), 284MiB/s-284MiB/s (298MB/s-298MB/s), io=4076KiB (4174kB), run=14-14msec
