jobs1: (g=0): rw=read, bs=(R) 128KiB-128KiB, (W) 128KiB-128KiB, (T) 128KiB-128KiB, ioengine=libaio, iodepth=128
...
fio-3.28
Starting 16 processes
jobs1: Laying out IO files (64 files / total 30720MiB)

jobs1: (groupid=0, jobs=16): err= 0: pid=502466: Tue Jul 25 23:17:34 2023
  read: IOPS=20.4k, BW=2548MiB/s (2672MB/s)(30.0GiB/12055msec)
    slat (usec): min=14, max=954, avg=48.11, stdev=30.96
    clat (usec): min=2, max=129853, avg=6186.85, stdev=2061.29
     lat (usec): min=34, max=130810, avg=6235.02, stdev=2075.39
    clat percentiles (msec):
     |  1.00th=[    6],  5.00th=[    6], 10.00th=[    6], 20.00th=[    6],
     | 30.00th=[    6], 40.00th=[    6], 50.00th=[    6], 60.00th=[    6],
     | 70.00th=[    6], 80.00th=[    6], 90.00th=[   10], 95.00th=[   10],
     | 99.00th=[   10], 99.50th=[   10], 99.90th=[   10], 99.95th=[   12],
     | 99.99th=[  114]
   bw (  MiB/s): min= 1286, max= 2868, per=100.00%, avg=2551.09, stdev=544.05, samples=24
   iops        : min=10288, max=22944, avg=20408.62, stdev=4352.44, samples=24
  lat (usec)   : 4=0.01%, 50=0.01%, 100=0.01%, 250=0.01%, 500=0.01%
  lat (usec)   : 750=0.01%, 1000=0.01%
  lat (msec)   : 2=0.02%, 4=0.05%, 10=99.84%, 20=0.03%, 50=0.02%
  lat (msec)   : 100=0.01%, 250=0.02%
  cpu          : usr=1.53%, sys=97.69%, ctx=163, majf=0, minf=4146
  IO depths    : 1=0.1%, 2=0.1%, 4=0.1%, 8=0.1%, 16=0.1%, 32=0.1%, >=64=100.0%
     submit    : 0=0.0%, 4=100.0%, 8=0.0%, 16=0.0%, 32=0.0%, 64=0.0%, >=64=0.0%
     complete  : 0=0.0%, 4=100.0%, 8=0.0%, 16=0.0%, 32=0.0%, 64=0.0%, >=64=0.1%
     issued rwts: total=245760,0,0,0 short=0,0,0,0 dropped=0,0,0,0
     latency   : target=0, window=0, percentile=100.00%, depth=128

Run status group 0 (all jobs):
   READ: bw=2548MiB/s (2672MB/s), 2548MiB/s-2548MiB/s (2672MB/s-2672MB/s), io=30.0GiB (32.2GB), run=12055-12055msec
