jobs1: (g=0): rw=read, bs=(R) 128KiB-128KiB, (W) 128KiB-128KiB, (T) 128KiB-128KiB, ioengine=libaio, iodepth=128
...
fio-3.28
Starting 32 processes
jobs1: Laying out IO files (1024 files / total 30720MiB)
fio: pid=1186882, err=24/file:filesetup.c:805, func=open(/tmp/ssfs/home/sevag/fuse_ext4/f1012), error=Too many open files

jobs1: (groupid=0, jobs=32): err=24 (file:filesetup.c:805, func=open(/tmp/ssfs/home/sevag/fuse_ext4/f1012), error=Too many open files): pid=1186882: Wed Jul 26 10:19:00 2023
  read: IOPS=1037, BW=130MiB/s (136MB/s)(127MiB/976msec)
    slat (usec): min=201, max=965, avg=572.77, stdev=60.34
    clat (usec): min=94, max=183181, avg=112021.83, stdev=26590.95
     lat (usec): min=296, max=184148, avg=112596.01, stdev=26607.58
    clat percentiles (msec):
     |  1.00th=[   15],  5.00th=[   57], 10.00th=[   96], 20.00th=[  106],
     | 30.00th=[  110], 40.00th=[  111], 50.00th=[  112], 60.00th=[  113],
     | 70.00th=[  117], 80.00th=[  124], 90.00th=[  134], 95.00th=[  174],
     | 99.00th=[  182], 99.50th=[  182], 99.90th=[  184], 99.95th=[  184],
     | 99.99th=[  184]
   bw (  KiB/s): min=101146, max=101146, per=76.13%, avg=101146.00, stdev= 0.00, samples=1
   iops        : min=  790, max=  790, avg=790.00, stdev= 0.00, samples=1
  lat (usec)   : 100=0.10%
  lat (msec)   : 10=0.59%, 20=0.89%, 50=2.76%, 100=8.09%, 250=87.56%
  cpu          : usr=1.94%, sys=29.27%, ctx=2187, majf=0, minf=4176
  IO depths    : 1=0.1%, 2=0.2%, 4=0.4%, 8=0.8%, 16=1.6%, 32=3.2%, >=64=93.8%
     submit    : 0=0.0%, 4=100.0%, 8=0.0%, 16=0.0%, 32=0.0%, 64=0.0%, >=64=0.0%
     complete  : 0=0.0%, 4=99.9%, 8=0.0%, 16=0.0%, 32=0.0%, 64=0.0%, >=64=0.1%
     issued rwts: total=1013,0,0,0 short=0,0,0,0 dropped=0,0,0,0
     latency   : target=0, window=0, percentile=100.00%, depth=128

Run status group 0 (all jobs):
   READ: bw=130MiB/s (136MB/s), 130MiB/s-130MiB/s (136MB/s-136MB/s), io=127MiB (133MB), run=976-976msec
