jobs1: (g=0): rw=read, bs=(R) 512KiB-512KiB, (W) 512KiB-512KiB, (T) 512KiB-512KiB, ioengine=libaio, iodepth=128
fio-3.28
Starting 1 process
jobs1: Laying out IO files (64 files / total 30720MiB)

jobs1: (groupid=0, jobs=1): err= 0: pid=522035: Wed Jul 26 00:07:22 2023
  read: IOPS=11.6k, BW=5791MiB/s (6072MB/s)(30.0GiB/5305msec)
    slat (usec): min=75, max=670, avg=85.51, stdev=17.18
    clat (nsec): min=1757, max=51344k, avg=10903483.94, stdev=1395690.03
     lat (usec): min=84, max=52016, avg=10989.05, stdev=1411.47
    clat percentiles (usec):
     |  1.00th=[10290],  5.00th=[10290], 10.00th=[10290], 20.00th=[10290],
     | 30.00th=[10290], 40.00th=[10290], 50.00th=[10421], 60.00th=[10421],
     | 70.00th=[10421], 80.00th=[12387], 90.00th=[12387], 95.00th=[12387],
     | 99.00th=[13435], 99.50th=[14746], 99.90th=[28967], 99.95th=[37487],
     | 99.99th=[48497]
   bw (  MiB/s): min= 4436, max= 6145, per=99.46%, avg=5759.70, stdev=625.18, samples=10
   iops        : min= 8872, max=12290, avg=11519.40, stdev=1250.35, samples=10
  lat (usec)   : 2=0.01%, 100=0.01%, 250=0.01%, 500=0.01%, 750=0.01%
  lat (usec)   : 1000=0.01%
  lat (msec)   : 2=0.02%, 4=0.04%, 10=0.12%, 20=99.62%, 50=0.17%
  lat (msec)   : 100=0.01%
  cpu          : usr=0.81%, sys=99.13%, ctx=6, majf=0, minf=16397
  IO depths    : 1=0.1%, 2=0.1%, 4=0.1%, 8=0.1%, 16=0.1%, 32=0.1%, >=64=99.9%
     submit    : 0=0.0%, 4=100.0%, 8=0.0%, 16=0.0%, 32=0.0%, 64=0.0%, >=64=0.0%
     complete  : 0=0.0%, 4=100.0%, 8=0.0%, 16=0.0%, 32=0.0%, 64=0.0%, >=64=0.1%
     issued rwts: total=61440,0,0,0 short=0,0,0,0 dropped=0,0,0,0
     latency   : target=0, window=0, percentile=100.00%, depth=128

Run status group 0 (all jobs):
   READ: bw=5791MiB/s (6072MB/s), 5791MiB/s-5791MiB/s (6072MB/s-6072MB/s), io=30.0GiB (32.2GB), run=5305-5305msec
