jobs1: (g=0): rw=read, bs=(R) 128KiB-128KiB, (W) 128KiB-128KiB, (T) 128KiB-128KiB, ioengine=libaio, iodepth=128
...
fio-3.28
Starting 16 processes
jobs1: Laying out IO files (1024 files / total 30720MiB)
fio: pid=1186177, err=24/file:filesetup.c:805, func=open(/home/sevag/tmpfs//f1018), error=Too many open files

jobs1: (groupid=0, jobs=16): err=24 (file:filesetup.c:805, func=open(/home/sevag/tmpfs//f1018), error=Too many open files): pid=1186177: Wed Jul 26 10:15:03 2023
  read: IOPS=17.9k, BW=2235MiB/s (2343MB/s)(127MiB/57msec)
    slat (usec): min=29, max=230, avg=50.62, stdev=43.33
    clat (usec): min=34, max=21372, avg=5612.11, stdev=3516.02
     lat (usec): min=72, max=21587, avg=5662.88, stdev=3555.49
    clat percentiles (usec):
     |  1.00th=[  486],  5.00th=[ 1876], 10.00th=[ 3654], 20.00th=[ 4424],
     | 30.00th=[ 4424], 40.00th=[ 4424], 50.00th=[ 4490], 60.00th=[ 4883],
     | 70.00th=[ 5145], 80.00th=[ 5800], 90.00th=[ 8848], 95.00th=[14877],
     | 99.00th=[20055], 99.50th=[20841], 99.90th=[21365], 99.95th=[21365],
     | 99.99th=[21365]
  lat (usec)   : 50=0.10%, 250=0.29%, 500=0.69%, 750=0.69%, 1000=0.69%
  lat (msec)   : 2=2.85%, 4=5.59%, 10=80.37%, 20=7.65%, 50=1.08%
  cpu          : usr=0.00%, sys=98.21%, ctx=1, majf=0, minf=4169
  IO depths    : 1=0.1%, 2=0.2%, 4=0.4%, 8=0.8%, 16=1.6%, 32=3.1%, >=64=93.8%
     submit    : 0=0.0%, 4=100.0%, 8=0.0%, 16=0.0%, 32=0.0%, 64=0.0%, >=64=0.0%
     complete  : 0=0.0%, 4=99.9%, 8=0.0%, 16=0.0%, 32=0.0%, 64=0.0%, >=64=0.1%
     issued rwts: total=1019,0,0,0 short=0,0,0,0 dropped=0,0,0,0
     latency   : target=0, window=0, percentile=100.00%, depth=128

Run status group 0 (all jobs):
   READ: bw=2235MiB/s (2343MB/s), 2235MiB/s-2235MiB/s (2343MB/s-2343MB/s), io=127MiB (134MB), run=57-57msec
