jobs1: (g=0): rw=read, bs=(R) 128KiB-128KiB, (W) 128KiB-128KiB, (T) 128KiB-128KiB, ioengine=libaio, iodepth=128
fio-3.28
Starting 1 process
jobs1: Laying out IO files (128 files / total 30720MiB)

jobs1: (groupid=0, jobs=1): err= 0: pid=837270: Wed Jul 26 03:10:12 2023
  read: IOPS=19.4k, BW=2421MiB/s (2539MB/s)(30.0GiB/12688msec)
    slat (usec): min=12, max=1029, avg=50.70, stdev=33.61
    clat (usec): min=2, max=152132, avg=6519.62, stdev=3310.14
     lat (usec): min=25, max=153099, avg=6570.39, stdev=3324.21
    clat percentiles (msec):
     |  1.00th=[    3],  5.00th=[    3], 10.00th=[    4], 20.00th=[    5],
     | 30.00th=[    5], 40.00th=[    6], 50.00th=[    7], 60.00th=[    7],
     | 70.00th=[    8], 80.00th=[    9], 90.00th=[   10], 95.00th=[   12],
     | 99.00th=[   14], 99.50th=[   15], 99.90th=[   17], 99.95th=[   25],
     | 99.99th=[  136]
   bw (  MiB/s): min= 1102, max= 2747, per=99.72%, avg=2414.40, stdev=537.22, samples=25
   iops        : min= 8822, max=21978, avg=19315.20, stdev=4297.80, samples=25
  lat (usec)   : 4=0.01%, 50=0.01%, 100=0.01%, 250=0.01%, 500=0.01%
  lat (usec)   : 750=0.01%, 1000=0.01%
  lat (msec)   : 2=0.02%, 4=17.77%, 10=73.97%, 20=8.16%, 50=0.02%
  lat (msec)   : 100=0.02%, 250=0.02%
  cpu          : usr=1.20%, sys=97.98%, ctx=277, majf=0, minf=4111
  IO depths    : 1=0.1%, 2=0.1%, 4=0.1%, 8=0.1%, 16=0.1%, 32=0.1%, >=64=100.0%
     submit    : 0=0.0%, 4=100.0%, 8=0.0%, 16=0.0%, 32=0.0%, 64=0.0%, >=64=0.0%
     complete  : 0=0.0%, 4=100.0%, 8=0.0%, 16=0.0%, 32=0.0%, 64=0.0%, >=64=0.1%
     issued rwts: total=245760,0,0,0 short=0,0,0,0 dropped=0,0,0,0
     latency   : target=0, window=0, percentile=100.00%, depth=128

Run status group 0 (all jobs):
   READ: bw=2421MiB/s (2539MB/s), 2421MiB/s-2421MiB/s (2539MB/s-2539MB/s), io=30.0GiB (32.2GB), run=12688-12688msec
