jobs1: (g=0): rw=read, bs=(R) 128KiB-128KiB, (W) 128KiB-128KiB, (T) 128KiB-128KiB, ioengine=libaio, iodepth=128
...
fio-3.28
Starting 32 processes
jobs1: Laying out IO files (64 files / total 30720MiB)

jobs1: (groupid=0, jobs=32): err= 0: pid=503441: Tue Jul 25 23:21:07 2023
  read: IOPS=22.9k, BW=2858MiB/s (2996MB/s)(30.0GiB/10750msec)
    slat (usec): min=12, max=752, avg=43.11, stdev=25.92
    clat (nsec): min=1824, max=45859k, avg=5540253.24, stdev=1287913.96
     lat (usec): min=27, max=46612, avg=5583.42, stdev=1298.99
    clat percentiles (usec):
     |  1.00th=[ 4948],  5.00th=[ 4948], 10.00th=[ 5014], 20.00th=[ 5014],
     | 30.00th=[ 5080], 40.00th=[ 5080], 50.00th=[ 5080], 60.00th=[ 5080],
     | 70.00th=[ 5145], 80.00th=[ 5211], 90.00th=[ 8586], 95.00th=[ 8717],
     | 99.00th=[ 8717], 99.50th=[ 8848], 99.90th=[ 9110], 99.95th=[11076],
     | 99.99th=[35390]
   bw (  MiB/s): min= 1692, max= 3176, per=100.00%, avg=2864.01, stdev=532.17, samples=21
   iops        : min=13541, max=25408, avg=22912.05, stdev=4257.37, samples=21
  lat (usec)   : 2=0.01%, 50=0.01%, 100=0.01%, 250=0.01%, 500=0.01%
  lat (usec)   : 750=0.01%, 1000=0.01%
  lat (msec)   : 2=0.02%, 4=0.05%, 10=99.85%, 20=0.02%, 50=0.03%
  cpu          : usr=1.33%, sys=98.53%, ctx=146, majf=0, minf=4165
  IO depths    : 1=0.1%, 2=0.1%, 4=0.1%, 8=0.1%, 16=0.1%, 32=0.1%, >=64=100.0%
     submit    : 0=0.0%, 4=100.0%, 8=0.0%, 16=0.0%, 32=0.0%, 64=0.0%, >=64=0.0%
     complete  : 0=0.0%, 4=100.0%, 8=0.0%, 16=0.0%, 32=0.0%, 64=0.0%, >=64=0.1%
     issued rwts: total=245760,0,0,0 short=0,0,0,0 dropped=0,0,0,0
     latency   : target=0, window=0, percentile=100.00%, depth=128

Run status group 0 (all jobs):
   READ: bw=2858MiB/s (2996MB/s), 2858MiB/s-2858MiB/s (2996MB/s-2996MB/s), io=30.0GiB (32.2GB), run=10750-10750msec
