jobs1: (g=0): rw=read, bs=(R) 32.0KiB-32.0KiB, (W) 32.0KiB-32.0KiB, (T) 32.0KiB-32.0KiB, ioengine=libaio, iodepth=128
fio-3.28
Starting 1 process
jobs1: Laying out IO file (1 file / 30720MiB)

jobs1: (groupid=0, jobs=1): err= 0: pid=169284: Tue Jul 25 18:52:53 2023
  read: IOPS=197k, BW=6153MiB/s (6451MB/s)(30.0GiB/4993msec)
    slat (nsec): min=3500, max=67031, avg=4582.17, stdev=875.54
    clat (nsec): min=1471, max=5323.2k, avg=644846.24, stdev=106504.11
     lat (usec): min=6, max=5391, avg=649.47, stdev=107.28
    clat percentiles (usec):
     |  1.00th=[  586],  5.00th=[  586], 10.00th=[  586], 20.00th=[  586],
     | 30.00th=[  586], 40.00th=[  586], 50.00th=[  586], 60.00th=[  586],
     | 70.00th=[  594], 80.00th=[  807], 90.00th=[  807], 95.00th=[  816],
     | 99.00th=[  816], 99.50th=[  816], 99.90th=[ 1254], 99.95th=[ 1614],
     | 99.99th=[ 2573]
   bw (  MiB/s): min= 4780, max= 6761, per=98.98%, avg=6089.65, stdev=924.05, samples=9
   iops        : min=152986, max=216360, avg=194869.33, stdev=29569.46, samples=9
  lat (usec)   : 2=0.01%, 10=0.01%, 20=0.01%, 50=0.01%, 100=0.01%
  lat (usec)   : 250=0.01%, 500=0.01%, 750=74.84%, 1000=24.99%
  lat (msec)   : 2=0.15%, 4=0.01%, 10=0.01%
  cpu          : usr=9.52%, sys=90.46%, ctx=3, majf=0, minf=1035
  IO depths    : 1=0.1%, 2=0.1%, 4=0.1%, 8=0.1%, 16=0.1%, 32=0.1%, >=64=100.0%
     submit    : 0=0.0%, 4=100.0%, 8=0.0%, 16=0.0%, 32=0.0%, 64=0.0%, >=64=0.0%
     complete  : 0=0.0%, 4=100.0%, 8=0.0%, 16=0.0%, 32=0.0%, 64=0.0%, >=64=0.1%
     issued rwts: total=983040,0,0,0 short=0,0,0,0 dropped=0,0,0,0
     latency   : target=0, window=0, percentile=100.00%, depth=128

Run status group 0 (all jobs):
   READ: bw=6153MiB/s (6451MB/s), 6153MiB/s-6153MiB/s (6451MB/s-6451MB/s), io=30.0GiB (32.2GB), run=4993-4993msec
