jobs1: (g=0): rw=read, bs=(R) 4096B-4096B, (W) 4096B-4096B, (T) 4096B-4096B, ioengine=libaio, iodepth=128
...
fio-3.28
Starting 16 processes
jobs1: Laying out IO files (1024 files / total 30720MiB)
fio: pid=1162151, err=24/file:filesetup.c:805, func=open(/home/sevag/tmpfs//f1018), error=Too many open files

jobs1: (groupid=0, jobs=16): err=24 (file:filesetup.c:805, func=open(/home/sevag/tmpfs//f1018), error=Too many open files): pid=1162151: Wed Jul 26 09:03:10 2023
  read: IOPS=72.8k, BW=284MiB/s (298MB/s)(4076KiB/14msec)
    slat (nsec): min=3993, max=27580, avg=5299.89, stdev=2210.57
    clat (usec): min=76, max=2041, avg=1595.76, stdev=272.41
     lat (usec): min=82, max=2064, avg=1601.23, stdev=272.87
    clat percentiles (usec):
     |  1.00th=[  375],  5.00th=[  898], 10.00th=[ 1565], 20.00th=[ 1631],
     | 30.00th=[ 1631], 40.00th=[ 1647], 50.00th=[ 1647], 60.00th=[ 1647],
     | 70.00th=[ 1663], 80.00th=[ 1663], 90.00th=[ 1762], 95.00th=[ 1860],
     | 99.00th=[ 2008], 99.50th=[ 2024], 99.90th=[ 2040], 99.95th=[ 2040],
     | 99.99th=[ 2040]
  lat (usec)   : 100=0.10%, 500=1.86%, 750=1.86%, 1000=1.96%
  lat (msec)   : 2=92.93%, 4=1.28%
  cpu          : usr=35.71%, sys=71.43%, ctx=2, majf=0, minf=187
  IO depths    : 1=0.1%, 2=0.2%, 4=0.4%, 8=0.8%, 16=1.6%, 32=3.1%, >=64=93.8%
     submit    : 0=0.0%, 4=100.0%, 8=0.0%, 16=0.0%, 32=0.0%, 64=0.0%, >=64=0.0%
     complete  : 0=0.0%, 4=99.9%, 8=0.0%, 16=0.0%, 32=0.0%, 64=0.0%, >=64=0.1%
     issued rwts: total=1019,0,0,0 short=0,0,0,0 dropped=0,0,0,0
     latency   : target=0, window=0, percentile=100.00%, depth=128

Run status group 0 (all jobs):
   READ: bw=284MiB/s (298MB/s), 284MiB/s-284MiB/s (298MB/s-298MB/s), io=4076KiB (4174kB), run=14-14msec
