jobs1: (g=0): rw=read, bs=(R) 128KiB-128KiB, (W) 128KiB-128KiB, (T) 128KiB-128KiB, ioengine=libaio, iodepth=128
fio-3.28
Starting 1 process
jobs1: Laying out IO files (128 files / total 30720MiB)

jobs1: (groupid=0, jobs=1): err= 0: pid=839969: Wed Jul 26 03:13:06 2023
  read: IOPS=41.2k, BW=5144MiB/s (5394MB/s)(30.0GiB/5972msec)
    slat (usec): min=19, max=234, avg=23.70, stdev= 4.82
    clat (nsec): min=1708, max=21079k, avg=3080164.02, stdev=525881.25
     lat (usec): min=25, max=21286, avg=3103.94, stdev=530.41
    clat percentiles (usec):
     |  1.00th=[ 2835],  5.00th=[ 2835], 10.00th=[ 2835], 20.00th=[ 2835],
     | 30.00th=[ 2835], 40.00th=[ 2835], 50.00th=[ 2835], 60.00th=[ 2868],
     | 70.00th=[ 2868], 80.00th=[ 2999], 90.00th=[ 4015], 95.00th=[ 4015],
     | 99.00th=[ 4015], 99.50th=[ 4047], 99.90th=[ 4686], 99.95th=[ 6521],
     | 99.99th=[17957]
   bw (  MiB/s): min= 3768, max= 5579, per=99.28%, avg=5107.16, stdev=778.31, samples=11
   iops        : min=30148, max=44634, avg=40857.27, stdev=6226.47, samples=11
  lat (usec)   : 2=0.01%, 50=0.01%, 100=0.01%, 250=0.01%, 500=0.01%
  lat (usec)   : 750=0.01%, 1000=0.01%
  lat (msec)   : 2=0.02%, 4=84.86%, 10=15.07%, 20=0.03%, 50=0.01%
  cpu          : usr=2.33%, sys=97.64%, ctx=11, majf=0, minf=4110
  IO depths    : 1=0.1%, 2=0.1%, 4=0.1%, 8=0.1%, 16=0.1%, 32=0.1%, >=64=100.0%
     submit    : 0=0.0%, 4=100.0%, 8=0.0%, 16=0.0%, 32=0.0%, 64=0.0%, >=64=0.0%
     complete  : 0=0.0%, 4=100.0%, 8=0.0%, 16=0.0%, 32=0.0%, 64=0.0%, >=64=0.1%
     issued rwts: total=245760,0,0,0 short=0,0,0,0 dropped=0,0,0,0
     latency   : target=0, window=0, percentile=100.00%, depth=128

Run status group 0 (all jobs):
   READ: bw=5144MiB/s (5394MB/s), 5144MiB/s-5144MiB/s (5394MB/s-5394MB/s), io=30.0GiB (32.2GB), run=5972-5972msec
