jobs1: (g=0): rw=read, bs=(R) 4096B-4096B, (W) 4096B-4096B, (T) 4096B-4096B, ioengine=libaio, iodepth=128
...
fio-3.28
Starting 32 processes
jobs1: Laying out IO file (1 file / 30720MiB)

jobs1: (groupid=0, jobs=32): err= 0: pid=154900: Tue Jul 25 17:57:49 2023
  read: IOPS=512k, BW=1998MiB/s (2095MB/s)(30.0GiB/15374msec)
    slat (nsec): min=697, max=201706, avg=1511.15, stdev=5354.36
    clat (nsec): min=1440, max=1432.7k, avg=248476.85, stdev=14804.91
     lat (usec): min=2, max=1546, avg=250.02, stdev=13.89
    clat percentiles (usec):
     |  1.00th=[  206],  5.00th=[  243], 10.00th=[  243], 20.00th=[  245],
     | 30.00th=[  245], 40.00th=[  245], 50.00th=[  247], 60.00th=[  249],
     | 70.00th=[  249], 80.00th=[  251], 90.00th=[  260], 95.00th=[  265],
     | 99.00th=[  281], 99.50th=[  289], 99.90th=[  330], 99.95th=[  529],
     | 99.99th=[  824]
   bw (  MiB/s): min= 1824, max= 2028, per=100.00%, avg=1998.70, stdev=41.43, samples=30
   iops        : min=467112, max=519286, avg=511667.47, stdev=10605.28, samples=30
  lat (usec)   : 2=0.01%, 4=0.01%, 10=0.01%, 20=0.01%, 50=0.01%
  lat (usec)   : 100=0.01%, 250=72.58%, 500=27.37%, 750=0.03%, 1000=0.02%
  lat (msec)   : 2=0.01%
  cpu          : usr=20.16%, sys=79.82%, ctx=143, majf=0, minf=194
  IO depths    : 1=0.1%, 2=0.1%, 4=0.1%, 8=0.1%, 16=0.1%, 32=0.1%, >=64=100.0%
     submit    : 0=0.0%, 4=100.0%, 8=0.0%, 16=0.0%, 32=0.0%, 64=0.0%, >=64=0.0%
     complete  : 0=0.0%, 4=100.0%, 8=0.0%, 16=0.0%, 32=0.0%, 64=0.0%, >=64=0.1%
     issued rwts: total=7864320,0,0,0 short=0,0,0,0 dropped=0,0,0,0
     latency   : target=0, window=0, percentile=100.00%, depth=128

Run status group 0 (all jobs):
   READ: bw=1998MiB/s (2095MB/s), 1998MiB/s-1998MiB/s (2095MB/s-2095MB/s), io=30.0GiB (32.2GB), run=15374-15374msec
