jobs1: (g=0): rw=read, bs=(R) 4096B-4096B, (W) 4096B-4096B, (T) 4096B-4096B, ioengine=libaio, iodepth=128
...
fio-3.28
Starting 32 processes
jobs1: Laying out IO files (512 files / total 30720MiB)

jobs1: (groupid=0, jobs=32): err= 0: pid=1095251: Wed Jul 26 05:17:28 2023
  read: IOPS=563k, BW=2201MiB/s (2307MB/s)(30.0GiB/13960msec)
    slat (nsec): min=886, max=30906, avg=1346.20, stdev=507.46
    clat (nsec): min=1600, max=2028.9k, avg=225628.75, stdev=41621.35
     lat (usec): min=4, max=2042, avg=227.01, stdev=41.88
    clat percentiles (usec):
     |  1.00th=[  210],  5.00th=[  212], 10.00th=[  212], 20.00th=[  212],
     | 30.00th=[  215], 40.00th=[  215], 50.00th=[  215], 60.00th=[  217],
     | 70.00th=[  217], 80.00th=[  219], 90.00th=[  223], 95.00th=[  379],
     | 99.00th=[  388], 99.50th=[  392], 99.90th=[  400], 99.95th=[  416],
     | 99.99th=[  758]
   bw (  MiB/s): min= 1296, max= 2315, per=100.00%, avg=2206.55, stdev=294.26, samples=27
   iops        : min=331828, max=592834, avg=564876.81, stdev=75330.94, samples=27
  lat (usec)   : 2=0.01%, 10=0.01%, 20=0.01%, 50=0.01%, 100=0.01%
  lat (usec)   : 250=93.55%, 500=6.41%, 750=0.03%, 1000=0.01%
  lat (msec)   : 2=0.01%, 4=0.01%
  cpu          : usr=21.05%, sys=78.94%, ctx=23, majf=1, minf=236
  IO depths    : 1=0.1%, 2=0.1%, 4=0.1%, 8=0.1%, 16=0.1%, 32=0.1%, >=64=100.0%
     submit    : 0=0.0%, 4=100.0%, 8=0.0%, 16=0.0%, 32=0.0%, 64=0.0%, >=64=0.0%
     complete  : 0=0.0%, 4=100.0%, 8=0.0%, 16=0.0%, 32=0.0%, 64=0.0%, >=64=0.1%
     issued rwts: total=7864320,0,0,0 short=0,0,0,0 dropped=0,0,0,0
     latency   : target=0, window=0, percentile=100.00%, depth=128

Run status group 0 (all jobs):
   READ: bw=2201MiB/s (2307MB/s), 2201MiB/s-2201MiB/s (2307MB/s-2307MB/s), io=30.0GiB (32.2GB), run=13960-13960msec
