jobs1: (g=0): rw=read, bs=(R) 32.0KiB-32.0KiB, (W) 32.0KiB-32.0KiB, (T) 32.0KiB-32.0KiB, ioengine=libaio, iodepth=128
...
fio-3.28
Starting 32 processes
jobs1: Laying out IO file (1 file / 30720MiB)

jobs1: (groupid=0, jobs=32): err= 0: pid=170069: Tue Jul 25 18:55:42 2023
  read: IOPS=99.4k, BW=3106MiB/s (3257MB/s)(30.0GiB/9889msec)
    slat (usec): min=3, max=1558, avg= 9.56, stdev=15.48
    clat (nsec): min=1239, max=7481.1k, avg=1277196.52, stdev=278536.74
     lat (usec): min=5, max=7724, avg=1286.80, stdev=280.27
    clat percentiles (usec):
     |  1.00th=[ 1139],  5.00th=[ 1139], 10.00th=[ 1172], 20.00th=[ 1188],
     | 30.00th=[ 1188], 40.00th=[ 1188], 50.00th=[ 1188], 60.00th=[ 1188],
     | 70.00th=[ 1188], 80.00th=[ 1254], 90.00th=[ 1319], 95.00th=[ 2180],
     | 99.00th=[ 2180], 99.50th=[ 2180], 99.90th=[ 2769], 99.95th=[ 2900],
     | 99.99th=[ 4424]
   bw (  MiB/s): min= 1807, max= 3361, per=100.00%, avg=3128.28, stdev=505.54, samples=19
   iops        : min=57833, max=107569, avg=100105.11, stdev=16177.25, samples=19
  lat (usec)   : 2=0.01%, 10=0.01%, 20=0.01%, 50=0.01%, 100=0.01%
  lat (usec)   : 250=0.01%, 500=0.01%, 750=0.01%, 1000=0.01%
  lat (msec)   : 2=91.97%, 4=8.01%, 10=0.01%
  cpu          : usr=4.23%, sys=95.55%, ctx=4991, majf=0, minf=1085
  IO depths    : 1=0.1%, 2=0.1%, 4=0.1%, 8=0.1%, 16=0.1%, 32=0.1%, >=64=100.0%
     submit    : 0=0.0%, 4=100.0%, 8=0.0%, 16=0.0%, 32=0.0%, 64=0.0%, >=64=0.0%
     complete  : 0=0.0%, 4=100.0%, 8=0.0%, 16=0.0%, 32=0.0%, 64=0.0%, >=64=0.1%
     issued rwts: total=983040,0,0,0 short=0,0,0,0 dropped=0,0,0,0
     latency   : target=0, window=0, percentile=100.00%, depth=128

Run status group 0 (all jobs):
   READ: bw=3106MiB/s (3257MB/s), 3106MiB/s-3106MiB/s (3257MB/s-3257MB/s), io=30.0GiB (32.2GB), run=9889-9889msec
