jobs1: (g=0): rw=read, bs=(R) 4096B-4096B, (W) 4096B-4096B, (T) 4096B-4096B, ioengine=libaio, iodepth=128
...
fio-3.28
Starting 16 processes
jobs1: Laying out IO files (128 files / total 30720MiB)

jobs1: (groupid=0, jobs=16): err= 0: pid=782513: Wed Jul 26 01:06:36 2023
  read: IOPS=471k, BW=1841MiB/s (1931MB/s)(30.0GiB/16684msec)
    slat (nsec): min=702, max=322044, avg=1676.52, stdev=5537.96
    clat (nsec): min=1083, max=11372k, avg=269555.83, stdev=575306.50
     lat (nsec): min=1934, max=11544k, avg=271266.73, stdev=578690.20
    clat percentiles (usec):
     |  1.00th=[  169],  5.00th=[  169], 10.00th=[  169], 20.00th=[  172],
     | 30.00th=[  172], 40.00th=[  174], 50.00th=[  174], 60.00th=[  176],
     | 70.00th=[  176], 80.00th=[  178], 90.00th=[  202], 95.00th=[  293],
     | 99.00th=[ 3949], 99.50th=[ 4817], 99.90th=[ 5538], 99.95th=[ 7046],
     | 99.99th=[ 8717]
   bw (  MiB/s): min= 1128, max= 1944, per=100.00%, avg=1847.75, stdev=232.78, samples=32
   iops        : min=288796, max=497772, avg=473023.12, stdev=59591.23, samples=32
  lat (usec)   : 2=0.01%, 4=0.01%, 10=0.01%, 20=0.01%, 50=0.01%
  lat (usec)   : 100=0.01%, 250=90.36%, 500=6.68%, 750=0.15%, 1000=0.14%
  lat (msec)   : 2=0.57%, 4=1.13%, 10=0.97%, 20=0.01%
  cpu          : usr=18.70%, sys=81.26%, ctx=299, majf=0, minf=167
  IO depths    : 1=0.1%, 2=0.1%, 4=0.1%, 8=0.1%, 16=0.1%, 32=0.1%, >=64=100.0%
     submit    : 0=0.0%, 4=100.0%, 8=0.0%, 16=0.0%, 32=0.0%, 64=0.0%, >=64=0.0%
     complete  : 0=0.0%, 4=100.0%, 8=0.0%, 16=0.0%, 32=0.0%, 64=0.0%, >=64=0.1%
     issued rwts: total=7864320,0,0,0 short=0,0,0,0 dropped=0,0,0,0
     latency   : target=0, window=0, percentile=100.00%, depth=128

Run status group 0 (all jobs):
   READ: bw=1841MiB/s (1931MB/s), 1841MiB/s-1841MiB/s (1931MB/s-1931MB/s), io=30.0GiB (32.2GB), run=16684-16684msec
