jobs1: (g=0): rw=read, bs=(R) 128KiB-128KiB, (W) 128KiB-128KiB, (T) 128KiB-128KiB, ioengine=libaio, iodepth=128
...
fio-3.28
Starting 16 processes
jobs1: Laying out IO file (1 file / 30720MiB)

jobs1: (groupid=0, jobs=16): err= 0: pid=182736: Tue Jul 25 19:42:02 2023
  read: IOPS=56.9k, BW=7118MiB/s (7463MB/s)(30.0GiB/4316msec)
    slat (usec): min=13, max=188, avg=17.02, stdev= 3.89
    clat (nsec): min=1576, max=17888k, avg=2225570.17, stdev=401380.19
     lat (usec): min=17, max=18078, avg=2242.63, stdev=405.00
    clat percentiles (usec):
     |  1.00th=[ 2008],  5.00th=[ 2008], 10.00th=[ 2008], 20.00th=[ 2008],
     | 30.00th=[ 2024], 40.00th=[ 2024], 50.00th=[ 2024], 60.00th=[ 2024],
     | 70.00th=[ 2040], 80.00th=[ 2769], 90.00th=[ 2802], 95.00th=[ 2802],
     | 99.00th=[ 2802], 99.50th=[ 2835], 99.90th=[ 3425], 99.95th=[ 4752],
     | 99.99th=[14877]
   bw (  MiB/s): min= 5504, max= 7870, per=100.00%, avg=7137.89, stdev=1050.75, samples=8
   iops        : min=44036, max=62960, avg=57103.25, stdev=8405.69, samples=8
  lat (usec)   : 2=0.01%, 20=0.01%, 50=0.01%, 100=0.01%, 250=0.01%
  lat (usec)   : 500=0.01%, 750=0.01%, 1000=0.01%
  lat (msec)   : 2=0.29%, 4=99.62%, 10=0.04%, 20=0.03%
  cpu          : usr=2.48%, sys=97.45%, ctx=6, majf=0, minf=4146
  IO depths    : 1=0.1%, 2=0.1%, 4=0.1%, 8=0.1%, 16=0.1%, 32=0.1%, >=64=100.0%
     submit    : 0=0.0%, 4=100.0%, 8=0.0%, 16=0.0%, 32=0.0%, 64=0.0%, >=64=0.0%
     complete  : 0=0.0%, 4=100.0%, 8=0.0%, 16=0.0%, 32=0.0%, 64=0.0%, >=64=0.1%
     issued rwts: total=245760,0,0,0 short=0,0,0,0 dropped=0,0,0,0
     latency   : target=0, window=0, percentile=100.00%, depth=128

Run status group 0 (all jobs):
   READ: bw=7118MiB/s (7463MB/s), 7118MiB/s-7118MiB/s (7463MB/s-7463MB/s), io=30.0GiB (32.2GB), run=4316-4316msec
