jobs1: (g=0): rw=read, bs=(R) 128KiB-128KiB, (W) 128KiB-128KiB, (T) 128KiB-128KiB, ioengine=libaio, iodepth=128
...
fio-3.28
Starting 16 processes
jobs1: Laying out IO files (128 files / total 30720MiB)

jobs1: (groupid=0, jobs=16): err= 0: pid=835213: Wed Jul 26 03:09:05 2023
  read: IOPS=21.8k, BW=2722MiB/s (2854MB/s)(30.0GiB/11286msec)
    slat (usec): min=13, max=710, avg=45.19, stdev=27.83
    clat (nsec): min=1617, max=89169k, avg=5808155.21, stdev=2405791.66
     lat (usec): min=14, max=89881, avg=5853.41, stdev=2415.41
    clat percentiles (usec):
     |  1.00th=[ 2573],  5.00th=[ 2868], 10.00th=[ 3195], 20.00th=[ 3851],
     | 30.00th=[ 4490], 40.00th=[ 5080], 50.00th=[ 5604], 60.00th=[ 6194],
     | 70.00th=[ 6783], 80.00th=[ 7373], 90.00th=[ 7963], 95.00th=[ 9896],
     | 99.00th=[11994], 99.50th=[12387], 99.90th=[15008], 99.95th=[21890],
     | 99.99th=[74974]
   bw (  MiB/s): min= 1525, max= 3016, per=100.00%, avg=2734.26, stdev=493.00, samples=22
   iops        : min=12201, max=24130, avg=21874.00, stdev=3944.02, samples=22
  lat (usec)   : 2=0.01%, 20=0.01%, 50=0.01%, 100=0.01%, 250=0.01%
  lat (usec)   : 500=0.01%, 750=0.01%, 1000=0.01%
  lat (msec)   : 2=0.02%, 4=22.34%, 10=72.75%, 20=4.81%, 50=0.02%
  lat (msec)   : 100=0.03%
  cpu          : usr=1.42%, sys=98.18%, ctx=274, majf=0, minf=4147
  IO depths    : 1=0.1%, 2=0.1%, 4=0.1%, 8=0.1%, 16=0.1%, 32=0.1%, >=64=100.0%
     submit    : 0=0.0%, 4=100.0%, 8=0.0%, 16=0.0%, 32=0.0%, 64=0.0%, >=64=0.0%
     complete  : 0=0.0%, 4=100.0%, 8=0.0%, 16=0.0%, 32=0.0%, 64=0.0%, >=64=0.1%
     issued rwts: total=245760,0,0,0 short=0,0,0,0 dropped=0,0,0,0
     latency   : target=0, window=0, percentile=100.00%, depth=128

Run status group 0 (all jobs):
   READ: bw=2722MiB/s (2854MB/s), 2722MiB/s-2722MiB/s (2854MB/s-2854MB/s), io=30.0GiB (32.2GB), run=11286-11286msec
