jobs1: (g=0): rw=read, bs=(R) 4096B-4096B, (W) 4096B-4096B, (T) 4096B-4096B, ioengine=libaio, iodepth=128
...
fio-3.28
Starting 32 processes
jobs1: Laying out IO files (64 files / total 30720MiB)

jobs1: (groupid=0, jobs=32): err= 0: pid=460313: Tue Jul 25 21:27:05 2023
  read: IOPS=442k, BW=1725MiB/s (1809MB/s)(30.0GiB/17806msec)
    slat (nsec): min=685, max=348076, avg=1815.50, stdev=6760.85
    clat (nsec): min=1129, max=38658k, avg=287339.07, stdev=461913.63
     lat (usec): min=2, max=38919, avg=289.19, stdev=464.01
    clat percentiles (usec):
     |  1.00th=[  165],  5.00th=[  167], 10.00th=[  167], 20.00th=[  167],
     | 30.00th=[  169], 40.00th=[  169], 50.00th=[  169], 60.00th=[  169],
     | 70.00th=[  172], 80.00th=[  176], 90.00th=[  297], 95.00th=[  840],
     | 99.00th=[ 2802], 99.50th=[ 2802], 99.90th=[ 4359], 99.95th=[ 4424],
     | 99.99th=[ 4490]
   bw (  MiB/s): min=  981, max= 1842, per=100.00%, avg=1727.07, stdev=262.26, samples=35
   iops        : min=251333, max=471566, avg=442131.14, stdev=67137.98, samples=35
  lat (usec)   : 2=0.01%, 4=0.01%, 10=0.01%, 20=0.01%, 50=0.01%
  lat (usec)   : 100=0.01%, 250=84.22%, 500=8.27%, 750=0.78%, 1000=2.84%
  lat (msec)   : 2=1.21%, 4=2.52%, 10=0.15%, 50=0.01%
  cpu          : usr=17.52%, sys=82.26%, ctx=204, majf=0, minf=194
  IO depths    : 1=0.1%, 2=0.1%, 4=0.1%, 8=0.1%, 16=0.1%, 32=0.1%, >=64=100.0%
     submit    : 0=0.0%, 4=100.0%, 8=0.0%, 16=0.0%, 32=0.0%, 64=0.0%, >=64=0.0%
     complete  : 0=0.0%, 4=100.0%, 8=0.0%, 16=0.0%, 32=0.0%, 64=0.0%, >=64=0.1%
     issued rwts: total=7864320,0,0,0 short=0,0,0,0 dropped=0,0,0,0
     latency   : target=0, window=0, percentile=100.00%, depth=128

Run status group 0 (all jobs):
   READ: bw=1725MiB/s (1809MB/s), 1725MiB/s-1725MiB/s (1809MB/s-1809MB/s), io=30.0GiB (32.2GB), run=17806-17806msec
