jobs1: (g=0): rw=read, bs=(R) 512KiB-512KiB, (W) 512KiB-512KiB, (T) 512KiB-512KiB, ioengine=libaio, iodepth=128
...
fio-3.28
Starting 16 processes
jobs1: Laying out IO file (1 file / 30720MiB)

jobs1: (groupid=0, jobs=16): err= 0: pid=194854: Tue Jul 25 20:22:53 2023
  read: IOPS=3071, BW=1536MiB/s (1610MB/s)(30.0GiB/20006msec)
    slat (usec): min=277, max=1920, avg=323.74, stdev=57.17
    clat (usec): min=2, max=72554, avg=41268.07, stdev=6637.62
     lat (usec): min=302, max=74476, avg=41592.12, stdev=6688.00
    clat percentiles (usec):
     |  1.00th=[37487],  5.00th=[38011], 10.00th=[38011], 20.00th=[38011],
     | 30.00th=[38011], 40.00th=[38011], 50.00th=[38011], 60.00th=[38011],
     | 70.00th=[38536], 80.00th=[40109], 90.00th=[53740], 95.00th=[55313],
     | 99.00th=[58983], 99.50th=[60556], 99.90th=[64750], 99.95th=[65799],
     | 99.99th=[69731]
   bw (  MiB/s): min= 1027, max= 1673, per=100.00%, avg=1535.69, stdev=226.02, samples=39
   iops        : min= 2054, max= 3346, avg=3071.28, stdev=452.06, samples=39
  lat (usec)   : 4=0.01%, 500=0.01%, 750=0.01%, 1000=0.01%
  lat (msec)   : 2=0.01%, 4=0.01%, 10=0.03%, 20=0.05%, 50=80.54%
  lat (msec)   : 100=19.36%
  cpu          : usr=0.49%, sys=69.14%, ctx=74173, majf=0, minf=16428
  IO depths    : 1=0.1%, 2=0.1%, 4=0.1%, 8=0.1%, 16=0.1%, 32=0.1%, >=64=99.9%
     submit    : 0=0.0%, 4=100.0%, 8=0.0%, 16=0.0%, 32=0.0%, 64=0.0%, >=64=0.0%
     complete  : 0=0.0%, 4=100.0%, 8=0.0%, 16=0.0%, 32=0.0%, 64=0.0%, >=64=0.1%
     issued rwts: total=61440,0,0,0 short=0,0,0,0 dropped=0,0,0,0
     latency   : target=0, window=0, percentile=100.00%, depth=128

Run status group 0 (all jobs):
   READ: bw=1536MiB/s (1610MB/s), 1536MiB/s-1536MiB/s (1610MB/s-1610MB/s), io=30.0GiB (32.2GB), run=20006-20006msec
