jobs1: (g=0): rw=read, bs=(R) 512KiB-512KiB, (W) 512KiB-512KiB, (T) 512KiB-512KiB, ioengine=libaio, iodepth=128
...
fio-3.28
Starting 32 processes
jobs1: Laying out IO files (64 files / total 30720MiB)

jobs1: (groupid=0, jobs=32): err= 0: pid=523982: Wed Jul 26 00:12:24 2023
  read: IOPS=3115, BW=1558MiB/s (1633MB/s)(30.0GiB/19721msec)
    slat (usec): min=280, max=2170, avg=318.43, stdev=71.01
    clat (usec): min=2, max=176416, avg=40534.06, stdev=7997.80
     lat (usec): min=292, max=178589, avg=40852.81, stdev=8063.47
    clat percentiles (msec):
     |  1.00th=[   38],  5.00th=[   38], 10.00th=[   38], 20.00th=[   38],
     | 30.00th=[   38], 40.00th=[   38], 50.00th=[   38], 60.00th=[   38],
     | 70.00th=[   39], 80.00th=[   39], 90.00th=[   58], 95.00th=[   60],
     | 99.00th=[   64], 99.50th=[   65], 99.90th=[   73], 99.95th=[  140],
     | 99.99th=[  169]
   bw (  MiB/s): min=  733, max= 1693, per=100.00%, avg=1557.86, stdev=265.46, samples=39
   iops        : min= 1466, max= 3386, avg=3115.62, stdev=530.98, samples=39
  lat (usec)   : 4=0.01%, 500=0.01%, 750=0.01%, 1000=0.01%
  lat (msec)   : 2=0.01%, 4=0.01%, 10=0.03%, 20=0.06%, 50=86.78%
  lat (msec)   : 100=13.03%, 250=0.08%
  cpu          : usr=0.67%, sys=65.10%, ctx=61579, majf=0, minf=16449
  IO depths    : 1=0.1%, 2=0.1%, 4=0.1%, 8=0.1%, 16=0.1%, 32=0.1%, >=64=99.9%
     submit    : 0=0.0%, 4=100.0%, 8=0.0%, 16=0.0%, 32=0.0%, 64=0.0%, >=64=0.0%
     complete  : 0=0.0%, 4=100.0%, 8=0.0%, 16=0.0%, 32=0.0%, 64=0.0%, >=64=0.1%
     issued rwts: total=61440,0,0,0 short=0,0,0,0 dropped=0,0,0,0
     latency   : target=0, window=0, percentile=100.00%, depth=128

Run status group 0 (all jobs):
   READ: bw=1558MiB/s (1633MB/s), 1558MiB/s-1558MiB/s (1633MB/s-1633MB/s), io=30.0GiB (32.2GB), run=19721-19721msec
