jobs1: (g=0): rw=read, bs=(R) 4096B-4096B, (W) 4096B-4096B, (T) 4096B-4096B, ioengine=libaio, iodepth=128
fio-3.28
Starting 1 process
jobs1: Laying out IO files (64 files / total 30720MiB)

jobs1: (groupid=0, jobs=1): err= 0: pid=458437: Tue Jul 25 21:22:19 2023
  read: IOPS=614k, BW=2397MiB/s (2513MB/s)(30.0GiB/12818msec)
    slat (nsec): min=794, max=27269, avg=1199.10, stdev=490.23
    clat (nsec): min=1387, max=1540.3k, avg=207186.09, stdev=36363.63
     lat (usec): min=2, max=1568, avg=208.42, stdev=36.59
    clat percentiles (usec):
     |  1.00th=[  194],  5.00th=[  194], 10.00th=[  196], 20.00th=[  196],
     | 30.00th=[  196], 40.00th=[  198], 50.00th=[  198], 60.00th=[  198],
     | 70.00th=[  200], 80.00th=[  200], 90.00th=[  202], 95.00th=[  338],
     | 99.00th=[  343], 99.50th=[  347], 99.90th=[  355], 99.95th=[  523],
     | 99.99th=[  709]
   bw (  MiB/s): min= 1448, max= 2521, per=99.92%, avg=2394.64, stdev=333.10, samples=25
   iops        : min=370898, max=645606, avg=613029.20, stdev=85273.13, samples=25
  lat (usec)   : 2=0.01%, 4=0.01%, 10=0.01%, 20=0.01%, 50=0.01%
  lat (usec)   : 100=0.01%, 250=93.35%, 500=6.60%, 750=0.05%, 1000=0.01%
  lat (msec)   : 2=0.01%
  cpu          : usr=22.28%, sys=77.71%, ctx=20, majf=0, minf=140
  IO depths    : 1=0.1%, 2=0.1%, 4=0.1%, 8=0.1%, 16=0.1%, 32=0.1%, >=64=100.0%
     submit    : 0=0.0%, 4=100.0%, 8=0.0%, 16=0.0%, 32=0.0%, 64=0.0%, >=64=0.0%
     complete  : 0=0.0%, 4=100.0%, 8=0.0%, 16=0.0%, 32=0.0%, 64=0.0%, >=64=0.1%
     issued rwts: total=7864320,0,0,0 short=0,0,0,0 dropped=0,0,0,0
     latency   : target=0, window=0, percentile=100.00%, depth=128

Run status group 0 (all jobs):
   READ: bw=2397MiB/s (2513MB/s), 2397MiB/s-2397MiB/s (2513MB/s-2513MB/s), io=30.0GiB (32.2GB), run=12818-12818msec
