jobs1: (g=0): rw=read, bs=(R) 512KiB-512KiB, (W) 512KiB-512KiB, (T) 512KiB-512KiB, ioengine=libaio, iodepth=128
...
fio-3.28
Starting 16 processes
jobs1: Laying out IO files (128 files / total 30720MiB)

jobs1: (groupid=0, jobs=16): err= 0: pid=865860: Wed Jul 26 04:04:31 2023
  read: IOPS=2843, BW=1422MiB/s (1491MB/s)(30.0GiB/21606msec)
    slat (usec): min=279, max=2121, avg=348.05, stdev=100.18
    clat (usec): min=2, max=255310, avg=44398.08, stdev=12223.27
     lat (usec): min=316, max=257434, avg=44746.53, stdev=12316.66
    clat percentiles (msec):
     |  1.00th=[   38],  5.00th=[   38], 10.00th=[   38], 20.00th=[   38],
     | 30.00th=[   38], 40.00th=[   38], 50.00th=[   38], 60.00th=[   38],
     | 70.00th=[   39], 80.00th=[   59], 90.00th=[   63], 95.00th=[   65],
     | 99.00th=[   68], 99.50th=[   69], 99.90th=[  159], 99.95th=[  218],
     | 99.99th=[  247]
   bw (  MiB/s): min=  636, max= 1693, per=99.75%, avg=1418.33, stdev=339.23, samples=42
   iops        : min= 1273, max= 3386, avg=2836.57, stdev=678.47, samples=42
  lat (usec)   : 4=0.01%, 500=0.01%, 750=0.01%, 1000=0.01%
  lat (msec)   : 2=0.01%, 4=0.01%, 10=0.03%, 20=0.05%, 50=71.44%
  lat (msec)   : 100=28.27%, 250=0.17%, 500=0.01%
  cpu          : usr=0.46%, sys=64.92%, ctx=61732, majf=0, minf=16427
  IO depths    : 1=0.1%, 2=0.1%, 4=0.1%, 8=0.1%, 16=0.1%, 32=0.1%, >=64=99.9%
     submit    : 0=0.0%, 4=100.0%, 8=0.0%, 16=0.0%, 32=0.0%, 64=0.0%, >=64=0.0%
     complete  : 0=0.0%, 4=100.0%, 8=0.0%, 16=0.0%, 32=0.0%, 64=0.0%, >=64=0.1%
     issued rwts: total=61440,0,0,0 short=0,0,0,0 dropped=0,0,0,0
     latency   : target=0, window=0, percentile=100.00%, depth=128

Run status group 0 (all jobs):
   READ: bw=1422MiB/s (1491MB/s), 1422MiB/s-1422MiB/s (1491MB/s-1491MB/s), io=30.0GiB (32.2GB), run=21606-21606msec
