jobs1: (g=0): rw=read, bs=(R) 128KiB-128KiB, (W) 128KiB-128KiB, (T) 128KiB-128KiB, ioengine=libaio, iodepth=128
fio-3.28
Starting 1 process
jobs1: Laying out IO files (512 files / total 30720MiB)

jobs1: (groupid=0, jobs=1): err= 0: pid=1137148: Wed Jul 26 07:16:54 2023
  read: IOPS=18.5k, BW=2309MiB/s (2422MB/s)(30.0GiB/13302msec)
    slat (usec): min=15, max=1018, avg=52.56, stdev=41.13
    clat (nsec): min=1566, max=158015k, avg=6834187.17, stdev=6249433.88
     lat (usec): min=24, max=159035, avg=6886.81, stdev=6286.02
    clat percentiles (msec):
     |  1.00th=[    3],  5.00th=[    3], 10.00th=[    3], 20.00th=[    3],
     | 30.00th=[    3], 40.00th=[    5], 50.00th=[    7], 60.00th=[    9],
     | 70.00th=[   10], 80.00th=[   10], 90.00th=[   12], 95.00th=[   15],
     | 99.00th=[   15], 99.50th=[   15], 99.90th=[  122], 99.95th=[  125],
     | 99.99th=[  153]
   bw (  MiB/s): min=   92, max= 2769, per=99.30%, avg=2293.36, stdev=675.16, samples=26
   iops        : min=  738, max=22158, avg=18346.85, stdev=5401.26, samples=26
  lat (usec)   : 2=0.01%, 50=0.01%, 100=0.01%, 250=0.01%, 500=0.01%
  lat (usec)   : 750=0.01%, 1000=0.01%
  lat (msec)   : 2=0.02%, 4=34.30%, 10=54.43%, 20=11.00%, 50=0.02%
  lat (msec)   : 100=0.03%, 250=0.17%
  cpu          : usr=1.47%, sys=95.83%, ctx=1049, majf=0, minf=4114
  IO depths    : 1=0.1%, 2=0.1%, 4=0.1%, 8=0.1%, 16=0.1%, 32=0.1%, >=64=100.0%
     submit    : 0=0.0%, 4=100.0%, 8=0.0%, 16=0.0%, 32=0.0%, 64=0.0%, >=64=0.0%
     complete  : 0=0.0%, 4=100.0%, 8=0.0%, 16=0.0%, 32=0.0%, 64=0.0%, >=64=0.1%
     issued rwts: total=245760,0,0,0 short=0,0,0,0 dropped=0,0,0,0
     latency   : target=0, window=0, percentile=100.00%, depth=128

Run status group 0 (all jobs):
   READ: bw=2309MiB/s (2422MB/s), 2309MiB/s-2309MiB/s (2422MB/s-2422MB/s), io=30.0GiB (32.2GB), run=13302-13302msec
