jobs1: (g=0): rw=read, bs=(R) 512KiB-512KiB, (W) 512KiB-512KiB, (T) 512KiB-512KiB, ioengine=libaio, iodepth=128
...
fio-3.28
Starting 16 processes
jobs1: Laying out IO files (1024 files / total 30720MiB)
fio: pid=1197784, err=24/file:filesetup.c:805, func=open(/tmp/ssfs/home/sevag/fuse_ext4/f1014), error=Too many open files

jobs1: (groupid=0, jobs=16): err=24 (file:filesetup.c:805, func=open(/tmp/ssfs/home/sevag/fuse_ext4/f1014), error=Too many open files): pid=1197784: Wed Jul 26 10:50:14 2023
  read: IOPS=629, BW=315MiB/s (330MB/s)(508MiB/1612msec)
    slat (usec): min=651, max=2084, avg=1168.10, stdev=118.01
    clat (usec): min=107, max=256779, avg=185917.65, stdev=40535.00
     lat (usec): min=760, max=258866, avg=187087.24, stdev=40563.24
    clat percentiles (msec):
     |  1.00th=[   20],  5.00th=[   85], 10.00th=[  167], 20.00th=[  174],
     | 30.00th=[  186], 40.00th=[  190], 50.00th=[  197], 60.00th=[  201],
     | 70.00th=[  203], 80.00th=[  209], 90.00th=[  209], 95.00th=[  241],
     | 99.00th=[  253], 99.50th=[  255], 99.90th=[  257], 99.95th=[  257],
     | 99.99th=[  257]
   bw (  KiB/s): min=227723, max=330752, per=86.62%, avg=279237.50, stdev=72852.50, samples=2
   iops        : min=  444, max=  646, avg=545.00, stdev=142.84, samples=2
  lat (usec)   : 250=0.10%
  lat (msec)   : 10=0.39%, 20=0.59%, 50=1.77%, 100=3.05%, 250=92.02%
  lat (msec)   : 500=2.07%
  cpu          : usr=1.55%, sys=44.01%, ctx=3573, majf=1, minf=16455
  IO depths    : 1=0.1%, 2=0.2%, 4=0.4%, 8=0.8%, 16=1.6%, 32=3.2%, >=64=93.8%
     submit    : 0=0.0%, 4=100.0%, 8=0.0%, 16=0.0%, 32=0.0%, 64=0.0%, >=64=0.0%
     complete  : 0=0.0%, 4=99.9%, 8=0.0%, 16=0.0%, 32=0.0%, 64=0.0%, >=64=0.1%
     issued rwts: total=1015,0,0,0 short=0,0,0,0 dropped=0,0,0,0
     latency   : target=0, window=0, percentile=100.00%, depth=128

Run status group 0 (all jobs):
   READ: bw=315MiB/s (330MB/s), 315MiB/s-315MiB/s (330MB/s-330MB/s), io=508MiB (532MB), run=1612-1612msec
