jobs1: (g=0): rw=read, bs=(R) 512KiB-512KiB, (W) 512KiB-512KiB, (T) 512KiB-512KiB, ioengine=libaio, iodepth=128
...
fio-3.28
Starting 32 processes
jobs1: Laying out IO file (1 file / 30720MiB)

jobs1: (groupid=0, jobs=32): err= 0: pid=196933: Tue Jul 25 20:28:45 2023
  read: IOPS=9082, BW=4541MiB/s (4762MB/s)(30.0GiB/6765msec)
    slat (usec): min=92, max=766, avg=109.23, stdev=24.12
    clat (usec): min=2, max=54544, avg=13916.50, stdev=2502.88
     lat (usec): min=101, max=55312, avg=14025.85, stdev=2525.28
    clat percentiles (usec):
     |  1.00th=[12780],  5.00th=[12780], 10.00th=[12780], 20.00th=[12780],
     | 30.00th=[12780], 40.00th=[12911], 50.00th=[12911], 60.00th=[12911],
     | 70.00th=[12911], 80.00th=[12911], 90.00th=[19006], 95.00th=[19268],
     | 99.00th=[19268], 99.50th=[19268], 99.90th=[31589], 99.95th=[39584],
     | 99.99th=[51119]
   bw (  MiB/s): min= 3106, max= 4949, per=100.00%, avg=4573.67, stdev=702.95, samples=13
   iops        : min= 6213, max= 9899, avg=9147.15, stdev=1406.01, samples=13
  lat (usec)   : 4=0.01%, 250=0.01%, 500=0.01%, 750=0.01%, 1000=0.01%
  lat (msec)   : 2=0.02%, 4=0.03%, 10=0.10%, 20=99.64%, 50=0.19%
  lat (msec)   : 100=0.01%
  cpu          : usr=0.40%, sys=99.57%, ctx=10, majf=0, minf=16472
  IO depths    : 1=0.1%, 2=0.1%, 4=0.1%, 8=0.1%, 16=0.1%, 32=0.1%, >=64=99.9%
     submit    : 0=0.0%, 4=100.0%, 8=0.0%, 16=0.0%, 32=0.0%, 64=0.0%, >=64=0.0%
     complete  : 0=0.0%, 4=100.0%, 8=0.0%, 16=0.0%, 32=0.0%, 64=0.0%, >=64=0.1%
     issued rwts: total=61440,0,0,0 short=0,0,0,0 dropped=0,0,0,0
     latency   : target=0, window=0, percentile=100.00%, depth=128

Run status group 0 (all jobs):
   READ: bw=4541MiB/s (4762MB/s), 4541MiB/s-4541MiB/s (4762MB/s-4762MB/s), io=30.0GiB (32.2GB), run=6765-6765msec
