jobs1: (g=0): rw=read, bs=(R) 4096B-4096B, (W) 4096B-4096B, (T) 4096B-4096B, ioengine=libaio, iodepth=128
fio-3.28
Starting 1 process
jobs1: Laying out IO files (512 files / total 30720MiB)

jobs1: (groupid=0, jobs=1): err= 0: pid=1092685: Wed Jul 26 05:08:48 2023
  read: IOPS=631k, BW=2466MiB/s (2586MB/s)(30.0GiB/12458msec)
    slat (nsec): min=829, max=62779, avg=1159.72, stdev=265.96
    clat (nsec): min=1130, max=1971.5k, avg=201380.94, stdev=38632.83
     lat (usec): min=2, max=1990, avg=202.57, stdev=38.86
    clat percentiles (usec):
     |  1.00th=[  186],  5.00th=[  188], 10.00th=[  188], 20.00th=[  190],
     | 30.00th=[  190], 40.00th=[  190], 50.00th=[  192], 60.00th=[  192],
     | 70.00th=[  194], 80.00th=[  196], 90.00th=[  198], 95.00th=[  334],
     | 99.00th=[  343], 99.50th=[  343], 99.90th=[  351], 99.95th=[  474],
     | 99.99th=[  644]
   bw (  MiB/s): min= 1480, max= 2613, per=99.82%, avg=2461.47, stdev=368.50, samples=24
   iops        : min=379056, max=669100, avg=630137.58, stdev=94335.54, samples=24
  lat (usec)   : 2=0.01%, 4=0.01%, 10=0.01%, 20=0.01%, 50=0.01%
  lat (usec)   : 100=0.01%, 250=93.02%, 500=6.95%, 750=0.01%, 1000=0.01%
  lat (msec)   : 2=0.01%
  cpu          : usr=21.96%, sys=78.04%, ctx=14, majf=0, minf=142
  IO depths    : 1=0.1%, 2=0.1%, 4=0.1%, 8=0.1%, 16=0.1%, 32=0.1%, >=64=100.0%
     submit    : 0=0.0%, 4=100.0%, 8=0.0%, 16=0.0%, 32=0.0%, 64=0.0%, >=64=0.0%
     complete  : 0=0.0%, 4=100.0%, 8=0.0%, 16=0.0%, 32=0.0%, 64=0.0%, >=64=0.1%
     issued rwts: total=7864320,0,0,0 short=0,0,0,0 dropped=0,0,0,0
     latency   : target=0, window=0, percentile=100.00%, depth=128

Run status group 0 (all jobs):
   READ: bw=2466MiB/s (2586MB/s), 2466MiB/s-2466MiB/s (2586MB/s-2586MB/s), io=30.0GiB (32.2GB), run=12458-12458msec
