jobs1: (g=0): rw=read, bs=(R) 32.0KiB-32.0KiB, (W) 32.0KiB-32.0KiB, (T) 32.0KiB-32.0KiB, ioengine=libaio, iodepth=128
fio-3.28
Starting 1 process
jobs1: Laying out IO files (128 files / total 30720MiB)

jobs1: (groupid=0, jobs=1): err= 0: pid=814532: Wed Jul 26 02:16:16 2023
  read: IOPS=197k, BW=6166MiB/s (6466MB/s)(30.0GiB/4982msec)
    slat (nsec): min=3824, max=67203, avg=4636.13, stdev=619.50
    clat (nsec): min=1192, max=6060.3k, avg=643335.79, stdev=52723.51
     lat (usec): min=5, max=6128, avg=648.00, stdev=53.17
    clat percentiles (usec):
     |  1.00th=[  627],  5.00th=[  627], 10.00th=[  635], 20.00th=[  635],
     | 30.00th=[  635], 40.00th=[  635], 50.00th=[  644], 60.00th=[  644],
     | 70.00th=[  644], 80.00th=[  652], 90.00th=[  652], 95.00th=[  660],
     | 99.00th=[  668], 99.50th=[  709], 99.90th=[ 1270], 99.95th=[ 1631],
     | 99.99th=[ 2737]
   bw (  MiB/s): min= 5927, max= 6204, per=100.00%, avg=6166.31, stdev=89.87, samples=9
   iops        : min=189666, max=198550, avg=197322.00, stdev=2875.83, samples=9
  lat (usec)   : 2=0.01%, 10=0.01%, 20=0.01%, 50=0.01%, 100=0.01%
  lat (usec)   : 250=0.01%, 500=0.01%, 750=99.53%, 1000=0.27%
  lat (msec)   : 2=0.18%, 4=0.01%, 10=0.01%
  cpu          : usr=6.48%, sys=93.52%, ctx=3, majf=0, minf=1037
  IO depths    : 1=0.1%, 2=0.1%, 4=0.1%, 8=0.1%, 16=0.1%, 32=0.1%, >=64=100.0%
     submit    : 0=0.0%, 4=100.0%, 8=0.0%, 16=0.0%, 32=0.0%, 64=0.0%, >=64=0.0%
     complete  : 0=0.0%, 4=100.0%, 8=0.0%, 16=0.0%, 32=0.0%, 64=0.0%, >=64=0.1%
     issued rwts: total=983040,0,0,0 short=0,0,0,0 dropped=0,0,0,0
     latency   : target=0, window=0, percentile=100.00%, depth=128

Run status group 0 (all jobs):
   READ: bw=6166MiB/s (6466MB/s), 6166MiB/s-6166MiB/s (6466MB/s-6466MB/s), io=30.0GiB (32.2GB), run=4982-4982msec
