jobs1: (g=0): rw=read, bs=(R) 512KiB-512KiB, (W) 512KiB-512KiB, (T) 512KiB-512KiB, ioengine=libaio, iodepth=128
fio-3.28
Starting 1 process
jobs1: Laying out IO files (1024 files / total 30720MiB)
fio: pid=1197869, err=24/file:filesetup.c:805, func=open(/home/sevag/ramdisk//f1018), error=Too many open files

jobs1: (groupid=0, jobs=1): err=24 (file:filesetup.c:805, func=open(/home/sevag/ramdisk//f1018), error=Too many open files): pid=1197869: Wed Jul 26 10:50:29 2023
  read: IOPS=6329, BW=3165MiB/s (3318MB/s)(510MiB/161msec)
    slat (usec): min=95, max=677, avg=149.86, stdev=106.90
    clat (usec): min=43, max=52765, avg=16154.25, stdev=7554.73
     lat (usec): min=165, max=53444, avg=16304.26, stdev=7652.16
    clat percentiles (usec):
     |  1.00th=[ 1172],  5.00th=[ 5407], 10.00th=[10945], 20.00th=[13829],
     | 30.00th=[14091], 40.00th=[14353], 50.00th=[14746], 60.00th=[15270],
     | 70.00th=[15926], 80.00th=[16909], 90.00th=[22676], 95.00th=[33162],
     | 99.00th=[47973], 99.50th=[50594], 99.90th=[52167], 99.95th=[52691],
     | 99.99th=[52691]
  lat (usec)   : 50=0.10%, 500=0.29%, 750=0.20%, 1000=0.29%
  lat (msec)   : 2=0.98%, 4=1.77%, 10=5.50%, 20=79.59%, 50=10.70%
  lat (msec)   : 100=0.59%
  cpu          : usr=4.38%, sys=93.12%, ctx=0, majf=0, minf=16411
  IO depths    : 1=0.1%, 2=0.2%, 4=0.4%, 8=0.8%, 16=1.6%, 32=3.1%, >=64=93.8%
     submit    : 0=0.0%, 4=100.0%, 8=0.0%, 16=0.0%, 32=0.0%, 64=0.0%, >=64=0.0%
     complete  : 0=0.0%, 4=99.9%, 8=0.0%, 16=0.0%, 32=0.0%, 64=0.0%, >=64=0.1%
     issued rwts: total=1019,0,0,0 short=0,0,0,0 dropped=0,0,0,0
     latency   : target=0, window=0, percentile=100.00%, depth=128

Run status group 0 (all jobs):
   READ: bw=3165MiB/s (3318MB/s), 3165MiB/s-3165MiB/s (3318MB/s-3318MB/s), io=510MiB (534MB), run=161-161msec
