jobs1: (g=0): rw=read, bs=(R) 4096B-4096B, (W) 4096B-4096B, (T) 4096B-4096B, ioengine=libaio, iodepth=128
...
fio-3.28
Starting 16 processes
jobs1: Laying out IO files (128 files / total 30720MiB)

jobs1: (groupid=0, jobs=16): err= 0: pid=786715: Wed Jul 26 01:10:56 2023
  read: IOPS=678k, BW=2650MiB/s (2779MB/s)(30.0GiB/11592msec)
    slat (nsec): min=745, max=30772, avg=1048.01, stdev=249.68
    clat (nsec): min=1220, max=1960.8k, avg=187399.95, stdev=36583.30
     lat (usec): min=2, max=1987, avg=188.48, stdev=36.80
    clat percentiles (usec):
     |  1.00th=[  174],  5.00th=[  174], 10.00th=[  174], 20.00th=[  176],
     | 30.00th=[  176], 40.00th=[  176], 50.00th=[  178], 60.00th=[  178],
     | 70.00th=[  178], 80.00th=[  180], 90.00th=[  186], 95.00th=[  306],
     | 99.00th=[  314], 99.50th=[  314], 99.90th=[  326], 99.95th=[  461],
     | 99.99th=[  627]
   bw (  MiB/s): min= 1604, max= 2819, per=100.00%, avg=2662.38, stdev=387.69, samples=22
   iops        : min=410671, max=721708, avg=681569.45, stdev=99248.81, samples=22
  lat (usec)   : 2=0.01%, 4=0.01%, 10=0.01%, 20=0.01%, 50=0.01%
  lat (usec)   : 100=0.01%, 250=91.99%, 500=7.98%, 750=0.03%, 1000=0.01%
  lat (msec)   : 2=0.01%
  cpu          : usr=25.85%, sys=74.12%, ctx=26, majf=0, minf=176
  IO depths    : 1=0.1%, 2=0.1%, 4=0.1%, 8=0.1%, 16=0.1%, 32=0.1%, >=64=100.0%
     submit    : 0=0.0%, 4=100.0%, 8=0.0%, 16=0.0%, 32=0.0%, 64=0.0%, >=64=0.0%
     complete  : 0=0.0%, 4=100.0%, 8=0.0%, 16=0.0%, 32=0.0%, 64=0.0%, >=64=0.1%
     issued rwts: total=7864320,0,0,0 short=0,0,0,0 dropped=0,0,0,0
     latency   : target=0, window=0, percentile=100.00%, depth=128

Run status group 0 (all jobs):
   READ: bw=2650MiB/s (2779MB/s), 2650MiB/s-2650MiB/s (2779MB/s-2779MB/s), io=30.0GiB (32.2GB), run=11592-11592msec
