jobs1: (g=0): rw=read, bs=(R) 512KiB-512KiB, (W) 512KiB-512KiB, (T) 512KiB-512KiB, ioengine=libaio, iodepth=128
fio-3.28
Starting 1 process
jobs1: Laying out IO files (64 files / total 30720MiB)

jobs1: (groupid=0, jobs=1): err= 0: pid=519092: Wed Jul 26 00:02:13 2023
  read: IOPS=5164, BW=2582MiB/s (2708MB/s)(30.0GiB/11897msec)
    slat (usec): min=147, max=1356, avg=191.96, stdev=74.68
    clat (usec): min=2, max=94301, avg=24470.27, stdev=8737.46
     lat (usec): min=155, max=95659, avg=24662.46, stdev=8806.31
    clat percentiles (usec):
     |  1.00th=[20841],  5.00th=[20841], 10.00th=[20841], 20.00th=[21103],
     | 30.00th=[21103], 40.00th=[21103], 50.00th=[21365], 60.00th=[21365],
     | 70.00th=[21365], 80.00th=[21365], 90.00th=[42206], 95.00th=[47449],
     | 99.00th=[54264], 99.50th=[57410], 99.90th=[62129], 99.95th=[68682],
     | 99.99th=[88605]
   bw (  MiB/s): min= 1103, max= 3030, per=99.21%, avg=2561.74, stdev=746.88, samples=23
   iops        : min= 2206, max= 6060, avg=5123.48, stdev=1493.76, samples=23
  lat (usec)   : 4=0.01%, 250=0.01%, 500=0.01%, 750=0.01%, 1000=0.01%
  lat (msec)   : 2=0.01%, 4=0.02%, 10=0.06%, 20=0.10%, 50=96.97%
  lat (msec)   : 100=2.83%
  cpu          : usr=0.80%, sys=94.59%, ctx=7518, majf=0, minf=16398
  IO depths    : 1=0.1%, 2=0.1%, 4=0.1%, 8=0.1%, 16=0.1%, 32=0.1%, >=64=99.9%
     submit    : 0=0.0%, 4=100.0%, 8=0.0%, 16=0.0%, 32=0.0%, 64=0.0%, >=64=0.0%
     complete  : 0=0.0%, 4=100.0%, 8=0.0%, 16=0.0%, 32=0.0%, 64=0.0%, >=64=0.1%
     issued rwts: total=61440,0,0,0 short=0,0,0,0 dropped=0,0,0,0
     latency   : target=0, window=0, percentile=100.00%, depth=128

Run status group 0 (all jobs):
   READ: bw=2582MiB/s (2708MB/s), 2582MiB/s-2582MiB/s (2708MB/s-2708MB/s), io=30.0GiB (32.2GB), run=11897-11897msec
