jobs1: (g=0): rw=read, bs=(R) 4096B-4096B, (W) 4096B-4096B, (T) 4096B-4096B, ioengine=libaio, iodepth=128
fio-3.28
Starting 1 process
jobs1: Laying out IO files (512 files / total 30720MiB)

jobs1: (groupid=0, jobs=1): err= 0: pid=1092971: Wed Jul 26 05:10:04 2023
  read: IOPS=567k, BW=2216MiB/s (2323MB/s)(30.0GiB/13865msec)
    slat (nsec): min=895, max=32845, avg=1333.98, stdev=508.66
    clat (nsec): min=1151, max=2011.4k, avg=224097.26, stdev=41651.76
     lat (usec): min=2, max=2035, avg=225.47, stdev=41.91
    clat percentiles (usec):
     |  1.00th=[  210],  5.00th=[  210], 10.00th=[  212], 20.00th=[  212],
     | 30.00th=[  212], 40.00th=[  212], 50.00th=[  215], 60.00th=[  215],
     | 70.00th=[  215], 80.00th=[  217], 90.00th=[  223], 95.00th=[  375],
     | 99.00th=[  383], 99.50th=[  388], 99.90th=[  400], 99.95th=[  420],
     | 99.99th=[  758]
   bw (  MiB/s): min= 1308, max= 2330, per=99.90%, avg=2213.54, stdev=318.89, samples=27
   iops        : min=334992, max=596646, avg=566665.63, stdev=81635.99, samples=27
  lat (usec)   : 2=0.01%, 4=0.01%, 10=0.01%, 20=0.01%, 50=0.01%
  lat (usec)   : 100=0.01%, 250=93.47%, 500=6.48%, 750=0.03%, 1000=0.01%
  lat (msec)   : 2=0.01%, 4=0.01%
  cpu          : usr=21.63%, sys=78.35%, ctx=26, majf=0, minf=143
  IO depths    : 1=0.1%, 2=0.1%, 4=0.1%, 8=0.1%, 16=0.1%, 32=0.1%, >=64=100.0%
     submit    : 0=0.0%, 4=100.0%, 8=0.0%, 16=0.0%, 32=0.0%, 64=0.0%, >=64=0.0%
     complete  : 0=0.0%, 4=100.0%, 8=0.0%, 16=0.0%, 32=0.0%, 64=0.0%, >=64=0.1%
     issued rwts: total=7864320,0,0,0 short=0,0,0,0 dropped=0,0,0,0
     latency   : target=0, window=0, percentile=100.00%, depth=128

Run status group 0 (all jobs):
   READ: bw=2216MiB/s (2323MB/s), 2216MiB/s-2216MiB/s (2323MB/s-2323MB/s), io=30.0GiB (32.2GB), run=13865-13865msec
