jobs1: (g=0): rw=read, bs=(R) 32.0KiB-32.0KiB, (W) 32.0KiB-32.0KiB, (T) 32.0KiB-32.0KiB, ioengine=libaio, iodepth=128
fio-3.28
Starting 1 process
jobs1: Laying out IO file (1 file / 30720MiB)

jobs1: (groupid=0, jobs=1): err= 0: pid=169571: Tue Jul 25 18:53:46 2023
  read: IOPS=153k, BW=4784MiB/s (5016MB/s)(30.0GiB/6422msec)
    slat (usec): min=4, max=103, avg= 6.02, stdev= 1.61
    clat (nsec): min=1236, max=6058.3k, avg=829441.13, stdev=185182.54
     lat (usec): min=7, max=6130, avg=835.51, stdev=186.57
    clat percentiles (usec):
     |  1.00th=[  742],  5.00th=[  742], 10.00th=[  742], 20.00th=[  742],
     | 30.00th=[  742], 40.00th=[  742], 50.00th=[  750], 60.00th=[  750],
     | 70.00th=[  750], 80.00th=[  758], 90.00th=[ 1205], 95.00th=[ 1221],
     | 99.00th=[ 1221], 99.50th=[ 1221], 99.90th=[ 1778], 99.95th=[ 2245],
     | 99.99th=[ 3392]
   bw (  MiB/s): min= 3191, max= 5320, per=99.26%, avg=4747.94, stdev=922.68, samples=12
   iops        : min=102128, max=170244, avg=151934.00, stdev=29525.68, samples=12
  lat (usec)   : 2=0.01%, 10=0.01%, 20=0.01%, 50=0.01%, 100=0.01%
  lat (usec)   : 250=0.01%, 500=0.01%, 750=66.77%, 1000=15.98%
  lat (msec)   : 2=17.17%, 4=0.07%, 10=0.01%
  cpu          : usr=6.40%, sys=93.55%, ctx=9, majf=0, minf=1036
  IO depths    : 1=0.1%, 2=0.1%, 4=0.1%, 8=0.1%, 16=0.1%, 32=0.1%, >=64=100.0%
     submit    : 0=0.0%, 4=100.0%, 8=0.0%, 16=0.0%, 32=0.0%, 64=0.0%, >=64=0.0%
     complete  : 0=0.0%, 4=100.0%, 8=0.0%, 16=0.0%, 32=0.0%, 64=0.0%, >=64=0.1%
     issued rwts: total=983040,0,0,0 short=0,0,0,0 dropped=0,0,0,0
     latency   : target=0, window=0, percentile=100.00%, depth=128

Run status group 0 (all jobs):
   READ: bw=4784MiB/s (5016MB/s), 4784MiB/s-4784MiB/s (5016MB/s-5016MB/s), io=30.0GiB (32.2GB), run=6422-6422msec
