jobs1: (g=0): rw=read, bs=(R) 512KiB-512KiB, (W) 512KiB-512KiB, (T) 512KiB-512KiB, ioengine=libaio, iodepth=128
...
fio-3.28
Starting 32 processes
jobs1: Laying out IO file (1 file / 30720MiB)

jobs1: (groupid=0, jobs=32): err= 0: pid=196603: Tue Jul 25 20:28:09 2023
  read: IOPS=11.7k, BW=5829MiB/s (6112MB/s)(30.0GiB/5270msec)
    slat (usec): min=75, max=673, avg=84.94, stdev=16.47
    clat (usec): min=2, max=49410, avg=10832.80, stdev=1255.06
     lat (usec): min=81, max=50085, avg=10917.80, stdev=1269.92
    clat percentiles (usec):
     |  1.00th=[10290],  5.00th=[10290], 10.00th=[10290], 20.00th=[10290],
     | 30.00th=[10290], 40.00th=[10290], 50.00th=[10290], 60.00th=[10290],
     | 70.00th=[10290], 80.00th=[12125], 90.00th=[12125], 95.00th=[12256],
     | 99.00th=[12780], 99.50th=[13304], 99.90th=[26608], 99.95th=[35390],
     | 99.99th=[46400]
   bw (  MiB/s): min= 4747, max= 6164, per=100.00%, avg=5838.74, stdev=531.56, samples=10
   iops        : min= 9495, max=12328, avg=11677.30, stdev=1063.25, samples=10
  lat (usec)   : 4=0.01%, 100=0.01%, 250=0.01%, 500=0.01%, 750=0.01%
  lat (usec)   : 1000=0.01%
  lat (msec)   : 2=0.02%, 4=0.04%, 10=0.12%, 20=99.65%, 50=0.15%
  cpu          : usr=1.35%, sys=98.61%, ctx=5, majf=0, minf=16459
  IO depths    : 1=0.1%, 2=0.1%, 4=0.1%, 8=0.1%, 16=0.1%, 32=0.1%, >=64=99.9%
     submit    : 0=0.0%, 4=100.0%, 8=0.0%, 16=0.0%, 32=0.0%, 64=0.0%, >=64=0.0%
     complete  : 0=0.0%, 4=100.0%, 8=0.0%, 16=0.0%, 32=0.0%, 64=0.0%, >=64=0.1%
     issued rwts: total=61440,0,0,0 short=0,0,0,0 dropped=0,0,0,0
     latency   : target=0, window=0, percentile=100.00%, depth=128

Run status group 0 (all jobs):
   READ: bw=5829MiB/s (6112MB/s), 5829MiB/s-5829MiB/s (6112MB/s-6112MB/s), io=30.0GiB (32.2GB), run=5270-5270msec
