jobs1: (g=0): rw=read, bs=(R) 512KiB-512KiB, (W) 512KiB-512KiB, (T) 512KiB-512KiB, ioengine=libaio, iodepth=128
...
fio-3.28
Starting 32 processes
jobs1: Laying out IO files (64 files / total 30720MiB)

jobs1: (groupid=0, jobs=32): err= 0: pid=524348: Wed Jul 26 00:13:01 2023
  read: IOPS=11.9k, BW=5975MiB/s (6266MB/s)(30.0GiB/5141msec)
    slat (usec): min=76, max=655, avg=82.90, stdev=13.83
    clat (usec): min=2, max=45457, avg=10569.18, stdev=830.38
     lat (usec): min=82, max=46114, avg=10652.14, stdev=843.03
    clat percentiles (usec):
     |  1.00th=[10421],  5.00th=[10552], 10.00th=[10552], 20.00th=[10552],
     | 30.00th=[10552], 40.00th=[10552], 50.00th=[10552], 60.00th=[10552],
     | 70.00th=[10552], 80.00th=[10552], 90.00th=[10552], 95.00th=[10552],
     | 99.00th=[11207], 99.50th=[11731], 99.90th=[23200], 99.95th=[32113],
     | 99.99th=[42730]
   bw (  MiB/s): min= 5489, max= 6044, per=99.96%, avg=5972.82, stdev=181.60, samples=9
   iops        : min=10978, max=12088, avg=11945.56, stdev=363.38, samples=9
  lat (usec)   : 4=0.01%, 100=0.01%, 250=0.01%, 500=0.01%, 750=0.01%
  lat (usec)   : 1000=0.01%
  lat (msec)   : 2=0.02%, 4=0.04%, 10=0.12%, 20=99.68%, 50=0.13%
  cpu          : usr=0.53%, sys=99.44%, ctx=8, majf=0, minf=16461
  IO depths    : 1=0.1%, 2=0.1%, 4=0.1%, 8=0.1%, 16=0.1%, 32=0.1%, >=64=99.9%
     submit    : 0=0.0%, 4=100.0%, 8=0.0%, 16=0.0%, 32=0.0%, 64=0.0%, >=64=0.0%
     complete  : 0=0.0%, 4=100.0%, 8=0.0%, 16=0.0%, 32=0.0%, 64=0.0%, >=64=0.1%
     issued rwts: total=61440,0,0,0 short=0,0,0,0 dropped=0,0,0,0
     latency   : target=0, window=0, percentile=100.00%, depth=128

Run status group 0 (all jobs):
   READ: bw=5975MiB/s (6266MB/s), 5975MiB/s-5975MiB/s (6266MB/s-6266MB/s), io=30.0GiB (32.2GB), run=5141-5141msec
