jobs1: (g=0): rw=read, bs=(R) 128KiB-128KiB, (W) 128KiB-128KiB, (T) 128KiB-128KiB, ioengine=libaio, iodepth=128
...
fio-3.28
Starting 16 processes
jobs1: Laying out IO files (512 files / total 30720MiB)

jobs1: (groupid=0, jobs=16): err= 0: pid=1137659: Wed Jul 26 07:19:12 2023
  read: IOPS=53.7k, BW=6712MiB/s (7038MB/s)(30.0GiB/4577msec)
    slat (usec): min=14, max=217, avg=18.05, stdev= 3.57
    clat (nsec): min=1307, max=19204k, avg=2360080.45, stdev=361114.23
     lat (usec): min=18, max=19384, avg=2378.17, stdev=364.39
    clat percentiles (usec):
     |  1.00th=[ 2147],  5.00th=[ 2147], 10.00th=[ 2180], 20.00th=[ 2180],
     | 30.00th=[ 2180], 40.00th=[ 2180], 50.00th=[ 2180], 60.00th=[ 2180],
     | 70.00th=[ 2704], 80.00th=[ 2737], 90.00th=[ 2769], 95.00th=[ 2769],
     | 99.00th=[ 2802], 99.50th=[ 2868], 99.90th=[ 4621], 99.95th=[ 5211],
     | 99.99th=[16188]
   bw (  MiB/s): min= 5523, max= 7303, per=99.36%, avg=6668.54, stdev=811.65, samples=8
   iops        : min=44185, max=58430, avg=53348.25, stdev=6493.22, samples=8
  lat (usec)   : 2=0.01%, 20=0.01%, 50=0.01%, 100=0.01%, 250=0.01%
  lat (usec)   : 500=0.01%, 750=0.01%, 1000=0.01%
  lat (msec)   : 2=0.02%, 4=99.79%, 10=0.13%, 20=0.03%
  cpu          : usr=2.78%, sys=97.16%, ctx=5, majf=0, minf=4140
  IO depths    : 1=0.1%, 2=0.1%, 4=0.1%, 8=0.1%, 16=0.1%, 32=0.1%, >=64=100.0%
     submit    : 0=0.0%, 4=100.0%, 8=0.0%, 16=0.0%, 32=0.0%, 64=0.0%, >=64=0.0%
     complete  : 0=0.0%, 4=100.0%, 8=0.0%, 16=0.0%, 32=0.0%, 64=0.0%, >=64=0.1%
     issued rwts: total=245760,0,0,0 short=0,0,0,0 dropped=0,0,0,0
     latency   : target=0, window=0, percentile=100.00%, depth=128

Run status group 0 (all jobs):
   READ: bw=6712MiB/s (7038MB/s), 6712MiB/s-6712MiB/s (7038MB/s-7038MB/s), io=30.0GiB (32.2GB), run=4577-4577msec
