jobs1: (g=0): rw=read, bs=(R) 32.0KiB-32.0KiB, (W) 32.0KiB-32.0KiB, (T) 32.0KiB-32.0KiB, ioengine=libaio, iodepth=128
...
fio-3.28
Starting 16 processes
jobs1: Laying out IO files (64 files / total 30720MiB)

jobs1: (groupid=0, jobs=16): err= 0: pid=482431: Tue Jul 25 22:25:50 2023
  read: IOPS=145k, BW=4526MiB/s (4745MB/s)(30.0GiB/6788msec)
    slat (nsec): min=4471, max=66006, avg=6386.94, stdev=1280.61
    clat (nsec): min=1220, max=6274.1k, avg=876716.55, stdev=128807.39
     lat (usec): min=7, max=6341, avg=883.16, stdev=129.76
    clat percentiles (usec):
     |  1.00th=[  816],  5.00th=[  816], 10.00th=[  824], 20.00th=[  824],
     | 30.00th=[  824], 40.00th=[  824], 50.00th=[  824], 60.00th=[  824],
     | 70.00th=[  824], 80.00th=[  832], 90.00th=[ 1139], 95.00th=[ 1139],
     | 99.00th=[ 1156], 99.50th=[ 1156], 99.90th=[ 1680], 99.95th=[ 1827],
     | 99.99th=[ 3261]
   bw (  MiB/s): min= 3390, max= 4822, per=100.00%, avg=4534.32, stdev=553.16, samples=13
   iops        : min=108503, max=154314, avg=145098.23, stdev=17701.08, samples=13
  lat (usec)   : 2=0.01%, 10=0.01%, 20=0.01%, 50=0.01%, 100=0.01%
  lat (usec)   : 250=0.01%, 500=0.01%, 750=0.01%, 1000=83.97%
  lat (msec)   : 2=15.99%, 4=0.02%, 10=0.01%
  cpu          : usr=6.41%, sys=93.55%, ctx=12, majf=0, minf=1078
  IO depths    : 1=0.1%, 2=0.1%, 4=0.1%, 8=0.1%, 16=0.1%, 32=0.1%, >=64=100.0%
     submit    : 0=0.0%, 4=100.0%, 8=0.0%, 16=0.0%, 32=0.0%, 64=0.0%, >=64=0.0%
     complete  : 0=0.0%, 4=100.0%, 8=0.0%, 16=0.0%, 32=0.0%, 64=0.0%, >=64=0.1%
     issued rwts: total=983040,0,0,0 short=0,0,0,0 dropped=0,0,0,0
     latency   : target=0, window=0, percentile=100.00%, depth=128

Run status group 0 (all jobs):
   READ: bw=4526MiB/s (4745MB/s), 4526MiB/s-4526MiB/s (4745MB/s-4745MB/s), io=30.0GiB (32.2GB), run=6788-6788msec
