jobs1: (g=0): rw=read, bs=(R) 128KiB-128KiB, (W) 128KiB-128KiB, (T) 128KiB-128KiB, ioengine=libaio, iodepth=128
fio-3.28
Starting 1 process
jobs1: Laying out IO files (128 files / total 30720MiB)

jobs1: (groupid=0, jobs=1): err= 0: pid=834967: Wed Jul 26 03:07:10 2023
  read: IOPS=21.4k, BW=2681MiB/s (2811MB/s)(30.0GiB/11458msec)
    slat (usec): min=13, max=1104, avg=45.87, stdev=29.03
    clat (usec): min=2, max=98859, avg=5894.80, stdev=2611.57
     lat (usec): min=19, max=99966, avg=5940.73, stdev=2623.11
    clat percentiles (usec):
     |  1.00th=[ 2573],  5.00th=[ 2868], 10.00th=[ 3195], 20.00th=[ 3818],
     | 30.00th=[ 4490], 40.00th=[ 5080], 50.00th=[ 5669], 60.00th=[ 6259],
     | 70.00th=[ 6849], 80.00th=[ 7439], 90.00th=[ 8029], 95.00th=[10552],
     | 99.00th=[13042], 99.50th=[13304], 99.90th=[14877], 99.95th=[22414],
     | 99.99th=[85459]
   bw (  MiB/s): min= 1339, max= 3014, per=99.48%, avg=2667.16, stdev=574.88, samples=22
   iops        : min=10718, max=24112, avg=21337.27, stdev=4599.03, samples=22
  lat (usec)   : 4=0.01%, 20=0.01%, 50=0.01%, 100=0.01%, 250=0.01%
  lat (usec)   : 500=0.01%, 750=0.01%, 1000=0.01%
  lat (msec)   : 2=0.02%, 4=22.54%, 10=71.48%, 20=5.88%, 50=0.02%
  lat (msec)   : 100=0.03%
  cpu          : usr=0.86%, sys=98.67%, ctx=278, majf=0, minf=4110
  IO depths    : 1=0.1%, 2=0.1%, 4=0.1%, 8=0.1%, 16=0.1%, 32=0.1%, >=64=100.0%
     submit    : 0=0.0%, 4=100.0%, 8=0.0%, 16=0.0%, 32=0.0%, 64=0.0%, >=64=0.0%
     complete  : 0=0.0%, 4=100.0%, 8=0.0%, 16=0.0%, 32=0.0%, 64=0.0%, >=64=0.1%
     issued rwts: total=245760,0,0,0 short=0,0,0,0 dropped=0,0,0,0
     latency   : target=0, window=0, percentile=100.00%, depth=128

Run status group 0 (all jobs):
   READ: bw=2681MiB/s (2811MB/s), 2681MiB/s-2681MiB/s (2811MB/s-2811MB/s), io=30.0GiB (32.2GB), run=11458-11458msec
