jobs1: (g=0): rw=read, bs=(R) 32.0KiB-32.0KiB, (W) 32.0KiB-32.0KiB, (T) 32.0KiB-32.0KiB, ioengine=libaio, iodepth=128
fio-3.28
Starting 1 process
jobs1: Laying out IO file (1 file / 30720MiB)

jobs1: (groupid=0, jobs=1): err= 0: pid=168963: Tue Jul 25 18:52:02 2023
  read: IOPS=52.6k, BW=1642MiB/s (1722MB/s)(30.0GiB/18706msec)
    slat (usec): min=4, max=502, avg=18.52, stdev=33.51
    clat (nsec): min=1241, max=7969.5k, avg=2416163.24, stdev=351373.44
     lat (usec): min=9, max=8443, avg=2434.73, stdev=352.46
    clat percentiles (usec):
     |  1.00th=[ 2212],  5.00th=[ 2212], 10.00th=[ 2245], 20.00th=[ 2311],
     | 30.00th=[ 2311], 40.00th=[ 2311], 50.00th=[ 2311], 60.00th=[ 2311],
     | 70.00th=[ 2311], 80.00th=[ 2343], 90.00th=[ 2704], 95.00th=[ 3326],
     | 99.00th=[ 3982], 99.50th=[ 4228], 99.90th=[ 4424], 99.95th=[ 4490],
     | 99.99th=[ 4686]
   bw (  MiB/s): min= 1088, max= 1725, per=99.97%, avg=1641.77, stdev=190.75, samples=37
   iops        : min=34846, max=55216, avg=52536.59, stdev=6104.01, samples=37
  lat (usec)   : 2=0.01%, 10=0.01%, 20=0.01%, 50=0.01%, 100=0.01%
  lat (usec)   : 250=0.01%, 500=0.01%, 750=0.01%, 1000=0.01%
  lat (msec)   : 2=0.01%, 4=99.03%, 10=0.96%
  cpu          : usr=2.48%, sys=66.53%, ctx=121601, majf=0, minf=1036
  IO depths    : 1=0.1%, 2=0.1%, 4=0.1%, 8=0.1%, 16=0.1%, 32=0.1%, >=64=100.0%
     submit    : 0=0.0%, 4=100.0%, 8=0.0%, 16=0.0%, 32=0.0%, 64=0.0%, >=64=0.0%
     complete  : 0=0.0%, 4=100.0%, 8=0.0%, 16=0.0%, 32=0.0%, 64=0.0%, >=64=0.1%
     issued rwts: total=983040,0,0,0 short=0,0,0,0 dropped=0,0,0,0
     latency   : target=0, window=0, percentile=100.00%, depth=128

Run status group 0 (all jobs):
   READ: bw=1642MiB/s (1722MB/s), 1642MiB/s-1642MiB/s (1722MB/s-1722MB/s), io=30.0GiB (32.2GB), run=18706-18706msec
