jobs1: (g=0): rw=read, bs=(R) 512KiB-512KiB, (W) 512KiB-512KiB, (T) 512KiB-512KiB, ioengine=libaio, iodepth=128
...
fio-3.28
Starting 32 processes
jobs1: Laying out IO files (1024 files / total 30720MiB)
fio: pid=1199756, err=24/file:filesetup.c:805, func=open(/home/sevag/tmpfs//f1018), error=Too many open files

jobs1: (groupid=0, jobs=32): err=24 (file:filesetup.c:805, func=open(/home/sevag/tmpfs//f1018), error=Too many open files): pid=1199756: Wed Jul 26 10:56:36 2023
  read: IOPS=5335, BW=2668MiB/s (2797MB/s)(510MiB/191msec)
    slat (usec): min=139, max=747, avg=181.18, stdev=100.48
    clat (usec): min=43, max=53170, avg=19798.98, stdev=6786.88
     lat (usec): min=224, max=53919, avg=19980.34, stdev=6869.01
    clat percentiles (usec):
     |  1.00th=[ 1713],  5.00th=[ 7832], 10.00th=[15533], 20.00th=[19268],
     | 30.00th=[19268], 40.00th=[19268], 50.00th=[19530], 60.00th=[19530],
     | 70.00th=[19530], 80.00th=[19530], 90.00th=[23725], 95.00th=[33424],
     | 99.00th=[47449], 99.50th=[50594], 99.90th=[52691], 99.95th=[53216],
     | 99.99th=[53216]
  lat (usec)   : 50=0.10%, 500=0.20%, 750=0.10%, 1000=0.20%
  lat (msec)   : 2=0.59%, 4=1.37%, 10=3.83%, 20=81.45%, 50=11.58%
  lat (msec)   : 100=0.59%
  cpu          : usr=1.58%, sys=97.89%, ctx=0, majf=0, minf=16478
  IO depths    : 1=0.1%, 2=0.2%, 4=0.4%, 8=0.8%, 16=1.6%, 32=3.1%, >=64=93.8%
     submit    : 0=0.0%, 4=100.0%, 8=0.0%, 16=0.0%, 32=0.0%, 64=0.0%, >=64=0.0%
     complete  : 0=0.0%, 4=99.9%, 8=0.0%, 16=0.0%, 32=0.0%, 64=0.0%, >=64=0.1%
     issued rwts: total=1019,0,0,0 short=0,0,0,0 dropped=0,0,0,0
     latency   : target=0, window=0, percentile=100.00%, depth=128

Run status group 0 (all jobs):
   READ: bw=2668MiB/s (2797MB/s), 2668MiB/s-2668MiB/s (2797MB/s-2797MB/s), io=510MiB (534MB), run=191-191msec
