jobs1: (g=0): rw=read, bs=(R) 32.0KiB-32.0KiB, (W) 32.0KiB-32.0KiB, (T) 32.0KiB-32.0KiB, ioengine=libaio, iodepth=128
...
fio-3.28
Starting 32 processes
jobs1: Laying out IO files (64 files / total 30720MiB)

jobs1: (groupid=0, jobs=32): err= 0: pid=484957: Tue Jul 25 22:30:31 2023
  read: IOPS=143k, BW=4479MiB/s (4697MB/s)(30.0GiB/6858msec)
    slat (nsec): min=4481, max=67807, avg=6462.42, stdev=1369.04
    clat (nsec): min=1334, max=6345.6k, avg=885796.74, stdev=144855.03
     lat (usec): min=7, max=6414, avg=892.32, stdev=145.93
    clat percentiles (usec):
     |  1.00th=[  816],  5.00th=[  824], 10.00th=[  824], 20.00th=[  824],
     | 30.00th=[  824], 40.00th=[  824], 50.00th=[  824], 60.00th=[  832],
     | 70.00th=[  832], 80.00th=[  832], 90.00th=[ 1188], 95.00th=[ 1188],
     | 99.00th=[ 1205], 99.50th=[ 1205], 99.90th=[ 1729], 99.95th=[ 2409],
     | 99.99th=[ 3294]
   bw (  MiB/s): min= 3243, max= 4811, per=100.00%, avg=4481.92, stdev=624.39, samples=13
   iops        : min=103788, max=153977, avg=143421.38, stdev=19980.41, samples=13
  lat (usec)   : 2=0.01%, 10=0.01%, 20=0.01%, 50=0.01%, 100=0.01%
  lat (usec)   : 250=0.01%, 500=0.01%, 750=0.01%, 1000=83.90%
  lat (msec)   : 2=16.03%, 4=0.05%, 10=0.01%
  cpu          : usr=5.70%, sys=94.27%, ctx=12, majf=0, minf=1093
  IO depths    : 1=0.1%, 2=0.1%, 4=0.1%, 8=0.1%, 16=0.1%, 32=0.1%, >=64=100.0%
     submit    : 0=0.0%, 4=100.0%, 8=0.0%, 16=0.0%, 32=0.0%, 64=0.0%, >=64=0.0%
     complete  : 0=0.0%, 4=100.0%, 8=0.0%, 16=0.0%, 32=0.0%, 64=0.0%, >=64=0.1%
     issued rwts: total=983040,0,0,0 short=0,0,0,0 dropped=0,0,0,0
     latency   : target=0, window=0, percentile=100.00%, depth=128

Run status group 0 (all jobs):
   READ: bw=4479MiB/s (4697MB/s), 4479MiB/s-4479MiB/s (4697MB/s-4697MB/s), io=30.0GiB (32.2GB), run=6858-6858msec
