jobs1: (g=0): rw=read, bs=(R) 32.0KiB-32.0KiB, (W) 32.0KiB-32.0KiB, (T) 32.0KiB-32.0KiB, ioengine=libaio, iodepth=128
...
fio-3.28
Starting 16 processes
jobs1: Laying out IO files (128 files / total 30720MiB)

jobs1: (groupid=0, jobs=16): err= 0: pid=810184: Wed Jul 26 02:13:08 2023
  read: IOPS=89.6k, BW=2801MiB/s (2937MB/s)(30.0GiB/10967msec)
    slat (usec): min=3, max=456, avg=10.63, stdev=15.66
    clat (nsec): min=1526, max=42443k, avg=1414233.55, stdev=1597756.27
     lat (usec): min=9, max=42900, avg=1424.91, stdev=1606.72
    clat percentiles (usec):
     |  1.00th=[  603],  5.00th=[  603], 10.00th=[  611], 20.00th=[  611],
     | 30.00th=[  619], 40.00th=[  619], 50.00th=[  627], 60.00th=[  644],
     | 70.00th=[ 1090], 80.00th=[ 1795], 90.00th=[ 4080], 95.00th=[ 5211],
     | 99.00th=[ 6980], 99.50th=[ 8356], 99.90th=[ 9503], 99.95th=[ 9765],
     | 99.99th=[19792]
   bw (  MiB/s): min= 1574, max= 3077, per=100.00%, avg=2803.06, stdev=524.63, samples=21
   iops        : min=50380, max=98474, avg=89697.81, stdev=16787.96, samples=21
  lat (usec)   : 2=0.01%, 10=0.01%, 20=0.01%, 50=0.01%, 100=0.01%
  lat (usec)   : 250=0.01%, 500=0.01%, 750=66.20%, 1000=1.34%
  lat (msec)   : 2=13.33%, 4=8.80%, 10=10.29%, 20=0.02%, 50=0.01%
  cpu          : usr=4.33%, sys=95.39%, ctx=277, majf=0, minf=1064
  IO depths    : 1=0.1%, 2=0.1%, 4=0.1%, 8=0.1%, 16=0.1%, 32=0.1%, >=64=100.0%
     submit    : 0=0.0%, 4=100.0%, 8=0.0%, 16=0.0%, 32=0.0%, 64=0.0%, >=64=0.0%
     complete  : 0=0.0%, 4=100.0%, 8=0.0%, 16=0.0%, 32=0.0%, 64=0.0%, >=64=0.1%
     issued rwts: total=983040,0,0,0 short=0,0,0,0 dropped=0,0,0,0
     latency   : target=0, window=0, percentile=100.00%, depth=128

Run status group 0 (all jobs):
   READ: bw=2801MiB/s (2937MB/s), 2801MiB/s-2801MiB/s (2937MB/s-2937MB/s), io=30.0GiB (32.2GB), run=10967-10967msec
