jobs1: (g=0): rw=read, bs=(R) 512KiB-512KiB, (W) 512KiB-512KiB, (T) 512KiB-512KiB, ioengine=libaio, iodepth=128
...
fio-3.28
Starting 32 processes
jobs1: Laying out IO files (512 files / total 30720MiB)

jobs1: (groupid=0, jobs=32): err= 0: pid=1150664: Wed Jul 26 08:21:56 2023
  read: IOPS=2883, BW=1442MiB/s (1512MB/s)(30.0GiB/21311msec)
    slat (usec): min=281, max=2177, avg=341.26, stdev=108.51
    clat (usec): min=4, max=274185, avg=43784.99, stdev=16130.91
     lat (usec): min=436, max=276365, avg=44126.60, stdev=16233.43
    clat percentiles (msec):
     |  1.00th=[   39],  5.00th=[   39], 10.00th=[   39], 20.00th=[   39],
     | 30.00th=[   39], 40.00th=[   39], 50.00th=[   39], 60.00th=[   39],
     | 70.00th=[   39], 80.00th=[   57], 90.00th=[   60], 95.00th=[   61],
     | 99.00th=[   67], 99.50th=[  184], 99.90th=[  226], 99.95th=[  268],
     | 99.99th=[  271]
   bw (  MiB/s): min=  215, max= 1661, per=100.00%, avg=1453.16, stdev=335.45, samples=42
   iops        : min=  431, max= 3322, avg=2906.21, stdev=670.97, samples=42
  lat (usec)   : 10=0.01%, 500=0.01%, 1000=0.01%
  lat (msec)   : 2=0.01%, 4=0.01%, 10=0.03%, 20=0.04%, 50=79.25%
  lat (msec)   : 100=19.87%, 250=0.71%, 500=0.09%
  cpu          : usr=0.57%, sys=63.62%, ctx=62500, majf=0, minf=16473
  IO depths    : 1=0.1%, 2=0.1%, 4=0.1%, 8=0.1%, 16=0.1%, 32=0.1%, >=64=99.9%
     submit    : 0=0.0%, 4=100.0%, 8=0.0%, 16=0.0%, 32=0.0%, 64=0.0%, >=64=0.0%
     complete  : 0=0.0%, 4=100.0%, 8=0.0%, 16=0.0%, 32=0.0%, 64=0.0%, >=64=0.1%
     issued rwts: total=61440,0,0,0 short=0,0,0,0 dropped=0,0,0,0
     latency   : target=0, window=0, percentile=100.00%, depth=128

Run status group 0 (all jobs):
   READ: bw=1442MiB/s (1512MB/s), 1442MiB/s-1442MiB/s (1512MB/s-1512MB/s), io=30.0GiB (32.2GB), run=21311-21311msec
