jobs1: (g=0): rw=read, bs=(R) 128KiB-128KiB, (W) 128KiB-128KiB, (T) 128KiB-128KiB, ioengine=libaio, iodepth=128
fio-3.28
Starting 1 process
jobs1: Laying out IO file (1 file / 30720MiB)

jobs1: (groupid=0, jobs=1): err= 0: pid=182092: Tue Jul 25 19:39:58 2023
  read: IOPS=12.9k, BW=1611MiB/s (1690MB/s)(30.0GiB/19064msec)
    slat (usec): min=17, max=943, avg=76.89, stdev=54.06
    clat (usec): min=2, max=24013, avg=9844.17, stdev=1555.56
     lat (usec): min=34, max=24958, avg=9921.14, stdev=1566.57
    clat percentiles (usec):
     |  1.00th=[ 9110],  5.00th=[ 9110], 10.00th=[ 9110], 20.00th=[ 9110],
     | 30.00th=[ 9110], 40.00th=[ 9110], 50.00th=[ 9241], 60.00th=[ 9241],
     | 70.00th=[ 9241], 80.00th=[ 9241], 90.00th=[12911], 95.00th=[13566],
     | 99.00th=[15139], 99.50th=[15926], 99.90th=[16712], 99.95th=[16909],
     | 99.99th=[21365]
   bw (  MiB/s): min= 1075, max= 1737, per=100.00%, avg=1612.40, stdev=217.45, samples=38
   iops        : min= 8606, max=13896, avg=12899.21, stdev=1739.61, samples=38
  lat (usec)   : 4=0.01%, 50=0.01%, 250=0.01%, 500=0.01%, 750=0.01%
  lat (usec)   : 1000=0.01%
  lat (msec)   : 2=0.01%, 4=0.01%, 10=82.62%, 20=17.34%, 50=0.02%
  cpu          : usr=0.81%, sys=67.97%, ctx=121473, majf=0, minf=4110
  IO depths    : 1=0.1%, 2=0.1%, 4=0.1%, 8=0.1%, 16=0.1%, 32=0.1%, >=64=100.0%
     submit    : 0=0.0%, 4=100.0%, 8=0.0%, 16=0.0%, 32=0.0%, 64=0.0%, >=64=0.0%
     complete  : 0=0.0%, 4=100.0%, 8=0.0%, 16=0.0%, 32=0.0%, 64=0.0%, >=64=0.1%
     issued rwts: total=245760,0,0,0 short=0,0,0,0 dropped=0,0,0,0
     latency   : target=0, window=0, percentile=100.00%, depth=128

Run status group 0 (all jobs):
   READ: bw=1611MiB/s (1690MB/s), 1611MiB/s-1611MiB/s (1690MB/s-1690MB/s), io=30.0GiB (32.2GB), run=19064-19064msec
