jobs1: (g=0): rw=read, bs=(R) 512KiB-512KiB, (W) 512KiB-512KiB, (T) 512KiB-512KiB, ioengine=libaio, iodepth=128
...
fio-3.28
Starting 32 processes
jobs1: Laying out IO files (512 files / total 30720MiB)

jobs1: (groupid=0, jobs=32): err= 0: pid=1151032: Wed Jul 26 08:22:38 2023
  read: IOPS=11.6k, BW=5778MiB/s (6058MB/s)(30.0GiB/5317msec)
    slat (usec): min=76, max=673, avg=85.66, stdev=15.71
    clat (usec): min=2, max=48959, avg=10929.84, stdev=1220.24
     lat (usec): min=80, max=49628, avg=11015.56, stdev=1234.46
    clat percentiles (usec):
     |  1.00th=[10421],  5.00th=[10421], 10.00th=[10421], 20.00th=[10421],
     | 30.00th=[10552], 40.00th=[10552], 50.00th=[10552], 60.00th=[10552],
     | 70.00th=[10552], 80.00th=[11994], 90.00th=[12387], 95.00th=[12387],
     | 99.00th=[12911], 99.50th=[14091], 99.90th=[27132], 99.95th=[35914],
     | 99.99th=[45876]
   bw (  MiB/s): min= 4644, max= 6057, per=100.00%, avg=5782.41, stdev=489.53, samples=10
   iops        : min= 9288, max=12114, avg=11564.80, stdev=979.07, samples=10
  lat (usec)   : 4=0.01%, 100=0.01%, 250=0.01%, 500=0.01%, 750=0.01%
  lat (usec)   : 1000=0.01%
  lat (msec)   : 2=0.02%, 4=0.04%, 10=0.12%, 20=99.64%, 50=0.16%
  cpu          : usr=0.96%, sys=99.00%, ctx=6, majf=0, minf=16459
  IO depths    : 1=0.1%, 2=0.1%, 4=0.1%, 8=0.1%, 16=0.1%, 32=0.1%, >=64=99.9%
     submit    : 0=0.0%, 4=100.0%, 8=0.0%, 16=0.0%, 32=0.0%, 64=0.0%, >=64=0.0%
     complete  : 0=0.0%, 4=100.0%, 8=0.0%, 16=0.0%, 32=0.0%, 64=0.0%, >=64=0.1%
     issued rwts: total=61440,0,0,0 short=0,0,0,0 dropped=0,0,0,0
     latency   : target=0, window=0, percentile=100.00%, depth=128

Run status group 0 (all jobs):
   READ: bw=5778MiB/s (6058MB/s), 5778MiB/s-5778MiB/s (6058MB/s-6058MB/s), io=30.0GiB (32.2GB), run=5317-5317msec
