jobs1: (g=0): rw=read, bs=(R) 4096B-4096B, (W) 4096B-4096B, (T) 4096B-4096B, ioengine=libaio, iodepth=128
...
fio-3.28
Starting 16 processes
jobs1: Laying out IO files (1024 files / total 30720MiB)
fio: pid=1161572, err=24/file:filesetup.c:805, func=open(/tmp/ssfs/home/sevag/fuse_ext4/f1012), error=Too many open files

jobs1: (groupid=0, jobs=16): err=24 (file:filesetup.c:805, func=open(/tmp/ssfs/home/sevag/fuse_ext4/f1012), error=Too many open files): pid=1161572: Wed Jul 26 09:01:40 2023
  read: IOPS=2155, BW=8621KiB/s (8828kB/s)(4052KiB/470msec)
    slat (usec): min=37, max=324, avg=164.73, stdev=56.33
    clat (usec): min=89, max=94022, avg=53678.93, stdev=17218.11
     lat (usec): min=128, max=94295, avg=53844.45, stdev=17215.94
    clat percentiles (usec):
     |  1.00th=[ 6980],  5.00th=[22414], 10.00th=[36963], 20.00th=[43254],
     | 30.00th=[47973], 40.00th=[50594], 50.00th=[51643], 60.00th=[53216],
     | 70.00th=[58459], 80.00th=[68682], 90.00th=[76022], 95.00th=[91751],
     | 99.00th=[92799], 99.50th=[93848], 99.90th=[93848], 99.95th=[93848],
     | 99.99th=[93848]
  lat (usec)   : 100=0.10%
  lat (msec)   : 4=0.20%, 10=1.78%, 20=2.47%, 50=34.45%, 100=61.01%
  cpu          : usr=5.33%, sys=10.87%, ctx=2048, majf=0, minf=195
  IO depths    : 1=0.1%, 2=0.2%, 4=0.4%, 8=0.8%, 16=1.6%, 32=3.2%, >=64=93.8%
     submit    : 0=0.0%, 4=100.0%, 8=0.0%, 16=0.0%, 32=0.0%, 64=0.0%, >=64=0.0%
     complete  : 0=0.0%, 4=99.9%, 8=0.0%, 16=0.0%, 32=0.0%, 64=0.0%, >=64=0.1%
     issued rwts: total=1013,0,0,0 short=0,0,0,0 dropped=0,0,0,0
     latency   : target=0, window=0, percentile=100.00%, depth=128

Run status group 0 (all jobs):
   READ: bw=8621KiB/s (8828kB/s), 8621KiB/s-8621KiB/s (8828kB/s-8828kB/s), io=4052KiB (4149kB), run=470-470msec
