jobs1: (g=0): rw=read, bs=(R) 4096B-4096B, (W) 4096B-4096B, (T) 4096B-4096B, ioengine=libaio, iodepth=128
fio-3.28
Starting 1 process
jobs1: Laying out IO files (1024 files / total 30720MiB)
fio: pid=1160953, err=24/file:filesetup.c:805, func=open(/home/sevag/fuse_boc//f1018), error=Too many open files

jobs1: (groupid=0, jobs=1): err=24 (file:filesetup.c:805, func=open(/home/sevag/fuse_boc//f1018), error=Too many open files): pid=1160953: Wed Jul 26 08:56:27 2023
  read: IOPS=11.4k, BW=44.7MiB/s (46.9MB/s)(4076KiB/89msec)
    slat (usec): min=19, max=238, avg=48.28, stdev=18.97
    clat (usec): min=63, max=18671, avg=9425.33, stdev=2368.17
     lat (usec): min=83, max=18908, avg=9474.04, stdev=2377.96
    clat percentiles (usec):
     |  1.00th=[  906],  5.00th=[ 3687], 10.00th=[ 7242], 20.00th=[ 9110],
     | 30.00th=[ 9372], 40.00th=[ 9503], 50.00th=[ 9503], 60.00th=[ 9634],
     | 70.00th=[ 9896], 80.00th=[10814], 90.00th=[11469], 95.00th=[11731],
     | 99.00th=[16057], 99.50th=[17433], 99.90th=[18482], 99.95th=[18744],
     | 99.99th=[18744]
  lat (usec)   : 100=0.10%, 250=0.10%, 500=0.29%, 750=0.29%, 1000=0.39%
  lat (msec)   : 2=1.37%, 4=2.85%, 10=65.16%, 20=29.44%
  cpu          : usr=3.41%, sys=42.05%, ctx=2039, majf=0, minf=152
  IO depths    : 1=0.1%, 2=0.2%, 4=0.4%, 8=0.8%, 16=1.6%, 32=3.1%, >=64=93.8%
     submit    : 0=0.0%, 4=100.0%, 8=0.0%, 16=0.0%, 32=0.0%, 64=0.0%, >=64=0.0%
     complete  : 0=0.0%, 4=99.9%, 8=0.0%, 16=0.0%, 32=0.0%, 64=0.0%, >=64=0.1%
     issued rwts: total=1019,0,0,0 short=0,0,0,0 dropped=0,0,0,0
     latency   : target=0, window=0, percentile=100.00%, depth=128

Run status group 0 (all jobs):
   READ: bw=44.7MiB/s (46.9MB/s), 44.7MiB/s-44.7MiB/s (46.9MB/s-46.9MB/s), io=4076KiB (4174kB), run=89-89msec
