jobs1: (g=0): rw=read, bs=(R) 512KiB-512KiB, (W) 512KiB-512KiB, (T) 512KiB-512KiB, ioengine=libaio, iodepth=128
fio-3.28
Starting 1 process
jobs1: Laying out IO file (1 file / 30720MiB)

jobs1: (groupid=0, jobs=1): err= 0: pid=194539: Tue Jul 25 20:21:37 2023
  read: IOPS=3227, BW=1614MiB/s (1692MB/s)(30.0GiB/19039msec)
    slat (usec): min=277, max=2035, avg=308.30, stdev=39.88
    clat (usec): min=2, max=74921, avg=39267.42, stdev=4515.29
     lat (usec): min=306, max=76958, avg=39575.99, stdev=4549.39
    clat percentiles (usec):
     |  1.00th=[37487],  5.00th=[38011], 10.00th=[38011], 20.00th=[38011],
     | 30.00th=[38011], 40.00th=[38011], 50.00th=[38011], 60.00th=[38011],
     | 70.00th=[38011], 80.00th=[38011], 90.00th=[38536], 95.00th=[52167],
     | 99.00th=[58459], 99.50th=[60556], 99.90th=[63177], 99.95th=[65274],
     | 99.99th=[71828]
   bw (  MiB/s): min=  983, max= 1679, per=99.82%, avg=1610.63, stdev=161.27, samples=38
   iops        : min= 1966, max= 3358, avg=3221.26, stdev=322.55, samples=38
  lat (usec)   : 4=0.01%, 500=0.01%, 750=0.01%, 1000=0.01%
  lat (msec)   : 2=0.01%, 4=0.01%, 10=0.03%, 20=0.05%, 50=92.99%
  lat (msec)   : 100=6.90%
  cpu          : usr=0.42%, sys=68.22%, ctx=70115, majf=0, minf=16399
  IO depths    : 1=0.1%, 2=0.1%, 4=0.1%, 8=0.1%, 16=0.1%, 32=0.1%, >=64=99.9%
     submit    : 0=0.0%, 4=100.0%, 8=0.0%, 16=0.0%, 32=0.0%, 64=0.0%, >=64=0.0%
     complete  : 0=0.0%, 4=100.0%, 8=0.0%, 16=0.0%, 32=0.0%, 64=0.0%, >=64=0.1%
     issued rwts: total=61440,0,0,0 short=0,0,0,0 dropped=0,0,0,0
     latency   : target=0, window=0, percentile=100.00%, depth=128

Run status group 0 (all jobs):
   READ: bw=1614MiB/s (1692MB/s), 1614MiB/s-1614MiB/s (1692MB/s-1692MB/s), io=30.0GiB (32.2GB), run=19039-19039msec
