jobs1: (g=0): rw=read, bs=(R) 4096B-4096B, (W) 4096B-4096B, (T) 4096B-4096B, ioengine=libaio, iodepth=128
fio-3.28
Starting 1 process
jobs1: Laying out IO files (64 files / total 30720MiB)

jobs1: (groupid=0, jobs=1): err= 0: pid=455752: Tue Jul 25 21:15:41 2023
  read: IOPS=473k, BW=1848MiB/s (1938MB/s)(30.0GiB/16624msec)
    slat (nsec): min=694, max=375164, avg=1661.97, stdev=5567.90
    clat (nsec): min=1156, max=10110k, avg=268564.79, stdev=455875.11
     lat (usec): min=2, max=10487, avg=270.26, stdev=457.99
    clat percentiles (usec):
     |  1.00th=[  169],  5.00th=[  169], 10.00th=[  169], 20.00th=[  172],
     | 30.00th=[  172], 40.00th=[  172], 50.00th=[  172], 60.00th=[  174],
     | 70.00th=[  174], 80.00th=[  184], 90.00th=[  277], 95.00th=[  285],
     | 99.00th=[ 2900], 99.50th=[ 2900], 99.90th=[ 4686], 99.95th=[ 4817],
     | 99.99th=[ 4817]
   bw (  MiB/s): min= 1126, max= 1944, per=100.00%, avg=1847.93, stdev=227.91, samples=33
   iops        : min=288398, max=497750, avg=473069.33, stdev=58344.32, samples=33
  lat (usec)   : 2=0.01%, 4=0.01%, 10=0.01%, 20=0.01%, 50=0.01%
  lat (usec)   : 100=0.01%, 250=89.30%, 500=6.37%, 750=0.29%, 1000=0.28%
  lat (msec)   : 2=1.13%, 4=2.49%, 10=0.14%, 20=0.01%
  cpu          : usr=19.20%, sys=80.76%, ctx=217, majf=0, minf=140
  IO depths    : 1=0.1%, 2=0.1%, 4=0.1%, 8=0.1%, 16=0.1%, 32=0.1%, >=64=100.0%
     submit    : 0=0.0%, 4=100.0%, 8=0.0%, 16=0.0%, 32=0.0%, 64=0.0%, >=64=0.0%
     complete  : 0=0.0%, 4=100.0%, 8=0.0%, 16=0.0%, 32=0.0%, 64=0.0%, >=64=0.1%
     issued rwts: total=7864320,0,0,0 short=0,0,0,0 dropped=0,0,0,0
     latency   : target=0, window=0, percentile=100.00%, depth=128

Run status group 0 (all jobs):
   READ: bw=1848MiB/s (1938MB/s), 1848MiB/s-1848MiB/s (1938MB/s-1938MB/s), io=30.0GiB (32.2GB), run=16624-16624msec
