jobs1: (g=0): rw=read, bs=(R) 512KiB-512KiB, (W) 512KiB-512KiB, (T) 512KiB-512KiB, ioengine=libaio, iodepth=128
...
fio-3.28
Starting 16 processes
jobs1: Laying out IO files (512 files / total 30720MiB)

jobs1: (groupid=0, jobs=16): err= 0: pid=1150052: Wed Jul 26 08:17:59 2023
  read: IOPS=8912, BW=4456MiB/s (4673MB/s)(30.0GiB/6894msec)
    slat (usec): min=96, max=732, avg=111.23, stdev=20.17
    clat (usec): min=2, max=52511, avg=14186.81, stdev=1979.50
     lat (usec): min=109, max=53245, avg=14298.16, stdev=1997.82
    clat percentiles (usec):
     |  1.00th=[13304],  5.00th=[13304], 10.00th=[13304], 20.00th=[13304],
     | 30.00th=[13304], 40.00th=[13304], 50.00th=[13435], 60.00th=[13435],
     | 70.00th=[13566], 80.00th=[13566], 90.00th=[17957], 95.00th=[18220],
     | 99.00th=[18744], 99.50th=[19268], 99.90th=[30802], 99.95th=[39060],
     | 99.99th=[49021]
   bw (  MiB/s): min= 3166, max= 4740, per=100.00%, avg=4468.37, stdev=537.71, samples=13
   iops        : min= 6332, max= 9480, avg=8936.62, stdev=1075.55, samples=13
  lat (usec)   : 4=0.01%, 250=0.01%, 500=0.01%, 750=0.01%, 1000=0.01%
  lat (msec)   : 2=0.01%, 4=0.03%, 10=0.09%, 20=99.64%, 50=0.19%
  lat (msec)   : 100=0.01%
  cpu          : usr=0.57%, sys=99.39%, ctx=13, majf=0, minf=16433
  IO depths    : 1=0.1%, 2=0.1%, 4=0.1%, 8=0.1%, 16=0.1%, 32=0.1%, >=64=99.9%
     submit    : 0=0.0%, 4=100.0%, 8=0.0%, 16=0.0%, 32=0.0%, 64=0.0%, >=64=0.0%
     complete  : 0=0.0%, 4=100.0%, 8=0.0%, 16=0.0%, 32=0.0%, 64=0.0%, >=64=0.1%
     issued rwts: total=61440,0,0,0 short=0,0,0,0 dropped=0,0,0,0
     latency   : target=0, window=0, percentile=100.00%, depth=128

Run status group 0 (all jobs):
   READ: bw=4456MiB/s (4673MB/s), 4456MiB/s-4456MiB/s (4673MB/s-4673MB/s), io=30.0GiB (32.2GB), run=6894-6894msec
