jobs1: (g=0): rw=read, bs=(R) 512KiB-512KiB, (W) 512KiB-512KiB, (T) 512KiB-512KiB, ioengine=libaio, iodepth=128
fio-3.28
Starting 1 process
jobs1: Laying out IO files (512 files / total 30720MiB)

jobs1: (groupid=0, jobs=1): err= 0: pid=1149250: Wed Jul 26 08:14:05 2023
  read: IOPS=2857, BW=1429MiB/s (1498MB/s)(30.0GiB/21505msec)
    slat (usec): min=280, max=2211, avg=345.05, stdev=109.55
    clat (usec): min=4, max=243158, avg=44203.88, stdev=15131.02
     lat (usec): min=395, max=245372, avg=44549.31, stdev=15232.86
    clat percentiles (msec):
     |  1.00th=[   37],  5.00th=[   38], 10.00th=[   38], 20.00th=[   38],
     | 30.00th=[   38], 40.00th=[   38], 50.00th=[   39], 60.00th=[   40],
     | 70.00th=[   42], 80.00th=[   57], 90.00th=[   59], 95.00th=[   61],
     | 99.00th=[   68], 99.50th=[  171], 99.90th=[  205], 99.95th=[  230],
     | 99.99th=[  241]
   bw (  MiB/s): min=  183, max= 1702, per=99.56%, avg=1422.21, stdev=353.81, samples=42
   iops        : min=  366, max= 3404, avg=2844.43, stdev=707.62, samples=42
  lat (usec)   : 10=0.01%, 500=0.01%, 1000=0.01%
  lat (msec)   : 2=0.01%, 4=0.01%, 10=0.02%, 20=0.04%, 50=76.03%
  lat (msec)   : 100=23.08%, 250=0.80%
  cpu          : usr=0.39%, sys=64.63%, ctx=62513, majf=0, minf=16401
  IO depths    : 1=0.1%, 2=0.1%, 4=0.1%, 8=0.1%, 16=0.1%, 32=0.1%, >=64=99.9%
     submit    : 0=0.0%, 4=100.0%, 8=0.0%, 16=0.0%, 32=0.0%, 64=0.0%, >=64=0.0%
     complete  : 0=0.0%, 4=100.0%, 8=0.0%, 16=0.0%, 32=0.0%, 64=0.0%, >=64=0.1%
     issued rwts: total=61440,0,0,0 short=0,0,0,0 dropped=0,0,0,0
     latency   : target=0, window=0, percentile=100.00%, depth=128

Run status group 0 (all jobs):
   READ: bw=1429MiB/s (1498MB/s), 1429MiB/s-1429MiB/s (1498MB/s-1498MB/s), io=30.0GiB (32.2GB), run=21505-21505msec
