jobs1: (g=0): rw=read, bs=(R) 128KiB-128KiB, (W) 128KiB-128KiB, (T) 128KiB-128KiB, ioengine=libaio, iodepth=128
...
fio-3.28
Starting 32 processes
jobs1: Laying out IO file (1 file / 30720MiB)

jobs1: (groupid=0, jobs=32): err= 0: pid=184168: Tue Jul 25 19:46:15 2023
  read: IOPS=55.1k, BW=6891MiB/s (7226MB/s)(30.0GiB/4458msec)
    slat (usec): min=13, max=186, avg=17.59, stdev= 4.04
    clat (nsec): min=1297, max=18915k, avg=2298803.46, stdev=418381.32
     lat (usec): min=16, max=19102, avg=2316.44, stdev=422.11
    clat percentiles (usec):
     |  1.00th=[ 2057],  5.00th=[ 2057], 10.00th=[ 2057], 20.00th=[ 2073],
     | 30.00th=[ 2073], 40.00th=[ 2073], 50.00th=[ 2073], 60.00th=[ 2073],
     | 70.00th=[ 2147], 80.00th=[ 2835], 90.00th=[ 2835], 95.00th=[ 2835],
     | 99.00th=[ 2868], 99.50th=[ 2868], 99.90th=[ 4047], 99.95th=[ 4686],
     | 99.99th=[16057]
   bw (  MiB/s): min= 5423, max= 7676, per=100.00%, avg=6921.23, stdev=1040.06, samples=8
   iops        : min=43387, max=61410, avg=55369.62, stdev=8320.62, samples=8
  lat (usec)   : 2=0.01%, 20=0.01%, 50=0.01%, 100=0.01%, 250=0.01%
  lat (usec)   : 500=0.01%, 750=0.01%, 1000=0.01%
  lat (msec)   : 2=0.02%, 4=99.84%, 10=0.08%, 20=0.03%
  cpu          : usr=3.39%, sys=96.59%, ctx=3, majf=0, minf=4155
  IO depths    : 1=0.1%, 2=0.1%, 4=0.1%, 8=0.1%, 16=0.1%, 32=0.1%, >=64=100.0%
     submit    : 0=0.0%, 4=100.0%, 8=0.0%, 16=0.0%, 32=0.0%, 64=0.0%, >=64=0.0%
     complete  : 0=0.0%, 4=100.0%, 8=0.0%, 16=0.0%, 32=0.0%, 64=0.0%, >=64=0.1%
     issued rwts: total=245760,0,0,0 short=0,0,0,0 dropped=0,0,0,0
     latency   : target=0, window=0, percentile=100.00%, depth=128

Run status group 0 (all jobs):
   READ: bw=6891MiB/s (7226MB/s), 6891MiB/s-6891MiB/s (7226MB/s-7226MB/s), io=30.0GiB (32.2GB), run=4458-4458msec
