jobs1: (g=0): rw=read, bs=(R) 32.0KiB-32.0KiB, (W) 32.0KiB-32.0KiB, (T) 32.0KiB-32.0KiB, ioengine=libaio, iodepth=128
...
fio-3.28
Starting 16 processes
jobs1: Laying out IO files (128 files / total 30720MiB)

jobs1: (groupid=0, jobs=16): err= 0: pid=814745: Wed Jul 26 02:16:46 2023
  read: IOPS=185k, BW=5791MiB/s (6072MB/s)(30.0GiB/5305msec)
    slat (nsec): min=3830, max=79477, avg=4901.60, stdev=780.78
    clat (nsec): min=1283, max=6156.6k, avg=685101.21, stdev=91238.72
     lat (usec): min=6, max=6234, avg=690.04, stdev=91.89
    clat percentiles (usec):
     |  1.00th=[  627],  5.00th=[  635], 10.00th=[  635], 20.00th=[  635],
     | 30.00th=[  644], 40.00th=[  644], 50.00th=[  644], 60.00th=[  652],
     | 70.00th=[  652], 80.00th=[  816], 90.00th=[  824], 95.00th=[  824],
     | 99.00th=[  840], 99.50th=[  848], 99.90th=[ 1270], 99.95th=[ 1647],
     | 99.99th=[ 2802]
   bw (  MiB/s): min= 4727, max= 6188, per=100.00%, avg=5816.13, stdev=611.17, samples=10
   iops        : min=151268, max=198046, avg=186116.20, stdev=19557.62, samples=10
  lat (usec)   : 2=0.01%, 10=0.01%, 20=0.01%, 50=0.01%, 100=0.01%
  lat (usec)   : 250=0.01%, 500=0.01%, 750=76.64%, 1000=23.15%
  lat (msec)   : 2=0.19%, 4=0.01%, 10=0.01%
  cpu          : usr=8.84%, sys=91.10%, ctx=6, majf=0, minf=1064
  IO depths    : 1=0.1%, 2=0.1%, 4=0.1%, 8=0.1%, 16=0.1%, 32=0.1%, >=64=100.0%
     submit    : 0=0.0%, 4=100.0%, 8=0.0%, 16=0.0%, 32=0.0%, 64=0.0%, >=64=0.0%
     complete  : 0=0.0%, 4=100.0%, 8=0.0%, 16=0.0%, 32=0.0%, 64=0.0%, >=64=0.1%
     issued rwts: total=983040,0,0,0 short=0,0,0,0 dropped=0,0,0,0
     latency   : target=0, window=0, percentile=100.00%, depth=128

Run status group 0 (all jobs):
   READ: bw=5791MiB/s (6072MB/s), 5791MiB/s-5791MiB/s (6072MB/s-6072MB/s), io=30.0GiB (32.2GB), run=5305-5305msec
