jobs1: (g=0): rw=read, bs=(R) 128KiB-128KiB, (W) 128KiB-128KiB, (T) 128KiB-128KiB, ioengine=libaio, iodepth=128
...
fio-3.28
Starting 32 processes
jobs1: Laying out IO files (512 files / total 30720MiB)

jobs1: (groupid=0, jobs=32): err= 0: pid=1138638: Wed Jul 26 07:24:21 2023
  read: IOPS=19.0k, BW=2377MiB/s (2492MB/s)(30.0GiB/12925msec)
    slat (usec): min=10, max=1024, avg=50.95, stdev=40.47
    clat (nsec): min=1416, max=183567k, avg=6636788.30, stdev=6379040.81
     lat (usec): min=19, max=184592, avg=6687.81, stdev=6414.88
    clat percentiles (msec):
     |  1.00th=[    3],  5.00th=[    3], 10.00th=[    3], 20.00th=[    3],
     | 30.00th=[    3], 40.00th=[    5], 50.00th=[    7], 60.00th=[    9],
     | 70.00th=[    9], 80.00th=[    9], 90.00th=[   12], 95.00th=[   14],
     | 99.00th=[   15], 99.50th=[   15], 99.90th=[  118], 99.95th=[  128],
     | 99.99th=[  178]
   bw (  MiB/s): min=  143, max= 2812, per=99.78%, avg=2371.62, stdev=665.07, samples=25
   iops        : min= 1147, max=22498, avg=18972.96, stdev=5320.66, samples=25
  lat (usec)   : 2=0.01%, 20=0.01%, 50=0.01%, 100=0.01%, 250=0.01%
  lat (usec)   : 500=0.01%, 750=0.01%, 1000=0.01%
  lat (msec)   : 2=0.02%, 4=36.93%, 10=52.41%, 20=10.39%, 50=0.02%
  lat (msec)   : 100=0.03%, 250=0.17%
  cpu          : usr=1.62%, sys=95.40%, ctx=1050, majf=0, minf=4180
  IO depths    : 1=0.1%, 2=0.1%, 4=0.1%, 8=0.1%, 16=0.1%, 32=0.1%, >=64=100.0%
     submit    : 0=0.0%, 4=100.0%, 8=0.0%, 16=0.0%, 32=0.0%, 64=0.0%, >=64=0.0%
     complete  : 0=0.0%, 4=100.0%, 8=0.0%, 16=0.0%, 32=0.0%, 64=0.0%, >=64=0.1%
     issued rwts: total=245760,0,0,0 short=0,0,0,0 dropped=0,0,0,0
     latency   : target=0, window=0, percentile=100.00%, depth=128

Run status group 0 (all jobs):
   READ: bw=2377MiB/s (2492MB/s), 2377MiB/s-2377MiB/s (2492MB/s-2492MB/s), io=30.0GiB (32.2GB), run=12925-12925msec
