jobs1: (g=0): rw=read, bs=(R) 128KiB-128KiB, (W) 128KiB-128KiB, (T) 128KiB-128KiB, ioengine=libaio, iodepth=128
...
fio-3.28
Starting 32 processes
jobs1: Laying out IO files (128 files / total 30720MiB)

jobs1: (groupid=0, jobs=32): err= 0: pid=843247: Wed Jul 26 03:18:02 2023
  read: IOPS=48.7k, BW=6087MiB/s (6382MB/s)(30.0GiB/5047msec)
    slat (usec): min=15, max=192, avg=19.97, stdev= 3.52
    clat (nsec): min=1432, max=18157k, avg=2603239.54, stdev=347865.74
     lat (usec): min=20, max=18338, avg=2623.25, stdev=351.04
    clat percentiles (usec):
     |  1.00th=[ 2442],  5.00th=[ 2442], 10.00th=[ 2442], 20.00th=[ 2442],
     | 30.00th=[ 2442], 40.00th=[ 2442], 50.00th=[ 2442], 60.00th=[ 2442],
     | 70.00th=[ 2474], 80.00th=[ 3097], 90.00th=[ 3097], 95.00th=[ 3097],
     | 99.00th=[ 3130], 99.50th=[ 3130], 99.90th=[ 3687], 99.95th=[ 4686],
     | 99.99th=[15139]
   bw (  MiB/s): min= 4980, max= 6492, per=100.00%, avg=6107.18, stdev=627.22, samples=9
   iops        : min=39841, max=51940, avg=48857.33, stdev=5017.68, samples=9
  lat (usec)   : 2=0.01%, 50=0.01%, 100=0.01%, 250=0.01%, 500=0.01%
  lat (usec)   : 750=0.01%, 1000=0.01%
  lat (msec)   : 2=0.02%, 4=99.89%, 10=0.04%, 20=0.03%
  cpu          : usr=2.28%, sys=97.66%, ctx=5, majf=0, minf=4171
  IO depths    : 1=0.1%, 2=0.1%, 4=0.1%, 8=0.1%, 16=0.1%, 32=0.1%, >=64=100.0%
     submit    : 0=0.0%, 4=100.0%, 8=0.0%, 16=0.0%, 32=0.0%, 64=0.0%, >=64=0.0%
     complete  : 0=0.0%, 4=100.0%, 8=0.0%, 16=0.0%, 32=0.0%, 64=0.0%, >=64=0.1%
     issued rwts: total=245760,0,0,0 short=0,0,0,0 dropped=0,0,0,0
     latency   : target=0, window=0, percentile=100.00%, depth=128

Run status group 0 (all jobs):
   READ: bw=6087MiB/s (6382MB/s), 6087MiB/s-6087MiB/s (6382MB/s-6382MB/s), io=30.0GiB (32.2GB), run=5047-5047msec
