jobs1: (g=0): rw=read, bs=(R) 128KiB-128KiB, (W) 128KiB-128KiB, (T) 128KiB-128KiB, ioengine=libaio, iodepth=128
...
fio-3.28
Starting 32 processes
jobs1: Laying out IO file (1 file / 30720MiB)

jobs1: (groupid=0, jobs=32): err= 0: pid=184496: Tue Jul 25 19:46:51 2023
  read: IOPS=42.3k, BW=5288MiB/s (5545MB/s)(30.0GiB/5809msec)
    slat (usec): min=19, max=222, avg=23.05, stdev= 5.12
    clat (nsec): min=1370, max=20411k, avg=2996251.29, stdev=566582.22
     lat (usec): min=23, max=20619, avg=3019.38, stdev=571.44
    clat percentiles (usec):
     |  1.00th=[ 2737],  5.00th=[ 2737], 10.00th=[ 2737], 20.00th=[ 2737],
     | 30.00th=[ 2737], 40.00th=[ 2737], 50.00th=[ 2737], 60.00th=[ 2737],
     | 70.00th=[ 2769], 80.00th=[ 2769], 90.00th=[ 4047], 95.00th=[ 4047],
     | 99.00th=[ 4146], 99.50th=[ 4178], 99.90th=[ 5211], 99.95th=[ 6456],
     | 99.99th=[17433]
   bw (  MiB/s): min= 3740, max= 5789, per=100.00%, avg=5295.66, stdev=846.58, samples=11
   iops        : min=29924, max=46314, avg=42365.09, stdev=6772.84, samples=11
  lat (usec)   : 2=0.01%, 50=0.01%, 100=0.01%, 250=0.01%, 500=0.01%
  lat (usec)   : 750=0.01%, 1000=0.01%
  lat (msec)   : 2=0.02%, 4=81.46%, 10=18.47%, 20=0.03%, 50=0.01%
  cpu          : usr=2.20%, sys=97.76%, ctx=13, majf=0, minf=4175
  IO depths    : 1=0.1%, 2=0.1%, 4=0.1%, 8=0.1%, 16=0.1%, 32=0.1%, >=64=100.0%
     submit    : 0=0.0%, 4=100.0%, 8=0.0%, 16=0.0%, 32=0.0%, 64=0.0%, >=64=0.0%
     complete  : 0=0.0%, 4=100.0%, 8=0.0%, 16=0.0%, 32=0.0%, 64=0.0%, >=64=0.1%
     issued rwts: total=245760,0,0,0 short=0,0,0,0 dropped=0,0,0,0
     latency   : target=0, window=0, percentile=100.00%, depth=128

Run status group 0 (all jobs):
   READ: bw=5288MiB/s (5545MB/s), 5288MiB/s-5288MiB/s (5545MB/s-5545MB/s), io=30.0GiB (32.2GB), run=5809-5809msec
