jobs1: (g=0): rw=read, bs=(R) 4096B-4096B, (W) 4096B-4096B, (T) 4096B-4096B, ioengine=libaio, iodepth=128
...
fio-3.28
Starting 16 processes
jobs1: Laying out IO files (512 files / total 30720MiB)

jobs1: (groupid=0, jobs=16): err= 0: pid=1092257: Wed Jul 26 05:08:16 2023
  read: IOPS=407k, BW=1590MiB/s (1667MB/s)(30.0GiB/19321msec)
    slat (nsec): min=767, max=323621, avg=1987.07, stdev=6883.01
    clat (nsec): min=1514, max=113502k, avg=311555.24, stdev=930680.62
     lat (usec): min=2, max=113793, avg=313.58, stdev=936.43
    clat percentiles (usec):
     |  1.00th=[  180],  5.00th=[  184], 10.00th=[  184], 20.00th=[  186],
     | 30.00th=[  186], 40.00th=[  188], 50.00th=[  188], 60.00th=[  190],
     | 70.00th=[  192], 80.00th=[  194], 90.00th=[  322], 95.00th=[  330],
     | 99.00th=[ 6652], 99.50th=[ 6783], 99.90th=[10028], 99.95th=[10421],
     | 99.99th=[10421]
   bw (  MiB/s): min=  444, max= 1792, per=99.91%, avg=1588.57, stdev=293.01, samples=38
   iops        : min=113703, max=458955, avg=406675.00, stdev=75010.39, samples=38
  lat (usec)   : 2=0.01%, 4=0.01%, 10=0.01%, 20=0.01%, 50=0.01%
  lat (usec)   : 100=0.01%, 250=88.94%, 500=8.68%, 750=0.11%, 1000=0.19%
  lat (msec)   : 2=0.36%, 4=0.25%, 10=1.37%, 20=0.09%, 50=0.01%
  lat (msec)   : 100=0.01%, 250=0.01%
  cpu          : usr=15.76%, sys=83.08%, ctx=1187, majf=0, minf=172
  IO depths    : 1=0.1%, 2=0.1%, 4=0.1%, 8=0.1%, 16=0.1%, 32=0.1%, >=64=100.0%
     submit    : 0=0.0%, 4=100.0%, 8=0.0%, 16=0.0%, 32=0.0%, 64=0.0%, >=64=0.0%
     complete  : 0=0.0%, 4=100.0%, 8=0.0%, 16=0.0%, 32=0.0%, 64=0.0%, >=64=0.1%
     issued rwts: total=7864320,0,0,0 short=0,0,0,0 dropped=0,0,0,0
     latency   : target=0, window=0, percentile=100.00%, depth=128

Run status group 0 (all jobs):
   READ: bw=1590MiB/s (1667MB/s), 1590MiB/s-1590MiB/s (1667MB/s-1667MB/s), io=30.0GiB (32.2GB), run=19321-19321msec
