jobs1: (g=0): rw=read, bs=(R) 128KiB-128KiB, (W) 128KiB-128KiB, (T) 128KiB-128KiB, ioengine=libaio, iodepth=128
...
fio-3.28
Starting 16 processes
jobs1: Laying out IO files (128 files / total 30720MiB)

jobs1: (groupid=0, jobs=16): err= 0: pid=839896: Wed Jul 26 03:12:43 2023
  read: IOPS=50.1k, BW=6264MiB/s (6569MB/s)(30.0GiB/4904msec)
    slat (usec): min=14, max=189, avg=19.40, stdev= 3.45
    clat (nsec): min=1415, max=18177k, avg=2529305.15, stdev=323885.69
     lat (usec): min=21, max=18367, avg=2548.74, stdev=326.92
    clat percentiles (usec):
     |  1.00th=[ 2376],  5.00th=[ 2376], 10.00th=[ 2376], 20.00th=[ 2376],
     | 30.00th=[ 2376], 40.00th=[ 2376], 50.00th=[ 2376], 60.00th=[ 2409],
     | 70.00th=[ 2409], 80.00th=[ 2933], 90.00th=[ 2933], 95.00th=[ 2966],
     | 99.00th=[ 3064], 99.50th=[ 3064], 99.90th=[ 3654], 99.95th=[ 4621],
     | 99.99th=[15139]
   bw (  MiB/s): min= 5173, max= 6653, per=100.00%, avg=6269.46, stdev=606.16, samples=9
   iops        : min=41390, max=53228, avg=50155.44, stdev=4849.11, samples=9
  lat (usec)   : 2=0.01%, 50=0.01%, 100=0.01%, 250=0.01%, 500=0.01%
  lat (usec)   : 750=0.01%, 1000=0.01%
  lat (msec)   : 2=0.02%, 4=99.90%, 10=0.03%, 20=0.03%
  cpu          : usr=2.18%, sys=97.80%, ctx=7, majf=0, minf=4146
  IO depths    : 1=0.1%, 2=0.1%, 4=0.1%, 8=0.1%, 16=0.1%, 32=0.1%, >=64=100.0%
     submit    : 0=0.0%, 4=100.0%, 8=0.0%, 16=0.0%, 32=0.0%, 64=0.0%, >=64=0.0%
     complete  : 0=0.0%, 4=100.0%, 8=0.0%, 16=0.0%, 32=0.0%, 64=0.0%, >=64=0.1%
     issued rwts: total=245760,0,0,0 short=0,0,0,0 dropped=0,0,0,0
     latency   : target=0, window=0, percentile=100.00%, depth=128

Run status group 0 (all jobs):
   READ: bw=6264MiB/s (6569MB/s), 6264MiB/s-6264MiB/s (6569MB/s-6569MB/s), io=30.0GiB (32.2GB), run=4904-4904msec
