jobs1: (g=0): rw=read, bs=(R) 512KiB-512KiB, (W) 512KiB-512KiB, (T) 512KiB-512KiB, ioengine=libaio, iodepth=128
...
fio-3.28
Starting 32 processes
jobs1: Laying out IO files (1024 files / total 30720MiB)
fio: pid=1198651, err=24/file:filesetup.c:805, func=open(/home/sevag/fuse_boc//f1018), error=Too many open files

jobs1: (groupid=0, jobs=32): err=24 (file:filesetup.c:805, func=open(/home/sevag/fuse_boc//f1018), error=Too many open files): pid=1198651: Wed Jul 26 10:53:43 2023
  read: IOPS=981, BW=491MiB/s (515MB/s)(510MiB/1038msec)
    slat (usec): min=455, max=2150, avg=840.88, stdev=165.40
    clat (usec): min=102, max=153312, avg=121947.73, stdev=33280.37
     lat (usec): min=676, max=154188, avg=122789.77, stdev=33341.64
    clat percentiles (msec):
     |  1.00th=[   12],  5.00th=[   56], 10.00th=[   81], 20.00th=[   90],
     | 30.00th=[  108], 40.00th=[  129], 50.00th=[  138], 60.00th=[  146],
     | 70.00th=[  146], 80.00th=[  148], 90.00th=[  150], 95.00th=[  153],
     | 99.00th=[  153], 99.50th=[  155], 99.90th=[  155], 99.95th=[  155],
     | 99.99th=[  155]
   bw (  KiB/s): min=438755, max=438755, per=87.29%, avg=438755.00, stdev= 0.00, samples=1
   iops        : min=  856, max=  856, avg=856.00, stdev= 0.00, samples=1
  lat (usec)   : 250=0.10%, 1000=0.10%
  lat (msec)   : 4=0.20%, 10=0.49%, 20=0.88%, 50=2.65%, 100=21.79%
  lat (msec)   : 250=73.80%
  cpu          : usr=1.06%, sys=60.10%, ctx=2816, majf=0, minf=16491
  IO depths    : 1=0.1%, 2=0.2%, 4=0.4%, 8=0.8%, 16=1.6%, 32=3.1%, >=64=93.8%
     submit    : 0=0.0%, 4=100.0%, 8=0.0%, 16=0.0%, 32=0.0%, 64=0.0%, >=64=0.0%
     complete  : 0=0.0%, 4=99.9%, 8=0.0%, 16=0.0%, 32=0.0%, 64=0.0%, >=64=0.1%
     issued rwts: total=1019,0,0,0 short=0,0,0,0 dropped=0,0,0,0
     latency   : target=0, window=0, percentile=100.00%, depth=128

Run status group 0 (all jobs):
   READ: bw=491MiB/s (515MB/s), 491MiB/s-491MiB/s (515MB/s-515MB/s), io=510MiB (534MB), run=1038-1038msec
