jobs1: (g=0): rw=read, bs=(R) 32.0KiB-32.0KiB, (W) 32.0KiB-32.0KiB, (T) 32.0KiB-32.0KiB, ioengine=libaio, iodepth=128
fio-3.28
Starting 1 process
jobs1: Laying out IO files (1024 files / total 30720MiB)
fio: pid=1173938, err=24/file:filesetup.c:805, func=open(/home/sevag/tmpfs//f1018), error=Too many open files

jobs1: (groupid=0, jobs=1): err=24 (file:filesetup.c:805, func=open(/home/sevag/tmpfs//f1018), error=Too many open files): pid=1173938: Wed Jul 26 09:38:43 2023
  read: IOPS=37.7k, BW=1179MiB/s (1237MB/s)(31.8MiB/27msec)
    slat (nsec): min=9761, max=73432, avg=18842.48, stdev=11161.46
    clat (usec): min=54, max=6815, avg=2881.86, stdev=1119.97
     lat (usec): min=70, max=6886, avg=2900.90, stdev=1129.00
    clat percentiles (usec):
     |  1.00th=[  359],  5.00th=[ 1123], 10.00th=[ 2073], 20.00th=[ 2376],
     | 30.00th=[ 2376], 40.00th=[ 2376], 50.00th=[ 2409], 60.00th=[ 2999],
     | 70.00th=[ 3359], 80.00th=[ 3359], 90.00th=[ 4080], 95.00th=[ 5473],
     | 99.00th=[ 6587], 99.50th=[ 6652], 99.90th=[ 6783], 99.95th=[ 6849],
     | 99.99th=[ 6849]
  lat (usec)   : 100=0.10%, 250=0.39%, 500=1.28%, 750=1.28%, 1000=1.28%
  lat (msec)   : 2=5.30%, 4=80.08%, 10=10.30%
  cpu          : usr=11.54%, sys=88.46%, ctx=0, majf=0, minf=1047
  IO depths    : 1=0.1%, 2=0.2%, 4=0.4%, 8=0.8%, 16=1.6%, 32=3.1%, >=64=93.8%
     submit    : 0=0.0%, 4=100.0%, 8=0.0%, 16=0.0%, 32=0.0%, 64=0.0%, >=64=0.0%
     complete  : 0=0.0%, 4=99.9%, 8=0.0%, 16=0.0%, 32=0.0%, 64=0.0%, >=64=0.1%
     issued rwts: total=1019,0,0,0 short=0,0,0,0 dropped=0,0,0,0
     latency   : target=0, window=0, percentile=100.00%, depth=128

Run status group 0 (all jobs):
   READ: bw=1179MiB/s (1237MB/s), 1179MiB/s-1179MiB/s (1237MB/s-1237MB/s), io=31.8MiB (33.4MB), run=27-27msec
