jobs1: (g=0): rw=read, bs=(R) 128KiB-128KiB, (W) 128KiB-128KiB, (T) 128KiB-128KiB, ioengine=libaio, iodepth=128
fio-3.28
Starting 1 process
jobs1: Laying out IO files (64 files / total 30720MiB)

jobs1: (groupid=0, jobs=1): err= 0: pid=502552: Tue Jul 25 23:17:53 2023
  read: IOPS=54.2k, BW=6770MiB/s (7098MB/s)(30.0GiB/4538msec)
    slat (usec): min=14, max=179, avg=17.91, stdev= 3.53
    clat (nsec): min=1685, max=18986k, avg=2339943.14, stdev=336777.65
     lat (usec): min=18, max=19166, avg=2357.89, stdev=339.96
    clat percentiles (usec):
     |  1.00th=[ 2147],  5.00th=[ 2147], 10.00th=[ 2147], 20.00th=[ 2180],
     | 30.00th=[ 2180], 40.00th=[ 2180], 50.00th=[ 2180], 60.00th=[ 2180],
     | 70.00th=[ 2671], 80.00th=[ 2704], 90.00th=[ 2704], 95.00th=[ 2704],
     | 99.00th=[ 2737], 99.50th=[ 2737], 99.90th=[ 3884], 99.95th=[ 4490],
     | 99.99th=[15926]
   bw (  MiB/s): min= 5614, max= 7322, per=99.93%, avg=6764.47, stdev=743.10, samples=9
   iops        : min=44914, max=58580, avg=54115.78, stdev=5944.84, samples=9
  lat (usec)   : 2=0.01%, 20=0.01%, 50=0.01%, 100=0.01%, 250=0.01%
  lat (usec)   : 500=0.01%, 750=0.01%, 1000=0.01%
  lat (msec)   : 2=0.02%, 4=99.88%, 10=0.05%, 20=0.03%
  cpu          : usr=2.80%, sys=97.20%, ctx=3, majf=0, minf=4109
  IO depths    : 1=0.1%, 2=0.1%, 4=0.1%, 8=0.1%, 16=0.1%, 32=0.1%, >=64=100.0%
     submit    : 0=0.0%, 4=100.0%, 8=0.0%, 16=0.0%, 32=0.0%, 64=0.0%, >=64=0.0%
     complete  : 0=0.0%, 4=100.0%, 8=0.0%, 16=0.0%, 32=0.0%, 64=0.0%, >=64=0.1%
     issued rwts: total=245760,0,0,0 short=0,0,0,0 dropped=0,0,0,0
     latency   : target=0, window=0, percentile=100.00%, depth=128

Run status group 0 (all jobs):
   READ: bw=6770MiB/s (7098MB/s), 6770MiB/s-6770MiB/s (7098MB/s-7098MB/s), io=30.0GiB (32.2GB), run=4538-4538msec
