jobs1: (g=0): rw=read, bs=(R) 512KiB-512KiB, (W) 512KiB-512KiB, (T) 512KiB-512KiB, ioengine=libaio, iodepth=128
...
fio-3.28
Starting 16 processes
jobs1: Laying out IO files (1024 files / total 30720MiB)
fio: pid=1197412, err=24/file:filesetup.c:805, func=open(/home/sevag/fuse_boc//f1018), error=Too many open files

jobs1: (groupid=0, jobs=16): err=24 (file:filesetup.c:805, func=open(/home/sevag/fuse_boc//f1018), error=Too many open files): pid=1197412: Wed Jul 26 10:47:24 2023
  read: IOPS=972, BW=486MiB/s (510MB/s)(510MiB/1048msec)
    slat (usec): min=456, max=2182, avg=841.83, stdev=148.79
    clat (usec): min=104, max=148291, avg=122762.34, stdev=28677.77
     lat (usec): min=647, max=149102, avg=123605.30, stdev=28685.78
    clat percentiles (msec):
     |  1.00th=[   13],  5.00th=[   61], 10.00th=[   87], 20.00th=[  102],
     | 30.00th=[  127], 40.00th=[  134], 50.00th=[  136], 60.00th=[  138],
     | 70.00th=[  140], 80.00th=[  140], 90.00th=[  144], 95.00th=[  144],
     | 99.00th=[  148], 99.50th=[  148], 99.90th=[  148], 99.95th=[  148],
     | 99.99th=[  148]
   bw (  KiB/s): min=417364, max=417364, per=83.84%, avg=417364.00, stdev= 0.00, samples=1
   iops        : min=  815, max=  815, avg=815.00, stdev= 0.00, samples=1
  lat (usec)   : 250=0.10%, 1000=0.10%
  lat (msec)   : 4=0.20%, 10=0.49%, 20=0.88%, 50=2.36%, 100=15.60%
  lat (msec)   : 250=80.27%
  cpu          : usr=0.76%, sys=59.50%, ctx=2762, majf=0, minf=16438
  IO depths    : 1=0.1%, 2=0.2%, 4=0.4%, 8=0.8%, 16=1.6%, 32=3.1%, >=64=93.8%
     submit    : 0=0.0%, 4=100.0%, 8=0.0%, 16=0.0%, 32=0.0%, 64=0.0%, >=64=0.0%
     complete  : 0=0.0%, 4=99.9%, 8=0.0%, 16=0.0%, 32=0.0%, 64=0.0%, >=64=0.1%
     issued rwts: total=1019,0,0,0 short=0,0,0,0 dropped=0,0,0,0
     latency   : target=0, window=0, percentile=100.00%, depth=128

Run status group 0 (all jobs):
   READ: bw=486MiB/s (510MB/s), 486MiB/s-486MiB/s (510MB/s-510MB/s), io=510MiB (534MB), run=1048-1048msec
