jobs1: (g=0): rw=read, bs=(R) 512KiB-512KiB, (W) 512KiB-512KiB, (T) 512KiB-512KiB, ioengine=libaio, iodepth=128
...
fio-3.28
Starting 16 processes
jobs1: Laying out IO files (128 files / total 30720MiB)

jobs1: (groupid=0, jobs=16): err= 0: pid=859288: Wed Jul 26 04:01:32 2023
  read: IOPS=5028, BW=2514MiB/s (2636MB/s)(30.0GiB/12219msec)
    slat (usec): min=146, max=1803, avg=197.00, stdev=79.40
    clat (usec): min=2, max=150298, avg=25087.91, stdev=9333.71
     lat (usec): min=148, max=152104, avg=25285.14, stdev=9409.02
    clat percentiles (msec):
     |  1.00th=[   21],  5.00th=[   21], 10.00th=[   21], 20.00th=[   22],
     | 30.00th=[   22], 40.00th=[   22], 50.00th=[   22], 60.00th=[   22],
     | 70.00th=[   22], 80.00th=[   22], 90.00th=[   43], 95.00th=[   48],
     | 99.00th=[   51], 99.50th=[   52], 99.90th=[   96], 99.95th=[  123],
     | 99.99th=[  144]
   bw (  MiB/s): min= 1087, max= 3024, per=100.00%, avg=2524.06, stdev=738.21, samples=24
   iops        : min= 2175, max= 6048, avg=5048.04, stdev=1476.46, samples=24
  lat (usec)   : 4=0.01%, 250=0.01%, 500=0.01%, 750=0.01%, 1000=0.01%
  lat (msec)   : 2=0.01%, 4=0.02%, 10=0.06%, 20=0.18%, 50=97.76%
  lat (msec)   : 100=1.86%, 250=0.09%
  cpu          : usr=0.81%, sys=94.20%, ctx=7195, majf=0, minf=16446
  IO depths    : 1=0.1%, 2=0.1%, 4=0.1%, 8=0.1%, 16=0.1%, 32=0.1%, >=64=99.9%
     submit    : 0=0.0%, 4=100.0%, 8=0.0%, 16=0.0%, 32=0.0%, 64=0.0%, >=64=0.0%
     complete  : 0=0.0%, 4=100.0%, 8=0.0%, 16=0.0%, 32=0.0%, 64=0.0%, >=64=0.1%
     issued rwts: total=61440,0,0,0 short=0,0,0,0 dropped=0,0,0,0
     latency   : target=0, window=0, percentile=100.00%, depth=128

Run status group 0 (all jobs):
   READ: bw=2514MiB/s (2636MB/s), 2514MiB/s-2514MiB/s (2636MB/s-2636MB/s), io=30.0GiB (32.2GB), run=12219-12219msec
