jobs1: (g=0): rw=read, bs=(R) 128KiB-128KiB, (W) 128KiB-128KiB, (T) 128KiB-128KiB, ioengine=libaio, iodepth=128
fio-3.28
Starting 1 process
jobs1: Laying out IO files (512 files / total 30720MiB)

jobs1: (groupid=0, jobs=1): err= 0: pid=1137446: Wed Jul 26 07:18:43 2023
  read: IOPS=54.0k, BW=6752MiB/s (7080MB/s)(30.0GiB/4550msec)
    slat (usec): min=14, max=179, avg=17.95, stdev= 3.90
    clat (nsec): min=1418, max=18425k, avg=2346133.61, stdev=419526.05
     lat (usec): min=18, max=18605, avg=2364.13, stdev=423.16
    clat percentiles (usec):
     |  1.00th=[ 2114],  5.00th=[ 2114], 10.00th=[ 2147], 20.00th=[ 2147],
     | 30.00th=[ 2147], 40.00th=[ 2147], 50.00th=[ 2147], 60.00th=[ 2180],
     | 70.00th=[ 2180], 80.00th=[ 2966], 90.00th=[ 2999], 95.00th=[ 2999],
     | 99.00th=[ 2999], 99.50th=[ 2999], 99.90th=[ 4424], 99.95th=[ 5080],
     | 99.99th=[15533]
   bw (  MiB/s): min= 5087, max= 7417, per=99.92%, avg=6746.06, stdev=994.30, samples=9
   iops        : min=40700, max=59340, avg=53968.44, stdev=7954.43, samples=9
  lat (usec)   : 2=0.01%, 20=0.01%, 50=0.01%, 100=0.01%, 250=0.01%
  lat (usec)   : 500=0.01%, 750=0.01%, 1000=0.01%
  lat (msec)   : 2=0.02%, 4=99.80%, 10=0.12%, 20=0.03%
  cpu          : usr=2.00%, sys=97.93%, ctx=4, majf=0, minf=4112
  IO depths    : 1=0.1%, 2=0.1%, 4=0.1%, 8=0.1%, 16=0.1%, 32=0.1%, >=64=100.0%
     submit    : 0=0.0%, 4=100.0%, 8=0.0%, 16=0.0%, 32=0.0%, 64=0.0%, >=64=0.0%
     complete  : 0=0.0%, 4=100.0%, 8=0.0%, 16=0.0%, 32=0.0%, 64=0.0%, >=64=0.1%
     issued rwts: total=245760,0,0,0 short=0,0,0,0 dropped=0,0,0,0
     latency   : target=0, window=0, percentile=100.00%, depth=128

Run status group 0 (all jobs):
   READ: bw=6752MiB/s (7080MB/s), 6752MiB/s-6752MiB/s (7080MB/s-7080MB/s), io=30.0GiB (32.2GB), run=4550-4550msec
