jobs1: (g=0): rw=read, bs=(R) 512KiB-512KiB, (W) 512KiB-512KiB, (T) 512KiB-512KiB, ioengine=libaio, iodepth=128
...
fio-3.28
Starting 32 processes
jobs1: Laying out IO files (64 files / total 30720MiB)

jobs1: (groupid=0, jobs=32): err= 0: pid=522823: Wed Jul 26 00:10:40 2023
  read: IOPS=5409, BW=2705MiB/s (2836MB/s)(30.0GiB/11357msec)
    slat (usec): min=159, max=1872, avg=183.15, stdev=51.61
    clat (nsec): min=1965, max=91664k, avg=23358426.58, stdev=5623425.56
     lat (usec): min=166, max=93538, avg=23541.83, stdev=5669.89
    clat percentiles (usec):
     |  1.00th=[21365],  5.00th=[21365], 10.00th=[21365], 20.00th=[21365],
     | 30.00th=[21627], 40.00th=[21627], 50.00th=[21627], 60.00th=[21627],
     | 70.00th=[21627], 80.00th=[21890], 90.00th=[30278], 95.00th=[35390],
     | 99.00th=[50070], 99.50th=[52167], 99.90th=[56886], 99.95th=[67634],
     | 99.99th=[85459]
   bw (  MiB/s): min= 1441, max= 2972, per=100.00%, avg=2718.05, stdev=482.56, samples=22
   iops        : min= 2882, max= 5944, avg=5436.05, stdev=965.17, samples=22
  lat (usec)   : 2=0.01%, 250=0.01%, 500=0.01%, 750=0.01%, 1000=0.01%
  lat (msec)   : 2=0.01%, 4=0.02%, 10=0.06%, 20=0.09%, 50=98.77%
  lat (msec)   : 100=1.04%
  cpu          : usr=0.66%, sys=97.22%, ctx=4669, majf=0, minf=16493
  IO depths    : 1=0.1%, 2=0.1%, 4=0.1%, 8=0.1%, 16=0.1%, 32=0.1%, >=64=99.9%
     submit    : 0=0.0%, 4=100.0%, 8=0.0%, 16=0.0%, 32=0.0%, 64=0.0%, >=64=0.0%
     complete  : 0=0.0%, 4=100.0%, 8=0.0%, 16=0.0%, 32=0.0%, 64=0.0%, >=64=0.1%
     issued rwts: total=61440,0,0,0 short=0,0,0,0 dropped=0,0,0,0
     latency   : target=0, window=0, percentile=100.00%, depth=128

Run status group 0 (all jobs):
   READ: bw=2705MiB/s (2836MB/s), 2705MiB/s-2705MiB/s (2836MB/s-2836MB/s), io=30.0GiB (32.2GB), run=11357-11357msec
