jobs1: (g=0): rw=read, bs=(R) 4096B-4096B, (W) 4096B-4096B, (T) 4096B-4096B, ioengine=libaio, iodepth=128
...
fio-3.28
Starting 16 processes
jobs1: Laying out IO files (128 files / total 30720MiB)

jobs1: (groupid=0, jobs=16): err= 0: pid=786992: Wed Jul 26 01:12:15 2023
  read: IOPS=601k, BW=2349MiB/s (2463MB/s)(30.0GiB/13080msec)
    slat (nsec): min=795, max=41110, avg=1229.50, stdev=500.06
    clat (nsec): min=1187, max=2030.7k, avg=211417.65, stdev=39521.87
     lat (usec): min=3, max=2057, avg=212.68, stdev=39.76
    clat percentiles (usec):
     |  1.00th=[  196],  5.00th=[  198], 10.00th=[  198], 20.00th=[  198],
     | 30.00th=[  200], 40.00th=[  200], 50.00th=[  200], 60.00th=[  202],
     | 70.00th=[  202], 80.00th=[  204], 90.00th=[  208], 95.00th=[  343],
     | 99.00th=[  351], 99.50th=[  355], 99.90th=[  363], 99.95th=[  486],
     | 99.99th=[  709]
   bw (  MiB/s): min= 1428, max= 2484, per=100.00%, avg=2350.26, stdev=340.12, samples=26
   iops        : min=365613, max=635950, avg=601665.19, stdev=87071.40, samples=26
  lat (usec)   : 2=0.01%, 10=0.01%, 20=0.01%, 50=0.01%, 100=0.01%
  lat (usec)   : 250=92.43%, 500=7.53%, 750=0.04%, 1000=0.01%
  lat (msec)   : 2=0.01%, 4=0.01%
  cpu          : usr=24.12%, sys=75.86%, ctx=30, majf=0, minf=176
  IO depths    : 1=0.1%, 2=0.1%, 4=0.1%, 8=0.1%, 16=0.1%, 32=0.1%, >=64=100.0%
     submit    : 0=0.0%, 4=100.0%, 8=0.0%, 16=0.0%, 32=0.0%, 64=0.0%, >=64=0.0%
     complete  : 0=0.0%, 4=100.0%, 8=0.0%, 16=0.0%, 32=0.0%, 64=0.0%, >=64=0.1%
     issued rwts: total=7864320,0,0,0 short=0,0,0,0 dropped=0,0,0,0
     latency   : target=0, window=0, percentile=100.00%, depth=128

Run status group 0 (all jobs):
   READ: bw=2349MiB/s (2463MB/s), 2349MiB/s-2349MiB/s (2463MB/s-2463MB/s), io=30.0GiB (32.2GB), run=13080-13080msec
