jobs1: (g=0): rw=read, bs=(R) 32.0KiB-32.0KiB, (W) 32.0KiB-32.0KiB, (T) 32.0KiB-32.0KiB, ioengine=libaio, iodepth=128
...
fio-3.28
Starting 32 processes
jobs1: Laying out IO files (512 files / total 30720MiB)

jobs1: (groupid=0, jobs=32): err= 0: pid=1114696: Wed Jul 26 06:23:23 2023
  read: IOPS=74.6k, BW=2331MiB/s (2445MB/s)(30.0GiB/13177msec)
    slat (usec): min=2, max=597, avg=12.67, stdev=19.57
    clat (nsec): min=1157, max=108333k, avg=1696215.99, stdev=2659804.64
     lat (usec): min=7, max=108892, avg=1708.93, stdev=2676.46
    clat percentiles (usec):
     |  1.00th=[  627],  5.00th=[  635], 10.00th=[  644], 20.00th=[  644],
     | 30.00th=[  652], 40.00th=[  660], 50.00th=[  701], 60.00th=[  979],
     | 70.00th=[  996], 80.00th=[ 1106], 90.00th=[ 6718], 95.00th=[ 7177],
     | 99.00th=[ 9634], 99.50th=[ 9765], 99.90th=[11076], 99.95th=[31851],
     | 99.99th=[69731]
   bw (  MiB/s): min=  525, max= 2793, per=99.58%, avg=2321.62, stdev=535.94, samples=26
   iops        : min=16808, max=89392, avg=74291.62, stdev=17150.17, samples=26
  lat (usec)   : 2=0.01%, 10=0.01%, 20=0.01%, 50=0.01%, 100=0.01%
  lat (usec)   : 250=0.01%, 500=0.01%, 750=54.07%, 1000=16.51%
  lat (msec)   : 2=15.00%, 4=1.83%, 10=12.37%, 20=0.15%, 50=0.01%
  lat (msec)   : 100=0.03%, 250=0.01%
  cpu          : usr=3.76%, sys=94.44%, ctx=1073, majf=0, minf=1108
  IO depths    : 1=0.1%, 2=0.1%, 4=0.1%, 8=0.1%, 16=0.1%, 32=0.1%, >=64=100.0%
     submit    : 0=0.0%, 4=100.0%, 8=0.0%, 16=0.0%, 32=0.0%, 64=0.0%, >=64=0.0%
     complete  : 0=0.0%, 4=100.0%, 8=0.0%, 16=0.0%, 32=0.0%, 64=0.0%, >=64=0.1%
     issued rwts: total=983040,0,0,0 short=0,0,0,0 dropped=0,0,0,0
     latency   : target=0, window=0, percentile=100.00%, depth=128

Run status group 0 (all jobs):
   READ: bw=2331MiB/s (2445MB/s), 2331MiB/s-2331MiB/s (2445MB/s-2445MB/s), io=30.0GiB (32.2GB), run=13177-13177msec
