jobs1: (g=0): rw=read, bs=(R) 32.0KiB-32.0KiB, (W) 32.0KiB-32.0KiB, (T) 32.0KiB-32.0KiB, ioengine=libaio, iodepth=128
...
fio-3.28
Starting 32 processes
jobs1: Laying out IO files (64 files / total 30720MiB)

jobs1: (groupid=0, jobs=32): err= 0: pid=484629: Tue Jul 25 22:29:53 2023
  read: IOPS=186k, BW=5801MiB/s (6082MB/s)(30.0GiB/5296msec)
    slat (nsec): min=3733, max=68083, avg=4899.07, stdev=899.70
    clat (nsec): min=1319, max=5672.1k, avg=683988.24, stdev=108185.37
     lat (usec): min=5, max=5738, avg=688.92, stdev=108.97
    clat percentiles (usec):
     |  1.00th=[  619],  5.00th=[  619], 10.00th=[  627], 20.00th=[  627],
     | 30.00th=[  627], 40.00th=[  627], 50.00th=[  635], 60.00th=[  635],
     | 70.00th=[  644], 80.00th=[  857], 90.00th=[  865], 95.00th=[  873],
     | 99.00th=[  889], 99.50th=[  898], 99.90th=[ 1287], 99.95th=[ 1647],
     | 99.99th=[ 2540]
   bw (  MiB/s): min= 4491, max= 6299, per=100.00%, avg=5836.32, stdev=759.57, samples=10
   iops        : min=143714, max=201596, avg=186762.00, stdev=24306.41, samples=10
  lat (usec)   : 2=0.01%, 10=0.01%, 20=0.01%, 50=0.01%, 100=0.01%
  lat (usec)   : 250=0.01%, 500=0.01%, 750=78.04%, 1000=21.74%
  lat (msec)   : 2=0.19%, 4=0.01%, 10=0.01%
  cpu          : usr=7.69%, sys=92.29%, ctx=4, majf=0, minf=1099
  IO depths    : 1=0.1%, 2=0.1%, 4=0.1%, 8=0.1%, 16=0.1%, 32=0.1%, >=64=100.0%
     submit    : 0=0.0%, 4=100.0%, 8=0.0%, 16=0.0%, 32=0.0%, 64=0.0%, >=64=0.0%
     complete  : 0=0.0%, 4=100.0%, 8=0.0%, 16=0.0%, 32=0.0%, 64=0.0%, >=64=0.1%
     issued rwts: total=983040,0,0,0 short=0,0,0,0 dropped=0,0,0,0
     latency   : target=0, window=0, percentile=100.00%, depth=128

Run status group 0 (all jobs):
   READ: bw=5801MiB/s (6082MB/s), 5801MiB/s-5801MiB/s (6082MB/s-6082MB/s), io=30.0GiB (32.2GB), run=5296-5296msec
