jobs1: (g=0): rw=read, bs=(R) 32.0KiB-32.0KiB, (W) 32.0KiB-32.0KiB, (T) 32.0KiB-32.0KiB, ioengine=libaio, iodepth=128
fio-3.28
Starting 1 process
jobs1: Laying out IO files (512 files / total 30720MiB)

jobs1: (groupid=0, jobs=1): err= 0: pid=1112703: Wed Jul 26 06:13:45 2023
  read: IOPS=86.9k, BW=2715MiB/s (2846MB/s)(30.0GiB/11317msec)
    slat (usec): min=3, max=468, avg=10.98, stdev=15.68
    clat (nsec): min=1541, max=22865k, avg=1460586.43, stdev=1917816.82
     lat (usec): min=5, max=23335, avg=1471.61, stdev=1932.04
    clat percentiles (usec):
     |  1.00th=[  627],  5.00th=[  635], 10.00th=[  635], 20.00th=[  644],
     | 30.00th=[  652], 40.00th=[  652], 50.00th=[  660], 60.00th=[  668],
     | 70.00th=[  734], 80.00th=[ 1090], 90.00th=[ 5932], 95.00th=[ 6063],
     | 99.00th=[ 8979], 99.50th=[ 9110], 99.90th=[ 9896], 99.95th=[10945],
     | 99.99th=[19006]
   bw (  MiB/s): min= 1464, max= 3058, per=99.38%, avg=2697.64, stdev=506.84, samples=22
   iops        : min=46852, max=97862, avg=86324.64, stdev=16219.03, samples=22
  lat (usec)   : 2=0.01%, 10=0.01%, 20=0.01%, 50=0.01%, 100=0.01%
  lat (usec)   : 250=0.01%, 500=0.01%, 750=70.96%, 1000=2.81%
  lat (msec)   : 2=11.92%, 4=2.23%, 10=12.01%, 20=0.06%, 50=0.01%
  cpu          : usr=3.95%, sys=95.69%, ctx=1046, majf=0, minf=1040
  IO depths    : 1=0.1%, 2=0.1%, 4=0.1%, 8=0.1%, 16=0.1%, 32=0.1%, >=64=100.0%
     submit    : 0=0.0%, 4=100.0%, 8=0.0%, 16=0.0%, 32=0.0%, 64=0.0%, >=64=0.0%
     complete  : 0=0.0%, 4=100.0%, 8=0.0%, 16=0.0%, 32=0.0%, 64=0.0%, >=64=0.1%
     issued rwts: total=983040,0,0,0 short=0,0,0,0 dropped=0,0,0,0
     latency   : target=0, window=0, percentile=100.00%, depth=128

Run status group 0 (all jobs):
   READ: bw=2715MiB/s (2846MB/s), 2715MiB/s-2715MiB/s (2846MB/s-2846MB/s), io=30.0GiB (32.2GB), run=11317-11317msec
