jobs1: (g=0): rw=read, bs=(R) 32.0KiB-32.0KiB, (W) 32.0KiB-32.0KiB, (T) 32.0KiB-32.0KiB, ioengine=libaio, iodepth=128
fio-3.28
Starting 1 process
jobs1: Laying out IO files (64 files / total 30720MiB)

jobs1: (groupid=0, jobs=1): err= 0: pid=482227: Tue Jul 25 22:25:14 2023
  read: IOPS=144k, BW=4499MiB/s (4718MB/s)(30.0GiB/6828msec)
    slat (nsec): min=4441, max=70912, avg=6426.02, stdev=1347.74
    clat (nsec): min=1323, max=6331.3k, avg=881846.97, stdev=141802.74
     lat (usec): min=6, max=6403, avg=888.33, stdev=142.85
    clat percentiles (usec):
     |  1.00th=[  816],  5.00th=[  816], 10.00th=[  816], 20.00th=[  816],
     | 30.00th=[  816], 40.00th=[  824], 50.00th=[  824], 60.00th=[  824],
     | 70.00th=[  824], 80.00th=[  832], 90.00th=[ 1156], 95.00th=[ 1172],
     | 99.00th=[ 1172], 99.50th=[ 1172], 99.90th=[ 1713], 99.95th=[ 2409],
     | 99.99th=[ 3261]
   bw (  MiB/s): min= 3296, max= 4844, per=99.66%, avg=4483.63, stdev=629.97, samples=13
   iops        : min=105484, max=155036, avg=143476.31, stdev=20159.16, samples=13
  lat (usec)   : 2=0.01%, 10=0.01%, 20=0.01%, 50=0.01%, 100=0.01%
  lat (usec)   : 250=0.01%, 500=0.01%, 750=0.01%, 1000=82.34%
  lat (msec)   : 2=17.58%, 4=0.06%, 10=0.01%
  cpu          : usr=7.02%, sys=92.95%, ctx=14, majf=0, minf=1036
  IO depths    : 1=0.1%, 2=0.1%, 4=0.1%, 8=0.1%, 16=0.1%, 32=0.1%, >=64=100.0%
     submit    : 0=0.0%, 4=100.0%, 8=0.0%, 16=0.0%, 32=0.0%, 64=0.0%, >=64=0.0%
     complete  : 0=0.0%, 4=100.0%, 8=0.0%, 16=0.0%, 32=0.0%, 64=0.0%, >=64=0.1%
     issued rwts: total=983040,0,0,0 short=0,0,0,0 dropped=0,0,0,0
     latency   : target=0, window=0, percentile=100.00%, depth=128

Run status group 0 (all jobs):
   READ: bw=4499MiB/s (4718MB/s), 4499MiB/s-4499MiB/s (4718MB/s-4718MB/s), io=30.0GiB (32.2GB), run=6828-6828msec
