jobs1: (g=0): rw=read, bs=(R) 32.0KiB-32.0KiB, (W) 32.0KiB-32.0KiB, (T) 32.0KiB-32.0KiB, ioengine=libaio, iodepth=128
...
fio-3.28
Starting 32 processes
jobs1: Laying out IO files (128 files / total 30720MiB)

jobs1: (groupid=0, jobs=32): err= 0: pid=818026: Wed Jul 26 02:22:10 2023
  read: IOPS=182k, BW=5687MiB/s (5963MB/s)(30.0GiB/5402msec)
    slat (nsec): min=3861, max=65580, avg=5002.54, stdev=783.08
    clat (nsec): min=1295, max=6120.8k, avg=697665.66, stdev=92357.13
     lat (usec): min=6, max=6187, avg=702.71, stdev=93.02
    clat percentiles (usec):
     |  1.00th=[  644],  5.00th=[  644], 10.00th=[  644], 20.00th=[  652],
     | 30.00th=[  652], 40.00th=[  652], 50.00th=[  652], 60.00th=[  660],
     | 70.00th=[  660], 80.00th=[  824], 90.00th=[  832], 95.00th=[  840],
     | 99.00th=[  857], 99.50th=[  889], 99.90th=[ 1221], 99.95th=[ 1680],
     | 99.99th=[ 2769]
   bw (  MiB/s): min= 4656, max= 6101, per=100.00%, avg=5702.65, stdev=620.45, samples=10
   iops        : min=149003, max=195258, avg=182484.70, stdev=19854.53, samples=10
  lat (usec)   : 2=0.01%, 10=0.01%, 20=0.01%, 50=0.01%, 100=0.01%
  lat (usec)   : 250=0.01%, 500=0.01%, 750=75.61%, 1000=24.15%
  lat (msec)   : 2=0.22%, 4=0.01%, 10=0.01%
  cpu          : usr=7.22%, sys=92.74%, ctx=6, majf=1, minf=1127
  IO depths    : 1=0.1%, 2=0.1%, 4=0.1%, 8=0.1%, 16=0.1%, 32=0.1%, >=64=100.0%
     submit    : 0=0.0%, 4=100.0%, 8=0.0%, 16=0.0%, 32=0.0%, 64=0.0%, >=64=0.0%
     complete  : 0=0.0%, 4=100.0%, 8=0.0%, 16=0.0%, 32=0.0%, 64=0.0%, >=64=0.1%
     issued rwts: total=983040,0,0,0 short=0,0,0,0 dropped=0,0,0,0
     latency   : target=0, window=0, percentile=100.00%, depth=128

Run status group 0 (all jobs):
   READ: bw=5687MiB/s (5963MB/s), 5687MiB/s-5687MiB/s (5963MB/s-5963MB/s), io=30.0GiB (32.2GB), run=5402-5402msec
