jobs1: (g=0): rw=read, bs=(R) 32.0KiB-32.0KiB, (W) 32.0KiB-32.0KiB, (T) 32.0KiB-32.0KiB, ioengine=libaio, iodepth=128
...
fio-3.28
Starting 16 processes
jobs1: Laying out IO files (1024 files / total 30720MiB)
fio: pid=1173566, err=24/file:filesetup.c:805, func=open(/tmp/ssfs/home/sevag/fuse_ext4/f1012), error=Too many open files

jobs1: (groupid=0, jobs=16): err=24 (file:filesetup.c:805, func=open(/tmp/ssfs/home/sevag/fuse_ext4/f1012), error=Too many open files): pid=1173566: Wed Jul 26 09:37:46 2023
  read: IOPS=1674, BW=52.3MiB/s (54.9MB/s)(31.7MiB/605msec)
    slat (usec): min=93, max=414, avg=275.29, stdev=54.11
    clat (usec): min=87, max=130386, avg=69031.93, stdev=19700.95
     lat (usec): min=182, max=130787, avg=69308.18, stdev=19704.26
    clat percentiles (msec):
     |  1.00th=[   10],  5.00th=[   31], 10.00th=[   56], 20.00th=[   65],
     | 30.00th=[   66], 40.00th=[   67], 50.00th=[   68], 60.00th=[   68],
     | 70.00th=[   74], 80.00th=[   77], 90.00th=[   85], 95.00th=[  123],
     | 99.00th=[  130], 99.50th=[  130], 99.90th=[  131], 99.95th=[  131],
     | 99.99th=[  131]
  lat (usec)   : 100=0.10%
  lat (msec)   : 10=0.99%, 20=1.97%, 50=5.73%, 100=86.08%, 250=5.13%
  cpu          : usr=3.81%, sys=16.89%, ctx=2052, majf=0, minf=1081
  IO depths    : 1=0.1%, 2=0.2%, 4=0.4%, 8=0.8%, 16=1.6%, 32=3.2%, >=64=93.8%
     submit    : 0=0.0%, 4=100.0%, 8=0.0%, 16=0.0%, 32=0.0%, 64=0.0%, >=64=0.0%
     complete  : 0=0.0%, 4=99.9%, 8=0.0%, 16=0.0%, 32=0.0%, 64=0.0%, >=64=0.1%
     issued rwts: total=1013,0,0,0 short=0,0,0,0 dropped=0,0,0,0
     latency   : target=0, window=0, percentile=100.00%, depth=128

Run status group 0 (all jobs):
   READ: bw=52.3MiB/s (54.9MB/s), 52.3MiB/s-52.3MiB/s (54.9MB/s-54.9MB/s), io=31.7MiB (33.2MB), run=605-605msec
