jobs1: (g=0): rw=read, bs=(R) 128KiB-128KiB, (W) 128KiB-128KiB, (T) 128KiB-128KiB, ioengine=libaio, iodepth=128
...
fio-3.28
Starting 32 processes
jobs1: Laying out IO files (512 files / total 30720MiB)

jobs1: (groupid=0, jobs=32): err= 0: pid=1139009: Wed Jul 26 07:25:00 2023
  read: IOPS=50.5k, BW=6309MiB/s (6616MB/s)(30.0GiB/4869msec)
    slat (usec): min=15, max=183, avg=19.19, stdev= 3.51
    clat (nsec): min=1774, max=18366k, avg=2510931.20, stdev=355674.02
     lat (usec): min=20, max=18550, avg=2530.16, stdev=358.89
    clat percentiles (usec):
     |  1.00th=[ 2245],  5.00th=[ 2245], 10.00th=[ 2245], 20.00th=[ 2245],
     | 30.00th=[ 2245], 40.00th=[ 2245], 50.00th=[ 2278], 60.00th=[ 2769],
     | 70.00th=[ 2802], 80.00th=[ 2802], 90.00th=[ 2802], 95.00th=[ 2802],
     | 99.00th=[ 2900], 99.50th=[ 2933], 99.90th=[ 4146], 99.95th=[ 5473],
     | 99.99th=[15533]
   bw (  MiB/s): min= 5460, max= 7053, per=99.68%, avg=6289.31, stdev=729.84, samples=9
   iops        : min=43680, max=56430, avg=50314.44, stdev=5838.75, samples=9
  lat (usec)   : 2=0.01%, 50=0.01%, 100=0.01%, 250=0.01%, 500=0.01%
  lat (usec)   : 750=0.01%, 1000=0.01%
  lat (msec)   : 2=0.02%, 4=99.79%, 10=0.14%, 20=0.03%
  cpu          : usr=2.75%, sys=97.23%, ctx=4, majf=1, minf=4209
  IO depths    : 1=0.1%, 2=0.1%, 4=0.1%, 8=0.1%, 16=0.1%, 32=0.1%, >=64=100.0%
     submit    : 0=0.0%, 4=100.0%, 8=0.0%, 16=0.0%, 32=0.0%, 64=0.0%, >=64=0.0%
     complete  : 0=0.0%, 4=100.0%, 8=0.0%, 16=0.0%, 32=0.0%, 64=0.0%, >=64=0.1%
     issued rwts: total=245760,0,0,0 short=0,0,0,0 dropped=0,0,0,0
     latency   : target=0, window=0, percentile=100.00%, depth=128

Run status group 0 (all jobs):
   READ: bw=6309MiB/s (6616MB/s), 6309MiB/s-6309MiB/s (6616MB/s-6616MB/s), io=30.0GiB (32.2GB), run=4869-4869msec
