jobs1: (g=0): rw=read, bs=(R) 512KiB-512KiB, (W) 512KiB-512KiB, (T) 512KiB-512KiB, ioengine=libaio, iodepth=128
fio-3.28
Starting 1 process
jobs1: Laying out IO files (512 files / total 30720MiB)

jobs1: (groupid=0, jobs=1): err= 0: pid=1148913: Wed Jul 26 08:10:29 2023
  read: IOPS=4231, BW=2116MiB/s (2218MB/s)(30.0GiB/14520msec)
    slat (usec): min=143, max=1774, avg=232.27, stdev=106.88
    clat (usec): min=2, max=158111, avg=29840.71, stdev=14361.77
     lat (usec): min=149, max=159888, avg=30073.32, stdev=14463.89
    clat percentiles (msec):
     |  1.00th=[   22],  5.00th=[   22], 10.00th=[   22], 20.00th=[   22],
     | 30.00th=[   22], 40.00th=[   23], 50.00th=[   23], 60.00th=[   23],
     | 70.00th=[   34], 80.00th=[   41], 90.00th=[   50], 95.00th=[   51],
     | 99.00th=[   53], 99.50th=[  138], 99.90th=[  150], 99.95th=[  153],
     | 99.99th=[  155]
   bw (  MiB/s): min=  307, max= 2965, per=99.78%, avg=2111.14, stdev=794.68, samples=29
   iops        : min=  614, max= 5930, avg=4222.28, stdev=1589.37, samples=29
  lat (usec)   : 4=0.01%, 250=0.01%, 500=0.01%, 750=0.01%, 1000=0.01%
  lat (msec)   : 2=0.01%, 4=0.02%, 10=0.07%, 20=0.79%, 50=92.27%
  lat (msec)   : 100=6.09%, 250=0.74%
  cpu          : usr=0.95%, sys=91.14%, ctx=13762, majf=0, minf=16403
  IO depths    : 1=0.1%, 2=0.1%, 4=0.1%, 8=0.1%, 16=0.1%, 32=0.1%, >=64=99.9%
     submit    : 0=0.0%, 4=100.0%, 8=0.0%, 16=0.0%, 32=0.0%, 64=0.0%, >=64=0.0%
     complete  : 0=0.0%, 4=100.0%, 8=0.0%, 16=0.0%, 32=0.0%, 64=0.0%, >=64=0.1%
     issued rwts: total=61440,0,0,0 short=0,0,0,0 dropped=0,0,0,0
     latency   : target=0, window=0, percentile=100.00%, depth=128

Run status group 0 (all jobs):
   READ: bw=2116MiB/s (2218MB/s), 2116MiB/s-2116MiB/s (2218MB/s-2218MB/s), io=30.0GiB (32.2GB), run=14520-14520msec
