jobs1: (g=0): rw=read, bs=(R) 512KiB-512KiB, (W) 512KiB-512KiB, (T) 512KiB-512KiB, ioengine=libaio, iodepth=128
...
fio-3.28
Starting 16 processes
jobs1: Laying out IO file (1 file / 30720MiB)

jobs1: (groupid=0, jobs=16): err= 0: pid=194443: Tue Jul 25 20:20:48 2023
  read: IOPS=5966, BW=2983MiB/s (3128MB/s)(30.0GiB/10298msec)
    slat (usec): min=152, max=1257, avg=166.42, stdev=21.32
    clat (usec): min=2, max=61691, avg=21209.97, stdev=1982.46
     lat (usec): min=167, max=62950, avg=21376.57, stdev=2001.14
    clat percentiles (usec):
     |  1.00th=[20317],  5.00th=[20317], 10.00th=[20317], 20.00th=[20579],
     | 30.00th=[20579], 40.00th=[20579], 50.00th=[20579], 60.00th=[20579],
     | 70.00th=[20579], 80.00th=[20841], 90.00th=[25035], 95.00th=[25560],
     | 99.00th=[25560], 99.50th=[27395], 99.90th=[39060], 99.95th=[46400],
     | 99.99th=[57934]
   bw (  MiB/s): min= 2264, max= 3105, per=100.00%, avg=2992.58, stdev=240.41, samples=20
   iops        : min= 4528, max= 6210, avg=5985.10, stdev=480.88, samples=20
  lat (usec)   : 4=0.01%, 250=0.01%, 500=0.01%, 750=0.01%, 1000=0.01%
  lat (msec)   : 2=0.01%, 4=0.02%, 10=0.06%, 20=0.10%, 50=99.76%
  lat (msec)   : 100=0.03%
  cpu          : usr=0.57%, sys=99.19%, ctx=3820, majf=0, minf=16422
  IO depths    : 1=0.1%, 2=0.1%, 4=0.1%, 8=0.1%, 16=0.1%, 32=0.1%, >=64=99.9%
     submit    : 0=0.0%, 4=100.0%, 8=0.0%, 16=0.0%, 32=0.0%, 64=0.0%, >=64=0.0%
     complete  : 0=0.0%, 4=100.0%, 8=0.0%, 16=0.0%, 32=0.0%, 64=0.0%, >=64=0.1%
     issued rwts: total=61440,0,0,0 short=0,0,0,0 dropped=0,0,0,0
     latency   : target=0, window=0, percentile=100.00%, depth=128

Run status group 0 (all jobs):
   READ: bw=2983MiB/s (3128MB/s), 2983MiB/s-2983MiB/s (3128MB/s-3128MB/s), io=30.0GiB (32.2GB), run=10298-10298msec
