jobs1: (g=0): rw=read, bs=(R) 512KiB-512KiB, (W) 512KiB-512KiB, (T) 512KiB-512KiB, ioengine=libaio, iodepth=128
...
fio-3.28
Starting 16 processes
jobs1: Laying out IO file (1 file / 30720MiB)

jobs1: (groupid=0, jobs=16): err= 0: pid=195431: Tue Jul 25 20:24:45 2023
  read: IOPS=9153, BW=4577MiB/s (4799MB/s)(30.0GiB/6712msec)
    slat (usec): min=91, max=764, avg=108.37, stdev=25.99
    clat (usec): min=2, max=54483, avg=13807.62, stdev=2811.17
     lat (usec): min=105, max=55230, avg=13916.10, stdev=2835.63
    clat percentiles (usec):
     |  1.00th=[12518],  5.00th=[12649], 10.00th=[12649], 20.00th=[12649],
     | 30.00th=[12649], 40.00th=[12649], 50.00th=[12780], 60.00th=[12780],
     | 70.00th=[12780], 80.00th=[12780], 90.00th=[19792], 95.00th=[20317],
     | 99.00th=[20579], 99.50th=[21103], 99.90th=[33424], 99.95th=[40633],
     | 99.99th=[51119]
   bw (  MiB/s): min= 2859, max= 5003, per=100.00%, avg=4620.47, stdev=755.67, samples=13
   iops        : min= 5718, max=10006, avg=9240.92, stdev=1511.38, samples=13
  lat (usec)   : 4=0.01%, 250=0.01%, 500=0.01%, 750=0.01%, 1000=0.01%
  lat (msec)   : 2=0.02%, 4=0.03%, 10=0.10%, 20=90.32%, 50=9.50%
  lat (msec)   : 100=0.01%
  cpu          : usr=0.76%, sys=99.23%, ctx=9, majf=0, minf=16431
  IO depths    : 1=0.1%, 2=0.1%, 4=0.1%, 8=0.1%, 16=0.1%, 32=0.1%, >=64=99.9%
     submit    : 0=0.0%, 4=100.0%, 8=0.0%, 16=0.0%, 32=0.0%, 64=0.0%, >=64=0.0%
     complete  : 0=0.0%, 4=100.0%, 8=0.0%, 16=0.0%, 32=0.0%, 64=0.0%, >=64=0.1%
     issued rwts: total=61440,0,0,0 short=0,0,0,0 dropped=0,0,0,0
     latency   : target=0, window=0, percentile=100.00%, depth=128

Run status group 0 (all jobs):
   READ: bw=4577MiB/s (4799MB/s), 4577MiB/s-4577MiB/s (4799MB/s-4799MB/s), io=30.0GiB (32.2GB), run=6712-6712msec
