jobs1: (g=0): rw=read, bs=(R) 32.0KiB-32.0KiB, (W) 32.0KiB-32.0KiB, (T) 32.0KiB-32.0KiB, ioengine=libaio, iodepth=128
...
fio-3.28
Starting 16 processes
jobs1: Laying out IO files (64 files / total 30720MiB)

jobs1: (groupid=0, jobs=16): err= 0: pid=479246: Tue Jul 25 22:21:37 2023
  read: IOPS=92.7k, BW=2896MiB/s (3037MB/s)(30.0GiB/10608msec)
    slat (usec): min=2, max=361, avg=10.28, stdev=15.14
    clat (nsec): min=1252, max=25990k, avg=1368403.71, stdev=1141431.74
     lat (usec): min=9, max=26353, avg=1378.73, stdev=1145.67
    clat percentiles (usec):
     |  1.00th=[  603],  5.00th=[  603], 10.00th=[  603], 20.00th=[  611],
     | 30.00th=[  611], 40.00th=[  611], 50.00th=[  627], 60.00th=[  988],
     | 70.00th=[ 1467], 80.00th=[ 2606], 90.00th=[ 3326], 95.00th=[ 3326],
     | 99.00th=[ 5080], 99.50th=[ 5211], 99.90th=[ 5473], 99.95th=[ 5538],
     | 99.99th=[11076]
   bw (  MiB/s): min= 1730, max= 3103, per=100.00%, avg=2899.20, stdev=434.80, samples=21
   iops        : min=55373, max=99296, avg=92774.48, stdev=13913.54, samples=21
  lat (usec)   : 2=0.01%, 10=0.01%, 20=0.01%, 50=0.01%, 100=0.01%
  lat (usec)   : 250=0.01%, 500=0.01%, 750=57.52%, 1000=3.55%
  lat (msec)   : 2=13.61%, 4=23.38%, 10=1.92%, 20=0.01%, 50=0.01%
  cpu          : usr=4.48%, sys=95.39%, ctx=147, majf=0, minf=1059
  IO depths    : 1=0.1%, 2=0.1%, 4=0.1%, 8=0.1%, 16=0.1%, 32=0.1%, >=64=100.0%
     submit    : 0=0.0%, 4=100.0%, 8=0.0%, 16=0.0%, 32=0.0%, 64=0.0%, >=64=0.0%
     complete  : 0=0.0%, 4=100.0%, 8=0.0%, 16=0.0%, 32=0.0%, 64=0.0%, >=64=0.1%
     issued rwts: total=983040,0,0,0 short=0,0,0,0 dropped=0,0,0,0
     latency   : target=0, window=0, percentile=100.00%, depth=128

Run status group 0 (all jobs):
   READ: bw=2896MiB/s (3037MB/s), 2896MiB/s-2896MiB/s (3037MB/s-3037MB/s), io=30.0GiB (32.2GB), run=10608-10608msec
