jobs1: (g=0): rw=read, bs=(R) 4096B-4096B, (W) 4096B-4096B, (T) 4096B-4096B, ioengine=libaio, iodepth=128
...
fio-3.28
Starting 16 processes
jobs1: Laying out IO files (1024 files / total 30720MiB)
fio: pid=1161197, err=24/file:filesetup.c:805, func=open(/home/sevag/fuse_boc//f1018), error=Too many open files

jobs1: (groupid=0, jobs=16): err=24 (file:filesetup.c:805, func=open(/home/sevag/fuse_boc//f1018), error=Too many open files): pid=1161197: Wed Jul 26 08:58:46 2023
  read: IOPS=12.1k, BW=47.4MiB/s (49.7MB/s)(4076KiB/84msec)
    slat (usec): min=20, max=273, avg=47.87, stdev= 9.35
    clat (usec): min=64, max=12365, avg=9585.28, stdev=2220.66
     lat (usec): min=85, max=12640, avg=9633.56, stdev=2224.71
    clat percentiles (usec):
     |  1.00th=[  922],  5.00th=[ 3752], 10.00th=[ 7504], 20.00th=[ 9503],
     | 30.00th=[ 9503], 40.00th=[ 9634], 50.00th=[ 9765], 60.00th=[ 9896],
     | 70.00th=[10683], 80.00th=[11076], 90.00th=[11600], 95.00th=[11994],
     | 99.00th=[12125], 99.50th=[12256], 99.90th=[12256], 99.95th=[12387],
     | 99.99th=[12387]
  lat (usec)   : 100=0.10%, 250=0.10%, 500=0.29%, 750=0.29%, 1000=0.39%
  lat (msec)   : 2=1.37%, 4=2.75%, 10=56.13%, 20=38.57%
  cpu          : usr=7.23%, sys=39.76%, ctx=2039, majf=0, minf=181
  IO depths    : 1=0.1%, 2=0.2%, 4=0.4%, 8=0.8%, 16=1.6%, 32=3.1%, >=64=93.8%
     submit    : 0=0.0%, 4=100.0%, 8=0.0%, 16=0.0%, 32=0.0%, 64=0.0%, >=64=0.0%
     complete  : 0=0.0%, 4=99.9%, 8=0.0%, 16=0.0%, 32=0.0%, 64=0.0%, >=64=0.1%
     issued rwts: total=1019,0,0,0 short=0,0,0,0 dropped=0,0,0,0
     latency   : target=0, window=0, percentile=100.00%, depth=128

Run status group 0 (all jobs):
   READ: bw=47.4MiB/s (49.7MB/s), 47.4MiB/s-47.4MiB/s (49.7MB/s-49.7MB/s), io=4076KiB (4174kB), run=84-84msec
