jobs1: (g=0): rw=write, bs=(R) 4096B-4096B, (W) 4096B-4096B, (T) 4096B-4096B, ioengine=libaio, iodepth=128
fio-3.28
Starting 1 process
jobs1: Laying out IO files (1024 files / total 30720MiB)
fio: pid=1155415, err=24/file:filesetup.c:805, func=open(/home/sevag/tmpfs//f1018), error=Too many open files

jobs1: (groupid=0, jobs=1): err=24 (file:filesetup.c:805, func=open(/home/sevag/tmpfs//f1018), error=Too many open files): pid=1155415: Wed Jul 26 08:46:47 2023
  write: IOPS=78.4k, BW=306MiB/s (321MB/s)(4076KiB/13msec); 0 zone resets
    slat (nsec): min=2826, max=24472, avg=4130.57, stdev=829.47
    clat (usec): min=56, max=1651, avg=1488.45, stdev=302.61
     lat (usec): min=60, max=1655, avg=1492.79, stdev=302.92
    clat percentiles (usec):
     |  1.00th=[  285],  5.00th=[  668], 10.00th=[ 1172], 20.00th=[ 1467],
     | 30.00th=[ 1565], 40.00th=[ 1614], 50.00th=[ 1614], 60.00th=[ 1614],
     | 70.00th=[ 1631], 80.00th=[ 1631], 90.00th=[ 1631], 95.00th=[ 1647],
     | 99.00th=[ 1647], 99.50th=[ 1647], 99.90th=[ 1647], 99.95th=[ 1647],
     | 99.99th=[ 1647]
  lat (usec)   : 100=0.10%, 250=0.59%, 500=2.55%, 750=2.55%, 1000=2.55%
  lat (msec)   : 2=91.66%
  cpu          : usr=50.00%, sys=41.67%, ctx=0, majf=0, minf=24
  IO depths    : 1=0.1%, 2=0.2%, 4=0.4%, 8=0.8%, 16=1.6%, 32=3.1%, >=64=93.8%
     submit    : 0=0.0%, 4=100.0%, 8=0.0%, 16=0.0%, 32=0.0%, 64=0.0%, >=64=0.0%
     complete  : 0=0.0%, 4=99.9%, 8=0.0%, 16=0.0%, 32=0.0%, 64=0.0%, >=64=0.1%
     issued rwts: total=0,1019,0,0 short=0,0,0,0 dropped=0,0,0,0
     latency   : target=0, window=0, percentile=100.00%, depth=128

Run status group 0 (all jobs):
  WRITE: bw=306MiB/s (321MB/s), 306MiB/s-306MiB/s (321MB/s-321MB/s), io=4076KiB (4174kB), run=13-13msec
