jobs1: (g=0): rw=write, bs=(R) 512KiB-512KiB, (W) 512KiB-512KiB, (T) 512KiB-512KiB, ioengine=libaio, iodepth=128
fio-3.28
Starting 1 process
jobs1: Laying out IO file (1 file / 30720MiB)

jobs1: (groupid=0, jobs=1): err= 0: pid=188444: Tue Jul 25 20:04:44 2023
  write: IOPS=5768, BW=2884MiB/s (3024MB/s)(30.0GiB/10651msec); 0 zone resets
    slat (usec): min=143, max=301, avg=172.22, stdev=38.34
    clat (usec): min=2, max=34833, avg=21979.73, stdev=4887.57
     lat (usec): min=159, max=35113, avg=22152.10, stdev=4925.33
    clat percentiles (usec):
     |  1.00th=[20055],  5.00th=[20055], 10.00th=[20055], 20.00th=[20055],
     | 30.00th=[20055], 40.00th=[20055], 50.00th=[20055], 60.00th=[20055],
     | 70.00th=[20055], 80.00th=[20055], 90.00th=[34341], 95.00th=[34341],
     | 99.00th=[34341], 99.50th=[34341], 99.90th=[34866], 99.95th=[34866],
     | 99.99th=[34866]
   bw (  MiB/s): min= 1725, max= 3168, per=99.70%, avg=2875.62, stdev=548.31, samples=21
   iops        : min= 3450, max= 6336, avg=5751.24, stdev=1096.63, samples=21
  lat (usec)   : 4=0.01%, 250=0.01%, 500=0.01%, 750=0.01%, 1000=0.01%
  lat (msec)   : 2=0.01%, 4=0.02%, 10=0.06%, 20=9.27%, 50=90.63%
  cpu          : usr=9.69%, sys=90.32%, ctx=17, majf=0, minf=12
  IO depths    : 1=0.1%, 2=0.1%, 4=0.1%, 8=0.1%, 16=0.1%, 32=0.1%, >=64=99.9%
     submit    : 0=0.0%, 4=100.0%, 8=0.0%, 16=0.0%, 32=0.0%, 64=0.0%, >=64=0.0%
     complete  : 0=0.0%, 4=100.0%, 8=0.0%, 16=0.0%, 32=0.0%, 64=0.0%, >=64=0.1%
     issued rwts: total=0,61440,0,0 short=0,0,0,0 dropped=0,0,0,0
     latency   : target=0, window=0, percentile=100.00%, depth=128

Run status group 0 (all jobs):
  WRITE: bw=2884MiB/s (3024MB/s), 2884MiB/s-2884MiB/s (3024MB/s-3024MB/s), io=30.0GiB (32.2GB), run=10651-10651msec
