jobs1: (g=0): rw=write, bs=(R) 32.0KiB-32.0KiB, (W) 32.0KiB-32.0KiB, (T) 32.0KiB-32.0KiB, ioengine=libaio, iodepth=128
...
fio-3.28
Starting 16 processes
jobs1: Laying out IO files (1024 files / total 30720MiB)
fio: pid=1168397, err=24/file:filesetup.c:805, func=open(/home/sevag/ramdisk//f1018), error=Too many open files

jobs1: (groupid=0, jobs=16): err=24 (file:filesetup.c:805, func=open(/home/sevag/ramdisk//f1018), error=Too many open files): pid=1168397: Wed Jul 26 09:25:02 2023
  write: IOPS=32.9k, BW=1027MiB/s (1077MB/s)(31.8MiB/31msec); 0 zone resets
    slat (usec): min=13, max=106, avg=22.28, stdev=10.67
    clat (usec): min=37, max=6058, avg=3363.75, stdev=1001.91
     lat (usec): min=54, max=6093, avg=3386.22, stdev=1008.21
    clat percentiles (usec):
     |  1.00th=[  326],  5.00th=[ 1205], 10.00th=[ 2311], 20.00th=[ 2966],
     | 30.00th=[ 3163], 40.00th=[ 3163], 50.00th=[ 3195], 60.00th=[ 3458],
     | 70.00th=[ 3916], 80.00th=[ 3982], 90.00th=[ 4490], 95.00th=[ 4883],
     | 99.00th=[ 5997], 99.50th=[ 6063], 99.90th=[ 6063], 99.95th=[ 6063],
     | 99.99th=[ 6063]
  lat (usec)   : 50=0.10%, 250=0.59%, 500=1.18%, 750=1.08%, 1000=1.08%
  lat (msec)   : 2=4.51%, 4=73.80%, 10=17.66%
  cpu          : usr=0.00%, sys=90.00%, ctx=0, majf=0, minf=48
  IO depths    : 1=0.1%, 2=0.2%, 4=0.4%, 8=0.8%, 16=1.6%, 32=3.1%, >=64=93.8%
     submit    : 0=0.0%, 4=100.0%, 8=0.0%, 16=0.0%, 32=0.0%, 64=0.0%, >=64=0.0%
     complete  : 0=0.0%, 4=99.9%, 8=0.0%, 16=0.0%, 32=0.0%, 64=0.0%, >=64=0.1%
     issued rwts: total=0,1019,0,0 short=0,0,0,0 dropped=0,0,0,0
     latency   : target=0, window=0, percentile=100.00%, depth=128

Run status group 0 (all jobs):
  WRITE: bw=1027MiB/s (1077MB/s), 1027MiB/s-1027MiB/s (1077MB/s-1077MB/s), io=31.8MiB (33.4MB), run=31-31msec
