jobs1: (g=0): rw=write, bs=(R) 4096B-4096B, (W) 4096B-4096B, (T) 4096B-4096B, ioengine=libaio, iodepth=128
...
fio-3.28
Starting 16 processes
jobs1: Laying out IO files (128 files / total 30720MiB)

jobs1: (groupid=0, jobs=16): err= 0: pid=532438: Wed Jul 26 00:40:09 2023
  write: IOPS=366k, BW=1430MiB/s (1499MB/s)(30.0GiB/21482msec); 0 zone resets
    slat (nsec): min=1410, max=48400k, avg=2194.25, stdev=61972.50
    clat (nsec): min=1485, max=267379k, avg=345709.03, stdev=1058847.50
     lat (usec): min=3, max=267415, avg=347.97, stdev=1062.75
    clat percentiles (usec):
     |  1.00th=[  273],  5.00th=[  277], 10.00th=[  277], 20.00th=[  281],
     | 30.00th=[  281], 40.00th=[  285], 50.00th=[  289], 60.00th=[  293],
     | 70.00th=[  302], 80.00th=[  338], 90.00th=[  379], 95.00th=[  420],
     | 99.00th=[  506], 99.50th=[  603], 99.90th=[11338], 99.95th=[11994],
     | 99.99th=[17957]
   bw (  MiB/s): min=  520, max= 1565, per=100.00%, avg=1435.79, stdev=191.83, samples=42
   iops        : min=133180, max=400662, avg=367563.12, stdev=49109.19, samples=42
  lat (usec)   : 2=0.01%, 4=0.01%, 10=0.01%, 20=0.01%, 50=0.01%
  lat (usec)   : 100=0.01%, 250=0.01%, 500=98.87%, 750=0.68%, 1000=0.09%
  lat (msec)   : 2=0.06%, 4=0.01%, 10=0.08%, 20=0.20%, 50=0.01%
  lat (msec)   : 100=0.01%, 250=0.01%, 500=0.01%
  cpu          : usr=19.20%, sys=70.09%, ctx=3036, majf=1, minf=54
  IO depths    : 1=0.1%, 2=0.1%, 4=0.1%, 8=0.1%, 16=0.1%, 32=0.1%, >=64=100.0%
     submit    : 0=0.0%, 4=100.0%, 8=0.0%, 16=0.0%, 32=0.0%, 64=0.0%, >=64=0.0%
     complete  : 0=0.0%, 4=100.0%, 8=0.0%, 16=0.0%, 32=0.0%, 64=0.0%, >=64=0.1%
     issued rwts: total=0,7864320,0,0 short=0,0,0,0 dropped=0,0,0,0
     latency   : target=0, window=0, percentile=100.00%, depth=128

Run status group 0 (all jobs):
  WRITE: bw=1430MiB/s (1499MB/s), 1430MiB/s-1430MiB/s (1499MB/s-1499MB/s), io=30.0GiB (32.2GB), run=21482-21482msec
