jobs1: (g=0): rw=write, bs=(R) 512KiB-512KiB, (W) 512KiB-512KiB, (T) 512KiB-512KiB, ioengine=libaio, iodepth=128
fio-3.28
Starting 1 process
jobs1: Laying out IO files (64 files / total 30720MiB)

jobs1: (groupid=0, jobs=1): err= 0: pid=512104: Tue Jul 25 23:46:27 2023
  write: IOPS=4428, BW=2214MiB/s (2322MB/s)(30.0GiB/13873msec); 0 zone resets
    slat (usec): min=162, max=376009, avg=224.42, stdev=1575.05
    clat (usec): min=2, max=74644, avg=27812.48, stdev=5721.46
     lat (usec): min=187, max=450655, avg=28037.04, stdev=5992.37
    clat percentiles (usec):
     |  1.00th=[23987],  5.00th=[24249], 10.00th=[24249], 20.00th=[24249],
     | 30.00th=[24511], 40.00th=[24511], 50.00th=[24773], 60.00th=[25297],
     | 70.00th=[28443], 80.00th=[31065], 90.00th=[36439], 95.00th=[41157],
     | 99.00th=[45876], 99.50th=[46924], 99.90th=[51119], 99.95th=[66323],
     | 99.99th=[72877]
   bw (  MiB/s): min=  165, max= 2583, per=99.57%, avg=2204.89, stdev=470.70, samples=27
   iops        : min=  330, max= 5166, avg=4409.78, stdev=941.41, samples=27
  lat (usec)   : 4=0.01%, 250=0.01%, 500=0.01%, 750=0.01%, 1000=0.01%
  lat (msec)   : 2=0.01%, 4=0.01%, 10=0.05%, 20=0.08%, 50=99.67%
  lat (msec)   : 100=0.16%
  cpu          : usr=7.89%, sys=82.45%, ctx=1007, majf=0, minf=14
  IO depths    : 1=0.1%, 2=0.1%, 4=0.1%, 8=0.1%, 16=0.1%, 32=0.1%, >=64=99.9%
     submit    : 0=0.0%, 4=100.0%, 8=0.0%, 16=0.0%, 32=0.0%, 64=0.0%, >=64=0.0%
     complete  : 0=0.0%, 4=100.0%, 8=0.0%, 16=0.0%, 32=0.0%, 64=0.0%, >=64=0.1%
     issued rwts: total=0,61440,0,0 short=0,0,0,0 dropped=0,0,0,0
     latency   : target=0, window=0, percentile=100.00%, depth=128

Run status group 0 (all jobs):
  WRITE: bw=2214MiB/s (2322MB/s), 2214MiB/s-2214MiB/s (2322MB/s-2322MB/s), io=30.0GiB (32.2GB), run=13873-13873msec
