jobs1: (g=0): rw=write, bs=(R) 32.0KiB-32.0KiB, (W) 32.0KiB-32.0KiB, (T) 32.0KiB-32.0KiB, ioengine=libaio, iodepth=128
fio-3.28
Starting 1 process
jobs1: Laying out IO files (512 files / total 30720MiB)

jobs1: (groupid=0, jobs=1): err= 0: pid=1098668: Wed Jul 26 05:55:26 2023
  write: IOPS=32.2k, BW=1006MiB/s (1055MB/s)(30.0GiB/30537msec); 0 zone resets
    slat (usec): min=14, max=135070, avg=29.84, stdev=351.39
    clat (usec): min=2, max=394986, avg=3900.80, stdev=4117.21
     lat (usec): min=20, max=395062, avg=3930.76, stdev=4152.56
    clat percentiles (usec):
     |  1.00th=[ 2245],  5.00th=[ 2311], 10.00th=[ 2343], 20.00th=[ 2376],
     | 30.00th=[ 2376], 40.00th=[ 2442], 50.00th=[ 2474], 60.00th=[ 2507],
     | 70.00th=[ 2540], 80.00th=[ 2737], 90.00th=[10945], 95.00th=[13698],
     | 99.00th=[20055], 99.50th=[23987], 99.90th=[28705], 99.95th=[31065],
     | 99.99th=[45876]
   bw (  KiB/s): min=23872, max=1214720, per=100.00%, avg=1030459.80, stdev=162840.60, samples=61
   iops        : min=  746, max=37960, avg=32201.90, stdev=5088.78, samples=61
  lat (usec)   : 4=0.01%, 50=0.01%, 100=0.01%, 250=0.01%, 500=0.01%
  lat (usec)   : 750=0.01%, 1000=0.01%
  lat (msec)   : 2=0.01%, 4=86.21%, 10=2.76%, 20=10.00%, 50=1.00%
  lat (msec)   : 100=0.01%, 250=0.01%, 500=0.01%
  cpu          : usr=6.26%, sys=59.01%, ctx=16648, majf=0, minf=19
  IO depths    : 1=0.1%, 2=0.1%, 4=0.1%, 8=0.1%, 16=0.1%, 32=0.1%, >=64=100.0%
     submit    : 0=0.0%, 4=100.0%, 8=0.0%, 16=0.0%, 32=0.0%, 64=0.0%, >=64=0.0%
     complete  : 0=0.0%, 4=100.0%, 8=0.0%, 16=0.0%, 32=0.0%, 64=0.0%, >=64=0.1%
     issued rwts: total=0,983040,0,0 short=0,0,0,0 dropped=0,0,0,0
     latency   : target=0, window=0, percentile=100.00%, depth=128

Run status group 0 (all jobs):
  WRITE: bw=1006MiB/s (1055MB/s), 1006MiB/s-1006MiB/s (1055MB/s-1055MB/s), io=30.0GiB (32.2GB), run=30537-30537msec
