jobs1: (g=0): rw=write, bs=(R) 128KiB-128KiB, (W) 128KiB-128KiB, (T) 128KiB-128KiB, ioengine=libaio, iodepth=128
fio-3.28
Starting 1 process
jobs1: Laying out IO files (1024 files / total 30720MiB)
fio: pid=1179203, err=24/file:filesetup.c:805, func=open(/home/sevag/ramdisk//f1018), error=Too many open files

jobs1: (groupid=0, jobs=1): err=24 (file:filesetup.c:805, func=open(/home/sevag/ramdisk//f1018), error=Too many open files): pid=1179203: Wed Jul 26 09:58:47 2023
  write: IOPS=14.6k, BW=1820MiB/s (1908MB/s)(127MiB/70msec); 0 zone resets
    slat (usec): min=51, max=105, avg=61.80, stdev= 6.69
    clat (usec): min=40, max=10026, avg=7959.86, stdev=1687.95
     lat (usec): min=100, max=10098, avg=8021.79, stdev=1690.32
    clat percentiles (usec):
     |  1.00th=[  734],  5.00th=[ 3326], 10.00th=[ 6718], 20.00th=[ 8291],
     | 30.00th=[ 8291], 40.00th=[ 8291], 50.00th=[ 8291], 60.00th=[ 8356],
     | 70.00th=[ 8356], 80.00th=[ 8586], 90.00th=[ 8979], 95.00th=[ 9241],
     | 99.00th=[ 9896], 99.50th=[10028], 99.90th=[10028], 99.95th=[10028],
     | 99.99th=[10028]
  lat (usec)   : 50=0.10%, 250=0.10%, 500=0.49%, 750=0.39%, 1000=0.39%
  lat (msec)   : 2=1.47%, 4=2.94%, 10=93.72%, 20=0.39%
  cpu          : usr=5.80%, sys=91.30%, ctx=0, majf=0, minf=25
  IO depths    : 1=0.1%, 2=0.2%, 4=0.4%, 8=0.8%, 16=1.6%, 32=3.1%, >=64=93.8%
     submit    : 0=0.0%, 4=100.0%, 8=0.0%, 16=0.0%, 32=0.0%, 64=0.0%, >=64=0.0%
     complete  : 0=0.0%, 4=99.9%, 8=0.0%, 16=0.0%, 32=0.0%, 64=0.0%, >=64=0.1%
     issued rwts: total=0,1019,0,0 short=0,0,0,0 dropped=0,0,0,0
     latency   : target=0, window=0, percentile=100.00%, depth=128

Run status group 0 (all jobs):
  WRITE: bw=1820MiB/s (1908MB/s), 1820MiB/s-1820MiB/s (1908MB/s-1908MB/s), io=127MiB (134MB), run=70-70msec
