jobs1: (g=0): rw=write, bs=(R) 128KiB-128KiB, (W) 128KiB-128KiB, (T) 128KiB-128KiB, ioengine=libaio, iodepth=128
...
fio-3.28
Starting 16 processes
jobs1: Laying out IO files (64 files / total 30720MiB)

jobs1: (groupid=0, jobs=16): err= 0: pid=493435: Tue Jul 25 23:01:47 2023
  write: IOPS=40.9k, BW=5117MiB/s (5366MB/s)(30.0GiB/6003msec); 0 zone resets
    slat (nsec): min=18247, max=64614, avg=23845.53, stdev=6250.62
    clat (nsec): min=1346, max=5950.8k, avg=3100394.36, stdev=801794.03
     lat (usec): min=21, max=6012, avg=3124.30, stdev=807.98
    clat percentiles (usec):
     |  1.00th=[ 2671],  5.00th=[ 2704], 10.00th=[ 2704], 20.00th=[ 2704],
     | 30.00th=[ 2704], 40.00th=[ 2704], 50.00th=[ 2704], 60.00th=[ 2704],
     | 70.00th=[ 2704], 80.00th=[ 3130], 90.00th=[ 4752], 95.00th=[ 4752],
     | 99.00th=[ 4817], 99.50th=[ 4817], 99.90th=[ 4817], 99.95th=[ 4883],
     | 99.99th=[ 5604]
   bw (  MiB/s): min= 3331, max= 5878, per=99.86%, avg=5110.38, stdev=1159.23, samples=11
   iops        : min=26650, max=47028, avg=40883.00, stdev=9273.88, samples=11
  lat (usec)   : 2=0.01%, 50=0.01%, 100=0.01%, 250=0.01%, 500=0.01%
  lat (usec)   : 750=0.01%, 1000=0.01%
  lat (msec)   : 2=0.02%, 4=81.17%, 10=18.79%
  cpu          : usr=10.55%, sys=89.40%, ctx=6, majf=0, minf=37
  IO depths    : 1=0.1%, 2=0.1%, 4=0.1%, 8=0.1%, 16=0.1%, 32=0.1%, >=64=100.0%
     submit    : 0=0.0%, 4=100.0%, 8=0.0%, 16=0.0%, 32=0.0%, 64=0.0%, >=64=0.0%
     complete  : 0=0.0%, 4=100.0%, 8=0.0%, 16=0.0%, 32=0.0%, 64=0.0%, >=64=0.1%
     issued rwts: total=0,245760,0,0 short=0,0,0,0 dropped=0,0,0,0
     latency   : target=0, window=0, percentile=100.00%, depth=128

Run status group 0 (all jobs):
  WRITE: bw=5117MiB/s (5366MB/s), 5117MiB/s-5117MiB/s (5366MB/s-5366MB/s), io=30.0GiB (32.2GB), run=6003-6003msec
