jobs1: (g=0): rw=write, bs=(R) 128KiB-128KiB, (W) 128KiB-128KiB, (T) 128KiB-128KiB, ioengine=libaio, iodepth=128
fio-3.28
Starting 1 process
jobs1: Laying out IO file (1 file / 30720MiB)

jobs1: (groupid=0, jobs=1): err= 0: pid=175092: Tue Jul 25 19:22:59 2023
  write: IOPS=27.6k, BW=3455MiB/s (3623MB/s)(30.0GiB/8892msec); 0 zone resets
    slat (nsec): min=27528, max=86888, avg=35593.62, stdev=9238.92
    clat (nsec): min=1416, max=9154.1k, avg=4592687.25, stdev=1177373.55
     lat (usec): min=33, max=9228, avg=4628.36, stdev=1186.52
    clat percentiles (usec):
     |  1.00th=[ 4047],  5.00th=[ 4047], 10.00th=[ 4047], 20.00th=[ 4047],
     | 30.00th=[ 4047], 40.00th=[ 4047], 50.00th=[ 4080], 60.00th=[ 4080],
     | 70.00th=[ 4080], 80.00th=[ 4080], 90.00th=[ 7242], 95.00th=[ 7242],
     | 99.00th=[ 7242], 99.50th=[ 7242], 99.90th=[ 7635], 99.95th=[ 7963],
     | 99.99th=[ 8848]
   bw (  MiB/s): min= 2165, max= 3913, per=99.39%, avg=3433.76, stdev=769.61, samples=17
   iops        : min=17324, max=31308, avg=27470.12, stdev=6156.87, samples=17
  lat (usec)   : 2=0.01%, 50=0.01%, 100=0.01%, 250=0.01%, 500=0.01%
  lat (usec)   : 750=0.01%, 1000=0.01%
  lat (msec)   : 2=0.01%, 4=0.03%, 10=99.95%
  cpu          : usr=6.78%, sys=93.21%, ctx=14, majf=0, minf=13
  IO depths    : 1=0.1%, 2=0.1%, 4=0.1%, 8=0.1%, 16=0.1%, 32=0.1%, >=64=100.0%
     submit    : 0=0.0%, 4=100.0%, 8=0.0%, 16=0.0%, 32=0.0%, 64=0.0%, >=64=0.0%
     complete  : 0=0.0%, 4=100.0%, 8=0.0%, 16=0.0%, 32=0.0%, 64=0.0%, >=64=0.1%
     issued rwts: total=0,245760,0,0 short=0,0,0,0 dropped=0,0,0,0
     latency   : target=0, window=0, percentile=100.00%, depth=128

Run status group 0 (all jobs):
  WRITE: bw=3455MiB/s (3623MB/s), 3455MiB/s-3455MiB/s (3623MB/s-3623MB/s), io=30.0GiB (32.2GB), run=8892-8892msec
