jobs1: (g=0): rw=write, bs=(R) 4096B-4096B, (W) 4096B-4096B, (T) 4096B-4096B, ioengine=libaio, iodepth=128
...
fio-3.28
Starting 16 processes
jobs1: Laying out IO file (1 file / 30720MiB)

jobs1: (groupid=0, jobs=16): err= 0: pid=11736: Tue Jul 25 17:31:24 2023
  write: IOPS=301k, BW=1176MiB/s (1233MB/s)(30.0GiB/26126msec); 0 zone resets
    slat (nsec): min=1387, max=134977k, avg=2687.82, stdev=74261.15
    clat (nsec): min=1179, max=215698k, avg=419690.65, stdev=768261.25
     lat (usec): min=3, max=215741, avg=422.46, stdev=774.30
    clat percentiles (usec):
     |  1.00th=[  262],  5.00th=[  265], 10.00th=[  265], 20.00th=[  265],
     | 30.00th=[  269], 40.00th=[  285], 50.00th=[  343], 60.00th=[  367],
     | 70.00th=[  429], 80.00th=[  437], 90.00th=[  594], 95.00th=[  709],
     | 99.00th=[ 1287], 99.50th=[ 1336], 99.90th=[11863], 99.95th=[14353],
     | 99.99th=[17433]
   bw (  MiB/s): min=  696, max= 1531, per=99.97%, avg=1175.52, stdev=269.49, samples=51
   iops        : min=178334, max=392012, avg=300934.00, stdev=68990.24, samples=51
  lat (usec)   : 2=0.01%, 4=0.01%, 10=0.01%, 20=0.01%, 50=0.01%
  lat (usec)   : 100=0.01%, 250=0.01%, 500=86.07%, 750=10.08%, 1000=1.07%
  lat (msec)   : 2=2.50%, 10=0.06%, 20=0.20%, 50=0.01%, 100=0.01%
  lat (msec)   : 250=0.01%
  cpu          : usr=19.16%, sys=72.85%, ctx=1689, majf=0, minf=37
  IO depths    : 1=0.1%, 2=0.1%, 4=0.1%, 8=0.1%, 16=0.1%, 32=0.1%, >=64=100.0%
     submit    : 0=0.0%, 4=100.0%, 8=0.0%, 16=0.0%, 32=0.0%, 64=0.0%, >=64=0.0%
     complete  : 0=0.0%, 4=100.0%, 8=0.0%, 16=0.0%, 32=0.0%, 64=0.0%, >=64=0.1%
     issued rwts: total=0,7864320,0,0 short=0,0,0,0 dropped=0,0,0,0
     latency   : target=0, window=0, percentile=100.00%, depth=128

Run status group 0 (all jobs):
  WRITE: bw=1176MiB/s (1233MB/s), 1176MiB/s-1176MiB/s (1233MB/s-1233MB/s), io=30.0GiB (32.2GB), run=26126-26126msec
