jobs1: (g=0): rw=write, bs=(R) 128KiB-128KiB, (W) 128KiB-128KiB, (T) 128KiB-128KiB, ioengine=libaio, iodepth=128
...
fio-3.28
Starting 16 processes
jobs1: Laying out IO files (512 files / total 30720MiB)

jobs1: (groupid=0, jobs=16): err= 0: pid=1131750: Wed Jul 26 06:58:07 2023
  write: IOPS=7668, BW=959MiB/s (1005MB/s)(30.0GiB/32050msec); 0 zone resets
    slat (usec): min=58, max=159462, avg=128.26, stdev=859.52
    clat (usec): min=2, max=511441, avg=16241.39, stdev=6894.45
     lat (usec): min=74, max=668860, avg=16369.82, stdev=7037.81
    clat percentiles (usec):
     |  1.00th=[ 9634],  5.00th=[ 9765], 10.00th=[ 9896], 20.00th=[10028],
     | 30.00th=[10159], 40.00th=[10683], 50.00th=[13829], 60.00th=[19006],
     | 70.00th=[20579], 80.00th=[21627], 90.00th=[23987], 95.00th=[27132],
     | 99.00th=[37487], 99.50th=[41157], 99.90th=[51119], 99.95th=[61080],
     | 99.99th=[70779]
   bw (  KiB/s): min=561152, max=1223936, per=100.00%, avg=1001184.45, stdev=110873.84, samples=62
   iops        : min= 4384, max= 9562, avg=7821.68, stdev=866.18, samples=62
  lat (usec)   : 4=0.01%, 100=0.01%, 500=0.01%, 750=0.01%, 1000=0.01%
  lat (msec)   : 2=0.01%, 4=0.01%, 10=17.91%, 20=49.14%, 50=32.81%
  lat (msec)   : 100=0.11%, 250=0.01%, 500=0.01%, 750=0.01%
  cpu          : usr=6.36%, sys=59.02%, ctx=17046, majf=0, minf=45
  IO depths    : 1=0.1%, 2=0.1%, 4=0.1%, 8=0.1%, 16=0.1%, 32=0.1%, >=64=100.0%
     submit    : 0=0.0%, 4=100.0%, 8=0.0%, 16=0.0%, 32=0.0%, 64=0.0%, >=64=0.0%
     complete  : 0=0.0%, 4=100.0%, 8=0.0%, 16=0.0%, 32=0.0%, 64=0.0%, >=64=0.1%
     issued rwts: total=0,245760,0,0 short=0,0,0,0 dropped=0,0,0,0
     latency   : target=0, window=0, percentile=100.00%, depth=128

Run status group 0 (all jobs):
  WRITE: bw=959MiB/s (1005MB/s), 959MiB/s-959MiB/s (1005MB/s-1005MB/s), io=30.0GiB (32.2GB), run=32050-32050msec
