jobs1: (g=0): rw=write, bs=(R) 4096B-4096B, (W) 4096B-4096B, (T) 4096B-4096B, ioengine=libaio, iodepth=128
...
fio-3.28
Starting 32 processes
jobs1: Laying out IO file (1 file / 30720MiB)

jobs1: (groupid=0, jobs=32): err= 0: pid=65974: Tue Jul 25 17:38:30 2023
  write: IOPS=501k, BW=1956MiB/s (2051MB/s)(30.0GiB/15709msec); 0 zone resets
    slat (nsec): min=1183, max=76063, avg=1503.58, stdev=424.42
    clat (nsec): min=1123, max=973009, avg=253910.77, stdev=46632.18
     lat (usec): min=3, max=979, avg=255.48, stdev=46.92
    clat percentiles (usec):
     |  1.00th=[  235],  5.00th=[  237], 10.00th=[  237], 20.00th=[  239],
     | 30.00th=[  239], 40.00th=[  239], 50.00th=[  239], 60.00th=[  241],
     | 70.00th=[  241], 80.00th=[  241], 90.00th=[  247], 95.00th=[  396],
     | 99.00th=[  404], 99.50th=[  404], 99.90th=[  420], 99.95th=[  506],
     | 99.99th=[  922]
   bw (  MiB/s): min= 1228, max= 2080, per=100.00%, avg=1960.38, stdev=282.83, samples=31
   iops        : min=314552, max=532590, avg=501856.74, stdev=72404.20, samples=31
  lat (usec)   : 2=0.01%, 4=0.01%, 10=0.01%, 20=0.01%, 50=0.01%
  lat (usec)   : 100=0.01%, 250=90.35%, 500=9.59%, 750=0.04%, 1000=0.02%
  cpu          : usr=24.39%, sys=75.64%, ctx=24, majf=0, minf=62
  IO depths    : 1=0.1%, 2=0.1%, 4=0.1%, 8=0.1%, 16=0.1%, 32=0.1%, >=64=100.0%
     submit    : 0=0.0%, 4=100.0%, 8=0.0%, 16=0.0%, 32=0.0%, 64=0.0%, >=64=0.0%
     complete  : 0=0.0%, 4=100.0%, 8=0.0%, 16=0.0%, 32=0.0%, 64=0.0%, >=64=0.1%
     issued rwts: total=0,7864320,0,0 short=0,0,0,0 dropped=0,0,0,0
     latency   : target=0, window=0, percentile=100.00%, depth=128

Run status group 0 (all jobs):
  WRITE: bw=1956MiB/s (2051MB/s), 1956MiB/s-1956MiB/s (2051MB/s-2051MB/s), io=30.0GiB (32.2GB), run=15709-15709msec
