jobs1: (g=0): rw=write, bs=(R) 512KiB-512KiB, (W) 512KiB-512KiB, (T) 512KiB-512KiB, ioengine=libaio, iodepth=128
fio-3.28
Starting 1 process
jobs1: Laying out IO files (64 files / total 30720MiB)

jobs1: (groupid=0, jobs=1): err= 0: pid=511772: Tue Jul 25 23:45:41 2023
  write: IOPS=2971, BW=1486MiB/s (1558MB/s)(30.0GiB/20673msec); 0 zone resets
    slat (usec): min=169, max=612781, avg=334.63, stdev=2714.66
    clat (usec): min=2, max=249335, avg=40994.62, stdev=9148.21
     lat (usec): min=235, max=862119, avg=41329.49, stdev=9774.38
    clat percentiles (usec):
     |  1.00th=[24249],  5.00th=[25297], 10.00th=[32113], 20.00th=[35390],
     | 30.00th=[36963], 40.00th=[36963], 50.00th=[37487], 60.00th=[42730],
     | 70.00th=[45876], 80.00th=[47973], 90.00th=[54789], 95.00th=[56886],
     | 99.00th=[63701], 99.50th=[66847], 99.90th=[77071], 99.95th=[79168],
     | 99.99th=[84411]
   bw (  MiB/s): min=  297, max= 1996, per=100.00%, avg=1523.02, stdev=324.92, samples=40
   iops        : min=  594, max= 3992, avg=3046.05, stdev=649.85, samples=40
  lat (usec)   : 4=0.01%, 250=0.01%, 750=0.01%, 1000=0.01%
  lat (msec)   : 2=0.01%, 4=0.01%, 10=0.03%, 20=0.05%, 50=84.06%
  lat (msec)   : 100=15.83%, 250=0.01%
  cpu          : usr=6.80%, sys=72.23%, ctx=943, majf=0, minf=14
  IO depths    : 1=0.1%, 2=0.1%, 4=0.1%, 8=0.1%, 16=0.1%, 32=0.1%, >=64=99.9%
     submit    : 0=0.0%, 4=100.0%, 8=0.0%, 16=0.0%, 32=0.0%, 64=0.0%, >=64=0.0%
     complete  : 0=0.0%, 4=100.0%, 8=0.0%, 16=0.0%, 32=0.0%, 64=0.0%, >=64=0.1%
     issued rwts: total=0,61440,0,0 short=0,0,0,0 dropped=0,0,0,0
     latency   : target=0, window=0, percentile=100.00%, depth=128

Run status group 0 (all jobs):
  WRITE: bw=1486MiB/s (1558MB/s), 1486MiB/s-1486MiB/s (1558MB/s-1558MB/s), io=30.0GiB (32.2GB), run=20673-20673msec
