jobs1: (g=0): rw=write, bs=(R) 512KiB-512KiB, (W) 512KiB-512KiB, (T) 512KiB-512KiB, ioengine=libaio, iodepth=128
...
fio-3.28
Starting 32 processes
jobs1: Laying out IO files (512 files / total 30720MiB)

jobs1: (groupid=0, jobs=32): err= 0: pid=1145885: Wed Jul 26 08:00:01 2023
  write: IOPS=8371, BW=4186MiB/s (4389MB/s)(30.0GiB/7339msec); 0 zone resets
    slat (usec): min=98, max=208, avg=118.42, stdev=14.82
    clat (usec): min=2, max=19836, avg=15148.36, stdev=1824.16
     lat (usec): min=121, max=19994, avg=15266.91, stdev=1837.68
    clat percentiles (usec):
     |  1.00th=[14222],  5.00th=[14222], 10.00th=[14222], 20.00th=[14353],
     | 30.00th=[14353], 40.00th=[14353], 50.00th=[14353], 60.00th=[14484],
     | 70.00th=[14484], 80.00th=[14484], 90.00th=[19268], 95.00th=[19268],
     | 99.00th=[19530], 99.50th=[19530], 99.90th=[19530], 99.95th=[19530],
     | 99.99th=[19792]
   bw (  MiB/s): min= 3202, max= 4422, per=100.00%, avg=4191.26, stdev=457.35, samples=14
   iops        : min= 6405, max= 8844, avg=8382.43, stdev=914.77, samples=14
  lat (usec)   : 4=0.01%, 250=0.01%, 500=0.01%, 750=0.01%, 1000=0.01%
  lat (msec)   : 2=0.01%, 4=0.03%, 10=0.09%, 20=99.86%
  cpu          : usr=12.54%, sys=87.48%, ctx=22, majf=0, minf=80
  IO depths    : 1=0.1%, 2=0.1%, 4=0.1%, 8=0.1%, 16=0.1%, 32=0.1%, >=64=99.9%
     submit    : 0=0.0%, 4=100.0%, 8=0.0%, 16=0.0%, 32=0.0%, 64=0.0%, >=64=0.0%
     complete  : 0=0.0%, 4=100.0%, 8=0.0%, 16=0.0%, 32=0.0%, 64=0.0%, >=64=0.1%
     issued rwts: total=0,61440,0,0 short=0,0,0,0 dropped=0,0,0,0
     latency   : target=0, window=0, percentile=100.00%, depth=128

Run status group 0 (all jobs):
  WRITE: bw=4186MiB/s (4389MB/s), 4186MiB/s-4186MiB/s (4389MB/s-4389MB/s), io=30.0GiB (32.2GB), run=7339-7339msec
