jobs1: (g=0): rw=write, bs=(R) 512KiB-512KiB, (W) 512KiB-512KiB, (T) 512KiB-512KiB, ioengine=libaio, iodepth=128
...
fio-3.28
Starting 32 processes
jobs1: Laying out IO files (128 files / total 30720MiB)

jobs1: (groupid=0, jobs=32): err= 0: pid=855726: Wed Jul 26 03:50:14 2023
  write: IOPS=5715, BW=2858MiB/s (2996MB/s)(30.0GiB/10750msec); 0 zone resets
    slat (usec): min=141, max=2529, avg=173.85, stdev=45.94
    clat (usec): min=2, max=58882, avg=22139.50, stdev=5229.74
     lat (usec): min=161, max=59428, avg=22313.48, stdev=5271.77
    clat percentiles (usec):
     |  1.00th=[19792],  5.00th=[19792], 10.00th=[19792], 20.00th=[19792],
     | 30.00th=[19792], 40.00th=[19792], 50.00th=[19792], 60.00th=[19792],
     | 70.00th=[19792], 80.00th=[20055], 90.00th=[33817], 95.00th=[33817],
     | 99.00th=[34341], 99.50th=[34341], 99.90th=[34866], 99.95th=[39060],
     | 99.99th=[55313]
   bw (  MiB/s): min= 1652, max= 3204, per=99.55%, avg=2844.89, stdev=597.83, samples=21
   iops        : min= 3305, max= 6408, avg=5689.67, stdev=1195.66, samples=21
  lat (usec)   : 4=0.01%, 250=0.01%, 500=0.01%, 750=0.01%, 1000=0.01%
  lat (msec)   : 2=0.01%, 4=0.02%, 10=0.06%, 20=82.04%, 50=17.83%
  lat (msec)   : 100=0.02%
  cpu          : usr=10.20%, sys=89.79%, ctx=24, majf=0, minf=73
  IO depths    : 1=0.1%, 2=0.1%, 4=0.1%, 8=0.1%, 16=0.1%, 32=0.1%, >=64=99.9%
     submit    : 0=0.0%, 4=100.0%, 8=0.0%, 16=0.0%, 32=0.0%, 64=0.0%, >=64=0.0%
     complete  : 0=0.0%, 4=100.0%, 8=0.0%, 16=0.0%, 32=0.0%, 64=0.0%, >=64=0.1%
     issued rwts: total=0,61440,0,0 short=0,0,0,0 dropped=0,0,0,0
     latency   : target=0, window=0, percentile=100.00%, depth=128

Run status group 0 (all jobs):
  WRITE: bw=2858MiB/s (2996MB/s), 2858MiB/s-2858MiB/s (2996MB/s-2996MB/s), io=30.0GiB (32.2GB), run=10750-10750msec
