jobs1: (g=0): rw=write, bs=(R) 4096B-4096B, (W) 4096B-4096B, (T) 4096B-4096B, ioengine=libaio, iodepth=128
fio-3.28
Starting 1 process
jobs1: Laying out IO files (512 files / total 30720MiB)

jobs1: (groupid=0, jobs=1): err= 0: pid=879994: Wed Jul 26 04:36:58 2023
  write: IOPS=591k, BW=2309MiB/s (2421MB/s)(30.0GiB/13306msec); 0 zone resets
    slat (nsec): min=965, max=24896, avg=1230.64, stdev=272.14
    clat (nsec): min=1160, max=1642.4k, avg=215098.50, stdev=41077.92
     lat (usec): min=2, max=1647, avg=216.38, stdev=41.32
    clat percentiles (usec):
     |  1.00th=[  198],  5.00th=[  200], 10.00th=[  200], 20.00th=[  200],
     | 30.00th=[  202], 40.00th=[  204], 50.00th=[  204], 60.00th=[  206],
     | 70.00th=[  208], 80.00th=[  208], 90.00th=[  212], 95.00th=[  355],
     | 99.00th=[  367], 99.50th=[  371], 99.90th=[  379], 99.95th=[  469],
     | 99.99th=[  701]
   bw (  MiB/s): min= 1369, max= 2450, per=99.93%, avg=2307.01, stdev=344.24, samples=26
   iops        : min=350604, max=627208, avg=590595.85, stdev=88125.22, samples=26
  lat (usec)   : 2=0.01%, 4=0.01%, 10=0.01%, 20=0.01%, 50=0.01%
  lat (usec)   : 100=0.01%, 250=93.13%, 500=6.82%, 750=0.04%, 1000=0.01%
  lat (msec)   : 2=0.01%
  cpu          : usr=26.84%, sys=73.15%, ctx=11, majf=0, minf=18
  IO depths    : 1=0.1%, 2=0.1%, 4=0.1%, 8=0.1%, 16=0.1%, 32=0.1%, >=64=100.0%
     submit    : 0=0.0%, 4=100.0%, 8=0.0%, 16=0.0%, 32=0.0%, 64=0.0%, >=64=0.0%
     complete  : 0=0.0%, 4=100.0%, 8=0.0%, 16=0.0%, 32=0.0%, 64=0.0%, >=64=0.1%
     issued rwts: total=0,7864320,0,0 short=0,0,0,0 dropped=0,0,0,0
     latency   : target=0, window=0, percentile=100.00%, depth=128

Run status group 0 (all jobs):
  WRITE: bw=2309MiB/s (2421MB/s), 2309MiB/s-2309MiB/s (2421MB/s-2421MB/s), io=30.0GiB (32.2GB), run=13306-13306msec
