jobs1: (g=0): rw=write, bs=(R) 4096B-4096B, (W) 4096B-4096B, (T) 4096B-4096B, ioengine=libaio, iodepth=128
fio-3.28
Starting 1 process
jobs1: Laying out IO files (128 files / total 30720MiB)

jobs1: (groupid=0, jobs=1): err= 0: pid=531815: Wed Jul 26 00:37:31 2023
  write: IOPS=645k, BW=2520MiB/s (2642MB/s)(30.0GiB/12191msec); 0 zone resets
    slat (nsec): min=859, max=25038, avg=1094.51, stdev=239.05
    clat (nsec): min=1543, max=1480.0k, avg=197079.77, stdev=34707.40
     lat (usec): min=2, max=1501, avg=198.22, stdev=34.91
    clat percentiles (usec):
     |  1.00th=[  184],  5.00th=[  186], 10.00th=[  186], 20.00th=[  186],
     | 30.00th=[  186], 40.00th=[  188], 50.00th=[  188], 60.00th=[  188],
     | 70.00th=[  188], 80.00th=[  190], 90.00th=[  196], 95.00th=[  318],
     | 99.00th=[  326], 99.50th=[  330], 99.90th=[  343], 99.95th=[  424],
     | 99.99th=[  668]
   bw (  MiB/s): min= 1543, max= 2652, per=99.98%, avg=2519.50, stdev=349.91, samples=24
   iops        : min=395142, max=679044, avg=644992.75, stdev=89577.64, samples=24
  lat (usec)   : 2=0.01%, 4=0.01%, 10=0.01%, 20=0.01%, 50=0.01%
  lat (usec)   : 100=0.01%, 250=92.97%, 500=6.98%, 750=0.05%, 1000=0.01%
  lat (msec)   : 2=0.01%
  cpu          : usr=27.33%, sys=72.65%, ctx=11, majf=0, minf=13
  IO depths    : 1=0.1%, 2=0.1%, 4=0.1%, 8=0.1%, 16=0.1%, 32=0.1%, >=64=100.0%
     submit    : 0=0.0%, 4=100.0%, 8=0.0%, 16=0.0%, 32=0.0%, 64=0.0%, >=64=0.0%
     complete  : 0=0.0%, 4=100.0%, 8=0.0%, 16=0.0%, 32=0.0%, 64=0.0%, >=64=0.1%
     issued rwts: total=0,7864320,0,0 short=0,0,0,0 dropped=0,0,0,0
     latency   : target=0, window=0, percentile=100.00%, depth=128

Run status group 0 (all jobs):
  WRITE: bw=2520MiB/s (2642MB/s), 2520MiB/s-2520MiB/s (2642MB/s-2642MB/s), io=30.0GiB (32.2GB), run=12191-12191msec
