jobs1: (g=0): rw=write, bs=(R) 128KiB-128KiB, (W) 128KiB-128KiB, (T) 128KiB-128KiB, ioengine=libaio, iodepth=128
...
fio-3.28
Starting 32 processes
jobs1: Laying out IO files (64 files / total 30720MiB)

jobs1: (groupid=0, jobs=32): err= 0: pid=495148: Tue Jul 25 23:04:57 2023
  write: IOPS=31.3k, BW=3916MiB/s (4106MB/s)(30.0GiB/7845msec); 0 zone resets
    slat (usec): min=27, max=1109, avg=31.36, stdev= 4.02
    clat (nsec): min=1842, max=15316k, avg=4048392.09, stdev=196722.57
     lat (usec): min=32, max=15546, avg=4079.82, stdev=199.14
    clat percentiles (usec):
     |  1.00th=[ 3982],  5.00th=[ 4015], 10.00th=[ 4015], 20.00th=[ 4015],
     | 30.00th=[ 4015], 40.00th=[ 4015], 50.00th=[ 4015], 60.00th=[ 4015],
     | 70.00th=[ 4047], 80.00th=[ 4047], 90.00th=[ 4047], 95.00th=[ 4047],
     | 99.00th=[ 4817], 99.50th=[ 5145], 99.90th=[ 6325], 99.95th=[ 7242],
     | 99.99th=[11207]
   bw (  MiB/s): min= 3574, max= 3944, per=100.00%, avg=3917.97, stdev=95.09, samples=15
   iops        : min=28594, max=31558, avg=31343.73, stdev=760.94, samples=15
  lat (usec)   : 2=0.01%, 50=0.01%, 100=0.01%, 250=0.01%, 500=0.01%
  lat (usec)   : 750=0.01%, 1000=0.01%
  lat (msec)   : 2=0.01%, 4=1.81%, 10=98.15%, 20=0.01%
  cpu          : usr=7.38%, sys=92.61%, ctx=9, majf=0, minf=68
  IO depths    : 1=0.1%, 2=0.1%, 4=0.1%, 8=0.1%, 16=0.1%, 32=0.1%, >=64=100.0%
     submit    : 0=0.0%, 4=100.0%, 8=0.0%, 16=0.0%, 32=0.0%, 64=0.0%, >=64=0.0%
     complete  : 0=0.0%, 4=100.0%, 8=0.0%, 16=0.0%, 32=0.0%, 64=0.0%, >=64=0.1%
     issued rwts: total=0,245760,0,0 short=0,0,0,0 dropped=0,0,0,0
     latency   : target=0, window=0, percentile=100.00%, depth=128

Run status group 0 (all jobs):
  WRITE: bw=3916MiB/s (4106MB/s), 3916MiB/s-3916MiB/s (4106MB/s-4106MB/s), io=30.0GiB (32.2GB), run=7845-7845msec
