jobs1: (g=0): rw=write, bs=(R) 128KiB-128KiB, (W) 128KiB-128KiB, (T) 128KiB-128KiB, ioengine=libaio, iodepth=128
...
fio-3.28
Starting 16 processes
jobs1: Laying out IO files (1024 files / total 30720MiB)
fio: pid=1179683, err=24/file:filesetup.c:805, func=open(/home/sevag/fuse_boc//f1018), error=Too many open files

jobs1: (groupid=0, jobs=16): err=24 (file:filesetup.c:805, func=open(/home/sevag/fuse_boc//f1018), error=Too many open files): pid=1179683: Wed Jul 26 09:59:39 2023
  write: IOPS=1319, BW=165MiB/s (173MB/s)(127MiB/772msec); 0 zone resets
    slat (usec): min=52, max=159638, avg=723.48, stdev=9822.60
    clat (usec): min=36, max=544429, avg=12714.53, stdev=21772.95
     lat (usec): min=90, max=688465, avg=13438.17, stdev=30353.45
    clat percentiles (usec):
     |  1.00th=[  1090],  5.00th=[  5014], 10.00th=[  9241], 20.00th=[ 10421],
     | 30.00th=[ 10552], 40.00th=[ 10814], 50.00th=[ 11076], 60.00th=[ 11338],
     | 70.00th=[ 11731], 80.00th=[ 13304], 90.00th=[ 16450], 95.00th=[ 18482],
     | 99.00th=[ 22676], 99.50th=[ 24511], 99.90th=[383779], 99.95th=[541066],
     | 99.99th=[541066]
  lat (usec)   : 50=0.10%, 250=0.10%, 500=0.20%, 750=0.29%, 1000=0.29%
  lat (msec)   : 2=0.98%, 4=1.96%, 10=7.07%, 20=86.65%, 50=1.96%
  lat (msec)   : 100=0.10%, 250=0.10%, 500=0.10%, 750=0.10%
  cpu          : usr=2.85%, sys=9.08%, ctx=1080, majf=0, minf=56
  IO depths    : 1=0.1%, 2=0.2%, 4=0.4%, 8=0.8%, 16=1.6%, 32=3.1%, >=64=93.8%
     submit    : 0=0.0%, 4=100.0%, 8=0.0%, 16=0.0%, 32=0.0%, 64=0.0%, >=64=0.0%
     complete  : 0=0.0%, 4=99.9%, 8=0.0%, 16=0.0%, 32=0.0%, 64=0.0%, >=64=0.1%
     issued rwts: total=0,1019,0,0 short=0,0,0,0 dropped=0,0,0,0
     latency   : target=0, window=0, percentile=100.00%, depth=128

Run status group 0 (all jobs):
  WRITE: bw=165MiB/s (173MB/s), 165MiB/s-165MiB/s (173MB/s-173MB/s), io=127MiB (134MB), run=772-772msec
