jobs1: (g=0): rw=write, bs=(R) 128KiB-128KiB, (W) 128KiB-128KiB, (T) 128KiB-128KiB, ioengine=libaio, iodepth=128
fio-3.28
Starting 1 process
jobs1: Laying out IO files (64 files / total 30720MiB)

jobs1: (groupid=0, jobs=1): err= 0: pid=491835: Tue Jul 25 22:58:28 2023
  write: IOPS=27.5k, BW=3438MiB/s (3605MB/s)(30.0GiB/8935msec); 0 zone resets
    slat (nsec): min=28102, max=94684, avg=35757.34, stdev=9351.41
    clat (nsec): min=1536, max=9550.3k, avg=4614408.47, stdev=1192234.97
     lat (usec): min=32, max=9639, avg=4650.25, stdev=1201.50
    clat percentiles (usec):
     |  1.00th=[ 4047],  5.00th=[ 4047], 10.00th=[ 4080], 20.00th=[ 4080],
     | 30.00th=[ 4080], 40.00th=[ 4080], 50.00th=[ 4080], 60.00th=[ 4080],
     | 70.00th=[ 4080], 80.00th=[ 4113], 90.00th=[ 7308], 95.00th=[ 7308],
     | 99.00th=[ 7308], 99.50th=[ 7308], 99.90th=[ 7570], 99.95th=[ 8225],
     | 99.99th=[ 9110]
   bw (  MiB/s): min= 2153, max= 3898, per=99.34%, avg=3415.35, stdev=773.75, samples=17
   iops        : min=17226, max=31190, avg=27322.82, stdev=6189.98, samples=17
  lat (usec)   : 2=0.01%, 50=0.01%, 100=0.01%, 250=0.01%, 500=0.01%
  lat (usec)   : 750=0.01%, 1000=0.01%
  lat (msec)   : 2=0.01%, 4=0.03%, 10=99.95%
  cpu          : usr=7.95%, sys=92.02%, ctx=12, majf=0, minf=12
  IO depths    : 1=0.1%, 2=0.1%, 4=0.1%, 8=0.1%, 16=0.1%, 32=0.1%, >=64=100.0%
     submit    : 0=0.0%, 4=100.0%, 8=0.0%, 16=0.0%, 32=0.0%, 64=0.0%, >=64=0.0%
     complete  : 0=0.0%, 4=100.0%, 8=0.0%, 16=0.0%, 32=0.0%, 64=0.0%, >=64=0.1%
     issued rwts: total=0,245760,0,0 short=0,0,0,0 dropped=0,0,0,0
     latency   : target=0, window=0, percentile=100.00%, depth=128

Run status group 0 (all jobs):
  WRITE: bw=3438MiB/s (3605MB/s), 3438MiB/s-3438MiB/s (3605MB/s-3605MB/s), io=30.0GiB (32.2GB), run=8935-8935msec
