jobs1: (g=0): rw=write, bs=(R) 512KiB-512KiB, (W) 512KiB-512KiB, (T) 512KiB-512KiB, ioengine=libaio, iodepth=128
...
fio-3.28
Starting 16 processes
jobs1: Laying out IO files (64 files / total 30720MiB)

jobs1: (groupid=0, jobs=16): err= 0: pid=514001: Tue Jul 25 23:50:27 2023
  write: IOPS=8533, BW=4267MiB/s (4474MB/s)(30.0GiB/7200msec); 0 zone resets
    slat (usec): min=97, max=179, avg=116.26, stdev=12.91
    clat (nsec): min=1971, max=20457k, avg=14860743.69, stdev=1570866.42
     lat (usec): min=103, max=20624, avg=14977.12, stdev=1582.42
    clat percentiles (usec):
     |  1.00th=[14091],  5.00th=[14091], 10.00th=[14091], 20.00th=[14091],
     | 30.00th=[14222], 40.00th=[14222], 50.00th=[14222], 60.00th=[14222],
     | 70.00th=[14222], 80.00th=[14353], 90.00th=[18220], 95.00th=[18220],
     | 99.00th=[18482], 99.50th=[18744], 99.90th=[19792], 99.95th=[20055],
     | 99.99th=[20317]
   bw (  MiB/s): min= 3353, max= 4484, per=100.00%, avg=4282.26, stdev=396.57, samples=14
   iops        : min= 6707, max= 8969, avg=8564.36, stdev=793.14, samples=14
  lat (usec)   : 2=0.01%, 250=0.01%, 500=0.01%, 750=0.01%, 1000=0.01%
  lat (msec)   : 2=0.01%, 4=0.03%, 10=0.09%, 20=99.79%, 50=0.06%
  cpu          : usr=13.17%, sys=86.83%, ctx=5, majf=0, minf=42
  IO depths    : 1=0.1%, 2=0.1%, 4=0.1%, 8=0.1%, 16=0.1%, 32=0.1%, >=64=99.9%
     submit    : 0=0.0%, 4=100.0%, 8=0.0%, 16=0.0%, 32=0.0%, 64=0.0%, >=64=0.0%
     complete  : 0=0.0%, 4=100.0%, 8=0.0%, 16=0.0%, 32=0.0%, 64=0.0%, >=64=0.1%
     issued rwts: total=0,61440,0,0 short=0,0,0,0 dropped=0,0,0,0
     latency   : target=0, window=0, percentile=100.00%, depth=128

Run status group 0 (all jobs):
  WRITE: bw=4267MiB/s (4474MB/s), 4267MiB/s-4267MiB/s (4474MB/s-4474MB/s), io=30.0GiB (32.2GB), run=7200-7200msec
