jobs1: (g=0): rw=write, bs=(R) 512KiB-512KiB, (W) 512KiB-512KiB, (T) 512KiB-512KiB, ioengine=libaio, iodepth=128
...
fio-3.28
Starting 16 processes
jobs1: Laying out IO files (128 files / total 30720MiB)

jobs1: (groupid=0, jobs=16): err= 0: pid=854450: Wed Jul 26 03:46:01 2023
  write: IOPS=5780, BW=2890MiB/s (3031MB/s)(30.0GiB/10628msec); 0 zone resets
    slat (usec): min=142, max=1413, avg=171.86, stdev=40.25
    clat (usec): min=2, max=45059, avg=21913.58, stdev=4942.82
     lat (usec): min=160, max=45321, avg=22085.58, stdev=4981.55
    clat percentiles (usec):
     |  1.00th=[19792],  5.00th=[19792], 10.00th=[19792], 20.00th=[19792],
     | 30.00th=[19792], 40.00th=[19792], 50.00th=[19792], 60.00th=[20055],
     | 70.00th=[20055], 80.00th=[20055], 90.00th=[33817], 95.00th=[33817],
     | 99.00th=[34341], 99.50th=[34341], 99.90th=[34866], 99.95th=[34866],
     | 99.99th=[44303]
   bw (  MiB/s): min= 1716, max= 3192, per=99.96%, avg=2889.46, stdev=559.47, samples=21
   iops        : min= 3433, max= 6384, avg=5778.81, stdev=1118.89, samples=21
  lat (usec)   : 4=0.01%, 250=0.01%, 500=0.01%, 750=0.01%, 1000=0.01%
  lat (msec)   : 2=0.01%, 4=0.02%, 10=0.06%, 20=79.26%, 50=20.63%
  cpu          : usr=10.21%, sys=89.75%, ctx=16, majf=0, minf=42
  IO depths    : 1=0.1%, 2=0.1%, 4=0.1%, 8=0.1%, 16=0.1%, 32=0.1%, >=64=99.9%
     submit    : 0=0.0%, 4=100.0%, 8=0.0%, 16=0.0%, 32=0.0%, 64=0.0%, >=64=0.0%
     complete  : 0=0.0%, 4=100.0%, 8=0.0%, 16=0.0%, 32=0.0%, 64=0.0%, >=64=0.1%
     issued rwts: total=0,61440,0,0 short=0,0,0,0 dropped=0,0,0,0
     latency   : target=0, window=0, percentile=100.00%, depth=128

Run status group 0 (all jobs):
  WRITE: bw=2890MiB/s (3031MB/s), 2890MiB/s-2890MiB/s (3031MB/s-3031MB/s), io=30.0GiB (32.2GB), run=10628-10628msec
