jobs1: (g=0): rw=write, bs=(R) 512KiB-512KiB, (W) 512KiB-512KiB, (T) 512KiB-512KiB, ioengine=libaio, iodepth=128
...
fio-3.28
Starting 32 processes
jobs1: Laying out IO files (512 files / total 30720MiB)

jobs1: (groupid=0, jobs=32): err= 0: pid=1144937: Wed Jul 26 07:56:11 2023
  write: IOPS=1586, BW=793MiB/s (832MB/s)(30.0GiB/38719msec); 0 zone resets
    slat (usec): min=222, max=604703, avg=627.13, stdev=3139.17
    clat (usec): min=3, max=207425, avg=78399.42, stdev=6414.79
     lat (usec): min=374, max=812131, avg=79026.86, stdev=7121.10
    clat percentiles (usec):
     |  1.00th=[64226],  5.00th=[71828], 10.00th=[72877], 20.00th=[73925],
     | 30.00th=[74974], 40.00th=[76022], 50.00th=[77071], 60.00th=[78119],
     | 70.00th=[80217], 80.00th=[85459], 90.00th=[87557], 95.00th=[88605],
     | 99.00th=[91751], 99.50th=[91751], 99.90th=[92799], 99.95th=[92799],
     | 99.99th=[95945]
   bw (  KiB/s): min=621568, max=849571, per=100.00%, avg=825315.64, stdev=25317.36, samples=76
   iops        : min= 1214, max= 1659, avg=1611.93, stdev=49.44, samples=76
  lat (usec)   : 4=0.01%, 500=0.01%, 750=0.01%
  lat (msec)   : 2=0.01%, 20=0.01%, 50=0.33%, 100=99.64%, 250=0.01%
  cpu          : usr=3.89%, sys=54.12%, ctx=2665, majf=0, minf=104
  IO depths    : 1=0.1%, 2=0.1%, 4=0.1%, 8=0.1%, 16=0.1%, 32=0.1%, >=64=99.9%
     submit    : 0=0.0%, 4=100.0%, 8=0.0%, 16=0.0%, 32=0.0%, 64=0.0%, >=64=0.0%
     complete  : 0=0.0%, 4=100.0%, 8=0.0%, 16=0.0%, 32=0.0%, 64=0.0%, >=64=0.1%
     issued rwts: total=0,61440,0,0 short=0,0,0,0 dropped=0,0,0,0
     latency   : target=0, window=0, percentile=100.00%, depth=128

Run status group 0 (all jobs):
  WRITE: bw=793MiB/s (832MB/s), 793MiB/s-793MiB/s (832MB/s-832MB/s), io=30.0GiB (32.2GB), run=38719-38719msec
