jobs1: (g=0): rw=write, bs=(R) 4096B-4096B, (W) 4096B-4096B, (T) 4096B-4096B, ioengine=libaio, iodepth=128
...
fio-3.28
Starting 16 processes
jobs1: Laying out IO files (1024 files / total 30720MiB)
fio: pid=1156418, err=24/file:filesetup.c:805, func=open(/home/sevag/ramdisk//f1018), error=Too many open files

jobs1: (groupid=0, jobs=16): err=24 (file:filesetup.c:805, func=open(/home/sevag/ramdisk//f1018), error=Too many open files): pid=1156418: Wed Jul 26 08:48:13 2023
  write: IOPS=63.7k, BW=249MiB/s (261MB/s)(4076KiB/16msec); 0 zone resets
    slat (nsec): min=4083, max=29525, avg=5242.49, stdev=1452.93
    clat (usec): min=61, max=2203, avg=1870.42, stdev=363.69
     lat (usec): min=69, max=2209, avg=1875.93, stdev=363.89
    clat percentiles (usec):
     |  1.00th=[  302],  5.00th=[  914], 10.00th=[ 1696], 20.00th=[ 1844],
     | 30.00th=[ 1893], 40.00th=[ 1926], 50.00th=[ 1958], 60.00th=[ 1991],
     | 70.00th=[ 2024], 80.00th=[ 2057], 90.00th=[ 2147], 95.00th=[ 2180],
     | 99.00th=[ 2212], 99.50th=[ 2212], 99.90th=[ 2212], 99.95th=[ 2212],
     | 99.99th=[ 2212]
  lat (usec)   : 100=0.10%, 250=0.49%, 500=1.86%, 750=1.47%, 1000=1.57%
  lat (msec)   : 2=57.41%, 4=37.10%
  cpu          : usr=33.33%, sys=66.67%, ctx=0, majf=0, minf=57
  IO depths    : 1=0.1%, 2=0.2%, 4=0.4%, 8=0.8%, 16=1.6%, 32=3.1%, >=64=93.8%
     submit    : 0=0.0%, 4=100.0%, 8=0.0%, 16=0.0%, 32=0.0%, 64=0.0%, >=64=0.0%
     complete  : 0=0.0%, 4=99.9%, 8=0.0%, 16=0.0%, 32=0.0%, 64=0.0%, >=64=0.1%
     issued rwts: total=0,1019,0,0 short=0,0,0,0 dropped=0,0,0,0
     latency   : target=0, window=0, percentile=100.00%, depth=128

Run status group 0 (all jobs):
  WRITE: bw=249MiB/s (261MB/s), 249MiB/s-249MiB/s (261MB/s-261MB/s), io=4076KiB (4174kB), run=16-16msec
