jobs1: (g=0): rw=write, bs=(R) 512KiB-512KiB, (W) 512KiB-512KiB, (T) 512KiB-512KiB, ioengine=libaio, iodepth=128
fio-3.28
Starting 1 process
jobs1: Laying out IO file (1 file / 30720MiB)

jobs1: (groupid=0, jobs=1): err= 0: pid=188154: Tue Jul 25 20:04:17 2023
  write: IOPS=3216, BW=1608MiB/s (1686MB/s)(30.0GiB/19102msec); 0 zone resets
    slat (usec): min=163, max=292679, avg=309.69, stdev=1252.98
    clat (usec): min=2, max=76980, avg=38810.55, stdev=10838.33
     lat (usec): min=294, max=354452, avg=39120.39, stdev=10985.80
    clat percentiles (usec):
     |  1.00th=[24773],  5.00th=[31851], 10.00th=[31851], 20.00th=[32113],
     | 30.00th=[32113], 40.00th=[32375], 50.00th=[32375], 60.00th=[32637],
     | 70.00th=[39584], 80.00th=[53740], 90.00th=[55313], 95.00th=[58983],
     | 99.00th=[68682], 99.50th=[70779], 99.90th=[73925], 99.95th=[74974],
     | 99.99th=[76022]
   bw (  MiB/s): min=  363, max= 1978, per=99.71%, avg=1603.61, stdev=436.72, samples=38
   iops        : min=  726, max= 3956, avg=3207.21, stdev=873.45, samples=38
  lat (usec)   : 4=0.01%, 500=0.01%, 750=0.01%, 1000=0.01%
  lat (msec)   : 2=0.01%, 4=0.01%, 10=0.04%, 20=0.07%, 50=76.74%
  lat (msec)   : 100=23.14%
  cpu          : usr=6.25%, sys=88.09%, ctx=135, majf=0, minf=14
  IO depths    : 1=0.1%, 2=0.1%, 4=0.1%, 8=0.1%, 16=0.1%, 32=0.1%, >=64=99.9%
     submit    : 0=0.0%, 4=100.0%, 8=0.0%, 16=0.0%, 32=0.0%, 64=0.0%, >=64=0.0%
     complete  : 0=0.0%, 4=100.0%, 8=0.0%, 16=0.0%, 32=0.0%, 64=0.0%, >=64=0.1%
     issued rwts: total=0,61440,0,0 short=0,0,0,0 dropped=0,0,0,0
     latency   : target=0, window=0, percentile=100.00%, depth=128

Run status group 0 (all jobs):
  WRITE: bw=1608MiB/s (1686MB/s), 1608MiB/s-1608MiB/s (1686MB/s-1686MB/s), io=30.0GiB (32.2GB), run=19102-19102msec
