jobs1: (g=0): rw=write, bs=(R) 512KiB-512KiB, (W) 512KiB-512KiB, (T) 512KiB-512KiB, ioengine=libaio, iodepth=128
fio-3.28
Starting 1 process
jobs1: Laying out IO files (512 files / total 30720MiB)

jobs1: (groupid=0, jobs=1): err= 0: pid=1142783: Wed Jul 26 07:50:15 2023
  write: IOPS=3180, BW=1590MiB/s (1667MB/s)(30.0GiB/19318msec); 0 zone resets
    slat (usec): min=167, max=490915, avg=309.03, stdev=2261.26
    clat (usec): min=2, max=320365, avg=38466.37, stdev=16485.53
     lat (usec): min=188, max=811283, avg=38775.62, stdev=16861.71
    clat percentiles (msec):
     |  1.00th=[   25],  5.00th=[   25], 10.00th=[   25], 20.00th=[   25],
     | 30.00th=[   26], 40.00th=[   27], 50.00th=[   35], 60.00th=[   37],
     | 70.00th=[   51], 80.00th=[   55], 90.00th=[   59], 95.00th=[   63],
     | 99.00th=[   73], 99.50th=[  114], 99.90th=[  126], 99.95th=[  129],
     | 99.99th=[  321]
   bw (  MiB/s): min=  211, max= 2408, per=100.00%, avg=1617.84, stdev=596.32, samples=37
   iops        : min=  422, max= 4816, avg=3235.68, stdev=1192.64, samples=37
  lat (usec)   : 4=0.01%, 250=0.01%, 500=0.01%, 750=0.01%, 1000=0.01%
  lat (msec)   : 2=0.01%, 4=0.02%, 10=0.05%, 20=0.07%, 50=69.61%
  lat (msec)   : 100=29.43%, 250=0.77%, 500=0.04%
  cpu          : usr=6.74%, sys=71.83%, ctx=9648, majf=0, minf=18
  IO depths    : 1=0.1%, 2=0.1%, 4=0.1%, 8=0.1%, 16=0.1%, 32=0.1%, >=64=99.9%
     submit    : 0=0.0%, 4=100.0%, 8=0.0%, 16=0.0%, 32=0.0%, 64=0.0%, >=64=0.0%
     complete  : 0=0.0%, 4=100.0%, 8=0.0%, 16=0.0%, 32=0.0%, 64=0.0%, >=64=0.1%
     issued rwts: total=0,61440,0,0 short=0,0,0,0 dropped=0,0,0,0
     latency   : target=0, window=0, percentile=100.00%, depth=128

Run status group 0 (all jobs):
  WRITE: bw=1590MiB/s (1667MB/s), 1590MiB/s-1590MiB/s (1667MB/s-1667MB/s), io=30.0GiB (32.2GB), run=19318-19318msec
