jobs1: (g=0): rw=write, bs=(R) 512KiB-512KiB, (W) 512KiB-512KiB, (T) 512KiB-512KiB, ioengine=libaio, iodepth=128
...
fio-3.28
Starting 32 processes
jobs1: Laying out IO file (1 file / 30720MiB)

jobs1: (groupid=0, jobs=32): err= 0: pid=191202: Tue Jul 25 20:11:57 2023
  write: IOPS=8489, BW=4245MiB/s (4451MB/s)(30.0GiB/7237msec); 0 zone resets
    slat (usec): min=98, max=195, avg=116.90, stdev=13.13
    clat (usec): min=2, max=20280, avg=14938.07, stdev=1596.21
     lat (usec): min=110, max=20447, avg=15055.09, stdev=1607.98
    clat percentiles (usec):
     |  1.00th=[14222],  5.00th=[14222], 10.00th=[14222], 20.00th=[14222],
     | 30.00th=[14353], 40.00th=[14353], 50.00th=[14353], 60.00th=[14353],
     | 70.00th=[14353], 80.00th=[14353], 90.00th=[18482], 95.00th=[18744],
     | 99.00th=[19268], 99.50th=[19268], 99.90th=[19530], 99.95th=[19792],
     | 99.99th=[20055]
   bw (  MiB/s): min= 3261, max= 4444, per=100.00%, avg=4253.23, stdev=401.26, samples=14
   iops        : min= 6522, max= 8888, avg=8506.29, stdev=802.62, samples=14
  lat (usec)   : 4=0.01%, 250=0.01%, 500=0.01%, 750=0.01%, 1000=0.01%
  lat (msec)   : 2=0.01%, 4=0.03%, 10=0.09%, 20=99.83%, 50=0.02%
  cpu          : usr=13.38%, sys=86.61%, ctx=4, majf=0, minf=64
  IO depths    : 1=0.1%, 2=0.1%, 4=0.1%, 8=0.1%, 16=0.1%, 32=0.1%, >=64=99.9%
     submit    : 0=0.0%, 4=100.0%, 8=0.0%, 16=0.0%, 32=0.0%, 64=0.0%, >=64=0.0%
     complete  : 0=0.0%, 4=100.0%, 8=0.0%, 16=0.0%, 32=0.0%, 64=0.0%, >=64=0.1%
     issued rwts: total=0,61440,0,0 short=0,0,0,0 dropped=0,0,0,0
     latency   : target=0, window=0, percentile=100.00%, depth=128

Run status group 0 (all jobs):
  WRITE: bw=4245MiB/s (4451MB/s), 4245MiB/s-4245MiB/s (4451MB/s-4451MB/s), io=30.0GiB (32.2GB), run=7237-7237msec
