jobs1: (g=0): rw=write, bs=(R) 32.0KiB-32.0KiB, (W) 32.0KiB-32.0KiB, (T) 32.0KiB-32.0KiB, ioengine=libaio, iodepth=128
...
fio-3.28
Starting 32 processes
jobs1: Laying out IO file (1 file / 30720MiB)

jobs1: (groupid=0, jobs=32): err= 0: pid=162387: Tue Jul 25 18:40:40 2023
  write: IOPS=53.1k, BW=1658MiB/s (1739MB/s)(30.0GiB/18524msec); 0 zone resets
    slat (usec): min=7, max=203192, avg=18.19, stdev=299.24
    clat (nsec): min=1485, max=580750k, avg=2323214.91, stdev=3067624.72
     lat (usec): min=12, max=580795, avg=2341.49, stdev=3143.43
    clat percentiles (usec):
     |  1.00th=[  1221],  5.00th=[  1237], 10.00th=[  1762], 20.00th=[  1811],
     | 30.00th=[  1844], 40.00th=[  1876], 50.00th=[  1909], 60.00th=[  1958],
     | 70.00th=[  2180], 80.00th=[  3163], 90.00th=[  3261], 95.00th=[  3359],
     | 99.00th=[  3752], 99.50th=[ 13173], 99.90th=[ 21103], 99.95th=[ 21890],
     | 99.99th=[208667]
   bw (  MiB/s): min=    0, max= 2211, per=99.73%, avg=1653.96, stdev=542.17, samples=36
   iops        : min=   18, max=70780, avg=52926.72, stdev=17349.32, samples=36
  lat (usec)   : 2=0.01%, 20=0.01%, 50=0.01%, 250=0.01%, 500=0.01%
  lat (usec)   : 750=0.01%, 1000=0.01%
  lat (msec)   : 2=63.61%, 4=35.44%, 10=0.07%, 20=0.71%, 50=0.14%
  lat (msec)   : 250=0.01%, 500=0.01%, 750=0.01%
  cpu          : usr=5.90%, sys=85.35%, ctx=135, majf=0, minf=75
  IO depths    : 1=0.1%, 2=0.1%, 4=0.1%, 8=0.1%, 16=0.1%, 32=0.1%, >=64=100.0%
     submit    : 0=0.0%, 4=100.0%, 8=0.0%, 16=0.0%, 32=0.0%, 64=0.0%, >=64=0.0%
     complete  : 0=0.0%, 4=100.0%, 8=0.0%, 16=0.0%, 32=0.0%, 64=0.0%, >=64=0.1%
     issued rwts: total=0,983040,0,0 short=0,0,0,0 dropped=0,0,0,0
     latency   : target=0, window=0, percentile=100.00%, depth=128

Run status group 0 (all jobs):
  WRITE: bw=1658MiB/s (1739MB/s), 1658MiB/s-1658MiB/s (1739MB/s-1739MB/s), io=30.0GiB (32.2GB), run=18524-18524msec
