jobs1: (g=0): rw=write, bs=(R) 128KiB-128KiB, (W) 128KiB-128KiB, (T) 128KiB-128KiB, ioengine=libaio, iodepth=128
...
fio-3.28
Starting 32 processes
jobs1: Laying out IO files (64 files / total 30720MiB)

jobs1: (groupid=0, jobs=32): err= 0: pid=494020: Tue Jul 25 23:03:58 2023
  write: IOPS=16.1k, BW=2014MiB/s (2112MB/s)(30.0GiB/15254msec); 0 zone resets
    slat (usec): min=37, max=159635, avg=61.23, stdev=539.50
    clat (usec): min=2, max=323907, avg=7656.64, stdev=3148.72
     lat (usec): min=47, max=458833, avg=7717.96, stdev=3290.38
    clat percentiles (usec):
     |  1.00th=[ 5866],  5.00th=[ 5932], 10.00th=[ 5997], 20.00th=[ 6063],
     | 30.00th=[ 6128], 40.00th=[ 6128], 50.00th=[ 6259], 60.00th=[ 6521],
     | 70.00th=[ 7439], 80.00th=[ 8291], 90.00th=[10421], 95.00th=[15270],
     | 99.00th=[19792], 99.50th=[21627], 99.90th=[28967], 99.95th=[31327],
     | 99.99th=[39584]
   bw (  MiB/s): min=  507, max= 2588, per=100.00%, avg=2034.19, stdev=465.34, samples=30
   iops        : min= 4063, max=20710, avg=16273.47, stdev=3722.83, samples=30
  lat (usec)   : 4=0.01%, 50=0.01%, 100=0.01%, 250=0.01%, 500=0.01%
  lat (usec)   : 750=0.01%, 1000=0.01%
  lat (msec)   : 2=0.01%, 4=0.02%, 10=81.20%, 20=17.81%, 50=0.96%
  lat (msec)   : 250=0.01%, 500=0.01%
  cpu          : usr=8.31%, sys=80.50%, ctx=1168, majf=0, minf=99
  IO depths    : 1=0.1%, 2=0.1%, 4=0.1%, 8=0.1%, 16=0.1%, 32=0.1%, >=64=100.0%
     submit    : 0=0.0%, 4=100.0%, 8=0.0%, 16=0.0%, 32=0.0%, 64=0.0%, >=64=0.0%
     complete  : 0=0.0%, 4=100.0%, 8=0.0%, 16=0.0%, 32=0.0%, 64=0.0%, >=64=0.1%
     issued rwts: total=0,245760,0,0 short=0,0,0,0 dropped=0,0,0,0
     latency   : target=0, window=0, percentile=100.00%, depth=128

Run status group 0 (all jobs):
  WRITE: bw=2014MiB/s (2112MB/s), 2014MiB/s-2014MiB/s (2112MB/s-2112MB/s), io=30.0GiB (32.2GB), run=15254-15254msec
