jobs1: (g=0): rw=write, bs=(R) 512KiB-512KiB, (W) 512KiB-512KiB, (T) 512KiB-512KiB, ioengine=libaio, iodepth=128
fio-3.28
Starting 1 process
jobs1: Laying out IO file (1 file / 30720MiB)

jobs1: (groupid=0, jobs=1): err= 0: pid=187885: Tue Jul 25 20:03:40 2023
  write: IOPS=3283, BW=1642MiB/s (1722MB/s)(30.0GiB/18711msec); 0 zone resets
    slat (usec): min=161, max=615219, avg=303.25, stdev=2559.91
    clat (usec): min=2, max=140780, avg=37165.97, stdev=10809.12
     lat (usec): min=251, max=756002, avg=37469.39, stdev=11253.44
    clat percentiles (usec):
     |  1.00th=[22676],  5.00th=[25297], 10.00th=[29230], 20.00th=[29492],
     | 30.00th=[29754], 40.00th=[30016], 50.00th=[30802], 60.00th=[38011],
     | 70.00th=[41157], 80.00th=[45351], 90.00th=[52691], 95.00th=[60031],
     | 99.00th=[69731], 99.50th=[73925], 99.90th=[80217], 99.95th=[81265],
     | 99.99th=[82314]
   bw (  MiB/s): min=  535, max= 2151, per=100.00%, avg=1680.31, stdev=423.65, samples=36
   iops        : min= 1070, max= 4302, avg=3360.61, stdev=847.30, samples=36
  lat (usec)   : 4=0.01%, 500=0.01%, 750=0.01%, 1000=0.01%
  lat (msec)   : 2=0.01%, 4=0.01%, 10=0.04%, 20=0.07%, 50=84.91%
  lat (msec)   : 100=14.95%, 250=0.01%
  cpu          : usr=6.40%, sys=81.97%, ctx=244, majf=0, minf=14
  IO depths    : 1=0.1%, 2=0.1%, 4=0.1%, 8=0.1%, 16=0.1%, 32=0.1%, >=64=99.9%
     submit    : 0=0.0%, 4=100.0%, 8=0.0%, 16=0.0%, 32=0.0%, 64=0.0%, >=64=0.0%
     complete  : 0=0.0%, 4=100.0%, 8=0.0%, 16=0.0%, 32=0.0%, 64=0.0%, >=64=0.1%
     issued rwts: total=0,61440,0,0 short=0,0,0,0 dropped=0,0,0,0
     latency   : target=0, window=0, percentile=100.00%, depth=128

Run status group 0 (all jobs):
  WRITE: bw=1642MiB/s (1722MB/s), 1642MiB/s-1642MiB/s (1722MB/s-1722MB/s), io=30.0GiB (32.2GB), run=18711-18711msec
