jobs1: (g=0): rw=write, bs=(R) 128KiB-128KiB, (W) 128KiB-128KiB, (T) 128KiB-128KiB, ioengine=libaio, iodepth=128
...
fio-3.28
Starting 16 processes
jobs1: Laying out IO files (1024 files / total 30720MiB)
fio: pid=1180786, err=24/file:filesetup.c:805, func=open(/home/sevag/tmpfs//f1018), error=Too many open files

jobs1: (groupid=0, jobs=16): err=24 (file:filesetup.c:805, func=open(/home/sevag/tmpfs//f1018), error=Too many open files): pid=1180786: Wed Jul 26 10:00:56 2023
  write: IOPS=25.5k, BW=3184MiB/s (3339MB/s)(127MiB/40msec); 0 zone resets
    slat (nsec): min=28165, max=64893, avg=33996.42, stdev=5037.71
    clat (usec): min=35, max=6076, avg=4492.02, stdev=1039.43
     lat (usec): min=74, max=6142, avg=4526.12, stdev=1042.22
    clat percentiles (usec):
     |  1.00th=[  486],  5.00th=[ 1909], 10.00th=[ 3752], 20.00th=[ 4424],
     | 30.00th=[ 4424], 40.00th=[ 4424], 50.00th=[ 4490], 60.00th=[ 4555],
     | 70.00th=[ 4621], 80.00th=[ 5080], 90.00th=[ 5800], 95.00th=[ 5866],
     | 99.00th=[ 5932], 99.50th=[ 6063], 99.90th=[ 6063], 99.95th=[ 6063],
     | 99.99th=[ 6063]
  lat (usec)   : 50=0.10%, 250=0.29%, 500=0.69%, 750=0.69%, 1000=0.69%
  lat (msec)   : 2=2.75%, 4=5.50%, 10=89.30%
  cpu          : usr=10.26%, sys=89.74%, ctx=0, majf=0, minf=53
  IO depths    : 1=0.1%, 2=0.2%, 4=0.4%, 8=0.8%, 16=1.6%, 32=3.1%, >=64=93.8%
     submit    : 0=0.0%, 4=100.0%, 8=0.0%, 16=0.0%, 32=0.0%, 64=0.0%, >=64=0.0%
     complete  : 0=0.0%, 4=99.9%, 8=0.0%, 16=0.0%, 32=0.0%, 64=0.0%, >=64=0.1%
     issued rwts: total=0,1019,0,0 short=0,0,0,0 dropped=0,0,0,0
     latency   : target=0, window=0, percentile=100.00%, depth=128

Run status group 0 (all jobs):
  WRITE: bw=3184MiB/s (3339MB/s), 3184MiB/s-3184MiB/s (3339MB/s-3339MB/s), io=127MiB (134MB), run=40-40msec
