jobs1: (g=0): rw=write, bs=(R) 128KiB-128KiB, (W) 128KiB-128KiB, (T) 128KiB-128KiB, ioengine=libaio, iodepth=128
fio-3.28
Starting 1 process
jobs1: Laying out IO files (64 files / total 30720MiB)

jobs1: (groupid=0, jobs=1): err= 0: pid=492085: Tue Jul 25 22:58:52 2023
  write: IOPS=41.8k, BW=5219MiB/s (5473MB/s)(30.0GiB/5886msec); 0 zone resets
    slat (nsec): min=18451, max=62821, avg=23382.56, stdev=6424.78
    clat (nsec): min=1662, max=5150.8k, avg=3040054.88, stdev=823054.66
     lat (usec): min=22, max=5187, avg=3063.50, stdev=829.41
    clat percentiles (usec):
     |  1.00th=[ 2671],  5.00th=[ 2671], 10.00th=[ 2671], 20.00th=[ 2671],
     | 30.00th=[ 2671], 40.00th=[ 2671], 50.00th=[ 2671], 60.00th=[ 2671],
     | 70.00th=[ 2704], 80.00th=[ 2704], 90.00th=[ 5014], 95.00th=[ 5014],
     | 99.00th=[ 5014], 99.50th=[ 5014], 99.90th=[ 5080], 99.95th=[ 5080],
     | 99.99th=[ 5080]
   bw (  MiB/s): min= 3175, max= 5930, per=99.06%, avg=5169.95, stdev=1255.85, samples=11
   iops        : min=25400, max=47442, avg=41359.64, stdev=10046.78, samples=11
  lat (usec)   : 2=0.01%, 50=0.01%, 100=0.01%, 250=0.01%, 500=0.01%
  lat (usec)   : 750=0.01%, 1000=0.01%
  lat (msec)   : 2=0.02%, 4=84.88%, 10=15.08%
  cpu          : usr=10.47%, sys=89.50%, ctx=9, majf=0, minf=13
  IO depths    : 1=0.1%, 2=0.1%, 4=0.1%, 8=0.1%, 16=0.1%, 32=0.1%, >=64=100.0%
     submit    : 0=0.0%, 4=100.0%, 8=0.0%, 16=0.0%, 32=0.0%, 64=0.0%, >=64=0.0%
     complete  : 0=0.0%, 4=100.0%, 8=0.0%, 16=0.0%, 32=0.0%, 64=0.0%, >=64=0.1%
     issued rwts: total=0,245760,0,0 short=0,0,0,0 dropped=0,0,0,0
     latency   : target=0, window=0, percentile=100.00%, depth=128

Run status group 0 (all jobs):
  WRITE: bw=5219MiB/s (5473MB/s), 5219MiB/s-5219MiB/s (5473MB/s-5473MB/s), io=30.0GiB (32.2GB), run=5886-5886msec
