jobs1: (g=0): rw=write, bs=(R) 128KiB-128KiB, (W) 128KiB-128KiB, (T) 128KiB-128KiB, ioengine=libaio, iodepth=128
...
fio-3.28
Starting 32 processes
jobs1: Laying out IO files (1024 files / total 30720MiB)
fio: pid=1181049, err=24/file:filesetup.c:805, func=open(/home/sevag/fuse_boc//f1018), error=Too many open files

jobs1: (groupid=0, jobs=32): err=24 (file:filesetup.c:805, func=open(/home/sevag/fuse_boc//f1018), error=Too many open files): pid=1181049: Wed Jul 26 10:01:17 2023
  write: IOPS=2331, BW=291MiB/s (306MB/s)(127MiB/437msec); 0 zone resets
    slat (usec): min=50, max=159599, avg=398.21, stdev=6657.55
    clat (usec): min=34, max=221664, avg=11406.96, stdev=7626.35
     lat (usec): min=87, max=356643, avg=11805.34, stdev=13227.98
    clat percentiles (usec):
     |  1.00th=[   848],  5.00th=[  4293], 10.00th=[  8848], 20.00th=[  9896],
     | 30.00th=[ 10159], 40.00th=[ 10290], 50.00th=[ 10552], 60.00th=[ 10814],
     | 70.00th=[ 11469], 80.00th=[ 13173], 90.00th=[ 16450], 95.00th=[ 17957],
     | 99.00th=[ 20055], 99.50th=[ 20841], 99.90th=[ 61604], 99.95th=[221250],
     | 99.99th=[221250]
  lat (usec)   : 50=0.10%, 250=0.10%, 500=0.39%, 750=0.29%, 1000=0.39%
  lat (msec)   : 2=1.28%, 4=2.06%, 10=17.27%, 20=77.04%, 50=0.88%
  lat (msec)   : 100=0.10%, 250=0.10%
  cpu          : usr=0.92%, sys=18.58%, ctx=1078, majf=0, minf=80
  IO depths    : 1=0.1%, 2=0.2%, 4=0.4%, 8=0.8%, 16=1.6%, 32=3.1%, >=64=93.8%
     submit    : 0=0.0%, 4=100.0%, 8=0.0%, 16=0.0%, 32=0.0%, 64=0.0%, >=64=0.0%
     complete  : 0=0.0%, 4=99.9%, 8=0.0%, 16=0.0%, 32=0.0%, 64=0.0%, >=64=0.1%
     issued rwts: total=0,1019,0,0 short=0,0,0,0 dropped=0,0,0,0
     latency   : target=0, window=0, percentile=100.00%, depth=128

Run status group 0 (all jobs):
  WRITE: bw=291MiB/s (306MB/s), 291MiB/s-291MiB/s (306MB/s-306MB/s), io=127MiB (134MB), run=437-437msec
