jobs1: (g=0): rw=write, bs=(R) 512KiB-512KiB, (W) 512KiB-512KiB, (T) 512KiB-512KiB, ioengine=libaio, iodepth=128
...
fio-3.28
Starting 16 processes
jobs1: Laying out IO files (128 files / total 30720MiB)

jobs1: (groupid=0, jobs=16): err= 0: pid=854782: Wed Jul 26 03:46:31 2023
  write: IOPS=8423, BW=4212MiB/s (4416MB/s)(30.0GiB/7294msec); 0 zone resets
    slat (usec): min=95, max=195, avg=117.77, stdev=19.61
    clat (usec): min=2, max=21517, avg=15054.59, stdev=2451.01
     lat (usec): min=105, max=21675, avg=15172.48, stdev=2469.68
    clat percentiles (usec):
     |  1.00th=[13960],  5.00th=[13960], 10.00th=[13960], 20.00th=[14091],
     | 30.00th=[14091], 40.00th=[14091], 50.00th=[14091], 60.00th=[14091],
     | 70.00th=[14091], 80.00th=[14222], 90.00th=[21103], 95.00th=[21103],
     | 99.00th=[21365], 99.50th=[21365], 99.90th=[21365], 99.95th=[21365],
     | 99.99th=[21627]
   bw (  MiB/s): min= 2917, max= 4522, per=99.59%, avg=4194.38, stdev=634.65, samples=14
   iops        : min= 5834, max= 9044, avg=8388.71, stdev=1269.40, samples=14
  lat (usec)   : 4=0.01%, 250=0.01%, 500=0.01%, 750=0.01%, 1000=0.01%
  lat (msec)   : 2=0.01%, 4=0.03%, 10=0.09%, 20=85.89%, 50=13.96%
  cpu          : usr=12.99%, sys=86.97%, ctx=10, majf=0, minf=39
  IO depths    : 1=0.1%, 2=0.1%, 4=0.1%, 8=0.1%, 16=0.1%, 32=0.1%, >=64=99.9%
     submit    : 0=0.0%, 4=100.0%, 8=0.0%, 16=0.0%, 32=0.0%, 64=0.0%, >=64=0.0%
     complete  : 0=0.0%, 4=100.0%, 8=0.0%, 16=0.0%, 32=0.0%, 64=0.0%, >=64=0.1%
     issued rwts: total=0,61440,0,0 short=0,0,0,0 dropped=0,0,0,0
     latency   : target=0, window=0, percentile=100.00%, depth=128

Run status group 0 (all jobs):
  WRITE: bw=4212MiB/s (4416MB/s), 4212MiB/s-4212MiB/s (4416MB/s-4416MB/s), io=30.0GiB (32.2GB), run=7294-7294msec
