jobs1: (g=0): rw=write, bs=(R) 32.0KiB-32.0KiB, (W) 32.0KiB-32.0KiB, (T) 32.0KiB-32.0KiB, ioengine=libaio, iodepth=128
...
fio-3.28
Starting 16 processes
jobs1: Laying out IO files (1024 files / total 30720MiB)
fio: pid=1168730, err=24/file:filesetup.c:805, func=open(/home/sevag/tmpfs//f1018), error=Too many open files

jobs1: (groupid=0, jobs=16): err=24 (file:filesetup.c:805, func=open(/home/sevag/tmpfs//f1018), error=Too many open files): pid=1168730: Wed Jul 26 09:25:17 2023
  write: IOPS=50.9k, BW=1592MiB/s (1670MB/s)(31.8MiB/20msec); 0 zone resets
    slat (nsec): min=9365, max=36155, avg=12579.80, stdev=2338.75
    clat (usec): min=47, max=3057, avg=2285.39, stdev=564.23
     lat (usec): min=59, max=3087, avg=2298.15, stdev=565.88
    clat percentiles (usec):
     |  1.00th=[  314],  5.00th=[  947], 10.00th=[ 1745], 20.00th=[ 2008],
     | 30.00th=[ 2008], 40.00th=[ 2147], 50.00th=[ 2606], 60.00th=[ 2606],
     | 70.00th=[ 2638], 80.00th=[ 2671], 90.00th=[ 2769], 95.00th=[ 2933],
     | 99.00th=[ 3064], 99.50th=[ 3064], 99.90th=[ 3064], 99.95th=[ 3064],
     | 99.99th=[ 3064]
  lat (usec)   : 50=0.10%, 250=0.59%, 500=1.47%, 750=1.57%, 1000=1.57%
  lat (msec)   : 2=9.52%, 4=85.18%
  cpu          : usr=42.11%, sys=57.89%, ctx=0, majf=0, minf=51
  IO depths    : 1=0.1%, 2=0.2%, 4=0.4%, 8=0.8%, 16=1.6%, 32=3.1%, >=64=93.8%
     submit    : 0=0.0%, 4=100.0%, 8=0.0%, 16=0.0%, 32=0.0%, 64=0.0%, >=64=0.0%
     complete  : 0=0.0%, 4=99.9%, 8=0.0%, 16=0.0%, 32=0.0%, 64=0.0%, >=64=0.1%
     issued rwts: total=0,1019,0,0 short=0,0,0,0 dropped=0,0,0,0
     latency   : target=0, window=0, percentile=100.00%, depth=128

Run status group 0 (all jobs):
  WRITE: bw=1592MiB/s (1670MB/s), 1592MiB/s-1592MiB/s (1670MB/s-1670MB/s), io=31.8MiB (33.4MB), run=20-20msec
