jobs1: (g=0): rw=write, bs=(R) 32.0KiB-32.0KiB, (W) 32.0KiB-32.0KiB, (T) 32.0KiB-32.0KiB, ioengine=libaio, iodepth=128
...
fio-3.28
Starting 16 processes
jobs1: Laying out IO files (512 files / total 30720MiB)

jobs1: (groupid=0, jobs=16): err= 0: pid=1099843: Wed Jul 26 05:59:07 2023
  write: IOPS=34.8k, BW=1087MiB/s (1140MB/s)(30.0GiB/28259msec); 0 zone resets
    slat (usec): min=14, max=133539, avg=27.58, stdev=321.14
    clat (usec): min=3, max=441066, avg=3601.78, stdev=3590.24
     lat (usec): min=28, max=441146, avg=3629.48, stdev=3629.71
    clat percentiles (usec):
     |  1.00th=[ 2311],  5.00th=[ 2376], 10.00th=[ 2376], 20.00th=[ 2409],
     | 30.00th=[ 2409], 40.00th=[ 2442], 50.00th=[ 2474], 60.00th=[ 2507],
     | 70.00th=[ 2540], 80.00th=[ 2606], 90.00th=[ 6128], 95.00th=[12649],
     | 99.00th=[17171], 99.50th=[20579], 99.90th=[27919], 99.95th=[30016],
     | 99.99th=[49021]
   bw (  MiB/s): min=   17, max= 1293, per=100.00%, avg=1090.59, stdev=172.56, samples=56
   iops        : min=  553, max=41402, avg=34898.79, stdev=5522.04, samples=56
  lat (usec)   : 4=0.01%, 50=0.01%, 100=0.01%, 250=0.01%, 500=0.01%
  lat (usec)   : 750=0.01%, 1000=0.01%
  lat (msec)   : 2=0.01%, 4=88.46%, 10=2.70%, 20=8.27%, 50=0.56%
  lat (msec)   : 100=0.01%, 250=0.01%, 500=0.01%
  cpu          : usr=6.48%, sys=63.13%, ctx=15488, majf=0, minf=47
  IO depths    : 1=0.1%, 2=0.1%, 4=0.1%, 8=0.1%, 16=0.1%, 32=0.1%, >=64=100.0%
     submit    : 0=0.0%, 4=100.0%, 8=0.0%, 16=0.0%, 32=0.0%, 64=0.0%, >=64=0.0%
     complete  : 0=0.0%, 4=100.0%, 8=0.0%, 16=0.0%, 32=0.0%, 64=0.0%, >=64=0.1%
     issued rwts: total=0,983040,0,0 short=0,0,0,0 dropped=0,0,0,0
     latency   : target=0, window=0, percentile=100.00%, depth=128

Run status group 0 (all jobs):
  WRITE: bw=1087MiB/s (1140MB/s), 1087MiB/s-1087MiB/s (1140MB/s-1140MB/s), io=30.0GiB (32.2GB), run=28259-28259msec
