jobs1: (g=0): rw=write, bs=(R) 512KiB-512KiB, (W) 512KiB-512KiB, (T) 512KiB-512KiB, ioengine=libaio, iodepth=128
...
fio-3.28
Starting 32 processes
jobs1: Laying out IO files (64 files / total 30720MiB)

jobs1: (groupid=0, jobs=32): err= 0: pid=515466: Tue Jul 25 23:54:10 2023
  write: IOPS=8378, BW=4189MiB/s (4393MB/s)(30.0GiB/7333msec); 0 zone resets
    slat (usec): min=94, max=216, avg=118.43, stdev=24.80
    clat (nsec): min=1910, max=24511k, avg=15136858.59, stdev=3128322.37
     lat (usec): min=106, max=24706, avg=15255.41, stdev=3152.37
    clat percentiles (usec):
     |  1.00th=[13698],  5.00th=[13829], 10.00th=[13829], 20.00th=[13829],
     | 30.00th=[13829], 40.00th=[13829], 50.00th=[13829], 60.00th=[13960],
     | 70.00th=[13960], 80.00th=[13960], 90.00th=[21627], 95.00th=[24249],
     | 99.00th=[24249], 99.50th=[24511], 99.90th=[24511], 99.95th=[24511],
     | 99.99th=[24511]
   bw (  MiB/s): min= 2648, max= 4585, per=99.96%, avg=4187.78, stdev=759.36, samples=14
   iops        : min= 5296, max= 9170, avg=8375.50, stdev=1518.77, samples=14
  lat (usec)   : 2=0.01%, 250=0.01%, 500=0.01%, 750=0.01%, 1000=0.01%
  lat (msec)   : 2=0.01%, 4=0.03%, 10=0.09%, 20=88.83%, 50=11.02%
  cpu          : usr=13.20%, sys=86.80%, ctx=8, majf=0, minf=74
  IO depths    : 1=0.1%, 2=0.1%, 4=0.1%, 8=0.1%, 16=0.1%, 32=0.1%, >=64=99.9%
     submit    : 0=0.0%, 4=100.0%, 8=0.0%, 16=0.0%, 32=0.0%, 64=0.0%, >=64=0.0%
     complete  : 0=0.0%, 4=100.0%, 8=0.0%, 16=0.0%, 32=0.0%, 64=0.0%, >=64=0.1%
     issued rwts: total=0,61440,0,0 short=0,0,0,0 dropped=0,0,0,0
     latency   : target=0, window=0, percentile=100.00%, depth=128

Run status group 0 (all jobs):
  WRITE: bw=4189MiB/s (4393MB/s), 4189MiB/s-4189MiB/s (4393MB/s-4393MB/s), io=30.0GiB (32.2GB), run=7333-7333msec
