jobs1: (g=0): rw=write, bs=(R) 32.0KiB-32.0KiB, (W) 32.0KiB-32.0KiB, (T) 32.0KiB-32.0KiB, ioengine=libaio, iodepth=128
...
fio-3.28
Starting 32 processes
jobs1: Laying out IO files (64 files / total 30720MiB)

jobs1: (groupid=0, jobs=32): err= 0: pid=469215: Tue Jul 25 22:09:48 2023
  write: IOPS=65.4k, BW=2045MiB/s (2144MB/s)(30.0GiB/15024msec); 0 zone resets
    slat (usec): min=7, max=124598, avg=14.60, stdev=209.68
    clat (nsec): min=1330, max=356043k, avg=1898170.30, stdev=1817856.76
     lat (usec): min=11, max=356118, avg=1912.85, stdev=1858.35
    clat percentiles (usec):
     |  1.00th=[ 1254],  5.00th=[ 1270], 10.00th=[ 1287], 20.00th=[ 1319],
     | 30.00th=[ 1352], 40.00th=[ 1385], 50.00th=[ 1450], 60.00th=[ 1647],
     | 70.00th=[ 1827], 80.00th=[ 2278], 90.00th=[ 2376], 95.00th=[ 2474],
     | 99.00th=[12256], 99.50th=[13042], 99.90th=[17695], 99.95th=[21365],
     | 99.99th=[22152]
   bw (  MiB/s): min=  626, max= 2536, per=100.00%, avg=2044.83, stdev=482.16, samples=29
   iops        : min=20052, max=81168, avg=65434.48, stdev=15429.26, samples=29
  lat (usec)   : 2=0.01%, 20=0.01%, 50=0.01%, 100=0.01%, 250=0.01%
  lat (usec)   : 500=0.01%, 750=0.01%, 1000=0.01%
  lat (msec)   : 2=77.52%, 4=20.11%, 10=0.34%, 20=1.96%, 50=0.06%
  lat (msec)   : 100=0.01%, 250=0.01%, 500=0.01%
  cpu          : usr=7.26%, sys=78.06%, ctx=1216, majf=0, minf=69
  IO depths    : 1=0.1%, 2=0.1%, 4=0.1%, 8=0.1%, 16=0.1%, 32=0.1%, >=64=100.0%
     submit    : 0=0.0%, 4=100.0%, 8=0.0%, 16=0.0%, 32=0.0%, 64=0.0%, >=64=0.0%
     complete  : 0=0.0%, 4=100.0%, 8=0.0%, 16=0.0%, 32=0.0%, 64=0.0%, >=64=0.1%
     issued rwts: total=0,983040,0,0 short=0,0,0,0 dropped=0,0,0,0
     latency   : target=0, window=0, percentile=100.00%, depth=128

Run status group 0 (all jobs):
  WRITE: bw=2045MiB/s (2144MB/s), 2045MiB/s-2045MiB/s (2144MB/s-2144MB/s), io=30.0GiB (32.2GB), run=15024-15024msec
