jobs1: (g=0): rw=write, bs=(R) 4096B-4096B, (W) 4096B-4096B, (T) 4096B-4096B, ioengine=libaio, iodepth=128
...
fio-3.28
Starting 32 processes
jobs1: Laying out IO files (64 files / total 30720MiB)

jobs1: (groupid=0, jobs=32): err= 0: pid=287241: Tue Jul 25 21:00:38 2023
  write: IOPS=645k, BW=2519MiB/s (2641MB/s)(30.0GiB/12195msec); 0 zone resets
    slat (nsec): min=842, max=29656, avg=1087.21, stdev=241.75
    clat (nsec): min=1068, max=1030.3k, avg=197153.14, stdev=36030.56
     lat (usec): min=2, max=1052, avg=198.29, stdev=36.24
    clat percentiles (usec):
     |  1.00th=[  184],  5.00th=[  184], 10.00th=[  184], 20.00th=[  186],
     | 30.00th=[  186], 40.00th=[  186], 50.00th=[  186], 60.00th=[  188],
     | 70.00th=[  188], 80.00th=[  190], 90.00th=[  194], 95.00th=[  314],
     | 99.00th=[  318], 99.50th=[  322], 99.90th=[  334], 99.95th=[  457],
     | 99.99th=[  676]
   bw (  MiB/s): min= 1567, max= 2669, per=99.98%, avg=2518.69, stdev=366.31, samples=24
   iops        : min=401226, max=683480, avg=644783.46, stdev=93774.09, samples=24
  lat (usec)   : 2=0.01%, 4=0.01%, 10=0.01%, 20=0.01%, 50=0.01%
  lat (usec)   : 100=0.01%, 250=91.87%, 500=8.09%, 750=0.04%, 1000=0.01%
  lat (msec)   : 2=0.01%
  cpu          : usr=27.47%, sys=72.55%, ctx=17, majf=0, minf=94
  IO depths    : 1=0.1%, 2=0.1%, 4=0.1%, 8=0.1%, 16=0.1%, 32=0.1%, >=64=100.0%
     submit    : 0=0.0%, 4=100.0%, 8=0.0%, 16=0.0%, 32=0.0%, 64=0.0%, >=64=0.0%
     complete  : 0=0.0%, 4=100.0%, 8=0.0%, 16=0.0%, 32=0.0%, 64=0.0%, >=64=0.1%
     issued rwts: total=0,7864320,0,0 short=0,0,0,0 dropped=0,0,0,0
     latency   : target=0, window=0, percentile=100.00%, depth=128

Run status group 0 (all jobs):
  WRITE: bw=2519MiB/s (2641MB/s), 2519MiB/s-2519MiB/s (2641MB/s-2641MB/s), io=30.0GiB (32.2GB), run=12195-12195msec
