jobs1: (g=0): rw=write, bs=(R) 32.0KiB-32.0KiB, (W) 32.0KiB-32.0KiB, (T) 32.0KiB-32.0KiB, ioengine=libaio, iodepth=128
...
fio-3.28
Starting 16 processes
jobs1: Laying out IO file (1 file / 30720MiB)

jobs1: (groupid=0, jobs=16): err= 0: pid=161801: Tue Jul 25 18:38:19 2023
  write: IOPS=148k, BW=4624MiB/s (4848MB/s)(30.0GiB/6644msec); 0 zone resets
    slat (nsec): min=4583, max=36786, avg=6238.36, stdev=1694.74
    clat (nsec): min=1150, max=2285.3k, avg=858352.56, stdev=223582.71
     lat (usec): min=7, max=2302, avg=864.65, stdev=225.24
    clat percentiles (usec):
     |  1.00th=[  750],  5.00th=[  750], 10.00th=[  750], 20.00th=[  758],
     | 30.00th=[  758], 40.00th=[  758], 50.00th=[  758], 60.00th=[  758],
     | 70.00th=[  766], 80.00th=[  766], 90.00th=[ 1369], 95.00th=[ 1369],
     | 99.00th=[ 1385], 99.50th=[ 1385], 99.90th=[ 1500], 99.95th=[ 2114],
     | 99.99th=[ 2245]
   bw (  MiB/s): min= 2890, max= 5229, per=99.96%, avg=4622.06, stdev=1042.81, samples=12
   iops        : min=92498, max=167354, avg=147905.67, stdev=33369.84, samples=12
  lat (usec)   : 2=0.01%, 10=0.01%, 20=0.01%, 50=0.01%, 100=0.01%
  lat (usec)   : 250=0.01%, 500=0.01%, 750=1.55%, 1000=82.33%
  lat (msec)   : 2=16.05%, 4=0.06%
  cpu          : usr=12.93%, sys=87.07%, ctx=6, majf=0, minf=39
  IO depths    : 1=0.1%, 2=0.1%, 4=0.1%, 8=0.1%, 16=0.1%, 32=0.1%, >=64=100.0%
     submit    : 0=0.0%, 4=100.0%, 8=0.0%, 16=0.0%, 32=0.0%, 64=0.0%, >=64=0.0%
     complete  : 0=0.0%, 4=100.0%, 8=0.0%, 16=0.0%, 32=0.0%, 64=0.0%, >=64=0.1%
     issued rwts: total=0,983040,0,0 short=0,0,0,0 dropped=0,0,0,0
     latency   : target=0, window=0, percentile=100.00%, depth=128

Run status group 0 (all jobs):
  WRITE: bw=4624MiB/s (4848MB/s), 4624MiB/s-4624MiB/s (4848MB/s-4848MB/s), io=30.0GiB (32.2GB), run=6644-6644msec
