jobs1: (g=0): rw=write, bs=(R) 128KiB-128KiB, (W) 128KiB-128KiB, (T) 128KiB-128KiB, ioengine=libaio, iodepth=128
fio-3.28
Starting 1 process
jobs1: Laying out IO files (512 files / total 30720MiB)

jobs1: (groupid=0, jobs=1): err= 0: pid=1131127: Wed Jul 26 06:55:19 2023
  write: IOPS=40.5k, BW=5059MiB/s (5305MB/s)(30.0GiB/6072msec); 0 zone resets
    slat (nsec): min=18655, max=62793, avg=24113.49, stdev=6769.36
    clat (nsec): min=1550, max=6355.4k, avg=3136298.14, stdev=868414.05
     lat (usec): min=21, max=6410, avg=3160.47, stdev=875.11
    clat percentiles (usec):
     |  1.00th=[ 2704],  5.00th=[ 2737], 10.00th=[ 2737], 20.00th=[ 2737],
     | 30.00th=[ 2737], 40.00th=[ 2737], 50.00th=[ 2737], 60.00th=[ 2769],
     | 70.00th=[ 2769], 80.00th=[ 2769], 90.00th=[ 5145], 95.00th=[ 5145],
     | 99.00th=[ 5211], 99.50th=[ 5211], 99.90th=[ 5211], 99.95th=[ 5211],
     | 99.99th=[ 6063]
   bw (  MiB/s): min= 3085, max= 5790, per=99.83%, avg=5050.56, stdev=1186.95, samples=12
   iops        : min=24682, max=46324, avg=40404.50, stdev=9495.64, samples=12
  lat (usec)   : 2=0.01%, 50=0.01%, 100=0.01%, 250=0.01%, 500=0.01%
  lat (usec)   : 750=0.01%, 1000=0.01%
  lat (msec)   : 2=0.02%, 4=83.82%, 10=16.14%
  cpu          : usr=12.19%, sys=87.75%, ctx=6, majf=0, minf=17
  IO depths    : 1=0.1%, 2=0.1%, 4=0.1%, 8=0.1%, 16=0.1%, 32=0.1%, >=64=100.0%
     submit    : 0=0.0%, 4=100.0%, 8=0.0%, 16=0.0%, 32=0.0%, 64=0.0%, >=64=0.0%
     complete  : 0=0.0%, 4=100.0%, 8=0.0%, 16=0.0%, 32=0.0%, 64=0.0%, >=64=0.1%
     issued rwts: total=0,245760,0,0 short=0,0,0,0 dropped=0,0,0,0
     latency   : target=0, window=0, percentile=100.00%, depth=128

Run status group 0 (all jobs):
  WRITE: bw=5059MiB/s (5305MB/s), 5059MiB/s-5059MiB/s (5305MB/s-5305MB/s), io=30.0GiB (32.2GB), run=6072-6072msec
