jobs1: (g=0): rw=write, bs=(R) 128KiB-128KiB, (W) 128KiB-128KiB, (T) 128KiB-128KiB, ioengine=libaio, iodepth=128
...
fio-3.28
Starting 16 processes
jobs1: Laying out IO files (1024 files / total 30720MiB)
fio: pid=1180455, err=24/file:filesetup.c:805, func=open(/home/sevag/ramdisk//f1018), error=Too many open files

jobs1: (groupid=0, jobs=16): err=24 (file:filesetup.c:805, func=open(/home/sevag/ramdisk//f1018), error=Too many open files): pid=1180455: Wed Jul 26 10:00:40 2023
  write: IOPS=13.4k, BW=1676MiB/s (1757MB/s)(127MiB/76msec); 0 zone resets
    slat (usec): min=53, max=922, avg=67.61, stdev=51.17
    clat (usec): min=41, max=14580, avg=8242.92, stdev=1898.53
     lat (usec): min=98, max=14656, avg=8310.65, stdev=1910.23
    clat percentiles (usec):
     |  1.00th=[  758],  5.00th=[ 3425], 10.00th=[ 6915], 20.00th=[ 8455],
     | 30.00th=[ 8455], 40.00th=[ 8455], 50.00th=[ 8455], 60.00th=[ 8586],
     | 70.00th=[ 8586], 80.00th=[ 8848], 90.00th=[ 9241], 95.00th=[ 9241],
     | 99.00th=[14091], 99.50th=[14484], 99.90th=[14615], 99.95th=[14615],
     | 99.99th=[14615]
  lat (usec)   : 50=0.10%, 250=0.10%, 500=0.39%, 750=0.39%, 1000=0.39%
  lat (msec)   : 2=1.47%, 4=2.94%, 10=91.76%, 20=2.45%
  cpu          : usr=0.00%, sys=100.00%, ctx=0, majf=0, minf=51
  IO depths    : 1=0.1%, 2=0.2%, 4=0.4%, 8=0.8%, 16=1.6%, 32=3.1%, >=64=93.8%
     submit    : 0=0.0%, 4=100.0%, 8=0.0%, 16=0.0%, 32=0.0%, 64=0.0%, >=64=0.0%
     complete  : 0=0.0%, 4=99.9%, 8=0.0%, 16=0.0%, 32=0.0%, 64=0.0%, >=64=0.1%
     issued rwts: total=0,1019,0,0 short=0,0,0,0 dropped=0,0,0,0
     latency   : target=0, window=0, percentile=100.00%, depth=128

Run status group 0 (all jobs):
  WRITE: bw=1676MiB/s (1757MB/s), 1676MiB/s-1676MiB/s (1757MB/s-1757MB/s), io=127MiB (134MB), run=76-76msec
