jobs1: (g=0): rw=write, bs=(R) 512KiB-512KiB, (W) 512KiB-512KiB, (T) 512KiB-512KiB, ioengine=libaio, iodepth=128
...
fio-3.28
Starting 32 processes
jobs1: Laying out IO file (1 file / 30720MiB)

jobs1: (groupid=0, jobs=32): err= 0: pid=190927: Tue Jul 25 20:11:21 2023
  write: IOPS=5794, BW=2897MiB/s (3038MB/s)(30.0GiB/10604msec); 0 zone resets
    slat (usec): min=144, max=2453, avg=171.55, stdev=43.44
    clat (usec): min=2, max=75777, avg=21820.93, stdev=4653.31
     lat (usec): min=157, max=76100, avg=21992.62, stdev=4692.36
    clat percentiles (usec):
     |  1.00th=[19792],  5.00th=[20055], 10.00th=[20055], 20.00th=[20055],
     | 30.00th=[20055], 40.00th=[20055], 50.00th=[20055], 60.00th=[20055],
     | 70.00th=[20055], 80.00th=[20055], 90.00th=[33162], 95.00th=[33424],
     | 99.00th=[33424], 99.50th=[33817], 99.90th=[40109], 99.95th=[60031],
     | 99.99th=[73925]
   bw (  MiB/s): min= 1629, max= 3171, per=99.86%, avg=2893.05, stdev=535.91, samples=21
   iops        : min= 3258, max= 6342, avg=5786.00, stdev=1071.78, samples=21
  lat (usec)   : 4=0.01%, 250=0.01%, 500=0.01%, 750=0.01%, 1000=0.01%
  lat (msec)   : 2=0.01%, 4=0.02%, 10=0.06%, 20=13.56%, 50=86.26%
  lat (msec)   : 100=0.07%
  cpu          : usr=9.96%, sys=90.04%, ctx=22, majf=0, minf=70
  IO depths    : 1=0.1%, 2=0.1%, 4=0.1%, 8=0.1%, 16=0.1%, 32=0.1%, >=64=99.9%
     submit    : 0=0.0%, 4=100.0%, 8=0.0%, 16=0.0%, 32=0.0%, 64=0.0%, >=64=0.0%
     complete  : 0=0.0%, 4=100.0%, 8=0.0%, 16=0.0%, 32=0.0%, 64=0.0%, >=64=0.1%
     issued rwts: total=0,61440,0,0 short=0,0,0,0 dropped=0,0,0,0
     latency   : target=0, window=0, percentile=100.00%, depth=128

Run status group 0 (all jobs):
  WRITE: bw=2897MiB/s (3038MB/s), 2897MiB/s-2897MiB/s (3038MB/s-3038MB/s), io=30.0GiB (32.2GB), run=10604-10604msec
