jobs1: (g=0): rw=write, bs=(R) 32.0KiB-32.0KiB, (W) 32.0KiB-32.0KiB, (T) 32.0KiB-32.0KiB, ioengine=libaio, iodepth=128
fio-3.28
Starting 1 process
jobs1: Laying out IO files (1024 files / total 30720MiB)
fio: pid=1167210, err=24/file:filesetup.c:805, func=open(/home/sevag/ramdisk//f1018), error=Too many open files

jobs1: (groupid=0, jobs=1): err=24 (file:filesetup.c:805, func=open(/home/sevag/ramdisk//f1018), error=Too many open files): pid=1167210: Wed Jul 26 09:23:33 2023
  write: IOPS=34.0k, BW=1061MiB/s (1113MB/s)(31.8MiB/30msec); 0 zone resets
    slat (nsec): min=14526, max=48197, avg=21484.12, stdev=5338.24
    clat (usec): min=44, max=4908, avg=3412.01, stdev=959.39
     lat (usec): min=62, max=4938, avg=3433.70, stdev=963.22
    clat percentiles (usec):
     |  1.00th=[  347],  5.00th=[ 1303], 10.00th=[ 2540], 20.00th=[ 2999],
     | 30.00th=[ 3032], 40.00th=[ 3064], 50.00th=[ 3523], 60.00th=[ 3654],
     | 70.00th=[ 3720], 80.00th=[ 4146], 90.00th=[ 4817], 95.00th=[ 4817],
     | 99.00th=[ 4883], 99.50th=[ 4883], 99.90th=[ 4883], 99.95th=[ 4883],
     | 99.99th=[ 4883]
  lat (usec)   : 50=0.10%, 250=0.49%, 500=1.18%, 750=0.98%, 1000=0.98%
  lat (msec)   : 2=4.02%, 4=70.76%, 10=21.49%
  cpu          : usr=34.48%, sys=72.41%, ctx=0, majf=0, minf=26
  IO depths    : 1=0.1%, 2=0.2%, 4=0.4%, 8=0.8%, 16=1.6%, 32=3.1%, >=64=93.8%
     submit    : 0=0.0%, 4=100.0%, 8=0.0%, 16=0.0%, 32=0.0%, 64=0.0%, >=64=0.0%
     complete  : 0=0.0%, 4=99.9%, 8=0.0%, 16=0.0%, 32=0.0%, 64=0.0%, >=64=0.1%
     issued rwts: total=0,1019,0,0 short=0,0,0,0 dropped=0,0,0,0
     latency   : target=0, window=0, percentile=100.00%, depth=128

Run status group 0 (all jobs):
  WRITE: bw=1061MiB/s (1113MB/s), 1061MiB/s-1061MiB/s (1113MB/s-1113MB/s), io=31.8MiB (33.4MB), run=30-30msec
