jobs1: (g=0): rw=write, bs=(R) 4096B-4096B, (W) 4096B-4096B, (T) 4096B-4096B, ioengine=libaio, iodepth=128
...
fio-3.28
Starting 16 processes
jobs1: Laying out IO files (512 files / total 30720MiB)

jobs1: (groupid=0, jobs=16): err= 0: pid=880620: Wed Jul 26 04:39:54 2023
  write: IOPS=218k, BW=850MiB/s (891MB/s)(30.0GiB/36152msec); 0 zone resets
    slat (usec): min=2, max=134920, avg= 3.75, stdev=62.34
    clat (nsec): min=1981, max=232223k, avg=581943.94, stdev=862543.79
     lat (usec): min=5, max=232273, avg=585.79, stdev=868.63
    clat percentiles (usec):
     |  1.00th=[  486],  5.00th=[  490], 10.00th=[  494], 20.00th=[  498],
     | 30.00th=[  502], 40.00th=[  506], 50.00th=[  510], 60.00th=[  510],
     | 70.00th=[  519], 80.00th=[  529], 90.00th=[  545], 95.00th=[  603],
     | 99.00th=[ 2114], 99.50th=[ 3720], 99.90th=[13042], 99.95th=[15139],
     | 99.99th=[23725]
   bw (  KiB/s): min=503941, max=1017368, per=100.00%, avg=872285.62, stdev=112758.86, samples=71
   iops        : min=125985, max=254342, avg=218071.52, stdev=28189.78, samples=71
  lat (usec)   : 2=0.01%, 10=0.01%, 20=0.01%, 50=0.01%, 100=0.01%
  lat (usec)   : 250=0.01%, 500=20.88%, 750=75.90%, 1000=0.94%
  lat (msec)   : 2=1.22%, 4=0.58%, 10=0.31%, 20=0.14%, 50=0.02%
  lat (msec)   : 100=0.01%, 250=0.01%
  cpu          : usr=18.12%, sys=72.36%, ctx=19067, majf=0, minf=60
  IO depths    : 1=0.1%, 2=0.1%, 4=0.1%, 8=0.1%, 16=0.1%, 32=0.1%, >=64=100.0%
     submit    : 0=0.0%, 4=100.0%, 8=0.0%, 16=0.0%, 32=0.0%, 64=0.0%, >=64=0.0%
     complete  : 0=0.0%, 4=100.0%, 8=0.0%, 16=0.0%, 32=0.0%, 64=0.0%, >=64=0.1%
     issued rwts: total=0,7864320,0,0 short=0,0,0,0 dropped=0,0,0,0
     latency   : target=0, window=0, percentile=100.00%, depth=128

Run status group 0 (all jobs):
  WRITE: bw=850MiB/s (891MB/s), 850MiB/s-850MiB/s (891MB/s-891MB/s), io=30.0GiB (32.2GB), run=36152-36152msec
