jobs1: (g=0): rw=write, bs=(R) 4096B-4096B, (W) 4096B-4096B, (T) 4096B-4096B, ioengine=libaio, iodepth=128
...
fio-3.28
Starting 32 processes
jobs1: Laying out IO files (1024 files / total 30720MiB)
fio: pid=1157011, err=24/file:filesetup.c:805, func=open(/home/sevag/fuse_boc//f1018), error=Too many open files

jobs1: (groupid=0, jobs=32): err=24 (file:filesetup.c:805, func=open(/home/sevag/fuse_boc//f1018), error=Too many open files): pid=1157011: Wed Jul 26 08:48:57 2023
  write: IOPS=6449, BW=25.2MiB/s (26.4MB/s)(4076KiB/158msec); 0 zone resets
    slat (usec): min=4, max=112796, avg=117.52, stdev=3533.32
    clat (usec): min=55, max=121449, avg=7811.74, stdev=18426.38
     lat (usec): min=62, max=121470, avg=7929.50, stdev=18767.51
    clat percentiles (usec):
     |  1.00th=[   498],  5.00th=[  2147], 10.00th=[  3851], 20.00th=[  4293],
     | 30.00th=[  4555], 40.00th=[  4948], 50.00th=[  4948], 60.00th=[  5407],
     | 70.00th=[  5604], 80.00th=[  5669], 90.00th=[  5866], 95.00th=[  6063],
     | 99.00th=[121111], 99.50th=[121111], 99.90th=[121111], 99.95th=[121111],
     | 99.99th=[121111]
  lat (usec)   : 100=0.10%, 250=0.20%, 500=0.79%, 750=0.69%, 1000=0.79%
  lat (msec)   : 2=2.06%, 4=5.79%, 10=87.05%, 250=2.55%
  cpu          : usr=10.19%, sys=7.64%, ctx=1038, majf=0, minf=87
  IO depths    : 1=0.1%, 2=0.2%, 4=0.4%, 8=0.8%, 16=1.6%, 32=3.1%, >=64=93.8%
     submit    : 0=0.0%, 4=100.0%, 8=0.0%, 16=0.0%, 32=0.0%, 64=0.0%, >=64=0.0%
     complete  : 0=0.0%, 4=99.9%, 8=0.0%, 16=0.0%, 32=0.0%, 64=0.0%, >=64=0.1%
     issued rwts: total=0,1019,0,0 short=0,0,0,0 dropped=0,0,0,0
     latency   : target=0, window=0, percentile=100.00%, depth=128

Run status group 0 (all jobs):
  WRITE: bw=25.2MiB/s (26.4MB/s), 25.2MiB/s-25.2MiB/s (26.4MB/s-26.4MB/s), io=4076KiB (4174kB), run=158-158msec
