jobs1: (g=0): rw=write, bs=(R) 4096B-4096B, (W) 4096B-4096B, (T) 4096B-4096B, ioengine=libaio, iodepth=128
...
fio-3.28
Starting 16 processes
jobs1: Laying out IO files (64 files / total 30720MiB)

jobs1: (groupid=0, jobs=16): err= 0: pid=202559: Tue Jul 25 20:53:19 2023
  write: IOPS=646k, BW=2525MiB/s (2648MB/s)(30.0GiB/12165msec); 0 zone resets
    slat (nsec): min=857, max=23631, avg=1086.28, stdev=248.87
    clat (nsec): min=1463, max=991134, avg=196671.08, stdev=36758.74
     lat (usec): min=2, max=1012, avg=197.81, stdev=36.97
    clat percentiles (usec):
     |  1.00th=[  182],  5.00th=[  184], 10.00th=[  184], 20.00th=[  184],
     | 30.00th=[  184], 40.00th=[  186], 50.00th=[  186], 60.00th=[  186],
     | 70.00th=[  186], 80.00th=[  190], 90.00th=[  194], 95.00th=[  310],
     | 99.00th=[  318], 99.50th=[  322], 99.90th=[  330], 99.95th=[  429],
     | 99.99th=[  668]
   bw (  MiB/s): min= 1581, max= 2686, per=100.00%, avg=2536.01, stdev=366.69, samples=24
   iops        : min=404911, max=687646, avg=649218.54, stdev=93873.42, samples=24
  lat (usec)   : 2=0.01%, 4=0.01%, 10=0.01%, 20=0.01%, 50=0.01%
  lat (usec)   : 100=0.01%, 250=91.21%, 500=8.74%, 750=0.05%, 1000=0.01%
  cpu          : usr=28.00%, sys=71.99%, ctx=14, majf=0, minf=44
  IO depths    : 1=0.1%, 2=0.1%, 4=0.1%, 8=0.1%, 16=0.1%, 32=0.1%, >=64=100.0%
     submit    : 0=0.0%, 4=100.0%, 8=0.0%, 16=0.0%, 32=0.0%, 64=0.0%, >=64=0.0%
     complete  : 0=0.0%, 4=100.0%, 8=0.0%, 16=0.0%, 32=0.0%, 64=0.0%, >=64=0.1%
     issued rwts: total=0,7864320,0,0 short=0,0,0,0 dropped=0,0,0,0
     latency   : target=0, window=0, percentile=100.00%, depth=128

Run status group 0 (all jobs):
  WRITE: bw=2525MiB/s (2648MB/s), 2525MiB/s-2525MiB/s (2648MB/s-2648MB/s), io=30.0GiB (32.2GB), run=12165-12165msec
