jobs1: (g=0): rw=write, bs=(R) 512KiB-512KiB, (W) 512KiB-512KiB, (T) 512KiB-512KiB, ioengine=libaio, iodepth=128
fio-3.28
Starting 1 process
jobs1: Laying out IO files (512 files / total 30720MiB)

jobs1: (groupid=0, jobs=1): err= 0: pid=1142454: Wed Jul 26 07:49:13 2023
  write: IOPS=1593, BW=797MiB/s (835MB/s)(30.0GiB/38568msec); 0 zone resets
    slat (usec): min=236, max=254966, avg=624.30, stdev=2141.63
    clat (usec): min=3, max=137891, avg=79125.63, stdev=6799.97
     lat (usec): min=347, max=313248, avg=79750.24, stdev=6925.46
    clat percentiles (msec):
     |  1.00th=[   67],  5.00th=[   72], 10.00th=[   73], 20.00th=[   74],
     | 30.00th=[   75], 40.00th=[   77], 50.00th=[   78], 60.00th=[   80],
     | 70.00th=[   83], 80.00th=[   86], 90.00th=[   89], 95.00th=[   90],
     | 99.00th=[   93], 99.50th=[   94], 99.90th=[  125], 99.95th=[  134],
     | 99.99th=[  136]
   bw (  KiB/s): min=274432, max=840704, per=99.87%, avg=814545.45, stdev=63269.99, samples=77
   iops        : min=  536, max= 1642, avg=1590.91, stdev=123.57, samples=77
  lat (usec)   : 4=0.01%, 500=0.01%
  lat (msec)   : 20=0.02%, 50=0.26%, 100=99.37%, 250=0.35%
  cpu          : usr=3.80%, sys=54.85%, ctx=1690, majf=0, minf=17
  IO depths    : 1=0.1%, 2=0.1%, 4=0.1%, 8=0.1%, 16=0.1%, 32=0.1%, >=64=99.9%
     submit    : 0=0.0%, 4=100.0%, 8=0.0%, 16=0.0%, 32=0.0%, 64=0.0%, >=64=0.0%
     complete  : 0=0.0%, 4=100.0%, 8=0.0%, 16=0.0%, 32=0.0%, 64=0.0%, >=64=0.1%
     issued rwts: total=0,61440,0,0 short=0,0,0,0 dropped=0,0,0,0
     latency   : target=0, window=0, percentile=100.00%, depth=128

Run status group 0 (all jobs):
  WRITE: bw=797MiB/s (835MB/s), 797MiB/s-797MiB/s (835MB/s-835MB/s), io=30.0GiB (32.2GB), run=38568-38568msec
