jobs1: (g=0): rw=write, bs=(R) 32.0KiB-32.0KiB, (W) 32.0KiB-32.0KiB, (T) 32.0KiB-32.0KiB, ioengine=libaio, iodepth=128
...
fio-3.28
Starting 32 processes
jobs1: Laying out IO files (128 files / total 30720MiB)

jobs1: (groupid=0, jobs=32): err= 0: pid=799731: Wed Jul 26 01:59:31 2023
  write: IOPS=23.8k, BW=742MiB/s (778MB/s)(30.0GiB/41384msec); 0 zone resets
    slat (usec): min=12, max=132567, avg=40.65, stdev=509.40
    clat (usec): min=3, max=464088, avg=5290.47, stdev=5033.91
     lat (usec): min=32, max=464172, avg=5331.31, stdev=5070.49
    clat percentiles (usec):
     |  1.00th=[ 2507],  5.00th=[ 2704], 10.00th=[ 2802], 20.00th=[ 2999],
     | 30.00th=[ 3064], 40.00th=[ 3163], 50.00th=[ 3261], 60.00th=[ 3392],
     | 70.00th=[ 3523], 80.00th=[ 3982], 90.00th=[16319], 95.00th=[17695],
     | 99.00th=[19006], 99.50th=[20579], 99.90th=[22152], 99.95th=[22414],
     | 99.99th=[22938]
   bw (  KiB/s): min=292897, max=979943, per=100.00%, avg=761389.20, stdev=70566.60, samples=82
   iops        : min= 9153, max=30623, avg=23793.33, stdev=2205.16, samples=82
  lat (usec)   : 4=0.01%, 50=0.01%, 100=0.01%, 250=0.01%, 500=0.01%
  lat (usec)   : 750=0.01%, 1000=0.01%
  lat (msec)   : 2=0.01%, 4=80.12%, 10=4.92%, 20=14.29%, 50=0.67%
  lat (msec)   : 100=0.01%, 250=0.01%, 500=0.01%
  cpu          : usr=6.21%, sys=54.06%, ctx=1381, majf=0, minf=73
  IO depths    : 1=0.1%, 2=0.1%, 4=0.1%, 8=0.1%, 16=0.1%, 32=0.1%, >=64=100.0%
     submit    : 0=0.0%, 4=100.0%, 8=0.0%, 16=0.0%, 32=0.0%, 64=0.0%, >=64=0.0%
     complete  : 0=0.0%, 4=100.0%, 8=0.0%, 16=0.0%, 32=0.0%, 64=0.0%, >=64=0.1%
     issued rwts: total=0,983040,0,0 short=0,0,0,0 dropped=0,0,0,0
     latency   : target=0, window=0, percentile=100.00%, depth=128

Run status group 0 (all jobs):
  WRITE: bw=742MiB/s (778MB/s), 742MiB/s-742MiB/s (778MB/s-778MB/s), io=30.0GiB (32.2GB), run=41384-41384msec
