jobs1: (g=0): rw=write, bs=(R) 128KiB-128KiB, (W) 128KiB-128KiB, (T) 128KiB-128KiB, ioengine=libaio, iodepth=128
...
fio-3.28
Starting 32 processes
jobs1: Laying out IO files (64 files / total 30720MiB)

jobs1: (groupid=0, jobs=32): err= 0: pid=495426: Tue Jul 25 23:05:31 2023
  write: IOPS=41.6k, BW=5202MiB/s (5455MB/s)(30.0GiB/5905msec); 0 zone resets
    slat (nsec): min=18440, max=60574, avg=23462.20, stdev=6420.49
    clat (nsec): min=1611, max=5684.0k, avg=3049960.87, stdev=821884.25
     lat (usec): min=21, max=5734, avg=3073.49, stdev=828.23
    clat percentiles (usec):
     |  1.00th=[ 2671],  5.00th=[ 2671], 10.00th=[ 2671], 20.00th=[ 2671],
     | 30.00th=[ 2704], 40.00th=[ 2704], 50.00th=[ 2704], 60.00th=[ 2704],
     | 70.00th=[ 2704], 80.00th=[ 2704], 90.00th=[ 5014], 95.00th=[ 5014],
     | 99.00th=[ 5080], 99.50th=[ 5080], 99.90th=[ 5080], 99.95th=[ 5080],
     | 99.99th=[ 5473]
   bw (  MiB/s): min= 3160, max= 5901, per=100.00%, avg=5256.31, stdev=1129.94, samples=11
   iops        : min=25284, max=47212, avg=42050.45, stdev=9039.53, samples=11
  lat (usec)   : 2=0.01%, 50=0.01%, 100=0.01%, 250=0.01%, 500=0.01%
  lat (usec)   : 750=0.01%, 1000=0.01%
  lat (msec)   : 2=0.02%, 4=84.96%, 10=15.01%
  cpu          : usr=11.18%, sys=88.80%, ctx=8, majf=0, minf=100
  IO depths    : 1=0.1%, 2=0.1%, 4=0.1%, 8=0.1%, 16=0.1%, 32=0.1%, >=64=100.0%
     submit    : 0=0.0%, 4=100.0%, 8=0.0%, 16=0.0%, 32=0.0%, 64=0.0%, >=64=0.0%
     complete  : 0=0.0%, 4=100.0%, 8=0.0%, 16=0.0%, 32=0.0%, 64=0.0%, >=64=0.1%
     issued rwts: total=0,245760,0,0 short=0,0,0,0 dropped=0,0,0,0
     latency   : target=0, window=0, percentile=100.00%, depth=128

Run status group 0 (all jobs):
  WRITE: bw=5202MiB/s (5455MB/s), 5202MiB/s-5202MiB/s (5455MB/s-5455MB/s), io=30.0GiB (32.2GB), run=5905-5905msec
