jobs1: (g=0): rw=write, bs=(R) 128KiB-128KiB, (W) 128KiB-128KiB, (T) 128KiB-128KiB, ioengine=libaio, iodepth=128
fio-3.28
Starting 1 process
jobs1: Laying out IO files (512 files / total 30720MiB)

jobs1: (groupid=0, jobs=1): err= 0: pid=1130256: Wed Jul 26 06:53:15 2023
  write: IOPS=6182, BW=773MiB/s (810MB/s)(30.0GiB/39752msec); 0 zone resets
    slat (usec): min=51, max=159616, avg=159.83, stdev=1096.74
    clat (usec): min=3, max=343050, avg=20304.41, stdev=6968.30
     lat (usec): min=102, max=475463, avg=20464.46, stdev=7022.65
    clat percentiles (usec):
     |  1.00th=[10290],  5.00th=[10814], 10.00th=[11338], 20.00th=[12125],
     | 30.00th=[13042], 40.00th=[15533], 50.00th=[23725], 60.00th=[24773],
     | 70.00th=[25560], 80.00th=[26346], 90.00th=[27657], 95.00th=[28705],
     | 99.00th=[31065], 99.50th=[32113], 99.90th=[43254], 99.95th=[45876],
     | 99.99th=[46400]
   bw (  KiB/s): min=57600, max=839936, per=99.97%, avg=791111.29, stdev=100970.93, samples=79
   iops        : min=  450, max= 6562, avg=6180.56, stdev=788.84, samples=79
  lat (usec)   : 4=0.01%, 250=0.01%, 500=0.01%, 750=0.01%, 1000=0.01%
  lat (msec)   : 2=0.01%, 4=0.01%, 10=0.50%, 20=40.06%, 50=59.43%
  lat (msec)   : 250=0.01%, 500=0.01%
  cpu          : usr=4.02%, sys=54.13%, ctx=3362, majf=0, minf=17
  IO depths    : 1=0.1%, 2=0.1%, 4=0.1%, 8=0.1%, 16=0.1%, 32=0.1%, >=64=100.0%
     submit    : 0=0.0%, 4=100.0%, 8=0.0%, 16=0.0%, 32=0.0%, 64=0.0%, >=64=0.0%
     complete  : 0=0.0%, 4=100.0%, 8=0.0%, 16=0.0%, 32=0.0%, 64=0.0%, >=64=0.1%
     issued rwts: total=0,245760,0,0 short=0,0,0,0 dropped=0,0,0,0
     latency   : target=0, window=0, percentile=100.00%, depth=128

Run status group 0 (all jobs):
  WRITE: bw=773MiB/s (810MB/s), 773MiB/s-773MiB/s (810MB/s-810MB/s), io=30.0GiB (32.2GB), run=39752-39752msec
