jobs1: (g=0): rw=write, bs=(R) 512KiB-512KiB, (W) 512KiB-512KiB, (T) 512KiB-512KiB, ioengine=libaio, iodepth=128
fio-3.28
Starting 1 process
jobs1: Laying out IO files (64 files / total 30720MiB)

jobs1: (groupid=0, jobs=1): err= 0: pid=512650: Tue Jul 25 23:47:19 2023
  write: IOPS=8558, BW=4279MiB/s (4487MB/s)(30.0GiB/7179msec); 0 zone resets
    slat (usec): min=95, max=179, avg=115.93, stdev=16.98
    clat (nsec): min=1913, max=20298k, avg=14819756.45, stdev=2111451.16
     lat (usec): min=121, max=20456, avg=14935.81, stdev=2127.39
    clat percentiles (usec):
     |  1.00th=[13698],  5.00th=[13829], 10.00th=[13829], 20.00th=[13829],
     | 30.00th=[13829], 40.00th=[13829], 50.00th=[13960], 60.00th=[13960],
     | 70.00th=[13960], 80.00th=[13960], 90.00th=[19268], 95.00th=[19530],
     | 99.00th=[20055], 99.50th=[20317], 99.90th=[20317], 99.95th=[20317],
     | 99.99th=[20317]
   bw (  MiB/s): min= 3178, max= 4585, per=99.65%, avg=4264.36, stdev=564.56, samples=14
   iops        : min= 6356, max= 9170, avg=8528.71, stdev=1129.13, samples=14
  lat (usec)   : 2=0.01%, 250=0.01%, 500=0.01%, 750=0.01%, 1000=0.01%
  lat (msec)   : 2=0.02%, 4=0.03%, 10=0.09%, 20=97.39%, 50=2.46%
  cpu          : usr=13.43%, sys=86.58%, ctx=6, majf=0, minf=13
  IO depths    : 1=0.1%, 2=0.1%, 4=0.1%, 8=0.1%, 16=0.1%, 32=0.1%, >=64=99.9%
     submit    : 0=0.0%, 4=100.0%, 8=0.0%, 16=0.0%, 32=0.0%, 64=0.0%, >=64=0.0%
     complete  : 0=0.0%, 4=100.0%, 8=0.0%, 16=0.0%, 32=0.0%, 64=0.0%, >=64=0.1%
     issued rwts: total=0,61440,0,0 short=0,0,0,0 dropped=0,0,0,0
     latency   : target=0, window=0, percentile=100.00%, depth=128

Run status group 0 (all jobs):
  WRITE: bw=4279MiB/s (4487MB/s), 4279MiB/s-4279MiB/s (4487MB/s-4487MB/s), io=30.0GiB (32.2GB), run=7179-7179msec
