jobs1: (g=0): rw=write, bs=(R) 4096B-4096B, (W) 4096B-4096B, (T) 4096B-4096B, ioengine=libaio, iodepth=128
...
fio-3.28
Starting 16 processes
jobs1: Laying out IO files (64 files / total 30720MiB)

jobs1: (groupid=0, jobs=16): err= 0: pid=201837: Tue Jul 25 20:51:48 2023
  write: IOPS=371k, BW=1449MiB/s (1519MB/s)(30.0GiB/21208msec); 0 zone resets
    slat (nsec): min=1403, max=133350k, avg=2162.22, stdev=80578.12
    clat (nsec): min=1575, max=511040k, avg=339410.82, stdev=1485558.82
     lat (usec): min=3, max=511069, avg=341.64, stdev=1495.79
    clat percentiles (usec):
     |  1.00th=[  269],  5.00th=[  269], 10.00th=[  273], 20.00th=[  273],
     | 30.00th=[  273], 40.00th=[  273], 50.00th=[  277], 60.00th=[  285],
     | 70.00th=[  302], 80.00th=[  334], 90.00th=[  383], 95.00th=[  453],
     | 99.00th=[  515], 99.50th=[  562], 99.90th=[11600], 99.95th=[13173],
     | 99.99th=[17957]
   bw (  MiB/s): min=  222, max= 1581, per=100.00%, avg=1459.15, stdev=251.07, samples=42
   iops        : min=56875, max=404918, avg=373543.26, stdev=64273.01, samples=42
  lat (usec)   : 2=0.01%, 4=0.01%, 10=0.01%, 20=0.01%, 50=0.01%
  lat (usec)   : 100=0.01%, 250=0.01%, 500=98.68%, 750=0.96%, 1000=0.07%
  lat (msec)   : 2=0.02%, 4=0.01%, 10=0.08%, 20=0.18%, 50=0.01%
  lat (msec)   : 100=0.01%, 250=0.01%, 500=0.01%, 750=0.01%
  cpu          : usr=20.69%, sys=68.34%, ctx=1612, majf=0, minf=56
  IO depths    : 1=0.1%, 2=0.1%, 4=0.1%, 8=0.1%, 16=0.1%, 32=0.1%, >=64=100.0%
     submit    : 0=0.0%, 4=100.0%, 8=0.0%, 16=0.0%, 32=0.0%, 64=0.0%, >=64=0.0%
     complete  : 0=0.0%, 4=100.0%, 8=0.0%, 16=0.0%, 32=0.0%, 64=0.0%, >=64=0.1%
     issued rwts: total=0,7864320,0,0 short=0,0,0,0 dropped=0,0,0,0
     latency   : target=0, window=0, percentile=100.00%, depth=128

Run status group 0 (all jobs):
  WRITE: bw=1449MiB/s (1519MB/s), 1449MiB/s-1449MiB/s (1519MB/s-1519MB/s), io=30.0GiB (32.2GB), run=21208-21208msec
