jobs1: (g=0): rw=write, bs=(R) 4096B-4096B, (W) 4096B-4096B, (T) 4096B-4096B, ioengine=libaio, iodepth=128
...
fio-3.28
Starting 16 processes
jobs1: Laying out IO files (1024 files / total 30720MiB)
fio: pid=1156035, err=24/file:filesetup.c:805, func=open(/tmp/ssfs/home/sevag/fuse_ext4/f1012), error=Too many open files

jobs1: (groupid=0, jobs=16): err=24 (file:filesetup.c:805, func=open(/tmp/ssfs/home/sevag/fuse_ext4/f1012), error=Too many open files): pid=1156035: Wed Jul 26 08:47:54 2023
  write: IOPS=2001, BW=8008KiB/s (8200kB/s)(4052KiB/506msec); 0 zone resets
    slat (usec): min=6, max=123590, avg=248.03, stdev=4400.93
    clat (usec): min=89, max=295700, avg=46209.91, stdev=52846.35
     lat (usec): min=114, max=295713, avg=46458.46, stdev=53388.64
    clat percentiles (msec):
     |  1.00th=[    5],  5.00th=[   18], 10.00th=[   20], 20.00th=[   22],
     | 30.00th=[   25], 40.00th=[   29], 50.00th=[   31], 60.00th=[   33],
     | 70.00th=[   36], 80.00th=[   39], 90.00th=[  118], 95.00th=[  169],
     | 99.00th=[  296], 99.50th=[  296], 99.90th=[  296], 99.95th=[  296],
     | 99.99th=[  296]
  lat (usec)   : 100=0.10%
  lat (msec)   : 4=0.79%, 10=1.38%, 20=9.77%, 50=74.23%, 100=3.06%
  lat (msec)   : 250=7.90%, 500=2.76%
  cpu          : usr=4.35%, sys=5.93%, ctx=1077, majf=0, minf=52
  IO depths    : 1=0.1%, 2=0.2%, 4=0.4%, 8=0.8%, 16=1.6%, 32=3.2%, >=64=93.8%
     submit    : 0=0.0%, 4=100.0%, 8=0.0%, 16=0.0%, 32=0.0%, 64=0.0%, >=64=0.0%
     complete  : 0=0.0%, 4=99.9%, 8=0.0%, 16=0.0%, 32=0.0%, 64=0.0%, >=64=0.1%
     issued rwts: total=0,1013,0,0 short=0,0,0,0 dropped=0,0,0,0
     latency   : target=0, window=0, percentile=100.00%, depth=128

Run status group 0 (all jobs):
  WRITE: bw=8008KiB/s (8200kB/s), 8008KiB/s-8008KiB/s (8200kB/s-8200kB/s), io=4052KiB (4149kB), run=506-506msec
