jobs1: (g=0): rw=write, bs=(R) 4096B-4096B, (W) 4096B-4096B, (T) 4096B-4096B, ioengine=libaio, iodepth=128
...
fio-3.28
Starting 16 processes
jobs1: Laying out IO file (1 file / 30720MiB)

jobs1: (groupid=0, jobs=16): err= 0: pid=12875: Tue Jul 25 17:33:57 2023
  write: IOPS=671k, BW=2623MiB/s (2750MB/s)(30.0GiB/11713msec); 0 zone resets
    slat (nsec): min=810, max=29080, avg=1028.92, stdev=225.74
    clat (nsec): min=1157, max=687460, avg=189377.97, stdev=33535.24
     lat (usec): min=2, max=691, avg=190.45, stdev=33.73
    clat percentiles (usec):
     |  1.00th=[  178],  5.00th=[  178], 10.00th=[  178], 20.00th=[  180],
     | 30.00th=[  180], 40.00th=[  180], 50.00th=[  180], 60.00th=[  180],
     | 70.00th=[  182], 80.00th=[  182], 90.00th=[  186], 95.00th=[  297],
     | 99.00th=[  302], 99.50th=[  306], 99.90th=[  347], 99.95th=[  490],
     | 99.99th=[  668]
   bw (  MiB/s): min= 1632, max= 2771, per=100.00%, avg=2639.19, stdev=342.24, samples=23
   iops        : min=417943, max=709572, avg=675632.61, stdev=87614.90, samples=23
  lat (usec)   : 2=0.01%, 4=0.01%, 10=0.01%, 20=0.01%, 50=0.01%
  lat (usec)   : 100=0.01%, 250=92.12%, 500=7.85%, 750=0.03%
  cpu          : usr=29.22%, sys=70.77%, ctx=17, majf=0, minf=52
  IO depths    : 1=0.1%, 2=0.1%, 4=0.1%, 8=0.1%, 16=0.1%, 32=0.1%, >=64=100.0%
     submit    : 0=0.0%, 4=100.0%, 8=0.0%, 16=0.0%, 32=0.0%, 64=0.0%, >=64=0.0%
     complete  : 0=0.0%, 4=100.0%, 8=0.0%, 16=0.0%, 32=0.0%, 64=0.0%, >=64=0.1%
     issued rwts: total=0,7864320,0,0 short=0,0,0,0 dropped=0,0,0,0
     latency   : target=0, window=0, percentile=100.00%, depth=128

Run status group 0 (all jobs):
  WRITE: bw=2623MiB/s (2750MB/s), 2623MiB/s-2623MiB/s (2750MB/s-2750MB/s), io=30.0GiB (32.2GB), run=11713-11713msec
