jobs1: (g=0): rw=write, bs=(R) 4096B-4096B, (W) 4096B-4096B, (T) 4096B-4096B, ioengine=libaio, iodepth=128
...
fio-3.28
Starting 16 processes
jobs1: Laying out IO files (512 files / total 30720MiB)

jobs1: (groupid=0, jobs=16): err= 0: pid=881340: Wed Jul 26 04:41:31 2023
  write: IOPS=594k, BW=2321MiB/s (2434MB/s)(30.0GiB/13237msec); 0 zone resets
    slat (nsec): min=927, max=30603, avg=1220.32, stdev=269.16
    clat (nsec): min=1161, max=1654.9k, avg=213985.00, stdev=41297.09
     lat (usec): min=2, max=1659, avg=215.25, stdev=41.54
    clat percentiles (usec):
     |  1.00th=[  198],  5.00th=[  200], 10.00th=[  200], 20.00th=[  200],
     | 30.00th=[  200], 40.00th=[  202], 50.00th=[  202], 60.00th=[  204],
     | 70.00th=[  206], 80.00th=[  206], 90.00th=[  210], 95.00th=[  351],
     | 99.00th=[  363], 99.50th=[  363], 99.90th=[  371], 99.95th=[  486],
     | 99.99th=[  717]
   bw (  MiB/s): min= 1381, max= 2464, per=100.00%, avg=2327.07, stdev=341.63, samples=26
   iops        : min=353685, max=630962, avg=595731.12, stdev=87457.12, samples=26
  lat (usec)   : 2=0.01%, 4=0.01%, 10=0.01%, 20=0.01%, 50=0.01%
  lat (usec)   : 100=0.01%, 250=92.67%, 500=7.30%, 750=0.02%, 1000=0.01%
  lat (msec)   : 2=0.01%
  cpu          : usr=25.25%, sys=74.74%, ctx=13, majf=0, minf=43
  IO depths    : 1=0.1%, 2=0.1%, 4=0.1%, 8=0.1%, 16=0.1%, 32=0.1%, >=64=100.0%
     submit    : 0=0.0%, 4=100.0%, 8=0.0%, 16=0.0%, 32=0.0%, 64=0.0%, >=64=0.0%
     complete  : 0=0.0%, 4=100.0%, 8=0.0%, 16=0.0%, 32=0.0%, 64=0.0%, >=64=0.1%
     issued rwts: total=0,7864320,0,0 short=0,0,0,0 dropped=0,0,0,0
     latency   : target=0, window=0, percentile=100.00%, depth=128

Run status group 0 (all jobs):
  WRITE: bw=2321MiB/s (2434MB/s), 2321MiB/s-2321MiB/s (2434MB/s-2434MB/s), io=30.0GiB (32.2GB), run=13237-13237msec
