jobs1: (g=0): rw=write, bs=(R) 128KiB-128KiB, (W) 128KiB-128KiB, (T) 128KiB-128KiB, ioengine=libaio, iodepth=128
...
fio-3.28
Starting 32 processes
jobs1: Laying out IO file (1 file / 30720MiB)

jobs1: (groupid=0, jobs=32): err= 0: pid=177908: Tue Jul 25 19:29:50 2023
  write: IOPS=26.2k, BW=3281MiB/s (3440MB/s)(30.0GiB/9363msec); 0 zone resets
    slat (usec): min=28, max=1016, avg=37.51, stdev=11.99
    clat (nsec): min=1730, max=18533k, avg=4832692.38, stdev=1453378.55
     lat (usec): min=34, max=18632, avg=4870.28, stdev=1464.83
    clat percentiles (usec):
     |  1.00th=[ 4146],  5.00th=[ 4146], 10.00th=[ 4146], 20.00th=[ 4146],
     | 30.00th=[ 4146], 40.00th=[ 4146], 50.00th=[ 4146], 60.00th=[ 4146],
     | 70.00th=[ 4178], 80.00th=[ 4178], 90.00th=[ 8029], 95.00th=[ 8029],
     | 99.00th=[ 8094], 99.50th=[ 8094], 99.90th=[ 8225], 99.95th=[ 8291],
     | 99.99th=[16319]
   bw (  MiB/s): min= 1929, max= 3824, per=99.81%, avg=3274.84, stdev=838.13, samples=18
   iops        : min=15435, max=30599, avg=26198.78, stdev=6705.11, samples=18
  lat (usec)   : 2=0.01%, 50=0.01%, 100=0.01%, 250=0.01%, 500=0.01%
  lat (usec)   : 750=0.01%, 1000=0.01%
  lat (msec)   : 2=0.01%, 4=0.03%, 10=99.93%, 20=0.02%
  cpu          : usr=8.17%, sys=91.83%, ctx=15, majf=0, minf=93
  IO depths    : 1=0.1%, 2=0.1%, 4=0.1%, 8=0.1%, 16=0.1%, 32=0.1%, >=64=100.0%
     submit    : 0=0.0%, 4=100.0%, 8=0.0%, 16=0.0%, 32=0.0%, 64=0.0%, >=64=0.0%
     complete  : 0=0.0%, 4=100.0%, 8=0.0%, 16=0.0%, 32=0.0%, 64=0.0%, >=64=0.1%
     issued rwts: total=0,245760,0,0 short=0,0,0,0 dropped=0,0,0,0
     latency   : target=0, window=0, percentile=100.00%, depth=128

Run status group 0 (all jobs):
  WRITE: bw=3281MiB/s (3440MB/s), 3281MiB/s-3281MiB/s (3440MB/s-3440MB/s), io=30.0GiB (32.2GB), run=9363-9363msec
