jobs1: (g=0): rw=write, bs=(R) 32.0KiB-32.0KiB, (W) 32.0KiB-32.0KiB, (T) 32.0KiB-32.0KiB, ioengine=libaio, iodepth=128
fio-3.28
Starting 1 process
jobs1: Laying out IO file (1 file / 30720MiB)

jobs1: (groupid=0, jobs=1): err= 0: pid=160194: Tue Jul 25 18:34:52 2023
  write: IOPS=98.8k, BW=3089MiB/s (3239MB/s)(30.0GiB/9945msec); 0 zone resets
    slat (nsec): min=6787, max=69789, avg=9549.42, stdev=2684.33
    clat (nsec): min=1391, max=3858.9k, avg=1284746.97, stdev=338175.95
     lat (usec): min=9, max=3885, avg=1294.37, stdev=340.73
    clat percentiles (usec):
     |  1.00th=[ 1123],  5.00th=[ 1123], 10.00th=[ 1123], 20.00th=[ 1139],
     | 30.00th=[ 1139], 40.00th=[ 1139], 50.00th=[ 1156], 60.00th=[ 1156],
     | 70.00th=[ 1156], 80.00th=[ 1156], 90.00th=[ 2089], 95.00th=[ 2089],
     | 99.00th=[ 2114], 99.50th=[ 2114], 99.90th=[ 2343], 99.95th=[ 2769],
     | 99.99th=[ 3458]
   bw (  MiB/s): min= 1878, max= 3481, per=99.45%, avg=3072.10, stdev=692.45, samples=19
   iops        : min=60098, max=111412, avg=98307.05, stdev=22158.56, samples=19
  lat (usec)   : 2=0.01%, 20=0.01%, 50=0.01%, 100=0.01%, 250=0.01%
  lat (usec)   : 500=0.01%, 750=0.01%, 1000=0.01%
  lat (msec)   : 2=85.42%, 4=14.57%
  cpu          : usr=9.28%, sys=90.74%, ctx=30, majf=0, minf=14
  IO depths    : 1=0.1%, 2=0.1%, 4=0.1%, 8=0.1%, 16=0.1%, 32=0.1%, >=64=100.0%
     submit    : 0=0.0%, 4=100.0%, 8=0.0%, 16=0.0%, 32=0.0%, 64=0.0%, >=64=0.0%
     complete  : 0=0.0%, 4=100.0%, 8=0.0%, 16=0.0%, 32=0.0%, 64=0.0%, >=64=0.1%
     issued rwts: total=0,983040,0,0 short=0,0,0,0 dropped=0,0,0,0
     latency   : target=0, window=0, percentile=100.00%, depth=128

Run status group 0 (all jobs):
  WRITE: bw=3089MiB/s (3239MB/s), 3089MiB/s-3089MiB/s (3239MB/s-3239MB/s), io=30.0GiB (32.2GB), run=9945-9945msec
