jobs1: (g=0): rw=write, bs=(R) 32.0KiB-32.0KiB, (W) 32.0KiB-32.0KiB, (T) 32.0KiB-32.0KiB, ioengine=libaio, iodepth=128
...
fio-3.28
Starting 16 processes
jobs1: Laying out IO file (1 file / 30720MiB)

jobs1: (groupid=0, jobs=16): err= 0: pid=161075: Tue Jul 25 18:37:16 2023
  write: IOPS=54.6k, BW=1705MiB/s (1788MB/s)(30.0GiB/18016msec); 0 zone resets
    slat (usec): min=7, max=133480, avg=17.68, stdev=214.88
    clat (nsec): min=1537, max=538031k, avg=2262442.99, stdev=1860039.64
     lat (usec): min=12, max=538094, avg=2280.20, stdev=1941.82
    clat percentiles (usec):
     |  1.00th=[ 1237],  5.00th=[ 1254], 10.00th=[ 1762], 20.00th=[ 1827],
     | 30.00th=[ 1860], 40.00th=[ 1893], 50.00th=[ 1926], 60.00th=[ 1958],
     | 70.00th=[ 2089], 80.00th=[ 2573], 90.00th=[ 3326], 95.00th=[ 3458],
     | 99.00th=[ 4047], 99.50th=[12780], 99.90th=[20317], 99.95th=[21365],
     | 99.99th=[31589]
   bw (  MiB/s): min=    1, max= 2184, per=99.69%, avg=1699.83, stdev=525.76, samples=35
   iops        : min=   33, max=69900, avg=54394.54, stdev=16824.23, samples=35
  lat (usec)   : 2=0.01%, 20=0.01%, 50=0.01%, 100=0.01%, 250=0.01%
  lat (usec)   : 500=0.01%, 750=0.01%, 1000=0.01%
  lat (msec)   : 2=65.67%, 4=33.31%, 10=0.14%, 20=0.75%, 50=0.11%
  lat (msec)   : 100=0.01%, 250=0.01%, 500=0.01%, 750=0.01%
  cpu          : usr=5.94%, sys=86.32%, ctx=123, majf=0, minf=43
  IO depths    : 1=0.1%, 2=0.1%, 4=0.1%, 8=0.1%, 16=0.1%, 32=0.1%, >=64=100.0%
     submit    : 0=0.0%, 4=100.0%, 8=0.0%, 16=0.0%, 32=0.0%, 64=0.0%, >=64=0.0%
     complete  : 0=0.0%, 4=100.0%, 8=0.0%, 16=0.0%, 32=0.0%, 64=0.0%, >=64=0.1%
     issued rwts: total=0,983040,0,0 short=0,0,0,0 dropped=0,0,0,0
     latency   : target=0, window=0, percentile=100.00%, depth=128

Run status group 0 (all jobs):
  WRITE: bw=1705MiB/s (1788MB/s), 1705MiB/s-1705MiB/s (1788MB/s-1788MB/s), io=30.0GiB (32.2GB), run=18016-18016msec
