jobs1: (g=0): rw=write, bs=(R) 512KiB-512KiB, (W) 512KiB-512KiB, (T) 512KiB-512KiB, ioengine=libaio, iodepth=128
...
fio-3.28
Starting 16 processes
jobs1: Laying out IO files (128 files / total 30720MiB)

jobs1: (groupid=0, jobs=16): err= 0: pid=854053: Wed Jul 26 03:45:20 2023
  write: IOPS=3677, BW=1839MiB/s (1928MB/s)(30.0GiB/16709msec); 0 zone resets
    slat (usec): min=163, max=372894, avg=269.58, stdev=1598.86
    clat (usec): min=2, max=119997, avg=33652.67, stdev=10020.84
     lat (usec): min=183, max=492894, avg=33922.43, stdev=10242.36
    clat percentiles (msec):
     |  1.00th=[   24],  5.00th=[   24], 10.00th=[   25], 20.00th=[   25],
     | 30.00th=[   26], 40.00th=[   27], 50.00th=[   33], 60.00th=[   36],
     | 70.00th=[   41], 80.00th=[   41], 90.00th=[   45], 95.00th=[   55],
     | 99.00th=[   61], 99.50th=[   67], 99.90th=[   88], 99.95th=[  112],
     | 99.99th=[  118]
   bw (  MiB/s): min=  169, max= 2389, per=99.90%, avg=1836.60, stdev=509.33, samples=33
   iops        : min=  339, max= 4778, avg=3673.12, stdev=1018.75, samples=33
  lat (usec)   : 4=0.01%, 250=0.01%, 500=0.01%, 750=0.01%, 1000=0.01%
  lat (msec)   : 2=0.01%, 4=0.02%, 10=0.05%, 20=0.09%, 50=91.26%
  lat (msec)   : 100=8.47%, 250=0.09%
  cpu          : usr=7.62%, sys=79.40%, ctx=2380, majf=0, minf=44
  IO depths    : 1=0.1%, 2=0.1%, 4=0.1%, 8=0.1%, 16=0.1%, 32=0.1%, >=64=99.9%
     submit    : 0=0.0%, 4=100.0%, 8=0.0%, 16=0.0%, 32=0.0%, 64=0.0%, >=64=0.0%
     complete  : 0=0.0%, 4=100.0%, 8=0.0%, 16=0.0%, 32=0.0%, 64=0.0%, >=64=0.1%
     issued rwts: total=0,61440,0,0 short=0,0,0,0 dropped=0,0,0,0
     latency   : target=0, window=0, percentile=100.00%, depth=128

Run status group 0 (all jobs):
  WRITE: bw=1839MiB/s (1928MB/s), 1839MiB/s-1839MiB/s (1928MB/s-1928MB/s), io=30.0GiB (32.2GB), run=16709-16709msec
