jobs1: (g=0): rw=write, bs=(R) 32.0KiB-32.0KiB, (W) 32.0KiB-32.0KiB, (T) 32.0KiB-32.0KiB, ioengine=libaio, iodepth=128
...
fio-3.28
Starting 16 processes
jobs1: Laying out IO files (512 files / total 30720MiB)

jobs1: (groupid=0, jobs=16): err= 0: pid=1099446: Wed Jul 26 05:57:40 2023
  write: IOPS=27.9k, BW=873MiB/s (916MB/s)(30.0GiB/35178msec); 0 zone resets
    slat (usec): min=11, max=204035, avg=34.37, stdev=487.72
    clat (nsec): min=1884, max=711352k, avg=4464033.21, stdev=4696448.97
     lat (usec): min=18, max=711426, avg=4498.57, stdev=4762.37
    clat percentiles (usec):
     |  1.00th=[ 1827],  5.00th=[ 1942], 10.00th=[ 2040], 20.00th=[ 2212],
     | 30.00th=[ 2376], 40.00th=[ 2540], 50.00th=[ 2737], 60.00th=[ 3032],
     | 70.00th=[ 3392], 80.00th=[ 4015], 90.00th=[12780], 95.00th=[14615],
     | 99.00th=[18220], 99.50th=[20579], 99.90th=[22414], 99.95th=[22414],
     | 99.99th=[23200]
   bw (  KiB/s): min=537664, max=1124424, per=100.00%, avg=907258.07, stdev=182871.47, samples=69
   iops        : min=16802, max=35138, avg=28351.75, stdev=5714.74, samples=69
  lat (usec)   : 2=0.01%, 20=0.01%, 50=0.01%, 100=0.01%, 250=0.01%
  lat (usec)   : 500=0.01%, 750=0.01%, 1000=0.01%
  lat (msec)   : 2=8.29%, 4=71.33%, 10=5.36%, 20=14.37%, 50=0.64%
  lat (msec)   : 250=0.01%, 500=0.01%, 750=0.01%
  cpu          : usr=5.63%, sys=54.53%, ctx=1754, majf=0, minf=47
  IO depths    : 1=0.1%, 2=0.1%, 4=0.1%, 8=0.1%, 16=0.1%, 32=0.1%, >=64=100.0%
     submit    : 0=0.0%, 4=100.0%, 8=0.0%, 16=0.0%, 32=0.0%, 64=0.0%, >=64=0.0%
     complete  : 0=0.0%, 4=100.0%, 8=0.0%, 16=0.0%, 32=0.0%, 64=0.0%, >=64=0.1%
     issued rwts: total=0,983040,0,0 short=0,0,0,0 dropped=0,0,0,0
     latency   : target=0, window=0, percentile=100.00%, depth=128

Run status group 0 (all jobs):
  WRITE: bw=873MiB/s (916MB/s), 873MiB/s-873MiB/s (916MB/s-916MB/s), io=30.0GiB (32.2GB), run=35178-35178msec
