jobs1: (g=0): rw=write, bs=(R) 32.0KiB-32.0KiB, (W) 32.0KiB-32.0KiB, (T) 32.0KiB-32.0KiB, ioengine=libaio, iodepth=128
fio-3.28
Starting 1 process
jobs1: Laying out IO files (64 files / total 30720MiB)

jobs1: (groupid=0, jobs=1): err= 0: pid=467346: Tue Jul 25 22:04:37 2023
  write: IOPS=144k, BW=4485MiB/s (4703MB/s)(30.0GiB/6849msec); 0 zone resets
    slat (nsec): min=4741, max=35379, avg=6446.71, stdev=1715.05
    clat (nsec): min=1514, max=2624.9k, avg=884770.42, stdev=225865.94
     lat (usec): min=7, max=2654, avg=891.28, stdev=227.54
    clat percentiles (usec):
     |  1.00th=[  783],  5.00th=[  783], 10.00th=[  783], 20.00th=[  791],
     | 30.00th=[  791], 40.00th=[  791], 50.00th=[  791], 60.00th=[  799],
     | 70.00th=[  799], 80.00th=[  799], 90.00th=[ 1450], 95.00th=[ 1450],
     | 99.00th=[ 1467], 99.50th=[ 1467], 99.90th=[ 1663], 99.95th=[ 1696],
     | 99.99th=[ 2212]
   bw (  MiB/s): min= 2735, max= 5018, per=99.45%, avg=4460.47, stdev=981.14, samples=13
   iops        : min=87522, max=160582, avg=142734.92, stdev=31396.48, samples=13
  lat (usec)   : 2=0.01%, 10=0.01%, 20=0.01%, 50=0.01%, 100=0.01%
  lat (usec)   : 250=0.01%, 500=0.01%, 750=0.01%, 1000=85.76%
  lat (msec)   : 2=14.19%, 4=0.04%
  cpu          : usr=13.17%, sys=86.81%, ctx=4, majf=0, minf=13
  IO depths    : 1=0.1%, 2=0.1%, 4=0.1%, 8=0.1%, 16=0.1%, 32=0.1%, >=64=100.0%
     submit    : 0=0.0%, 4=100.0%, 8=0.0%, 16=0.0%, 32=0.0%, 64=0.0%, >=64=0.0%
     complete  : 0=0.0%, 4=100.0%, 8=0.0%, 16=0.0%, 32=0.0%, 64=0.0%, >=64=0.1%
     issued rwts: total=0,983040,0,0 short=0,0,0,0 dropped=0,0,0,0
     latency   : target=0, window=0, percentile=100.00%, depth=128

Run status group 0 (all jobs):
  WRITE: bw=4485MiB/s (4703MB/s), 4485MiB/s-4485MiB/s (4703MB/s-4703MB/s), io=30.0GiB (32.2GB), run=6849-6849msec
