jobs1: (g=0): rw=write, bs=(R) 128KiB-128KiB, (W) 128KiB-128KiB, (T) 128KiB-128KiB, ioengine=libaio, iodepth=128
...
fio-3.28
Starting 16 processes
jobs1: Laying out IO files (128 files / total 30720MiB)

jobs1: (groupid=0, jobs=16): err= 0: pid=828523: Wed Jul 26 02:54:13 2023
  write: IOPS=13.9k, BW=1736MiB/s (1820MB/s)(30.0GiB/17695msec); 0 zone resets
    slat (usec): min=33, max=159688, avg=70.97, stdev=551.46
    clat (nsec): min=1848, max=271587k, avg=8958766.91, stdev=4547032.83
     lat (usec): min=46, max=401727, avg=9029.83, stdev=4633.18
    clat percentiles (usec):
     |  1.00th=[ 5080],  5.00th=[ 5473], 10.00th=[ 5932], 20.00th=[ 6128],
     | 30.00th=[ 6259], 40.00th=[ 6456], 50.00th=[ 7177], 60.00th=[ 7963],
     | 70.00th=[ 9896], 80.00th=[10159], 90.00th=[15795], 95.00th=[18744],
     | 99.00th=[25297], 99.50th=[27395], 99.90th=[29492], 99.95th=[32375],
     | 99.99th=[66847]
   bw (  MiB/s): min=  406, max= 2453, per=100.00%, avg=1740.25, stdev=485.98, samples=35
   iops        : min= 3253, max=19630, avg=13921.91, stdev=3887.92, samples=35
  lat (usec)   : 2=0.01%, 50=0.01%, 100=0.01%, 250=0.01%, 500=0.01%
  lat (usec)   : 750=0.01%, 1000=0.01%
  lat (msec)   : 2=0.01%, 4=0.02%, 10=77.16%, 20=18.62%, 50=4.17%
  lat (msec)   : 100=0.02%, 250=0.01%, 500=0.01%
  cpu          : usr=7.49%, sys=74.71%, ctx=2570, majf=0, minf=42
  IO depths    : 1=0.1%, 2=0.1%, 4=0.1%, 8=0.1%, 16=0.1%, 32=0.1%, >=64=100.0%
     submit    : 0=0.0%, 4=100.0%, 8=0.0%, 16=0.0%, 32=0.0%, 64=0.0%, >=64=0.0%
     complete  : 0=0.0%, 4=100.0%, 8=0.0%, 16=0.0%, 32=0.0%, 64=0.0%, >=64=0.1%
     issued rwts: total=0,245760,0,0 short=0,0,0,0 dropped=0,0,0,0
     latency   : target=0, window=0, percentile=100.00%, depth=128

Run status group 0 (all jobs):
  WRITE: bw=1736MiB/s (1820MB/s), 1736MiB/s-1736MiB/s (1820MB/s-1820MB/s), io=30.0GiB (32.2GB), run=17695-17695msec
