jobs1: (g=0): rw=write, bs=(R) 32.0KiB-32.0KiB, (W) 32.0KiB-32.0KiB, (T) 32.0KiB-32.0KiB, ioengine=libaio, iodepth=128
...
fio-3.28
Starting 16 processes
jobs1: Laying out IO files (64 files / total 30720MiB)

jobs1: (groupid=0, jobs=16): err= 0: pid=468628: Tue Jul 25 22:07:27 2023
  write: IOPS=147k, BW=4596MiB/s (4819MB/s)(30.0GiB/6684msec); 0 zone resets
    slat (nsec): min=4578, max=35810, avg=6280.08, stdev=1649.59
    clat (nsec): min=1296, max=2639.4k, avg=863569.16, stdev=217594.34
     lat (usec): min=7, max=2666, avg=869.91, stdev=219.21
    clat percentiles (usec):
     |  1.00th=[  766],  5.00th=[  766], 10.00th=[  766], 20.00th=[  775],
     | 30.00th=[  775], 40.00th=[  775], 50.00th=[  775], 60.00th=[  775],
     | 70.00th=[  783], 80.00th=[  783], 90.00th=[ 1401], 95.00th=[ 1418],
     | 99.00th=[ 1434], 99.50th=[ 1434], 99.90th=[ 1598], 99.95th=[ 1631],
     | 99.99th=[ 2311]
   bw (  MiB/s): min= 2810, max= 5135, per=100.00%, avg=4611.93, stdev=945.94, samples=12
   iops        : min=89926, max=164332, avg=147581.50, stdev=30270.29, samples=12
  lat (usec)   : 2=0.01%, 10=0.01%, 20=0.01%, 50=0.01%, 100=0.01%
  lat (usec)   : 250=0.01%, 500=0.01%, 750=0.01%, 1000=85.69%
  lat (msec)   : 2=14.28%, 4=0.02%
  cpu          : usr=14.17%, sys=85.83%, ctx=5, majf=0, minf=43
  IO depths    : 1=0.1%, 2=0.1%, 4=0.1%, 8=0.1%, 16=0.1%, 32=0.1%, >=64=100.0%
     submit    : 0=0.0%, 4=100.0%, 8=0.0%, 16=0.0%, 32=0.0%, 64=0.0%, >=64=0.0%
     complete  : 0=0.0%, 4=100.0%, 8=0.0%, 16=0.0%, 32=0.0%, 64=0.0%, >=64=0.1%
     issued rwts: total=0,983040,0,0 short=0,0,0,0 dropped=0,0,0,0
     latency   : target=0, window=0, percentile=100.00%, depth=128

Run status group 0 (all jobs):
  WRITE: bw=4596MiB/s (4819MB/s), 4596MiB/s-4596MiB/s (4819MB/s-4819MB/s), io=30.0GiB (32.2GB), run=6684-6684msec
