jobs1: (g=0): rw=write, bs=(R) 32.0KiB-32.0KiB, (W) 32.0KiB-32.0KiB, (T) 32.0KiB-32.0KiB, ioengine=libaio, iodepth=128
...
fio-3.28
Starting 32 processes
jobs1: Laying out IO files (128 files / total 30720MiB)

jobs1: (groupid=0, jobs=32): err= 0: pid=800051: Wed Jul 26 02:01:06 2023
  write: IOPS=52.5k, BW=1639MiB/s (1719MB/s)(30.0GiB/18739msec); 0 zone resets
    slat (usec): min=7, max=135267, avg=18.24, stdev=243.79
    clat (nsec): min=1366, max=404765k, avg=2375473.44, stdev=2440198.28
     lat (usec): min=11, max=404851, avg=2393.81, stdev=2481.77
    clat percentiles (usec):
     |  1.00th=[ 1237],  5.00th=[ 1254], 10.00th=[ 1287], 20.00th=[ 1336],
     | 30.00th=[ 1418], 40.00th=[ 1811], 50.00th=[ 2245], 60.00th=[ 2311],
     | 70.00th=[ 2376], 80.00th=[ 2442], 90.00th=[ 2638], 95.00th=[ 2835],
     | 99.00th=[13960], 99.50th=[16712], 99.90th=[20841], 99.95th=[22676],
     | 99.99th=[34866]
   bw (  MiB/s): min=  436, max= 2767, per=99.99%, avg=1639.20, stdev=609.19, samples=37
   iops        : min=13976, max=88559, avg=52454.43, stdev=19494.03, samples=37
  lat (usec)   : 2=0.01%, 20=0.01%, 50=0.01%, 100=0.01%, 250=0.01%
  lat (usec)   : 500=0.01%, 750=0.01%, 1000=0.01%
  lat (msec)   : 2=45.25%, 4=50.95%, 10=0.47%, 20=3.19%, 50=0.14%
  lat (msec)   : 100=0.01%, 250=0.01%, 500=0.01%
  cpu          : usr=7.24%, sys=74.59%, ctx=2728, majf=0, minf=68
  IO depths    : 1=0.1%, 2=0.1%, 4=0.1%, 8=0.1%, 16=0.1%, 32=0.1%, >=64=100.0%
     submit    : 0=0.0%, 4=100.0%, 8=0.0%, 16=0.0%, 32=0.0%, 64=0.0%, >=64=0.0%
     complete  : 0=0.0%, 4=100.0%, 8=0.0%, 16=0.0%, 32=0.0%, 64=0.0%, >=64=0.1%
     issued rwts: total=0,983040,0,0 short=0,0,0,0 dropped=0,0,0,0
     latency   : target=0, window=0, percentile=100.00%, depth=128

Run status group 0 (all jobs):
  WRITE: bw=1639MiB/s (1719MB/s), 1639MiB/s-1639MiB/s (1719MB/s-1719MB/s), io=30.0GiB (32.2GB), run=18739-18739msec
