jobs1: (g=0): rw=write, bs=(R) 128KiB-128KiB, (W) 128KiB-128KiB, (T) 128KiB-128KiB, ioengine=libaio, iodepth=128
...
fio-3.28
Starting 32 processes
jobs1: Laying out IO files (128 files / total 30720MiB)

jobs1: (groupid=0, jobs=32): err= 0: pid=831107: Wed Jul 26 02:59:27 2023
  write: IOPS=45.9k, BW=5732MiB/s (6011MB/s)(30.0GiB/5359msec); 0 zone resets
    slat (nsec): min=18604, max=58938, avg=21285.37, stdev=1233.08
    clat (nsec): min=1715, max=6106.0k, avg=2767508.38, stdev=107485.77
     lat (usec): min=22, max=6150, avg=2788.85, stdev=108.26
    clat percentiles (usec):
     |  1.00th=[ 2737],  5.00th=[ 2737], 10.00th=[ 2737], 20.00th=[ 2737],
     | 30.00th=[ 2737], 40.00th=[ 2737], 50.00th=[ 2737], 60.00th=[ 2769],
     | 70.00th=[ 2769], 80.00th=[ 2769], 90.00th=[ 2769], 95.00th=[ 2802],
     | 99.00th=[ 3064], 99.50th=[ 3228], 99.90th=[ 4359], 99.95th=[ 4621],
     | 99.99th=[ 5866]
   bw (  MiB/s): min= 5470, max= 5774, per=100.00%, avg=5739.22, stdev=94.66, samples=10
   iops        : min=43761, max=46194, avg=45913.70, stdev=757.47, samples=10
  lat (usec)   : 2=0.01%, 50=0.01%, 100=0.01%, 250=0.01%, 500=0.01%
  lat (usec)   : 750=0.01%, 1000=0.01%
  lat (msec)   : 2=0.02%, 4=99.82%, 10=0.14%
  cpu          : usr=9.56%, sys=90.50%, ctx=6, majf=0, minf=76
  IO depths    : 1=0.1%, 2=0.1%, 4=0.1%, 8=0.1%, 16=0.1%, 32=0.1%, >=64=100.0%
     submit    : 0=0.0%, 4=100.0%, 8=0.0%, 16=0.0%, 32=0.0%, 64=0.0%, >=64=0.0%
     complete  : 0=0.0%, 4=100.0%, 8=0.0%, 16=0.0%, 32=0.0%, 64=0.0%, >=64=0.1%
     issued rwts: total=0,245760,0,0 short=0,0,0,0 dropped=0,0,0,0
     latency   : target=0, window=0, percentile=100.00%, depth=128

Run status group 0 (all jobs):
  WRITE: bw=5732MiB/s (6011MB/s), 5732MiB/s-5732MiB/s (6011MB/s-6011MB/s), io=30.0GiB (32.2GB), run=5359-5359msec
