jobs1: (g=0): rw=write, bs=(R) 4096B-4096B, (W) 4096B-4096B, (T) 4096B-4096B, ioengine=libaio, iodepth=128
...
fio-3.28
Starting 16 processes
jobs1: Laying out IO files (512 files / total 30720MiB)

jobs1: (groupid=0, jobs=16): err= 0: pid=880225: Wed Jul 26 04:38:13 2023
  write: IOPS=320k, BW=1250MiB/s (1311MB/s)(30.0GiB/24570msec); 0 zone resets
    slat (nsec): min=1441, max=69501k, avg=2505.75, stdev=62402.92
    clat (nsec): min=1799, max=84631k, avg=395918.80, stdev=664336.69
     lat (usec): min=4, max=84665, avg=398.50, stdev=667.53
    clat percentiles (usec):
     |  1.00th=[  285],  5.00th=[  285], 10.00th=[  289], 20.00th=[  289],
     | 30.00th=[  293], 40.00th=[  293], 50.00th=[  306], 60.00th=[  355],
     | 70.00th=[  424], 80.00th=[  461], 90.00th=[  486], 95.00th=[  490],
     | 99.00th=[  537], 99.50th=[  644], 99.90th=[11600], 99.95th=[13042],
     | 99.99th=[15795]
   bw (  MiB/s): min=  609, max= 1695, per=100.00%, avg=1262.84, stdev=336.79, samples=48
   iops        : min=156060, max=434132, avg=323288.31, stdev=86217.96, samples=48
  lat (usec)   : 2=0.01%, 10=0.01%, 20=0.01%, 50=0.01%, 100=0.01%
  lat (usec)   : 250=0.01%, 500=97.32%, 750=2.26%, 1000=0.05%
  lat (msec)   : 2=0.01%, 4=0.01%, 10=0.11%, 20=0.24%, 100=0.01%
  cpu          : usr=20.00%, sys=70.30%, ctx=765, majf=0, minf=46
  IO depths    : 1=0.1%, 2=0.1%, 4=0.1%, 8=0.1%, 16=0.1%, 32=0.1%, >=64=100.0%
     submit    : 0=0.0%, 4=100.0%, 8=0.0%, 16=0.0%, 32=0.0%, 64=0.0%, >=64=0.0%
     complete  : 0=0.0%, 4=100.0%, 8=0.0%, 16=0.0%, 32=0.0%, 64=0.0%, >=64=0.1%
     issued rwts: total=0,7864320,0,0 short=0,0,0,0 dropped=0,0,0,0
     latency   : target=0, window=0, percentile=100.00%, depth=128

Run status group 0 (all jobs):
  WRITE: bw=1250MiB/s (1311MB/s), 1250MiB/s-1250MiB/s (1311MB/s-1311MB/s), io=30.0GiB (32.2GB), run=24570-24570msec
