jobs1: (g=0): rw=write, bs=(R) 4096B-4096B, (W) 4096B-4096B, (T) 4096B-4096B, ioengine=libaio, iodepth=128
...
fio-3.28
Starting 32 processes
jobs1: Laying out IO files (512 files / total 30720MiB)

jobs1: (groupid=0, jobs=32): err= 0: pid=881604: Wed Jul 26 04:42:45 2023
  write: IOPS=198k, BW=775MiB/s (813MB/s)(30.0GiB/39641msec); 0 zone resets
    slat (usec): min=2, max=134816, avg= 4.24, stdev=159.97
    clat (nsec): min=1572, max=220376k, avg=638069.66, stdev=1756259.21
     lat (usec): min=4, max=220409, avg=642.41, stdev=1764.34
    clat percentiles (usec):
     |  1.00th=[  412],  5.00th=[  416], 10.00th=[  416], 20.00th=[  420],
     | 30.00th=[  420], 40.00th=[  420], 50.00th=[  424], 60.00th=[  424],
     | 70.00th=[  429], 80.00th=[  437], 90.00th=[  461], 95.00th=[  469],
     | 99.00th=[13829], 99.50th=[15139], 99.90th=[15926], 99.95th=[17171],
     | 99.99th=[19530]
   bw (  KiB/s): min=447549, max=824649, per=100.00%, avg=795529.83, stdev=47669.22, samples=78
   iops        : min=111887, max=206162, avg=198882.45, stdev=11917.31, samples=78
  lat (usec)   : 2=0.01%, 10=0.01%, 20=0.01%, 50=0.01%, 100=0.01%
  lat (usec)   : 250=0.01%, 500=96.98%, 750=1.45%, 1000=0.05%
  lat (msec)   : 2=0.01%, 4=0.01%, 10=0.04%, 20=1.45%, 50=0.01%
  lat (msec)   : 100=0.01%, 250=0.01%
  cpu          : usr=15.82%, sys=51.38%, ctx=1500, majf=1, minf=96
  IO depths    : 1=0.1%, 2=0.1%, 4=0.1%, 8=0.1%, 16=0.1%, 32=0.1%, >=64=100.0%
     submit    : 0=0.0%, 4=100.0%, 8=0.0%, 16=0.0%, 32=0.0%, 64=0.0%, >=64=0.0%
     complete  : 0=0.0%, 4=100.0%, 8=0.0%, 16=0.0%, 32=0.0%, 64=0.0%, >=64=0.1%
     issued rwts: total=0,7864320,0,0 short=0,0,0,0 dropped=0,0,0,0
     latency   : target=0, window=0, percentile=100.00%, depth=128

Run status group 0 (all jobs):
  WRITE: bw=775MiB/s (813MB/s), 775MiB/s-775MiB/s (813MB/s-813MB/s), io=30.0GiB (32.2GB), run=39641-39641msec
