jobs1: (g=0): rw=write, bs=(R) 32.0KiB-32.0KiB, (W) 32.0KiB-32.0KiB, (T) 32.0KiB-32.0KiB, ioengine=libaio, iodepth=128
...
fio-3.28
Starting 16 processes
jobs1: Laying out IO file (1 file / 30720MiB)

jobs1: (groupid=0, jobs=16): err= 0: pid=161470: Tue Jul 25 18:37:50 2023
  write: IOPS=99.2k, BW=3101MiB/s (3251MB/s)(30.0GiB/9908msec); 0 zone resets
    slat (usec): min=6, max=316, avg= 9.51, stdev= 2.71
    clat (nsec): min=1288, max=4879.1k, avg=1279847.84, stdev=334384.41
     lat (usec): min=9, max=4918, avg=1289.43, stdev=336.92
    clat percentiles (usec):
     |  1.00th=[ 1106],  5.00th=[ 1123], 10.00th=[ 1123], 20.00th=[ 1139],
     | 30.00th=[ 1139], 40.00th=[ 1139], 50.00th=[ 1139], 60.00th=[ 1139],
     | 70.00th=[ 1156], 80.00th=[ 1156], 90.00th=[ 2073], 95.00th=[ 2089],
     | 99.00th=[ 2089], 99.50th=[ 2089], 99.90th=[ 2474], 99.95th=[ 2671],
     | 99.99th=[ 3261]
   bw (  MiB/s): min= 1886, max= 3487, per=100.00%, avg=3104.47, stdev=667.29, samples=19
   iops        : min=60383, max=111586, avg=99342.89, stdev=21353.45, samples=19
  lat (usec)   : 2=0.01%, 10=0.01%, 20=0.01%, 50=0.01%, 100=0.01%
  lat (usec)   : 250=0.01%, 500=0.01%, 750=0.01%, 1000=0.01%
  lat (msec)   : 2=85.49%, 4=14.49%, 10=0.01%
  cpu          : usr=9.29%, sys=90.70%, ctx=22, majf=0, minf=37
  IO depths    : 1=0.1%, 2=0.1%, 4=0.1%, 8=0.1%, 16=0.1%, 32=0.1%, >=64=100.0%
     submit    : 0=0.0%, 4=100.0%, 8=0.0%, 16=0.0%, 32=0.0%, 64=0.0%, >=64=0.0%
     complete  : 0=0.0%, 4=100.0%, 8=0.0%, 16=0.0%, 32=0.0%, 64=0.0%, >=64=0.1%
     issued rwts: total=0,983040,0,0 short=0,0,0,0 dropped=0,0,0,0
     latency   : target=0, window=0, percentile=100.00%, depth=128

Run status group 0 (all jobs):
  WRITE: bw=3101MiB/s (3251MB/s), 3101MiB/s-3101MiB/s (3251MB/s-3251MB/s), io=30.0GiB (32.2GB), run=9908-9908msec
