jobs1: (g=0): rw=write, bs=(R) 128KiB-128KiB, (W) 128KiB-128KiB, (T) 128KiB-128KiB, ioengine=libaio, iodepth=128
...
fio-3.28
Starting 32 processes
jobs1: Laying out IO files (128 files / total 30720MiB)

jobs1: (groupid=0, jobs=32): err= 0: pid=829521: Wed Jul 26 02:56:28 2023
  write: IOPS=6403, BW=800MiB/s (839MB/s)(30.0GiB/38378msec); 0 zone resets
    slat (usec): min=50, max=159803, avg=154.59, stdev=1173.70
    clat (usec): min=4, max=822704, avg=19365.32, stdev=7078.26
     lat (usec): min=103, max=933187, avg=19520.10, stdev=7309.95
    clat percentiles (usec):
     |  1.00th=[10159],  5.00th=[10683], 10.00th=[11076], 20.00th=[11600],
     | 30.00th=[12387], 40.00th=[14353], 50.00th=[22414], 60.00th=[23725],
     | 70.00th=[24773], 80.00th=[25560], 90.00th=[26608], 95.00th=[27919],
     | 99.00th=[30278], 99.50th=[31327], 99.90th=[33817], 99.95th=[35914],
     | 99.99th=[39060]
   bw (  KiB/s): min=404777, max=1006300, per=100.00%, avg=833539.73, stdev=70790.05, samples=75
   iops        : min= 3162, max= 7861, avg=6511.99, stdev=553.04, samples=75
  lat (usec)   : 10=0.01%, 250=0.01%, 500=0.01%, 750=0.01%, 1000=0.01%
  lat (msec)   : 2=0.01%, 4=0.01%, 10=0.70%, 20=42.37%, 50=56.91%
  lat (msec)   : 250=0.01%, 500=0.01%, 750=0.01%, 1000=0.01%
  cpu          : usr=4.79%, sys=54.33%, ctx=1367, majf=0, minf=75
  IO depths    : 1=0.1%, 2=0.1%, 4=0.1%, 8=0.1%, 16=0.1%, 32=0.1%, >=64=100.0%
     submit    : 0=0.0%, 4=100.0%, 8=0.0%, 16=0.0%, 32=0.0%, 64=0.0%, >=64=0.0%
     complete  : 0=0.0%, 4=100.0%, 8=0.0%, 16=0.0%, 32=0.0%, 64=0.0%, >=64=0.1%
     issued rwts: total=0,245760,0,0 short=0,0,0,0 dropped=0,0,0,0
     latency   : target=0, window=0, percentile=100.00%, depth=128

Run status group 0 (all jobs):
  WRITE: bw=800MiB/s (839MB/s), 800MiB/s-800MiB/s (839MB/s-839MB/s), io=30.0GiB (32.2GB), run=38378-38378msec
