jobs1: (g=0): rw=write, bs=(R) 128KiB-128KiB, (W) 128KiB-128KiB, (T) 128KiB-128KiB, ioengine=libaio, iodepth=128
...
fio-3.28
Starting 32 processes
jobs1: Laying out IO files (128 files / total 30720MiB)

jobs1: (groupid=0, jobs=32): err= 0: pid=829842: Wed Jul 26 02:57:54 2023
  write: IOPS=13.4k, BW=1675MiB/s (1757MB/s)(30.0GiB/18337msec); 0 zone resets
    slat (usec): min=33, max=133871, avg=73.50, stdev=598.06
    clat (nsec): min=1863, max=430522k, avg=9208521.42, stdev=4459761.27
     lat (usec): min=45, max=564395, avg=9282.13, stdev=4614.74
    clat percentiles (usec):
     |  1.00th=[ 5145],  5.00th=[ 5538], 10.00th=[ 6063], 20.00th=[ 6259],
     | 30.00th=[ 6456], 40.00th=[ 7242], 50.00th=[ 7832], 60.00th=[ 8356],
     | 70.00th=[10159], 80.00th=[10421], 90.00th=[16057], 95.00th=[19792],
     | 99.00th=[24249], 99.50th=[25822], 99.90th=[30278], 99.95th=[32113],
     | 99.99th=[65799]
   bw (  MiB/s): min= 1205, max= 2325, per=100.00%, avg=1714.95, stdev=413.04, samples=35
   iops        : min= 9644, max=18606, avg=13719.49, stdev=3304.36, samples=35
  lat (usec)   : 2=0.01%, 50=0.01%, 100=0.01%, 250=0.01%, 500=0.01%
  lat (usec)   : 750=0.01%, 1000=0.01%
  lat (msec)   : 2=0.01%, 4=0.02%, 10=67.62%, 20=27.54%, 50=4.79%
  lat (msec)   : 100=0.02%, 250=0.01%, 500=0.01%
  cpu          : usr=7.84%, sys=75.71%, ctx=2672, majf=0, minf=79
  IO depths    : 1=0.1%, 2=0.1%, 4=0.1%, 8=0.1%, 16=0.1%, 32=0.1%, >=64=100.0%
     submit    : 0=0.0%, 4=100.0%, 8=0.0%, 16=0.0%, 32=0.0%, 64=0.0%, >=64=0.0%
     complete  : 0=0.0%, 4=100.0%, 8=0.0%, 16=0.0%, 32=0.0%, 64=0.0%, >=64=0.1%
     issued rwts: total=0,245760,0,0 short=0,0,0,0 dropped=0,0,0,0
     latency   : target=0, window=0, percentile=100.00%, depth=128

Run status group 0 (all jobs):
  WRITE: bw=1675MiB/s (1757MB/s), 1675MiB/s-1675MiB/s (1757MB/s-1757MB/s), io=30.0GiB (32.2GB), run=18337-18337msec
