jobs1: (g=0): rw=write, bs=(R) 32.0KiB-32.0KiB, (W) 32.0KiB-32.0KiB, (T) 32.0KiB-32.0KiB, ioengine=libaio, iodepth=128
...
fio-3.28
Starting 32 processes
jobs1: Laying out IO files (512 files / total 30720MiB)

jobs1: (groupid=0, jobs=32): err= 0: pid=1100745: Wed Jul 26 06:01:09 2023
  write: IOPS=25.2k, BW=786MiB/s (824MB/s)(30.0GiB/39071msec); 0 zone resets
    slat (usec): min=11, max=39724, avg=38.24, stdev=488.73
    clat (usec): min=2, max=333052, avg=5007.43, stdev=4911.66
     lat (usec): min=21, max=333158, avg=5045.86, stdev=4937.94
    clat percentiles (usec):
     |  1.00th=[ 2180],  5.00th=[ 2376], 10.00th=[ 2507], 20.00th=[ 2638],
     | 30.00th=[ 2769], 40.00th=[ 2868], 50.00th=[ 3032], 60.00th=[ 3228],
     | 70.00th=[ 3425], 80.00th=[ 3884], 90.00th=[15795], 95.00th=[17433],
     | 99.00th=[18482], 99.50th=[19530], 99.90th=[21890], 99.95th=[21890],
     | 99.99th=[22676]
   bw (  KiB/s): min=447107, max=840384, per=100.00%, avg=807272.43, stdev=54563.36, samples=77
   iops        : min=13972, max=26262, avg=25227.21, stdev=1705.11, samples=77
  lat (usec)   : 4=0.01%, 50=0.01%, 100=0.01%, 250=0.01%, 500=0.01%
  lat (usec)   : 750=0.01%, 1000=0.01%
  lat (msec)   : 2=0.30%, 4=80.55%, 10=4.42%, 20=14.28%, 50=0.45%
  lat (msec)   : 100=0.01%, 250=0.01%, 500=0.01%
  cpu          : usr=5.53%, sys=53.22%, ctx=1714, majf=1, minf=102
  IO depths    : 1=0.1%, 2=0.1%, 4=0.1%, 8=0.1%, 16=0.1%, 32=0.1%, >=64=100.0%
     submit    : 0=0.0%, 4=100.0%, 8=0.0%, 16=0.0%, 32=0.0%, 64=0.0%, >=64=0.0%
     complete  : 0=0.0%, 4=100.0%, 8=0.0%, 16=0.0%, 32=0.0%, 64=0.0%, >=64=0.1%
     issued rwts: total=0,983040,0,0 short=0,0,0,0 dropped=0,0,0,0
     latency   : target=0, window=0, percentile=100.00%, depth=128

Run status group 0 (all jobs):
  WRITE: bw=786MiB/s (824MB/s), 786MiB/s-786MiB/s (824MB/s-824MB/s), io=30.0GiB (32.2GB), run=39071-39071msec
