jobs1: (g=0): rw=write, bs=(R) 32.0KiB-32.0KiB, (W) 32.0KiB-32.0KiB, (T) 32.0KiB-32.0KiB, ioengine=libaio, iodepth=128
...
fio-3.28
Starting 16 processes
jobs1: Laying out IO files (64 files / total 30720MiB)

jobs1: (groupid=0, jobs=16): err= 0: pid=468297: Tue Jul 25 22:06:57 2023
  write: IOPS=110k, BW=3427MiB/s (3593MB/s)(30.0GiB/8965msec); 0 zone resets
    slat (usec): min=6, max=328, avg= 8.62, stdev= 1.07
    clat (nsec): min=1575, max=5479.1k, avg=1157940.04, stdev=74214.04
     lat (usec): min=10, max=5529, avg=1166.62, stdev=74.83
    clat percentiles (usec):
     |  1.00th=[ 1139],  5.00th=[ 1139], 10.00th=[ 1139], 20.00th=[ 1139],
     | 30.00th=[ 1156], 40.00th=[ 1156], 50.00th=[ 1156], 60.00th=[ 1156],
     | 70.00th=[ 1156], 80.00th=[ 1156], 90.00th=[ 1156], 95.00th=[ 1172],
     | 99.00th=[ 1319], 99.50th=[ 1500], 99.90th=[ 2212], 99.95th=[ 2802],
     | 99.99th=[ 3884]
   bw (  MiB/s): min= 3196, max= 3448, per=100.00%, avg=3430.00, stdev=60.16, samples=17
   iops        : min=102296, max=110352, avg=109760.00, stdev=1925.14, samples=17
  lat (usec)   : 2=0.01%, 20=0.01%, 50=0.01%, 100=0.01%, 250=0.01%
  lat (usec)   : 500=0.01%, 750=0.01%, 1000=0.01%
  lat (msec)   : 2=99.84%, 4=0.14%, 10=0.01%
  cpu          : usr=8.43%, sys=91.56%, ctx=13, majf=0, minf=56
  IO depths    : 1=0.1%, 2=0.1%, 4=0.1%, 8=0.1%, 16=0.1%, 32=0.1%, >=64=100.0%
     submit    : 0=0.0%, 4=100.0%, 8=0.0%, 16=0.0%, 32=0.0%, 64=0.0%, >=64=0.0%
     complete  : 0=0.0%, 4=100.0%, 8=0.0%, 16=0.0%, 32=0.0%, 64=0.0%, >=64=0.1%
     issued rwts: total=0,983040,0,0 short=0,0,0,0 dropped=0,0,0,0
     latency   : target=0, window=0, percentile=100.00%, depth=128

Run status group 0 (all jobs):
  WRITE: bw=3427MiB/s (3593MB/s), 3427MiB/s-3427MiB/s (3593MB/s-3593MB/s), io=30.0GiB (32.2GB), run=8965-8965msec
