jobs1: (g=0): rw=write, bs=(R) 32.0KiB-32.0KiB, (W) 32.0KiB-32.0KiB, (T) 32.0KiB-32.0KiB, ioengine=libaio, iodepth=128
fio-3.28
Starting 1 process
jobs1: Laying out IO files (1024 files / total 30720MiB)
fio: pid=1166922, err=24/file:filesetup.c:805, func=open(/tmp/ssfs/home/sevag/fuse_ext4/f1014), error=Too many open files

jobs1: (groupid=0, jobs=1): err=24 (file:filesetup.c:805, func=open(/tmp/ssfs/home/sevag/fuse_ext4/f1014), error=Too many open files): pid=1166922: Wed Jul 26 09:23:25 2023
  write: IOPS=1691, BW=52.9MiB/s (55.4MB/s)(31.7MiB/600msec); 0 zone resets
    slat (usec): min=28, max=127290, avg=322.60, stdev=4700.09
    clat (usec): min=88, max=351015, avg=36974.38, stdev=21153.37
     lat (usec): min=142, max=351076, avg=37297.54, stdev=23317.34
    clat percentiles (msec):
     |  1.00th=[    7],  5.00th=[   23], 10.00th=[   28], 20.00th=[   31],
     | 30.00th=[   34], 40.00th=[   35], 50.00th=[   35], 60.00th=[   36],
     | 70.00th=[   38], 80.00th=[   41], 90.00th=[   45], 95.00th=[   59],
     | 99.00th=[   65], 99.50th=[  144], 99.90th=[  351], 99.95th=[  351],
     | 99.99th=[  351]
   bw (  KiB/s): min=36416, max=36416, per=67.27%, avg=36416.00, stdev= 0.00, samples=1
   iops        : min= 1138, max= 1138, avg=1138.00, stdev= 0.00, samples=1
  lat (usec)   : 100=0.10%
  lat (msec)   : 2=0.10%, 4=0.30%, 10=1.18%, 20=2.17%, 50=90.84%
  lat (msec)   : 100=4.63%, 250=0.39%, 500=0.30%
  cpu          : usr=2.67%, sys=12.19%, ctx=1082, majf=0, minf=25
  IO depths    : 1=0.1%, 2=0.2%, 4=0.4%, 8=0.8%, 16=1.6%, 32=3.2%, >=64=93.8%
     submit    : 0=0.0%, 4=100.0%, 8=0.0%, 16=0.0%, 32=0.0%, 64=0.0%, >=64=0.0%
     complete  : 0=0.0%, 4=99.9%, 8=0.0%, 16=0.0%, 32=0.0%, 64=0.0%, >=64=0.1%
     issued rwts: total=0,1015,0,0 short=0,0,0,0 dropped=0,0,0,0
     latency   : target=0, window=0, percentile=100.00%, depth=128

Run status group 0 (all jobs):
  WRITE: bw=52.9MiB/s (55.4MB/s), 52.9MiB/s-52.9MiB/s (55.4MB/s-55.4MB/s), io=31.7MiB (33.3MB), run=600-600msec
