jobs1: (g=0): rw=write, bs=(R) 128KiB-128KiB, (W) 128KiB-128KiB, (T) 128KiB-128KiB, ioengine=libaio, iodepth=128
...
fio-3.28
Starting 16 processes
jobs1: Laying out IO files (512 files / total 30720MiB)

jobs1: (groupid=0, jobs=16): err= 0: pid=1132469: Wed Jul 26 06:59:18 2023
  write: IOPS=40.0k, BW=4998MiB/s (5240MB/s)(30.0GiB/6147msec); 0 zone resets
    slat (nsec): min=18855, max=64797, avg=24410.43, stdev=7048.46
    clat (nsec): min=1582, max=6165.2k, avg=3175062.60, stdev=905573.29
     lat (usec): min=24, max=6228, avg=3199.54, stdev=912.55
    clat percentiles (usec):
     |  1.00th=[ 2704],  5.00th=[ 2737], 10.00th=[ 2737], 20.00th=[ 2737],
     | 30.00th=[ 2737], 40.00th=[ 2737], 50.00th=[ 2737], 60.00th=[ 2769],
     | 70.00th=[ 2769], 80.00th=[ 2802], 90.00th=[ 5145], 95.00th=[ 5145],
     | 99.00th=[ 5211], 99.50th=[ 5211], 99.90th=[ 5276], 99.95th=[ 5669],
     | 99.99th=[ 5932]
   bw (  MiB/s): min= 3076, max= 5780, per=99.92%, avg=4993.67, stdev=1234.27, samples=11
   iops        : min=24612, max=46240, avg=39949.27, stdev=9874.24, samples=11
  lat (usec)   : 2=0.01%, 50=0.01%, 100=0.01%, 250=0.01%, 500=0.01%
  lat (usec)   : 750=0.01%, 1000=0.01%
  lat (msec)   : 2=0.02%, 4=82.28%, 10=17.69%
  cpu          : usr=8.92%, sys=91.10%, ctx=7, majf=0, minf=45
  IO depths    : 1=0.1%, 2=0.1%, 4=0.1%, 8=0.1%, 16=0.1%, 32=0.1%, >=64=100.0%
     submit    : 0=0.0%, 4=100.0%, 8=0.0%, 16=0.0%, 32=0.0%, 64=0.0%, >=64=0.0%
     complete  : 0=0.0%, 4=100.0%, 8=0.0%, 16=0.0%, 32=0.0%, 64=0.0%, >=64=0.1%
     issued rwts: total=0,245760,0,0 short=0,0,0,0 dropped=0,0,0,0
     latency   : target=0, window=0, percentile=100.00%, depth=128

Run status group 0 (all jobs):
  WRITE: bw=4998MiB/s (5240MB/s), 4998MiB/s-4998MiB/s (5240MB/s-5240MB/s), io=30.0GiB (32.2GB), run=6147-6147msec
