jobs1: (g=0): rw=write, bs=(R) 512KiB-512KiB, (W) 512KiB-512KiB, (T) 512KiB-512KiB, ioengine=libaio, iodepth=128
...
fio-3.28
Starting 32 processes
jobs1: Laying out IO files (1024 files / total 30720MiB)
fio: pid=1193774, err=24/file:filesetup.c:805, func=open(/home/sevag/ramdisk//f1018), error=Too many open files

jobs1: (groupid=0, jobs=32): err=24 (file:filesetup.c:805, func=open(/home/sevag/ramdisk//f1018), error=Too many open files): pid=1193774: Wed Jul 26 10:39:02 2023
  write: IOPS=3204, BW=1602MiB/s (1680MB/s)(510MiB/318msec); 0 zone resets
    slat (usec): min=247, max=2886, avg=301.42, stdev=182.88
    clat (usec): min=47, max=67530, avg=33857.30, stdev=7906.78
     lat (usec): min=314, max=68149, avg=34158.96, stdev=7979.31
    clat percentiles (usec):
     |  1.00th=[ 2835],  5.00th=[13960], 10.00th=[28181], 20.00th=[35390],
     | 30.00th=[35390], 40.00th=[35390], 50.00th=[35390], 60.00th=[35390],
     | 70.00th=[35390], 80.00th=[35914], 90.00th=[36439], 95.00th=[36439],
     | 99.00th=[55313], 99.50th=[64226], 99.90th=[67634], 99.95th=[67634],
     | 99.99th=[67634]
  lat (usec)   : 50=0.10%, 500=0.10%, 750=0.10%, 1000=0.10%
  lat (msec)   : 2=0.29%, 4=0.79%, 10=2.06%, 20=3.53%, 50=91.17%
  lat (msec)   : 100=1.77%
  cpu          : usr=8.83%, sys=90.54%, ctx=1, majf=0, minf=75
  IO depths    : 1=0.1%, 2=0.2%, 4=0.4%, 8=0.8%, 16=1.6%, 32=3.1%, >=64=93.8%
     submit    : 0=0.0%, 4=100.0%, 8=0.0%, 16=0.0%, 32=0.0%, 64=0.0%, >=64=0.0%
     complete  : 0=0.0%, 4=99.9%, 8=0.0%, 16=0.0%, 32=0.0%, 64=0.0%, >=64=0.1%
     issued rwts: total=0,1019,0,0 short=0,0,0,0 dropped=0,0,0,0
     latency   : target=0, window=0, percentile=100.00%, depth=128

Run status group 0 (all jobs):
  WRITE: bw=1602MiB/s (1680MB/s), 1602MiB/s-1602MiB/s (1680MB/s-1680MB/s), io=510MiB (534MB), run=318-318msec
