jobs1: (g=0): rw=write, bs=(R) 128KiB-128KiB, (W) 128KiB-128KiB, (T) 128KiB-128KiB, ioengine=libaio, iodepth=128
...
fio-3.28
Starting 16 processes
jobs1: Laying out IO file (1 file / 30720MiB)

jobs1: (groupid=0, jobs=16): err= 0: pid=175969: Tue Jul 25 19:25:28 2023
  write: IOPS=12.8k, BW=1605MiB/s (1683MB/s)(30.0GiB/19137msec); 0 zone resets
    slat (usec): min=34, max=159996, avg=77.17, stdev=571.58
    clat (usec): min=2, max=346801, avg=9650.37, stdev=3668.81
     lat (usec): min=119, max=480091, avg=9727.62, stdev=3809.87
    clat percentiles (usec):
     |  1.00th=[ 5211],  5.00th=[ 7767], 10.00th=[ 7898], 20.00th=[ 7963],
     | 30.00th=[ 8029], 40.00th=[ 8094], 50.00th=[ 8094], 60.00th=[ 8225],
     | 70.00th=[ 8586], 80.00th=[12256], 90.00th=[14484], 95.00th=[15139],
     | 99.00th=[25822], 99.50th=[28705], 99.90th=[31851], 99.95th=[33162],
     | 99.99th=[34866]
   bw (  MiB/s): min=  436, max= 1998, per=100.00%, avg=1612.76, stdev=441.22, samples=37
   iops        : min= 3490, max=15986, avg=12902.00, stdev=3529.80, samples=37
  lat (usec)   : 4=0.01%, 250=0.01%, 500=0.01%, 750=0.01%, 1000=0.01%
  lat (msec)   : 2=0.01%, 4=0.01%, 10=78.29%, 20=19.50%, 50=2.17%
  lat (msec)   : 250=0.01%, 500=0.01%
  cpu          : usr=6.78%, sys=86.43%, ctx=120, majf=0, minf=52
  IO depths    : 1=0.1%, 2=0.1%, 4=0.1%, 8=0.1%, 16=0.1%, 32=0.1%, >=64=100.0%
     submit    : 0=0.0%, 4=100.0%, 8=0.0%, 16=0.0%, 32=0.0%, 64=0.0%, >=64=0.0%
     complete  : 0=0.0%, 4=100.0%, 8=0.0%, 16=0.0%, 32=0.0%, 64=0.0%, >=64=0.1%
     issued rwts: total=0,245760,0,0 short=0,0,0,0 dropped=0,0,0,0
     latency   : target=0, window=0, percentile=100.00%, depth=128

Run status group 0 (all jobs):
  WRITE: bw=1605MiB/s (1683MB/s), 1605MiB/s-1605MiB/s (1683MB/s-1683MB/s), io=30.0GiB (32.2GB), run=19137-19137msec
