jobs1: (g=0): rw=write, bs=(R) 128KiB-128KiB, (W) 128KiB-128KiB, (T) 128KiB-128KiB, ioengine=libaio, iodepth=128
fio-3.28
Starting 1 process
jobs1: Laying out IO files (64 files / total 30720MiB)

jobs1: (groupid=0, jobs=1): err= 0: pid=491537: Tue Jul 25 22:58:03 2023
  write: IOPS=16.8k, BW=2105MiB/s (2207MB/s)(30.0GiB/14596msec); 0 zone resets
    slat (usec): min=37, max=159717, avg=58.53, stdev=476.72
    clat (usec): min=2, max=248158, avg=7355.32, stdev=2787.76
     lat (usec): min=45, max=383816, avg=7413.94, stdev=2900.55
    clat percentiles (usec):
     |  1.00th=[ 5800],  5.00th=[ 5866], 10.00th=[ 5932], 20.00th=[ 5932],
     | 30.00th=[ 5997], 40.00th=[ 6063], 50.00th=[ 6128], 60.00th=[ 6652],
     | 70.00th=[ 7635], 80.00th=[ 7832], 90.00th=[10159], 95.00th=[10552],
     | 99.00th=[19268], 99.50th=[22676], 99.90th=[26608], 99.95th=[28443],
     | 99.99th=[43779]
   bw (  MiB/s): min=  330, max= 2513, per=99.94%, avg=2103.42, stdev=492.93, samples=29
   iops        : min= 2640, max=20108, avg=16827.38, stdev=3943.47, samples=29
  lat (usec)   : 4=0.01%, 50=0.01%, 100=0.01%, 250=0.01%, 500=0.01%
  lat (usec)   : 750=0.01%, 1000=0.01%
  lat (msec)   : 2=0.01%, 4=0.02%, 10=87.66%, 20=11.48%, 50=0.83%
  lat (msec)   : 100=0.01%, 250=0.01%
  cpu          : usr=8.37%, sys=82.82%, ctx=1077, majf=0, minf=15
  IO depths    : 1=0.1%, 2=0.1%, 4=0.1%, 8=0.1%, 16=0.1%, 32=0.1%, >=64=100.0%
     submit    : 0=0.0%, 4=100.0%, 8=0.0%, 16=0.0%, 32=0.0%, 64=0.0%, >=64=0.0%
     complete  : 0=0.0%, 4=100.0%, 8=0.0%, 16=0.0%, 32=0.0%, 64=0.0%, >=64=0.1%
     issued rwts: total=0,245760,0,0 short=0,0,0,0 dropped=0,0,0,0
     latency   : target=0, window=0, percentile=100.00%, depth=128

Run status group 0 (all jobs):
  WRITE: bw=2105MiB/s (2207MB/s), 2105MiB/s-2105MiB/s (2207MB/s-2207MB/s), io=30.0GiB (32.2GB), run=14596-14596msec
