jobs1: (g=0): rw=write, bs=(R) 512KiB-512KiB, (W) 512KiB-512KiB, (T) 512KiB-512KiB, ioengine=libaio, iodepth=128
...
fio-3.28
Starting 32 processes
jobs1: Laying out IO files (128 files / total 30720MiB)

jobs1: (groupid=0, jobs=32): err= 0: pid=855366: Wed Jul 26 03:49:12 2023
  write: IOPS=3685, BW=1843MiB/s (1932MB/s)(30.0GiB/16670msec); 0 zone resets
    slat (usec): min=162, max=468866, avg=268.80, stdev=1969.81
    clat (usec): min=2, max=132270, avg=33364.58, stdev=10096.34
     lat (usec): min=188, max=601139, avg=33633.55, stdev=10401.91
    clat percentiles (msec):
     |  1.00th=[   24],  5.00th=[   24], 10.00th=[   24], 20.00th=[   25],
     | 30.00th=[   25], 40.00th=[   26], 50.00th=[   34], 60.00th=[   36],
     | 70.00th=[   40], 80.00th=[   41], 90.00th=[   44], 95.00th=[   54],
     | 99.00th=[   63], 99.50th=[   70], 99.90th=[   92], 99.95th=[  126],
     | 99.99th=[  131]
   bw (  MiB/s): min=  997, max= 2322, per=100.00%, avg=1892.53, stdev=437.27, samples=32
   iops        : min= 1994, max= 4645, avg=3785.00, stdev=874.57, samples=32
  lat (usec)   : 4=0.01%, 250=0.01%, 500=0.01%, 750=0.01%, 1000=0.01%
  lat (msec)   : 2=0.01%, 4=0.02%, 10=0.05%, 20=0.07%, 50=92.22%
  lat (msec)   : 100=7.54%, 250=0.09%
  cpu          : usr=8.06%, sys=77.52%, ctx=2370, majf=0, minf=96
  IO depths    : 1=0.1%, 2=0.1%, 4=0.1%, 8=0.1%, 16=0.1%, 32=0.1%, >=64=99.9%
     submit    : 0=0.0%, 4=100.0%, 8=0.0%, 16=0.0%, 32=0.0%, 64=0.0%, >=64=0.0%
     complete  : 0=0.0%, 4=100.0%, 8=0.0%, 16=0.0%, 32=0.0%, 64=0.0%, >=64=0.1%
     issued rwts: total=0,61440,0,0 short=0,0,0,0 dropped=0,0,0,0
     latency   : target=0, window=0, percentile=100.00%, depth=128

Run status group 0 (all jobs):
  WRITE: bw=1843MiB/s (1932MB/s), 1843MiB/s-1843MiB/s (1932MB/s-1932MB/s), io=30.0GiB (32.2GB), run=16670-16670msec
