jobs1: (g=0): rw=write, bs=(R) 4096B-4096B, (W) 4096B-4096B, (T) 4096B-4096B, ioengine=libaio, iodepth=128
...
fio-3.28
Starting 16 processes
jobs1: Laying out IO file (1 file / 30720MiB)

jobs1: (groupid=0, jobs=16): err= 0: pid=12142: Tue Jul 25 17:32:34 2023
  write: IOPS=338k, BW=1320MiB/s (1385MB/s)(30.0GiB/23265msec); 0 zone resets
    slat (nsec): min=1392, max=103916k, avg=2447.15, stdev=76803.97
    clat (nsec): min=1165, max=584230k, avg=371396.96, stdev=1526866.60
     lat (usec): min=3, max=584237, avg=373.91, stdev=1541.73
    clat percentiles (usec):
     |  1.00th=[  265],  5.00th=[  265], 10.00th=[  265], 20.00th=[  269],
     | 30.00th=[  269], 40.00th=[  306], 50.00th=[  367], 60.00th=[  375],
     | 70.00th=[  379], 80.00th=[  383], 90.00th=[  437], 95.00th=[  474],
     | 99.00th=[  627], 99.50th=[  660], 99.90th=[11207], 99.95th=[13173],
     | 99.99th=[19006]
   bw (  MiB/s): min=  181, max= 1473, per=100.00%, avg=1332.34, stdev=239.34, samples=46
   iops        : min=46373, max=377088, avg=341078.09, stdev=61270.10, samples=46
  lat (usec)   : 2=0.01%, 4=0.01%, 10=0.01%, 20=0.01%, 50=0.01%
  lat (usec)   : 100=0.01%, 250=0.01%, 500=95.89%, 750=3.85%, 1000=0.04%
  lat (msec)   : 2=0.03%, 10=0.06%, 20=0.13%, 50=0.01%, 100=0.01%
  lat (msec)   : 250=0.01%, 500=0.01%, 750=0.01%
  cpu          : usr=17.35%, sys=74.30%, ctx=187, majf=0, minf=43
  IO depths    : 1=0.1%, 2=0.1%, 4=0.1%, 8=0.1%, 16=0.1%, 32=0.1%, >=64=100.0%
     submit    : 0=0.0%, 4=100.0%, 8=0.0%, 16=0.0%, 32=0.0%, 64=0.0%, >=64=0.0%
     complete  : 0=0.0%, 4=100.0%, 8=0.0%, 16=0.0%, 32=0.0%, 64=0.0%, >=64=0.1%
     issued rwts: total=0,7864320,0,0 short=0,0,0,0 dropped=0,0,0,0
     latency   : target=0, window=0, percentile=100.00%, depth=128

Run status group 0 (all jobs):
  WRITE: bw=1320MiB/s (1385MB/s), 1320MiB/s-1320MiB/s (1385MB/s-1385MB/s), io=30.0GiB (32.2GB), run=23265-23265msec
