jobs1: (g=0): rw=write, bs=(R) 128KiB-128KiB, (W) 128KiB-128KiB, (T) 128KiB-128KiB, ioengine=libaio, iodepth=128
...
fio-3.28
Starting 16 processes
jobs1: Laying out IO files (64 files / total 30720MiB)

jobs1: (groupid=0, jobs=16): err= 0: pid=492315: Tue Jul 25 22:59:47 2023
  write: IOPS=15.8k, BW=1976MiB/s (2072MB/s)(30.0GiB/15545msec); 0 zone resets
    slat (usec): min=36, max=129667, avg=62.46, stdev=445.52
    clat (nsec): min=1725, max=99740k, avg=7918766.88, stdev=4121147.33
     lat (usec): min=42, max=229409, avg=7981.32, stdev=4165.13
    clat percentiles (usec):
     |  1.00th=[ 5473],  5.00th=[ 5473], 10.00th=[ 5538], 20.00th=[ 5538],
     | 30.00th=[ 5604], 40.00th=[ 5800], 50.00th=[ 6390], 60.00th=[ 7111],
     | 70.00th=[ 7177], 80.00th=[ 9372], 90.00th=[11469], 95.00th=[17433],
     | 99.00th=[25035], 99.50th=[27657], 99.90th=[28443], 99.95th=[28443],
     | 99.99th=[31065]
   bw (  MiB/s): min=  745, max= 2486, per=100.00%, avg=1981.66, stdev=546.93, samples=30
   iops        : min= 5962, max=19888, avg=15853.20, stdev=4375.43, samples=30
  lat (usec)   : 2=0.01%, 50=0.01%, 100=0.01%, 250=0.01%, 500=0.01%
  lat (usec)   : 750=0.01%, 1000=0.01%
  lat (msec)   : 2=0.01%, 4=0.02%, 10=89.28%, 20=7.10%, 50=3.58%
  lat (msec)   : 100=0.01%
  cpu          : usr=6.74%, sys=78.03%, ctx=280, majf=0, minf=52
  IO depths    : 1=0.1%, 2=0.1%, 4=0.1%, 8=0.1%, 16=0.1%, 32=0.1%, >=64=100.0%
     submit    : 0=0.0%, 4=100.0%, 8=0.0%, 16=0.0%, 32=0.0%, 64=0.0%, >=64=0.0%
     complete  : 0=0.0%, 4=100.0%, 8=0.0%, 16=0.0%, 32=0.0%, 64=0.0%, >=64=0.1%
     issued rwts: total=0,245760,0,0 short=0,0,0,0 dropped=0,0,0,0
     latency   : target=0, window=0, percentile=100.00%, depth=128

Run status group 0 (all jobs):
  WRITE: bw=1976MiB/s (2072MB/s), 1976MiB/s-1976MiB/s (2072MB/s-2072MB/s), io=30.0GiB (32.2GB), run=15545-15545msec
