jobs1: (g=0): rw=write, bs=(R) 512KiB-512KiB, (W) 512KiB-512KiB, (T) 512KiB-512KiB, ioengine=libaio, iodepth=128
...
fio-3.28
Starting 32 processes
jobs1: Laying out IO file (1 file / 30720MiB)

jobs1: (groupid=0, jobs=32): err= 0: pid=190626: Tue Jul 25 20:10:47 2023
  write: IOPS=3242, BW=1621MiB/s (1700MB/s)(30.0GiB/18948msec); 0 zone resets
    slat (usec): min=163, max=294768, avg=307.17, stdev=1500.17
    clat (nsec): min=1982, max=258698k, avg=38102650.82, stdev=10480128.67
     lat (usec): min=282, max=553468, avg=38409.97, stdev=10749.16
    clat percentiles (msec):
     |  1.00th=[   25],  5.00th=[   31], 10.00th=[   33], 20.00th=[   33],
     | 30.00th=[   33], 40.00th=[   33], 50.00th=[   33], 60.00th=[   34],
     | 70.00th=[   36], 80.00th=[   48], 90.00th=[   56], 95.00th=[   59],
     | 99.00th=[   69], 99.50th=[   71], 99.90th=[   74], 99.95th=[   75],
     | 99.99th=[  257]
   bw (  MiB/s): min=  161, max= 1993, per=100.00%, avg=1625.14, stdev=437.25, samples=37
   iops        : min=  322, max= 3986, avg=3250.19, stdev=874.56, samples=37
  lat (usec)   : 2=0.01%, 500=0.01%, 750=0.01%, 1000=0.01%
  lat (msec)   : 2=0.01%, 4=0.01%, 10=0.04%, 20=0.06%, 50=81.29%
  lat (msec)   : 100=18.58%, 500=0.01%
  cpu          : usr=6.77%, sys=86.15%, ctx=122, majf=0, minf=75
  IO depths    : 1=0.1%, 2=0.1%, 4=0.1%, 8=0.1%, 16=0.1%, 32=0.1%, >=64=99.9%
     submit    : 0=0.0%, 4=100.0%, 8=0.0%, 16=0.0%, 32=0.0%, 64=0.0%, >=64=0.0%
     complete  : 0=0.0%, 4=100.0%, 8=0.0%, 16=0.0%, 32=0.0%, 64=0.0%, >=64=0.1%
     issued rwts: total=0,61440,0,0 short=0,0,0,0 dropped=0,0,0,0
     latency   : target=0, window=0, percentile=100.00%, depth=128

Run status group 0 (all jobs):
  WRITE: bw=1621MiB/s (1700MB/s), 1621MiB/s-1621MiB/s (1700MB/s-1700MB/s), io=30.0GiB (32.2GB), run=18948-18948msec
