jobs1: (g=0): rw=write, bs=(R) 128KiB-128KiB, (W) 128KiB-128KiB, (T) 128KiB-128KiB, ioengine=libaio, iodepth=128
fio-3.28
Starting 1 process
jobs1: Laying out IO file (1 file / 30720MiB)

jobs1: (groupid=0, jobs=1): err= 0: pid=175343: Tue Jul 25 19:23:24 2023
  write: IOPS=39.2k, BW=4905MiB/s (5143MB/s)(30.0GiB/6263msec); 0 zone resets
    slat (nsec): min=19550, max=66106, avg=24910.31, stdev=4550.73
    clat (nsec): min=1734, max=6062.2k, avg=3235006.08, stdev=581177.53
     lat (usec): min=24, max=6108, avg=3259.98, stdev=585.63
    clat percentiles (usec):
     |  1.00th=[ 2933],  5.00th=[ 2933], 10.00th=[ 2933], 20.00th=[ 2933],
     | 30.00th=[ 2933], 40.00th=[ 2933], 50.00th=[ 2966], 60.00th=[ 2966],
     | 70.00th=[ 2966], 80.00th=[ 3130], 90.00th=[ 4424], 95.00th=[ 4424],
     | 99.00th=[ 4490], 99.50th=[ 4490], 99.90th=[ 4686], 99.95th=[ 5014],
     | 99.99th=[ 5997]
   bw (  MiB/s): min= 3534, max= 5386, per=99.57%, avg=4884.12, stdev=804.72, samples=12
   iops        : min=28273, max=43090, avg=39072.92, stdev=6437.79, samples=12
  lat (usec)   : 2=0.01%, 50=0.01%, 100=0.01%, 250=0.01%, 500=0.01%
  lat (usec)   : 750=0.01%, 1000=0.01%
  lat (msec)   : 2=0.02%, 4=80.93%, 10=19.04%
  cpu          : usr=10.65%, sys=89.36%, ctx=7, majf=0, minf=13
  IO depths    : 1=0.1%, 2=0.1%, 4=0.1%, 8=0.1%, 16=0.1%, 32=0.1%, >=64=100.0%
     submit    : 0=0.0%, 4=100.0%, 8=0.0%, 16=0.0%, 32=0.0%, 64=0.0%, >=64=0.0%
     complete  : 0=0.0%, 4=100.0%, 8=0.0%, 16=0.0%, 32=0.0%, 64=0.0%, >=64=0.1%
     issued rwts: total=0,245760,0,0 short=0,0,0,0 dropped=0,0,0,0
     latency   : target=0, window=0, percentile=100.00%, depth=128

Run status group 0 (all jobs):
  WRITE: bw=4905MiB/s (5143MB/s), 4905MiB/s-4905MiB/s (5143MB/s-5143MB/s), io=30.0GiB (32.2GB), run=6263-6263msec
