jobs1: (g=0): rw=write, bs=(R) 4096B-4096B, (W) 4096B-4096B, (T) 4096B-4096B, ioengine=libaio, iodepth=128
...
fio-3.28
Starting 32 processes
jobs1: Laying out IO files (128 files / total 30720MiB)

jobs1: (groupid=0, jobs=32): err= 0: pid=533752: Wed Jul 26 00:46:50 2023
  write: IOPS=359k, BW=1403MiB/s (1471MB/s)(30.0GiB/21898msec); 0 zone resets
    slat (nsec): min=1424, max=133478k, avg=2240.87, stdev=72566.39
    clat (nsec): min=1820, max=205335k, avg=351882.81, stdev=764223.84
     lat (usec): min=3, max=205387, avg=354.19, stdev=769.28
    clat percentiles (usec):
     |  1.00th=[  277],  5.00th=[  281], 10.00th=[  281], 20.00th=[  281],
     | 30.00th=[  285], 40.00th=[  285], 50.00th=[  289], 60.00th=[  297],
     | 70.00th=[  306], 80.00th=[  343], 90.00th=[  392], 95.00th=[  478],
     | 99.00th=[  529], 99.50th=[  619], 99.90th=[11600], 99.95th=[13829],
     | 99.99th=[18744]
   bw (  MiB/s): min=  590, max= 1550, per=100.00%, avg=1403.98, stdev=192.71, samples=43
   iops        : min=151093, max=396948, avg=359419.23, stdev=49333.96, samples=43
  lat (usec)   : 2=0.01%, 4=0.01%, 10=0.01%, 20=0.01%, 50=0.01%
  lat (usec)   : 100=0.01%, 250=0.01%, 500=98.34%, 750=1.21%, 1000=0.08%
  lat (msec)   : 2=0.05%, 4=0.01%, 10=0.10%, 20=0.21%, 50=0.01%
  lat (msec)   : 100=0.01%, 250=0.01%
  cpu          : usr=19.65%, sys=69.73%, ctx=3034, majf=0, minf=82
  IO depths    : 1=0.1%, 2=0.1%, 4=0.1%, 8=0.1%, 16=0.1%, 32=0.1%, >=64=100.0%
     submit    : 0=0.0%, 4=100.0%, 8=0.0%, 16=0.0%, 32=0.0%, 64=0.0%, >=64=0.0%
     complete  : 0=0.0%, 4=100.0%, 8=0.0%, 16=0.0%, 32=0.0%, 64=0.0%, >=64=0.1%
     issued rwts: total=0,7864320,0,0 short=0,0,0,0 dropped=0,0,0,0
     latency   : target=0, window=0, percentile=100.00%, depth=128

Run status group 0 (all jobs):
  WRITE: bw=1403MiB/s (1471MB/s), 1403MiB/s-1403MiB/s (1471MB/s-1471MB/s), io=30.0GiB (32.2GB), run=21898-21898msec
