jobs1: (g=0): rw=write, bs=(R) 32.0KiB-32.0KiB, (W) 32.0KiB-32.0KiB, (T) 32.0KiB-32.0KiB, ioengine=libaio, iodepth=128
...
fio-3.28
Starting 16 processes
jobs1: Laying out IO files (512 files / total 30720MiB)

jobs1: (groupid=0, jobs=16): err= 0: pid=1100147: Wed Jul 26 05:59:35 2023
  write: IOPS=100k, BW=3129MiB/s (3281MB/s)(30.0GiB/9819msec); 0 zone resets
    slat (usec): min=6, max=227, avg= 9.39, stdev= 2.53
    clat (nsec): min=1335, max=5524.3k, avg=1268336.56, stdev=314231.28
     lat (usec): min=8, max=5586, avg=1277.80, stdev=316.58
    clat percentiles (usec):
     |  1.00th=[ 1123],  5.00th=[ 1123], 10.00th=[ 1123], 20.00th=[ 1139],
     | 30.00th=[ 1139], 40.00th=[ 1139], 50.00th=[ 1139], 60.00th=[ 1139],
     | 70.00th=[ 1156], 80.00th=[ 1156], 90.00th=[ 2024], 95.00th=[ 2024],
     | 99.00th=[ 2057], 99.50th=[ 2057], 99.90th=[ 2311], 99.95th=[ 2606],
     | 99.99th=[ 4047]
   bw (  MiB/s): min= 1921, max= 3529, per=100.00%, avg=3135.31, stdev=637.14, samples=19
   iops        : min=61500, max=112945, avg=100330.16, stdev=20388.71, samples=19
  lat (usec)   : 2=0.01%, 10=0.01%, 20=0.01%, 50=0.01%, 100=0.01%
  lat (usec)   : 250=0.01%, 500=0.01%, 750=0.01%, 1000=0.01%
  lat (msec)   : 2=86.25%, 4=13.71%, 10=0.02%
  cpu          : usr=9.25%, sys=90.76%, ctx=20, majf=0, minf=44
  IO depths    : 1=0.1%, 2=0.1%, 4=0.1%, 8=0.1%, 16=0.1%, 32=0.1%, >=64=100.0%
     submit    : 0=0.0%, 4=100.0%, 8=0.0%, 16=0.0%, 32=0.0%, 64=0.0%, >=64=0.0%
     complete  : 0=0.0%, 4=100.0%, 8=0.0%, 16=0.0%, 32=0.0%, 64=0.0%, >=64=0.1%
     issued rwts: total=0,983040,0,0 short=0,0,0,0 dropped=0,0,0,0
     latency   : target=0, window=0, percentile=100.00%, depth=128

Run status group 0 (all jobs):
  WRITE: bw=3129MiB/s (3281MB/s), 3129MiB/s-3129MiB/s (3281MB/s-3281MB/s), io=30.0GiB (32.2GB), run=9819-9819msec
