jobs1: (g=0): rw=write, bs=(R) 512KiB-512KiB, (W) 512KiB-512KiB, (T) 512KiB-512KiB, ioengine=libaio, iodepth=128
...
fio-3.28
Starting 32 processes
jobs1: Laying out IO files (64 files / total 30720MiB)

jobs1: (groupid=0, jobs=32): err= 0: pid=514264: Tue Jul 25 23:51:14 2023
  write: IOPS=3911, BW=1956MiB/s (2051MB/s)(30.0GiB/15706msec); 0 zone resets
    slat (usec): min=166, max=483819, avg=254.30, stdev=2048.70
    clat (usec): min=2, max=81384, avg=31396.70, stdev=9722.53
     lat (usec): min=200, max=539055, avg=31651.14, stdev=9993.05
    clat percentiles (usec):
     |  1.00th=[23462],  5.00th=[23462], 10.00th=[23725], 20.00th=[23725],
     | 30.00th=[23987], 40.00th=[24249], 50.00th=[29754], 60.00th=[29754],
     | 70.00th=[34341], 80.00th=[36439], 90.00th=[48497], 95.00th=[53216],
     | 99.00th=[56361], 99.50th=[56886], 99.90th=[69731], 99.95th=[80217],
     | 99.99th=[81265]
   bw (  MiB/s): min= 1121, max= 2446, per=100.00%, avg=2014.72, stdev=479.97, samples=30
   iops        : min= 2242, max= 4892, avg=4029.37, stdev=959.91, samples=30
  lat (usec)   : 4=0.01%, 250=0.01%, 500=0.01%, 750=0.01%, 1000=0.01%
  lat (msec)   : 2=0.01%, 4=0.02%, 10=0.05%, 20=0.08%, 50=91.08%
  lat (msec)   : 100=8.75%
  cpu          : usr=6.97%, sys=77.16%, ctx=274, majf=0, minf=78
  IO depths    : 1=0.1%, 2=0.1%, 4=0.1%, 8=0.1%, 16=0.1%, 32=0.1%, >=64=99.9%
     submit    : 0=0.0%, 4=100.0%, 8=0.0%, 16=0.0%, 32=0.0%, 64=0.0%, >=64=0.0%
     complete  : 0=0.0%, 4=100.0%, 8=0.0%, 16=0.0%, 32=0.0%, 64=0.0%, >=64=0.1%
     issued rwts: total=0,61440,0,0 short=0,0,0,0 dropped=0,0,0,0
     latency   : target=0, window=0, percentile=100.00%, depth=128

Run status group 0 (all jobs):
  WRITE: bw=1956MiB/s (2051MB/s), 1956MiB/s-1956MiB/s (2051MB/s-2051MB/s), io=30.0GiB (32.2GB), run=15706-15706msec
