jobs1: (g=0): rw=write, bs=(R) 128KiB-128KiB, (W) 128KiB-128KiB, (T) 128KiB-128KiB, ioengine=libaio, iodepth=128
...
fio-3.28
Starting 32 processes
jobs1: Laying out IO files (512 files / total 30720MiB)

jobs1: (groupid=0, jobs=32): err= 0: pid=1133738: Wed Jul 26 07:04:09 2023
  write: IOPS=41.1k, BW=5139MiB/s (5388MB/s)(30.0GiB/5978msec); 0 zone resets
    slat (nsec): min=18518, max=58068, avg=23731.84, stdev=6541.49
    clat (nsec): min=1505, max=5970.2k, avg=3087720.36, stdev=839901.71
     lat (usec): min=22, max=6011, avg=3111.51, stdev=846.37
    clat percentiles (usec):
     |  1.00th=[ 2704],  5.00th=[ 2704], 10.00th=[ 2704], 20.00th=[ 2704],
     | 30.00th=[ 2704], 40.00th=[ 2704], 50.00th=[ 2737], 60.00th=[ 2737],
     | 70.00th=[ 2737], 80.00th=[ 2737], 90.00th=[ 5014], 95.00th=[ 5080],
     | 99.00th=[ 5080], 99.50th=[ 5145], 99.90th=[ 5211], 99.95th=[ 5538],
     | 99.99th=[ 5932]
   bw (  MiB/s): min= 3143, max= 5844, per=100.00%, avg=5167.68, stdev=1168.62, samples=11
   iops        : min=25148, max=46759, avg=41341.36, stdev=9349.04, samples=11
  lat (usec)   : 2=0.01%, 50=0.01%, 100=0.01%, 250=0.01%, 500=0.01%
  lat (usec)   : 750=0.01%, 1000=0.01%
  lat (msec)   : 2=0.02%, 4=84.13%, 10=15.83%
  cpu          : usr=10.51%, sys=89.46%, ctx=4, majf=0, minf=78
  IO depths    : 1=0.1%, 2=0.1%, 4=0.1%, 8=0.1%, 16=0.1%, 32=0.1%, >=64=100.0%
     submit    : 0=0.0%, 4=100.0%, 8=0.0%, 16=0.0%, 32=0.0%, 64=0.0%, >=64=0.0%
     complete  : 0=0.0%, 4=100.0%, 8=0.0%, 16=0.0%, 32=0.0%, 64=0.0%, >=64=0.1%
     issued rwts: total=0,245760,0,0 short=0,0,0,0 dropped=0,0,0,0
     latency   : target=0, window=0, percentile=100.00%, depth=128

Run status group 0 (all jobs):
  WRITE: bw=5139MiB/s (5388MB/s), 5139MiB/s-5139MiB/s (5388MB/s-5388MB/s), io=30.0GiB (32.2GB), run=5978-5978msec
