jobs1: (g=0): rw=write, bs=(R) 128KiB-128KiB, (W) 128KiB-128KiB, (T) 128KiB-128KiB, ioengine=libaio, iodepth=128
...
fio-3.28
Starting 32 processes
jobs1: Laying out IO file (1 file / 30720MiB)

jobs1: (groupid=0, jobs=32): err= 0: pid=177276: Tue Jul 25 19:28:48 2023
  write: IOPS=14.3k, BW=1785MiB/s (1872MB/s)(30.0GiB/17208msec); 0 zone resets
    slat (usec): min=33, max=159997, avg=69.38, stdev=635.91
    clat (usec): min=2, max=496265, avg=8579.10, stdev=2678.62
     lat (usec): min=59, max=622252, avg=8648.55, stdev=2961.20
    clat percentiles (usec):
     |  1.00th=[ 5080],  5.00th=[ 6456], 10.00th=[ 7701], 20.00th=[ 7898],
     | 30.00th=[ 7963], 40.00th=[ 7963], 50.00th=[ 8029], 60.00th=[ 8094],
     | 70.00th=[ 8160], 80.00th=[ 8455], 90.00th=[ 9765], 95.00th=[13304],
     | 99.00th=[20579], 99.50th=[23200], 99.90th=[27132], 99.95th=[27657],
     | 99.99th=[28705]
   bw (  MiB/s): min= 1064, max= 2013, per=100.00%, avg=1842.41, stdev=273.74, samples=33
   iops        : min= 8512, max=16108, avg=14739.12, stdev=2189.94, samples=33
  lat (usec)   : 4=0.01%, 100=0.01%, 250=0.01%, 500=0.01%, 750=0.01%
  lat (usec)   : 1000=0.01%
  lat (msec)   : 2=0.01%, 4=0.01%, 10=90.27%, 20=8.62%, 50=1.09%
  lat (msec)   : 250=0.01%, 500=0.01%
  cpu          : usr=5.39%, sys=87.95%, ctx=98, majf=0, minf=79
  IO depths    : 1=0.1%, 2=0.1%, 4=0.1%, 8=0.1%, 16=0.1%, 32=0.1%, >=64=100.0%
     submit    : 0=0.0%, 4=100.0%, 8=0.0%, 16=0.0%, 32=0.0%, 64=0.0%, >=64=0.0%
     complete  : 0=0.0%, 4=100.0%, 8=0.0%, 16=0.0%, 32=0.0%, 64=0.0%, >=64=0.1%
     issued rwts: total=0,245760,0,0 short=0,0,0,0 dropped=0,0,0,0
     latency   : target=0, window=0, percentile=100.00%, depth=128

Run status group 0 (all jobs):
  WRITE: bw=1785MiB/s (1872MB/s), 1785MiB/s-1785MiB/s (1872MB/s-1872MB/s), io=30.0GiB (32.2GB), run=17208-17208msec
