jobs1: (g=0): rw=write, bs=(R) 128KiB-128KiB, (W) 128KiB-128KiB, (T) 128KiB-128KiB, ioengine=libaio, iodepth=128
...
fio-3.28
Starting 16 processes
jobs1: Laying out IO files (128 files / total 30720MiB)

jobs1: (groupid=0, jobs=16): err= 0: pid=828127: Wed Jul 26 02:53:08 2023
  write: IOPS=6638, BW=830MiB/s (870MB/s)(30.0GiB/37018msec); 0 zone resets
    slat (usec): min=58, max=159611, avg=149.14, stdev=998.71
    clat (usec): min=3, max=343214, avg=18888.20, stdev=6047.44
     lat (usec): min=90, max=481111, avg=19037.53, stdev=6112.44
    clat percentiles (usec):
     |  1.00th=[ 9896],  5.00th=[10552], 10.00th=[10945], 20.00th=[11731],
     | 30.00th=[12649], 40.00th=[19006], 50.00th=[21103], 60.00th=[22414],
     | 70.00th=[23200], 80.00th=[24249], 90.00th=[25822], 95.00th=[26870],
     | 99.00th=[28967], 99.50th=[29754], 99.90th=[31589], 99.95th=[34341],
     | 99.99th=[39584]
   bw (  KiB/s): min=265653, max=958208, per=100.00%, avg=851873.03, stdev=76150.81, samples=73
   iops        : min= 2075, max= 7486, avg=6655.18, stdev=594.96, samples=73
  lat (usec)   : 4=0.01%, 100=0.01%, 250=0.01%, 500=0.01%, 750=0.01%
  lat (usec)   : 1000=0.01%
  lat (msec)   : 2=0.01%, 4=0.01%, 10=1.33%, 20=41.43%, 50=57.22%
  lat (msec)   : 250=0.01%, 500=0.01%
  cpu          : usr=5.07%, sys=55.51%, ctx=1365, majf=2, minf=52
  IO depths    : 1=0.1%, 2=0.1%, 4=0.1%, 8=0.1%, 16=0.1%, 32=0.1%, >=64=100.0%
     submit    : 0=0.0%, 4=100.0%, 8=0.0%, 16=0.0%, 32=0.0%, 64=0.0%, >=64=0.0%
     complete  : 0=0.0%, 4=100.0%, 8=0.0%, 16=0.0%, 32=0.0%, 64=0.0%, >=64=0.1%
     issued rwts: total=0,245760,0,0 short=0,0,0,0 dropped=0,0,0,0
     latency   : target=0, window=0, percentile=100.00%, depth=128

Run status group 0 (all jobs):
  WRITE: bw=830MiB/s (870MB/s), 830MiB/s-830MiB/s (870MB/s-870MB/s), io=30.0GiB (32.2GB), run=37018-37018msec
