jobs1: (g=0): rw=write, bs=(R) 512KiB-512KiB, (W) 512KiB-512KiB, (T) 512KiB-512KiB, ioengine=libaio, iodepth=128
...
fio-3.28
Starting 16 processes
jobs1: Laying out IO file (1 file / 30720MiB)

jobs1: (groupid=0, jobs=16): err= 0: pid=190045: Tue Jul 25 20:08:27 2023
  write: IOPS=8398, BW=4199MiB/s (4403MB/s)(30.0GiB/7316msec); 0 zone resets
    slat (usec): min=97, max=210, avg=118.18, stdev=23.61
    clat (usec): min=2, max=24599, avg=15101.73, stdev=2976.85
     lat (usec): min=119, max=24781, avg=15220.03, stdev=2999.71
    clat percentiles (usec):
     |  1.00th=[13829],  5.00th=[13960], 10.00th=[13960], 20.00th=[13960],
     | 30.00th=[13960], 40.00th=[13960], 50.00th=[14091], 60.00th=[14091],
     | 70.00th=[14091], 80.00th=[14091], 90.00th=[20317], 95.00th=[24249],
     | 99.00th=[24511], 99.50th=[24511], 99.90th=[24511], 99.95th=[24511],
     | 99.99th=[24511]
   bw (  MiB/s): min= 2613, max= 4537, per=99.71%, avg=4186.68, stdev=695.49, samples=14
   iops        : min= 5226, max= 9074, avg=8373.36, stdev=1390.98, samples=14
  lat (usec)   : 4=0.01%, 250=0.01%, 500=0.01%, 750=0.01%, 1000=0.01%
  lat (msec)   : 2=0.01%, 4=0.03%, 10=0.09%, 20=89.50%, 50=10.35%
  cpu          : usr=13.18%, sys=86.82%, ctx=5, majf=0, minf=35
  IO depths    : 1=0.1%, 2=0.1%, 4=0.1%, 8=0.1%, 16=0.1%, 32=0.1%, >=64=99.9%
     submit    : 0=0.0%, 4=100.0%, 8=0.0%, 16=0.0%, 32=0.0%, 64=0.0%, >=64=0.0%
     complete  : 0=0.0%, 4=100.0%, 8=0.0%, 16=0.0%, 32=0.0%, 64=0.0%, >=64=0.1%
     issued rwts: total=0,61440,0,0 short=0,0,0,0 dropped=0,0,0,0
     latency   : target=0, window=0, percentile=100.00%, depth=128

Run status group 0 (all jobs):
  WRITE: bw=4199MiB/s (4403MB/s), 4199MiB/s-4199MiB/s (4403MB/s-4403MB/s), io=30.0GiB (32.2GB), run=7316-7316msec
