jobs1: (g=0): rw=write, bs=(R) 4096B-4096B, (W) 4096B-4096B, (T) 4096B-4096B, ioengine=libaio, iodepth=128
fio-3.28
Starting 1 process
jobs1: Laying out IO file (1 file / 30720MiB)

jobs1: (groupid=0, jobs=1): err= 0: pid=11246: Tue Jul 25 17:29:41 2023
  write: IOPS=501k, BW=1958MiB/s (2054MB/s)(30.0GiB/15686msec); 0 zone resets
    slat (nsec): min=1183, max=28157, avg=1497.13, stdev=423.98
    clat (nsec): min=1254, max=955725, avg=253544.83, stdev=47566.83
     lat (usec): min=2, max=960, avg=255.11, stdev=47.86
    clat percentiles (usec):
     |  1.00th=[  235],  5.00th=[  235], 10.00th=[  237], 20.00th=[  237],
     | 30.00th=[  237], 40.00th=[  237], 50.00th=[  239], 60.00th=[  239],
     | 70.00th=[  239], 80.00th=[  241], 90.00th=[  273], 95.00th=[  392],
     | 99.00th=[  400], 99.50th=[  400], 99.90th=[  408], 99.95th=[  529],
     | 99.99th=[  922]
   bw (  MiB/s): min= 1236, max= 2091, per=99.98%, avg=1958.02, stdev=300.39, samples=31
   iops        : min=316504, max=535386, avg=501254.00, stdev=76900.12, samples=31
  lat (usec)   : 2=0.01%, 4=0.01%, 10=0.01%, 20=0.01%, 50=0.01%
  lat (usec)   : 100=0.01%, 250=89.60%, 500=10.33%, 750=0.05%, 1000=0.02%
  cpu          : usr=25.78%, sys=74.21%, ctx=27, majf=0, minf=12
  IO depths    : 1=0.1%, 2=0.1%, 4=0.1%, 8=0.1%, 16=0.1%, 32=0.1%, >=64=100.0%
     submit    : 0=0.0%, 4=100.0%, 8=0.0%, 16=0.0%, 32=0.0%, 64=0.0%, >=64=0.0%
     complete  : 0=0.0%, 4=100.0%, 8=0.0%, 16=0.0%, 32=0.0%, 64=0.0%, >=64=0.1%
     issued rwts: total=0,7864320,0,0 short=0,0,0,0 dropped=0,0,0,0
     latency   : target=0, window=0, percentile=100.00%, depth=128

Run status group 0 (all jobs):
  WRITE: bw=1958MiB/s (2054MB/s), 1958MiB/s-1958MiB/s (2054MB/s-2054MB/s), io=30.0GiB (32.2GB), run=15686-15686msec
