jobs1: (g=0): rw=write, bs=(R) 128KiB-128KiB, (W) 128KiB-128KiB, (T) 128KiB-128KiB, ioengine=libaio, iodepth=128
...
fio-3.28
Starting 16 processes
jobs1: Laying out IO files (128 files / total 30720MiB)

jobs1: (groupid=0, jobs=16): err= 0: pid=829249: Wed Jul 26 02:55:19 2023
  write: IOPS=46.1k, BW=5768MiB/s (6048MB/s)(30.0GiB/5326msec); 0 zone resets
    slat (nsec): min=18400, max=53332, avg=21148.00, stdev=1215.74
    clat (nsec): min=1523, max=5853.6k, avg=2750774.97, stdev=97416.56
     lat (usec): min=21, max=5893, avg=2771.98, stdev=98.09
    clat percentiles (usec):
     |  1.00th=[ 2704],  5.00th=[ 2737], 10.00th=[ 2737], 20.00th=[ 2737],
     | 30.00th=[ 2737], 40.00th=[ 2737], 50.00th=[ 2737], 60.00th=[ 2737],
     | 70.00th=[ 2737], 80.00th=[ 2737], 90.00th=[ 2769], 95.00th=[ 2802],
     | 99.00th=[ 2999], 99.50th=[ 2999], 99.90th=[ 3949], 99.95th=[ 5014],
     | 99.99th=[ 5735]
   bw (  MiB/s): min= 5547, max= 5801, per=100.00%, avg=5771.70, stdev=78.80, samples=10
   iops        : min=44381, max=46414, avg=46173.50, stdev=630.64, samples=10
  lat (usec)   : 2=0.01%, 50=0.01%, 100=0.01%, 250=0.01%, 500=0.01%
  lat (usec)   : 750=0.01%, 1000=0.01%
  lat (msec)   : 2=0.02%, 4=99.87%, 10=0.10%
  cpu          : usr=10.50%, sys=89.52%, ctx=5, majf=0, minf=37
  IO depths    : 1=0.1%, 2=0.1%, 4=0.1%, 8=0.1%, 16=0.1%, 32=0.1%, >=64=100.0%
     submit    : 0=0.0%, 4=100.0%, 8=0.0%, 16=0.0%, 32=0.0%, 64=0.0%, >=64=0.0%
     complete  : 0=0.0%, 4=100.0%, 8=0.0%, 16=0.0%, 32=0.0%, 64=0.0%, >=64=0.1%
     issued rwts: total=0,245760,0,0 short=0,0,0,0 dropped=0,0,0,0
     latency   : target=0, window=0, percentile=100.00%, depth=128

Run status group 0 (all jobs):
  WRITE: bw=5768MiB/s (6048MB/s), 5768MiB/s-5768MiB/s (6048MB/s-6048MB/s), io=30.0GiB (32.2GB), run=5326-5326msec
