jobs1: (g=0): rw=write, bs=(R) 4096B-4096B, (W) 4096B-4096B, (T) 4096B-4096B, ioengine=libaio, iodepth=128
fio-3.28
Starting 1 process
jobs1: Laying out IO files (64 files / total 30720MiB)

jobs1: (groupid=0, jobs=1): err= 0: pid=200940: Tue Jul 25 20:48:57 2023
  write: IOPS=491k, BW=1917MiB/s (2011MB/s)(30.0GiB/16022msec); 0 zone resets
    slat (nsec): min=1187, max=25797, avg=1537.51, stdev=447.67
    clat (nsec): min=1830, max=1235.0k, avg=258969.15, stdev=50243.14
     lat (usec): min=3, max=1257, avg=260.57, stdev=50.56
    clat percentiles (usec):
     |  1.00th=[  239],  5.00th=[  239], 10.00th=[  239], 20.00th=[  241],
     | 30.00th=[  241], 40.00th=[  241], 50.00th=[  243], 60.00th=[  243],
     | 70.00th=[  243], 80.00th=[  245], 90.00th=[  375], 95.00th=[  404],
     | 99.00th=[  412], 99.50th=[  416], 99.90th=[  441], 99.95th=[  611],
     | 99.99th=[  898]
   bw (  MiB/s): min= 1220, max= 2055, per=100.00%, avg=1917.96, stdev=303.57, samples=32
   iops        : min=312348, max=526286, avg=490997.88, stdev=77714.44, samples=32
  lat (usec)   : 2=0.01%, 4=0.01%, 10=0.01%, 20=0.01%, 50=0.01%
  lat (usec)   : 100=0.01%, 250=86.32%, 500=13.62%, 750=0.03%, 1000=0.03%
  lat (msec)   : 2=0.01%
  cpu          : usr=24.56%, sys=75.43%, ctx=31, majf=0, minf=12
  IO depths    : 1=0.1%, 2=0.1%, 4=0.1%, 8=0.1%, 16=0.1%, 32=0.1%, >=64=100.0%
     submit    : 0=0.0%, 4=100.0%, 8=0.0%, 16=0.0%, 32=0.0%, 64=0.0%, >=64=0.0%
     complete  : 0=0.0%, 4=100.0%, 8=0.0%, 16=0.0%, 32=0.0%, 64=0.0%, >=64=0.1%
     issued rwts: total=0,7864320,0,0 short=0,0,0,0 dropped=0,0,0,0
     latency   : target=0, window=0, percentile=100.00%, depth=128

Run status group 0 (all jobs):
  WRITE: bw=1917MiB/s (2011MB/s), 1917MiB/s-1917MiB/s (2011MB/s-2011MB/s), io=30.0GiB (32.2GB), run=16022-16022msec
