jobs1: (g=0): rw=write, bs=(R) 512KiB-512KiB, (W) 512KiB-512KiB, (T) 512KiB-512KiB, ioengine=libaio, iodepth=128
...
fio-3.28
Starting 16 processes
jobs1: Laying out IO files (64 files / total 30720MiB)

jobs1: (groupid=0, jobs=16): err= 0: pid=513279: Tue Jul 25 23:49:19 2023
  write: IOPS=4147, BW=2074MiB/s (2174MB/s)(30.0GiB/14814msec); 0 zone resets
    slat (usec): min=162, max=491786, avg=239.46, stdev=2020.53
    clat (usec): min=2, max=87699, avg=29500.71, stdev=7291.85
     lat (usec): min=184, max=579488, avg=29740.32, stdev=7661.26
    clat percentiles (usec):
     |  1.00th=[23725],  5.00th=[23987], 10.00th=[24249], 20.00th=[24249],
     | 30.00th=[24249], 40.00th=[24511], 50.00th=[24511], 60.00th=[30016],
     | 70.00th=[31589], 80.00th=[35914], 90.00th=[40633], 95.00th=[41157],
     | 99.00th=[52167], 99.50th=[53740], 99.90th=[59507], 99.95th=[74974],
     | 99.99th=[84411]
   bw (  MiB/s): min=  306, max= 2545, per=100.00%, avg=2097.61, stdev=512.99, samples=29
   iops        : min=  613, max= 5090, avg=4195.21, stdev=1026.13, samples=29
  lat (usec)   : 4=0.01%, 250=0.01%, 500=0.01%, 750=0.01%, 1000=0.01%
  lat (msec)   : 2=0.01%, 4=0.02%, 10=0.05%, 20=0.08%, 50=98.12%
  lat (msec)   : 100=1.71%
  cpu          : usr=8.20%, sys=82.90%, ctx=1062, majf=0, minf=54
  IO depths    : 1=0.1%, 2=0.1%, 4=0.1%, 8=0.1%, 16=0.1%, 32=0.1%, >=64=99.9%
     submit    : 0=0.0%, 4=100.0%, 8=0.0%, 16=0.0%, 32=0.0%, 64=0.0%, >=64=0.0%
     complete  : 0=0.0%, 4=100.0%, 8=0.0%, 16=0.0%, 32=0.0%, 64=0.0%, >=64=0.1%
     issued rwts: total=0,61440,0,0 short=0,0,0,0 dropped=0,0,0,0
     latency   : target=0, window=0, percentile=100.00%, depth=128

Run status group 0 (all jobs):
  WRITE: bw=2074MiB/s (2174MB/s), 2074MiB/s-2074MiB/s (2174MB/s-2174MB/s), io=30.0GiB (32.2GB), run=14814-14814msec
