jobs1: (g=0): rw=write, bs=(R) 32.0KiB-32.0KiB, (W) 32.0KiB-32.0KiB, (T) 32.0KiB-32.0KiB, ioengine=libaio, iodepth=128
...
fio-3.28
Starting 32 processes
jobs1: Laying out IO files (1024 files / total 30720MiB)
fio: pid=1169664, err=24/file:filesetup.c:805, func=open(/home/sevag/ramdisk//f1018), error=Too many open files

jobs1: (groupid=0, jobs=32): err=24 (file:filesetup.c:805, func=open(/home/sevag/ramdisk//f1018), error=Too many open files): pid=1169664: Wed Jul 26 09:27:07 2023
  write: IOPS=34.0k, BW=1061MiB/s (1113MB/s)(31.8MiB/30msec); 0 zone resets
    slat (usec): min=13, max=210, avg=22.38, stdev=20.32
    clat (usec): min=37, max=7252, avg=3084.93, stdev=902.36
     lat (usec): min=53, max=7310, avg=3107.46, stdev=913.34
    clat percentiles (usec):
     |  1.00th=[  351],  5.00th=[ 1270], 10.00th=[ 2474], 20.00th=[ 2868],
     | 30.00th=[ 2933], 40.00th=[ 2966], 50.00th=[ 3130], 60.00th=[ 3163],
     | 70.00th=[ 3195], 80.00th=[ 3228], 90.00th=[ 3884], 95.00th=[ 4293],
     | 99.00th=[ 6521], 99.50th=[ 6980], 99.90th=[ 7177], 99.95th=[ 7242],
     | 99.99th=[ 7242]
  lat (usec)   : 50=0.10%, 250=0.49%, 500=1.18%, 750=1.08%, 1000=0.98%
  lat (msec)   : 2=4.12%, 4=84.30%, 10=7.75%
  cpu          : usr=36.67%, sys=66.67%, ctx=1, majf=0, minf=86
  IO depths    : 1=0.1%, 2=0.2%, 4=0.4%, 8=0.8%, 16=1.6%, 32=3.1%, >=64=93.8%
     submit    : 0=0.0%, 4=100.0%, 8=0.0%, 16=0.0%, 32=0.0%, 64=0.0%, >=64=0.0%
     complete  : 0=0.0%, 4=99.9%, 8=0.0%, 16=0.0%, 32=0.0%, 64=0.0%, >=64=0.1%
     issued rwts: total=0,1019,0,0 short=0,0,0,0 dropped=0,0,0,0
     latency   : target=0, window=0, percentile=100.00%, depth=128

Run status group 0 (all jobs):
  WRITE: bw=1061MiB/s (1113MB/s), 1061MiB/s-1061MiB/s (1113MB/s-1113MB/s), io=31.8MiB (33.4MB), run=30-30msec
