jobs1: (g=0): rw=write, bs=(R) 4096B-4096B, (W) 4096B-4096B, (T) 4096B-4096B, ioengine=libaio, iodepth=128
...
fio-3.28
Starting 16 processes
jobs1: Laying out IO files (1024 files / total 30720MiB)
fio: pid=1155644, err=24/file:filesetup.c:805, func=open(/home/sevag/fuse_boc//f1018), error=Too many open files

jobs1: (groupid=0, jobs=16): err=24 (file:filesetup.c:805, func=open(/home/sevag/fuse_boc//f1018), error=Too many open files): pid=1155644: Wed Jul 26 08:47:19 2023
  write: IOPS=5661, BW=22.1MiB/s (23.2MB/s)(4076KiB/180msec); 0 zone resets
    slat (usec): min=4, max=134801, avg=138.97, stdev=4222.66
    clat (usec): min=53, max=143700, avg=8997.32, stdev=23811.96
     lat (usec): min=62, max=143750, avg=9136.53, stdev=24180.37
    clat percentiles (usec):
     |  1.00th=[   474],  5.00th=[  2114], 10.00th=[  3818], 20.00th=[  4178],
     | 30.00th=[  4490], 40.00th=[  4752], 50.00th=[  4752], 60.00th=[  5145],
     | 70.00th=[  5538], 80.00th=[  5669], 90.00th=[  6259], 95.00th=[  6521],
     | 99.00th=[143655], 99.50th=[143655], 99.90th=[143655], 99.95th=[143655],
     | 99.99th=[143655]
  lat (usec)   : 100=0.10%, 250=0.29%, 500=0.69%, 750=0.79%, 1000=0.69%
  lat (msec)   : 2=2.06%, 4=5.89%, 10=86.46%, 250=3.04%
  cpu          : usr=5.59%, sys=11.17%, ctx=1037, majf=0, minf=65
  IO depths    : 1=0.1%, 2=0.2%, 4=0.4%, 8=0.8%, 16=1.6%, 32=3.1%, >=64=93.8%
     submit    : 0=0.0%, 4=100.0%, 8=0.0%, 16=0.0%, 32=0.0%, 64=0.0%, >=64=0.0%
     complete  : 0=0.0%, 4=99.9%, 8=0.0%, 16=0.0%, 32=0.0%, 64=0.0%, >=64=0.1%
     issued rwts: total=0,1019,0,0 short=0,0,0,0 dropped=0,0,0,0
     latency   : target=0, window=0, percentile=100.00%, depth=128

Run status group 0 (all jobs):
  WRITE: bw=22.1MiB/s (23.2MB/s), 22.1MiB/s-22.1MiB/s (23.2MB/s-23.2MB/s), io=4076KiB (4174kB), run=180-180msec
