jobs1: (g=0): rw=write, bs=(R) 512KiB-512KiB, (W) 512KiB-512KiB, (T) 512KiB-512KiB, ioengine=libaio, iodepth=128
...
fio-3.28
Starting 32 processes
jobs1: Laying out IO files (128 files / total 30720MiB)

jobs1: (groupid=0, jobs=32): err= 0: pid=855045: Wed Jul 26 03:47:36 2023
  write: IOPS=1589, BW=795MiB/s (833MB/s)(30.0GiB/38652msec); 0 zone resets
    slat (usec): min=212, max=575757, avg=626.03, stdev=2959.89
    clat (usec): min=3, max=117048, avg=78554.86, stdev=8644.90
     lat (usec): min=316, max=673877, avg=79181.26, stdev=9027.21
    clat percentiles (msec):
     |  1.00th=[   48],  5.00th=[   66], 10.00th=[   71], 20.00th=[   74],
     | 30.00th=[   75], 40.00th=[   77], 50.00th=[   78], 60.00th=[   80],
     | 70.00th=[   83], 80.00th=[   87], 90.00th=[   89], 95.00th=[   92],
     | 99.00th=[   99], 99.50th=[  104], 99.90th=[  111], 99.95th=[  111],
     | 99.99th=[  116]
   bw (  KiB/s): min=94921, max=1201152, per=100.00%, avg=816163.03, stdev=101918.47, samples=76
   iops        : min=  185, max= 2346, avg=1594.03, stdev=199.08, samples=76
  lat (usec)   : 4=0.01%, 500=0.01%, 750=0.01%
  lat (msec)   : 2=0.01%, 4=0.01%, 10=0.02%, 20=0.02%, 50=1.13%
  lat (msec)   : 100=97.97%, 250=0.84%
  cpu          : usr=4.53%, sys=55.42%, ctx=1284, majf=0, minf=74
  IO depths    : 1=0.1%, 2=0.1%, 4=0.1%, 8=0.1%, 16=0.1%, 32=0.1%, >=64=99.9%
     submit    : 0=0.0%, 4=100.0%, 8=0.0%, 16=0.0%, 32=0.0%, 64=0.0%, >=64=0.0%
     complete  : 0=0.0%, 4=100.0%, 8=0.0%, 16=0.0%, 32=0.0%, 64=0.0%, >=64=0.1%
     issued rwts: total=0,61440,0,0 short=0,0,0,0 dropped=0,0,0,0
     latency   : target=0, window=0, percentile=100.00%, depth=128

Run status group 0 (all jobs):
  WRITE: bw=795MiB/s (833MB/s), 795MiB/s-795MiB/s (833MB/s-833MB/s), io=30.0GiB (32.2GB), run=38652-38652msec
