jobs1: (g=0): rw=write, bs=(R) 4096B-4096B, (W) 4096B-4096B, (T) 4096B-4096B, ioengine=libaio, iodepth=128
...
fio-3.28
Starting 16 processes
jobs1: Laying out IO files (128 files / total 30720MiB)

jobs1: (groupid=0, jobs=16): err= 0: pid=532045: Wed Jul 26 00:38:57 2023
  write: IOPS=179k, BW=699MiB/s (733MB/s)(30.0GiB/43929msec); 0 zone resets
    slat (usec): min=2, max=135828, avg= 4.77, stdev=162.48
    clat (nsec): min=1924, max=264033k, avg=708042.54, stdev=1907381.00
     lat (usec): min=5, max=264063, avg=712.91, stdev=1916.41
    clat percentiles (usec):
     |  1.00th=[  461],  5.00th=[  469], 10.00th=[  474], 20.00th=[  478],
     | 30.00th=[  478], 40.00th=[  482], 50.00th=[  486], 60.00th=[  490],
     | 70.00th=[  502], 80.00th=[  506], 90.00th=[  529], 95.00th=[  545],
     | 99.00th=[13829], 99.50th=[14877], 99.90th=[16057], 99.95th=[17695],
     | 99.99th=[19792]
   bw (  KiB/s): min=385734, max=800528, per=100.00%, avg=718221.84, stdev=42011.04, samples=87
   iops        : min=96433, max=200132, avg=179555.51, stdev=10502.77, samples=87
  lat (usec)   : 2=0.01%, 10=0.01%, 20=0.01%, 50=0.01%, 100=0.01%
  lat (usec)   : 250=0.01%, 500=69.39%, 750=29.00%, 1000=0.06%
  lat (msec)   : 2=0.01%, 10=0.05%, 20=1.49%, 50=0.01%, 100=0.01%
  lat (msec)   : 250=0.01%, 500=0.01%
  cpu          : usr=14.75%, sys=54.82%, ctx=1142, majf=0, minf=45
  IO depths    : 1=0.1%, 2=0.1%, 4=0.1%, 8=0.1%, 16=0.1%, 32=0.1%, >=64=100.0%
     submit    : 0=0.0%, 4=100.0%, 8=0.0%, 16=0.0%, 32=0.0%, 64=0.0%, >=64=0.0%
     complete  : 0=0.0%, 4=100.0%, 8=0.0%, 16=0.0%, 32=0.0%, 64=0.0%, >=64=0.1%
     issued rwts: total=0,7864320,0,0 short=0,0,0,0 dropped=0,0,0,0
     latency   : target=0, window=0, percentile=100.00%, depth=128

Run status group 0 (all jobs):
  WRITE: bw=699MiB/s (733MB/s), 699MiB/s-699MiB/s (733MB/s-733MB/s), io=30.0GiB (32.2GB), run=43929-43929msec
