jobs1: (g=0): rw=write, bs=(R) 32.0KiB-32.0KiB, (W) 32.0KiB-32.0KiB, (T) 32.0KiB-32.0KiB, ioengine=libaio, iodepth=128
...
fio-3.28
Starting 16 processes
jobs1: Laying out IO files (64 files / total 30720MiB)

jobs1: (groupid=0, jobs=16): err= 0: pid=467900: Tue Jul 25 22:06:21 2023
  write: IOPS=65.7k, BW=2054MiB/s (2153MB/s)(30.0GiB/14959msec); 0 zone resets
    slat (usec): min=7, max=133875, avg=14.46, stdev=214.91
    clat (nsec): min=1859, max=484482k, avg=1874540.41, stdev=1801832.67
     lat (usec): min=13, max=484566, avg=1889.09, stdev=1870.36
    clat percentiles (usec):
     |  1.00th=[ 1270],  5.00th=[ 1287], 10.00th=[ 1303], 20.00th=[ 1352],
     | 30.00th=[ 1385], 40.00th=[ 1500], 50.00th=[ 1778], 60.00th=[ 1827],
     | 70.00th=[ 1876], 80.00th=[ 1926], 90.00th=[ 2278], 95.00th=[ 2442],
     | 99.00th=[11469], 99.50th=[13042], 99.90th=[17695], 99.95th=[19530],
     | 99.99th=[22414]
   bw (  MiB/s): min=  141, max= 2544, per=99.64%, avg=2046.22, stdev=508.66, samples=29
   iops        : min= 4535, max=81436, avg=65479.00, stdev=16277.06, samples=29
  lat (usec)   : 2=0.01%, 20=0.01%, 50=0.01%, 100=0.01%, 250=0.01%
  lat (usec)   : 500=0.01%, 750=0.01%, 1000=0.01%
  lat (msec)   : 2=85.92%, 4=12.36%, 10=0.30%, 20=1.38%, 50=0.03%
  lat (msec)   : 100=0.01%, 250=0.01%, 500=0.01%
  cpu          : usr=6.63%, sys=81.15%, ctx=1174, majf=0, minf=42
  IO depths    : 1=0.1%, 2=0.1%, 4=0.1%, 8=0.1%, 16=0.1%, 32=0.1%, >=64=100.0%
     submit    : 0=0.0%, 4=100.0%, 8=0.0%, 16=0.0%, 32=0.0%, 64=0.0%, >=64=0.0%
     complete  : 0=0.0%, 4=100.0%, 8=0.0%, 16=0.0%, 32=0.0%, 64=0.0%, >=64=0.1%
     issued rwts: total=0,983040,0,0 short=0,0,0,0 dropped=0,0,0,0
     latency   : target=0, window=0, percentile=100.00%, depth=128

Run status group 0 (all jobs):
  WRITE: bw=2054MiB/s (2153MB/s), 2054MiB/s-2054MiB/s (2153MB/s-2153MB/s), io=30.0GiB (32.2GB), run=14959-14959msec
