jobs1: (g=0): rw=write, bs=(R) 512KiB-512KiB, (W) 512KiB-512KiB, (T) 512KiB-512KiB, ioengine=libaio, iodepth=128
fio-3.28
Starting 1 process
jobs1: Laying out IO files (1024 files / total 30720MiB)
fio: pid=1190633, err=24/file:filesetup.c:805, func=open(/home/sevag/fuse_boc//f1018), error=Too many open files

jobs1: (groupid=0, jobs=1): err=24 (file:filesetup.c:805, func=open(/home/sevag/fuse_boc//f1018), error=Too many open files): pid=1190633: Wed Jul 26 10:34:02 2023
  write: IOPS=1058, BW=529MiB/s (555MB/s)(510MiB/963msec); 0 zone resets
    slat (usec): min=273, max=215616, avg=765.80, stdev=6841.22
    clat (usec): min=95, max=117078, avg=88936.40, stdev=27527.48
     lat (usec): min=562, max=275551, avg=89702.82, stdev=28190.76
    clat percentiles (msec):
     |  1.00th=[    8],  5.00th=[   42], 10.00th=[   46], 20.00th=[   55],
     | 30.00th=[   82], 40.00th=[  101], 50.00th=[  103], 60.00th=[  106],
     | 70.00th=[  108], 80.00th=[  111], 90.00th=[  112], 95.00th=[  112],
     | 99.00th=[  115], 99.50th=[  116], 99.90th=[  117], 99.95th=[  117],
     | 99.99th=[  117]
   bw (  KiB/s): min=356352, max=356352, per=65.78%, avg=356352.00, stdev= 0.00, samples=1
   iops        : min=  696, max=  696, avg=696.00, stdev= 0.00, samples=1
  lat (usec)   : 100=0.10%, 1000=0.10%
  lat (msec)   : 2=0.10%, 4=0.29%, 10=0.69%, 20=1.28%, 50=10.99%
  lat (msec)   : 100=27.38%, 250=59.08%
  cpu          : usr=4.26%, sys=43.14%, ctx=1116, majf=0, minf=25
  IO depths    : 1=0.1%, 2=0.2%, 4=0.4%, 8=0.8%, 16=1.6%, 32=3.1%, >=64=93.8%
     submit    : 0=0.0%, 4=100.0%, 8=0.0%, 16=0.0%, 32=0.0%, 64=0.0%, >=64=0.0%
     complete  : 0=0.0%, 4=99.9%, 8=0.0%, 16=0.0%, 32=0.0%, 64=0.0%, >=64=0.1%
     issued rwts: total=0,1019,0,0 short=0,0,0,0 dropped=0,0,0,0
     latency   : target=0, window=0, percentile=100.00%, depth=128

Run status group 0 (all jobs):
  WRITE: bw=529MiB/s (555MB/s), 529MiB/s-529MiB/s (555MB/s-555MB/s), io=510MiB (534MB), run=963-963msec
