jobs1: (g=0): rw=write, bs=(R) 4096B-4096B, (W) 4096B-4096B, (T) 4096B-4096B, ioengine=libaio, iodepth=128
fio-3.28
Starting 1 process
jobs1: Laying out IO files (512 files / total 30720MiB)

jobs1: (groupid=0, jobs=1): err= 0: pid=879123: Wed Jul 26 04:34:22 2023
  write: IOPS=196k, BW=765MiB/s (803MB/s)(30.0GiB/40139msec); 0 zone resets
    slat (usec): min=2, max=131235, avg= 4.29, stdev=157.88
    clat (nsec): min=1817, max=146120k, avg=646819.80, stdev=1714160.25
     lat (usec): min=4, max=146162, avg=651.21, stdev=1721.38
    clat percentiles (usec):
     |  1.00th=[  412],  5.00th=[  416], 10.00th=[  420], 20.00th=[  420],
     | 30.00th=[  424], 40.00th=[  424], 50.00th=[  424], 60.00th=[  429],
     | 70.00th=[  433], 80.00th=[  449], 90.00th=[  482], 95.00th=[  519],
     | 99.00th=[13698], 99.50th=[14877], 99.90th=[15926], 99.95th=[17695],
     | 99.99th=[19530]
   bw (  KiB/s): min=472896, max=832432, per=100.00%, avg=784001.60, stdev=71284.39, samples=80
   iops        : min=118224, max=208108, avg=196000.48, stdev=17821.11, samples=80
  lat (usec)   : 2=0.01%, 10=0.01%, 20=0.01%, 50=0.01%, 100=0.01%
  lat (usec)   : 250=0.01%, 500=93.06%, 750=5.33%, 1000=0.06%
  lat (msec)   : 2=0.01%, 4=0.01%, 10=0.07%, 20=1.46%, 50=0.01%
  lat (msec)   : 250=0.01%
  cpu          : usr=15.33%, sys=52.21%, ctx=1515, majf=0, minf=19
  IO depths    : 1=0.1%, 2=0.1%, 4=0.1%, 8=0.1%, 16=0.1%, 32=0.1%, >=64=100.0%
     submit    : 0=0.0%, 4=100.0%, 8=0.0%, 16=0.0%, 32=0.0%, 64=0.0%, >=64=0.0%
     complete  : 0=0.0%, 4=100.0%, 8=0.0%, 16=0.0%, 32=0.0%, 64=0.0%, >=64=0.1%
     issued rwts: total=0,7864320,0,0 short=0,0,0,0 dropped=0,0,0,0
     latency   : target=0, window=0, percentile=100.00%, depth=128

Run status group 0 (all jobs):
  WRITE: bw=765MiB/s (803MB/s), 765MiB/s-765MiB/s (803MB/s-803MB/s), io=30.0GiB (32.2GB), run=40139-40139msec
