jobs1: (g=0): rw=write, bs=(R) 128KiB-128KiB, (W) 128KiB-128KiB, (T) 128KiB-128KiB, ioengine=libaio, iodepth=128
fio-3.28
Starting 1 process
jobs1: Laying out IO files (512 files / total 30720MiB)

jobs1: (groupid=0, jobs=1): err= 0: pid=1130582: Wed Jul 26 06:54:28 2023
  write: IOPS=7767, BW=971MiB/s (1018MB/s)(30.0GiB/31639msec); 0 zone resets
    slat (usec): min=57, max=159704, avg=126.52, stdev=761.28
    clat (usec): min=3, max=316104, avg=16143.94, stdev=7623.66
     lat (usec): min=80, max=449016, avg=16270.63, stdev=7702.48
    clat percentiles (usec):
     |  1.00th=[ 9503],  5.00th=[ 9896], 10.00th=[ 9896], 20.00th=[10028],
     | 30.00th=[10159], 40.00th=[10421], 50.00th=[11600], 60.00th=[18744],
     | 70.00th=[20055], 80.00th=[21365], 90.00th=[25035], 95.00th=[29492],
     | 99.00th=[42206], 99.50th=[44303], 99.90th=[56361], 99.95th=[61604],
     | 99.99th=[76022]
   bw (  KiB/s): min=29952, max=1172992, per=99.95%, avg=993726.98, stdev=160593.16, samples=63
   iops        : min=  234, max= 9164, avg=7763.49, stdev=1254.63, samples=63
  lat (usec)   : 4=0.01%, 100=0.01%, 250=0.01%, 500=0.01%, 750=0.01%
  lat (usec)   : 1000=0.01%
  lat (msec)   : 2=0.01%, 4=0.01%, 10=19.24%, 20=49.72%, 50=30.88%
  lat (msec)   : 100=0.13%, 250=0.01%, 500=0.01%
  cpu          : usr=6.57%, sys=59.37%, ctx=16665, majf=0, minf=18
  IO depths    : 1=0.1%, 2=0.1%, 4=0.1%, 8=0.1%, 16=0.1%, 32=0.1%, >=64=100.0%
     submit    : 0=0.0%, 4=100.0%, 8=0.0%, 16=0.0%, 32=0.0%, 64=0.0%, >=64=0.0%
     complete  : 0=0.0%, 4=100.0%, 8=0.0%, 16=0.0%, 32=0.0%, 64=0.0%, >=64=0.1%
     issued rwts: total=0,245760,0,0 short=0,0,0,0 dropped=0,0,0,0
     latency   : target=0, window=0, percentile=100.00%, depth=128

Run status group 0 (all jobs):
  WRITE: bw=971MiB/s (1018MB/s), 971MiB/s-971MiB/s (1018MB/s-1018MB/s), io=30.0GiB (32.2GB), run=31639-31639msec
