jobs1: (g=0): rw=write, bs=(R) 128KiB-128KiB, (W) 128KiB-128KiB, (T) 128KiB-128KiB, ioengine=libaio, iodepth=128
fio-3.28
Starting 1 process
jobs1: Laying out IO files (1024 files / total 30720MiB)
fio: pid=1178917, err=24/file:filesetup.c:805, func=open(/tmp/ssfs/home/sevag/fuse_ext4/f1014), error=Too many open files

jobs1: (groupid=0, jobs=1): err=24 (file:filesetup.c:805, func=open(/tmp/ssfs/home/sevag/fuse_ext4/f1014), error=Too many open files): pid=1178917: Wed Jul 26 09:58:38 2023
  write: IOPS=1257, BW=157MiB/s (165MB/s)(127MiB/807msec); 0 zone resets
    slat (usec): min=113, max=159227, avg=527.76, stdev=7375.47
    clat (usec): min=90, max=351435, avg=46704.59, stdev=14927.21
     lat (usec): min=389, max=477176, avg=47232.81, stdev=20104.55
    clat percentiles (msec):
     |  1.00th=[   10],  5.00th=[   29], 10.00th=[   41], 20.00th=[   42],
     | 30.00th=[   43], 40.00th=[   43], 50.00th=[   44], 60.00th=[   48],
     | 70.00th=[   53], 80.00th=[   55], 90.00th=[   57], 95.00th=[   69],
     | 99.00th=[   71], 99.50th=[   72], 99.90th=[  192], 99.95th=[  351],
     | 99.99th=[  351]
   bw (  KiB/s): min=22016, max=22016, per=13.68%, avg=22016.00, stdev= 0.00, samples=1
   iops        : min=  172, max=  172, avg=172.00, stdev= 0.00, samples=1
  lat (usec)   : 100=0.10%
  lat (msec)   : 4=0.10%, 10=0.99%, 20=1.87%, 50=58.23%, 100=38.52%
  lat (msec)   : 250=0.10%, 500=0.10%
  cpu          : usr=1.74%, sys=19.48%, ctx=1094, majf=0, minf=25
  IO depths    : 1=0.1%, 2=0.2%, 4=0.4%, 8=0.8%, 16=1.6%, 32=3.2%, >=64=93.8%
     submit    : 0=0.0%, 4=100.0%, 8=0.0%, 16=0.0%, 32=0.0%, 64=0.0%, >=64=0.0%
     complete  : 0=0.0%, 4=99.9%, 8=0.0%, 16=0.0%, 32=0.0%, 64=0.0%, >=64=0.1%
     issued rwts: total=0,1015,0,0 short=0,0,0,0 dropped=0,0,0,0
     latency   : target=0, window=0, percentile=100.00%, depth=128

Run status group 0 (all jobs):
  WRITE: bw=157MiB/s (165MB/s), 157MiB/s-157MiB/s (165MB/s-165MB/s), io=127MiB (133MB), run=807-807msec
