jobs1: (g=0): rw=write, bs=(R) 32.0KiB-32.0KiB, (W) 32.0KiB-32.0KiB, (T) 32.0KiB-32.0KiB, ioengine=libaio, iodepth=128
fio-3.28
Starting 1 process
jobs1: Laying out IO files (1024 files / total 30720MiB)
fio: pid=1166600, err=24/file:filesetup.c:805, func=open(/home/sevag/fuse_boc//f1018), error=Too many open files

jobs1: (groupid=0, jobs=1): err=24 (file:filesetup.c:805, func=open(/home/sevag/fuse_boc//f1018), error=Too many open files): pid=1166600: Wed Jul 26 09:22:52 2023
  write: IOPS=2158, BW=67.5MiB/s (70.7MB/s)(31.8MiB/472msec); 0 zone resets
    slat (usec): min=15, max=132282, avg=425.66, stdev=5272.47
    clat (usec): min=38, max=423464, avg=8906.14, stdev=27209.56
     lat (usec): min=55, max=423536, avg=9332.05, stdev=30136.25
    clat percentiles (usec):
     |  1.00th=[   502],  5.00th=[  2868], 10.00th=[  4948], 20.00th=[  5604],
     | 30.00th=[  5735], 40.00th=[  5932], 50.00th=[  6521], 60.00th=[  6783],
     | 70.00th=[  7701], 80.00th=[  8356], 90.00th=[  9110], 95.00th=[  9110],
     | 99.00th=[ 11469], 99.50th=[210764], 99.90th=[421528], 99.95th=[421528],
     | 99.99th=[421528]
  lat (usec)   : 50=0.10%, 250=0.29%, 500=0.59%, 750=0.59%, 1000=0.39%
  lat (msec)   : 2=1.57%, 4=4.12%, 10=90.78%, 20=0.59%, 100=0.20%
  lat (msec)   : 250=0.29%, 500=0.49%
  cpu          : usr=2.12%, sys=7.22%, ctx=1059, majf=0, minf=26
  IO depths    : 1=0.1%, 2=0.2%, 4=0.4%, 8=0.8%, 16=1.6%, 32=3.1%, >=64=93.8%
     submit    : 0=0.0%, 4=100.0%, 8=0.0%, 16=0.0%, 32=0.0%, 64=0.0%, >=64=0.0%
     complete  : 0=0.0%, 4=99.9%, 8=0.0%, 16=0.0%, 32=0.0%, 64=0.0%, >=64=0.1%
     issued rwts: total=0,1019,0,0 short=0,0,0,0 dropped=0,0,0,0
     latency   : target=0, window=0, percentile=100.00%, depth=128

Run status group 0 (all jobs):
  WRITE: bw=67.5MiB/s (70.7MB/s), 67.5MiB/s-67.5MiB/s (70.7MB/s-70.7MB/s), io=31.8MiB (33.4MB), run=472-472msec
