jobs1: (g=0): rw=write, bs=(R) 4096B-4096B, (W) 4096B-4096B, (T) 4096B-4096B, ioengine=libaio, iodepth=128
...
fio-3.28
Starting 32 processes
jobs1: Laying out IO file (1 file / 30720MiB)

jobs1: (groupid=0, jobs=32): err= 0: pid=66249: Tue Jul 25 17:39:23 2023
  write: IOPS=662k, BW=2588MiB/s (2714MB/s)(30.0GiB/11871msec); 0 zone resets
    slat (nsec): min=823, max=58641, avg=1034.55, stdev=230.73
    clat (nsec): min=1166, max=758286, avg=191927.95, stdev=35446.82
     lat (usec): min=2, max=762, avg=193.01, stdev=35.65
    clat percentiles (usec):
     |  1.00th=[  178],  5.00th=[  180], 10.00th=[  180], 20.00th=[  180],
     | 30.00th=[  182], 40.00th=[  182], 50.00th=[  182], 60.00th=[  182],
     | 70.00th=[  182], 80.00th=[  184], 90.00th=[  188], 95.00th=[  302],
     | 99.00th=[  306], 99.50th=[  310], 99.90th=[  322], 99.95th=[  457],
     | 99.99th=[  676]
   bw (  MiB/s): min= 1624, max= 2748, per=100.00%, avg=2600.67, stdev=375.00, samples=23
   iops        : min=415930, max=703674, avg=665770.87, stdev=96001.20, samples=23
  lat (usec)   : 2=0.01%, 4=0.01%, 10=0.01%, 20=0.01%, 50=0.01%
  lat (usec)   : 100=0.01%, 250=91.10%, 500=8.86%, 750=0.04%, 1000=0.01%
  cpu          : usr=30.69%, sys=69.31%, ctx=10, majf=0, minf=79
  IO depths    : 1=0.1%, 2=0.1%, 4=0.1%, 8=0.1%, 16=0.1%, 32=0.1%, >=64=100.0%
     submit    : 0=0.0%, 4=100.0%, 8=0.0%, 16=0.0%, 32=0.0%, 64=0.0%, >=64=0.0%
     complete  : 0=0.0%, 4=100.0%, 8=0.0%, 16=0.0%, 32=0.0%, 64=0.0%, >=64=0.1%
     issued rwts: total=0,7864320,0,0 short=0,0,0,0 dropped=0,0,0,0
     latency   : target=0, window=0, percentile=100.00%, depth=128

Run status group 0 (all jobs):
  WRITE: bw=2588MiB/s (2714MB/s), 2588MiB/s-2588MiB/s (2714MB/s-2714MB/s), io=30.0GiB (32.2GB), run=11871-11871msec
