jobs1: (g=0): rw=write, bs=(R) 4096B-4096B, (W) 4096B-4096B, (T) 4096B-4096B, ioengine=libaio, iodepth=128
fio-3.28
Starting 1 process
jobs1: Laying out IO files (64 files / total 30720MiB)

jobs1: (groupid=0, jobs=1): err= 0: pid=200630: Tue Jul 25 20:48:21 2023
  write: IOPS=372k, BW=1454MiB/s (1525MB/s)(30.0GiB/21125msec); 0 zone resets
    slat (nsec): min=1383, max=110214k, avg=2154.31, stdev=81063.23
    clat (nsec): min=1720, max=578543k, avg=338420.08, stdev=1833234.62
     lat (usec): min=4, max=578549, avg=340.64, stdev=1845.86
    clat percentiles (usec):
     |  1.00th=[  265],  5.00th=[  265], 10.00th=[  269], 20.00th=[  269],
     | 30.00th=[  273], 40.00th=[  273], 50.00th=[  277], 60.00th=[  281],
     | 70.00th=[  297], 80.00th=[  334], 90.00th=[  379], 95.00th=[  449],
     | 99.00th=[  510], 99.50th=[  562], 99.90th=[11469], 99.95th=[12780],
     | 99.99th=[18220]
   bw (  MiB/s): min=    0, max= 1594, per=100.00%, avg=1454.65, stdev=290.60, samples=42
   iops        : min=   14, max=408178, avg=372391.57, stdev=74392.36, samples=42
  lat (usec)   : 2=0.01%, 10=0.01%, 20=0.01%, 50=0.01%, 100=0.01%
  lat (usec)   : 250=0.01%, 500=98.81%, 750=0.83%, 1000=0.06%
  lat (msec)   : 2=0.04%, 4=0.01%, 10=0.06%, 20=0.19%, 50=0.01%
  lat (msec)   : 100=0.01%, 250=0.01%, 500=0.01%, 750=0.01%
  cpu          : usr=19.84%, sys=68.68%, ctx=1610, majf=0, minf=16
  IO depths    : 1=0.1%, 2=0.1%, 4=0.1%, 8=0.1%, 16=0.1%, 32=0.1%, >=64=100.0%
     submit    : 0=0.0%, 4=100.0%, 8=0.0%, 16=0.0%, 32=0.0%, 64=0.0%, >=64=0.0%
     complete  : 0=0.0%, 4=100.0%, 8=0.0%, 16=0.0%, 32=0.0%, 64=0.0%, >=64=0.1%
     issued rwts: total=0,7864320,0,0 short=0,0,0,0 dropped=0,0,0,0
     latency   : target=0, window=0, percentile=100.00%, depth=128

Run status group 0 (all jobs):
  WRITE: bw=1454MiB/s (1525MB/s), 1454MiB/s-1454MiB/s (1525MB/s-1525MB/s), io=30.0GiB (32.2GB), run=21125-21125msec
