jobs1: (g=0): rw=write, bs=(R) 128KiB-128KiB, (W) 128KiB-128KiB, (T) 128KiB-128KiB, ioengine=libaio, iodepth=128
fio-3.28
Starting 1 process
jobs1: Laying out IO files (128 files / total 30720MiB)

jobs1: (groupid=0, jobs=1): err= 0: pid=827016: Wed Jul 26 02:50:06 2023
  write: IOPS=7058, BW=882MiB/s (925MB/s)(30.0GiB/34818msec); 0 zone resets
    slat (usec): min=50, max=159608, avg=140.22, stdev=987.80
    clat (usec): min=3, max=421985, avg=17723.79, stdev=6901.69
     lat (usec): min=88, max=536129, avg=17864.18, stdev=6986.69
    clat percentiles (usec):
     |  1.00th=[ 8160],  5.00th=[ 8455], 10.00th=[ 8717], 20.00th=[10290],
     | 30.00th=[11469], 40.00th=[13304], 50.00th=[19792], 60.00th=[21890],
     | 70.00th=[23462], 80.00th=[24511], 90.00th=[25822], 95.00th=[26870],
     | 99.00th=[28705], 99.50th=[30016], 99.90th=[33817], 99.95th=[35390],
     | 99.99th=[37487]
   bw (  KiB/s): min=726784, max=1222400, per=100.00%, avg=917025.88, stdev=150221.59, samples=68
   iops        : min= 5678, max= 9550, avg=7164.26, stdev=1173.61, samples=68
  lat (usec)   : 4=0.01%, 100=0.01%, 250=0.01%, 500=0.01%, 750=0.01%
  lat (usec)   : 1000=0.01%
  lat (msec)   : 2=0.01%, 4=0.01%, 10=19.30%, 20=31.79%, 50=48.89%
  lat (msec)   : 250=0.01%, 500=0.01%
  cpu          : usr=5.23%, sys=55.21%, ctx=1386, majf=0, minf=16
  IO depths    : 1=0.1%, 2=0.1%, 4=0.1%, 8=0.1%, 16=0.1%, 32=0.1%, >=64=100.0%
     submit    : 0=0.0%, 4=100.0%, 8=0.0%, 16=0.0%, 32=0.0%, 64=0.0%, >=64=0.0%
     complete  : 0=0.0%, 4=100.0%, 8=0.0%, 16=0.0%, 32=0.0%, 64=0.0%, >=64=0.1%
     issued rwts: total=0,245760,0,0 short=0,0,0,0 dropped=0,0,0,0
     latency   : target=0, window=0, percentile=100.00%, depth=128

Run status group 0 (all jobs):
  WRITE: bw=882MiB/s (925MB/s), 882MiB/s-882MiB/s (925MB/s-925MB/s), io=30.0GiB (32.2GB), run=34818-34818msec
