jobs1: (g=0): rw=write, bs=(R) 4096B-4096B, (W) 4096B-4096B, (T) 4096B-4096B, ioengine=libaio, iodepth=128
...
fio-3.28
Starting 32 processes
jobs1: Laying out IO files (1024 files / total 30720MiB)
fio: pid=1157675, err=24/file:filesetup.c:805, func=open(/home/sevag/ramdisk//f1018), error=Too many open files

jobs1: (groupid=0, jobs=32): err=24 (file:filesetup.c:805, func=open(/home/sevag/ramdisk//f1018), error=Too many open files): pid=1157675: Wed Jul 26 08:50:12 2023
  write: IOPS=59.9k, BW=234MiB/s (246MB/s)(4076KiB/17msec); 0 zone resets
    slat (nsec): min=3784, max=34456, avg=5583.55, stdev=2056.12
    clat (usec): min=56, max=2319, avg=1917.68, stdev=408.04
     lat (usec): min=63, max=2327, avg=1923.50, stdev=408.48
    clat percentiles (usec):
     |  1.00th=[  289],  5.00th=[  857], 10.00th=[ 1631], 20.00th=[ 1827],
     | 30.00th=[ 1860], 40.00th=[ 1893], 50.00th=[ 1991], 60.00th=[ 2089],
     | 70.00th=[ 2147], 80.00th=[ 2180], 90.00th=[ 2278], 95.00th=[ 2311],
     | 99.00th=[ 2311], 99.50th=[ 2311], 99.90th=[ 2311], 99.95th=[ 2311],
     | 99.99th=[ 2311]
  lat (usec)   : 100=0.10%, 250=0.59%, 500=1.96%, 750=1.57%, 1000=1.67%
  lat (msec)   : 2=46.03%, 4=48.09%
  cpu          : usr=17.65%, sys=76.47%, ctx=1, majf=0, minf=77
  IO depths    : 1=0.1%, 2=0.2%, 4=0.4%, 8=0.8%, 16=1.6%, 32=3.1%, >=64=93.8%
     submit    : 0=0.0%, 4=100.0%, 8=0.0%, 16=0.0%, 32=0.0%, 64=0.0%, >=64=0.0%
     complete  : 0=0.0%, 4=99.9%, 8=0.0%, 16=0.0%, 32=0.0%, 64=0.0%, >=64=0.1%
     issued rwts: total=0,1019,0,0 short=0,0,0,0 dropped=0,0,0,0
     latency   : target=0, window=0, percentile=100.00%, depth=128

Run status group 0 (all jobs):
  WRITE: bw=234MiB/s (246MB/s), 234MiB/s-234MiB/s (246MB/s-246MB/s), io=4076KiB (4174kB), run=17-17msec
