jobs1: (g=0): rw=write, bs=(R) 32.0KiB-32.0KiB, (W) 32.0KiB-32.0KiB, (T) 32.0KiB-32.0KiB, ioengine=libaio, iodepth=128
fio-3.28
Starting 1 process
jobs1: Laying out IO files (64 files / total 30720MiB)

jobs1: (groupid=0, jobs=1): err= 0: pid=466468: Tue Jul 25 22:03:02 2023
  write: IOPS=52.7k, BW=1648MiB/s (1728MB/s)(30.0GiB/18641msec); 0 zone resets
    slat (usec): min=8, max=133581, avg=17.97, stdev=198.15
    clat (nsec): min=1630, max=581994k, avg=2338201.75, stdev=1562136.06
     lat (usec): min=18, max=582067, avg=2356.30, stdev=1668.94
    clat percentiles (usec):
     |  1.00th=[ 1483],  5.00th=[ 2089], 10.00th=[ 2114], 20.00th=[ 2147],
     | 30.00th=[ 2147], 40.00th=[ 2180], 50.00th=[ 2180], 60.00th=[ 2212],
     | 70.00th=[ 2245], 80.00th=[ 2311], 90.00th=[ 2409], 95.00th=[ 3523],
     | 99.00th=[ 3785], 99.50th=[ 3851], 99.90th=[13304], 99.95th=[15795],
     | 99.99th=[17957]
   bw (  MiB/s): min=  969, max= 1837, per=100.00%, avg=1694.29, stdev=248.92, samples=36
   iops        : min=31010, max=58794, avg=54217.22, stdev=7965.37, samples=36
  lat (usec)   : 2=0.01%, 20=0.01%, 50=0.01%, 100=0.01%, 250=0.01%
  lat (usec)   : 500=0.01%, 750=0.01%, 1000=0.01%
  lat (msec)   : 2=2.79%, 4=96.82%, 10=0.06%, 20=0.32%, 50=0.01%
  lat (msec)   : 100=0.01%, 250=0.01%, 500=0.01%, 750=0.01%
  cpu          : usr=9.08%, sys=86.23%, ctx=128, majf=0, minf=15
  IO depths    : 1=0.1%, 2=0.1%, 4=0.1%, 8=0.1%, 16=0.1%, 32=0.1%, >=64=100.0%
     submit    : 0=0.0%, 4=100.0%, 8=0.0%, 16=0.0%, 32=0.0%, 64=0.0%, >=64=0.0%
     complete  : 0=0.0%, 4=100.0%, 8=0.0%, 16=0.0%, 32=0.0%, 64=0.0%, >=64=0.1%
     issued rwts: total=0,983040,0,0 short=0,0,0,0 dropped=0,0,0,0
     latency   : target=0, window=0, percentile=100.00%, depth=128

Run status group 0 (all jobs):
  WRITE: bw=1648MiB/s (1728MB/s), 1648MiB/s-1648MiB/s (1728MB/s-1728MB/s), io=30.0GiB (32.2GB), run=18641-18641msec
