jobs1: (g=0): rw=write, bs=(R) 128KiB-128KiB, (W) 128KiB-128KiB, (T) 128KiB-128KiB, ioengine=libaio, iodepth=128
fio-3.28
Starting 1 process
jobs1: Laying out IO files (1024 files / total 30720MiB)
fio: pid=1178594, err=24/file:filesetup.c:805, func=open(/home/sevag/fuse_boc//f1018), error=Too many open files

jobs1: (groupid=0, jobs=1): err=24 (file:filesetup.c:805, func=open(/home/sevag/fuse_boc//f1018), error=Too many open files): pid=1178594: Wed Jul 26 09:58:04 2023
  write: IOPS=1937, BW=242MiB/s (254MB/s)(127MiB/526msec); 0 zone resets
    slat (usec): min=51, max=159602, avg=485.05, stdev=7679.76
    clat (usec): min=34, max=301739, avg=11603.41, stdev=10506.74
     lat (usec): min=87, max=444858, avg=12088.63, stdev=17155.23
    clat percentiles (usec):
     |  1.00th=[   865],  5.00th=[  4490], 10.00th=[  9110], 20.00th=[ 10290],
     | 30.00th=[ 10421], 40.00th=[ 10552], 50.00th=[ 10683], 60.00th=[ 10945],
     | 70.00th=[ 11469], 80.00th=[ 12911], 90.00th=[ 15664], 95.00th=[ 17695],
     | 99.00th=[ 19530], 99.50th=[ 20841], 99.90th=[141558], 99.95th=[299893],
     | 99.99th=[299893]
   bw (  KiB/s): min=151808, max=151808, per=61.22%, avg=151808.00, stdev= 0.00, samples=1
   iops        : min= 1186, max= 1186, avg=1186.00, stdev= 0.00, samples=1
  lat (usec)   : 50=0.10%, 250=0.10%, 500=0.39%, 750=0.29%, 1000=0.29%
  lat (msec)   : 2=1.28%, 4=1.96%, 10=6.67%, 20=88.03%, 50=0.69%
  lat (msec)   : 250=0.10%, 500=0.10%
  cpu          : usr=4.19%, sys=12.00%, ctx=1086, majf=0, minf=27
  IO depths    : 1=0.1%, 2=0.2%, 4=0.4%, 8=0.8%, 16=1.6%, 32=3.1%, >=64=93.8%
     submit    : 0=0.0%, 4=100.0%, 8=0.0%, 16=0.0%, 32=0.0%, 64=0.0%, >=64=0.0%
     complete  : 0=0.0%, 4=99.9%, 8=0.0%, 16=0.0%, 32=0.0%, 64=0.0%, >=64=0.1%
     issued rwts: total=0,1019,0,0 short=0,0,0,0 dropped=0,0,0,0
     latency   : target=0, window=0, percentile=100.00%, depth=128

Run status group 0 (all jobs):
  WRITE: bw=242MiB/s (254MB/s), 242MiB/s-242MiB/s (254MB/s-254MB/s), io=127MiB (134MB), run=526-526msec
