jobs1: (g=0): rw=write, bs=(R) 128KiB-128KiB, (W) 128KiB-128KiB, (T) 128KiB-128KiB, ioengine=libaio, iodepth=128
fio-3.28
Starting 1 process
jobs1: Laying out IO files (128 files / total 30720MiB)

jobs1: (groupid=0, jobs=1): err= 0: pid=827896: Wed Jul 26 02:51:46 2023
  write: IOPS=40.6k, BW=5078MiB/s (5324MB/s)(30.0GiB/6050msec); 0 zone resets
    slat (nsec): min=19015, max=62556, avg=24032.67, stdev=6123.32
    clat (nsec): min=1533, max=6032.0k, avg=3124724.97, stdev=784030.47
     lat (usec): min=23, max=6092, avg=3148.82, stdev=790.08
    clat percentiles (usec):
     |  1.00th=[ 2737],  5.00th=[ 2769], 10.00th=[ 2769], 20.00th=[ 2769],
     | 30.00th=[ 2769], 40.00th=[ 2769], 50.00th=[ 2769], 60.00th=[ 2769],
     | 70.00th=[ 2769], 80.00th=[ 2802], 90.00th=[ 4948], 95.00th=[ 4948],
     | 99.00th=[ 4948], 99.50th=[ 4948], 99.90th=[ 4948], 99.95th=[ 5014],
     | 99.99th=[ 5669]
   bw (  MiB/s): min= 3222, max= 5736, per=99.89%, avg=5072.19, stdev=1107.07, samples=12
   iops        : min=25780, max=45894, avg=40577.50, stdev=8856.55, samples=12
  lat (usec)   : 2=0.01%, 50=0.01%, 100=0.01%, 250=0.01%, 500=0.01%
  lat (usec)   : 750=0.01%, 1000=0.01%
  lat (msec)   : 2=0.02%, 4=83.58%, 10=16.38%
  cpu          : usr=10.78%, sys=89.19%, ctx=5, majf=0, minf=13
  IO depths    : 1=0.1%, 2=0.1%, 4=0.1%, 8=0.1%, 16=0.1%, 32=0.1%, >=64=100.0%
     submit    : 0=0.0%, 4=100.0%, 8=0.0%, 16=0.0%, 32=0.0%, 64=0.0%, >=64=0.0%
     complete  : 0=0.0%, 4=100.0%, 8=0.0%, 16=0.0%, 32=0.0%, 64=0.0%, >=64=0.1%
     issued rwts: total=0,245760,0,0 short=0,0,0,0 dropped=0,0,0,0
     latency   : target=0, window=0, percentile=100.00%, depth=128

Run status group 0 (all jobs):
  WRITE: bw=5078MiB/s (5324MB/s), 5078MiB/s-5078MiB/s (5324MB/s-5324MB/s), io=30.0GiB (32.2GB), run=6050-6050msec
