jobs1: (g=0): rw=write, bs=(R) 512KiB-512KiB, (W) 512KiB-512KiB, (T) 512KiB-512KiB, ioengine=libaio, iodepth=128
fio-3.28
Starting 1 process
jobs1: Laying out IO file (1 file / 30720MiB)

jobs1: (groupid=0, jobs=1): err= 0: pid=188697: Tue Jul 25 20:05:11 2023
  write: IOPS=8336, BW=4168MiB/s (4371MB/s)(30.0GiB/7370msec); 0 zone resets
    slat (usec): min=96, max=216, avg=119.05, stdev=24.55
    clat (usec): min=2, max=24617, avg=15211.64, stdev=3095.96
     lat (usec): min=113, max=24797, avg=15330.81, stdev=3119.77
    clat percentiles (usec):
     |  1.00th=[13960],  5.00th=[13960], 10.00th=[13960], 20.00th=[13960],
     | 30.00th=[14091], 40.00th=[14091], 50.00th=[14091], 60.00th=[14091],
     | 70.00th=[14091], 80.00th=[14091], 90.00th=[20579], 95.00th=[24249],
     | 99.00th=[24511], 99.50th=[24511], 99.90th=[24511], 99.95th=[24511],
     | 99.99th=[24511]
   bw (  MiB/s): min= 2619, max= 4524, per=99.38%, avg=4142.43, stdev=748.69, samples=14
   iops        : min= 5238, max= 9048, avg=8284.86, stdev=1497.38, samples=14
  lat (usec)   : 4=0.01%, 250=0.01%, 500=0.01%, 750=0.01%, 1000=0.01%
  lat (msec)   : 2=0.01%, 4=0.03%, 10=0.09%, 20=87.29%, 50=12.56%
  cpu          : usr=12.99%, sys=86.99%, ctx=9, majf=0, minf=13
  IO depths    : 1=0.1%, 2=0.1%, 4=0.1%, 8=0.1%, 16=0.1%, 32=0.1%, >=64=99.9%
     submit    : 0=0.0%, 4=100.0%, 8=0.0%, 16=0.0%, 32=0.0%, 64=0.0%, >=64=0.0%
     complete  : 0=0.0%, 4=100.0%, 8=0.0%, 16=0.0%, 32=0.0%, 64=0.0%, >=64=0.1%
     issued rwts: total=0,61440,0,0 short=0,0,0,0 dropped=0,0,0,0
     latency   : target=0, window=0, percentile=100.00%, depth=128

Run status group 0 (all jobs):
  WRITE: bw=4168MiB/s (4371MB/s), 4168MiB/s-4168MiB/s (4371MB/s-4371MB/s), io=30.0GiB (32.2GB), run=7370-7370msec
