jobs1: (g=0): rw=write, bs=(R) 4096B-4096B, (W) 4096B-4096B, (T) 4096B-4096B, ioengine=libaio, iodepth=128
...
fio-3.28
Starting 32 processes
jobs1: Laying out IO files (512 files / total 30720MiB)

jobs1: (groupid=0, jobs=32): err= 0: pid=951078: Wed Jul 26 04:47:38 2023
  write: IOPS=465k, BW=1817MiB/s (1905MB/s)(30.0GiB/16909msec); 0 zone resets
    slat (nsec): min=1209, max=109575, avg=1649.61, stdev=461.55
    clat (nsec): min=1192, max=2119.8k, avg=273288.21, stdev=53364.15
     lat (usec): min=2, max=2125, avg=275.00, stdev=53.70
    clat percentiles (usec):
     |  1.00th=[  251],  5.00th=[  253], 10.00th=[  253], 20.00th=[  255],
     | 30.00th=[  258], 40.00th=[  258], 50.00th=[  258], 60.00th=[  260],
     | 70.00th=[  260], 80.00th=[  262], 90.00th=[  277], 95.00th=[  441],
     | 99.00th=[  449], 99.50th=[  453], 99.90th=[  469], 99.95th=[  529],
     | 99.99th=[  865]
   bw (  MiB/s): min= 1105, max= 1958, per=100.00%, avg=1819.80, stdev=270.88, samples=33
   iops        : min=283132, max=501338, avg=465869.21, stdev=69345.97, samples=33
  lat (usec)   : 2=0.01%, 4=0.01%, 10=0.01%, 20=0.01%, 50=0.01%
  lat (usec)   : 100=0.01%, 250=1.03%, 500=98.89%, 750=0.06%, 1000=0.01%
  lat (msec)   : 2=0.01%, 4=0.01%
  cpu          : usr=24.12%, sys=75.86%, ctx=26, majf=0, minf=101
  IO depths    : 1=0.1%, 2=0.1%, 4=0.1%, 8=0.1%, 16=0.1%, 32=0.1%, >=64=100.0%
     submit    : 0=0.0%, 4=100.0%, 8=0.0%, 16=0.0%, 32=0.0%, 64=0.0%, >=64=0.0%
     complete  : 0=0.0%, 4=100.0%, 8=0.0%, 16=0.0%, 32=0.0%, 64=0.0%, >=64=0.1%
     issued rwts: total=0,7864320,0,0 short=0,0,0,0 dropped=0,0,0,0
     latency   : target=0, window=0, percentile=100.00%, depth=128

Run status group 0 (all jobs):
  WRITE: bw=1817MiB/s (1905MB/s), 1817MiB/s-1817MiB/s (1905MB/s-1905MB/s), io=30.0GiB (32.2GB), run=16909-16909msec
