jobs1: (g=0): rw=write, bs=(R) 32.0KiB-32.0KiB, (W) 32.0KiB-32.0KiB, (T) 32.0KiB-32.0KiB, ioengine=libaio, iodepth=128
...
fio-3.28
Starting 32 processes
jobs1: Laying out IO file (1 file / 30720MiB)

jobs1: (groupid=0, jobs=32): err= 0: pid=162064: Tue Jul 25 18:39:09 2023
  write: IOPS=54.8k, BW=1711MiB/s (1795MB/s)(30.0GiB/17950msec); 0 zone resets
    slat (usec): min=7, max=116377, avg=17.58, stdev=258.19
    clat (nsec): min=1267, max=800287k, avg=2224772.57, stdev=2872219.10
     lat (usec): min=12, max=800362, avg=2242.44, stdev=2987.60
    clat percentiles (usec):
     |  1.00th=[ 1516],  5.00th=[ 1532], 10.00th=[ 1549], 20.00th=[ 1565],
     | 30.00th=[ 1582], 40.00th=[ 1647], 50.00th=[ 1811], 60.00th=[ 2073],
     | 70.00th=[ 2147], 80.00th=[ 2409], 90.00th=[ 2638], 95.00th=[ 2900],
     | 99.00th=[13173], 99.50th=[15139], 99.90th=[19268], 99.95th=[20841],
     | 99.99th=[22414]
   bw (  MiB/s): min= 1093, max= 2166, per=100.00%, avg=1778.13, stdev=340.29, samples=34
   iops        : min=34998, max=69318, avg=56900.15, stdev=10889.43, samples=34
  lat (usec)   : 2=0.01%, 20=0.01%, 50=0.01%, 100=0.01%, 250=0.01%
  lat (usec)   : 500=0.01%, 750=0.01%, 1000=0.01%
  lat (msec)   : 2=58.06%, 4=39.42%, 10=0.13%, 20=2.30%, 50=0.08%
  lat (msec)   : 100=0.01%, 250=0.01%, 500=0.01%, 750=0.01%, 1000=0.01%
  cpu          : usr=5.54%, sys=78.22%, ctx=229, majf=0, minf=78
  IO depths    : 1=0.1%, 2=0.1%, 4=0.1%, 8=0.1%, 16=0.1%, 32=0.1%, >=64=100.0%
     submit    : 0=0.0%, 4=100.0%, 8=0.0%, 16=0.0%, 32=0.0%, 64=0.0%, >=64=0.0%
     complete  : 0=0.0%, 4=100.0%, 8=0.0%, 16=0.0%, 32=0.0%, 64=0.0%, >=64=0.1%
     issued rwts: total=0,983040,0,0 short=0,0,0,0 dropped=0,0,0,0
     latency   : target=0, window=0, percentile=100.00%, depth=128

Run status group 0 (all jobs):
  WRITE: bw=1711MiB/s (1795MB/s), 1711MiB/s-1711MiB/s (1795MB/s-1795MB/s), io=30.0GiB (32.2GB), run=17950-17950msec
