jobs1: (g=0): rw=write, bs=(R) 128KiB-128KiB, (W) 128KiB-128KiB, (T) 128KiB-128KiB, ioengine=libaio, iodepth=128
...
fio-3.28
Starting 32 processes
jobs1: Laying out IO files (128 files / total 30720MiB)

jobs1: (groupid=0, jobs=32): err= 0: pid=830835: Wed Jul 26 02:58:56 2023
  write: IOPS=26.8k, BW=3347MiB/s (3510MB/s)(30.0GiB/9178msec); 0 zone resets
    slat (usec): min=28, max=1320, avg=36.70, stdev=11.23
    clat (nsec): min=1504, max=21958k, avg=4735829.39, stdev=1226055.21
     lat (usec): min=34, max=22061, avg=4772.61, stdev=1235.85
    clat percentiles (usec):
     |  1.00th=[ 4178],  5.00th=[ 4178], 10.00th=[ 4178], 20.00th=[ 4178],
     | 30.00th=[ 4228], 40.00th=[ 4228], 50.00th=[ 4228], 60.00th=[ 4228],
     | 70.00th=[ 4228], 80.00th=[ 4228], 90.00th=[ 7504], 95.00th=[ 7504],
     | 99.00th=[ 7570], 99.50th=[ 7570], 99.90th=[ 8291], 99.95th=[ 8717],
     | 99.99th=[19006]
   bw (  MiB/s): min= 2033, max= 3782, per=100.00%, avg=3352.99, stdev=726.68, samples=18
   iops        : min=16265, max=30262, avg=26823.89, stdev=5813.44, samples=18
  lat (usec)   : 2=0.01%, 50=0.01%, 100=0.01%, 250=0.01%, 500=0.01%
  lat (usec)   : 750=0.01%, 1000=0.01%
  lat (msec)   : 2=0.01%, 4=0.02%, 10=99.93%, 20=0.01%, 50=0.01%
  cpu          : usr=8.06%, sys=91.90%, ctx=18, majf=0, minf=75
  IO depths    : 1=0.1%, 2=0.1%, 4=0.1%, 8=0.1%, 16=0.1%, 32=0.1%, >=64=100.0%
     submit    : 0=0.0%, 4=100.0%, 8=0.0%, 16=0.0%, 32=0.0%, 64=0.0%, >=64=0.0%
     complete  : 0=0.0%, 4=100.0%, 8=0.0%, 16=0.0%, 32=0.0%, 64=0.0%, >=64=0.1%
     issued rwts: total=0,245760,0,0 short=0,0,0,0 dropped=0,0,0,0
     latency   : target=0, window=0, percentile=100.00%, depth=128

Run status group 0 (all jobs):
  WRITE: bw=3347MiB/s (3510MB/s), 3347MiB/s-3347MiB/s (3510MB/s-3510MB/s), io=30.0GiB (32.2GB), run=9178-9178msec
