jobs1: (g=0): rw=write, bs=(R) 128KiB-128KiB, (W) 128KiB-128KiB, (T) 128KiB-128KiB, ioengine=libaio, iodepth=128
...
fio-3.28
Starting 32 processes
jobs1: Laying out IO file (1 file / 30720MiB)

jobs1: (groupid=0, jobs=32): err= 0: pid=176953: Tue Jul 25 19:27:20 2023
  write: IOPS=14.4k, BW=1794MiB/s (1881MB/s)(30.0GiB/17123msec); 0 zone resets
    slat (usec): min=32, max=159993, avg=68.96, stdev=708.74
    clat (usec): min=2, max=659714, avg=8448.48, stdev=3797.38
     lat (usec): min=60, max=795466, avg=8517.52, stdev=4130.79
    clat percentiles (usec):
     |  1.00th=[ 4752],  5.00th=[ 5211], 10.00th=[ 6849], 20.00th=[ 6915],
     | 30.00th=[ 6980], 40.00th=[ 7046], 50.00th=[ 7111], 60.00th=[ 7308],
     | 70.00th=[ 8160], 80.00th=[10945], 90.00th=[12256], 95.00th=[12649],
     | 99.00th=[24773], 99.50th=[26870], 99.90th=[30278], 99.95th=[31065],
     | 99.99th=[32375]
   bw (  MiB/s): min=  603, max= 2300, per=100.00%, avg=1847.83, stdev=484.12, samples=33
   iops        : min= 4825, max=18402, avg=14782.58, stdev=3873.01, samples=33
  lat (usec)   : 4=0.01%, 100=0.01%, 250=0.01%, 500=0.01%, 750=0.01%
  lat (usec)   : 1000=0.01%
  lat (msec)   : 2=0.01%, 4=0.02%, 10=78.02%, 20=20.09%, 50=1.86%
  lat (msec)   : 100=0.01%, 250=0.01%, 500=0.01%, 750=0.01%
  cpu          : usr=6.84%, sys=83.69%, ctx=107, majf=0, minf=82
  IO depths    : 1=0.1%, 2=0.1%, 4=0.1%, 8=0.1%, 16=0.1%, 32=0.1%, >=64=100.0%
     submit    : 0=0.0%, 4=100.0%, 8=0.0%, 16=0.0%, 32=0.0%, 64=0.0%, >=64=0.0%
     complete  : 0=0.0%, 4=100.0%, 8=0.0%, 16=0.0%, 32=0.0%, 64=0.0%, >=64=0.1%
     issued rwts: total=0,245760,0,0 short=0,0,0,0 dropped=0,0,0,0
     latency   : target=0, window=0, percentile=100.00%, depth=128

Run status group 0 (all jobs):
  WRITE: bw=1794MiB/s (1881MB/s), 1794MiB/s-1794MiB/s (1881MB/s-1881MB/s), io=30.0GiB (32.2GB), run=17123-17123msec
