jobs1: (g=0): rw=write, bs=(R) 128KiB-128KiB, (W) 128KiB-128KiB, (T) 128KiB-128KiB, ioengine=libaio, iodepth=128
...
fio-3.28
Starting 16 processes
jobs1: Laying out IO file (1 file / 30720MiB)

jobs1: (groupid=0, jobs=16): err= 0: pid=176689: Tue Jul 25 19:26:31 2023
  write: IOPS=39.6k, BW=4955MiB/s (5196MB/s)(30.0GiB/6200msec); 0 zone resets
    slat (nsec): min=18870, max=62732, avg=24644.71, stdev=6399.88
    clat (nsec): min=1772, max=5946.0k, avg=3202086.56, stdev=818279.89
     lat (usec): min=22, max=6006, avg=3226.79, stdev=824.60
    clat percentiles (usec):
     |  1.00th=[ 2835],  5.00th=[ 2835], 10.00th=[ 2835], 20.00th=[ 2835],
     | 30.00th=[ 2835], 40.00th=[ 2835], 50.00th=[ 2835], 60.00th=[ 2835],
     | 70.00th=[ 2868], 80.00th=[ 2868], 90.00th=[ 5145], 95.00th=[ 5145],
     | 99.00th=[ 5145], 99.50th=[ 5211], 99.90th=[ 5211], 99.95th=[ 5342],
     | 99.99th=[ 5669]
   bw (  MiB/s): min= 3096, max= 5591, per=100.00%, avg=5004.45, stdev=1059.09, samples=12
   iops        : min=24774, max=44732, avg=40035.58, stdev=8472.75, samples=12
  lat (usec)   : 2=0.01%, 50=0.01%, 100=0.01%, 250=0.01%, 500=0.01%
  lat (usec)   : 750=0.01%, 1000=0.01%
  lat (msec)   : 2=0.02%, 4=84.02%, 10=15.95%
  cpu          : usr=11.49%, sys=88.51%, ctx=6, majf=0, minf=38
  IO depths    : 1=0.1%, 2=0.1%, 4=0.1%, 8=0.1%, 16=0.1%, 32=0.1%, >=64=100.0%
     submit    : 0=0.0%, 4=100.0%, 8=0.0%, 16=0.0%, 32=0.0%, 64=0.0%, >=64=0.0%
     complete  : 0=0.0%, 4=100.0%, 8=0.0%, 16=0.0%, 32=0.0%, 64=0.0%, >=64=0.1%
     issued rwts: total=0,245760,0,0 short=0,0,0,0 dropped=0,0,0,0
     latency   : target=0, window=0, percentile=100.00%, depth=128

Run status group 0 (all jobs):
  WRITE: bw=4955MiB/s (5196MB/s), 4955MiB/s-4955MiB/s (5196MB/s-5196MB/s), io=30.0GiB (32.2GB), run=6200-6200msec
