jobs1: (g=0): rw=write, bs=(R) 4096B-4096B, (W) 4096B-4096B, (T) 4096B-4096B, ioengine=libaio, iodepth=128
fio-3.28
Starting 1 process
jobs1: Laying out IO files (512 files / total 30720MiB)

jobs1: (groupid=0, jobs=1): err= 0: pid=879451: Wed Jul 26 04:35:44 2023
  write: IOPS=217k, BW=847MiB/s (889MB/s)(30.0GiB/36251msec); 0 zone resets
    slat (usec): min=2, max=134809, avg= 3.76, stdev=61.72
    clat (usec): min=2, max=307355, avg=583.42, stdev=1049.47
     lat (usec): min=6, max=307383, avg=587.28, stdev=1057.20
    clat percentiles (usec):
     |  1.00th=[  490],  5.00th=[  494], 10.00th=[  498], 20.00th=[  502],
     | 30.00th=[  506], 40.00th=[  506], 50.00th=[  510], 60.00th=[  510],
     | 70.00th=[  515], 80.00th=[  519], 90.00th=[  545], 95.00th=[  611],
     | 99.00th=[ 2245], 99.50th=[ 3523], 99.90th=[13304], 99.95th=[15926],
     | 99.99th=[23462]
   bw (  KiB/s): min=158472, max=994056, per=100.00%, avg=869775.33, stdev=103645.23, samples=72
   iops        : min=39618, max=248514, avg=217443.83, stdev=25911.34, samples=72
  lat (usec)   : 4=0.01%, 10=0.01%, 20=0.01%, 50=0.01%, 100=0.01%
  lat (usec)   : 250=0.01%, 500=15.77%, 750=80.88%, 1000=1.13%
  lat (msec)   : 2=1.10%, 4=0.67%, 10=0.27%, 20=0.16%, 50=0.02%
  lat (msec)   : 100=0.01%, 250=0.01%, 500=0.01%
  cpu          : usr=21.74%, sys=68.58%, ctx=19044, majf=0, minf=18
  IO depths    : 1=0.1%, 2=0.1%, 4=0.1%, 8=0.1%, 16=0.1%, 32=0.1%, >=64=100.0%
     submit    : 0=0.0%, 4=100.0%, 8=0.0%, 16=0.0%, 32=0.0%, 64=0.0%, >=64=0.0%
     complete  : 0=0.0%, 4=100.0%, 8=0.0%, 16=0.0%, 32=0.0%, 64=0.0%, >=64=0.1%
     issued rwts: total=0,7864320,0,0 short=0,0,0,0 dropped=0,0,0,0
     latency   : target=0, window=0, percentile=100.00%, depth=128

Run status group 0 (all jobs):
  WRITE: bw=847MiB/s (889MB/s), 847MiB/s-847MiB/s (889MB/s-889MB/s), io=30.0GiB (32.2GB), run=36251-36251msec
