jobs1: (g=0): rw=write, bs=(R) 4096B-4096B, (W) 4096B-4096B, (T) 4096B-4096B, ioengine=libaio, iodepth=128
...
fio-3.28
Starting 32 processes
jobs1: Laying out IO file (1 file / 30720MiB)

jobs1: (groupid=0, jobs=32): err= 0: pid=13466: Tue Jul 25 17:37:05 2023
  write: IOPS=301k, BW=1177MiB/s (1235MB/s)(30.0GiB/26091msec); 0 zone resets
    slat (nsec): min=1393, max=43896k, avg=2734.21, stdev=73743.34
    clat (nsec): min=1548, max=561825k, avg=416767.71, stdev=1406568.62
     lat (usec): min=3, max=561874, avg=419.57, stdev=1421.76
    clat percentiles (usec):
     |  1.00th=[  265],  5.00th=[  265], 10.00th=[  269], 20.00th=[  269],
     | 30.00th=[  302], 40.00th=[  363], 50.00th=[  375], 60.00th=[  383],
     | 70.00th=[  437], 80.00th=[  445], 90.00th=[  611], 95.00th=[  627],
     | 99.00th=[  709], 99.50th=[  824], 99.90th=[12518], 99.95th=[15139],
     | 99.99th=[19006]
   bw (  MiB/s): min=  196, max= 1476, per=100.00%, avg=1183.65, stdev=284.16, samples=51
   iops        : min=50342, max=377898, avg=303014.45, stdev=72743.77, samples=51
  lat (usec)   : 2=0.01%, 4=0.01%, 10=0.01%, 20=0.01%, 50=0.01%
  lat (usec)   : 250=0.01%, 500=85.42%, 750=13.92%, 1000=0.37%
  lat (msec)   : 2=0.08%, 10=0.04%, 20=0.16%, 50=0.01%, 100=0.01%
  lat (msec)   : 250=0.01%, 500=0.01%, 750=0.01%
  cpu          : usr=17.78%, sys=74.10%, ctx=202, majf=0, minf=77
  IO depths    : 1=0.1%, 2=0.1%, 4=0.1%, 8=0.1%, 16=0.1%, 32=0.1%, >=64=100.0%
     submit    : 0=0.0%, 4=100.0%, 8=0.0%, 16=0.0%, 32=0.0%, 64=0.0%, >=64=0.0%
     complete  : 0=0.0%, 4=100.0%, 8=0.0%, 16=0.0%, 32=0.0%, 64=0.0%, >=64=0.1%
     issued rwts: total=0,7864320,0,0 short=0,0,0,0 dropped=0,0,0,0
     latency   : target=0, window=0, percentile=100.00%, depth=128

Run status group 0 (all jobs):
  WRITE: bw=1177MiB/s (1235MB/s), 1177MiB/s-1177MiB/s (1235MB/s-1235MB/s), io=30.0GiB (32.2GB), run=26091-26091msec
