jobs1: (g=0): rw=write, bs=(R) 4096B-4096B, (W) 4096B-4096B, (T) 4096B-4096B, ioengine=libaio, iodepth=128
fio-3.28
Starting 1 process
jobs1: Laying out IO files (64 files / total 30720MiB)

jobs1: (groupid=0, jobs=1): err= 0: pid=201195: Tue Jul 25 20:49:31 2023
  write: IOPS=647k, BW=2529MiB/s (2652MB/s)(30.0GiB/12147msec); 0 zone resets
    slat (nsec): min=859, max=23880, avg=1082.45, stdev=244.90
    clat (nsec): min=1481, max=994057, avg=196379.23, stdev=36594.76
     lat (usec): min=2, max=1017, avg=197.51, stdev=36.81
    clat percentiles (usec):
     |  1.00th=[  182],  5.00th=[  184], 10.00th=[  184], 20.00th=[  184],
     | 30.00th=[  184], 40.00th=[  186], 50.00th=[  186], 60.00th=[  186],
     | 70.00th=[  186], 80.00th=[  188], 90.00th=[  194], 95.00th=[  310],
     | 99.00th=[  318], 99.50th=[  322], 99.90th=[  330], 99.95th=[  453],
     | 99.99th=[  668]
   bw (  MiB/s): min= 1577, max= 2685, per=99.97%, avg=2528.33, stdev=371.74, samples=24
   iops        : min=403818, max=687380, avg=647252.67, stdev=95166.00, samples=24
  lat (usec)   : 2=0.01%, 4=0.01%, 10=0.01%, 20=0.01%, 50=0.01%
  lat (usec)   : 100=0.01%, 250=91.58%, 500=8.38%, 750=0.04%, 1000=0.01%
  cpu          : usr=29.00%, sys=71.01%, ctx=10, majf=0, minf=12
  IO depths    : 1=0.1%, 2=0.1%, 4=0.1%, 8=0.1%, 16=0.1%, 32=0.1%, >=64=100.0%
     submit    : 0=0.0%, 4=100.0%, 8=0.0%, 16=0.0%, 32=0.0%, 64=0.0%, >=64=0.0%
     complete  : 0=0.0%, 4=100.0%, 8=0.0%, 16=0.0%, 32=0.0%, 64=0.0%, >=64=0.1%
     issued rwts: total=0,7864320,0,0 short=0,0,0,0 dropped=0,0,0,0
     latency   : target=0, window=0, percentile=100.00%, depth=128

Run status group 0 (all jobs):
  WRITE: bw=2529MiB/s (2652MB/s), 2529MiB/s-2529MiB/s (2652MB/s-2652MB/s), io=30.0GiB (32.2GB), run=12147-12147msec
