jobs1: (g=0): rw=write, bs=(R) 32.0KiB-32.0KiB, (W) 32.0KiB-32.0KiB, (T) 32.0KiB-32.0KiB, ioengine=libaio, iodepth=128
...
fio-3.28
Starting 32 processes
jobs1: Laying out IO files (1024 files / total 30720MiB)
fio: pid=1169317, err=24/file:filesetup.c:805, func=open(/tmp/ssfs/home/sevag/fuse_ext4/f1012), error=Too many open files

jobs1: (groupid=0, jobs=32): err=24 (file:filesetup.c:805, func=open(/tmp/ssfs/home/sevag/fuse_ext4/f1012), error=Too many open files): pid=1169317: Wed Jul 26 09:26:31 2023
  write: IOPS=1119, BW=35.0MiB/s (36.7MB/s)(31.7MiB/905msec); 0 zone resets
    slat (usec): min=28, max=203997, avg=611.69, stdev=8265.52
    clat (usec): min=93, max=431430, avg=65247.85, stdev=74384.41
     lat (usec): min=308, max=431466, avg=65860.15, stdev=75468.48
    clat percentiles (msec):
     |  1.00th=[    9],  5.00th=[   24], 10.00th=[   27], 20.00th=[   32],
     | 30.00th=[   35], 40.00th=[   37], 50.00th=[   37], 60.00th=[   43],
     | 70.00th=[   44], 80.00th=[   47], 90.00th=[  245], 95.00th=[  251],
     | 99.00th=[  257], 99.50th=[  259], 99.90th=[  430], 99.95th=[  430],
     | 99.99th=[  430]
   bw (  KiB/s): min=36850, max=36850, per=100.00%, avg=36850.00, stdev= 0.00, samples=1
   iops        : min= 1151, max= 1151, avg=1151.00, stdev= 0.00, samples=1
  lat (usec)   : 100=0.10%
  lat (msec)   : 4=0.10%, 10=1.18%, 20=1.97%, 50=78.78%, 100=4.54%
  lat (msec)   : 250=7.70%, 500=5.63%
  cpu          : usr=1.44%, sys=8.85%, ctx=1118, majf=0, minf=77
  IO depths    : 1=0.1%, 2=0.2%, 4=0.4%, 8=0.8%, 16=1.6%, 32=3.2%, >=64=93.8%
     submit    : 0=0.0%, 4=100.0%, 8=0.0%, 16=0.0%, 32=0.0%, 64=0.0%, >=64=0.0%
     complete  : 0=0.0%, 4=99.9%, 8=0.0%, 16=0.0%, 32=0.0%, 64=0.0%, >=64=0.1%
     issued rwts: total=0,1013,0,0 short=0,0,0,0 dropped=0,0,0,0
     latency   : target=0, window=0, percentile=100.00%, depth=128

Run status group 0 (all jobs):
  WRITE: bw=35.0MiB/s (36.7MB/s), 35.0MiB/s-35.0MiB/s (36.7MB/s-36.7MB/s), io=31.7MiB (33.2MB), run=905-905msec
