jobs1: (g=0): rw=write, bs=(R) 32.0KiB-32.0KiB, (W) 32.0KiB-32.0KiB, (T) 32.0KiB-32.0KiB, ioengine=libaio, iodepth=128
...
fio-3.28
Starting 32 processes
jobs1: Laying out IO files (128 files / total 30720MiB)

jobs1: (groupid=0, jobs=32): err= 0: pid=802787: Wed Jul 26 02:02:10 2023
  write: IOPS=102k, BW=3173MiB/s (3327MB/s)(30.0GiB/9682msec); 0 zone resets
    slat (usec): min=6, max=473, avg= 9.27, stdev= 2.75
    clat (nsec): min=1334, max=6209.5k, avg=1250564.41, stdev=323561.54
     lat (usec): min=9, max=6310, avg=1259.90, stdev=326.01
    clat percentiles (usec):
     |  1.00th=[ 1090],  5.00th=[ 1106], 10.00th=[ 1106], 20.00th=[ 1106],
     | 30.00th=[ 1106], 40.00th=[ 1106], 50.00th=[ 1106], 60.00th=[ 1123],
     | 70.00th=[ 1123], 80.00th=[ 1139], 90.00th=[ 1991], 95.00th=[ 2024],
     | 99.00th=[ 2040], 99.50th=[ 2057], 99.90th=[ 2245], 99.95th=[ 2409],
     | 99.99th=[ 3523]
   bw (  MiB/s): min= 1963, max= 3575, per=100.00%, avg=3182.92, stdev=677.14, samples=19
   iops        : min=62833, max=114428, avg=101853.63, stdev=21668.60, samples=19
  lat (usec)   : 2=0.01%, 10=0.01%, 50=0.01%, 100=0.01%, 250=0.01%
  lat (usec)   : 500=0.01%, 750=0.01%, 1000=0.01%
  lat (msec)   : 2=90.39%, 4=9.59%, 10=0.01%
  cpu          : usr=11.03%, sys=88.95%, ctx=27, majf=0, minf=71
  IO depths    : 1=0.1%, 2=0.1%, 4=0.1%, 8=0.1%, 16=0.1%, 32=0.1%, >=64=100.0%
     submit    : 0=0.0%, 4=100.0%, 8=0.0%, 16=0.0%, 32=0.0%, 64=0.0%, >=64=0.0%
     complete  : 0=0.0%, 4=100.0%, 8=0.0%, 16=0.0%, 32=0.0%, 64=0.0%, >=64=0.1%
     issued rwts: total=0,983040,0,0 short=0,0,0,0 dropped=0,0,0,0
     latency   : target=0, window=0, percentile=100.00%, depth=128

Run status group 0 (all jobs):
  WRITE: bw=3173MiB/s (3327MB/s), 3173MiB/s-3173MiB/s (3327MB/s-3327MB/s), io=30.0GiB (32.2GB), run=9682-9682msec
