jobs1: (g=0): rw=write, bs=(R) 128KiB-128KiB, (W) 128KiB-128KiB, (T) 128KiB-128KiB, ioengine=libaio, iodepth=128
...
fio-3.28
Starting 32 processes
jobs1: Laying out IO files (512 files / total 30720MiB)

jobs1: (groupid=0, jobs=32): err= 0: pid=1132732: Wed Jul 26 07:00:21 2023
  write: IOPS=6255, BW=782MiB/s (820MB/s)(30.0GiB/39285msec); 0 zone resets
    slat (usec): min=51, max=159626, avg=157.89, stdev=1162.58
    clat (usec): min=2, max=623457, avg=19921.70, stdev=7098.25
     lat (usec): min=76, max=756522, avg=20079.81, stdev=7246.89
    clat percentiles (usec):
     |  1.00th=[10028],  5.00th=[10814], 10.00th=[11207], 20.00th=[11863],
     | 30.00th=[12649], 40.00th=[13960], 50.00th=[23462], 60.00th=[24511],
     | 70.00th=[25560], 80.00th=[26084], 90.00th=[27132], 95.00th=[27919],
     | 99.00th=[30540], 99.50th=[33424], 99.90th=[36963], 99.95th=[38011],
     | 99.99th=[39060]
   bw (  KiB/s): min=550656, max=844032, per=100.00%, avg=813234.39, stdev=49967.94, samples=77
   iops        : min= 4302, max= 6594, avg=6353.30, stdev=390.41, samples=77
  lat (usec)   : 4=0.01%, 100=0.01%, 250=0.01%, 500=0.01%, 750=0.01%
  lat (usec)   : 1000=0.01%
  lat (msec)   : 2=0.01%, 4=0.01%, 10=0.80%, 20=41.05%, 50=58.12%
  lat (msec)   : 250=0.01%, 500=0.01%, 750=0.01%
  cpu          : usr=3.92%, sys=53.95%, ctx=1741, majf=0, minf=68
  IO depths    : 1=0.1%, 2=0.1%, 4=0.1%, 8=0.1%, 16=0.1%, 32=0.1%, >=64=100.0%
     submit    : 0=0.0%, 4=100.0%, 8=0.0%, 16=0.0%, 32=0.0%, 64=0.0%, >=64=0.0%
     complete  : 0=0.0%, 4=100.0%, 8=0.0%, 16=0.0%, 32=0.0%, 64=0.0%, >=64=0.1%
     issued rwts: total=0,245760,0,0 short=0,0,0,0 dropped=0,0,0,0
     latency   : target=0, window=0, percentile=100.00%, depth=128

Run status group 0 (all jobs):
  WRITE: bw=782MiB/s (820MB/s), 782MiB/s-782MiB/s (820MB/s-820MB/s), io=30.0GiB (32.2GB), run=39285-39285msec
