jobs1: (g=0): rw=write, bs=(R) 4096B-4096B, (W) 4096B-4096B, (T) 4096B-4096B, ioengine=libaio, iodepth=128
...
fio-3.28
Starting 16 processes
jobs1: Laying out IO files (128 files / total 30720MiB)

jobs1: (groupid=0, jobs=16): err= 0: pid=533160: Wed Jul 26 00:41:41 2023
  write: IOPS=646k, BW=2524MiB/s (2647MB/s)(30.0GiB/12169msec); 0 zone resets
    slat (nsec): min=859, max=35209, avg=1087.88, stdev=239.77
    clat (nsec): min=1379, max=1443.4k, avg=196738.67, stdev=35058.07
     lat (usec): min=2, max=1464, avg=197.87, stdev=35.26
    clat percentiles (usec):
     |  1.00th=[  184],  5.00th=[  184], 10.00th=[  186], 20.00th=[  186],
     | 30.00th=[  186], 40.00th=[  186], 50.00th=[  186], 60.00th=[  188],
     | 70.00th=[  188], 80.00th=[  190], 90.00th=[  196], 95.00th=[  314],
     | 99.00th=[  322], 99.50th=[  326], 99.90th=[  351], 99.95th=[  490],
     | 99.99th=[  668]
   bw (  MiB/s): min= 1569, max= 2664, per=100.00%, avg=2536.36, stdev=337.52, samples=24
   iops        : min=401919, max=682192, avg=649307.79, stdev=86403.99, samples=24
  lat (usec)   : 2=0.01%, 4=0.01%, 10=0.01%, 20=0.01%, 50=0.01%
  lat (usec)   : 100=0.01%, 250=92.39%, 500=7.58%, 750=0.03%, 1000=0.01%
  lat (msec)   : 2=0.01%
  cpu          : usr=28.33%, sys=71.66%, ctx=22, majf=0, minf=43
  IO depths    : 1=0.1%, 2=0.1%, 4=0.1%, 8=0.1%, 16=0.1%, 32=0.1%, >=64=100.0%
     submit    : 0=0.0%, 4=100.0%, 8=0.0%, 16=0.0%, 32=0.0%, 64=0.0%, >=64=0.0%
     complete  : 0=0.0%, 4=100.0%, 8=0.0%, 16=0.0%, 32=0.0%, 64=0.0%, >=64=0.1%
     issued rwts: total=0,7864320,0,0 short=0,0,0,0 dropped=0,0,0,0
     latency   : target=0, window=0, percentile=100.00%, depth=128

Run status group 0 (all jobs):
  WRITE: bw=2524MiB/s (2647MB/s), 2524MiB/s-2524MiB/s (2647MB/s-2647MB/s), io=30.0GiB (32.2GB), run=12169-12169msec
