jobs1: (g=0): rw=write, bs=(R) 128KiB-128KiB, (W) 128KiB-128KiB, (T) 128KiB-128KiB, ioengine=libaio, iodepth=128
fio-3.28
Starting 1 process
jobs1: Laying out IO files (128 files / total 30720MiB)

jobs1: (groupid=0, jobs=1): err= 0: pid=827646: Wed Jul 26 02:51:22 2023
  write: IOPS=25.7k, BW=3216MiB/s (3373MB/s)(30.0GiB/9551msec); 0 zone resets
    slat (nsec): min=28014, max=90605, avg=38213.89, stdev=10235.80
    clat (nsec): min=1627, max=9854.3k, avg=4933081.06, stdev=1297837.53
     lat (usec): min=33, max=9939, avg=4971.38, stdev=1307.91
    clat percentiles (usec):
     |  1.00th=[ 4293],  5.00th=[ 4293], 10.00th=[ 4293], 20.00th=[ 4293],
     | 30.00th=[ 4293], 40.00th=[ 4293], 50.00th=[ 4293], 60.00th=[ 4293],
     | 70.00th=[ 4293], 80.00th=[ 4686], 90.00th=[ 7570], 95.00th=[ 7635],
     | 99.00th=[ 7635], 99.50th=[ 7701], 99.90th=[ 8029], 99.95th=[ 8094],
     | 99.99th=[ 9503]
   bw (  MiB/s): min= 2059, max= 3698, per=99.93%, avg=3214.04, stdev=737.49, samples=19
   iops        : min=16472, max=29584, avg=25712.32, stdev=5899.90, samples=19
  lat (usec)   : 2=0.01%, 50=0.01%, 100=0.01%, 250=0.01%, 500=0.01%
  lat (usec)   : 750=0.01%, 1000=0.01%
  lat (msec)   : 2=0.01%, 4=0.02%, 10=99.95%
  cpu          : usr=8.09%, sys=91.92%, ctx=16, majf=0, minf=13
  IO depths    : 1=0.1%, 2=0.1%, 4=0.1%, 8=0.1%, 16=0.1%, 32=0.1%, >=64=100.0%
     submit    : 0=0.0%, 4=100.0%, 8=0.0%, 16=0.0%, 32=0.0%, 64=0.0%, >=64=0.0%
     complete  : 0=0.0%, 4=100.0%, 8=0.0%, 16=0.0%, 32=0.0%, 64=0.0%, >=64=0.1%
     issued rwts: total=0,245760,0,0 short=0,0,0,0 dropped=0,0,0,0
     latency   : target=0, window=0, percentile=100.00%, depth=128

Run status group 0 (all jobs):
  WRITE: bw=3216MiB/s (3373MB/s), 3216MiB/s-3216MiB/s (3373MB/s-3373MB/s), io=30.0GiB (32.2GB), run=9551-9551msec
