jobs1: (g=0): rw=write, bs=(R) 128KiB-128KiB, (W) 128KiB-128KiB, (T) 128KiB-128KiB, ioengine=libaio, iodepth=128
...
fio-3.28
Starting 16 processes
jobs1: Laying out IO files (512 files / total 30720MiB)

jobs1: (groupid=0, jobs=16): err= 0: pid=1132139: Wed Jul 26 06:58:50 2023
  write: IOPS=27.1k, BW=3384MiB/s (3549MB/s)(30.0GiB/9077msec); 0 zone resets
    slat (usec): min=28, max=1030, avg=36.32, stdev= 9.74
    clat (nsec): min=1892, max=14571k, avg=4686041.13, stdev=1172970.16
     lat (usec): min=32, max=14659, avg=4722.43, stdev=1182.14
    clat percentiles (usec):
     |  1.00th=[ 4113],  5.00th=[ 4146], 10.00th=[ 4178], 20.00th=[ 4178],
     | 30.00th=[ 4178], 40.00th=[ 4228], 50.00th=[ 4228], 60.00th=[ 4228],
     | 70.00th=[ 4228], 80.00th=[ 4228], 90.00th=[ 7439], 95.00th=[ 7504],
     | 99.00th=[ 7504], 99.50th=[ 7504], 99.90th=[ 8717], 99.95th=[ 9241],
     | 99.99th=[12649]
   bw (  MiB/s): min= 2058, max= 3817, per=99.76%, avg=3376.12, stdev=727.17, samples=17
   iops        : min=16468, max=30541, avg=27008.88, stdev=5817.40, samples=17
  lat (usec)   : 2=0.01%, 50=0.01%, 100=0.01%, 250=0.01%, 500=0.01%
  lat (usec)   : 750=0.01%, 1000=0.01%
  lat (msec)   : 2=0.01%, 4=0.02%, 10=99.94%, 20=0.01%
  cpu          : usr=7.84%, sys=92.14%, ctx=15, majf=0, minf=55
  IO depths    : 1=0.1%, 2=0.1%, 4=0.1%, 8=0.1%, 16=0.1%, 32=0.1%, >=64=100.0%
     submit    : 0=0.0%, 4=100.0%, 8=0.0%, 16=0.0%, 32=0.0%, 64=0.0%, >=64=0.0%
     complete  : 0=0.0%, 4=100.0%, 8=0.0%, 16=0.0%, 32=0.0%, 64=0.0%, >=64=0.1%
     issued rwts: total=0,245760,0,0 short=0,0,0,0 dropped=0,0,0,0
     latency   : target=0, window=0, percentile=100.00%, depth=128

Run status group 0 (all jobs):
  WRITE: bw=3384MiB/s (3549MB/s), 3384MiB/s-3384MiB/s (3549MB/s-3549MB/s), io=30.0GiB (32.2GB), run=9077-9077msec
