jobs1: (g=0): rw=write, bs=(R) 512KiB-512KiB, (W) 512KiB-512KiB, (T) 512KiB-512KiB, ioengine=libaio, iodepth=128
fio-3.28
Starting 1 process
jobs1: Laying out IO files (128 files / total 30720MiB)

jobs1: (groupid=0, jobs=1): err= 0: pid=853426: Wed Jul 26 03:42:55 2023
  write: IOPS=8348, BW=4174MiB/s (4377MB/s)(30.0GiB/7359msec); 0 zone resets
    slat (usec): min=98, max=205, avg=118.79, stdev=18.36
    clat (usec): min=2, max=20985, avg=15189.83, stdev=2297.73
     lat (usec): min=112, max=21138, avg=15308.76, stdev=2315.15
    clat percentiles (usec):
     |  1.00th=[14091],  5.00th=[14091], 10.00th=[14222], 20.00th=[14222],
     | 30.00th=[14222], 40.00th=[14222], 50.00th=[14222], 60.00th=[14222],
     | 70.00th=[14222], 80.00th=[14353], 90.00th=[20579], 95.00th=[20579],
     | 99.00th=[20841], 99.50th=[20841], 99.90th=[20841], 99.95th=[20841],
     | 99.99th=[20841]
   bw (  MiB/s): min= 2959, max= 4468, per=99.48%, avg=4152.71, stdev=599.28, samples=14
   iops        : min= 5918, max= 8936, avg=8305.43, stdev=1198.57, samples=14
  lat (usec)   : 4=0.01%, 250=0.01%, 500=0.01%, 750=0.01%, 1000=0.01%
  lat (msec)   : 2=0.01%, 4=0.03%, 10=0.09%, 20=85.01%, 50=14.85%
  cpu          : usr=15.62%, sys=84.40%, ctx=11, majf=0, minf=14
  IO depths    : 1=0.1%, 2=0.1%, 4=0.1%, 8=0.1%, 16=0.1%, 32=0.1%, >=64=99.9%
     submit    : 0=0.0%, 4=100.0%, 8=0.0%, 16=0.0%, 32=0.0%, 64=0.0%, >=64=0.0%
     complete  : 0=0.0%, 4=100.0%, 8=0.0%, 16=0.0%, 32=0.0%, 64=0.0%, >=64=0.1%
     issued rwts: total=0,61440,0,0 short=0,0,0,0 dropped=0,0,0,0
     latency   : target=0, window=0, percentile=100.00%, depth=128

Run status group 0 (all jobs):
  WRITE: bw=4174MiB/s (4377MB/s), 4174MiB/s-4174MiB/s (4377MB/s-4377MB/s), io=30.0GiB (32.2GB), run=7359-7359msec
