jobs1: (g=0): rw=write, bs=(R) 512KiB-512KiB, (W) 512KiB-512KiB, (T) 512KiB-512KiB, ioengine=libaio, iodepth=128
...
fio-3.28
Starting 16 processes
jobs1: Laying out IO files (64 files / total 30720MiB)

jobs1: (groupid=0, jobs=16): err= 0: pid=512884: Tue Jul 25 23:48:18 2023
  write: IOPS=3463, BW=1732MiB/s (1816MB/s)(30.0GiB/17737msec); 0 zone resets
    slat (usec): min=166, max=621374, avg=287.32, stdev=2737.38
    clat (nsec): min=1847, max=245862k, avg=34913821.02, stdev=12829789.15
     lat (usec): min=181, max=867239, avg=35201.31, stdev=13348.75
    clat percentiles (usec):
     |  1.00th=[23987],  5.00th=[23987], 10.00th=[24249], 20.00th=[24249],
     | 30.00th=[24511], 40.00th=[29492], 50.00th=[29754], 60.00th=[33424],
     | 70.00th=[35914], 80.00th=[51119], 90.00th=[55837], 95.00th=[60031],
     | 99.00th=[69731], 99.50th=[71828], 99.90th=[74974], 99.95th=[77071],
     | 99.99th=[81265]
   bw (  MiB/s): min=  672, max= 2463, per=100.00%, avg=1798.96, stdev=575.53, samples=34
   iops        : min= 1344, max= 4926, avg=3597.88, stdev=1151.09, samples=34
  lat (usec)   : 2=0.01%, 250=0.01%, 500=0.01%, 750=0.01%, 1000=0.01%
  lat (msec)   : 2=0.01%, 4=0.02%, 10=0.05%, 20=0.09%, 50=77.33%
  lat (msec)   : 100=22.49%, 250=0.01%
  cpu          : usr=6.30%, sys=73.37%, ctx=352, majf=0, minf=53
  IO depths    : 1=0.1%, 2=0.1%, 4=0.1%, 8=0.1%, 16=0.1%, 32=0.1%, >=64=99.9%
     submit    : 0=0.0%, 4=100.0%, 8=0.0%, 16=0.0%, 32=0.0%, 64=0.0%, >=64=0.0%
     complete  : 0=0.0%, 4=100.0%, 8=0.0%, 16=0.0%, 32=0.0%, 64=0.0%, >=64=0.1%
     issued rwts: total=0,61440,0,0 short=0,0,0,0 dropped=0,0,0,0
     latency   : target=0, window=0, percentile=100.00%, depth=128

Run status group 0 (all jobs):
  WRITE: bw=1732MiB/s (1816MB/s), 1732MiB/s-1732MiB/s (1816MB/s-1816MB/s), io=30.0GiB (32.2GB), run=17737-17737msec
