jobs1: (g=0): rw=write, bs=(R) 32.0KiB-32.0KiB, (W) 32.0KiB-32.0KiB, (T) 32.0KiB-32.0KiB, ioengine=libaio, iodepth=128
...
fio-3.28
Starting 32 processes
jobs1: Laying out IO files (64 files / total 30720MiB)

jobs1: (groupid=0, jobs=32): err= 0: pid=471595: Tue Jul 25 22:11:26 2023
  write: IOPS=143k, BW=4461MiB/s (4677MB/s)(30.0GiB/6887msec); 0 zone resets
    slat (nsec): min=4914, max=35383, avg=6476.32, stdev=1273.29
    clat (nsec): min=1267, max=2422.3k, avg=889751.34, stdev=170019.79
     lat (usec): min=7, max=2455, avg=896.29, stdev=171.25
    clat percentiles (usec):
     |  1.00th=[  799],  5.00th=[  807], 10.00th=[  807], 20.00th=[  807],
     | 30.00th=[  807], 40.00th=[  807], 50.00th=[  816], 60.00th=[  816],
     | 70.00th=[  816], 80.00th=[  824], 90.00th=[ 1254], 95.00th=[ 1254],
     | 99.00th=[ 1270], 99.50th=[ 1270], 99.90th=[ 1467], 99.95th=[ 1893],
     | 99.99th=[ 2147]
   bw (  MiB/s): min= 3145, max= 4899, per=100.00%, avg=4466.44, stdev=753.69, samples=13
   iops        : min=100644, max=156786, avg=142925.85, stdev=24118.20, samples=13
  lat (usec)   : 2=0.01%, 10=0.01%, 20=0.01%, 50=0.01%, 100=0.01%
  lat (usec)   : 250=0.01%, 500=0.01%, 750=0.01%, 1000=82.66%
  lat (msec)   : 2=17.29%, 4=0.04%
  cpu          : usr=15.03%, sys=84.93%, ctx=5, majf=0, minf=76
  IO depths    : 1=0.1%, 2=0.1%, 4=0.1%, 8=0.1%, 16=0.1%, 32=0.1%, >=64=100.0%
     submit    : 0=0.0%, 4=100.0%, 8=0.0%, 16=0.0%, 32=0.0%, 64=0.0%, >=64=0.0%
     complete  : 0=0.0%, 4=100.0%, 8=0.0%, 16=0.0%, 32=0.0%, 64=0.0%, >=64=0.1%
     issued rwts: total=0,983040,0,0 short=0,0,0,0 dropped=0,0,0,0
     latency   : target=0, window=0, percentile=100.00%, depth=128

Run status group 0 (all jobs):
  WRITE: bw=4461MiB/s (4677MB/s), 4461MiB/s-4461MiB/s (4677MB/s-4677MB/s), io=30.0GiB (32.2GB), run=6887-6887msec
