jobs1: (g=0): rw=write, bs=(R) 512KiB-512KiB, (W) 512KiB-512KiB, (T) 512KiB-512KiB, ioengine=libaio, iodepth=128
fio-3.28
Starting 1 process
jobs1: Laying out IO files (1024 files / total 30720MiB)
fio: pid=1190957, err=24/file:filesetup.c:805, func=open(/tmp/ssfs/home/sevag/fuse_ext4/f1010), error=Too many open files

jobs1: (groupid=0, jobs=1): err=24 (file:filesetup.c:805, func=open(/tmp/ssfs/home/sevag/fuse_ext4/f1010), error=Too many open files): pid=1190957: Wed Jul 26 10:34:38 2023
  write: IOPS=673, BW=337MiB/s (353MB/s)(506MiB/1502msec); 0 zone resets
    slat (usec): min=284, max=598485, avg=1074.99, stdev=18815.87
    clat (usec): min=103, max=137785, avg=106672.71, stdev=24719.97
     lat (usec): min=683, max=712679, avg=107748.50, stdev=31200.45
    clat percentiles (msec):
     |  1.00th=[   13],  5.00th=[   52], 10.00th=[   87], 20.00th=[   93],
     | 30.00th=[  100], 40.00th=[  106], 50.00th=[  112], 60.00th=[  117],
     | 70.00th=[  121], 80.00th=[  125], 90.00th=[  132], 95.00th=[  136],
     | 99.00th=[  138], 99.50th=[  138], 99.90th=[  138], 99.95th=[  138],
     | 99.99th=[  138]
   bw (  KiB/s): min=359424, max=544768, per=100.00%, avg=452096.00, stdev=131058.00, samples=2
   iops        : min=  702, max= 1064, avg=883.00, stdev=255.97, samples=2
  lat (usec)   : 250=0.10%
  lat (msec)   : 4=0.10%, 10=0.59%, 20=1.09%, 50=3.07%, 100=27.50%
  lat (msec)   : 250=67.56%
  cpu          : usr=2.66%, sys=32.11%, ctx=1840, majf=0, minf=25
  IO depths    : 1=0.1%, 2=0.2%, 4=0.4%, 8=0.8%, 16=1.6%, 32=3.2%, >=64=93.8%
     submit    : 0=0.0%, 4=100.0%, 8=0.0%, 16=0.0%, 32=0.0%, 64=0.0%, >=64=0.0%
     complete  : 0=0.0%, 4=99.9%, 8=0.0%, 16=0.0%, 32=0.0%, 64=0.0%, >=64=0.1%
     issued rwts: total=0,1011,0,0 short=0,0,0,0 dropped=0,0,0,0
     latency   : target=0, window=0, percentile=100.00%, depth=128

Run status group 0 (all jobs):
  WRITE: bw=337MiB/s (353MB/s), 337MiB/s-337MiB/s (353MB/s-353MB/s), io=506MiB (530MB), run=1502-1502msec
