jobs1: (g=0): rw=write, bs=(R) 32.0KiB-32.0KiB, (W) 32.0KiB-32.0KiB, (T) 32.0KiB-32.0KiB, ioengine=libaio, iodepth=128
...
fio-3.28
Starting 16 processes
jobs1: Laying out IO file (1 file / 30720MiB)

jobs1: (groupid=0, jobs=16): err= 0: pid=160680: Tue Jul 25 18:36:15 2023
  write: IOPS=54.8k, BW=1713MiB/s (1796MB/s)(30.0GiB/17937msec); 0 zone resets
    slat (usec): min=7, max=66409, avg=17.58, stdev=224.31
    clat (nsec): min=1319, max=550418k, avg=2250378.60, stdev=2226274.15
     lat (usec): min=11, max=550494, avg=2268.05, stdev=2300.45
    clat percentiles (usec):
     |  1.00th=[ 1221],  5.00th=[ 1549], 10.00th=[ 1565], 20.00th=[ 1582],
     | 30.00th=[ 1598], 40.00th=[ 1663], 50.00th=[ 1713], 60.00th=[ 2024],
     | 70.00th=[ 2409], 80.00th=[ 2474], 90.00th=[ 2638], 95.00th=[ 2802],
     | 99.00th=[13173], 99.50th=[15401], 99.90th=[19268], 99.95th=[20841],
     | 99.99th=[22152]
   bw (  MiB/s): min= 1156, max= 2400, per=100.00%, avg=1756.91, stdev=391.49, samples=34
   iops        : min=36994, max=76828, avg=56220.97, stdev=12527.73, samples=34
  lat (usec)   : 2=0.01%, 20=0.01%, 50=0.01%, 100=0.01%, 250=0.01%
  lat (usec)   : 500=0.01%, 750=0.01%, 1000=0.01%
  lat (msec)   : 2=59.45%, 4=37.97%, 10=0.13%, 20=2.38%, 50=0.05%
  lat (msec)   : 100=0.01%, 250=0.01%, 500=0.01%, 750=0.01%
  cpu          : usr=5.42%, sys=79.30%, ctx=224, majf=0, minf=46
  IO depths    : 1=0.1%, 2=0.1%, 4=0.1%, 8=0.1%, 16=0.1%, 32=0.1%, >=64=100.0%
     submit    : 0=0.0%, 4=100.0%, 8=0.0%, 16=0.0%, 32=0.0%, 64=0.0%, >=64=0.0%
     complete  : 0=0.0%, 4=100.0%, 8=0.0%, 16=0.0%, 32=0.0%, 64=0.0%, >=64=0.1%
     issued rwts: total=0,983040,0,0 short=0,0,0,0 dropped=0,0,0,0
     latency   : target=0, window=0, percentile=100.00%, depth=128

Run status group 0 (all jobs):
  WRITE: bw=1713MiB/s (1796MB/s), 1713MiB/s-1713MiB/s (1796MB/s-1796MB/s), io=30.0GiB (32.2GB), run=17937-17937msec
