jobs1: (g=0): rw=write, bs=(R) 4096B-4096B, (W) 4096B-4096B, (T) 4096B-4096B, ioengine=libaio, iodepth=128
fio-3.28
Starting 1 process
jobs1: Laying out IO files (128 files / total 30720MiB)

jobs1: (groupid=0, jobs=1): err= 0: pid=531562: Wed Jul 26 00:36:58 2023
  write: IOPS=471k, BW=1840MiB/s (1929MB/s)(30.0GiB/16697msec); 0 zone resets
    slat (nsec): min=1206, max=26015, avg=1620.93, stdev=439.77
    clat (nsec): min=1242, max=1676.9k, avg=269869.85, stdev=48163.22
     lat (usec): min=2, max=1697, avg=271.55, stdev=48.47
    clat percentiles (usec):
     |  1.00th=[  249],  5.00th=[  251], 10.00th=[  253], 20.00th=[  253],
     | 30.00th=[  255], 40.00th=[  255], 50.00th=[  255], 60.00th=[  258],
     | 70.00th=[  258], 80.00th=[  260], 90.00th=[  269], 95.00th=[  424],
     | 99.00th=[  437], 99.50th=[  437], 99.90th=[  465], 99.95th=[  482],
     | 99.99th=[  906]
   bw (  MiB/s): min= 1154, max= 1949, per=99.99%, avg=1839.61, stdev=261.01, samples=33
   iops        : min=295552, max=499176, avg=470941.52, stdev=66817.79, samples=33
  lat (usec)   : 2=0.01%, 4=0.01%, 10=0.01%, 20=0.01%, 50=0.01%
  lat (usec)   : 100=0.01%, 250=3.74%, 500=96.21%, 750=0.03%, 1000=0.01%
  lat (msec)   : 2=0.01%
  cpu          : usr=24.07%, sys=75.92%, ctx=24, majf=0, minf=14
  IO depths    : 1=0.1%, 2=0.1%, 4=0.1%, 8=0.1%, 16=0.1%, 32=0.1%, >=64=100.0%
     submit    : 0=0.0%, 4=100.0%, 8=0.0%, 16=0.0%, 32=0.0%, 64=0.0%, >=64=0.0%
     complete  : 0=0.0%, 4=100.0%, 8=0.0%, 16=0.0%, 32=0.0%, 64=0.0%, >=64=0.1%
     issued rwts: total=0,7864320,0,0 short=0,0,0,0 dropped=0,0,0,0
     latency   : target=0, window=0, percentile=100.00%, depth=128

Run status group 0 (all jobs):
  WRITE: bw=1840MiB/s (1929MB/s), 1840MiB/s-1840MiB/s (1929MB/s-1929MB/s), io=30.0GiB (32.2GB), run=16697-16697msec
