jobs1: (g=0): rw=write, bs=(R) 32.0KiB-32.0KiB, (W) 32.0KiB-32.0KiB, (T) 32.0KiB-32.0KiB, ioengine=libaio, iodepth=128
...
fio-3.28
Starting 32 processes
jobs1: Laying out IO files (128 files / total 30720MiB)

jobs1: (groupid=0, jobs=32): err= 0: pid=803060: Wed Jul 26 02:02:47 2023
  write: IOPS=142k, BW=4428MiB/s (4643MB/s)(30.0GiB/6938msec); 0 zone resets
    slat (nsec): min=4905, max=36154, avg=6533.73, stdev=1331.25
    clat (nsec): min=1206, max=3075.4k, avg=896309.48, stdev=173979.45
     lat (usec): min=8, max=3107, avg=902.90, stdev=175.24
    clat percentiles (usec):
     |  1.00th=[  807],  5.00th=[  807], 10.00th=[  816], 20.00th=[  816],
     | 30.00th=[  816], 40.00th=[  824], 50.00th=[  824], 60.00th=[  824],
     | 70.00th=[  832], 80.00th=[  840], 90.00th=[ 1303], 95.00th=[ 1319],
     | 99.00th=[ 1319], 99.50th=[ 1319], 99.90th=[ 1467], 99.95th=[ 1647],
     | 99.99th=[ 2573]
   bw (  MiB/s): min= 3036, max= 4832, per=100.00%, avg=4452.00, stdev=721.24, samples=13
   iops        : min=97166, max=154652, avg=142463.85, stdev=23079.66, samples=13
  lat (usec)   : 2=0.01%, 10=0.01%, 20=0.01%, 50=0.01%, 100=0.01%
  lat (usec)   : 250=0.01%, 500=0.01%, 750=0.01%, 1000=84.78%
  lat (msec)   : 2=15.19%, 4=0.02%
  cpu          : usr=14.01%, sys=85.99%, ctx=6, majf=0, minf=63
  IO depths    : 1=0.1%, 2=0.1%, 4=0.1%, 8=0.1%, 16=0.1%, 32=0.1%, >=64=100.0%
     submit    : 0=0.0%, 4=100.0%, 8=0.0%, 16=0.0%, 32=0.0%, 64=0.0%, >=64=0.0%
     complete  : 0=0.0%, 4=100.0%, 8=0.0%, 16=0.0%, 32=0.0%, 64=0.0%, >=64=0.1%
     issued rwts: total=0,983040,0,0 short=0,0,0,0 dropped=0,0,0,0
     latency   : target=0, window=0, percentile=100.00%, depth=128

Run status group 0 (all jobs):
  WRITE: bw=4428MiB/s (4643MB/s), 4428MiB/s-4428MiB/s (4643MB/s-4643MB/s), io=30.0GiB (32.2GB), run=6938-6938msec
