jobs1: (g=0): rw=write, bs=(R) 4096B-4096B, (W) 4096B-4096B, (T) 4096B-4096B, ioengine=libaio, iodepth=128
...
fio-3.28
Starting 16 processes
jobs1: Laying out IO files (64 files / total 30720MiB)

jobs1: (groupid=0, jobs=16): err= 0: pid=201441: Tue Jul 25 20:50:39 2023
  write: IOPS=311k, BW=1215MiB/s (1274MB/s)(30.0GiB/25290msec); 0 zone resets
    slat (nsec): min=1398, max=139953k, avg=2554.55, stdev=83039.39
    clat (nsec): min=1129, max=584195k, avg=405849.76, stdev=1835500.72
     lat (usec): min=2, max=584204, avg=408.48, stdev=1849.08
    clat percentiles (usec):
     |  1.00th=[  265],  5.00th=[  269], 10.00th=[  269], 20.00th=[  277],
     | 30.00th=[  281], 40.00th=[  285], 50.00th=[  306], 60.00th=[  359],
     | 70.00th=[  420], 80.00th=[  502], 90.00th=[  570], 95.00th=[  611],
     | 99.00th=[  783], 99.50th=[  955], 99.90th=[10945], 99.95th=[11600],
     | 99.99th=[12125]
   bw (  MiB/s): min=  158, max= 1746, per=100.00%, avg=1224.36, stdev=304.09, samples=50
   iops        : min=40458, max=447210, avg=313435.68, stdev=77847.71, samples=50
  lat (usec)   : 2=0.01%, 4=0.01%, 10=0.01%, 20=0.01%, 50=0.01%
  lat (usec)   : 100=0.01%, 250=0.01%, 500=79.64%, 750=19.14%, 1000=0.73%
  lat (msec)   : 2=0.25%, 4=0.01%, 10=0.08%, 20=0.15%, 50=0.01%
  lat (msec)   : 100=0.01%, 250=0.01%, 500=0.01%, 750=0.01%
  cpu          : usr=22.07%, sys=69.28%, ctx=828, majf=0, minf=45
  IO depths    : 1=0.1%, 2=0.1%, 4=0.1%, 8=0.1%, 16=0.1%, 32=0.1%, >=64=100.0%
     submit    : 0=0.0%, 4=100.0%, 8=0.0%, 16=0.0%, 32=0.0%, 64=0.0%, >=64=0.0%
     complete  : 0=0.0%, 4=100.0%, 8=0.0%, 16=0.0%, 32=0.0%, 64=0.0%, >=64=0.1%
     issued rwts: total=0,7864320,0,0 short=0,0,0,0 dropped=0,0,0,0
     latency   : target=0, window=0, percentile=100.00%, depth=128

Run status group 0 (all jobs):
  WRITE: bw=1215MiB/s (1274MB/s), 1215MiB/s-1215MiB/s (1274MB/s-1274MB/s), io=30.0GiB (32.2GB), run=25290-25290msec
