jobs1: (g=0): rw=write, bs=(R) 512KiB-512KiB, (W) 512KiB-512KiB, (T) 512KiB-512KiB, ioengine=libaio, iodepth=128
...
fio-3.28
Starting 16 processes
jobs1: Laying out IO files (512 files / total 30720MiB)

jobs1: (groupid=0, jobs=16): err= 0: pid=1143556: Wed Jul 26 07:52:33 2023
  write: IOPS=1512, BW=756MiB/s (793MB/s)(30.0GiB/40610msec); 0 zone resets
    slat (usec): min=217, max=607331, avg=657.41, stdev=3133.26
    clat (usec): min=4, max=152492, avg=82438.80, stdev=13168.75
     lat (usec): min=469, max=759464, avg=83096.54, stdev=13544.33
    clat percentiles (msec):
     |  1.00th=[   44],  5.00th=[   71], 10.00th=[   73], 20.00th=[   75],
     | 30.00th=[   78], 40.00th=[   79], 50.00th=[   80], 60.00th=[   83],
     | 70.00th=[   87], 80.00th=[   90], 90.00th=[   96], 95.00th=[  106],
     | 99.00th=[  121], 99.50th=[  134], 99.90th=[  138], 99.95th=[  140],
     | 99.99th=[  153]
   bw (  KiB/s): min=510973, max=1232896, per=100.00%, avg=784216.81, stdev=105802.17, samples=80
   iops        : min=  997, max= 2408, avg=1531.63, stdev=206.69, samples=80
  lat (usec)   : 10=0.01%, 500=0.01%, 1000=0.01%
  lat (msec)   : 2=0.01%, 4=0.01%, 10=0.01%, 20=0.01%, 50=2.42%
  lat (msec)   : 100=89.38%, 250=8.18%
  cpu          : usr=3.76%, sys=53.91%, ctx=6574, majf=0, minf=43
  IO depths    : 1=0.1%, 2=0.1%, 4=0.1%, 8=0.1%, 16=0.1%, 32=0.1%, >=64=99.9%
     submit    : 0=0.0%, 4=100.0%, 8=0.0%, 16=0.0%, 32=0.0%, 64=0.0%, >=64=0.0%
     complete  : 0=0.0%, 4=100.0%, 8=0.0%, 16=0.0%, 32=0.0%, 64=0.0%, >=64=0.1%
     issued rwts: total=0,61440,0,0 short=0,0,0,0 dropped=0,0,0,0
     latency   : target=0, window=0, percentile=100.00%, depth=128

Run status group 0 (all jobs):
  WRITE: bw=756MiB/s (793MB/s), 756MiB/s-756MiB/s (793MB/s-793MB/s), io=30.0GiB (32.2GB), run=40610-40610msec
