jobs1: (g=0): rw=write, bs=(R) 128KiB-128KiB, (W) 128KiB-128KiB, (T) 128KiB-128KiB, ioengine=libaio, iodepth=128
...
fio-3.28
Starting 32 processes
jobs1: Laying out IO files (512 files / total 30720MiB)

jobs1: (groupid=0, jobs=32): err= 0: pid=1133091: Wed Jul 26 07:02:03 2023
  write: IOPS=7822, BW=978MiB/s (1025MB/s)(30.0GiB/31416msec); 0 zone resets
    slat (usec): min=58, max=159591, avg=125.59, stdev=742.87
    clat (usec): min=3, max=316341, avg=16030.14, stdev=7535.14
     lat (usec): min=80, max=443831, avg=16155.91, stdev=7613.93
    clat percentiles (usec):
     |  1.00th=[ 8979],  5.00th=[ 9896], 10.00th=[10028], 20.00th=[10159],
     | 30.00th=[10290], 40.00th=[10552], 50.00th=[11600], 60.00th=[18482],
     | 70.00th=[20055], 80.00th=[21365], 90.00th=[24511], 95.00th=[28967],
     | 99.00th=[42730], 99.50th=[44303], 99.90th=[53740], 99.95th=[62129],
     | 99.99th=[77071]
   bw (  KiB/s): min=48644, max=1205248, per=99.93%, avg=1000594.31, stdev=163332.51, samples=62
   iops        : min=  380, max= 9416, avg=7817.06, stdev=1276.05, samples=62
  lat (usec)   : 4=0.01%, 100=0.01%, 250=0.01%, 500=0.01%, 750=0.01%
  lat (usec)   : 1000=0.01%
  lat (msec)   : 2=0.01%, 4=0.01%, 10=8.78%, 20=60.31%, 50=30.75%
  lat (msec)   : 100=0.13%, 250=0.01%, 500=0.01%
  cpu          : usr=6.38%, sys=60.63%, ctx=16604, majf=0, minf=67
  IO depths    : 1=0.1%, 2=0.1%, 4=0.1%, 8=0.1%, 16=0.1%, 32=0.1%, >=64=100.0%
     submit    : 0=0.0%, 4=100.0%, 8=0.0%, 16=0.0%, 32=0.0%, 64=0.0%, >=64=0.0%
     complete  : 0=0.0%, 4=100.0%, 8=0.0%, 16=0.0%, 32=0.0%, 64=0.0%, >=64=0.1%
     issued rwts: total=0,245760,0,0 short=0,0,0,0 dropped=0,0,0,0
     latency   : target=0, window=0, percentile=100.00%, depth=128

Run status group 0 (all jobs):
  WRITE: bw=978MiB/s (1025MB/s), 978MiB/s-978MiB/s (1025MB/s-1025MB/s), io=30.0GiB (32.2GB), run=31416-31416msec
