jobs1: (g=0): rw=write, bs=(R) 32.0KiB-32.0KiB, (W) 32.0KiB-32.0KiB, (T) 32.0KiB-32.0KiB, ioengine=libaio, iodepth=128
...
fio-3.28
Starting 16 processes
jobs1: Laying out IO files (1024 files / total 30720MiB)
fio: pid=1167690, err=24/file:filesetup.c:805, func=open(/home/sevag/fuse_boc//f1018), error=Too many open files

jobs1: (groupid=0, jobs=16): err=24 (file:filesetup.c:805, func=open(/home/sevag/fuse_boc//f1018), error=Too many open files): pid=1167690: Wed Jul 26 09:24:19 2023
  write: IOPS=2305, BW=72.0MiB/s (75.5MB/s)(31.8MiB/442msec); 0 zone resets
    slat (usec): min=14, max=101033, avg=397.55, stdev=4579.40
    clat (usec): min=36, max=395046, avg=8333.47, stdev=23400.06
     lat (usec): min=52, max=395115, avg=8731.28, stdev=26330.94
    clat percentiles (usec):
     |  1.00th=[   474],  5.00th=[  2343], 10.00th=[  4948], 20.00th=[  5473],
     | 30.00th=[  5604], 40.00th=[  5932], 50.00th=[  6259], 60.00th=[  6521],
     | 70.00th=[  7308], 80.00th=[  7963], 90.00th=[  8717], 95.00th=[  8848],
     | 99.00th=[ 10159], 99.50th=[173016], 99.90th=[396362], 99.95th=[396362],
     | 99.99th=[396362]
  lat (usec)   : 50=0.10%, 250=0.29%, 500=0.69%, 750=0.69%, 1000=0.59%
  lat (msec)   : 2=1.96%, 4=3.53%, 10=91.07%, 20=0.10%, 100=0.20%
  lat (msec)   : 250=0.39%, 500=0.39%
  cpu          : usr=0.68%, sys=9.28%, ctx=1079, majf=0, minf=54
  IO depths    : 1=0.1%, 2=0.2%, 4=0.4%, 8=0.8%, 16=1.6%, 32=3.1%, >=64=93.8%
     submit    : 0=0.0%, 4=100.0%, 8=0.0%, 16=0.0%, 32=0.0%, 64=0.0%, >=64=0.0%
     complete  : 0=0.0%, 4=99.9%, 8=0.0%, 16=0.0%, 32=0.0%, 64=0.0%, >=64=0.1%
     issued rwts: total=0,1019,0,0 short=0,0,0,0 dropped=0,0,0,0
     latency   : target=0, window=0, percentile=100.00%, depth=128

Run status group 0 (all jobs):
  WRITE: bw=72.0MiB/s (75.5MB/s), 72.0MiB/s-72.0MiB/s (75.5MB/s-75.5MB/s), io=31.8MiB (33.4MB), run=442-442msec
