jobs1: (g=0): rw=write, bs=(R) 32.0KiB-32.0KiB, (W) 32.0KiB-32.0KiB, (T) 32.0KiB-32.0KiB, ioengine=libaio, iodepth=128
fio-3.28
Starting 1 process
jobs1: Laying out IO file (1 file / 30720MiB)

jobs1: (groupid=0, jobs=1): err= 0: pid=159574: Tue Jul 25 18:33:40 2023
  write: IOPS=62.0k, BW=1936MiB/s (2030MB/s)(30.0GiB/15866msec); 0 zone resets
    slat (usec): min=7, max=133504, avg=15.50, stdev=208.40
    clat (nsec): min=1770, max=457271k, avg=1993910.54, stdev=1675459.20
     lat (usec): min=13, max=457312, avg=2009.50, stdev=1742.00
    clat percentiles (usec):
     |  1.00th=[ 1221],  5.00th=[ 1237], 10.00th=[ 1565], 20.00th=[ 1598],
     | 30.00th=[ 1614], 40.00th=[ 1631], 50.00th=[ 1680], 60.00th=[ 1729],
     | 70.00th=[ 1942], 80.00th=[ 2376], 90.00th=[ 2606], 95.00th=[ 2868],
     | 99.00th=[ 9896], 99.50th=[13435], 99.90th=[19268], 99.95th=[20841],
     | 99.99th=[21627]
   bw (  MiB/s): min=   98, max= 2500, per=99.43%, avg=1925.14, stdev=554.73, samples=31
   iops        : min= 3144, max=80014, avg=61604.45, stdev=17751.38, samples=31
  lat (usec)   : 2=0.01%, 20=0.01%, 50=0.01%, 100=0.01%, 250=0.01%
  lat (usec)   : 500=0.01%, 750=0.01%, 1000=0.01%
  lat (msec)   : 2=71.81%, 4=27.13%, 10=0.06%, 20=0.90%, 50=0.09%
  lat (msec)   : 100=0.01%, 250=0.01%, 500=0.01%
  cpu          : usr=6.69%, sys=84.49%, ctx=110, majf=0, minf=14
  IO depths    : 1=0.1%, 2=0.1%, 4=0.1%, 8=0.1%, 16=0.1%, 32=0.1%, >=64=100.0%
     submit    : 0=0.0%, 4=100.0%, 8=0.0%, 16=0.0%, 32=0.0%, 64=0.0%, >=64=0.0%
     complete  : 0=0.0%, 4=100.0%, 8=0.0%, 16=0.0%, 32=0.0%, 64=0.0%, >=64=0.1%
     issued rwts: total=0,983040,0,0 short=0,0,0,0 dropped=0,0,0,0
     latency   : target=0, window=0, percentile=100.00%, depth=128

Run status group 0 (all jobs):
  WRITE: bw=1936MiB/s (2030MB/s), 1936MiB/s-1936MiB/s (2030MB/s-2030MB/s), io=30.0GiB (32.2GB), run=15866-15866msec
