jobs1: (g=0): rw=write, bs=(R) 512KiB-512KiB, (W) 512KiB-512KiB, (T) 512KiB-512KiB, ioengine=libaio, iodepth=128
...
fio-3.28
Starting 32 processes
jobs1: Laying out IO files (512 files / total 30720MiB)

jobs1: (groupid=0, jobs=32): err= 0: pid=1145258: Wed Jul 26 07:58:14 2023
  write: IOPS=2542, BW=1271MiB/s (1333MB/s)(30.0GiB/24165msec); 0 zone resets
    slat (usec): min=167, max=376872, avg=388.24, stdev=1768.46
    clat (usec): min=2, max=122990, avg=49057.57, stdev=14231.79
     lat (usec): min=256, max=499865, avg=49446.12, stdev=14432.56
    clat percentiles (msec):
     |  1.00th=[   24],  5.00th=[   25], 10.00th=[   26], 20.00th=[   34],
     | 30.00th=[   42], 40.00th=[   51], 50.00th=[   53], 60.00th=[   57],
     | 70.00th=[   59], 80.00th=[   61], 90.00th=[   64], 95.00th=[   66],
     | 99.00th=[   78], 99.50th=[   82], 99.90th=[  103], 99.95th=[  121],
     | 99.99th=[  123]
   bw (  MiB/s): min=  151, max= 2223, per=100.00%, avg=1273.35, stdev=412.92, samples=48
   iops        : min=  303, max= 4446, avg=2546.58, stdev=825.91, samples=48
  lat (usec)   : 4=0.01%, 500=0.01%, 750=0.01%, 1000=0.01%
  lat (msec)   : 2=0.01%, 4=0.02%, 10=0.05%, 20=0.09%, 50=39.26%
  lat (msec)   : 100=60.44%, 250=0.12%
  cpu          : usr=7.34%, sys=67.16%, ctx=11690, majf=0, minf=86
  IO depths    : 1=0.1%, 2=0.1%, 4=0.1%, 8=0.1%, 16=0.1%, 32=0.1%, >=64=99.9%
     submit    : 0=0.0%, 4=100.0%, 8=0.0%, 16=0.0%, 32=0.0%, 64=0.0%, >=64=0.0%
     complete  : 0=0.0%, 4=100.0%, 8=0.0%, 16=0.0%, 32=0.0%, 64=0.0%, >=64=0.1%
     issued rwts: total=0,61440,0,0 short=0,0,0,0 dropped=0,0,0,0
     latency   : target=0, window=0, percentile=100.00%, depth=128

Run status group 0 (all jobs):
  WRITE: bw=1271MiB/s (1333MB/s), 1271MiB/s-1271MiB/s (1333MB/s-1333MB/s), io=30.0GiB (32.2GB), run=24165-24165msec
