jobs1: (g=0): rw=write, bs=(R) 512KiB-512KiB, (W) 512KiB-512KiB, (T) 512KiB-512KiB, ioengine=libaio, iodepth=128
fio-3.28
Starting 1 process
jobs1: Laying out IO files (512 files / total 30720MiB)

jobs1: (groupid=0, jobs=1): err= 0: pid=1143074: Wed Jul 26 07:50:40 2023
  write: IOPS=5578, BW=2789MiB/s (2925MB/s)(30.0GiB/11014msec); 0 zone resets
    slat (usec): min=144, max=309, avg=178.04, stdev=42.19
    clat (usec): min=2, max=36640, avg=22727.73, stdev=5393.72
     lat (usec): min=163, max=36917, avg=22905.91, stdev=5435.36
    clat percentiles (usec):
     |  1.00th=[20317],  5.00th=[20317], 10.00th=[20317], 20.00th=[20317],
     | 30.00th=[20317], 40.00th=[20317], 50.00th=[20317], 60.00th=[20579],
     | 70.00th=[20579], 80.00th=[20579], 90.00th=[35390], 95.00th=[35390],
     | 99.00th=[35390], 99.50th=[35914], 99.90th=[36439], 99.95th=[36439],
     | 99.99th=[36439]
   bw (  MiB/s): min= 1659, max= 3134, per=99.83%, avg=2784.32, stdev=570.22, samples=22
   iops        : min= 3318, max= 6268, avg=5568.64, stdev=1140.43, samples=22
  lat (usec)   : 4=0.01%, 250=0.01%, 500=0.01%, 750=0.01%, 1000=0.01%
  lat (msec)   : 2=0.01%, 4=0.02%, 10=0.06%, 20=0.10%, 50=99.80%
  cpu          : usr=10.46%, sys=89.56%, ctx=17, majf=0, minf=18
  IO depths    : 1=0.1%, 2=0.1%, 4=0.1%, 8=0.1%, 16=0.1%, 32=0.1%, >=64=99.9%
     submit    : 0=0.0%, 4=100.0%, 8=0.0%, 16=0.0%, 32=0.0%, 64=0.0%, >=64=0.0%
     complete  : 0=0.0%, 4=100.0%, 8=0.0%, 16=0.0%, 32=0.0%, 64=0.0%, >=64=0.1%
     issued rwts: total=0,61440,0,0 short=0,0,0,0 dropped=0,0,0,0
     latency   : target=0, window=0, percentile=100.00%, depth=128

Run status group 0 (all jobs):
  WRITE: bw=2789MiB/s (2925MB/s), 2789MiB/s-2789MiB/s (2925MB/s-2925MB/s), io=30.0GiB (32.2GB), run=11014-11014msec
