jobs1: (g=0): rw=write, bs=(R) 128KiB-128KiB, (W) 128KiB-128KiB, (T) 128KiB-128KiB, ioengine=libaio, iodepth=128
...
fio-3.28
Starting 32 processes
jobs1: Laying out IO files (512 files / total 30720MiB)

jobs1: (groupid=0, jobs=32): err= 0: pid=1133466: Wed Jul 26 07:03:33 2023
  write: IOPS=27.1k, BW=3383MiB/s (3548MB/s)(30.0GiB/9080msec); 0 zone resets
    slat (usec): min=28, max=1351, avg=36.32, stdev=10.74
    clat (nsec): min=1556, max=21984k, avg=4685011.78, stdev=1197291.20
     lat (usec): min=33, max=22124, avg=4721.41, stdev=1206.86
    clat percentiles (usec):
     |  1.00th=[ 4113],  5.00th=[ 4113], 10.00th=[ 4146], 20.00th=[ 4178],
     | 30.00th=[ 4178], 40.00th=[ 4178], 50.00th=[ 4178], 60.00th=[ 4178],
     | 70.00th=[ 4228], 80.00th=[ 4228], 90.00th=[ 7439], 95.00th=[ 7439],
     | 99.00th=[ 7504], 99.50th=[ 7570], 99.90th=[ 8979], 99.95th=[ 9241],
     | 99.99th=[17957]
   bw (  MiB/s): min= 2029, max= 3847, per=100.00%, avg=3392.19, stdev=719.66, samples=18
   iops        : min=16233, max=30779, avg=27137.44, stdev=5757.25, samples=18
  lat (usec)   : 2=0.01%, 50=0.01%, 100=0.01%, 250=0.01%, 500=0.01%
  lat (usec)   : 750=0.01%, 1000=0.01%
  lat (msec)   : 2=0.01%, 4=0.02%, 10=99.93%, 20=0.01%, 50=0.01%
  cpu          : usr=7.93%, sys=92.07%, ctx=19, majf=0, minf=75
  IO depths    : 1=0.1%, 2=0.1%, 4=0.1%, 8=0.1%, 16=0.1%, 32=0.1%, >=64=100.0%
     submit    : 0=0.0%, 4=100.0%, 8=0.0%, 16=0.0%, 32=0.0%, 64=0.0%, >=64=0.0%
     complete  : 0=0.0%, 4=100.0%, 8=0.0%, 16=0.0%, 32=0.0%, 64=0.0%, >=64=0.1%
     issued rwts: total=0,245760,0,0 short=0,0,0,0 dropped=0,0,0,0
     latency   : target=0, window=0, percentile=100.00%, depth=128

Run status group 0 (all jobs):
  WRITE: bw=3383MiB/s (3548MB/s), 3383MiB/s-3383MiB/s (3548MB/s-3548MB/s), io=30.0GiB (32.2GB), run=9080-9080msec
