jobs1: (g=0): rw=write, bs=(R) 128KiB-128KiB, (W) 128KiB-128KiB, (T) 128KiB-128KiB, ioengine=libaio, iodepth=128
fio-3.28
Starting 1 process
jobs1: Laying out IO files (512 files / total 30720MiB)

jobs1: (groupid=0, jobs=1): err= 0: pid=1130872: Wed Jul 26 06:54:54 2023
  write: IOPS=30.6k, BW=3829MiB/s (4015MB/s)(30.0GiB/8023msec); 0 zone resets
    slat (usec): min=27, max=108, avg=32.08, stdev= 1.93
    clat (nsec): min=1586, max=10128k, avg=4143131.74, stdev=187292.16
     lat (usec): min=33, max=10206, avg=4175.28, stdev=188.72
    clat percentiles (usec):
     |  1.00th=[ 4047],  5.00th=[ 4080], 10.00th=[ 4080], 20.00th=[ 4113],
     | 30.00th=[ 4113], 40.00th=[ 4113], 50.00th=[ 4146], 60.00th=[ 4146],
     | 70.00th=[ 4146], 80.00th=[ 4146], 90.00th=[ 4178], 95.00th=[ 4178],
     | 99.00th=[ 4424], 99.50th=[ 4948], 99.90th=[ 7439], 99.95th=[ 8586],
     | 99.99th=[ 9634]
   bw (  MiB/s): min= 3631, max= 3883, per=100.00%, avg=3828.97, stdev=56.74, samples=16
   iops        : min=29050, max=31070, avg=30631.75, stdev=453.90, samples=16
  lat (usec)   : 2=0.01%, 50=0.01%, 100=0.01%, 250=0.01%, 500=0.01%
  lat (usec)   : 750=0.01%, 1000=0.01%
  lat (msec)   : 2=0.01%, 4=0.02%, 10=99.95%, 20=0.01%
  cpu          : usr=7.23%, sys=92.73%, ctx=14, majf=0, minf=16
  IO depths    : 1=0.1%, 2=0.1%, 4=0.1%, 8=0.1%, 16=0.1%, 32=0.1%, >=64=100.0%
     submit    : 0=0.0%, 4=100.0%, 8=0.0%, 16=0.0%, 32=0.0%, 64=0.0%, >=64=0.0%
     complete  : 0=0.0%, 4=100.0%, 8=0.0%, 16=0.0%, 32=0.0%, 64=0.0%, >=64=0.1%
     issued rwts: total=0,245760,0,0 short=0,0,0,0 dropped=0,0,0,0
     latency   : target=0, window=0, percentile=100.00%, depth=128

Run status group 0 (all jobs):
  WRITE: bw=3829MiB/s (4015MB/s), 3829MiB/s-3829MiB/s (4015MB/s-4015MB/s), io=30.0GiB (32.2GB), run=8023-8023msec
