jobs1: (g=0): rw=write, bs=(R) 4096B-4096B, (W) 4096B-4096B, (T) 4096B-4096B, ioengine=libaio, iodepth=128
fio-3.28
Starting 1 process
jobs1: Laying out IO files (64 files / total 30720MiB)

jobs1: (groupid=0, jobs=1): err= 0: pid=200290: Tue Jul 25 20:47:23 2023
  write: IOPS=399k, BW=1560MiB/s (1636MB/s)(30.0GiB/19688msec); 0 zone resets
    slat (nsec): min=1394, max=134715k, avg=1969.29, stdev=69920.50
    clat (nsec): min=1814, max=500985k, avg=315409.84, stdev=1436278.48
     lat (usec): min=4, max=500994, avg=317.45, stdev=1447.49
    clat percentiles (usec):
     |  1.00th=[  269],  5.00th=[  269], 10.00th=[  273], 20.00th=[  277],
     | 30.00th=[  277], 40.00th=[  281], 50.00th=[  289], 60.00th=[  297],
     | 70.00th=[  302], 80.00th=[  302], 90.00th=[  326], 95.00th=[  433],
     | 99.00th=[  498], 99.50th=[  570], 99.90th=[ 1029], 99.95th=[10814],
     | 99.99th=[12780]
   bw (  MiB/s): min=    0, max= 1792, per=99.95%, avg=1559.51, stdev=323.01, samples=39
   iops        : min=   24, max=458826, avg=399235.49, stdev=82691.89, samples=39
  lat (usec)   : 2=0.01%, 10=0.01%, 20=0.01%, 50=0.01%, 100=0.01%
  lat (usec)   : 250=0.01%, 500=99.04%, 750=0.79%, 1000=0.03%
  lat (msec)   : 2=0.06%, 10=0.02%, 20=0.06%, 50=0.01%, 100=0.01%
  lat (msec)   : 250=0.01%, 500=0.01%, 750=0.01%
  cpu          : usr=22.05%, sys=72.72%, ctx=151, majf=0, minf=15
  IO depths    : 1=0.1%, 2=0.1%, 4=0.1%, 8=0.1%, 16=0.1%, 32=0.1%, >=64=100.0%
     submit    : 0=0.0%, 4=100.0%, 8=0.0%, 16=0.0%, 32=0.0%, 64=0.0%, >=64=0.0%
     complete  : 0=0.0%, 4=100.0%, 8=0.0%, 16=0.0%, 32=0.0%, 64=0.0%, >=64=0.1%
     issued rwts: total=0,7864320,0,0 short=0,0,0,0 dropped=0,0,0,0
     latency   : target=0, window=0, percentile=100.00%, depth=128

Run status group 0 (all jobs):
  WRITE: bw=1560MiB/s (1636MB/s), 1560MiB/s-1560MiB/s (1636MB/s-1636MB/s), io=30.0GiB (32.2GB), run=19688-19688msec
