jobs1: (g=0): rw=write, bs=(R) 32.0KiB-32.0KiB, (W) 32.0KiB-32.0KiB, (T) 32.0KiB-32.0KiB, ioengine=libaio, iodepth=128
...
fio-3.28
Starting 16 processes
jobs1: Laying out IO files (128 files / total 30720MiB)

jobs1: (groupid=0, jobs=16): err= 0: pid=799467: Wed Jul 26 01:58:19 2023
  write: IOPS=141k, BW=4394MiB/s (4608MB/s)(30.0GiB/6991msec); 0 zone resets
    slat (nsec): min=4919, max=35928, avg=6585.41, stdev=1369.66
    clat (nsec): min=1517, max=3136.0k, avg=903159.32, stdev=179520.19
     lat (usec): min=7, max=3165, avg=909.80, stdev=180.83
    clat percentiles (usec):
     |  1.00th=[  807],  5.00th=[  816], 10.00th=[  816], 20.00th=[  824],
     | 30.00th=[  824], 40.00th=[  824], 50.00th=[  824], 60.00th=[  832],
     | 70.00th=[  832], 80.00th=[  840], 90.00th=[ 1319], 95.00th=[ 1319],
     | 99.00th=[ 1336], 99.50th=[ 1336], 99.90th=[ 1352], 99.95th=[ 1680],
     | 99.99th=[ 2573]
   bw (  MiB/s): min= 3003, max= 4815, per=99.37%, avg=4366.46, stdev=779.45, samples=13
   iops        : min=96098, max=154110, avg=139726.92, stdev=24942.34, samples=13
  lat (usec)   : 2=0.01%, 10=0.01%, 20=0.01%, 50=0.01%, 100=0.01%
  lat (usec)   : 250=0.01%, 500=0.01%, 750=0.01%, 1000=84.22%
  lat (msec)   : 2=15.75%, 4=0.02%
  cpu          : usr=12.62%, sys=87.40%, ctx=11, majf=0, minf=47
  IO depths    : 1=0.1%, 2=0.1%, 4=0.1%, 8=0.1%, 16=0.1%, 32=0.1%, >=64=100.0%
     submit    : 0=0.0%, 4=100.0%, 8=0.0%, 16=0.0%, 32=0.0%, 64=0.0%, >=64=0.0%
     complete  : 0=0.0%, 4=100.0%, 8=0.0%, 16=0.0%, 32=0.0%, 64=0.0%, >=64=0.1%
     issued rwts: total=0,983040,0,0 short=0,0,0,0 dropped=0,0,0,0
     latency   : target=0, window=0, percentile=100.00%, depth=128

Run status group 0 (all jobs):
  WRITE: bw=4394MiB/s (4608MB/s), 4394MiB/s-4394MiB/s (4608MB/s-4608MB/s), io=30.0GiB (32.2GB), run=6991-6991msec
