jobs1: (g=0): rw=write, bs=(R) 512KiB-512KiB, (W) 512KiB-512KiB, (T) 512KiB-512KiB, ioengine=libaio, iodepth=128
...
fio-3.28
Starting 16 processes
jobs1: Laying out IO files (1024 files / total 30720MiB)
fio: pid=1192124, err=24/file:filesetup.c:805, func=open(/tmp/ssfs/home/sevag/fuse_ext4/f1012), error=Too many open files

jobs1: (groupid=0, jobs=16): err=24 (file:filesetup.c:805, func=open(/tmp/ssfs/home/sevag/fuse_ext4/f1012), error=Too many open files): pid=1192124: Wed Jul 26 10:36:18 2023
  write: IOPS=690, BW=345MiB/s (362MB/s)(507MiB/1468msec); 0 zone resets
    slat (usec): min=317, max=372627, avg=1063.47, stdev=13343.94
    clat (usec): min=107, max=304372, avg=116325.68, stdev=48647.70
     lat (usec): min=764, max=677001, avg=117389.82, stdev=51694.71
    clat percentiles (msec):
     |  1.00th=[   23],  5.00th=[   59], 10.00th=[   91], 20.00th=[   97],
     | 30.00th=[  100], 40.00th=[  107], 50.00th=[  114], 60.00th=[  118],
     | 70.00th=[  120], 80.00th=[  122], 90.00th=[  133], 95.00th=[  305],
     | 99.00th=[  305], 99.50th=[  305], 99.90th=[  305], 99.95th=[  305],
     | 99.99th=[  305]
   bw (  KiB/s): min=394240, max=394240, per=100.00%, avg=394240.00, stdev= 0.00, samples=1
   iops        : min=  770, max=  770, avg=770.00, stdev= 0.00, samples=1
  lat (usec)   : 250=0.10%
  lat (msec)   : 4=0.10%, 10=0.59%, 50=3.26%, 100=27.54%, 250=63.28%
  lat (msec)   : 500=5.13%
  cpu          : usr=2.25%, sys=33.61%, ctx=1802, majf=0, minf=52
  IO depths    : 1=0.1%, 2=0.2%, 4=0.4%, 8=0.8%, 16=1.6%, 32=3.2%, >=64=93.8%
     submit    : 0=0.0%, 4=100.0%, 8=0.0%, 16=0.0%, 32=0.0%, 64=0.0%, >=64=0.0%
     complete  : 0=0.0%, 4=99.9%, 8=0.0%, 16=0.0%, 32=0.0%, 64=0.0%, >=64=0.1%
     issued rwts: total=0,1013,0,0 short=0,0,0,0 dropped=0,0,0,0
     latency   : target=0, window=0, percentile=100.00%, depth=128

Run status group 0 (all jobs):
  WRITE: bw=345MiB/s (362MB/s), 345MiB/s-345MiB/s (362MB/s-362MB/s), io=507MiB (531MB), run=1468-1468msec
