jobs1: (g=0): rw=write, bs=(R) 4096B-4096B, (W) 4096B-4096B, (T) 4096B-4096B, ioengine=libaio, iodepth=128
...
fio-3.28
Starting 32 processes
jobs1: Laying out IO files (512 files / total 30720MiB)

jobs1: (groupid=0, jobs=32): err= 0: pid=951352: Wed Jul 26 04:48:34 2023
  write: IOPS=583k, BW=2278MiB/s (2389MB/s)(30.0GiB/13484msec); 0 zone resets
    slat (nsec): min=933, max=23349, avg=1253.19, stdev=287.81
    clat (nsec): min=1207, max=1687.0k, avg=217969.21, stdev=43184.40
     lat (usec): min=2, max=1691, avg=219.27, stdev=43.44
    clat percentiles (usec):
     |  1.00th=[  200],  5.00th=[  202], 10.00th=[  202], 20.00th=[  204],
     | 30.00th=[  204], 40.00th=[  206], 50.00th=[  206], 60.00th=[  208],
     | 70.00th=[  208], 80.00th=[  210], 90.00th=[  215], 95.00th=[  363],
     | 99.00th=[  371], 99.50th=[  375], 99.90th=[  383], 99.95th=[  482],
     | 99.99th=[  725]
   bw (  MiB/s): min= 1352, max= 2426, per=100.00%, avg=2291.37, stdev=331.96, samples=26
   iops        : min=346244, max=621132, avg=586589.85, stdev=84981.94, samples=26
  lat (usec)   : 2=0.01%, 4=0.01%, 10=0.01%, 20=0.01%, 50=0.01%
  lat (usec)   : 100=0.01%, 250=92.61%, 500=7.37%, 750=0.02%, 1000=0.01%
  lat (msec)   : 2=0.01%
  cpu          : usr=24.94%, sys=75.06%, ctx=11, majf=0, minf=77
  IO depths    : 1=0.1%, 2=0.1%, 4=0.1%, 8=0.1%, 16=0.1%, 32=0.1%, >=64=100.0%
     submit    : 0=0.0%, 4=100.0%, 8=0.0%, 16=0.0%, 32=0.0%, 64=0.0%, >=64=0.0%
     complete  : 0=0.0%, 4=100.0%, 8=0.0%, 16=0.0%, 32=0.0%, 64=0.0%, >=64=0.1%
     issued rwts: total=0,7864320,0,0 short=0,0,0,0 dropped=0,0,0,0
     latency   : target=0, window=0, percentile=100.00%, depth=128

Run status group 0 (all jobs):
  WRITE: bw=2278MiB/s (2389MB/s), 2278MiB/s-2278MiB/s (2389MB/s-2389MB/s), io=30.0GiB (32.2GB), run=13484-13484msec
