jobs1: (g=0): rw=write, bs=(R) 128KiB-128KiB, (W) 128KiB-128KiB, (T) 128KiB-128KiB, ioengine=libaio, iodepth=128
fio-3.28
Starting 1 process
jobs1: Laying out IO files (128 files / total 30720MiB)

jobs1: (groupid=0, jobs=1): err= 0: pid=827352: Wed Jul 26 02:50:58 2023
  write: IOPS=12.9k, BW=1615MiB/s (1694MB/s)(30.0GiB/19016msec); 0 zone resets
    slat (usec): min=33, max=159708, avg=76.29, stdev=645.72
    clat (nsec): min=1979, max=393334k, avg=9577815.54, stdev=4942428.95
     lat (usec): min=52, max=528009, avg=9654.21, stdev=5071.70
    clat percentiles (usec):
     |  1.00th=[ 5080],  5.00th=[ 5604], 10.00th=[ 5932], 20.00th=[ 6128],
     | 30.00th=[ 6259], 40.00th=[ 6652], 50.00th=[ 7635], 60.00th=[10028],
     | 70.00th=[10290], 80.00th=[10552], 90.00th=[16909], 95.00th=[21103],
     | 99.00th=[25822], 99.50th=[28181], 99.90th=[31851], 99.95th=[39060],
     | 99.99th=[67634]
   bw (  MiB/s): min= 1205, max= 2391, per=100.00%, avg=1658.65, stdev=454.00, samples=37
   iops        : min= 9642, max=19130, avg=13269.19, stdev=3632.00, samples=37
  lat (usec)   : 2=0.01%, 100=0.01%, 250=0.01%, 500=0.01%, 750=0.01%
  lat (usec)   : 1000=0.01%
  lat (msec)   : 2=0.01%, 4=0.02%, 10=55.53%, 20=38.38%, 50=6.04%
  lat (msec)   : 100=0.02%, 250=0.01%, 500=0.01%
  cpu          : usr=7.76%, sys=73.49%, ctx=2723, majf=0, minf=17
  IO depths    : 1=0.1%, 2=0.1%, 4=0.1%, 8=0.1%, 16=0.1%, 32=0.1%, >=64=100.0%
     submit    : 0=0.0%, 4=100.0%, 8=0.0%, 16=0.0%, 32=0.0%, 64=0.0%, >=64=0.0%
     complete  : 0=0.0%, 4=100.0%, 8=0.0%, 16=0.0%, 32=0.0%, 64=0.0%, >=64=0.1%
     issued rwts: total=0,245760,0,0 short=0,0,0,0 dropped=0,0,0,0
     latency   : target=0, window=0, percentile=100.00%, depth=128

Run status group 0 (all jobs):
  WRITE: bw=1615MiB/s (1694MB/s), 1615MiB/s-1615MiB/s (1694MB/s-1694MB/s), io=30.0GiB (32.2GB), run=19016-19016msec
