jobs1: (g=0): rw=write, bs=(R) 128KiB-128KiB, (W) 128KiB-128KiB, (T) 128KiB-128KiB, ioengine=libaio, iodepth=128
fio-3.28
Starting 1 process
jobs1: Laying out IO file (1 file / 30720MiB)

jobs1: (groupid=0, jobs=1): err= 0: pid=174533: Tue Jul 25 19:22:15 2023
  write: IOPS=13.7k, BW=1710MiB/s (1793MB/s)(30.0GiB/17963msec); 0 zone resets
    slat (usec): min=33, max=160032, avg=72.34, stdev=791.10
    clat (nsec): min=1957, max=775111k, avg=8812539.15, stdev=4116672.19
     lat (usec): min=54, max=935145, avg=8884.97, stdev=4536.22
    clat percentiles (usec):
     |  1.00th=[ 4948],  5.00th=[ 5473], 10.00th=[ 6980], 20.00th=[ 7046],
     | 30.00th=[ 7046], 40.00th=[ 7111], 50.00th=[ 7111], 60.00th=[ 7373],
     | 70.00th=[ 9110], 80.00th=[11731], 90.00th=[12387], 95.00th=[13042],
     | 99.00th=[24773], 99.50th=[27919], 99.90th=[31065], 99.95th=[32113],
     | 99.99th=[33162]
   bw (  MiB/s): min=  160, max= 2304, per=100.00%, avg=1746.25, stdev=532.89, samples=34
   iops        : min= 1286, max=18438, avg=13970.06, stdev=4263.20, samples=34
  lat (usec)   : 2=0.01%, 100=0.01%, 250=0.01%, 500=0.01%, 750=0.01%
  lat (usec)   : 1000=0.01%
  lat (msec)   : 2=0.01%, 4=0.01%, 10=73.55%, 20=24.27%, 50=2.14%
  lat (msec)   : 250=0.01%, 500=0.01%, 750=0.01%, 1000=0.01%
  cpu          : usr=6.51%, sys=83.54%, ctx=113, majf=0, minf=14
  IO depths    : 1=0.1%, 2=0.1%, 4=0.1%, 8=0.1%, 16=0.1%, 32=0.1%, >=64=100.0%
     submit    : 0=0.0%, 4=100.0%, 8=0.0%, 16=0.0%, 32=0.0%, 64=0.0%, >=64=0.0%
     complete  : 0=0.0%, 4=100.0%, 8=0.0%, 16=0.0%, 32=0.0%, 64=0.0%, >=64=0.1%
     issued rwts: total=0,245760,0,0 short=0,0,0,0 dropped=0,0,0,0
     latency   : target=0, window=0, percentile=100.00%, depth=128

Run status group 0 (all jobs):
  WRITE: bw=1710MiB/s (1793MB/s), 1710MiB/s-1710MiB/s (1793MB/s-1793MB/s), io=30.0GiB (32.2GB), run=17963-17963msec
