jobs1: (g=0): rw=write, bs=(R) 32.0KiB-32.0KiB, (W) 32.0KiB-32.0KiB, (T) 32.0KiB-32.0KiB, ioengine=libaio, iodepth=128
fio-3.28
Starting 1 process
jobs1: Laying out IO files (128 files / total 30720MiB)

jobs1: (groupid=0, jobs=1): err= 0: pid=797568: Wed Jul 26 01:53:52 2023
  write: IOPS=55.7k, BW=1742MiB/s (1827MB/s)(30.0GiB/17636msec); 0 zone resets
    slat (usec): min=7, max=132855, avg=17.19, stdev=244.66
    clat (nsec): min=1302, max=436665k, avg=2229028.94, stdev=2394390.37
     lat (usec): min=11, max=436747, avg=2246.31, stdev=2441.55
    clat percentiles (usec):
     |  1.00th=[ 1237],  5.00th=[ 1254], 10.00th=[ 1303], 20.00th=[ 1336],
     | 30.00th=[ 1369], 40.00th=[ 1434], 50.00th=[ 1663], 60.00th=[ 2311],
     | 70.00th=[ 2343], 80.00th=[ 2376], 90.00th=[ 2474], 95.00th=[ 2606],
     | 99.00th=[13829], 99.50th=[16712], 99.90th=[21365], 99.95th=[21890],
     | 99.99th=[26346]
   bw (  MiB/s): min=  182, max= 2745, per=99.63%, avg=1735.48, stdev=667.87, samples=35
   iops        : min= 5840, max=87860, avg=55535.37, stdev=21371.91, samples=35
  lat (usec)   : 2=0.01%, 20=0.01%, 50=0.01%, 100=0.01%, 250=0.01%
  lat (usec)   : 500=0.01%, 750=0.01%, 1000=0.01%
  lat (msec)   : 2=53.46%, 4=42.91%, 10=0.55%, 20=2.93%, 50=0.14%
  lat (msec)   : 100=0.01%, 250=0.01%, 500=0.01%
  cpu          : usr=6.77%, sys=74.48%, ctx=2578, majf=0, minf=16
  IO depths    : 1=0.1%, 2=0.1%, 4=0.1%, 8=0.1%, 16=0.1%, 32=0.1%, >=64=100.0%
     submit    : 0=0.0%, 4=100.0%, 8=0.0%, 16=0.0%, 32=0.0%, 64=0.0%, >=64=0.0%
     complete  : 0=0.0%, 4=100.0%, 8=0.0%, 16=0.0%, 32=0.0%, 64=0.0%, >=64=0.1%
     issued rwts: total=0,983040,0,0 short=0,0,0,0 dropped=0,0,0,0
     latency   : target=0, window=0, percentile=100.00%, depth=128

Run status group 0 (all jobs):
  WRITE: bw=1742MiB/s (1827MB/s), 1742MiB/s-1742MiB/s (1827MB/s-1827MB/s), io=30.0GiB (32.2GB), run=17636-17636msec
