jobs1: (g=0): rw=write, bs=(R) 512KiB-512KiB, (W) 512KiB-512KiB, (T) 512KiB-512KiB, ioengine=libaio, iodepth=128
...
fio-3.28
Starting 16 processes
jobs1: Laying out IO file (1 file / 30720MiB)

jobs1: (groupid=0, jobs=16): err= 0: pid=189318: Tue Jul 25 20:07:16 2023
  write: IOPS=3024, BW=1512MiB/s (1586MB/s)(30.0GiB/20316msec); 0 zone resets
    slat (usec): min=166, max=418011, avg=329.38, stdev=1925.45
    clat (usec): min=2, max=264194, avg=40667.47, stdev=11894.57
     lat (usec): min=294, max=682207, avg=40997.01, stdev=12247.73
    clat percentiles (usec):
     |  1.00th=[23987],  5.00th=[29754], 10.00th=[32900], 20.00th=[33162],
     | 30.00th=[33162], 40.00th=[33424], 50.00th=[34866], 60.00th=[35390],
     | 70.00th=[42730], 80.00th=[55313], 90.00th=[58983], 95.00th=[61604],
     | 99.00th=[71828], 99.50th=[73925], 99.90th=[78119], 99.95th=[79168],
     | 99.99th=[81265]
   bw (  MiB/s): min= 1073, max= 1941, per=100.00%, avg=1554.44, stdev=378.22, samples=39
   iops        : min= 2146, max= 3883, avg=3108.82, stdev=756.44, samples=39
  lat (usec)   : 4=0.01%, 500=0.01%, 750=0.01%, 1000=0.01%
  lat (msec)   : 2=0.01%, 4=0.01%, 10=0.04%, 20=0.06%, 50=75.60%
  lat (msec)   : 100=24.26%, 500=0.01%
  cpu          : usr=6.50%, sys=85.73%, ctx=138, majf=0, minf=54
  IO depths    : 1=0.1%, 2=0.1%, 4=0.1%, 8=0.1%, 16=0.1%, 32=0.1%, >=64=99.9%
     submit    : 0=0.0%, 4=100.0%, 8=0.0%, 16=0.0%, 32=0.0%, 64=0.0%, >=64=0.0%
     complete  : 0=0.0%, 4=100.0%, 8=0.0%, 16=0.0%, 32=0.0%, 64=0.0%, >=64=0.1%
     issued rwts: total=0,61440,0,0 short=0,0,0,0 dropped=0,0,0,0
     latency   : target=0, window=0, percentile=100.00%, depth=128

Run status group 0 (all jobs):
  WRITE: bw=1512MiB/s (1586MB/s), 1512MiB/s-1512MiB/s (1586MB/s-1586MB/s), io=30.0GiB (32.2GB), run=20316-20316msec
