jobs1: (g=0): rw=write, bs=(R) 32.0KiB-32.0KiB, (W) 32.0KiB-32.0KiB, (T) 32.0KiB-32.0KiB, ioengine=libaio, iodepth=128
...
fio-3.28
Starting 32 processes
jobs1: Laying out IO files (512 files / total 30720MiB)

jobs1: (groupid=0, jobs=32): err= 0: pid=1104213: Wed Jul 26 06:04:39 2023
  write: IOPS=142k, BW=4428MiB/s (4643MB/s)(30.0GiB/6938msec); 0 zone resets
    slat (nsec): min=4726, max=37368, avg=6527.03, stdev=1737.41
    clat (nsec): min=1263, max=3236.0k, avg=896254.63, stdev=229907.46
     lat (usec): min=7, max=3253, avg=902.84, stdev=231.59
    clat percentiles (usec):
     |  1.00th=[  783],  5.00th=[  791], 10.00th=[  791], 20.00th=[  791],
     | 30.00th=[  799], 40.00th=[  799], 50.00th=[  799], 60.00th=[  807],
     | 70.00th=[  816], 80.00th=[  824], 90.00th=[ 1450], 95.00th=[ 1467],
     | 99.00th=[ 1483], 99.50th=[ 1483], 99.90th=[ 1549], 99.95th=[ 1876],
     | 99.99th=[ 3130]
   bw (  MiB/s): min= 2719, max= 4962, per=100.00%, avg=4474.81, stdev=919.02, samples=13
   iops        : min=87030, max=158792, avg=143193.92, stdev=29408.86, samples=13
  lat (usec)   : 2=0.01%, 10=0.01%, 20=0.01%, 50=0.01%, 100=0.01%
  lat (usec)   : 250=0.01%, 500=0.01%, 750=0.01%, 1000=85.18%
  lat (msec)   : 2=14.76%, 4=0.05%
  cpu          : usr=11.99%, sys=87.98%, ctx=8, majf=0, minf=79
  IO depths    : 1=0.1%, 2=0.1%, 4=0.1%, 8=0.1%, 16=0.1%, 32=0.1%, >=64=100.0%
     submit    : 0=0.0%, 4=100.0%, 8=0.0%, 16=0.0%, 32=0.0%, 64=0.0%, >=64=0.0%
     complete  : 0=0.0%, 4=100.0%, 8=0.0%, 16=0.0%, 32=0.0%, 64=0.0%, >=64=0.1%
     issued rwts: total=0,983040,0,0 short=0,0,0,0 dropped=0,0,0,0
     latency   : target=0, window=0, percentile=100.00%, depth=128

Run status group 0 (all jobs):
  WRITE: bw=4428MiB/s (4643MB/s), 4428MiB/s-4428MiB/s (4643MB/s-4643MB/s), io=30.0GiB (32.2GB), run=6938-6938msec
