jobs1: (g=0): rw=write, bs=(R) 32.0KiB-32.0KiB, (W) 32.0KiB-32.0KiB, (T) 32.0KiB-32.0KiB, ioengine=libaio, iodepth=128
...
fio-3.28
Starting 16 processes
jobs1: Laying out IO files (128 files / total 30720MiB)

jobs1: (groupid=0, jobs=16): err= 0: pid=799136: Wed Jul 26 01:57:50 2023
  write: IOPS=99.3k, BW=3102MiB/s (3252MB/s)(30.0GiB/9904msec); 0 zone resets
    slat (usec): min=6, max=220, avg= 9.51, stdev= 2.65
    clat (nsec): min=1371, max=5220.6k, avg=1279324.25, stdev=329309.18
     lat (usec): min=8, max=5264, avg=1288.91, stdev=331.80
    clat percentiles (usec):
     |  1.00th=[ 1123],  5.00th=[ 1123], 10.00th=[ 1123], 20.00th=[ 1123],
     | 30.00th=[ 1123], 40.00th=[ 1139], 50.00th=[ 1139], 60.00th=[ 1139],
     | 70.00th=[ 1139], 80.00th=[ 1156], 90.00th=[ 2024], 95.00th=[ 2040],
     | 99.00th=[ 2057], 99.50th=[ 2073], 99.90th=[ 2089], 99.95th=[ 2278],
     | 99.99th=[ 3490]
   bw (  MiB/s): min= 1950, max= 3508, per=100.00%, avg=3103.73, stdev=686.41, samples=19
   iops        : min=62412, max=112276, avg=99319.42, stdev=21965.03, samples=19
  lat (usec)   : 2=0.01%, 10=0.01%, 20=0.01%, 50=0.01%, 100=0.01%
  lat (usec)   : 250=0.01%, 500=0.01%, 750=0.01%, 1000=0.01%
  lat (msec)   : 2=85.93%, 4=14.05%, 10=0.01%
  cpu          : usr=9.78%, sys=90.22%, ctx=17, majf=0, minf=40
  IO depths    : 1=0.1%, 2=0.1%, 4=0.1%, 8=0.1%, 16=0.1%, 32=0.1%, >=64=100.0%
     submit    : 0=0.0%, 4=100.0%, 8=0.0%, 16=0.0%, 32=0.0%, 64=0.0%, >=64=0.0%
     complete  : 0=0.0%, 4=100.0%, 8=0.0%, 16=0.0%, 32=0.0%, 64=0.0%, >=64=0.1%
     issued rwts: total=0,983040,0,0 short=0,0,0,0 dropped=0,0,0,0
     latency   : target=0, window=0, percentile=100.00%, depth=128

Run status group 0 (all jobs):
  WRITE: bw=3102MiB/s (3252MB/s), 3102MiB/s-3102MiB/s (3252MB/s-3252MB/s), io=30.0GiB (32.2GB), run=9904-9904msec
