jobs1: (g=0): rw=write, bs=(R) 4096B-4096B, (W) 4096B-4096B, (T) 4096B-4096B, ioengine=libaio, iodepth=128
...
fio-3.28
Starting 32 processes
jobs1: Laying out IO files (64 files / total 30720MiB)

jobs1: (groupid=0, jobs=32): err= 0: pid=203149: Tue Jul 25 20:58:13 2023
  write: IOPS=355k, BW=1387MiB/s (1454MB/s)(30.0GiB/22153msec); 0 zone resets
    slat (nsec): min=1388, max=134838k, avg=2254.03, stdev=73619.37
    clat (nsec): min=1302, max=288827k, avg=355281.47, stdev=873537.48
     lat (usec): min=2, max=288866, avg=357.60, stdev=880.36
    clat percentiles (usec):
     |  1.00th=[  265],  5.00th=[  269], 10.00th=[  269], 20.00th=[  269],
     | 30.00th=[  273], 40.00th=[  273], 50.00th=[  277], 60.00th=[  297],
     | 70.00th=[  334], 80.00th=[  404], 90.00th=[  457], 95.00th=[  474],
     | 99.00th=[  553], 99.50th=[  619], 99.90th=[11731], 99.95th=[13829],
     | 99.99th=[17433]
   bw (  MiB/s): min=  446, max= 1604, per=100.00%, avg=1387.28, stdev=291.54, samples=44
   iops        : min=114222, max=410740, avg=355142.89, stdev=74634.89, samples=44
  lat (usec)   : 2=0.01%, 4=0.01%, 10=0.01%, 20=0.01%, 50=0.01%
  lat (usec)   : 100=0.01%, 250=0.01%, 500=96.94%, 750=2.66%, 1000=0.06%
  lat (msec)   : 2=0.07%, 4=0.02%, 10=0.09%, 20=0.16%, 50=0.01%
  lat (msec)   : 100=0.01%, 250=0.01%, 500=0.01%
  cpu          : usr=19.61%, sys=70.97%, ctx=1657, majf=0, minf=92
  IO depths    : 1=0.1%, 2=0.1%, 4=0.1%, 8=0.1%, 16=0.1%, 32=0.1%, >=64=100.0%
     submit    : 0=0.0%, 4=100.0%, 8=0.0%, 16=0.0%, 32=0.0%, 64=0.0%, >=64=0.0%
     complete  : 0=0.0%, 4=100.0%, 8=0.0%, 16=0.0%, 32=0.0%, 64=0.0%, >=64=0.1%
     issued rwts: total=0,7864320,0,0 short=0,0,0,0 dropped=0,0,0,0
     latency   : target=0, window=0, percentile=100.00%, depth=128

Run status group 0 (all jobs):
  WRITE: bw=1387MiB/s (1454MB/s), 1387MiB/s-1387MiB/s (1454MB/s-1454MB/s), io=30.0GiB (32.2GB), run=22153-22153msec
