jobs1: (g=0): rw=write, bs=(R) 512KiB-512KiB, (W) 512KiB-512KiB, (T) 512KiB-512KiB, ioengine=libaio, iodepth=128
...
fio-3.28
Starting 32 processes
jobs1: Laying out IO files (1024 files / total 30720MiB)
fio: pid=1194046, err=24/file:filesetup.c:805, func=open(/home/sevag/tmpfs//f1018), error=Too many open files

jobs1: (groupid=0, jobs=32): err=24 (file:filesetup.c:805, func=open(/home/sevag/tmpfs//f1018), error=Too many open files): pid=1194046: Wed Jul 26 10:39:13 2023
  write: IOPS=6175, BW=3088MiB/s (3238MB/s)(510MiB/165msec); 0 zone resets
    slat (usec): min=136, max=186, avg=155.57, stdev= 7.95
    clat (usec): min=42, max=21763, avg=19068.60, stdev=3994.90
     lat (usec): min=213, max=21919, avg=19224.34, stdev=3996.74
    clat percentiles (usec):
     |  1.00th=[ 1778],  5.00th=[ 8029], 10.00th=[15926], 20.00th=[19792],
     | 30.00th=[19792], 40.00th=[20055], 50.00th=[20055], 60.00th=[20055],
     | 70.00th=[20579], 80.00th=[20841], 90.00th=[21103], 95.00th=[21365],
     | 99.00th=[21627], 99.50th=[21627], 99.90th=[21627], 99.95th=[21890],
     | 99.99th=[21890]
  lat (usec)   : 50=0.10%, 500=0.20%, 750=0.10%, 1000=0.20%
  lat (msec)   : 2=0.59%, 4=1.28%, 10=3.73%, 20=44.65%, 50=49.17%
  cpu          : usr=14.63%, sys=84.76%, ctx=0, majf=0, minf=74
  IO depths    : 1=0.1%, 2=0.2%, 4=0.4%, 8=0.8%, 16=1.6%, 32=3.1%, >=64=93.8%
     submit    : 0=0.0%, 4=100.0%, 8=0.0%, 16=0.0%, 32=0.0%, 64=0.0%, >=64=0.0%
     complete  : 0=0.0%, 4=99.9%, 8=0.0%, 16=0.0%, 32=0.0%, 64=0.0%, >=64=0.1%
     issued rwts: total=0,1019,0,0 short=0,0,0,0 dropped=0,0,0,0
     latency   : target=0, window=0, percentile=100.00%, depth=128

Run status group 0 (all jobs):
  WRITE: bw=3088MiB/s (3238MB/s), 3088MiB/s-3088MiB/s (3238MB/s-3238MB/s), io=510MiB (534MB), run=165-165msec
