jobs1: (g=0): rw=write, bs=(R) 4096B-4096B, (W) 4096B-4096B, (T) 4096B-4096B, ioengine=libaio, iodepth=128
fio-3.28
Starting 1 process
jobs1: Laying out IO files (1024 files / total 30720MiB)
fio: pid=1155162, err=24/file:filesetup.c:805, func=open(/home/sevag/ramdisk//f1018), error=Too many open files

jobs1: (groupid=0, jobs=1): err=24 (file:filesetup.c:805, func=open(/home/sevag/ramdisk//f1018), error=Too many open files): pid=1155162: Wed Jul 26 08:46:34 2023
  write: IOPS=59.9k, BW=234MiB/s (246MB/s)(4076KiB/17msec); 0 zone resets
    slat (nsec): min=4106, max=29407, avg=5385.48, stdev=1716.06
    clat (usec): min=63, max=2190, avg=1880.55, stdev=367.45
     lat (usec): min=71, max=2197, avg=1886.20, stdev=367.66
    clat percentiles (usec):
     |  1.00th=[  306],  5.00th=[  906], 10.00th=[ 1713], 20.00th=[ 1860],
     | 30.00th=[ 1909], 40.00th=[ 1942], 50.00th=[ 1958], 60.00th=[ 1991],
     | 70.00th=[ 2040], 80.00th=[ 2073], 90.00th=[ 2147], 95.00th=[ 2180],
     | 99.00th=[ 2180], 99.50th=[ 2180], 99.90th=[ 2180], 99.95th=[ 2180],
     | 99.99th=[ 2180]
  lat (usec)   : 100=0.10%, 250=0.49%, 500=1.86%, 750=1.57%, 1000=1.47%
  lat (msec)   : 2=55.74%, 4=38.76%
  cpu          : usr=37.50%, sys=56.25%, ctx=0, majf=0, minf=24
  IO depths    : 1=0.1%, 2=0.2%, 4=0.4%, 8=0.8%, 16=1.6%, 32=3.1%, >=64=93.8%
     submit    : 0=0.0%, 4=100.0%, 8=0.0%, 16=0.0%, 32=0.0%, 64=0.0%, >=64=0.0%
     complete  : 0=0.0%, 4=99.9%, 8=0.0%, 16=0.0%, 32=0.0%, 64=0.0%, >=64=0.1%
     issued rwts: total=0,1019,0,0 short=0,0,0,0 dropped=0,0,0,0
     latency   : target=0, window=0, percentile=100.00%, depth=128

Run status group 0 (all jobs):
  WRITE: bw=234MiB/s (246MB/s), 234MiB/s-234MiB/s (246MB/s-246MB/s), io=4076KiB (4174kB), run=17-17msec
