jobs1: (g=0): rw=write, bs=(R) 32.0KiB-32.0KiB, (W) 32.0KiB-32.0KiB, (T) 32.0KiB-32.0KiB, ioengine=libaio, iodepth=128
fio-3.28
Starting 1 process
jobs1: Laying out IO files (64 files / total 30720MiB)

jobs1: (groupid=0, jobs=1): err= 0: pid=467096: Tue Jul 25 22:04:11 2023
  write: IOPS=103k, BW=3212MiB/s (3368MB/s)(30.0GiB/9565msec); 0 zone resets
    slat (nsec): min=6503, max=43698, avg=9161.80, stdev=2562.74
    clat (nsec): min=1586, max=3819.0k, avg=1235657.06, stdev=323580.02
     lat (usec): min=10, max=3863, avg=1244.89, stdev=326.02
    clat percentiles (usec):
     |  1.00th=[ 1074],  5.00th=[ 1090], 10.00th=[ 1090], 20.00th=[ 1090],
     | 30.00th=[ 1090], 40.00th=[ 1090], 50.00th=[ 1090], 60.00th=[ 1106],
     | 70.00th=[ 1106], 80.00th=[ 1106], 90.00th=[ 1975], 95.00th=[ 1991],
     | 99.00th=[ 2008], 99.50th=[ 2008], 99.90th=[ 2024], 99.95th=[ 2769],
     | 99.99th=[ 2900]
   bw (  MiB/s): min= 1996, max= 3634, per=99.95%, avg=3210.08, stdev=720.25, samples=19
   iops        : min=63880, max=116310, avg=102722.53, stdev=23048.05, samples=19
  lat (usec)   : 2=0.01%, 20=0.01%, 50=0.01%, 100=0.01%, 250=0.01%
  lat (usec)   : 500=0.01%, 750=0.01%, 1000=0.01%
  lat (msec)   : 2=97.30%, 4=2.69%
  cpu          : usr=10.15%, sys=89.84%, ctx=15, majf=0, minf=14
  IO depths    : 1=0.1%, 2=0.1%, 4=0.1%, 8=0.1%, 16=0.1%, 32=0.1%, >=64=100.0%
     submit    : 0=0.0%, 4=100.0%, 8=0.0%, 16=0.0%, 32=0.0%, 64=0.0%, >=64=0.0%
     complete  : 0=0.0%, 4=100.0%, 8=0.0%, 16=0.0%, 32=0.0%, 64=0.0%, >=64=0.1%
     issued rwts: total=0,983040,0,0 short=0,0,0,0 dropped=0,0,0,0
     latency   : target=0, window=0, percentile=100.00%, depth=128

Run status group 0 (all jobs):
  WRITE: bw=3212MiB/s (3368MB/s), 3212MiB/s-3212MiB/s (3368MB/s-3368MB/s), io=30.0GiB (32.2GB), run=9565-9565msec
