jobs1: (g=0): rw=write, bs=(R) 128KiB-128KiB, (W) 128KiB-128KiB, (T) 128KiB-128KiB, ioengine=libaio, iodepth=128
...
fio-3.28
Starting 16 processes
jobs1: Laying out IO file (1 file / 30720MiB)

jobs1: (groupid=0, jobs=16): err= 0: pid=175573: Tue Jul 25 19:24:23 2023
  write: IOPS=14.2k, BW=1776MiB/s (1863MB/s)(30.0GiB/17295msec); 0 zone resets
    slat (usec): min=33, max=160001, avg=69.66, stdev=661.15
    clat (nsec): min=1718, max=575940k, avg=8588337.74, stdev=3459231.14
     lat (usec): min=40, max=693430, avg=8658.08, stdev=3739.53
    clat percentiles (usec):
     |  1.00th=[ 4752],  5.00th=[ 5276], 10.00th=[ 7046], 20.00th=[ 7111],
     | 30.00th=[ 7177], 40.00th=[ 7308], 50.00th=[ 7504], 60.00th=[ 7570],
     | 70.00th=[ 8291], 80.00th=[10290], 90.00th=[11994], 95.00th=[12780],
     | 99.00th=[23725], 99.50th=[26346], 99.90th=[30278], 99.95th=[31589],
     | 99.99th=[34341]
   bw (  MiB/s): min=  839, max= 2221, per=100.00%, avg=1821.53, stdev=418.81, samples=33
   iops        : min= 6718, max=17770, avg=14572.18, stdev=3350.50, samples=33
  lat (usec)   : 2=0.01%, 50=0.01%, 100=0.01%, 250=0.01%, 500=0.01%
  lat (usec)   : 750=0.01%, 1000=0.01%
  lat (msec)   : 2=0.01%, 4=0.02%, 10=78.10%, 20=20.16%, 50=1.70%
  lat (msec)   : 100=0.01%, 500=0.01%, 750=0.01%
  cpu          : usr=6.31%, sys=85.06%, ctx=113, majf=0, minf=45
  IO depths    : 1=0.1%, 2=0.1%, 4=0.1%, 8=0.1%, 16=0.1%, 32=0.1%, >=64=100.0%
     submit    : 0=0.0%, 4=100.0%, 8=0.0%, 16=0.0%, 32=0.0%, 64=0.0%, >=64=0.0%
     complete  : 0=0.0%, 4=100.0%, 8=0.0%, 16=0.0%, 32=0.0%, 64=0.0%, >=64=0.1%
     issued rwts: total=0,245760,0,0 short=0,0,0,0 dropped=0,0,0,0
     latency   : target=0, window=0, percentile=100.00%, depth=128

Run status group 0 (all jobs):
  WRITE: bw=1776MiB/s (1863MB/s), 1776MiB/s-1776MiB/s (1863MB/s-1863MB/s), io=30.0GiB (32.2GB), run=17295-17295msec
