jobs1: (g=0): rw=write, bs=(R) 512KiB-512KiB, (W) 512KiB-512KiB, (T) 512KiB-512KiB, ioengine=libaio, iodepth=128
fio-3.28
Starting 1 process
jobs1: Laying out IO files (1024 files / total 30720MiB)
fio: pid=1191248, err=24/file:filesetup.c:805, func=open(/home/sevag/ramdisk//f1018), error=Too many open files

jobs1: (groupid=0, jobs=1): err=24 (file:filesetup.c:805, func=open(/home/sevag/ramdisk//f1018), error=Too many open files): pid=1191248: Wed Jul 26 10:34:49 2023
  write: IOPS=3562, BW=1781MiB/s (1868MB/s)(510MiB/286msec); 0 zone resets
    slat (usec): min=247, max=297, avg=270.87, stdev= 8.03
    clat (usec): min=52, max=35760, avg=33346.57, stdev=6907.88
     lat (usec): min=316, max=36030, avg=33617.69, stdev=6908.31
    clat percentiles (usec):
     |  1.00th=[ 2900],  5.00th=[14091], 10.00th=[28443], 20.00th=[35390],
     | 30.00th=[35390], 40.00th=[35390], 50.00th=[35390], 60.00th=[35390],
     | 70.00th=[35390], 80.00th=[35390], 90.00th=[35914], 95.00th=[35914],
     | 99.00th=[35914], 99.50th=[35914], 99.90th=[35914], 99.95th=[35914],
     | 99.99th=[35914]
  lat (usec)   : 100=0.10%, 500=0.10%, 750=0.10%
  lat (msec)   : 2=0.39%, 4=0.79%, 10=2.06%, 20=3.43%, 50=93.03%
  cpu          : usr=7.02%, sys=93.68%, ctx=0, majf=0, minf=26
  IO depths    : 1=0.1%, 2=0.2%, 4=0.4%, 8=0.8%, 16=1.6%, 32=3.1%, >=64=93.8%
     submit    : 0=0.0%, 4=100.0%, 8=0.0%, 16=0.0%, 32=0.0%, 64=0.0%, >=64=0.0%
     complete  : 0=0.0%, 4=99.9%, 8=0.0%, 16=0.0%, 32=0.0%, 64=0.0%, >=64=0.1%
     issued rwts: total=0,1019,0,0 short=0,0,0,0 dropped=0,0,0,0
     latency   : target=0, window=0, percentile=100.00%, depth=128

Run status group 0 (all jobs):
  WRITE: bw=1781MiB/s (1868MB/s), 1781MiB/s-1781MiB/s (1868MB/s-1868MB/s), io=510MiB (534MB), run=286-286msec
