jobs1: (g=0): rw=write, bs=(R) 512KiB-512KiB, (W) 512KiB-512KiB, (T) 512KiB-512KiB, ioengine=libaio, iodepth=128
fio-3.28
Starting 1 process
jobs1: Laying out IO files (128 files / total 30720MiB)

jobs1: (groupid=0, jobs=1): err= 0: pid=853176: Wed Jul 26 03:42:30 2023
  write: IOPS=5712, BW=2856MiB/s (2995MB/s)(30.0GiB/10756msec); 0 zone resets
    slat (usec): min=140, max=300, avg=174.06, stdev=39.57
    clat (usec): min=2, max=35287, avg=22194.90, stdev=5040.77
     lat (usec): min=143, max=35554, avg=22369.07, stdev=5079.77
    clat percentiles (usec):
     |  1.00th=[20055],  5.00th=[20055], 10.00th=[20055], 20.00th=[20055],
     | 30.00th=[20055], 40.00th=[20055], 50.00th=[20055], 60.00th=[20055],
     | 70.00th=[20055], 80.00th=[20317], 90.00th=[34341], 95.00th=[34341],
     | 99.00th=[34866], 99.50th=[34866], 99.90th=[34866], 99.95th=[35390],
     | 99.99th=[35390]
   bw (  MiB/s): min= 1717, max= 3158, per=99.60%, avg=2844.62, stdev=567.77, samples=21
   iops        : min= 3434, max= 6316, avg=5689.24, stdev=1135.54, samples=21
  lat (usec)   : 4=0.01%, 250=0.01%, 500=0.01%, 750=0.01%, 1000=0.01%
  lat (msec)   : 2=0.01%, 4=0.02%, 10=0.06%, 20=0.10%, 50=99.79%
  cpu          : usr=10.56%, sys=89.44%, ctx=16, majf=0, minf=15
  IO depths    : 1=0.1%, 2=0.1%, 4=0.1%, 8=0.1%, 16=0.1%, 32=0.1%, >=64=99.9%
     submit    : 0=0.0%, 4=100.0%, 8=0.0%, 16=0.0%, 32=0.0%, 64=0.0%, >=64=0.0%
     complete  : 0=0.0%, 4=100.0%, 8=0.0%, 16=0.0%, 32=0.0%, 64=0.0%, >=64=0.1%
     issued rwts: total=0,61440,0,0 short=0,0,0,0 dropped=0,0,0,0
     latency   : target=0, window=0, percentile=100.00%, depth=128

Run status group 0 (all jobs):
  WRITE: bw=2856MiB/s (2995MB/s), 2856MiB/s-2856MiB/s (2995MB/s-2995MB/s), io=30.0GiB (32.2GB), run=10756-10756msec
