jobs1: (g=0): rw=write, bs=(R) 4096B-4096B, (W) 4096B-4096B, (T) 4096B-4096B, ioengine=libaio, iodepth=128
...
fio-3.28
Starting 32 processes
jobs1: Laying out IO files (128 files / total 30720MiB)

jobs1: (groupid=0, jobs=32): err= 0: pid=533423: Wed Jul 26 00:42:51 2023
  write: IOPS=203k, BW=795MiB/s (833MB/s)(30.0GiB/38663msec); 0 zone resets
    slat (nsec): min=1418, max=135960k, avg=4176.16, stdev=146193.37
    clat (nsec): min=1630, max=148076k, avg=622958.04, stdev=1576311.43
     lat (usec): min=3, max=148120, avg=627.23, stdev=1583.09
    clat percentiles (usec):
     |  1.00th=[  285],  5.00th=[  293], 10.00th=[  318], 20.00th=[  359],
     | 30.00th=[  396], 40.00th=[  461], 50.00th=[  474], 60.00th=[  478],
     | 70.00th=[  482], 80.00th=[  494], 90.00th=[  510], 95.00th=[  529],
     | 99.00th=[11600], 99.50th=[14222], 99.90th=[15926], 99.95th=[18220],
     | 99.99th=[19792]
   bw (  KiB/s): min=574586, max=1247863, per=100.00%, avg=815061.25, stdev=141353.68, samples=76
   iops        : min=143646, max=311963, avg=203765.28, stdev=35338.37, samples=76
  lat (usec)   : 2=0.01%, 10=0.01%, 20=0.01%, 50=0.01%, 100=0.01%
  lat (usec)   : 250=0.01%, 500=84.22%, 750=14.26%, 1000=0.03%
  lat (msec)   : 2=0.03%, 4=0.01%, 10=0.23%, 20=1.22%, 50=0.01%
  lat (msec)   : 250=0.01%
  cpu          : usr=15.61%, sys=54.53%, ctx=1078, majf=0, minf=60
  IO depths    : 1=0.1%, 2=0.1%, 4=0.1%, 8=0.1%, 16=0.1%, 32=0.1%, >=64=100.0%
     submit    : 0=0.0%, 4=100.0%, 8=0.0%, 16=0.0%, 32=0.0%, 64=0.0%, >=64=0.0%
     complete  : 0=0.0%, 4=100.0%, 8=0.0%, 16=0.0%, 32=0.0%, 64=0.0%, >=64=0.1%
     issued rwts: total=0,7864320,0,0 short=0,0,0,0 dropped=0,0,0,0
     latency   : target=0, window=0, percentile=100.00%, depth=128

Run status group 0 (all jobs):
  WRITE: bw=795MiB/s (833MB/s), 795MiB/s-795MiB/s (833MB/s-833MB/s), io=30.0GiB (32.2GB), run=38663-38663msec
