jobs1: (g=0): rw=write, bs=(R) 32.0KiB-32.0KiB, (W) 32.0KiB-32.0KiB, (T) 32.0KiB-32.0KiB, ioengine=libaio, iodepth=128
...
fio-3.28
Starting 16 processes
jobs1: Laying out IO files (128 files / total 30720MiB)

jobs1: (groupid=0, jobs=16): err= 0: pid=798743: Wed Jul 26 01:57:12 2023
  write: IOPS=56.4k, BW=1761MiB/s (1847MB/s)(30.0GiB/17440msec); 0 zone resets
    slat (usec): min=7, max=40279, avg=16.95, stdev=210.18
    clat (nsec): min=1699, max=276132k, avg=2219049.24, stdev=2360489.83
     lat (usec): min=15, max=316413, avg=2236.09, stdev=2389.58
    clat percentiles (usec):
     |  1.00th=[ 1237],  5.00th=[ 1270], 10.00th=[ 1303], 20.00th=[ 1352],
     | 30.00th=[ 1401], 40.00th=[ 1516], 50.00th=[ 1762], 60.00th=[ 1909],
     | 70.00th=[ 2278], 80.00th=[ 2376], 90.00th=[ 2474], 95.00th=[ 2606],
     | 99.00th=[14353], 99.50th=[16909], 99.90th=[20317], 99.95th=[21365],
     | 99.99th=[39060]
   bw (  MiB/s): min=  670, max= 2829, per=100.00%, avg=1766.60, stdev=599.11, samples=34
   iops        : min=21446, max=90556, avg=56531.12, stdev=19171.45, samples=34
  lat (usec)   : 2=0.01%, 20=0.01%, 50=0.01%, 100=0.01%, 250=0.01%
  lat (usec)   : 500=0.01%, 750=0.01%, 1000=0.01%
  lat (msec)   : 2=62.79%, 4=33.62%, 10=0.29%, 20=3.14%, 50=0.15%
  lat (msec)   : 100=0.01%, 250=0.01%, 500=0.01%
  cpu          : usr=6.16%, sys=74.52%, ctx=2595, majf=0, minf=51
  IO depths    : 1=0.1%, 2=0.1%, 4=0.1%, 8=0.1%, 16=0.1%, 32=0.1%, >=64=100.0%
     submit    : 0=0.0%, 4=100.0%, 8=0.0%, 16=0.0%, 32=0.0%, 64=0.0%, >=64=0.0%
     complete  : 0=0.0%, 4=100.0%, 8=0.0%, 16=0.0%, 32=0.0%, 64=0.0%, >=64=0.1%
     issued rwts: total=0,983040,0,0 short=0,0,0,0 dropped=0,0,0,0
     latency   : target=0, window=0, percentile=100.00%, depth=128

Run status group 0 (all jobs):
  WRITE: bw=1761MiB/s (1847MB/s), 1761MiB/s-1761MiB/s (1847MB/s-1847MB/s), io=30.0GiB (32.2GB), run=17440-17440msec
