jobs1: (g=0): rw=write, bs=(R) 32.0KiB-32.0KiB, (W) 32.0KiB-32.0KiB, (T) 32.0KiB-32.0KiB, ioengine=libaio, iodepth=128
fio-3.28
Starting 1 process
jobs1: Laying out IO files (512 files / total 30720MiB)

jobs1: (groupid=0, jobs=1): err= 0: pid=1098965: Wed Jul 26 05:55:54 2023
  write: IOPS=99.9k, BW=3122MiB/s (3273MB/s)(30.0GiB/9841msec); 0 zone resets
    slat (nsec): min=6501, max=49013, avg=9438.68, stdev=2701.57
    clat (nsec): min=1712, max=4877.9k, avg=1271298.26, stdev=345322.86
     lat (usec): min=10, max=4907, avg=1280.81, stdev=347.91
    clat percentiles (usec):
     |  1.00th=[ 1090],  5.00th=[ 1090], 10.00th=[ 1090], 20.00th=[ 1106],
     | 30.00th=[ 1106], 40.00th=[ 1106], 50.00th=[ 1106], 60.00th=[ 1106],
     | 70.00th=[ 1123], 80.00th=[ 1139], 90.00th=[ 1975], 95.00th=[ 1991],
     | 99.00th=[ 2008], 99.50th=[ 2024], 99.90th=[ 2147], 99.95th=[ 2507],
     | 99.99th=[ 4293]
   bw (  MiB/s): min= 1965, max= 3640, per=99.51%, avg=3106.22, stdev=738.55, samples=19
   iops        : min=62880, max=116492, avg=99399.05, stdev=23633.58, samples=19
  lat (usec)   : 2=0.01%, 20=0.01%, 50=0.01%, 100=0.01%, 250=0.01%
  lat (usec)   : 500=0.01%, 750=0.01%, 1000=0.01%
  lat (msec)   : 2=98.31%, 4=1.67%, 10=0.01%
  cpu          : usr=9.26%, sys=90.73%, ctx=16, majf=0, minf=18
  IO depths    : 1=0.1%, 2=0.1%, 4=0.1%, 8=0.1%, 16=0.1%, 32=0.1%, >=64=100.0%
     submit    : 0=0.0%, 4=100.0%, 8=0.0%, 16=0.0%, 32=0.0%, 64=0.0%, >=64=0.0%
     complete  : 0=0.0%, 4=100.0%, 8=0.0%, 16=0.0%, 32=0.0%, 64=0.0%, >=64=0.1%
     issued rwts: total=0,983040,0,0 short=0,0,0,0 dropped=0,0,0,0
     latency   : target=0, window=0, percentile=100.00%, depth=128

Run status group 0 (all jobs):
  WRITE: bw=3122MiB/s (3273MB/s), 3122MiB/s-3122MiB/s (3273MB/s-3273MB/s), io=30.0GiB (32.2GB), run=9841-9841msec
