jobs1: (g=0): rw=write, bs=(R) 512KiB-512KiB, (W) 512KiB-512KiB, (T) 512KiB-512KiB, ioengine=libaio, iodepth=128
fio-3.28
Starting 1 process
jobs1: Laying out IO files (128 files / total 30720MiB)

jobs1: (groupid=0, jobs=1): err= 0: pid=852883: Wed Jul 26 03:42:05 2023
  write: IOPS=3687, BW=1844MiB/s (1933MB/s)(30.0GiB/16661msec); 0 zone resets
    slat (usec): min=161, max=373678, avg=268.92, stdev=1616.70
    clat (usec): min=2, max=115781, avg=33556.35, stdev=9366.10
     lat (usec): min=179, max=489462, avg=33825.43, stdev=9588.51
    clat percentiles (msec):
     |  1.00th=[   24],  5.00th=[   24], 10.00th=[   25], 20.00th=[   25],
     | 30.00th=[   26], 40.00th=[   31], 50.00th=[   33], 60.00th=[   36],
     | 70.00th=[   39], 80.00th=[   41], 90.00th=[   44], 95.00th=[   53],
     | 99.00th=[   61], 99.50th=[   64], 99.90th=[   84], 99.95th=[  109],
     | 99.99th=[  114]
   bw (  MiB/s): min=   21, max= 2384, per=99.74%, avg=1839.06, stdev=491.59, samples=33
   iops        : min=   42, max= 4768, avg=3678.12, stdev=983.18, samples=33
  lat (usec)   : 4=0.01%, 250=0.01%, 500=0.01%, 750=0.01%, 1000=0.01%
  lat (msec)   : 2=0.01%, 4=0.02%, 10=0.05%, 20=0.09%, 50=93.73%
  lat (msec)   : 100=6.01%, 250=0.09%
  cpu          : usr=7.64%, sys=77.63%, ctx=2385, majf=0, minf=15
  IO depths    : 1=0.1%, 2=0.1%, 4=0.1%, 8=0.1%, 16=0.1%, 32=0.1%, >=64=99.9%
     submit    : 0=0.0%, 4=100.0%, 8=0.0%, 16=0.0%, 32=0.0%, 64=0.0%, >=64=0.0%
     complete  : 0=0.0%, 4=100.0%, 8=0.0%, 16=0.0%, 32=0.0%, 64=0.0%, >=64=0.1%
     issued rwts: total=0,61440,0,0 short=0,0,0,0 dropped=0,0,0,0
     latency   : target=0, window=0, percentile=100.00%, depth=128

Run status group 0 (all jobs):
  WRITE: bw=1844MiB/s (1933MB/s), 1844MiB/s-1844MiB/s (1933MB/s-1933MB/s), io=30.0GiB (32.2GB), run=16661-16661msec
