jobs1: (g=0): rw=write, bs=(R) 512KiB-512KiB, (W) 512KiB-512KiB, (T) 512KiB-512KiB, ioengine=libaio, iodepth=128
fio-3.28
Starting 1 process
jobs1: Laying out IO files (512 files / total 30720MiB)

jobs1: (groupid=0, jobs=1): err= 0: pid=1143325: Wed Jul 26 07:51:05 2023
  write: IOPS=8399, BW=4200MiB/s (4404MB/s)(30.0GiB/7315msec); 0 zone resets
    slat (usec): min=98, max=208, avg=118.02, stdev=15.84
    clat (usec): min=2, max=20835, avg=15098.50, stdev=1967.50
     lat (usec): min=113, max=20999, avg=15216.65, stdev=1982.18
    clat percentiles (usec):
     |  1.00th=[14091],  5.00th=[14091], 10.00th=[14091], 20.00th=[14222],
     | 30.00th=[14222], 40.00th=[14222], 50.00th=[14222], 60.00th=[14353],
     | 70.00th=[14353], 80.00th=[14484], 90.00th=[19268], 95.00th=[19268],
     | 99.00th=[20055], 99.50th=[20579], 99.90th=[20841], 99.95th=[20841],
     | 99.99th=[20841]
   bw (  MiB/s): min= 3071, max= 4468, per=99.55%, avg=4180.86, stdev=519.13, samples=14
   iops        : min= 6142, max= 8936, avg=8361.71, stdev=1038.27, samples=14
  lat (usec)   : 4=0.01%, 250=0.01%, 500=0.01%, 750=0.01%, 1000=0.01%
  lat (msec)   : 2=0.01%, 4=0.03%, 10=0.09%, 20=98.20%, 50=1.66%
  cpu          : usr=13.73%, sys=86.29%, ctx=27, majf=0, minf=17
  IO depths    : 1=0.1%, 2=0.1%, 4=0.1%, 8=0.1%, 16=0.1%, 32=0.1%, >=64=99.9%
     submit    : 0=0.0%, 4=100.0%, 8=0.0%, 16=0.0%, 32=0.0%, 64=0.0%, >=64=0.0%
     complete  : 0=0.0%, 4=100.0%, 8=0.0%, 16=0.0%, 32=0.0%, 64=0.0%, >=64=0.1%
     issued rwts: total=0,61440,0,0 short=0,0,0,0 dropped=0,0,0,0
     latency   : target=0, window=0, percentile=100.00%, depth=128

Run status group 0 (all jobs):
  WRITE: bw=4200MiB/s (4404MB/s), 4200MiB/s-4200MiB/s (4404MB/s-4404MB/s), io=30.0GiB (32.2GB), run=7315-7315msec
