jobs1: (g=0): rw=write, bs=(R) 512KiB-512KiB, (W) 512KiB-512KiB, (T) 512KiB-512KiB, ioengine=libaio, iodepth=128
fio-3.28
Starting 1 process
jobs1: Laying out IO files (64 files / total 30720MiB)

jobs1: (groupid=0, jobs=1): err= 0: pid=512399: Tue Jul 25 23:46:52 2023
  write: IOPS=5701, BW=2851MiB/s (2989MB/s)(30.0GiB/10777msec); 0 zone resets
    slat (usec): min=142, max=295, avg=174.28, stdev=41.29
    clat (usec): min=2, max=34876, avg=22239.12, stdev=5267.08
     lat (usec): min=166, max=35149, avg=22413.56, stdev=5307.83
    clat percentiles (usec):
     |  1.00th=[19792],  5.00th=[19792], 10.00th=[19792], 20.00th=[19792],
     | 30.00th=[19792], 40.00th=[20055], 50.00th=[20055], 60.00th=[20055],
     | 70.00th=[20055], 80.00th=[20055], 90.00th=[34341], 95.00th=[34341],
     | 99.00th=[34341], 99.50th=[34341], 99.90th=[34341], 99.95th=[34866],
     | 99.99th=[34866]
   bw (  MiB/s): min= 1728, max= 3189, per=99.54%, avg=2837.31, stdev=589.18, samples=21
   iops        : min= 3457, max= 6378, avg=5674.52, stdev=1178.31, samples=21
  lat (usec)   : 4=0.01%, 250=0.01%, 500=0.01%, 750=0.01%, 1000=0.01%
  lat (msec)   : 2=0.01%, 4=0.02%, 10=0.06%, 20=72.82%, 50=27.07%
  cpu          : usr=10.58%, sys=89.41%, ctx=17, majf=0, minf=12
  IO depths    : 1=0.1%, 2=0.1%, 4=0.1%, 8=0.1%, 16=0.1%, 32=0.1%, >=64=99.9%
     submit    : 0=0.0%, 4=100.0%, 8=0.0%, 16=0.0%, 32=0.0%, 64=0.0%, >=64=0.0%
     complete  : 0=0.0%, 4=100.0%, 8=0.0%, 16=0.0%, 32=0.0%, 64=0.0%, >=64=0.1%
     issued rwts: total=0,61440,0,0 short=0,0,0,0 dropped=0,0,0,0
     latency   : target=0, window=0, percentile=100.00%, depth=128

Run status group 0 (all jobs):
  WRITE: bw=2851MiB/s (2989MB/s), 2851MiB/s-2851MiB/s (2989MB/s-2989MB/s), io=30.0GiB (32.2GB), run=10777-10777msec
