jobs1: (g=0): rw=write, bs=(R) 512KiB-512KiB, (W) 512KiB-512KiB, (T) 512KiB-512KiB, ioengine=libaio, iodepth=128
...
fio-3.28
Starting 32 processes
jobs1: Laying out IO files (1024 files / total 30720MiB)
fio: pid=1193105, err=24/file:filesetup.c:805, func=open(/home/sevag/fuse_boc//f1018), error=Too many open files

jobs1: (groupid=0, jobs=32): err=24 (file:filesetup.c:805, func=open(/home/sevag/fuse_boc//f1018), error=Too many open files): pid=1193105: Wed Jul 26 10:37:27 2023
  write: IOPS=581, BW=291MiB/s (305MB/s)(510MiB/1751msec); 0 zone resets
    slat (usec): min=233, max=613589, avg=1624.70, stdev=25185.03
    clat (usec): min=64, max=575942, avg=73325.19, stdev=27680.34
     lat (usec): min=401, max=1189.5k, avg=74950.17, stdev=44612.16
    clat percentiles (msec):
     |  1.00th=[    5],  5.00th=[   34], 10.00th=[   40], 20.00th=[   49],
     | 30.00th=[   73], 40.00th=[   80], 50.00th=[   83], 60.00th=[   85],
     | 70.00th=[   86], 80.00th=[   91], 90.00th=[   94], 95.00th=[   97],
     | 99.00th=[  101], 99.50th=[  102], 99.90th=[  102], 99.95th=[  575],
     | 99.99th=[  575]
   bw (  KiB/s): min=558080, max=558080, per=100.00%, avg=558080.00, stdev= 0.00, samples=1
   iops        : min= 1090, max= 1090, avg=1090.00, stdev= 0.00, samples=1
  lat (usec)   : 100=0.10%, 750=0.10%
  lat (msec)   : 2=0.20%, 4=0.49%, 10=1.18%, 20=1.86%, 50=18.94%
  lat (msec)   : 100=75.76%, 250=1.28%, 750=0.10%
  cpu          : usr=2.00%, sys=20.40%, ctx=1107, majf=0, minf=82
  IO depths    : 1=0.1%, 2=0.2%, 4=0.4%, 8=0.8%, 16=1.6%, 32=3.1%, >=64=93.8%
     submit    : 0=0.0%, 4=100.0%, 8=0.0%, 16=0.0%, 32=0.0%, 64=0.0%, >=64=0.0%
     complete  : 0=0.0%, 4=99.9%, 8=0.0%, 16=0.0%, 32=0.0%, 64=0.0%, >=64=0.1%
     issued rwts: total=0,1019,0,0 short=0,0,0,0 dropped=0,0,0,0
     latency   : target=0, window=0, percentile=100.00%, depth=128

Run status group 0 (all jobs):
  WRITE: bw=291MiB/s (305MB/s), 291MiB/s-291MiB/s (305MB/s-305MB/s), io=510MiB (534MB), run=1751-1751msec
