jobs1: (g=0): rw=write, bs=(R) 512KiB-512KiB, (W) 512KiB-512KiB, (T) 512KiB-512KiB, ioengine=libaio, iodepth=128
...
fio-3.28
Starting 16 processes
jobs1: Laying out IO file (1 file / 30720MiB)

jobs1: (groupid=0, jobs=16): err= 0: pid=189715: Tue Jul 25 20:07:56 2023
  write: IOPS=5744, BW=2872MiB/s (3012MB/s)(30.0GiB/10696msec); 0 zone resets
    slat (usec): min=142, max=1025, avg=173.03, stdev=41.83
    clat (usec): min=2, max=42280, avg=22058.18, stdev=5228.98
     lat (usec): min=159, max=42557, avg=22231.35, stdev=5269.82
    clat percentiles (usec):
     |  1.00th=[19792],  5.00th=[19792], 10.00th=[19792], 20.00th=[19792],
     | 30.00th=[19792], 40.00th=[19792], 50.00th=[19792], 60.00th=[19792],
     | 70.00th=[19792], 80.00th=[20055], 90.00th=[34341], 95.00th=[34341],
     | 99.00th=[34341], 99.50th=[34341], 99.90th=[34866], 99.95th=[34866],
     | 99.99th=[41681]
   bw (  MiB/s): min= 1717, max= 3210, per=99.91%, avg=2869.44, stdev=596.92, samples=21
   iops        : min= 3434, max= 6420, avg=5738.76, stdev=1193.86, samples=21
  lat (usec)   : 4=0.01%, 250=0.01%, 500=0.01%, 750=0.01%, 1000=0.01%
  lat (msec)   : 2=0.01%, 4=0.02%, 10=0.06%, 20=82.85%, 50=17.04%
  cpu          : usr=9.61%, sys=90.38%, ctx=19, majf=0, minf=47
  IO depths    : 1=0.1%, 2=0.1%, 4=0.1%, 8=0.1%, 16=0.1%, 32=0.1%, >=64=99.9%
     submit    : 0=0.0%, 4=100.0%, 8=0.0%, 16=0.0%, 32=0.0%, 64=0.0%, >=64=0.0%
     complete  : 0=0.0%, 4=100.0%, 8=0.0%, 16=0.0%, 32=0.0%, 64=0.0%, >=64=0.1%
     issued rwts: total=0,61440,0,0 short=0,0,0,0 dropped=0,0,0,0
     latency   : target=0, window=0, percentile=100.00%, depth=128

Run status group 0 (all jobs):
  WRITE: bw=2872MiB/s (3012MB/s), 2872MiB/s-2872MiB/s (3012MB/s-3012MB/s), io=30.0GiB (32.2GB), run=10696-10696msec
