jobs1: (g=0): rw=write, bs=(R) 4096B-4096B, (W) 4096B-4096B, (T) 4096B-4096B, ioengine=libaio, iodepth=128
fio-3.28
Starting 1 process
jobs1: Laying out IO files (128 files / total 30720MiB)

jobs1: (groupid=0, jobs=1): err= 0: pid=531263: Wed Jul 26 00:36:22 2023
  write: IOPS=365k, BW=1426MiB/s (1495MB/s)(30.0GiB/21547msec); 0 zone resets
    slat (nsec): min=1404, max=122317k, avg=2210.50, stdev=70544.98
    clat (nsec): min=1381, max=257128k, avg=346233.87, stdev=834276.77
     lat (usec): min=3, max=257135, avg=348.51, stdev=840.08
    clat percentiles (usec):
     |  1.00th=[  273],  5.00th=[  277], 10.00th=[  277], 20.00th=[  281],
     | 30.00th=[  281], 40.00th=[  285], 50.00th=[  285], 60.00th=[  293],
     | 70.00th=[  302], 80.00th=[  338], 90.00th=[  383], 95.00th=[  469],
     | 99.00th=[  523], 99.50th=[  619], 99.90th=[11338], 99.95th=[13173],
     | 99.99th=[17695]
   bw (  MiB/s): min=  457, max= 1601, per=99.99%, avg=1425.52, stdev=211.08, samples=43
   iops        : min=117046, max=409956, avg=364932.65, stdev=54036.02, samples=43
  lat (usec)   : 2=0.01%, 4=0.01%, 10=0.01%, 20=0.01%, 50=0.01%
  lat (usec)   : 100=0.01%, 250=0.01%, 500=98.63%, 750=0.94%, 1000=0.10%
  lat (msec)   : 2=0.04%, 4=0.01%, 10=0.09%, 20=0.19%, 50=0.01%
  lat (msec)   : 100=0.01%, 250=0.01%, 500=0.01%
  cpu          : usr=19.34%, sys=70.48%, ctx=3023, majf=0, minf=16
  IO depths    : 1=0.1%, 2=0.1%, 4=0.1%, 8=0.1%, 16=0.1%, 32=0.1%, >=64=100.0%
     submit    : 0=0.0%, 4=100.0%, 8=0.0%, 16=0.0%, 32=0.0%, 64=0.0%, >=64=0.0%
     complete  : 0=0.0%, 4=100.0%, 8=0.0%, 16=0.0%, 32=0.0%, 64=0.0%, >=64=0.1%
     issued rwts: total=0,7864320,0,0 short=0,0,0,0 dropped=0,0,0,0
     latency   : target=0, window=0, percentile=100.00%, depth=128

Run status group 0 (all jobs):
  WRITE: bw=1426MiB/s (1495MB/s), 1426MiB/s-1426MiB/s (1495MB/s-1495MB/s), io=30.0GiB (32.2GB), run=21547-21547msec
