jobs1: (g=0): rw=write, bs=(R) 512KiB-512KiB, (W) 512KiB-512KiB, (T) 512KiB-512KiB, ioengine=libaio, iodepth=128
...
fio-3.28
Starting 16 processes
jobs1: Laying out IO files (512 files / total 30720MiB)

jobs1: (groupid=0, jobs=16): err= 0: pid=1144671: Wed Jul 26 07:55:03 2023
  write: IOPS=8960, BW=4480MiB/s (4698MB/s)(30.0GiB/6857msec); 0 zone resets
    slat (usec): min=97, max=163, avg=110.68, stdev= 5.02
    clat (usec): min=2, max=17140, avg=14153.84, stdev=423.90
     lat (usec): min=116, max=17276, avg=14264.64, stdev=424.61
    clat percentiles (usec):
     |  1.00th=[13960],  5.00th=[13960], 10.00th=[14091], 20.00th=[14091],
     | 30.00th=[14091], 40.00th=[14091], 50.00th=[14091], 60.00th=[14091],
     | 70.00th=[14222], 80.00th=[14222], 90.00th=[14353], 95.00th=[14353],
     | 99.00th=[15139], 99.50th=[15533], 99.90th=[16057], 99.95th=[16319],
     | 99.99th=[16909]
   bw (  MiB/s): min= 4263, max= 4501, per=99.90%, avg=4475.68, stdev=64.04, samples=13
   iops        : min= 8527, max= 9002, avg=8951.23, stdev=128.24, samples=13
  lat (usec)   : 4=0.01%, 250=0.01%, 500=0.01%, 750=0.01%, 1000=0.01%
  lat (msec)   : 2=0.01%, 4=0.03%, 10=0.09%, 20=99.85%
  cpu          : usr=13.13%, sys=86.86%, ctx=12, majf=0, minf=46
  IO depths    : 1=0.1%, 2=0.1%, 4=0.1%, 8=0.1%, 16=0.1%, 32=0.1%, >=64=99.9%
     submit    : 0=0.0%, 4=100.0%, 8=0.0%, 16=0.0%, 32=0.0%, 64=0.0%, >=64=0.0%
     complete  : 0=0.0%, 4=100.0%, 8=0.0%, 16=0.0%, 32=0.0%, 64=0.0%, >=64=0.1%
     issued rwts: total=0,61440,0,0 short=0,0,0,0 dropped=0,0,0,0
     latency   : target=0, window=0, percentile=100.00%, depth=128

Run status group 0 (all jobs):
  WRITE: bw=4480MiB/s (4698MB/s), 4480MiB/s-4480MiB/s (4698MB/s-4698MB/s), io=30.0GiB (32.2GB), run=6857-6857msec
