jobs1: (g=0): rw=write, bs=(R) 512KiB-512KiB, (W) 512KiB-512KiB, (T) 512KiB-512KiB, ioengine=libaio, iodepth=128
...
fio-3.28
Starting 16 processes
jobs1: Laying out IO files (1024 files / total 30720MiB)
fio: pid=1192512, err=24/file:filesetup.c:805, func=open(/home/sevag/ramdisk//f1018), error=Too many open files

jobs1: (groupid=0, jobs=16): err=24 (file:filesetup.c:805, func=open(/home/sevag/ramdisk//f1018), error=Too many open files): pid=1192512: Wed Jul 26 10:36:39 2023
  write: IOPS=3408, BW=1704MiB/s (1787MB/s)(510MiB/299msec); 0 zone resets
    slat (usec): min=250, max=1985, avg=283.49, stdev=105.95
    clat (usec): min=50, max=49066, avg=33492.02, stdev=7114.38
     lat (usec): min=323, max=49347, avg=33775.76, stdev=7132.12
    clat percentiles (usec):
     |  1.00th=[ 2900],  5.00th=[13960], 10.00th=[28181], 20.00th=[35390],
     | 30.00th=[35390], 40.00th=[35390], 50.00th=[35390], 60.00th=[35390],
     | 70.00th=[35390], 80.00th=[35914], 90.00th=[35914], 95.00th=[35914],
     | 99.00th=[43254], 99.50th=[48497], 99.90th=[49021], 99.95th=[49021],
     | 99.99th=[49021]
  lat (usec)   : 100=0.10%, 500=0.10%, 750=0.10%, 1000=0.10%
  lat (msec)   : 2=0.29%, 4=0.79%, 10=2.06%, 20=3.53%, 50=92.93%
  cpu          : usr=8.05%, sys=92.28%, ctx=0, majf=0, minf=51
  IO depths    : 1=0.1%, 2=0.2%, 4=0.4%, 8=0.8%, 16=1.6%, 32=3.1%, >=64=93.8%
     submit    : 0=0.0%, 4=100.0%, 8=0.0%, 16=0.0%, 32=0.0%, 64=0.0%, >=64=0.0%
     complete  : 0=0.0%, 4=99.9%, 8=0.0%, 16=0.0%, 32=0.0%, 64=0.0%, >=64=0.1%
     issued rwts: total=0,1019,0,0 short=0,0,0,0 dropped=0,0,0,0
     latency   : target=0, window=0, percentile=100.00%, depth=128

Run status group 0 (all jobs):
  WRITE: bw=1704MiB/s (1787MB/s), 1704MiB/s-1704MiB/s (1787MB/s-1787MB/s), io=510MiB (534MB), run=299-299msec
