jobs1: (g=0): rw=write, bs=(R) 512KiB-512KiB, (W) 512KiB-512KiB, (T) 512KiB-512KiB, ioengine=libaio, iodepth=128
...
fio-3.28
Starting 16 processes
jobs1: Laying out IO files (512 files / total 30720MiB)

jobs1: (groupid=0, jobs=16): err= 0: pid=1144340: Wed Jul 26 07:54:33 2023
  write: IOPS=5805, BW=2903MiB/s (3044MB/s)(30.0GiB/10583msec); 0 zone resets
    slat (usec): min=143, max=1424, avg=171.04, stdev=38.13
    clat (usec): min=2, max=39343, avg=21825.79, stdev=4706.82
     lat (usec): min=160, max=39562, avg=21996.97, stdev=4743.37
    clat percentiles (usec):
     |  1.00th=[19792],  5.00th=[19792], 10.00th=[19792], 20.00th=[20055],
     | 30.00th=[20055], 40.00th=[20055], 50.00th=[20055], 60.00th=[20055],
     | 70.00th=[20055], 80.00th=[20055], 90.00th=[34341], 95.00th=[34341],
     | 99.00th=[34341], 99.50th=[34341], 99.90th=[34341], 99.95th=[34341],
     | 99.99th=[38536]
   bw (  MiB/s): min= 1815, max= 3201, per=100.00%, avg=2904.14, stdev=531.79, samples=21
   iops        : min= 3631, max= 6402, avg=5808.14, stdev=1063.62, samples=21
  lat (usec)   : 4=0.01%, 250=0.01%, 500=0.01%, 750=0.01%, 1000=0.01%
  lat (msec)   : 2=0.01%, 4=0.02%, 10=0.06%, 20=31.42%, 50=68.48%
  cpu          : usr=9.71%, sys=90.29%, ctx=16, majf=0, minf=46
  IO depths    : 1=0.1%, 2=0.1%, 4=0.1%, 8=0.1%, 16=0.1%, 32=0.1%, >=64=99.9%
     submit    : 0=0.0%, 4=100.0%, 8=0.0%, 16=0.0%, 32=0.0%, 64=0.0%, >=64=0.0%
     complete  : 0=0.0%, 4=100.0%, 8=0.0%, 16=0.0%, 32=0.0%, 64=0.0%, >=64=0.1%
     issued rwts: total=0,61440,0,0 short=0,0,0,0 dropped=0,0,0,0
     latency   : target=0, window=0, percentile=100.00%, depth=128

Run status group 0 (all jobs):
  WRITE: bw=2903MiB/s (3044MB/s), 2903MiB/s-2903MiB/s (3044MB/s-3044MB/s), io=30.0GiB (32.2GB), run=10583-10583msec
