jobs1: (g=0): rw=write, bs=(R) 4096B-4096B, (W) 4096B-4096B, (T) 4096B-4096B, ioengine=libaio, iodepth=128
...
fio-3.28
Starting 32 processes
jobs1: Laying out IO file (1 file / 30720MiB)

jobs1: (groupid=0, jobs=32): err= 0: pid=13139: Tue Jul 25 17:34:55 2023
  write: IOPS=331k, BW=1292MiB/s (1355MB/s)(30.0GiB/23772msec); 0 zone resets
    slat (nsec): min=1396, max=135565k, avg=2461.42, stdev=77322.70
    clat (nsec): min=1372, max=416163k, avg=380226.98, stdev=1098476.57
     lat (usec): min=3, max=416197, avg=382.76, stdev=1109.54
    clat percentiles (usec):
     |  1.00th=[  265],  5.00th=[  265], 10.00th=[  269], 20.00th=[  269],
     | 30.00th=[  273], 40.00th=[  322], 50.00th=[  347], 60.00th=[  355],
     | 70.00th=[  371], 80.00th=[  420], 90.00th=[  474], 95.00th=[  562],
     | 99.00th=[  652], 99.50th=[  799], 99.90th=[11469], 99.95th=[13304],
     | 99.99th=[16188]
   bw (  MiB/s): min=  292, max= 1524, per=100.00%, avg=1296.18, stdev=274.39, samples=47
   iops        : min=74933, max=390278, avg=331821.62, stdev=70244.32, samples=47
  lat (usec)   : 2=0.01%, 10=0.01%, 20=0.01%, 50=0.01%, 100=0.01%
  lat (usec)   : 250=0.01%, 500=91.69%, 750=7.72%, 1000=0.21%
  lat (msec)   : 2=0.17%, 4=0.01%, 10=0.05%, 20=0.16%, 50=0.01%
  lat (msec)   : 100=0.01%, 250=0.01%, 500=0.01%
  cpu          : usr=18.98%, sys=73.07%, ctx=284, majf=0, minf=70
  IO depths    : 1=0.1%, 2=0.1%, 4=0.1%, 8=0.1%, 16=0.1%, 32=0.1%, >=64=100.0%
     submit    : 0=0.0%, 4=100.0%, 8=0.0%, 16=0.0%, 32=0.0%, 64=0.0%, >=64=0.0%
     complete  : 0=0.0%, 4=100.0%, 8=0.0%, 16=0.0%, 32=0.0%, 64=0.0%, >=64=0.1%
     issued rwts: total=0,7864320,0,0 short=0,0,0,0 dropped=0,0,0,0
     latency   : target=0, window=0, percentile=100.00%, depth=128

Run status group 0 (all jobs):
  WRITE: bw=1292MiB/s (1355MB/s), 1292MiB/s-1292MiB/s (1355MB/s-1355MB/s), io=30.0GiB (32.2GB), run=23772-23772msec
