jobs1: (g=0): rw=write, bs=(R) 512KiB-512KiB, (W) 512KiB-512KiB, (T) 512KiB-512KiB, ioengine=libaio, iodepth=128
fio-3.28
Starting 1 process
jobs1: Laying out IO files (128 files / total 30720MiB)

jobs1: (groupid=0, jobs=1): err= 0: pid=852554: Wed Jul 26 03:41:15 2023
  write: IOPS=1549, BW=775MiB/s (812MB/s)(30.0GiB/39660msec); 0 zone resets
    slat (usec): min=210, max=414197, avg=641.84, stdev=2448.41
    clat (usec): min=4, max=111353, avg=81060.35, stdev=7463.77
     lat (usec): min=427, max=468248, avg=81702.67, stdev=7624.04
    clat percentiles (msec):
     |  1.00th=[   53],  5.00th=[   69], 10.00th=[   71], 20.00th=[   77],
     | 30.00th=[   80], 40.00th=[   82], 50.00th=[   83], 60.00th=[   83],
     | 70.00th=[   84], 80.00th=[   86], 90.00th=[   90], 95.00th=[   93],
     | 99.00th=[   97], 99.50th=[  100], 99.90th=[  106], 99.95th=[  107],
     | 99.99th=[  111]
   bw (  KiB/s): min=114688, max=1037312, per=99.87%, avg=792161.22, stdev=86017.33, samples=79
   iops        : min=  224, max= 2026, avg=1547.19, stdev=168.00, samples=79
  lat (usec)   : 10=0.01%, 500=0.01%, 1000=0.01%
  lat (msec)   : 2=0.01%, 4=0.01%, 10=0.01%, 20=0.01%, 50=0.45%
  lat (msec)   : 100=99.08%, 250=0.44%
  cpu          : usr=5.85%, sys=57.32%, ctx=1199, majf=0, minf=15
  IO depths    : 1=0.1%, 2=0.1%, 4=0.1%, 8=0.1%, 16=0.1%, 32=0.1%, >=64=99.9%
     submit    : 0=0.0%, 4=100.0%, 8=0.0%, 16=0.0%, 32=0.0%, 64=0.0%, >=64=0.0%
     complete  : 0=0.0%, 4=100.0%, 8=0.0%, 16=0.0%, 32=0.0%, 64=0.0%, >=64=0.1%
     issued rwts: total=0,61440,0,0 short=0,0,0,0 dropped=0,0,0,0
     latency   : target=0, window=0, percentile=100.00%, depth=128

Run status group 0 (all jobs):
  WRITE: bw=775MiB/s (812MB/s), 775MiB/s-775MiB/s (812MB/s-812MB/s), io=30.0GiB (32.2GB), run=39660-39660msec
