jobs1: (g=0): rw=write, bs=(R) 128KiB-128KiB, (W) 128KiB-128KiB, (T) 128KiB-128KiB, ioengine=libaio, iodepth=128
...
fio-3.28
Starting 16 processes
jobs1: Laying out IO files (512 files / total 30720MiB)

jobs1: (groupid=0, jobs=16): err= 0: pid=1131358: Wed Jul 26 06:56:39 2023
  write: IOPS=6313, BW=789MiB/s (827MB/s)(30.0GiB/38929msec); 0 zone resets
    slat (usec): min=47, max=133833, avg=156.53, stdev=1028.67
    clat (usec): min=4, max=218597, avg=19940.98, stdev=6749.53
     lat (usec): min=110, max=352432, avg=20097.74, stdev=6773.96
    clat percentiles (usec):
     |  1.00th=[10159],  5.00th=[10814], 10.00th=[11338], 20.00th=[12125],
     | 30.00th=[12911], 40.00th=[14091], 50.00th=[23462], 60.00th=[24511],
     | 70.00th=[25560], 80.00th=[26346], 90.00th=[27132], 95.00th=[27919],
     | 99.00th=[29492], 99.50th=[30278], 99.90th=[31851], 99.95th=[32113],
     | 99.99th=[33162]
   bw (  KiB/s): min=446693, max=835328, per=100.00%, avg=808240.83, stdev=43650.72, samples=77
   iops        : min= 3489, max= 6526, avg=6314.32, stdev=341.09, samples=77
  lat (usec)   : 10=0.01%, 250=0.01%, 500=0.01%, 750=0.01%, 1000=0.01%
  lat (msec)   : 2=0.01%, 4=0.01%, 10=0.59%, 20=41.07%, 50=58.32%
  lat (msec)   : 100=0.01%, 250=0.01%
  cpu          : usr=4.02%, sys=54.62%, ctx=2758, majf=0, minf=47
  IO depths    : 1=0.1%, 2=0.1%, 4=0.1%, 8=0.1%, 16=0.1%, 32=0.1%, >=64=100.0%
     submit    : 0=0.0%, 4=100.0%, 8=0.0%, 16=0.0%, 32=0.0%, 64=0.0%, >=64=0.0%
     complete  : 0=0.0%, 4=100.0%, 8=0.0%, 16=0.0%, 32=0.0%, 64=0.0%, >=64=0.1%
     issued rwts: total=0,245760,0,0 short=0,0,0,0 dropped=0,0,0,0
     latency   : target=0, window=0, percentile=100.00%, depth=128

Run status group 0 (all jobs):
  WRITE: bw=789MiB/s (827MB/s), 789MiB/s-789MiB/s (827MB/s-827MB/s), io=30.0GiB (32.2GB), run=38929-38929msec
