jobs1: (g=0): rw=write, bs=(R) 4096B-4096B, (W) 4096B-4096B, (T) 4096B-4096B, ioengine=libaio, iodepth=128
...
fio-3.28
Starting 16 processes
jobs1: Laying out IO files (128 files / total 30720MiB)

jobs1: (groupid=0, jobs=16): err= 0: pid=532830: Wed Jul 26 00:41:01 2023
  write: IOPS=475k, BW=1857MiB/s (1947MB/s)(30.0GiB/16542msec); 0 zone resets
    slat (nsec): min=1198, max=65619, avg=1609.97, stdev=441.49
    clat (nsec): min=1386, max=1626.6k, avg=267358.93, stdev=49279.90
     lat (usec): min=2, max=1647, avg=269.03, stdev=49.59
    clat percentiles (usec):
     |  1.00th=[  245],  5.00th=[  247], 10.00th=[  249], 20.00th=[  251],
     | 30.00th=[  251], 40.00th=[  251], 50.00th=[  253], 60.00th=[  253],
     | 70.00th=[  253], 80.00th=[  255], 90.00th=[  269], 95.00th=[  420],
     | 99.00th=[  433], 99.50th=[  437], 99.90th=[  461], 99.95th=[  482],
     | 99.99th=[  906]
   bw (  MiB/s): min= 1161, max= 1972, per=100.00%, avg=1860.34, stdev=269.07, samples=32
   iops        : min=297434, max=505026, avg=476245.91, stdev=68882.98, samples=32
  lat (usec)   : 2=0.01%, 4=0.01%, 10=0.01%, 20=0.01%, 50=0.01%
  lat (usec)   : 100=0.01%, 250=17.02%, 500=82.93%, 750=0.03%, 1000=0.02%
  lat (msec)   : 2=0.01%
  cpu          : usr=23.00%, sys=76.98%, ctx=34, majf=0, minf=39
  IO depths    : 1=0.1%, 2=0.1%, 4=0.1%, 8=0.1%, 16=0.1%, 32=0.1%, >=64=100.0%
     submit    : 0=0.0%, 4=100.0%, 8=0.0%, 16=0.0%, 32=0.0%, 64=0.0%, >=64=0.0%
     complete  : 0=0.0%, 4=100.0%, 8=0.0%, 16=0.0%, 32=0.0%, 64=0.0%, >=64=0.1%
     issued rwts: total=0,7864320,0,0 short=0,0,0,0 dropped=0,0,0,0
     latency   : target=0, window=0, percentile=100.00%, depth=128

Run status group 0 (all jobs):
  WRITE: bw=1857MiB/s (1947MB/s), 1857MiB/s-1857MiB/s (1947MB/s-1947MB/s), io=30.0GiB (32.2GB), run=16542-16542msec
