jobs1: (g=0): rw=write, bs=(R) 32.0KiB-32.0KiB, (W) 32.0KiB-32.0KiB, (T) 32.0KiB-32.0KiB, ioengine=libaio, iodepth=128
fio-3.28
Starting 1 process
jobs1: Laying out IO files (128 files / total 30720MiB)

jobs1: (groupid=0, jobs=1): err= 0: pid=797356: Wed Jul 26 01:53:13 2023
  write: IOPS=29.8k, BW=931MiB/s (976MB/s)(30.0GiB/32988msec); 0 zone resets
    slat (usec): min=8, max=124120, avg=32.38, stdev=427.20
    clat (usec): min=2, max=376189, avg=4216.23, stdev=4342.58
     lat (usec): min=15, max=376246, avg=4248.77, stdev=4373.69
    clat percentiles (usec):
     |  1.00th=[ 1762],  5.00th=[ 1778], 10.00th=[ 1795], 20.00th=[ 1926],
     | 30.00th=[ 2245], 40.00th=[ 2474], 50.00th=[ 2868], 60.00th=[ 3097],
     | 70.00th=[ 3294], 80.00th=[ 3589], 90.00th=[12125], 95.00th=[16057],
     | 99.00th=[18744], 99.50th=[20579], 99.90th=[21890], 99.95th=[22152],
     | 99.99th=[22676]
   bw (  KiB/s): min=339136, max=1621696, per=99.12%, avg=945246.52, stdev=286598.98, samples=65
   iops        : min=10598, max=50678, avg=29538.95, stdev=8956.21, samples=65
  lat (usec)   : 4=0.01%, 20=0.01%, 50=0.01%, 100=0.01%, 250=0.01%
  lat (usec)   : 500=0.01%, 750=0.01%, 1000=0.01%
  lat (msec)   : 2=20.72%, 4=64.29%, 10=2.51%, 20=11.86%, 50=0.62%
  lat (msec)   : 100=0.01%, 250=0.01%, 500=0.01%
  cpu          : usr=5.53%, sys=57.04%, ctx=1315, majf=0, minf=15
  IO depths    : 1=0.1%, 2=0.1%, 4=0.1%, 8=0.1%, 16=0.1%, 32=0.1%, >=64=100.0%
     submit    : 0=0.0%, 4=100.0%, 8=0.0%, 16=0.0%, 32=0.0%, 64=0.0%, >=64=0.0%
     complete  : 0=0.0%, 4=100.0%, 8=0.0%, 16=0.0%, 32=0.0%, 64=0.0%, >=64=0.1%
     issued rwts: total=0,983040,0,0 short=0,0,0,0 dropped=0,0,0,0
     latency   : target=0, window=0, percentile=100.00%, depth=128

Run status group 0 (all jobs):
  WRITE: bw=931MiB/s (976MB/s), 931MiB/s-931MiB/s (976MB/s-976MB/s), io=30.0GiB (32.2GB), run=32988-32988msec
