jobs1: (g=0): rw=write, bs=(R) 32.0KiB-32.0KiB, (W) 32.0KiB-32.0KiB, (T) 32.0KiB-32.0KiB, ioengine=libaio, iodepth=128
fio-3.28
Starting 1 process
jobs1: Laying out IO files (64 files / total 30720MiB)

jobs1: (groupid=0, jobs=1): err= 0: pid=466798: Tue Jul 25 22:03:48 2023
  write: IOPS=70.4k, BW=2199MiB/s (2305MB/s)(30.0GiB/13972msec); 0 zone resets
    slat (usec): min=7, max=39717, avg=13.58, stdev=169.05
    clat (nsec): min=1441, max=260305k, avg=1768520.87, stdev=1599279.54
     lat (usec): min=10, max=299287, avg=1782.18, stdev=1632.89
    clat percentiles (usec):
     |  1.00th=[ 1254],  5.00th=[ 1270], 10.00th=[ 1287], 20.00th=[ 1303],
     | 30.00th=[ 1336], 40.00th=[ 1369], 50.00th=[ 1401], 60.00th=[ 1483],
     | 70.00th=[ 1713], 80.00th=[ 1860], 90.00th=[ 2311], 95.00th=[ 2409],
     | 99.00th=[11731], 99.50th=[13173], 99.90th=[18220], 99.95th=[20579],
     | 99.99th=[21365]
   bw (  MiB/s): min=  618, max= 2528, per=99.47%, avg=2187.09, stdev=432.68, samples=27
   iops        : min=19788, max=80920, avg=69986.89, stdev=13845.78, samples=27
  lat (usec)   : 2=0.01%, 20=0.01%, 50=0.01%, 100=0.01%, 250=0.01%
  lat (usec)   : 500=0.01%, 750=0.01%, 1000=0.01%
  lat (msec)   : 2=86.65%, 4=11.50%, 10=0.20%, 20=1.57%, 50=0.07%
  lat (msec)   : 100=0.01%, 250=0.01%, 500=0.01%
  cpu          : usr=6.72%, sys=80.32%, ctx=1125, majf=0, minf=14
  IO depths    : 1=0.1%, 2=0.1%, 4=0.1%, 8=0.1%, 16=0.1%, 32=0.1%, >=64=100.0%
     submit    : 0=0.0%, 4=100.0%, 8=0.0%, 16=0.0%, 32=0.0%, 64=0.0%, >=64=0.0%
     complete  : 0=0.0%, 4=100.0%, 8=0.0%, 16=0.0%, 32=0.0%, 64=0.0%, >=64=0.1%
     issued rwts: total=0,983040,0,0 short=0,0,0,0 dropped=0,0,0,0
     latency   : target=0, window=0, percentile=100.00%, depth=128

Run status group 0 (all jobs):
  WRITE: bw=2199MiB/s (2305MB/s), 2199MiB/s-2199MiB/s (2305MB/s-2305MB/s), io=30.0GiB (32.2GB), run=13972-13972msec
