jobs1: (g=0): rw=write, bs=(R) 128KiB-128KiB, (W) 128KiB-128KiB, (T) 128KiB-128KiB, ioengine=libaio, iodepth=128
...
fio-3.28
Starting 32 processes
jobs1: Laying out IO files (64 files / total 30720MiB)

jobs1: (groupid=0, jobs=32): err= 0: pid=493699: Tue Jul 25 23:02:34 2023
  write: IOPS=15.5k, BW=1943MiB/s (2037MB/s)(30.0GiB/15810msec); 0 zone resets
    slat (usec): min=36, max=134889, avg=63.52, stdev=545.05
    clat (usec): min=2, max=264459, avg=7969.67, stdev=3929.51
     lat (usec): min=53, max=399351, avg=8033.29, stdev=4024.94
    clat percentiles (usec):
     |  1.00th=[ 5604],  5.00th=[ 5669], 10.00th=[ 5735], 20.00th=[ 5866],
     | 30.00th=[ 5932], 40.00th=[ 5997], 50.00th=[ 6652], 60.00th=[ 7177],
     | 70.00th=[ 7242], 80.00th=[ 8848], 90.00th=[14091], 95.00th=[17171],
     | 99.00th=[23987], 99.50th=[27395], 99.90th=[28443], 99.95th=[28967],
     | 99.99th=[29754]
   bw (  MiB/s): min=  346, max= 2434, per=100.00%, avg=1949.00, stdev=502.79, samples=31
   iops        : min= 2768, max=19472, avg=15591.94, stdev=4022.37, samples=31
  lat (usec)   : 4=0.01%, 100=0.01%, 250=0.01%, 500=0.01%, 750=0.01%
  lat (usec)   : 1000=0.01%
  lat (msec)   : 2=0.01%, 4=0.02%, 10=89.31%, 20=7.78%, 50=2.88%
  lat (msec)   : 250=0.01%, 500=0.01%
  cpu          : usr=7.00%, sys=76.82%, ctx=292, majf=0, minf=61
  IO depths    : 1=0.1%, 2=0.1%, 4=0.1%, 8=0.1%, 16=0.1%, 32=0.1%, >=64=100.0%
     submit    : 0=0.0%, 4=100.0%, 8=0.0%, 16=0.0%, 32=0.0%, 64=0.0%, >=64=0.0%
     complete  : 0=0.0%, 4=100.0%, 8=0.0%, 16=0.0%, 32=0.0%, 64=0.0%, >=64=0.1%
     issued rwts: total=0,245760,0,0 short=0,0,0,0 dropped=0,0,0,0
     latency   : target=0, window=0, percentile=100.00%, depth=128

Run status group 0 (all jobs):
  WRITE: bw=1943MiB/s (2037MB/s), 1943MiB/s-1943MiB/s (2037MB/s-2037MB/s), io=30.0GiB (32.2GB), run=15810-15810msec
