jobs1: (g=0): rw=write, bs=(R) 4096B-4096B, (W) 4096B-4096B, (T) 4096B-4096B, ioengine=libaio, iodepth=128
fio-3.28
Starting 1 process
jobs1: Laying out IO file (1 file / 30720MiB)

jobs1: (groupid=0, jobs=1): err= 0: pid=10623: Tue Jul 25 17:28:15 2023
  write: IOPS=341k, BW=1333MiB/s (1398MB/s)(30.0GiB/23047msec); 0 zone resets
    slat (nsec): min=1345, max=134960k, avg=2381.18, stdev=69687.22
    clat (nsec): min=1124, max=215790k, avg=369928.57, stdev=699141.47
     lat (usec): min=3, max=215833, avg=372.38, stdev=705.13
    clat percentiles (usec):
     |  1.00th=[  262],  5.00th=[  265], 10.00th=[  265], 20.00th=[  265],
     | 30.00th=[  269], 40.00th=[  306], 50.00th=[  334], 60.00th=[  343],
     | 70.00th=[  347], 80.00th=[  359], 90.00th=[  437], 95.00th=[  482],
     | 99.00th=[ 1270], 99.50th=[ 1319], 99.90th=[11600], 99.95th=[13435],
     | 99.99th=[17171]
   bw (  MiB/s): min=  604, max= 1538, per=100.00%, avg=1333.18, stdev=273.58, samples=46
   iops        : min=154704, max=393836, avg=341294.04, stdev=70036.41, samples=46
  lat (usec)   : 2=0.01%, 10=0.01%, 20=0.01%, 50=0.01%, 100=0.01%
  lat (usec)   : 250=0.01%, 500=95.47%, 750=2.17%, 1000=0.51%
  lat (msec)   : 2=1.65%, 10=0.05%, 20=0.15%, 50=0.01%, 100=0.01%
  lat (msec)   : 250=0.01%
  cpu          : usr=18.70%, sys=74.17%, ctx=162, majf=0, minf=13
  IO depths    : 1=0.1%, 2=0.1%, 4=0.1%, 8=0.1%, 16=0.1%, 32=0.1%, >=64=100.0%
     submit    : 0=0.0%, 4=100.0%, 8=0.0%, 16=0.0%, 32=0.0%, 64=0.0%, >=64=0.0%
     complete  : 0=0.0%, 4=100.0%, 8=0.0%, 16=0.0%, 32=0.0%, 64=0.0%, >=64=0.1%
     issued rwts: total=0,7864320,0,0 short=0,0,0,0 dropped=0,0,0,0
     latency   : target=0, window=0, percentile=100.00%, depth=128

Run status group 0 (all jobs):
  WRITE: bw=1333MiB/s (1398MB/s), 1333MiB/s-1333MiB/s (1398MB/s-1398MB/s), io=30.0GiB (32.2GB), run=23047-23047msec
