jobs1: (g=0): rw=write, bs=(R) 4096B-4096B, (W) 4096B-4096B, (T) 4096B-4096B, ioengine=libaio, iodepth=128
...
fio-3.28
Starting 16 processes
jobs1: Laying out IO files (512 files / total 30720MiB)

jobs1: (groupid=0, jobs=16): err= 0: pid=881008: Wed Jul 26 04:40:48 2023
  write: IOPS=493k, BW=1924MiB/s (2017MB/s)(30.0GiB/15968msec); 0 zone resets
    slat (nsec): min=1204, max=28284, avg=1552.57, stdev=314.17
    clat (nsec): min=1403, max=2144.4k, avg=258084.88, stdev=17568.53
     lat (usec): min=2, max=2149, avg=259.70, stdev=17.64
    clat percentiles (usec):
     |  1.00th=[  249],  5.00th=[  251], 10.00th=[  253], 20.00th=[  255],
     | 30.00th=[  255], 40.00th=[  258], 50.00th=[  258], 60.00th=[  258],
     | 70.00th=[  260], 80.00th=[  260], 90.00th=[  262], 95.00th=[  265],
     | 99.00th=[  285], 99.50th=[  306], 99.90th=[  343], 99.95th=[  570],
     | 99.99th=[  857]
   bw (  MiB/s): min= 1794, max= 1959, per=100.00%, avg=1925.66, stdev=28.27, samples=31
   iops        : min=459323, max=501692, avg=492969.90, stdev=7237.43, samples=31
  lat (usec)   : 2=0.01%, 4=0.01%, 10=0.01%, 20=0.01%, 50=0.01%
  lat (usec)   : 100=0.01%, 250=1.21%, 500=98.74%, 750=0.03%, 1000=0.02%
  lat (msec)   : 2=0.01%, 4=0.01%
  cpu          : usr=22.92%, sys=77.08%, ctx=24, majf=0, minf=53
  IO depths    : 1=0.1%, 2=0.1%, 4=0.1%, 8=0.1%, 16=0.1%, 32=0.1%, >=64=100.0%
     submit    : 0=0.0%, 4=100.0%, 8=0.0%, 16=0.0%, 32=0.0%, 64=0.0%, >=64=0.0%
     complete  : 0=0.0%, 4=100.0%, 8=0.0%, 16=0.0%, 32=0.0%, 64=0.0%, >=64=0.1%
     issued rwts: total=0,7864320,0,0 short=0,0,0,0 dropped=0,0,0,0
     latency   : target=0, window=0, percentile=100.00%, depth=128

Run status group 0 (all jobs):
  WRITE: bw=1924MiB/s (2017MB/s), 1924MiB/s-1924MiB/s (2017MB/s-2017MB/s), io=30.0GiB (32.2GB), run=15968-15968msec
