jobs1: (g=0): rw=write, bs=(R) 512KiB-512KiB, (W) 512KiB-512KiB, (T) 512KiB-512KiB, ioengine=libaio, iodepth=128
...
fio-3.28
Starting 16 processes
jobs1: Laying out IO file (1 file / 30720MiB)

jobs1: (groupid=0, jobs=16): err= 0: pid=188928: Tue Jul 25 20:06:12 2023
  write: IOPS=3417, BW=1709MiB/s (1792MB/s)(30.0GiB/17978msec); 0 zone resets
    slat (usec): min=165, max=436422, avg=291.31, stdev=1990.33
    clat (usec): min=2, max=279198, avg=35774.69, stdev=10153.75
     lat (usec): min=178, max=706868, avg=36066.17, stdev=10573.63
    clat percentiles (usec):
     |  1.00th=[22938],  5.00th=[23462], 10.00th=[28705], 20.00th=[29754],
     | 30.00th=[29754], 40.00th=[30016], 50.00th=[30278], 60.00th=[31065],
     | 70.00th=[39584], 80.00th=[43254], 90.00th=[52691], 95.00th=[56361],
     | 99.00th=[64750], 99.50th=[66847], 99.90th=[72877], 99.95th=[73925],
     | 99.99th=[77071]
   bw (  MiB/s): min= 1051, max= 2176, per=100.00%, avg=1764.67, stdev=404.24, samples=34
   iops        : min= 2102, max= 4352, avg=3529.29, stdev=808.53, samples=34
  lat (usec)   : 4=0.01%, 250=0.01%, 500=0.01%, 750=0.01%, 1000=0.01%
  lat (msec)   : 2=0.01%, 4=0.02%, 10=0.06%, 20=0.09%, 50=86.02%
  lat (msec)   : 100=13.80%, 500=0.01%
  cpu          : usr=6.61%, sys=84.58%, ctx=381, majf=0, minf=41
  IO depths    : 1=0.1%, 2=0.1%, 4=0.1%, 8=0.1%, 16=0.1%, 32=0.1%, >=64=99.9%
     submit    : 0=0.0%, 4=100.0%, 8=0.0%, 16=0.0%, 32=0.0%, 64=0.0%, >=64=0.0%
     complete  : 0=0.0%, 4=100.0%, 8=0.0%, 16=0.0%, 32=0.0%, 64=0.0%, >=64=0.1%
     issued rwts: total=0,61440,0,0 short=0,0,0,0 dropped=0,0,0,0
     latency   : target=0, window=0, percentile=100.00%, depth=128

Run status group 0 (all jobs):
  WRITE: bw=1709MiB/s (1792MB/s), 1709MiB/s-1709MiB/s (1792MB/s-1792MB/s), io=30.0GiB (32.2GB), run=17978-17978msec
