jobs1: (g=0): rw=write, bs=(R) 32.0KiB-32.0KiB, (W) 32.0KiB-32.0KiB, (T) 32.0KiB-32.0KiB, ioengine=libaio, iodepth=128
...
fio-3.28
Starting 16 processes
jobs1: Laying out IO files (128 files / total 30720MiB)

jobs1: (groupid=0, jobs=16): err= 0: pid=798341: Wed Jul 26 01:56:08 2023
  write: IOPS=25.8k, BW=807MiB/s (846MB/s)(30.0GiB/38061msec); 0 zone resets
    slat (usec): min=8, max=62204, avg=37.40, stdev=474.33
    clat (usec): min=3, max=559971, avg=4849.85, stdev=4856.64
     lat (usec): min=32, max=560049, avg=4887.41, stdev=4903.67
    clat percentiles (usec):
     |  1.00th=[ 1795],  5.00th=[ 2147], 10.00th=[ 2507], 20.00th=[ 2737],
     | 30.00th=[ 2933], 40.00th=[ 3064], 50.00th=[ 3130], 60.00th=[ 3261],
     | 70.00th=[ 3359], 80.00th=[ 3523], 90.00th=[15795], 95.00th=[17433],
     | 99.00th=[18482], 99.50th=[19006], 99.90th=[21627], 99.95th=[21890],
     | 99.99th=[22676]
   bw (  KiB/s): min=202152, max=1268608, per=100.00%, avg=829788.75, stdev=112297.70, samples=75
   iops        : min= 6317, max=39644, avg=25930.84, stdev=3509.35, samples=75
  lat (usec)   : 4=0.01%, 50=0.01%, 100=0.01%, 250=0.01%, 500=0.01%
  lat (usec)   : 750=0.01%, 1000=0.01%
  lat (msec)   : 2=3.90%, 4=81.30%, 10=1.41%, 20=13.08%, 50=0.31%
  lat (msec)   : 100=0.01%, 250=0.01%, 500=0.01%, 750=0.01%
  cpu          : usr=5.60%, sys=55.62%, ctx=1335, majf=0, minf=44
  IO depths    : 1=0.1%, 2=0.1%, 4=0.1%, 8=0.1%, 16=0.1%, 32=0.1%, >=64=100.0%
     submit    : 0=0.0%, 4=100.0%, 8=0.0%, 16=0.0%, 32=0.0%, 64=0.0%, >=64=0.0%
     complete  : 0=0.0%, 4=100.0%, 8=0.0%, 16=0.0%, 32=0.0%, 64=0.0%, >=64=0.1%
     issued rwts: total=0,983040,0,0 short=0,0,0,0 dropped=0,0,0,0
     latency   : target=0, window=0, percentile=100.00%, depth=128

Run status group 0 (all jobs):
  WRITE: bw=807MiB/s (846MB/s), 807MiB/s-807MiB/s (846MB/s-846MB/s), io=30.0GiB (32.2GB), run=38061-38061msec
