jobs1: (g=0): rw=write, bs=(R) 128KiB-128KiB, (W) 128KiB-128KiB, (T) 128KiB-128KiB, ioengine=libaio, iodepth=128
...
fio-3.28
Starting 16 processes
jobs1: Laying out IO files (64 files / total 30720MiB)

jobs1: (groupid=0, jobs=16): err= 0: pid=492709: Tue Jul 25 23:00:45 2023
  write: IOPS=17.3k, BW=2159MiB/s (2264MB/s)(30.0GiB/14230msec); 0 zone resets
    slat (usec): min=34, max=134105, avg=57.12, stdev=432.68
    clat (usec): min=2, max=163841, avg=7209.29, stdev=3039.88
     lat (usec): min=50, max=297949, avg=7266.50, stdev=3108.85
    clat percentiles (usec):
     |  1.00th=[ 5800],  5.00th=[ 5800], 10.00th=[ 5866], 20.00th=[ 5932],
     | 30.00th=[ 5932], 40.00th=[ 5997], 50.00th=[ 5997], 60.00th=[ 6063],
     | 70.00th=[ 6259], 80.00th=[ 7111], 90.00th=[10421], 95.00th=[14877],
     | 99.00th=[20055], 99.50th=[23200], 99.90th=[26084], 99.95th=[26870],
     | 99.99th=[39060]
   bw (  MiB/s): min=  753, max= 2421, per=100.00%, avg=2168.13, stdev=424.76, samples=28
   iops        : min= 6024, max=19374, avg=17344.96, stdev=3398.16, samples=28
  lat (usec)   : 4=0.01%, 100=0.01%, 250=0.01%, 500=0.01%, 750=0.01%
  lat (usec)   : 1000=0.01%
  lat (msec)   : 2=0.01%, 4=0.02%, 10=85.49%, 20=13.44%, 50=1.04%
  lat (msec)   : 250=0.01%
  cpu          : usr=7.27%, sys=82.24%, ctx=1089, majf=1, minf=48
  IO depths    : 1=0.1%, 2=0.1%, 4=0.1%, 8=0.1%, 16=0.1%, 32=0.1%, >=64=100.0%
     submit    : 0=0.0%, 4=100.0%, 8=0.0%, 16=0.0%, 32=0.0%, 64=0.0%, >=64=0.0%
     complete  : 0=0.0%, 4=100.0%, 8=0.0%, 16=0.0%, 32=0.0%, 64=0.0%, >=64=0.1%
     issued rwts: total=0,245760,0,0 short=0,0,0,0 dropped=0,0,0,0
     latency   : target=0, window=0, percentile=100.00%, depth=128

Run status group 0 (all jobs):
  WRITE: bw=2159MiB/s (2264MB/s), 2159MiB/s-2159MiB/s (2264MB/s-2264MB/s), io=30.0GiB (32.2GB), run=14230-14230msec
