jobs1: (g=0): rw=write, bs=(R) 128KiB-128KiB, (W) 128KiB-128KiB, (T) 128KiB-128KiB, ioengine=libaio, iodepth=128
...
fio-3.28
Starting 16 processes
jobs1: Laying out IO files (128 files / total 30720MiB)

jobs1: (groupid=0, jobs=16): err= 0: pid=828915: Wed Jul 26 02:54:50 2023
  write: IOPS=26.7k, BW=3336MiB/s (3498MB/s)(30.0GiB/9209msec); 0 zone resets
    slat (usec): min=27, max=739, avg=36.83, stdev= 9.73
    clat (nsec): min=1466, max=14155k, avg=4754782.34, stdev=1180636.35
     lat (usec): min=37, max=14238, avg=4791.69, stdev=1189.87
    clat percentiles (usec):
     |  1.00th=[ 4228],  5.00th=[ 4228], 10.00th=[ 4228], 20.00th=[ 4228],
     | 30.00th=[ 4228], 40.00th=[ 4228], 50.00th=[ 4228], 60.00th=[ 4228],
     | 70.00th=[ 4293], 80.00th=[ 4293], 90.00th=[ 7504], 95.00th=[ 7570],
     | 99.00th=[ 7570], 99.50th=[ 7570], 99.90th=[ 8029], 99.95th=[ 8455],
     | 99.99th=[12780]
   bw (  MiB/s): min= 2065, max= 3739, per=100.00%, avg=3344.19, stdev=695.70, samples=18
   iops        : min=16525, max=29916, avg=26753.39, stdev=5565.53, samples=18
  lat (usec)   : 2=0.01%, 50=0.01%, 100=0.01%, 250=0.01%, 500=0.01%
  lat (usec)   : 750=0.01%, 1000=0.01%
  lat (msec)   : 2=0.01%, 4=0.02%, 10=99.93%, 20=0.02%
  cpu          : usr=8.99%, sys=91.00%, ctx=16, majf=0, minf=43
  IO depths    : 1=0.1%, 2=0.1%, 4=0.1%, 8=0.1%, 16=0.1%, 32=0.1%, >=64=100.0%
     submit    : 0=0.0%, 4=100.0%, 8=0.0%, 16=0.0%, 32=0.0%, 64=0.0%, >=64=0.0%
     complete  : 0=0.0%, 4=100.0%, 8=0.0%, 16=0.0%, 32=0.0%, 64=0.0%, >=64=0.1%
     issued rwts: total=0,245760,0,0 short=0,0,0,0 dropped=0,0,0,0
     latency   : target=0, window=0, percentile=100.00%, depth=128

Run status group 0 (all jobs):
  WRITE: bw=3336MiB/s (3498MB/s), 3336MiB/s-3336MiB/s (3498MB/s-3498MB/s), io=30.0GiB (32.2GB), run=9209-9209msec
