jobs1: (g=0): rw=write, bs=(R) 32.0KiB-32.0KiB, (W) 32.0KiB-32.0KiB, (T) 32.0KiB-32.0KiB, ioengine=libaio, iodepth=128
fio-3.28
Starting 1 process
jobs1: Laying out IO file (1 file / 30720MiB)

jobs1: (groupid=0, jobs=1): err= 0: pid=160449: Tue Jul 25 18:35:18 2023
  write: IOPS=146k, BW=4569MiB/s (4791MB/s)(30.0GiB/6724msec); 0 zone resets
    slat (nsec): min=4686, max=35270, avg=6318.03, stdev=1702.65
    clat (nsec): min=1513, max=2228.2k, avg=868761.26, stdev=223979.77
     lat (usec): min=7, max=2244, avg=875.14, stdev=225.64
    clat percentiles (usec):
     |  1.00th=[  766],  5.00th=[  766], 10.00th=[  766], 20.00th=[  766],
     | 30.00th=[  766], 40.00th=[  775], 50.00th=[  775], 60.00th=[  775],
     | 70.00th=[  775], 80.00th=[  783], 90.00th=[ 1385], 95.00th=[ 1401],
     | 99.00th=[ 1401], 99.50th=[ 1418], 99.90th=[ 1500], 99.95th=[ 2073],
     | 99.99th=[ 2147]
   bw (  MiB/s): min= 2851, max= 5151, per=99.60%, avg=4550.45, stdev=994.63, samples=13
   iops        : min=91252, max=164832, avg=145614.23, stdev=31828.24, samples=13
  lat (usec)   : 2=0.01%, 10=0.01%, 20=0.01%, 50=0.01%, 100=0.01%
  lat (usec)   : 250=0.01%, 500=0.01%, 750=0.01%, 1000=84.15%
  lat (msec)   : 2=15.77%, 4=0.06%
  cpu          : usr=11.88%, sys=88.12%, ctx=5, majf=0, minf=13
  IO depths    : 1=0.1%, 2=0.1%, 4=0.1%, 8=0.1%, 16=0.1%, 32=0.1%, >=64=100.0%
     submit    : 0=0.0%, 4=100.0%, 8=0.0%, 16=0.0%, 32=0.0%, 64=0.0%, >=64=0.0%
     complete  : 0=0.0%, 4=100.0%, 8=0.0%, 16=0.0%, 32=0.0%, 64=0.0%, >=64=0.1%
     issued rwts: total=0,983040,0,0 short=0,0,0,0 dropped=0,0,0,0
     latency   : target=0, window=0, percentile=100.00%, depth=128

Run status group 0 (all jobs):
  WRITE: bw=4569MiB/s (4791MB/s), 4569MiB/s-4569MiB/s (4791MB/s-4791MB/s), io=30.0GiB (32.2GB), run=6724-6724msec
