jobs1: (g=0): rw=write, bs=(R) 32.0KiB-32.0KiB, (W) 32.0KiB-32.0KiB, (T) 32.0KiB-32.0KiB, ioengine=libaio, iodepth=128
fio-3.28
Starting 1 process
jobs1: Laying out IO files (128 files / total 30720MiB)

jobs1: (groupid=0, jobs=1): err= 0: pid=797859: Wed Jul 26 01:54:18 2023
  write: IOPS=101k, BW=3145MiB/s (3298MB/s)(30.0GiB/9768msec); 0 zone resets
    slat (nsec): min=6629, max=53015, avg=9391.79, stdev=2692.10
    clat (nsec): min=1276, max=4560.5k, avg=1261854.64, stdev=341333.78
     lat (usec): min=8, max=4615, avg=1271.32, stdev=343.91
    clat percentiles (usec):
     |  1.00th=[ 1090],  5.00th=[ 1090], 10.00th=[ 1106], 20.00th=[ 1106],
     | 30.00th=[ 1106], 40.00th=[ 1106], 50.00th=[ 1106], 60.00th=[ 1106],
     | 70.00th=[ 1123], 80.00th=[ 1139], 90.00th=[ 2008], 95.00th=[ 2024],
     | 99.00th=[ 2057], 99.50th=[ 2057], 99.90th=[ 2180], 99.95th=[ 2376],
     | 99.99th=[ 3458]
   bw (  MiB/s): min= 1944, max= 3585, per=99.64%, avg=3133.80, stdev=726.93, samples=19
   iops        : min=62223, max=114740, avg=100281.42, stdev=23261.77, samples=19
  lat (usec)   : 2=0.01%, 10=0.01%, 20=0.01%, 50=0.01%, 100=0.01%
  lat (usec)   : 250=0.01%, 500=0.01%, 750=0.01%, 1000=0.01%
  lat (msec)   : 2=86.29%, 4=13.69%, 10=0.01%
  cpu          : usr=10.17%, sys=89.83%, ctx=17, majf=0, minf=15
  IO depths    : 1=0.1%, 2=0.1%, 4=0.1%, 8=0.1%, 16=0.1%, 32=0.1%, >=64=100.0%
     submit    : 0=0.0%, 4=100.0%, 8=0.0%, 16=0.0%, 32=0.0%, 64=0.0%, >=64=0.0%
     complete  : 0=0.0%, 4=100.0%, 8=0.0%, 16=0.0%, 32=0.0%, 64=0.0%, >=64=0.1%
     issued rwts: total=0,983040,0,0 short=0,0,0,0 dropped=0,0,0,0
     latency   : target=0, window=0, percentile=100.00%, depth=128

Run status group 0 (all jobs):
  WRITE: bw=3145MiB/s (3298MB/s), 3145MiB/s-3145MiB/s (3298MB/s-3298MB/s), io=30.0GiB (32.2GB), run=9768-9768msec
