jobs1: (g=0): rw=write, bs=(R) 32.0KiB-32.0KiB, (W) 32.0KiB-32.0KiB, (T) 32.0KiB-32.0KiB, ioengine=libaio, iodepth=128
fio-3.28
Starting 1 process
jobs1: Laying out IO files (512 files / total 30720MiB)

jobs1: (groupid=0, jobs=1): err= 0: pid=1099215: Wed Jul 26 05:56:21 2023
  write: IOPS=142k, BW=4434MiB/s (4649MB/s)(30.0GiB/6929msec); 0 zone resets
    slat (nsec): min=4955, max=36301, avg=6516.63, stdev=1212.88
    clat (nsec): min=1697, max=3196.1k, avg=895218.35, stdev=160891.08
     lat (usec): min=7, max=3214, avg=901.79, stdev=162.03
    clat percentiles (usec):
     |  1.00th=[  807],  5.00th=[  816], 10.00th=[  816], 20.00th=[  816],
     | 30.00th=[  824], 40.00th=[  824], 50.00th=[  832], 60.00th=[  840],
     | 70.00th=[  840], 80.00th=[  848], 90.00th=[ 1254], 95.00th=[ 1270],
     | 99.00th=[ 1287], 99.50th=[ 1287], 99.90th=[ 1385], 99.95th=[ 1860],
     | 99.99th=[ 3097]
   bw (  MiB/s): min= 3086, max= 4799, per=99.49%, avg=4411.02, stdev=720.30, samples=13
   iops        : min=98766, max=153566, avg=141152.62, stdev=23049.61, samples=13
  lat (usec)   : 2=0.01%, 10=0.01%, 20=0.01%, 50=0.01%, 100=0.01%
  lat (usec)   : 250=0.01%, 500=0.01%, 750=0.01%, 1000=85.07%
  lat (msec)   : 2=14.87%, 4=0.05%
  cpu          : usr=13.61%, sys=86.43%, ctx=6, majf=0, minf=16
  IO depths    : 1=0.1%, 2=0.1%, 4=0.1%, 8=0.1%, 16=0.1%, 32=0.1%, >=64=100.0%
     submit    : 0=0.0%, 4=100.0%, 8=0.0%, 16=0.0%, 32=0.0%, 64=0.0%, >=64=0.0%
     complete  : 0=0.0%, 4=100.0%, 8=0.0%, 16=0.0%, 32=0.0%, 64=0.0%, >=64=0.1%
     issued rwts: total=0,983040,0,0 short=0,0,0,0 dropped=0,0,0,0
     latency   : target=0, window=0, percentile=100.00%, depth=128

Run status group 0 (all jobs):
  WRITE: bw=4434MiB/s (4649MB/s), 4434MiB/s-4434MiB/s (4649MB/s-4649MB/s), io=30.0GiB (32.2GB), run=6929-6929msec
