jobs1: (g=0): rw=write, bs=(R) 32.0KiB-32.0KiB, (W) 32.0KiB-32.0KiB, (T) 32.0KiB-32.0KiB, ioengine=libaio, iodepth=128
...
fio-3.28
Starting 32 processes
jobs1: Laying out IO file (1 file / 30720MiB)

jobs1: (groupid=0, jobs=32): err= 0: pid=163587: Tue Jul 25 18:41:37 2023
  write: IOPS=104k, BW=3246MiB/s (3404MB/s)(30.0GiB/9464msec); 0 zone resets
    slat (usec): min=6, max=341, avg= 9.08, stdev= 2.68
    clat (nsec): min=1194, max=7605.2k, avg=1222347.06, stdev=315108.31
     lat (usec): min=9, max=7653, avg=1231.50, stdev=317.52
    clat percentiles (usec):
     |  1.00th=[ 1074],  5.00th=[ 1074], 10.00th=[ 1074], 20.00th=[ 1090],
     | 30.00th=[ 1090], 40.00th=[ 1090], 50.00th=[ 1090], 60.00th=[ 1090],
     | 70.00th=[ 1090], 80.00th=[ 1090], 90.00th=[ 1942], 95.00th=[ 1958],
     | 99.00th=[ 1975], 99.50th=[ 1975], 99.90th=[ 2057], 99.95th=[ 2245],
     | 99.99th=[ 2933]
   bw (  MiB/s): min= 2035, max= 3665, per=99.90%, avg=3242.75, stdev=701.34, samples=18
   iops        : min=65136, max=117296, avg=103767.61, stdev=22442.96, samples=18
  lat (usec)   : 2=0.01%, 10=0.01%, 20=0.01%, 50=0.01%, 100=0.01%
  lat (usec)   : 250=0.01%, 500=0.01%, 750=0.01%, 1000=0.01%
  lat (msec)   : 2=99.83%, 4=0.15%, 10=0.01%
  cpu          : usr=10.06%, sys=89.94%, ctx=22, majf=0, minf=74
  IO depths    : 1=0.1%, 2=0.1%, 4=0.1%, 8=0.1%, 16=0.1%, 32=0.1%, >=64=100.0%
     submit    : 0=0.0%, 4=100.0%, 8=0.0%, 16=0.0%, 32=0.0%, 64=0.0%, >=64=0.0%
     complete  : 0=0.0%, 4=100.0%, 8=0.0%, 16=0.0%, 32=0.0%, 64=0.0%, >=64=0.1%
     issued rwts: total=0,983040,0,0 short=0,0,0,0 dropped=0,0,0,0
     latency   : target=0, window=0, percentile=100.00%, depth=128

Run status group 0 (all jobs):
  WRITE: bw=3246MiB/s (3404MB/s), 3246MiB/s-3246MiB/s (3404MB/s-3404MB/s), io=30.0GiB (32.2GB), run=9464-9464msec
