jobs1: (g=0): rw=write, bs=(R) 512KiB-512KiB, (W) 512KiB-512KiB, (T) 512KiB-512KiB, ioengine=libaio, iodepth=128
...
fio-3.28
Starting 32 processes
jobs1: Laying out IO files (64 files / total 30720MiB)

jobs1: (groupid=0, jobs=32): err= 0: pid=515193: Tue Jul 25 23:53:34 2023
  write: IOPS=5835, BW=2918MiB/s (3059MB/s)(30.0GiB/10529msec); 0 zone resets
    slat (usec): min=143, max=1296, avg=170.31, stdev=39.24
    clat (usec): min=2, max=62017, avg=21683.54, stdev=4509.07
     lat (usec): min=161, max=62315, avg=21853.99, stdev=4545.58
    clat percentiles (usec):
     |  1.00th=[19792],  5.00th=[19792], 10.00th=[19792], 20.00th=[19792],
     | 30.00th=[19792], 40.00th=[19792], 50.00th=[19792], 60.00th=[19792],
     | 70.00th=[20055], 80.00th=[20055], 90.00th=[32637], 95.00th=[32900],
     | 99.00th=[33162], 99.50th=[33162], 99.90th=[33424], 99.95th=[49546],
     | 99.99th=[59507]
   bw (  MiB/s): min= 1789, max= 3197, per=99.92%, avg=2915.30, stdev=526.52, samples=21
   iops        : min= 3579, max= 6394, avg=5830.52, stdev=1052.99, samples=21
  lat (usec)   : 4=0.01%, 250=0.01%, 500=0.01%, 750=0.01%, 1000=0.01%
  lat (msec)   : 2=0.01%, 4=0.02%, 10=0.06%, 20=82.79%, 50=17.06%
  lat (msec)   : 100=0.05%
  cpu          : usr=8.97%, sys=91.02%, ctx=22, majf=0, minf=95
  IO depths    : 1=0.1%, 2=0.1%, 4=0.1%, 8=0.1%, 16=0.1%, 32=0.1%, >=64=99.9%
     submit    : 0=0.0%, 4=100.0%, 8=0.0%, 16=0.0%, 32=0.0%, 64=0.0%, >=64=0.0%
     complete  : 0=0.0%, 4=100.0%, 8=0.0%, 16=0.0%, 32=0.0%, 64=0.0%, >=64=0.1%
     issued rwts: total=0,61440,0,0 short=0,0,0,0 dropped=0,0,0,0
     latency   : target=0, window=0, percentile=100.00%, depth=128

Run status group 0 (all jobs):
  WRITE: bw=2918MiB/s (3059MB/s), 2918MiB/s-2918MiB/s (3059MB/s-3059MB/s), io=30.0GiB (32.2GB), run=10529-10529msec
