jobs1: (g=0): rw=write, bs=(R) 128KiB-128KiB, (W) 128KiB-128KiB, (T) 128KiB-128KiB, ioengine=libaio, iodepth=128
...
fio-3.28
Starting 16 processes
jobs1: Laying out IO file (1 file / 30720MiB)

jobs1: (groupid=0, jobs=16): err= 0: pid=176358: Tue Jul 25 19:26:01 2023
  write: IOPS=30.8k, BW=3851MiB/s (4038MB/s)(30.0GiB/7978msec); 0 zone resets
    slat (usec): min=28, max=796, avg=31.90, stdev= 3.28
    clat (nsec): min=1644, max=13362k, avg=4118586.15, stdev=186794.85
     lat (usec): min=33, max=13450, avg=4150.56, stdev=188.74
    clat percentiles (usec):
     |  1.00th=[ 4080],  5.00th=[ 4080], 10.00th=[ 4080], 20.00th=[ 4080],
     | 30.00th=[ 4113], 40.00th=[ 4113], 50.00th=[ 4113], 60.00th=[ 4113],
     | 70.00th=[ 4113], 80.00th=[ 4113], 90.00th=[ 4113], 95.00th=[ 4113],
     | 99.00th=[ 4686], 99.50th=[ 5014], 99.90th=[ 6325], 99.95th=[ 7767],
     | 99.99th=[11863]
   bw (  MiB/s): min= 3611, max= 3878, per=100.00%, avg=3852.58, stdev=66.97, samples=15
   iops        : min=28891, max=31030, avg=30820.67, stdev=535.92, samples=15
  lat (usec)   : 2=0.01%, 50=0.01%, 100=0.01%, 250=0.01%, 500=0.01%
  lat (usec)   : 750=0.01%, 1000=0.01%
  lat (msec)   : 2=0.01%, 4=0.03%, 10=99.94%, 20=0.01%
  cpu          : usr=6.17%, sys=93.84%, ctx=16, majf=0, minf=38
  IO depths    : 1=0.1%, 2=0.1%, 4=0.1%, 8=0.1%, 16=0.1%, 32=0.1%, >=64=100.0%
     submit    : 0=0.0%, 4=100.0%, 8=0.0%, 16=0.0%, 32=0.0%, 64=0.0%, >=64=0.0%
     complete  : 0=0.0%, 4=100.0%, 8=0.0%, 16=0.0%, 32=0.0%, 64=0.0%, >=64=0.1%
     issued rwts: total=0,245760,0,0 short=0,0,0,0 dropped=0,0,0,0
     latency   : target=0, window=0, percentile=100.00%, depth=128

Run status group 0 (all jobs):
  WRITE: bw=3851MiB/s (4038MB/s), 3851MiB/s-3851MiB/s (4038MB/s-4038MB/s), io=30.0GiB (32.2GB), run=7978-7978msec
