jobs1: (g=0): rw=write, bs=(R) 512KiB-512KiB, (W) 512KiB-512KiB, (T) 512KiB-512KiB, ioengine=libaio, iodepth=128
...
fio-3.28
Starting 32 processes
jobs1: Laying out IO files (64 files / total 30720MiB)

jobs1: (groupid=0, jobs=32): err= 0: pid=514582: Tue Jul 25 23:52:30 2023
  write: IOPS=4335, BW=2168MiB/s (2273MB/s)(30.0GiB/14170msec); 0 zone resets
    slat (usec): min=163, max=573493, avg=229.11, stdev=2335.10
    clat (usec): min=2, max=82811, avg=28007.01, stdev=6595.17
     lat (usec): min=259, max=656308, avg=28236.25, stdev=7100.88
    clat percentiles (usec):
     |  1.00th=[23725],  5.00th=[23987], 10.00th=[24249], 20.00th=[24249],
     | 30.00th=[24249], 40.00th=[24511], 50.00th=[24511], 60.00th=[24511],
     | 70.00th=[25297], 80.00th=[34866], 90.00th=[40109], 95.00th=[40633],
     | 99.00th=[45876], 99.50th=[49546], 99.90th=[60031], 99.95th=[70779],
     | 99.99th=[80217]
   bw (  MiB/s): min=    3, max= 2616, per=100.00%, avg=2188.07, stdev=559.78, samples=28
   iops        : min=    6, max= 5232, avg=4376.07, stdev=1119.54, samples=28
  lat (usec)   : 4=0.01%, 500=0.01%, 750=0.01%, 1000=0.01%
  lat (msec)   : 2=0.01%, 4=0.02%, 10=0.05%, 20=0.09%, 50=99.35%
  lat (msec)   : 100=0.48%
  cpu          : usr=9.29%, sys=82.14%, ctx=1048, majf=0, minf=71
  IO depths    : 1=0.1%, 2=0.1%, 4=0.1%, 8=0.1%, 16=0.1%, 32=0.1%, >=64=99.9%
     submit    : 0=0.0%, 4=100.0%, 8=0.0%, 16=0.0%, 32=0.0%, 64=0.0%, >=64=0.0%
     complete  : 0=0.0%, 4=100.0%, 8=0.0%, 16=0.0%, 32=0.0%, 64=0.0%, >=64=0.1%
     issued rwts: total=0,61440,0,0 short=0,0,0,0 dropped=0,0,0,0
     latency   : target=0, window=0, percentile=100.00%, depth=128

Run status group 0 (all jobs):
  WRITE: bw=2168MiB/s (2273MB/s), 2168MiB/s-2168MiB/s (2273MB/s-2273MB/s), io=30.0GiB (32.2GB), run=14170-14170msec
