jobs1: (g=0): rw=write, bs=(R) 32.0KiB-32.0KiB, (W) 32.0KiB-32.0KiB, (T) 32.0KiB-32.0KiB, ioengine=libaio, iodepth=128
fio-3.28
Starting 1 process
jobs1: Laying out IO files (128 files / total 30720MiB)

jobs1: (groupid=0, jobs=1): err= 0: pid=798109: Wed Jul 26 01:54:45 2023
  write: IOPS=144k, BW=4497MiB/s (4716MB/s)(30.0GiB/6831msec); 0 zone resets
    slat (nsec): min=4919, max=35126, avg=6425.88, stdev=1217.51
    clat (nsec): min=1297, max=3046.3k, avg=882546.22, stdev=161969.77
     lat (usec): min=7, max=3075, avg=889.03, stdev=163.14
    clat percentiles (usec):
     |  1.00th=[  799],  5.00th=[  807], 10.00th=[  807], 20.00th=[  807],
     | 30.00th=[  816], 40.00th=[  816], 50.00th=[  816], 60.00th=[  816],
     | 70.00th=[  824], 80.00th=[  824], 90.00th=[ 1254], 95.00th=[ 1270],
     | 99.00th=[ 1270], 99.50th=[ 1270], 99.90th=[ 1549], 99.95th=[ 1663],
     | 99.99th=[ 2442]
   bw (  MiB/s): min= 3123, max= 4883, per=99.60%, avg=4479.37, stdev=751.66, samples=13
   iops        : min=99958, max=156256, avg=143339.85, stdev=24053.36, samples=13
  lat (usec)   : 2=0.01%, 10=0.01%, 20=0.01%, 50=0.01%, 100=0.01%
  lat (usec)   : 250=0.01%, 500=0.01%, 750=0.01%, 1000=84.87%
  lat (msec)   : 2=15.10%, 4=0.02%
  cpu          : usr=12.53%, sys=87.42%, ctx=6, majf=0, minf=13
  IO depths    : 1=0.1%, 2=0.1%, 4=0.1%, 8=0.1%, 16=0.1%, 32=0.1%, >=64=100.0%
     submit    : 0=0.0%, 4=100.0%, 8=0.0%, 16=0.0%, 32=0.0%, 64=0.0%, >=64=0.0%
     complete  : 0=0.0%, 4=100.0%, 8=0.0%, 16=0.0%, 32=0.0%, 64=0.0%, >=64=0.1%
     issued rwts: total=0,983040,0,0 short=0,0,0,0 dropped=0,0,0,0
     latency   : target=0, window=0, percentile=100.00%, depth=128

Run status group 0 (all jobs):
  WRITE: bw=4497MiB/s (4716MB/s), 4497MiB/s-4497MiB/s (4716MB/s-4716MB/s), io=30.0GiB (32.2GB), run=6831-6831msec
