jobs1: (g=0): rw=write, bs=(R) 4096B-4096B, (W) 4096B-4096B, (T) 4096B-4096B, ioengine=libaio, iodepth=128
...
fio-3.28
Starting 32 processes
jobs1: Laying out IO files (128 files / total 30720MiB)

jobs1: (groupid=0, jobs=32): err= 0: pid=605416: Wed Jul 26 00:49:25 2023
  write: IOPS=623k, BW=2433MiB/s (2551MB/s)(30.0GiB/12628msec); 0 zone resets
    slat (nsec): min=858, max=59038, avg=1145.42, stdev=248.04
    clat (nsec): min=1171, max=1473.6k, avg=204149.03, stdev=35955.99
     lat (usec): min=2, max=1495, avg=205.34, stdev=36.17
    clat percentiles (usec):
     |  1.00th=[  190],  5.00th=[  190], 10.00th=[  192], 20.00th=[  192],
     | 30.00th=[  194], 40.00th=[  194], 50.00th=[  194], 60.00th=[  196],
     | 70.00th=[  196], 80.00th=[  198], 90.00th=[  202], 95.00th=[  330],
     | 99.00th=[  338], 99.50th=[  343], 99.90th=[  359], 99.95th=[  416],
     | 99.99th=[  676]
   bw (  MiB/s): min= 1489, max= 2561, per=100.00%, avg=2441.60, stdev=316.49, samples=24
   iops        : min=381351, max=655666, avg=625049.42, stdev=81021.54, samples=24
  lat (usec)   : 2=0.01%, 4=0.01%, 10=0.01%, 20=0.01%, 50=0.01%
  lat (usec)   : 100=0.01%, 250=93.07%, 500=6.88%, 750=0.05%, 1000=0.01%
  lat (msec)   : 2=0.01%
  cpu          : usr=26.15%, sys=73.86%, ctx=12, majf=0, minf=73
  IO depths    : 1=0.1%, 2=0.1%, 4=0.1%, 8=0.1%, 16=0.1%, 32=0.1%, >=64=100.0%
     submit    : 0=0.0%, 4=100.0%, 8=0.0%, 16=0.0%, 32=0.0%, 64=0.0%, >=64=0.0%
     complete  : 0=0.0%, 4=100.0%, 8=0.0%, 16=0.0%, 32=0.0%, 64=0.0%, >=64=0.1%
     issued rwts: total=0,7864320,0,0 short=0,0,0,0 dropped=0,0,0,0
     latency   : target=0, window=0, percentile=100.00%, depth=128

Run status group 0 (all jobs):
  WRITE: bw=2433MiB/s (2551MB/s), 2433MiB/s-2433MiB/s (2551MB/s-2551MB/s), io=30.0GiB (32.2GB), run=12628-12628msec
