jobs1: (g=0): rw=write, bs=(R) 4096B-4096B, (W) 4096B-4096B, (T) 4096B-4096B, ioengine=libaio, iodepth=128
...
fio-3.28
Starting 32 processes
jobs1: Laying out IO files (1024 files / total 30720MiB)
fio: pid=1157329, err=24/file:filesetup.c:805, func=open(/tmp/ssfs/home/sevag/fuse_ext4/f1012), error=Too many open files

jobs1: (groupid=0, jobs=32): err=24 (file:filesetup.c:805, func=open(/tmp/ssfs/home/sevag/fuse_ext4/f1012), error=Too many open files): pid=1157329: Wed Jul 26 08:49:37 2023
  write: IOPS=2694, BW=10.5MiB/s (11.0MB/s)(4052KiB/376msec); 0 zone resets
    slat (usec): min=6, max=131811, avg=140.83, stdev=4141.09
    clat (usec): min=88, max=210562, avg=30674.06, stdev=33800.71
     lat (usec): min=116, max=210691, avg=30815.33, stdev=34237.99
    clat percentiles (msec):
     |  1.00th=[    5],  5.00th=[   10], 10.00th=[   11], 20.00th=[   16],
     | 30.00th=[   18], 40.00th=[   20], 50.00th=[   23], 60.00th=[   31],
     | 70.00th=[   33], 80.00th=[   35], 90.00th=[   45], 95.00th=[   75],
     | 99.00th=[  211], 99.50th=[  211], 99.90th=[  211], 99.95th=[  211],
     | 99.99th=[  211]
  lat (usec)   : 100=0.10%
  lat (msec)   : 2=0.10%, 4=0.79%, 10=5.43%, 20=35.34%, 50=53.11%
  lat (msec)   : 100=2.17%, 250=2.96%
  cpu          : usr=1.07%, sys=10.40%, ctx=1063, majf=0, minf=93
  IO depths    : 1=0.1%, 2=0.2%, 4=0.4%, 8=0.8%, 16=1.6%, 32=3.2%, >=64=93.8%
     submit    : 0=0.0%, 4=100.0%, 8=0.0%, 16=0.0%, 32=0.0%, 64=0.0%, >=64=0.0%
     complete  : 0=0.0%, 4=99.9%, 8=0.0%, 16=0.0%, 32=0.0%, 64=0.0%, >=64=0.1%
     issued rwts: total=0,1013,0,0 short=0,0,0,0 dropped=0,0,0,0
     latency   : target=0, window=0, percentile=100.00%, depth=128

Run status group 0 (all jobs):
  WRITE: bw=10.5MiB/s (11.0MB/s), 10.5MiB/s-10.5MiB/s (11.0MB/s-11.0MB/s), io=4052KiB (4149kB), run=376-376msec
