fusermount: entry for /home/sevag/fuse_boc not found in /etc/mtab
Traceback (most recent call last):
  File "/home/sevag/CLionProjects/FuseFileSystemBoC/plots/plot_metadata/generate_fio_configs.py", line 310, in <module>
    time.sleep(2)
KeyboardInterrupt
fusermount: entry for /home/sevag/fuse_boc not found in /etc/mtab
fusermount: entry for /home/sevag/fuse_boc not found in /etc/mtab
fusermount: entry for /home/sevag/fuse_boc not found in /etc/mtab
fusermount: entry for /home/sevag/fuse_boc not found in /etc/mtab
fusermount: entry for /home/sevag/fuse_boc not found in /etc/mtab
fusermount: entry for /home/sevag/fuse_boc not found in /etc/mtab
fusermount: entry for /home/sevag/fuse_boc not found in /etc/mtab
fusermount: entry for /home/sevag/fuse_boc not found in /etc/mtab
fusermount: entry for /home/sevag/fuse_boc not found in /etc/mtab
fusermount: entry for /home/sevag/fuse_boc not found in /etc/mtab
fusermount: entry for /home/sevag/fuse_boc not found in /etc/mtab
fusermount: entry for /home/sevag/fuse_boc not found in /etc/mtab
KIlling
Saving IOPS_comparison_jobs-32_files-8192_size-1G_operation-filecreate.png
Saving Latency (ns)_comparison_jobs-32_files-8192_size-1G_operation-filecreate.png
KIlling
Saving IOPS_comparison_jobs-32_files-8192_size-1G_operation-filecreate.png
Saving Latency (ns)_comparison_jobs-32_files-8192_size-1G_operation-filecreate.png
KIlling
Saving IOPS_comparison_jobs-32_files-8192_size-1G_operation-filestat.png
Saving Latency (ns)_comparison_jobs-32_files-8192_size-1G_operation-filestat.png
KIlling
Saving IOPS_comparison_jobs-32_files-8192_size-1G_operation-filestat.png
Saving Latency (ns)_comparison_jobs-32_files-8192_size-1G_operation-filestat.png
KIlling
Saving IOPS_comparison_jobs-32_files-8192_size-1G_operation-filedelete.png
Saving Latency (ns)_comparison_jobs-32_files-8192_size-1G_operation-filedelete.png
KIlling
Saving IOPS_comparison_jobs-32_files-8192_size-1G_operation-filedelete.png
Saving Latency (ns)_comparison_jobs-32_files-8192_size-1G_operation-filedelete.png
KIlling
Saving IOPS_comparison_jobs-32_files-1024_size-1G_operation-filecreate.png
Saving Latency (ns)_comparison_jobs-32_files-1024_size-1G_operation-filecreate.png
KIlling
Saving IOPS_comparison_jobs-32_files-1024_size-1G_operation-filecreate.png
Saving Latency (ns)_comparison_jobs-32_files-1024_size-1G_operation-filecreate.png
KIlling
Saving IOPS_comparison_jobs-32_files-1024_size-1G_operation-filestat.png
Saving Latency (ns)_comparison_jobs-32_files-1024_size-1G_operation-filestat.png
KIlling
Saving IOPS_comparison_jobs-32_files-1024_size-1G_operation-filestat.png
Saving Latency (ns)_comparison_jobs-32_files-1024_size-1G_operation-filestat.png
KIlling
Saving IOPS_comparison_jobs-32_files-1024_size-1G_operation-filedelete.png
Saving Latency (ns)_comparison_jobs-32_files-1024_size-1G_operation-filedelete.png
KIlling
Saving IOPS_comparison_jobs-32_files-1024_size-1G_operation-filedelete.png
Saving Latency (ns)_comparison_jobs-32_files-1024_size-1G_operation-filedelete.png
