Harness starting.
 /home/sevag/CLionProjects/FuseFileSystemBoC/cmake-build-release/FuseFileSystemBoC --seed 258382827

Pinning to Core:40
creating 512 mb file systemoffset 0 and length 1048576 for ino 139820710150160
offset 0 and length 1048576 for ino 139820710051856
offset 0 and length 1048576 for ino 139820710052176
offset 0 and length 1048576 for ino 139820710052496
offset 0 and length 1048576 for ino 139820710052816
offset 0 and length 1048576 for ino 139820710053136
offset 0 and length 1048576 for ino 139820710053456
offset 0 and length 1048576 for ino 139820710053776
offset 0 and length 1048576 for ino 139820710054096
offset 0 and length 1048576 for ino 139820710054416
offset 0 and length 1048576 for ino 139820710054736
offset 0 and length 1048576 for ino 139820710055056
offset 0 and length 1048576 for ino 139820710055376
offset 0 and length 1048576 for ino 139820710055696
offset 0 and length 1048576 for ino 139820710056016
offset 0 and length 1048576 for ino 139820710056336
offset 0 and length 1048576 for ino 139820710056656
offset 0 and length 1048576 for ino 139820710056976
offset 0 and length 1048576 for ino 139820710057296
offset 0 and length 1048576 for ino 139820710057616
offset 0 and length 1048576 for ino 139820710057936
offset 0 and length 1048576 for ino 139820710058256
offset 0 and length 1048576 for ino 139820710058576
offset 0 and length 1048576 for ino 139820710058896
offset 0 and length 1048576 for ino 139820710059216
offset 0 and length 1048576 for ino 139820710412304
offset 0 and length 1048576 for ino 139820710059536
offset 0 and length 1048576 for ino 139820710059856
offset 0 and length 1048576 for ino 139820710060176
offset 0 and length 1048576 for ino 139820710060496
offset 0 and length 1048576 for ino 139820710060816
offset 0 and length 1048576 for ino 139820710061136
offset 0 and length 1048576 for ino 139820710061456
offset 0 and length 1048576 for ino 139820710061776
offset 0 and length 1048576 for ino 139820710062096
offset 0 and length 1048576 for ino 139820710062416
offset 0 and length 1048576 for ino 139820710674448
offset 0 and length 1048576 for ino 139820710062736
offset 0 and length 1048576 for ino 139820710063056
offset 0 and length 1048576 for ino 139820710063376
offset 0 and length 1048576 for ino 139820710063696
offset 0 and length 1048576 for ino 139820710064016
offset 0 and length 1048576 for ino 139820710064336
offset 0 and length 1048576 for ino 139820710064656
offset 0 and length 1048576 for ino 139820710064976
offset 0 and length 1048576 for ino 139820710065296
offset 0 and length 1048576 for ino 139820710065616
offset 0 and length 1048576 for ino 139820710065936
offset 0 and length 1048576 for ino 139820710066256
offset 0 and length 1048576 for ino 139820710066576
offset 0 and length 1048576 for ino 139820710066896
offset 0 and length 1048576 for ino 139820710067216
offset 0 and length 1048576 for ino 139820710067536
offset 0 and length 1048576 for ino 139820710067856
offset 0 and length 1048576 for ino 139820711411728
offset 0 and length 1048576 for ino 139820711412048
offset 0 and length 1048576 for ino 139820711412368
offset 0 and length 1048576 for ino 139820711412688
offset 0 and length 1048576 for ino 139820711413008
offset 0 and length 1048576 for ino 139820711413328
offset 0 and length 1048576 for ino 139820711413648
offset 0 and length 1048576 for ino 139820710412624
offset 0 and length 1048576 for ino 139820711413968
offset 0 and length 1048576 for ino 139820711414288
offset 0 and length 1048576 for ino 139820711414608
offset 0 and length 1048576 for ino 139820711414928
offset 0 and length 1048576 for ino 139820711415248
offset 0 and length 1048576 for ino 139820711415568
offset 0 and length 1048576 for ino 139820711415888
offset 0 and length 1048576 for ino 139820711416208
offset 0 and length 1048576 for ino 139820711416528
offset 0 and length 1048576 for ino 139820711416848
offset 0 and length 1048576 for ino 139820710739984
offset 0 and length 1048576 for ino 139820711417168
offset 0 and length 1048576 for ino 139820711417488
offset 0 and length 1048576 for ino 139820711417808
offset 0 and length 1048576 for ino 139820711418128
offset 0 and length 1048576 for ino 139820711418448
offset 0 and length 1048576 for ino 139820711418768
offset 0 and length 1048576 for ino 139820711419088
offset 0 and length 1048576 for ino 139820711419408
offset 0 and length 1048576 for ino 139820711419728
offset 0 and length 1048576 for ino 139820711420048
offset 0 and length 1048576 for ino 139820711420368
offset 0 and length 1048576 for ino 139820711420688
offset 0 and length 1048576 for ino 139820711421008
offset 0 and length 1048576 for ino 139820711421328
offset 0 and length 1048576 for ino 139820711421648
offset 0 and length 1048576 for ino 139820711421968
offset 0 and length 1048576 for ino 139820711422288
offset 0 and length 1048576 for ino 139820711422608
offset 0 and length 1048576 for ino 139820710412944
offset 0 and length 1048576 for ino 139820711422928
offset 0 and length 1048576 for ino 139820711423248
offset 0 and length 1048576 for ino 139820711423568
offset 0 and length 1048576 for ino 139820711423888
offset 0 and length 1048576 for ino 139820711424208
offset 0 and length 1048576 for ino 139820711424528
offset 0 and length 1048576 for ino 139820711424848
offset 0 and length 1048576 for ino 139820711425168
offset 0 and length 1048576 for ino 139820711425488
offset 0 and length 1048576 for ino 139820711425808
offset 0 and length 1048576 for ino 139820711426128
offset 0 and length 1048576 for ino 139820711426448
offset 0 and length 1048576 for ino 139820711426768
offset 0 and length 1048576 for ino 139820711427088
offset 0 and length 1048576 for ino 139820711427408
offset 0 and length 1048576 for ino 139820711427728
offset 0 and length 1048576 for ino 139820712787984
offset 0 and length 1048576 for ino 139820712788304
offset 0 and length 1048576 for ino 139820712788624
offset 0 and length 1048576 for ino 139820712788944
offset 0 and length 1048576 for ino 139820712789264
offset 0 and length 1048576 for ino 139820712789584
offset 0 and length 1048576 for ino 139820712789904
offset 0 and length 1048576 for ino 139820712790224
offset 0 and length 1048576 for ino 139820712790544
offset 0 and length 1048576 for ino 139820712790864
offset 0 and length 1048576 for ino 139820712791184
offset 0 and length 1048576 for ino 139820712791504
offset 0 and length 1048576 for ino 139820712791824
offset 0 and length 1048576 for ino 139820712792144
offset 0 and length 1048576 for ino 139820712792464
offset 0 and length 1048576 for ino 139820712792784
offset 0 and length 1048576 for ino 139820712793104
offset 0 and length 1048576 for ino 139820712793424
offset 0 and length 1048576 for ino 139820712793744
offset 0 and length 1048576 for ino 139820712794064
offset 0 and length 1048576 for ino 139820711657488
offset 0 and length 1048576 for ino 139820712794384
offset 0 and length 1048576 for ino 139820712794704
offset 0 and length 1048576 for ino 139820712795024
offset 0 and length 1048576 for ino 139820712795344
offset 0 and length 1048576 for ino 139820712795664
offset 0 and length 1048576 for ino 139820712795984
offset 0 and length 1048576 for ino 139820712796304
offset 0 and length 1048576 for ino 139820712796624
offset 0 and length 1048576 for ino 139820712796944
offset 0 and length 1048576 for ino 139820712797264
offset 0 and length 1048576 for ino 139820712797584
offset 0 and length 1048576 for ino 139820712797904
offset 0 and length 1048576 for ino 139820712798224
offset 0 and length 1048576 for ino 139820712798544
offset 0 and length 1048576 for ino 139820712798864
offset 0 and length 1048576 for ino 139820712799184
offset 0 and length 1048576 for ino 139820712799504
offset 0 and length 1048576 for ino 139820712799824
offset 0 and length 1048576 for ino 139820712800144
offset 0 and length 1048576 for ino 139820712800464
offset 0 and length 1048576 for ino 139820712800784
offset 0 and length 1048576 for ino 139820712801104
offset 0 and length 1048576 for ino 139820712801424
offset 0 and length 1048576 for ino 139820712801744
offset 0 and length 1048576 for ino 139820712802064
offset 0 and length 1048576 for ino 139820711657808
offset 0 and length 1048576 for ino 139820712802384
offset 0 and length 1048576 for ino 139820712802704
offset 0 and length 1048576 for ino 139820712803024
offset 0 and length 1048576 for ino 139820712803344
offset 0 and length 1048576 for ino 139820712803664
offset 0 and length 1048576 for ino 139820712803984
offset 0 and length 1048576 for ino 139820723077136
offset 0 and length 1048576 for ino 139820723077456
offset 0 and length 1048576 for ino 139820723077776
offset 0 and length 1048576 for ino 139820723078096
offset 0 and length 1048576 for ino 139820723078416
offset 0 and length 1048576 for ino 139820723078736
offset 0 and length 1048576 for ino 139820723079056
offset 0 and length 1048576 for ino 139820723079376
offset 0 and length 1048576 for ino 139820723079696
offset 0 and length 1048576 for ino 139820723080016
offset 0 and length 1048576 for ino 139820723080336
offset 0 and length 1048576 for ino 139820723080656
offset 0 and length 1048576 for ino 139820723080976
offset 0 and length 1048576 for ino 139820711658128
offset 0 and length 1048576 for ino 139820723081296
offset 0 and length 1048576 for ino 139820723081616
offset 0 and length 1048576 for ino 139820723081936
offset 0 and length 1048576 for ino 139820723082256
offset 0 and length 1048576 for ino 139820711723024
offset 0 and length 1048576 for ino 139820723082576
offset 0 and length 1048576 for ino 139820723082896
offset 0 and length 1048576 for ino 139820723083216
offset 0 and length 1048576 for ino 139820723083536
offset 0 and length 1048576 for ino 139820723083856
offset 0 and length 1048576 for ino 139820723084176
offset 0 and length 1048576 for ino 139820723084496
offset 0 and length 1048576 for ino 139820723084816
offset 0 and length 1048576 for ino 139820723085136
offset 0 and length 1048576 for ino 139820723085456
offset 0 and length 1048576 for ino 139820711658448
offset 0 and length 1048576 for ino 139820723085776
offset 0 and length 1048576 for ino 139820723086096
offset 0 and length 1048576 for ino 139820723086416
offset 0 and length 1048576 for ino 139820723086736
offset 0 and length 1048576 for ino 139820723087056
offset 0 and length 1048576 for ino 139820723087376
offset 0 and length 1048576 for ino 139820723087696
offset 0 and length 1048576 for ino 139820723088016
offset 0 and length 1048576 for ino 139820723088336
offset 0 and length 1048576 for ino 139820723088656
offset 0 and length 1048576 for ino 139820723088976
offset 0 and length 1048576 for ino 139820723089296
offset 0 and length 1048576 for ino 139820723089616
offset 0 and length 1048576 for ino 139820723089936
offset 0 and length 1048576 for ino 139820723090256
offset 0 and length 1048576 for ino 139820723090576
offset 0 and length 1048576 for ino 139820723090896
offset 0 and length 1048576 for ino 139820723091216
offset 0 and length 1048576 for ino 139820723091536
offset 0 and length 1048576 for ino 139820723091856
offset 0 and length 1048576 for ino 139820723092176
offset 0 and length 1048576 for ino 139820723092496
offset 0 and length 1048576 for ino 139820723092816
offset 0 and length 1048576 for ino 139820723093136
offset 0 and length 1048576 for ino 139820723929104
offset 0 and length 1048576 for ino 139820723929424
offset 0 and length 1048576 for ino 139820723929744
offset 0 and length 1048576 for ino 139820723930064
offset 0 and length 1048576 for ino 139820723930384
offset 0 and length 1048576 for ino 139820723930704
offset 0 and length 1048576 for ino 139820723931024
offset 0 and length 1048576 for ino 139820723931344
offset 0 and length 1048576 for ino 139820723931664
offset 0 and length 1048576 for ino 139820723931984
offset 0 and length 1048576 for ino 139820723932304
offset 0 and length 1048576 for ino 139820723932624
offset 0 and length 1048576 for ino 139820723932944
offset 0 and length 1048576 for ino 139820723933264
offset 0 and length 1048576 for ino 139820723933584
offset 0 and length 1048576 for ino 139820723933904
offset 0 and length 1048576 for ino 139820723934224
offset 0 and length 1048576 for ino 139820723934544
offset 0 and length 1048576 for ino 139820723934864
offset 0 and length 1048576 for ino 139820723935184
offset 0 and length 1048576 for ino 139820723935504
offset 0 and length 1048576 for ino 139820723935824
offset 0 and length 1048576 for ino 139820723936144
offset 0 and length 1048576 for ino 139820723936464
offset 0 and length 1048576 for ino 139820723936784
offset 0 and length 1048576 for ino 139820723937104
offset 0 and length 1048576 for ino 139820723937424
offset 0 and length 1048576 for ino 139820723937744
offset 0 and length 1048576 for ino 139820723938064
offset 0 and length 1048576 for ino 139820723938384
offset 0 and length 1048576 for ino 139820723938704
offset 0 and length 1048576 for ino 139820723939024
offset 0 and length 1048576 for ino 139820723939344
offset 0 and length 1048576 for ino 139820723939664
offset 0 and length 1048576 for ino 139820723939984
offset 0 and length 1048576 for ino 139820723940304
offset 0 and length 1048576 for ino 139820723940624
offset 0 and length 1048576 for ino 139820723940944
offset 0 and length 1048576 for ino 139820723941264
offset 0 and length 1048576 for ino 139820723941584
offset 0 and length 1048576 for ino 139820723941904
offset 0 and length 1048576 for ino 139820723942224
offset 0 and length 1048576 for ino 139820723942544
offset 0 and length 1048576 for ino 139820723942864
offset 0 and length 1048576 for ino 139820723943184
offset 0 and length 1048576 for ino 139820723943504
offset 0 and length 1048576 for ino 139820723943824
offset 0 and length 1048576 for ino 139820723944144
offset 0 and length 1048576 for ino 139820723944464
offset 0 and length 1048576 for ino 139820723944784
offset 0 and length 1048576 for ino 139820723945104
offset 0 and length 1048576 for ino 139820724797456
offset 0 and length 1048576 for ino 139820724797776
offset 0 and length 1048576 for ino 139820724798096
offset 0 and length 1048576 for ino 139820724798416
offset 0 and length 1048576 for ino 139820724798736
offset 0 and length 1048576 for ino 139820724799056
offset 0 and length 1048576 for ino 139820724799376
offset 0 and length 1048576 for ino 139820724799696
offset 0 and length 1048576 for ino 139820724800016
offset 0 and length 1048576 for ino 139820724800336
offset 0 and length 1048576 for ino 139820724800656
offset 0 and length 1048576 for ino 139820724800976
offset 0 and length 1048576 for ino 139820724801296
offset 0 and length 1048576 for ino 139820711658768
offset 0 and length 1048576 for ino 139820724801616
offset 0 and length 1048576 for ino 139820724801936
offset 0 and length 1048576 for ino 139820724802256
offset 0 and length 1048576 for ino 139820724802576
offset 0 and length 1048576 for ino 139820724802896
offset 0 and length 1048576 for ino 139820724803216
offset 0 and length 1048576 for ino 139820724803536
offset 0 and length 1048576 for ino 139820724803856
offset 0 and length 1048576 for ino 139820724804176
offset 0 and length 1048576 for ino 139820724804496
offset 0 and length 1048576 for ino 139820724804816
offset 0 and length 1048576 for ino 139820724805136
offset 0 and length 1048576 for ino 139820724805456
offset 0 and length 1048576 for ino 139820724805776
offset 0 and length 1048576 for ino 139820724806096
offset 0 and length 1048576 for ino 139820724806416
offset 0 and length 1048576 for ino 139820724806736
offset 0 and length 1048576 for ino 139820724807056
offset 0 and length 1048576 for ino 139820724807376
offset 0 and length 1048576 for ino 139820724807696
offset 0 and length 1048576 for ino 139820724808016
offset 0 and length 1048576 for ino 139820724808336
offset 0 and length 1048576 for ino 139820724808656
offset 0 and length 1048576 for ino 139820724808976
offset 0 and length 1048576 for ino 139820724809296
offset 0 and length 1048576 for ino 139820724809616
offset 0 and length 1048576 for ino 139820724809936
offset 0 and length 1048576 for ino 139820724810256
offset 0 and length 1048576 for ino 139820724810576
offset 0 and length 1048576 for ino 139820724810896
offset 0 and length 1048576 for ino 139820710413264
offset 0 and length 1048576 for ino 139820724811216
offset 0 and length 1048576 for ino 139820724811536
offset 0 and length 1048576 for ino 139820724811856
offset 0 and length 1048576 for ino 139820724812176
offset 0 and length 1048576 for ino 139820724812496
offset 0 and length 1048576 for ino 139820724812816
offset 0 and length 1048576 for ino 139820724813136
offset 0 and length 1048576 for ino 139820724813456
offset 0 and length 1048576 for ino 139820725649424
offset 0 and length 1048576 for ino 139820725649744
offset 0 and length 1048576 for ino 139820725650064
offset 0 and length 1048576 for ino 139820725650384
offset 0 and length 1048576 for ino 139820725650704
offset 0 and length 1048576 for ino 139820725651024
offset 0 and length 1048576 for ino 139820725651344
offset 0 and length 1048576 for ino 139820725651664
offset 0 and length 1048576 for ino 139820725651984
offset 0 and length 1048576 for ino 139820725652304
offset 0 and length 1048576 for ino 139820725652624
offset 0 and length 1048576 for ino 139820725652944
offset 0 and length 1048576 for ino 139820725653264
offset 0 and length 1048576 for ino 139820725653584
offset 0 and length 1048576 for ino 139820725653904
offset 0 and length 1048576 for ino 139820725654224
offset 0 and length 1048576 for ino 139820725654544
offset 0 and length 1048576 for ino 139820725654864
offset 0 and length 1048576 for ino 139820725655184
offset 0 and length 1048576 for ino 139820725655504
offset 0 and length 1048576 for ino 139820725655824
offset 0 and length 1048576 for ino 139820725656144
offset 0 and length 1048576 for ino 139820725656464
offset 0 and length 1048576 for ino 139820725656784
offset 0 and length 1048576 for ino 139820725657104
offset 0 and length 1048576 for ino 139820725657424
offset 0 and length 1048576 for ino 139820725657744
offset 0 and length 1048576 for ino 139820725658064
offset 0 and length 1048576 for ino 139820725658384
offset 0 and length 1048576 for ino 139820725658704
offset 0 and length 1048576 for ino 139820725659024
offset 0 and length 1048576 for ino 139820725659344
offset 0 and length 1048576 for ino 139820725659664
offset 0 and length 1048576 for ino 139820725659984
offset 0 and length 1048576 for ino 139820725660304
offset 0 and length 1048576 for ino 139820725660624
offset 0 and length 1048576 for ino 139820725660944
offset 0 and length 1048576 for ino 139820725661264
offset 0 and length 1048576 for ino 139820725661584
offset 0 and length 1048576 for ino 139820725661904
offset 0 and length 1048576 for ino 139820725662224
offset 0 and length 1048576 for ino 139820725662544
offset 0 and length 1048576 for ino 139820725662864
offset 0 and length 1048576 for ino 139820725663184
offset 0 and length 1048576 for ino 139820711854096
offset 0 and length 1048576 for ino 139820725663504
offset 0 and length 1048576 for ino 139820725663824
offset 0 and length 1048576 for ino 139820725664144
offset 0 and length 1048576 for ino 139820725664464
offset 0 and length 1048576 for ino 139820725664784
offset 0 and length 1048576 for ino 139820725665104
offset 0 and length 1048576 for ino 139820725665424
offset 0 and length 1048576 for ino 139820726485008
offset 0 and length 1048576 for ino 139820726485328
offset 0 and length 1048576 for ino 139820726485648
offset 0 and length 1048576 for ino 139820726485968
offset 0 and length 1048576 for ino 139820726486288
offset 0 and length 1048576 for ino 139820726486608
offset 0 and length 1048576 for ino 139820726486928
offset 0 and length 1048576 for ino 139820726487248
offset 0 and length 1048576 for ino 139820726487568
offset 0 and length 1048576 for ino 139820726487888
offset 0 and length 1048576 for ino 139820726488208
offset 0 and length 1048576 for ino 139820710150480
offset 0 and length 1048576 for ino 139820726488528
offset 0 and length 1048576 for ino 139820726488848
offset 0 and length 1048576 for ino 139820726489168
offset 0 and length 1048576 for ino 139820726489488
offset 0 and length 1048576 for ino 139820726489808
offset 0 and length 1048576 for ino 139820726490128
offset 0 and length 1048576 for ino 139820726490448
offset 0 and length 1048576 for ino 139820726490768
offset 0 and length 1048576 for ino 139820726491088
offset 0 and length 1048576 for ino 139820726491408
offset 0 and length 1048576 for ino 139820726491728
offset 0 and length 1048576 for ino 139820726492048
offset 0 and length 1048576 for ino 139820711985168
offset 0 and length 1048576 for ino 139820726492368
offset 0 and length 1048576 for ino 139820726492688
offset 0 and length 1048576 for ino 139820711985488
offset 0 and length 1048576 for ino 139820726493008
offset 0 and length 1048576 for ino 139820726493328
offset 0 and length 1048576 for ino 139820726493648
offset 0 and length 1048576 for ino 139820726493968
offset 0 and length 1048576 for ino 139820726494288
offset 0 and length 1048576 for ino 139820726494608
offset 0 and length 1048576 for ino 139820726494928
offset 0 and length 1048576 for ino 139820726495248
offset 0 and length 1048576 for ino 139820726495568
offset 0 and length 1048576 for ino 139820726495888
offset 0 and length 1048576 for ino 139820726496208
offset 0 and length 1048576 for ino 139820726496528
offset 0 and length 1048576 for ino 139820710740304
offset 0 and length 1048576 for ino 139820726496848
offset 0 and length 1048576 for ino 139820711659088
offset 0 and length 1048576 for ino 139820710740624
offset 0 and length 1048576 for ino 139820726497168
offset 0 and length 1048576 for ino 139820726497488
offset 0 and length 1048576 for ino 139820710740944
offset 0 and length 1048576 for ino 139820726497808
offset 0 and length 1048576 for ino 139820711985808
offset 0 and length 1048576 for ino 139820711986128
offset 0 and length 1048576 for ino 139820710150800
offset 0 and length 1048576 for ino 139820711986448
offset 0 and length 1048576 for ino 139820711986768
offset 0 and length 1048576 for ino 139820711987088
offset 0 and length 1048576 for ino 139820711987408
offset 0 and length 1048576 for ino 139820711987728
offset 0 and length 1048576 for ino 139820711988048
offset 0 and length 1048576 for ino 139820711988368
offset 0 and length 1048576 for ino 139820710741264
offset 0 and length 1048576 for ino 139820711988688
offset 0 and length 1048576 for ino 139820711989008
offset 0 and length 1048576 for ino 139820711989328
offset 0 and length 1048576 for ino 139820726498128
offset 0 and length 1048576 for ino 139820711989648
offset 0 and length 1048576 for ino 139820711989968
offset 0 and length 1048576 for ino 139820711990288
offset 0 and length 1048576 for ino 139820710151120
offset 0 and length 1048576 for ino 139820711990608
offset 0 and length 1048576 for ino 139820711990928
offset 0 and length 1048576 for ino 139820711659408
offset 0 and length 1048576 for ino 139820711991248
offset 0 and length 1048576 for ino 139820711991568
offset 0 and length 1048576 for ino 139820711991888
offset 0 and length 1048576 for ino 139820711992208
offset 0 and length 1048576 for ino 139820711992528
offset 0 and length 1048576 for ino 139820711992848
offset 0 and length 1048576 for ino 139820711993168
offset 0 and length 1048576 for ino 139820711993488
offset 0 and length 1048576 for ino 139820711993808
offset 0 and length 1048576 for ino 139820711994128
offset 0 and length 1048576 for ino 139820711994448
offset 0 and length 1048576 for ino 139820711994768
offset 0 and length 1048576 for ino 139820726498448
offset 0 and length 1048576 for ino 139820726498768
offset 0 and length 1048576 for ino 139820711995088
offset 0 and length 1048576 for ino 139820711995408
offset 0 and length 1048576 for ino 139820711995728
offset 0 and length 1048576 for ino 139820711996048
offset 0 and length 1048576 for ino 139820711996368
offset 0 and length 1048576 for ino 139820711996688
offset 0 and length 1048576 for ino 139820711997008
offset 0 and length 1048576 for ino 139820711997328
offset 0 and length 1048576 for ino 139820711997648
offset 0 and length 1048576 for ino 139820710741584
offset 0 and length 1048576 for ino 139820711997968
offset 0 and length 1048576 for ino 139820726499088
offset 0 and length 1048576 for ino 139820710741904
offset 0 and length 1048576 for ino 139820711998288
offset 0 and length 1048576 for ino 139820710742224
offset 0 and length 1048576 for ino 139820711998608
offset 0 and length 1048576 for ino 139820711854416
offset 0 and length 1048576 for ino 139820711998928
offset 0 and length 1048576 for ino 139820711854736
offset 0 and length 1048576 for ino 139820710674768
offset 0 and length 1048576 for ino 139820712050704
offset 0 and length 1048576 for ino 139820712051024
offset 0 and length 1048576 for ino 139820711999248
offset 0 and length 1048576 for ino 139820711999568
offset 0 and length 1048576 for ino 139820711999888
offset 0 and length 1048576 for ino 139820710742544
offset 0 and length 1048576 for ino 139820712000208
offset 0 and length 1048576 for ino 139820712000528
offset 0 and length 1048576 for ino 139820712000848
offset 0 and length 1048576 for ino 139820712001168
offset 0 and length 1048576 for ino 139820716638224
offset 0 and length 1048576 for ino 139820711723344
offset 0 and length 1048576 for ino 139820716638544
offset 0 and length 1048576 for ino 139820716638864
offset 0 and length 1048576 for ino 139820716639184
offset 0 and length 1048576 for ino 139820710742864
offset 0 and length 1048576 for ino 139820712051344
offset 0 and length 1048576 for ino 139820716639504
offset 0 and length 1048576 for ino 139820710151440
offset 0 and length 1048576 for ino 139820716639824
offset 0 and length 1048576 for ino 139820710151760
offset 0 and length 1048576 for ino 139820710743184
offset 0 and length 1048576 for ino 139820716640144
offset 0 and length 1048576 for ino 139820716640464
offset 0 and length 1048576 for ino 139820716640784
offset 0 and length 1048576 for ino 139820716641104
offset 0 and length 1048576 for ino 139820716641424
offset 0 and length 1048576 for ino 139820710152080
offset 0 and length 1048576 for ino 139820716641744
offset 0 and length 1048576 for ino 139820716642064
offset 0 and length 1048576 for ino 139820716642384
offset 0 and length 1048576 for ino 139820716642704
offset 0 and length 1048576 for ino 139820716643024
offset 0 and length 1048576 for ino 139820726499408
offset 0 and length 1048576 for ino 139820726499728
offset 0 and length 1048576 for ino 139820710675088
offset 0 and length 1048576 for ino 139820726500048
offset 0 and length 1048576 for ino 139820716643344
offset 0 and length 1048576 for ino 139820711855056
offset 0 and length 1048576 for ino 139820710675408
offset 0 and length 1048576 for ino 139820710675728
offset 0 and length 1048576 for ino 139820716643664
offset 0 and length 1048576 for ino 139820716643984
offset 0 and length 1048576 for ino 139820710152400
offset 0 and length 1048576 for ino 139820710152720
offset 0 and length 1048576 for ino 139820711659728
offset 0 and length 1048576 for ino 139820712051664
offset 0 and length 1048576 for ino 139820711660048
offset 0 and length 1048576 for ino 139820710676048
offset 0 and length 1048576 for ino 139820710153040
offset 0 and length 1048576 for ino 139820710153360
offset 0 and length 1048576 for ino 139820710743504
offset 0 and length 1048576 for ino 139820711723664
offset 0 and length 1048576 for ino 139820710413584
offset 0 and length 1048576 for ino 139820710743824
offset 0 and length 1048576 for ino 139820710676368
offset 0 and length 1048576 for ino 139820710676688
offset 0 and length 1048576 for ino 139820710744144
offset 0 and length 1048576 for ino 139820712051984
offset 0 and length 1048576 for ino 139820716644304
offset 0 and length 1048576 for ino 139820726500368
offset 0 and length 1048576 for ino 139820716644624
offset 0 and length 1048576 for ino 139820710153680
offset 0 and length 1048576 for ino 139820716644944
offset 0 and length 1048576 for ino 139820710677008
offset 0 and length 1048576 for ino 139820710677328
offset 0 and length 1048576 for ino 139820710677648
offset 0 and length 1048576 for ino 139820716645264
offset 0 and length 1048576 for ino 139820716645584
offset 0 and length 1048576 for ino 139820716645904
offset 0 and length 1048576 for ino 139820710677968
offset 0 and length 1048576 for ino 139820726500688
offset 0 and length 1048576 for ino 139820710678288
offset 0 and length 1048576 for ino 139820712052304
offset 0 and length 1048576 for ino 139820710678608
offset 0 and length 1048576 for ino 139820726501008
offset 0 and length 1048576 for ino 139820714770448
offset 0 and length 1048576 for ino 139820710744464
offset 0 and length 1048576 for ino 139820710154000
offset 0 and length 1048576 for ino 139820710678928
offset 0 and length 1048576 for ino 139820714770768
offset 0 and length 1048576 for ino 139820710679248
offset 0 and length 1048576 for ino 139820710679568
offset 0 and length 1048576 for ino 139820716646224
offset 0 and length 1048576 for ino 139820711660368
offset 0 and length 1048576 for ino 139820714771088
offset 0 and length 1048576 for ino 139820710154320
offset 0 and length 1048576 for ino 139820710679888
offset 0 and length 1048576 for ino 139820716646544
offset 0 and length 1048576 for ino 139820710680208
offset 0 and length 1048576 for ino 139820711723984
offset 0 and length 1048576 for ino 139820714771408
offset 0 and length 1048576 for ino 139820716646864
offset 0 and length 1048576 for ino 139820710680528
offset 0 and length 1048576 for ino 139820711855376
offset 0 and length 1048576 for ino 139820711855696
offset 0 and length 1048576 for ino 139820716647184
offset 0 and length 1048576 for ino 139820711856016
offset 0 and length 1048576 for ino 139820716647504
offset 0 and length 1048576 for ino 139820714771728
offset 0 and length 1048576 for ino 139820716647824
offset 0 and length 1048576 for ino 139820711856336
offset 0 and length 1048576 for ino 139820710680848
offset 0 and length 1048576 for ino 139820710681168
offset 0 and length 1048576 for ino 139820710744784
offset 0 and length 1048576 for ino 139820716648144
offset 0 and length 1048576 for ino 139820716648464
offset 0 and length 1048576 for ino 139820714772048
offset 0 and length 1048576 for ino 139820716648784
offset 0 and length 1048576 for ino 139820710745104
offset 0 and length 1048576 for ino 139820711724304
offset 0 and length 1048576 for ino 139820714772368
offset 0 and length 1048576 for ino 139820714772688
offset 0 and length 1048576 for ino 139820711856656
offset 0 and length 1048576 for ino 139820710681488
offset 0 and length 1048576 for ino 139820716649104
offset 0 and length 1048576 for ino 139820716649424
offset 0 and length 1048576 for ino 139820710681808
offset 0 and length 1048576 for ino 139820716649744
offset 0 and length 1048576 for ino 139820716650064
offset 0 and length 1048576 for ino 139820711856976
offset 0 and length 1048576 for ino 139820716650384
offset 0 and length 1048576 for ino 139820710682128
offset 0 and length 1048576 for ino 139820716650704
offset 0 and length 1048576 for ino 139820716651024
offset 0 and length 1048576 for ino 139820710682448
offset 0 and length 1048576 for ino 139820714773008
offset 0 and length 1048576 for ino 139820714773328
offset 0 and length 1048576 for ino 139820714773648
offset 0 and length 1048576 for ino 139820716651344
offset 0 and length 1048576 for ino 139820711724624
offset 0 and length 1048576 for ino 139820710682768
offset 0 and length 1048576 for ino 139820714773968
offset 0 and length 1048576 for ino 139820710154640
offset 0 and length 1048576 for ino 139820716651664
offset 0 and length 1048576 for ino 139820716651984
offset 0 and length 1048576 for ino 139820716652304
offset 0 and length 1048576 for ino 139820710683088
offset 0 and length 1048576 for ino 139820710413904
offset 0 and length 1048576 for ino 139820714774288
offset 0 and length 1048576 for ino 139820714774608
offset 0 and length 1048576 for ino 139820711660688
offset 0 and length 1048576 for ino 139820711661008
offset 0 and length 1048576 for ino 139820716652624
offset 0 and length 1048576 for ino 139820711661328
offset 0 and length 1048576 for ino 139820711661648
offset 0 and length 1048576 for ino 139820716652944
offset 0 and length 1048576 for ino 139820711661968
offset 0 and length 1048576 for ino 139820711662288
offset 0 and length 1048576 for ino 139820710745424
offset 0 and length 1048576 for ino 139820714774928
offset 0 and length 1048576 for ino 139820714775248
offset 0 and length 1048576 for ino 139820716653264
offset 0 and length 1048576 for ino 139820711662608
offset 0 and length 1048576 for ino 139820711662928
offset 0 and length 1048576 for ino 139820714775568
offset 0 and length 1048576 for ino 139820714775888
offset 0 and length 1048576 for ino 139820710683408
offset 0 and length 1048576 for ino 139820714776208
offset 0 and length 1048576 for ino 139820714776528
offset 0 and length 1048576 for ino 139820710745744
offset 0 and length 1048576 for ino 139820714776848
offset 0 and length 1048576 for ino 139820711663248
offset 0 and length 1048576 for ino 139820711663568
offset 0 and length 1048576 for ino 139820711663888
offset 0 and length 1048576 for ino 139820714777168
offset 0 and length 1048576 for ino 139820714777488
offset 0 and length 1048576 for ino 139820714777808
offset 0 and length 1048576 for ino 139820714778128
offset 0 and length 1048576 for ino 139820711724944
offset 0 and length 1048576 for ino 139820716653584
offset 0 and length 1048576 for ino 139820710746064
offset 0 and length 1048576 for ino 139820716653904
offset 0 and length 1048576 for ino 139820716654224
offset 0 and length 1048576 for ino 139820714778448
offset 0 and length 1048576 for ino 139820710683728
offset 0 and length 1048576 for ino 139820718014480
offset 0 and length 1048576 for ino 139820718014800
offset 0 and length 1048576 for ino 139820718015120
offset 0 and length 1048576 for ino 139820711725264
offset 0 and length 1048576 for ino 139820711857296
offset 0 and length 1048576 for ino 139820714778768
offset 0 and length 1048576 for ino 139820711857616
offset 0 and length 1048576 for ino 139820711725584
offset 0 and length 1048576 for ino 139820718015440
offset 0 and length 1048576 for ino 139820710684048
offset 0 and length 1048576 for ino 139820710684368
offset 0 and length 1048576 for ino 139820710746384
offset 0 and length 1048576 for ino 139820710684688
offset 0 and length 1048576 for ino 139820712052624
offset 0 and length 1048576 for ino 139820711725904
offset 0 and length 1048576 for ino 139820710685008
offset 0 and length 1048576 for ino 139820718015760
offset 0 and length 1048576 for ino 139820711726224
offset 0 and length 1048576 for ino 139820710685328
offset 0 and length 1048576 for ino 139820710685648
offset 0 and length 1048576 for ino 139820718016080
offset 0 and length 1048576 for ino 139820718016400
offset 0 and length 1048576 for ino 139820712052944
offset 0 and length 1048576 for ino 139820712053264
offset 0 and length 1048576 for ino 139820711857936
offset 0 and length 1048576 for ino 139820718016720
offset 0 and length 1048576 for ino 139820718017040
offset 0 and length 1048576 for ino 139820718017360
offset 0 and length 1048576 for ino 139820710685968
offset 0 and length 1048576 for ino 139820710746704
offset 0 and length 1048576 for ino 139820710747024
offset 0 and length 1048576 for ino 139820710747344
offset 0 and length 1048576 for ino 139820711858256
offset 0 and length 1048576 for ino 139820710686288
offset 0 and length 1048576 for ino 139820718017680
offset 0 and length 1048576 for ino 139820718018000
offset 0 and length 1048576 for ino 139820710686608
offset 0 and length 1048576 for ino 139820714779088
offset 0 and length 1048576 for ino 139820712053584
offset 0 and length 1048576 for ino 139820710686928
offset 0 and length 1048576 for ino 139820714779408
offset 0 and length 1048576 for ino 139820712053904
offset 0 and length 1048576 for ino 139820711858576
offset 0 and length 1048576 for ino 139820710687248
offset 0 and length 1048576 for ino 139820718018320
offset 0 and length 1048576 for ino 139820718018640
offset 0 and length 1048576 for ino 139820710747664
offset 0 and length 1048576 for ino 139820718018960
offset 0 and length 1048576 for ino 139820718019280
offset 0 and length 1048576 for ino 139820710747984
offset 0 and length 1048576 for ino 139820710687568
offset 0 and length 1048576 for ino 139820718019600
offset 0 and length 1048576 for ino 139820711726544
offset 0 and length 1048576 for ino 139820718019920
offset 0 and length 1048576 for ino 139820710687888
offset 0 and length 1048576 for ino 139820710688208
offset 0 and length 1048576 for ino 139820711858896
offset 0 and length 1048576 for ino 139820710688528
offset 0 and length 1048576 for ino 139820710688848
offset 0 and length 1048576 for ino 139820710689168
offset 0 and length 1048576 for ino 139820718020240
offset 0 and length 1048576 for ino 139820718020560
offset 0 and length 1048576 for ino 139820710748304
offset 0 and length 1048576 for ino 139820712054224
offset 0 and length 1048576 for ino 139820710689488
offset 0 and length 1048576 for ino 139820718020880
offset 0 and length 1048576 for ino 139820718021200
offset 0 and length 1048576 for ino 139820718021520
offset 0 and length 1048576 for ino 139820718021840
offset 0 and length 1048576 for ino 139820710748624
offset 0 and length 1048576 for ino 139820718022160
offset 0 and length 1048576 for ino 139820710154960
offset 0 and length 1048576 for ino 139820710155280
offset 0 and length 1048576 for ino 139820710155600
offset 0 and length 1048576 for ino 139820710155920
offset 0 and length 1048576 for ino 139820710156240
offset 0 and length 1048576 for ino 139820718022480
offset 0 and length 1048576 for ino 139820710689808
offset 0 and length 1048576 for ino 139820710156560
offset 0 and length 1048576 for ino 139820710690128
offset 0 and length 1048576 for ino 139820710690448
offset 0 and length 1048576 for ino 139820710156880
offset 0 and length 1048576 for ino 139820720275472
offset 0 and length 1048576 for ino 139820710157200
offset 0 and length 1048576 for ino 139820710157520
offset 0 and length 1048576 for ino 139820720275792
offset 0 and length 1048576 for ino 139820711859216
offset 0 and length 1048576 for ino 139820710157840
offset 0 and length 1048576 for ino 139820710158160
offset 0 and length 1048576 for ino 139820720276112
offset 0 and length 1048576 for ino 139820711859536
offset 0 and length 1048576 for ino 139820710158480
offset 0 and length 1048576 for ino 139820710158800
offset 0 and length 1048576 for ino 139820720276432
offset 0 and length 1048576 for ino 139820710159120
offset 0 and length 1048576 for ino 139820710159440
offset 0 and length 1048576 for ino 139820711726864
offset 0 and length 1048576 for ino 139820720276752
offset 0 and length 1048576 for ino 139820710159760
offset 0 and length 1048576 for ino 139820720277072
offset 0 and length 1048576 for ino 139820710160080
offset 0 and length 1048576 for ino 139820710160400
offset 0 and length 1048576 for ino 139820710160720
offset 0 and length 1048576 for ino 139820720277392
offset 0 and length 1048576 for ino 139820720277712
offset 0 and length 1048576 for ino 139820714779728
offset 0 and length 1048576 for ino 139820714780048
offset 0 and length 1048576 for ino 139820714780368
offset 0 and length 1048576 for ino 139820710161040
offset 0 and length 1048576 for ino 139820718022800
offset 0 and length 1048576 for ino 139820710161360
offset 0 and length 1048576 for ino 139820710161680
offset 0 and length 1048576 for ino 139820711664208
offset 0 and length 1048576 for ino 139820710162000
offset 0 and length 1048576 for ino 139820718023120
offset 0 and length 1048576 for ino 139820720278032
offset 0 and length 1048576 for ino 139820718023440
offset 0 and length 1048576 for ino 139820711859856
offset 0 and length 1048576 for ino 139820718023760
offset 0 and length 1048576 for ino 139820720278352
offset 0 and length 1048576 for ino 139820720278672
offset 0 and length 1048576 for ino 139820720278992
offset 0 and length 1048576 for ino 139820718024080
offset 0 and length 1048576 for ino 139820720279312
offset 0 and length 1048576 for ino 139820720279632
offset 0 and length 1048576 for ino 139820718024400
offset 0 and length 1048576 for ino 139820718024720
offset 0 and length 1048576 for ino 139820720279952
offset 0 and length 1048576 for ino 139820710162320
offset 0 and length 1048576 for ino 139820720280272
offset 0 and length 1048576 for ino 139820718025040
offset 0 and length 1048576 for ino 139820718025360
offset 0 and length 1048576 for ino 139820720280592
offset 0 and length 1048576 for ino 139820714780688
offset 0 and length 1048576 for ino 139820714781008
offset 0 and length 1048576 for ino 139820714781328
offset 0 and length 1048576 for ino 139820718025680
offset 0 and length 1048576 for ino 139820718026000
offset 0 and length 1048576 for ino 139820718026320
offset 0 and length 1048576 for ino 139820710162640
offset 0 and length 1048576 for ino 139820714781648
offset 0 and length 1048576 for ino 139820718026640
offset 0 and length 1048576 for ino 139820710748944
offset 0 and length 1048576 for ino 139820710749264
offset 0 and length 1048576 for ino 139820710749584
offset 0 and length 1048576 for ino 139820710749904
offset 0 and length 1048576 for ino 139820718026960
offset 0 and length 1048576 for ino 139820710750224
offset 0 and length 1048576 for ino 139820710750544
offset 0 and length 1048576 for ino 139820718027280
offset 0 and length 1048576 for ino 139820711727184
offset 0 and length 1048576 for ino 139820711727504
offset 0 and length 1048576 for ino 139820718027600
offset 0 and length 1048576 for ino 139820718027920
offset 0 and length 1048576 for ino 139820711727824
offset 0 and length 1048576 for ino 139820718028240
offset 0 and length 1048576 for ino 139820718028560
offset 0 and length 1048576 for ino 139820718028880
offset 0 and length 1048576 for ino 139820718029200
offset 0 and length 1048576 for ino 139820710162960
offset 0 and length 1048576 for ino 139820718029520
offset 0 and length 1048576 for ino 139820718029840
offset 0 and length 1048576 for ino 139820718030160
offset 0 and length 1048576 for ino 139820718030480
offset 0 and length 1048576 for ino 139820711728144
offset 0 and length 1048576 for ino 139820551077904
offset 0 and length 1048576 for ino 139820551078224
offset 0 and length 1048576 for ino 139820551078544
offset 0 and length 1048576 for ino 139820551078864
offset 0 and length 1048576 for ino 139820551079184
offset 0 and length 1048576 for ino 139820551079504
offset 0 and length 1048576 for ino 139820551079824
offset 0 and length 1048576 for ino 139820551080144
offset 0 and length 1048576 for ino 139820551080464
offset 0 and length 1048576 for ino 139820551080784
offset 0 and length 1048576 for ino 139820551081104
offset 0 and length 1048576 for ino 139820551081424
offset 0 and length 1048576 for ino 139820551081744
offset 0 and length 1048576 for ino 139820551082064
offset 0 and length 1048576 for ino 139820551082384
offset 0 and length 1048576 for ino 139820551082704
offset 0 and length 1048576 for ino 139820551083024
offset 0 and length 1048576 for ino 139820551083344
offset 0 and length 1048576 for ino 139820551083664
offset 0 and length 1048576 for ino 139820551083984
offset 0 and length 1048576 for ino 139820551084304
offset 0 and length 1048576 for ino 139820551084624
offset 0 and length 1048576 for ino 139820710163280
offset 0 and length 1048576 for ino 139820551084944
offset 0 and length 1048576 for ino 139820551085264
offset 0 and length 1048576 for ino 139820710163600
offset 0 and length 1048576 for ino 139820551085584
offset 0 and length 1048576 for ino 139820551085904
offset 0 and length 1048576 for ino 139820551086224
offset 0 and length 1048576 for ino 139820551086544
offset 0 and length 1048576 for ino 139820551086864
offset 0 and length 1048576 for ino 139820551087184
offset 0 and length 1048576 for ino 139820551087504
offset 0 and length 1048576 for ino 139820551087824
offset 0 and length 1048576 for ino 139820551088144
offset 0 and length 1048576 for ino 139820551088464
offset 0 and length 1048576 for ino 139820551088784
offset 0 and length 1048576 for ino 139820712054544
offset 0 and length 1048576 for ino 139820714781968
offset 0 and length 1048576 for ino 139820551089104
offset 0 and length 1048576 for ino 139820551089424
offset 0 and length 1048576 for ino 139820551089744
offset 0 and length 1048576 for ino 139820551090064
offset 0 and length 1048576 for ino 139820551090384
offset 0 and length 1048576 for ino 139820551090704
offset 0 and length 1048576 for ino 139820710750864
offset 0 and length 1048576 for ino 139820551091024
offset 0 and length 1048576 for ino 139820720280912
offset 0 and length 1048576 for ino 139820551091344
offset 0 and length 1048576 for ino 139820551091664
offset 0 and length 1048576 for ino 139820714782288
offset 0 and length 1048576 for ino 139820551091984
offset 0 and length 1048576 for ino 139820551092304
offset 0 and length 1048576 for ino 139820711860176
offset 0 and length 1048576 for ino 139820551092624
offset 0 and length 1048576 for ino 139820711664528
offset 0 and length 1048576 for ino 139820710751184
offset 0 and length 1048576 for ino 139820551092944
offset 0 and length 1048576 for ino 139820551093264
offset 0 and length 1048576 for ino 139820711728464
offset 0 and length 1048576 for ino 139820551093584
offset 0 and length 1048576 for ino 139820551093904
offset 0 and length 1048576 for ino 139820720281232
offset 0 and length 1048576 for ino 139820551929872
offset 0 and length 1048576 for ino 139820711860496
offset 0 and length 1048576 for ino 139820551930192
offset 0 and length 1048576 for ino 139820720281552
offset 0 and length 1048576 for ino 139820711860816
offset 0 and length 1048576 for ino 139820711861136
offset 0 and length 1048576 for ino 139820714782608
offset 0 and length 1048576 for ino 139820711861456
offset 0 and length 1048576 for ino 139820551930512
offset 0 and length 1048576 for ino 139820551930832
offset 0 and length 1048576 for ino 139820551931152
offset 0 and length 1048576 for ino 139820720281872
offset 0 and length 1048576 for ino 139820711861776
offset 0 and length 1048576 for ino 139820710163920
offset 0 and length 1048576 for ino 139820551931472
offset 0 and length 1048576 for ino 139820711728784
offset 0 and length 1048576 for ino 139820710164240
offset 0 and length 1048576 for ino 139820551931792
offset 0 and length 1048576 for ino 139820720282192
offset 0 and length 1048576 for ino 139820710164560
offset 0 and length 1048576 for ino 139820551932112
offset 0 and length 1048576 for ino 139820720282512
offset 0 and length 1048576 for ino 139820551932432
offset 0 and length 1048576 for ino 139820720282832
offset 0 and length 1048576 for ino 139820711862096
offset 0 and length 1048576 for ino 139820720283152
offset 0 and length 1048576 for ino 139820710414224
offset 0 and length 1048576 for ino 139820551932752
offset 0 and length 1048576 for ino 139820711729104
offset 0 and length 1048576 for ino 139820551933072
offset 0 and length 1048576 for ino 139820551933392
offset 0 and length 1048576 for ino 139820720283472
offset 0 and length 1048576 for ino 139820710751504
offset 0 and length 1048576 for ino 139820551933712
offset 0 and length 1048576 for ino 139820720283792
offset 0 and length 1048576 for ino 139820711729424
offset 0 and length 1048576 for ino 139820710164880
offset 0 and length 1048576 for ino 139820710165200
offset 0 and length 1048576 for ino 139820710751824
offset 0 and length 1048576 for ino 139820551934032
offset 0 and length 1048576 for ino 139820551934352
offset 0 and length 1048576 for ino 139820720284112
offset 0 and length 1048576 for ino 139820710165520
offset 0 and length 1048576 for ino 139820710752144
offset 0 and length 1048576 for ino 139820712054864
offset 0 and length 1048576 for ino 139820551934672
offset 0 and length 1048576 for ino 139820711729744
offset 0 and length 1048576 for ino 139820551934992
offset 0 and length 1048576 for ino 139820720284432
offset 0 and length 1048576 for ino 139820710165840
offset 0 and length 1048576 for ino 139820551935312
offset 0 and length 1048576 for ino 139820551935632
offset 0 and length 1048576 for ino 139820714782928
offset 0 and length 1048576 for ino 139820714783248
offset 0 and length 1048576 for ino 139820710752464
offset 0 and length 1048576 for ino 139820551935952
offset 0 and length 1048576 for ino 139820551936272
offset 0 and length 1048576 for ino 139820714783568
offset 0 and length 1048576 for ino 139820714783888
offset 0 and length 1048576 for ino 139820714784208
offset 0 and length 1048576 for ino 139820714784528
offset 0 and length 1048576 for ino 139820551936592
offset 0 and length 1048576 for ino 139820720284752
offset 0 and length 1048576 for ino 139820710752784
offset 0 and length 1048576 for ino 139820711730064
offset 0 and length 1048576 for ino 139820711862416
offset 0 and length 1048576 for ino 139820710166160
offset 0 and length 1048576 for ino 139820720285072
offset 0 and length 1048576 for ino 139820551936912
offset 0 and length 1048576 for ino 139820720285392
offset 0 and length 1048576 for ino 139820720285712
offset 0 and length 1048576 for ino 139820551937232
offset 0 and length 1048576 for ino 139820551937552
offset 0 and length 1048576 for ino 139820551937872
offset 0 and length 1048576 for ino 139820554125328
offset 0 and length 1048576 for ino 139820720286032
offset 0 and length 1048576 for ino 139820710414544
offset 0 and length 1048576 for ino 139820551938192
offset 0 and length 1048576 for ino 139820554125648
offset 0 and length 1048576 for ino 139820711862736
offset 0 and length 1048576 for ino 139820720286352
offset 0 and length 1048576 for ino 139820710753104
offset 0 and length 1048576 for ino 139820710753424
offset 0 and length 1048576 for ino 139820711730384
offset 0 and length 1048576 for ino 139820551938512
offset 0 and length 1048576 for ino 139820720286672
offset 0 and length 1048576 for ino 139820720286992
offset 0 and length 1048576 for ino 139820720287312
offset 0 and length 1048576 for ino 139820714784848
offset 0 and length 1048576 for ino 139820554125968
offset 0 and length 1048576 for ino 139820551938832
offset 0 and length 1048576 for ino 139820710753744
offset 0 and length 1048576 for ino 139820710754064
offset 0 and length 1048576 for ino 139820551939152
offset 0 and length 1048576 for ino 139820720287632
offset 0 and length 1048576 for ino 139820712055184
offset 0 and length 1048576 for ino 139820551939472
offset 0 and length 1048576 for ino 139820554126288
offset 0 and length 1048576 for ino 139820554126608
offset 0 and length 1048576 for ino 139820714785168
offset 0 and length 1048576 for ino 139820710754384
offset 0 and length 1048576 for ino 139820554126928
offset 0 and length 1048576 for ino 139820551939792
offset 0 and length 1048576 for ino 139820710754704
offset 0 and length 1048576 for ino 139820710755024
offset 0 and length 1048576 for ino 139820710755344
offset 0 and length 1048576 for ino 139820554127248
offset 0 and length 1048576 for ino 139820714785488
offset 0 and length 1048576 for ino 139820551940112
offset 0 and length 1048576 for ino 139820551940432
offset 0 and length 1048576 for ino 139820554127568
offset 0 and length 1048576 for ino 139820554127888
offset 0 and length 1048576 for ino 139820710755664
offset 0 and length 1048576 for ino 139820554128208
offset 0 and length 1048576 for ino 139820554128528
offset 0 and length 1048576 for ino 139820554128848
offset 0 and length 1048576 for ino 139820554129168
offset 0 and length 1048576 for ino 139820554129488
offset 0 and length 1048576 for ino 139820554129808
offset 0 and length 1048576 for ino 139820551940752
offset 0 and length 1048576 for ino 139820551941072
offset 0 and length 1048576 for ino 139820720287952
offset 0 and length 1048576 for ino 139820720288272
offset 0 and length 1048576 for ino 139820720288592
offset 0 and length 1048576 for ino 139820720288912
offset 0 and length 1048576 for ino 139820720289232
offset 0 and length 1048576 for ino 139820720289552
offset 0 and length 1048576 for ino 139820720289872
offset 0 and length 1048576 for ino 139820720290192
offset 0 and length 1048576 for ino 139820720290512
offset 0 and length 1048576 for ino 139820720290832
offset 0 and length 1048576 for ino 139820720291152
offset 0 and length 1048576 for ino 139820720291472
offset 0 and length 1048576 for ino 139820553338896
offset 0 and length 1048576 for ino 139820553339216
offset 0 and length 1048576 for ino 139820553339536
offset 0 and length 1048576 for ino 139820553339856
offset 0 and length 1048576 for ino 139820553340176
offset 0 and length 1048576 for ino 139820553340496
offset 0 and length 1048576 for ino 139820711730704
offset 0 and length 1048576 for ino 139820553340816
offset 0 and length 1048576 for ino 139820553341136
offset 0 and length 1048576 for ino 139820553341456
offset 0 and length 1048576 for ino 139820553341776
offset 0 and length 1048576 for ino 139820553342096
