Harness starting.
 /home/sevag/CLionProjects/FuseFileSystemBoC/cmake-build-release/FuseFileSystemBoC --seed 3148423523

Pinning to Core:40
creating 512 mb file systemoffset 0 and length 167772160 for ino 139364443258896
offset 0 and length 167772160 for ino 139364443259216
offset 0 and length 167772160 for ino 139364443389968
offset 0 and length 167772160 for ino 139364443930640
offset 0 and length 167772160 for ino 139364443259536
offset 0 and length 167772160 for ino 139364443259856
offset 0 and length 167772160 for ino 139364443390288
offset 0 and length 167772160 for ino 139364298326032
offset 0 and length 167772160 for ino 139364443176976
offset 0 and length 167772160 for ino 139364443177296
offset 0 and length 167772160 for ino 139364443177616
offset 0 and length 167772160 for ino 139364443177936
offset 0 and length 167772160 for ino 139364443260176
offset 0 and length 167772160 for ino 139364443930960
offset 0 and length 167772160 for ino 139364298342416
offset 0 and length 167772160 for ino 139364443178256
offset 0 and length 167772160 for ino 139364298342736
offset 0 and length 167772160 for ino 139364443390608
offset 0 and length 167772160 for ino 139364298326352
offset 0 and length 167772160 for ino 139364298326672
offset 0 and length 167772160 for ino 139364298080272
offset 0 and length 167772160 for ino 139364443390928
offset 0 and length 167772160 for ino 139364443391248
offset 0 and length 167772160 for ino 139364451172368
offset 0 and length 167772160 for ino 139364451172688
offset 0 and length 167772160 for ino 139364451173008
offset 0 and length 167772160 for ino 139364455366672
offset 0 and length 167772160 for ino 139364443178576
offset 0 and length 167772160 for ino 139364443178896
offset 0 and length 167772160 for ino 139364443931280
offset 0 and length 167772160 for ino 139364455366992
offset 0 and length 167772160 for ino 139364443391568
offset 0 and length 167772160 for ino 139364443179216
offset 0 and length 167772160 for ino 139364443179536
offset 0 and length 167772160 for ino 139364455367312
offset 0 and length 167772160 for ino 139364451173328
offset 0 and length 167772160 for ino 139364451173648
offset 0 and length 167772160 for ino 139364455367632
offset 0 and length 167772160 for ino 139364455367952
offset 0 and length 167772160 for ino 139364298080592
offset 0 and length 167772160 for ino 139364298080912
offset 0 and length 167772160 for ino 139364443391888
offset 0 and length 167772160 for ino 139364443179856
offset 0 and length 167772160 for ino 139364298326992
offset 0 and length 167772160 for ino 139364455368272
offset 0 and length 167772160 for ino 139364455368592
offset 0 and length 167772160 for ino 139364443931600
offset 0 and length 167772160 for ino 139364443180176
offset 0 and length 167772160 for ino 139364298343056
offset 0 and length 167772160 for ino 139364298081232
offset 0 and length 167772160 for ino 139364298327312
offset 0 and length 167772160 for ino 139364451173968
offset 0 and length 167772160 for ino 139364298343376
offset 0 and length 167772160 for ino 139364287594512
offset 0 and length 167772160 for ino 139364451174288
offset 0 and length 167772160 for ino 139364451174608
offset 0 and length 167772160 for ino 139364298327632
offset 0 and length 167772160 for ino 139364298081552
offset 0 and length 167772160 for ino 139364443392208
offset 0 and length 167772160 for ino 139364443180496
offset 0 and length 167772160 for ino 139364298343696
offset 0 and length 167772160 for ino 139364451174928
offset 0 and length 167772160 for ino 139364298327952
offset 0 and length 167772160 for ino 139364443180816
