Harness starting.
 /home/sevag/CLionProjects/FuseFileSystemBoC/cmake-build-release/FuseFileSystemBoC --seed 1130011825

Pinning to Core:40
creating 512 mb file systemoffset 0 and length 83886080 for ino 139443988152336
offset 0 and length 83886080 for ino 139443988447248
offset 0 and length 83886080 for ino 139443988447568
offset 0 and length 83886080 for ino 139443988447888
offset 0 and length 83886080 for ino 139443988448208
offset 0 and length 83886080 for ino 139443988448528
offset 0 and length 83886080 for ino 139443988578320
offset 0 and length 83886080 for ino 139443988840464
offset 0 and length 83886080 for ino 139443988840784
offset 0 and length 83886080 for ino 139443989889040
offset 0 and length 83886080 for ino 139444004569104
offset 0 and length 83886080 for ino 139444004569424
offset 0 and length 83886080 for ino 139444004569744
offset 0 and length 83886080 for ino 139444004570064
offset 0 and length 83886080 for ino 139444004570384
offset 0 and length 83886080 for ino 139444004570704
offset 0 and length 83886080 for ino 139443988448848
offset 0 and length 83886080 for ino 139443988449168
offset 0 and length 83886080 for ino 139443988449488
offset 0 and length 83886080 for ino 139443988449808
offset 0 and length 83886080 for ino 139443988578640
offset 0 and length 83886080 for ino 139443988450128
offset 0 and length 83886080 for ino 139443988450448
offset 0 and length 83886080 for ino 139443988450768
offset 0 and length 83886080 for ino 139444004571024
offset 0 and length 83886080 for ino 139443795066896
offset 0 and length 83886080 for ino 139443988841104
offset 0 and length 83886080 for ino 139443988841424
offset 0 and length 83886080 for ino 139443988451088
offset 0 and length 83886080 for ino 139443988451408
offset 0 and length 83886080 for ino 139443988451728
offset 0 and length 83886080 for ino 139443988452048
offset 0 and length 83886080 for ino 139443988452368
offset 0 and length 83886080 for ino 139443988152656
offset 0 and length 83886080 for ino 139443998097424
offset 0 and length 83886080 for ino 139443988578960
offset 0 and length 83886080 for ino 139443988152976
offset 0 and length 83886080 for ino 139443988452688
offset 0 and length 83886080 for ino 139443988153296
offset 0 and length 83886080 for ino 139443998097744
offset 0 and length 83886080 for ino 139443988841744
offset 0 and length 83886080 for ino 139443988153616
offset 0 and length 83886080 for ino 139443988153936
offset 0 and length 83886080 for ino 139443989889360
offset 0 and length 83886080 for ino 139443998098064
offset 0 and length 83886080 for ino 139444004571344
offset 0 and length 83886080 for ino 139444004571664
offset 0 and length 83886080 for ino 139444004571984
offset 0 and length 83886080 for ino 139444004572304
offset 0 and length 83886080 for ino 139443988453008
offset 0 and length 83886080 for ino 139443988453328
offset 0 and length 83886080 for ino 139443988453648
offset 0 and length 83886080 for ino 139444004572624
offset 0 and length 83886080 for ino 139443988453968
offset 0 and length 83886080 for ino 139443988454288
offset 0 and length 83886080 for ino 139443988454608
offset 0 and length 83886080 for ino 139443988454928
offset 0 and length 83886080 for ino 139443998098384
offset 0 and length 83886080 for ino 139443998098704
offset 0 and length 83886080 for ino 139443795067216
offset 0 and length 83886080 for ino 139443988154256
offset 0 and length 83886080 for ino 139443988579280
offset 0 and length 83886080 for ino 139444004572944
offset 0 and length 83886080 for ino 139443988154576
offset 0 and length 83886080 for ino 139444004573264
offset 0 and length 83886080 for ino 139443795067536
offset 0 and length 83886080 for ino 139443817873424
offset 0 and length 83886080 for ino 139443817873744
offset 0 and length 83886080 for ino 139443988154896
offset 0 and length 83886080 for ino 139443988842064
offset 0 and length 83886080 for ino 139443988842384
offset 0 and length 83886080 for ino 139443817874064
offset 0 and length 83886080 for ino 139443988455248
offset 0 and length 83886080 for ino 139444004573584
offset 0 and length 83886080 for ino 139443988842704
offset 0 and length 83886080 for ino 139444003029008
offset 0 and length 83886080 for ino 139443988455568
offset 0 and length 83886080 for ino 139443988455888
offset 0 and length 83886080 for ino 139443988456208
offset 0 and length 83886080 for ino 139443988456528
offset 0 and length 83886080 for ino 139443988456848
offset 0 and length 83886080 for ino 139443988457168
offset 0 and length 83886080 for ino 139443988457488
offset 0 and length 83886080 for ino 139443988457808
offset 0 and length 83886080 for ino 139444004573904
offset 0 and length 83886080 for ino 139444004574224
offset 0 and length 83886080 for ino 139444004574544
offset 0 and length 83886080 for ino 139444004574864
offset 0 and length 83886080 for ino 139444004575184
offset 0 and length 83886080 for ino 139444004575504
offset 0 and length 83886080 for ino 139444004575824
offset 0 and length 83886080 for ino 139443988155216
offset 0 and length 83886080 for ino 139443988458128
offset 0 and length 83886080 for ino 139443988458448
offset 0 and length 83886080 for ino 139444004576144
offset 0 and length 83886080 for ino 139444004576464
offset 0 and length 83886080 for ino 139444004576784
offset 0 and length 83886080 for ino 139444004577104
offset 0 and length 83886080 for ino 139444004577424
offset 0 and length 83886080 for ino 139444004577744
offset 0 and length 83886080 for ino 139444004578064
offset 0 and length 83886080 for ino 139443988155536
offset 0 and length 83886080 for ino 139444004578384
offset 0 and length 83886080 for ino 139443988579600
offset 0 and length 83886080 for ino 139443988458768
offset 0 and length 83886080 for ino 139443988843024
offset 0 and length 83886080 for ino 139443988459088
offset 0 and length 83886080 for ino 139443988459408
offset 0 and length 83886080 for ino 139443988459728
offset 0 and length 83886080 for ino 139443988460048
offset 0 and length 83886080 for ino 139443988460368
offset 0 and length 83886080 for ino 139443988155856
offset 0 and length 83886080 for ino 139444004578704
offset 0 and length 83886080 for ino 139443998099024
offset 0 and length 83886080 for ino 139443998099344
offset 0 and length 83886080 for ino 139443998099664
offset 0 and length 83886080 for ino 139443795067856
offset 0 and length 83886080 for ino 139443817874384
offset 0 and length 83886080 for ino 139443817874704
offset 0 and length 83886080 for ino 139443795068176
offset 0 and length 83886080 for ino 139443988843344
offset 0 and length 83886080 for ino 139443988460688
offset 0 and length 83886080 for ino 139443988461008
offset 0 and length 83886080 for ino 139443988461328
offset 0 and length 83886080 for ino 139444003029328
offset 0 and length 83886080 for ino 139443998099984
offset 0 and length 83886080 for ino 139443998100304
offset 0 and length 83886080 for ino 139443988579920
