Harness starting.
 /home/sevag/CLionProjects/FuseFileSystemBoC/cmake-build-release/FuseFileSystemBoC --seed 3316846385

Pinning to Core:40
creating 512 mb file systemoffset 0 and length 1048576 for ino 140420617256976
offset 0 and length 1048576 for ino 140420617158672
offset 0 and length 1048576 for ino 140420617158992
offset 0 and length 1048576 for ino 140420617159312
offset 0 and length 1048576 for ino 140420617159632
offset 0 and length 1048576 for ino 140420617159952
offset 0 and length 1048576 for ino 140420617160272
offset 0 and length 1048576 for ino 140420617160592
offset 0 and length 1048576 for ino 140420617160912
offset 0 and length 1048576 for ino 140420617161232
offset 0 and length 1048576 for ino 140420617161552
offset 0 and length 1048576 for ino 140420617161872
offset 0 and length 1048576 for ino 140420617162192
offset 0 and length 1048576 for ino 140420617162512
offset 0 and length 1048576 for ino 140420617162832
offset 0 and length 1048576 for ino 140420617163152
offset 0 and length 1048576 for ino 140420617519120
offset 0 and length 1048576 for ino 140420617519440
offset 0 and length 1048576 for ino 140420617519760
offset 0 and length 1048576 for ino 140420617520080
offset 0 and length 1048576 for ino 140420617520400
offset 0 and length 1048576 for ino 140420617163472
offset 0 and length 1048576 for ino 140420617163792
offset 0 and length 1048576 for ino 140420617164112
offset 0 and length 1048576 for ino 140420617164432
offset 0 and length 1048576 for ino 140420617164752
offset 0 and length 1048576 for ino 140420617165072
offset 0 and length 1048576 for ino 140420617165392
offset 0 and length 1048576 for ino 140420617165712
offset 0 and length 1048576 for ino 140420617166032
offset 0 and length 1048576 for ino 140420617166352
offset 0 and length 1048576 for ino 140420617166672
offset 0 and length 1048576 for ino 140420617166992
offset 0 and length 1048576 for ino 140420617167312
offset 0 and length 1048576 for ino 140420617167632
offset 0 and length 1048576 for ino 140420617167952
offset 0 and length 1048576 for ino 140420617168272
offset 0 and length 1048576 for ino 140420617168592
offset 0 and length 1048576 for ino 140420617168912
offset 0 and length 1048576 for ino 140420617169232
offset 0 and length 1048576 for ino 140420617169552
offset 0 and length 1048576 for ino 140420617169872
offset 0 and length 1048576 for ino 140420617170192
offset 0 and length 1048576 for ino 140420617170512
offset 0 and length 1048576 for ino 140420617170832
offset 0 and length 1048576 for ino 140420617171152
offset 0 and length 1048576 for ino 140420617171472
offset 0 and length 1048576 for ino 140420617171792
offset 0 and length 1048576 for ino 140420617172112
offset 0 and length 1048576 for ino 140420617172432
offset 0 and length 1048576 for ino 140420617172752
offset 0 and length 1048576 for ino 140420617173072
offset 0 and length 1048576 for ino 140420617173392
offset 0 and length 1048576 for ino 140420617173712
offset 0 and length 1048576 for ino 140420617174032
offset 0 and length 1048576 for ino 140420617520720
offset 0 and length 1048576 for ino 140420617174352
offset 0 and length 1048576 for ino 140420617174672
offset 0 and length 1048576 for ino 140420618518544
offset 0 and length 1048576 for ino 140420618518864
offset 0 and length 1048576 for ino 140420618519184
offset 0 and length 1048576 for ino 140420618519504
offset 0 and length 1048576 for ino 140420618519824
offset 0 and length 1048576 for ino 140420618520144
offset 0 and length 1048576 for ino 140420618520464
offset 0 and length 1048576 for ino 140420617781264
offset 0 and length 1048576 for ino 140420618520784
offset 0 and length 1048576 for ino 140420618521104
offset 0 and length 1048576 for ino 140420618521424
offset 0 and length 1048576 for ino 140420618521744
offset 0 and length 1048576 for ino 140420618522064
offset 0 and length 1048576 for ino 140420618522384
offset 0 and length 1048576 for ino 140420618522704
offset 0 and length 1048576 for ino 140420618523024
offset 0 and length 1048576 for ino 140420618523344
offset 0 and length 1048576 for ino 140420618523664
offset 0 and length 1048576 for ino 140420618523984
offset 0 and length 1048576 for ino 140420618524304
offset 0 and length 1048576 for ino 140420618524624
offset 0 and length 1048576 for ino 140420618524944
offset 0 and length 1048576 for ino 140420618525264
offset 0 and length 1048576 for ino 140420618525584
offset 0 and length 1048576 for ino 140420618525904
offset 0 and length 1048576 for ino 140420618526224
offset 0 and length 1048576 for ino 140420618526544
offset 0 and length 1048576 for ino 140420618526864
offset 0 and length 1048576 for ino 140420618527184
offset 0 and length 1048576 for ino 140420618527504
offset 0 and length 1048576 for ino 140420618527824
offset 0 and length 1048576 for ino 140420618528144
offset 0 and length 1048576 for ino 140420618528464
offset 0 and length 1048576 for ino 140420618528784
offset 0 and length 1048576 for ino 140420618529104
offset 0 and length 1048576 for ino 140420618529424
offset 0 and length 1048576 for ino 140420618529744
offset 0 and length 1048576 for ino 140420618530064
offset 0 and length 1048576 for ino 140420618530384
offset 0 and length 1048576 for ino 140420618530704
offset 0 and length 1048576 for ino 140420618531024
offset 0 and length 1048576 for ino 140420618531344
offset 0 and length 1048576 for ino 140420618531664
offset 0 and length 1048576 for ino 140420618531984
offset 0 and length 1048576 for ino 140420618532304
offset 0 and length 1048576 for ino 140420618532624
offset 0 and length 1048576 for ino 140420618532944
offset 0 and length 1048576 for ino 140420618533264
offset 0 and length 1048576 for ino 140420618533584
offset 0 and length 1048576 for ino 140420618533904
offset 0 and length 1048576 for ino 140420618534224
offset 0 and length 1048576 for ino 140420618534544
offset 0 and length 1048576 for ino 140420619894800
offset 0 and length 1048576 for ino 140420619895120
offset 0 and length 1048576 for ino 140420619895440
offset 0 and length 1048576 for ino 140420619895760
offset 0 and length 1048576 for ino 140420619896080
offset 0 and length 1048576 for ino 140420619896400
offset 0 and length 1048576 for ino 140420619896720
offset 0 and length 1048576 for ino 140420619897040
offset 0 and length 1048576 for ino 140420619897360
offset 0 and length 1048576 for ino 140420619897680
offset 0 and length 1048576 for ino 140420619898000
offset 0 and length 1048576 for ino 140420619898320
offset 0 and length 1048576 for ino 140420619898640
offset 0 and length 1048576 for ino 140420619898960
offset 0 and length 1048576 for ino 140420619899280
offset 0 and length 1048576 for ino 140420619899600
offset 0 and length 1048576 for ino 140420619899920
offset 0 and length 1048576 for ino 140420619900240
offset 0 and length 1048576 for ino 140420619900560
offset 0 and length 1048576 for ino 140420619900880
offset 0 and length 1048576 for ino 140420619901200
offset 0 and length 1048576 for ino 140420619901520
offset 0 and length 1048576 for ino 140420619901840
offset 0 and length 1048576 for ino 140420619902160
offset 0 and length 1048576 for ino 140420619902480
offset 0 and length 1048576 for ino 140420619902800
offset 0 and length 1048576 for ino 140420619903120
offset 0 and length 1048576 for ino 140420619903440
offset 0 and length 1048576 for ino 140420619903760
offset 0 and length 1048576 for ino 140420619904080
offset 0 and length 1048576 for ino 140420619904400
offset 0 and length 1048576 for ino 140420619904720
offset 0 and length 1048576 for ino 140420619905040
offset 0 and length 1048576 for ino 140420619905360
offset 0 and length 1048576 for ino 140420619905680
offset 0 and length 1048576 for ino 140420619906000
offset 0 and length 1048576 for ino 140420619906320
offset 0 and length 1048576 for ino 140420619906640
offset 0 and length 1048576 for ino 140420619906960
offset 0 and length 1048576 for ino 140420619907280
offset 0 and length 1048576 for ino 140420619907600
offset 0 and length 1048576 for ino 140420619907920
offset 0 and length 1048576 for ino 140420619908240
offset 0 and length 1048576 for ino 140420619908560
offset 0 and length 1048576 for ino 140420619908880
offset 0 and length 1048576 for ino 140420619909200
offset 0 and length 1048576 for ino 140420619909520
offset 0 and length 1048576 for ino 140420619909840
offset 0 and length 1048576 for ino 140420618829840
offset 0 and length 1048576 for ino 140420619910160
offset 0 and length 1048576 for ino 140420619910480
offset 0 and length 1048576 for ino 140420619910800
offset 0 and length 1048576 for ino 140420618895376
offset 0 and length 1048576 for ino 140420621795344
offset 0 and length 1048576 for ino 140420621795664
offset 0 and length 1048576 for ino 140420621795984
offset 0 and length 1048576 for ino 140420621796304
offset 0 and length 1048576 for ino 140420621796624
offset 0 and length 1048576 for ino 140420621796944
offset 0 and length 1048576 for ino 140420621797264
offset 0 and length 1048576 for ino 140420621797584
offset 0 and length 1048576 for ino 140420621797904
offset 0 and length 1048576 for ino 140420621798224
offset 0 and length 1048576 for ino 140420621798544
offset 0 and length 1048576 for ino 140420621798864
offset 0 and length 1048576 for ino 140420621799184
offset 0 and length 1048576 for ino 140420621799504
offset 0 and length 1048576 for ino 140420621799824
offset 0 and length 1048576 for ino 140420621800144
offset 0 and length 1048576 for ino 140420621800464
offset 0 and length 1048576 for ino 140420621800784
offset 0 and length 1048576 for ino 140420621801104
offset 0 and length 1048576 for ino 140420621801424
offset 0 and length 1048576 for ino 140420621801744
offset 0 and length 1048576 for ino 140420621802064
offset 0 and length 1048576 for ino 140420621802384
offset 0 and length 1048576 for ino 140420621802704
offset 0 and length 1048576 for ino 140420621803024
offset 0 and length 1048576 for ino 140420621803344
offset 0 and length 1048576 for ino 140420621803664
offset 0 and length 1048576 for ino 140420621803984
offset 0 and length 1048576 for ino 140420621804304
offset 0 and length 1048576 for ino 140420621804624
offset 0 and length 1048576 for ino 140420621804944
offset 0 and length 1048576 for ino 140420621805264
offset 0 and length 1048576 for ino 140420621805584
offset 0 and length 1048576 for ino 140420618960912
offset 0 and length 1048576 for ino 140420621805904
offset 0 and length 1048576 for ino 140420621806224
offset 0 and length 1048576 for ino 140420621806544
offset 0 and length 1048576 for ino 140420621806864
offset 0 and length 1048576 for ino 140420621807184
offset 0 and length 1048576 for ino 140420621807504
offset 0 and length 1048576 for ino 140420621807824
offset 0 and length 1048576 for ino 140420621808144
offset 0 and length 1048576 for ino 140420621808464
offset 0 and length 1048576 for ino 140420621808784
offset 0 and length 1048576 for ino 140420621809104
offset 0 and length 1048576 for ino 140420621809424
offset 0 and length 1048576 for ino 140420621809744
offset 0 and length 1048576 for ino 140420618830160
offset 0 and length 1048576 for ino 140420621810064
offset 0 and length 1048576 for ino 140420621810384
offset 0 and length 1048576 for ino 140420621810704
offset 0 and length 1048576 for ino 140420621811024
offset 0 and length 1048576 for ino 140420621811344
offset 0 and length 1048576 for ino 140420622663696
offset 0 and length 1048576 for ino 140420622664016
offset 0 and length 1048576 for ino 140420622664336
offset 0 and length 1048576 for ino 140420622664656
offset 0 and length 1048576 for ino 140420622664976
offset 0 and length 1048576 for ino 140420622665296
offset 0 and length 1048576 for ino 140420622665616
offset 0 and length 1048576 for ino 140420622665936
offset 0 and length 1048576 for ino 140420622666256
offset 0 and length 1048576 for ino 140420622666576
offset 0 and length 1048576 for ino 140420622666896
offset 0 and length 1048576 for ino 140420622667216
offset 0 and length 1048576 for ino 140420622667536
offset 0 and length 1048576 for ino 140420622667856
offset 0 and length 1048576 for ino 140420622668176
offset 0 and length 1048576 for ino 140420622668496
offset 0 and length 1048576 for ino 140420622668816
offset 0 and length 1048576 for ino 140420622669136
offset 0 and length 1048576 for ino 140420622669456
offset 0 and length 1048576 for ino 140420622669776
offset 0 and length 1048576 for ino 140420622670096
offset 0 and length 1048576 for ino 140420622670416
offset 0 and length 1048576 for ino 140420622670736
offset 0 and length 1048576 for ino 140420622671056
offset 0 and length 1048576 for ino 140420622671376
offset 0 and length 1048576 for ino 140420622671696
offset 0 and length 1048576 for ino 140420622672016
offset 0 and length 1048576 for ino 140420622672336
offset 0 and length 1048576 for ino 140420622672656
offset 0 and length 1048576 for ino 140420622672976
offset 0 and length 1048576 for ino 140420622673296
offset 0 and length 1048576 for ino 140420622673616
offset 0 and length 1048576 for ino 140420622673936
offset 0 and length 1048576 for ino 140420622674256
offset 0 and length 1048576 for ino 140420619026448
offset 0 and length 1048576 for ino 140420622674576
offset 0 and length 1048576 for ino 140420622674896
offset 0 and length 1048576 for ino 140420622675216
offset 0 and length 1048576 for ino 140420622675536
offset 0 and length 1048576 for ino 140420622675856
offset 0 and length 1048576 for ino 140420622676176
offset 0 and length 1048576 for ino 140420622676496
offset 0 and length 1048576 for ino 140420622676816
offset 0 and length 1048576 for ino 140420622677136
offset 0 and length 1048576 for ino 140420622677456
offset 0 and length 1048576 for ino 140420622677776
offset 0 and length 1048576 for ino 140420622678096
offset 0 and length 1048576 for ino 140420622678416
offset 0 and length 1048576 for ino 140420622678736
offset 0 and length 1048576 for ino 140420622679056
offset 0 and length 1048576 for ino 140420622679376
offset 0 and length 1048576 for ino 140420622679696
offset 0 and length 1048576 for ino 140420623532048
offset 0 and length 1048576 for ino 140420623532368
offset 0 and length 1048576 for ino 140420623532688
offset 0 and length 1048576 for ino 140420623533008
offset 0 and length 1048576 for ino 140420623533328
offset 0 and length 1048576 for ino 140420623533648
offset 0 and length 1048576 for ino 140420623533968
offset 0 and length 1048576 for ino 140420623534288
offset 0 and length 1048576 for ino 140420623534608
offset 0 and length 1048576 for ino 140420623534928
offset 0 and length 1048576 for ino 140420623535248
offset 0 and length 1048576 for ino 140420623535568
offset 0 and length 1048576 for ino 140420623535888
offset 0 and length 1048576 for ino 140420623536208
offset 0 and length 1048576 for ino 140420623536528
offset 0 and length 1048576 for ino 140420623536848
offset 0 and length 1048576 for ino 140420623537168
offset 0 and length 1048576 for ino 140420623537488
offset 0 and length 1048576 for ino 140420623537808
offset 0 and length 1048576 for ino 140420623538128
offset 0 and length 1048576 for ino 140420623538448
offset 0 and length 1048576 for ino 140420623538768
offset 0 and length 1048576 for ino 140420623539088
offset 0 and length 1048576 for ino 140420623539408
offset 0 and length 1048576 for ino 140420623539728
offset 0 and length 1048576 for ino 140420623540048
offset 0 and length 1048576 for ino 140420623540368
offset 0 and length 1048576 for ino 140420623540688
offset 0 and length 1048576 for ino 140420623541008
offset 0 and length 1048576 for ino 140420623541328
offset 0 and length 1048576 for ino 140420623541648
offset 0 and length 1048576 for ino 140420623541968
offset 0 and length 1048576 for ino 140420623542288
offset 0 and length 1048576 for ino 140420623542608
offset 0 and length 1048576 for ino 140420619091984
offset 0 and length 1048576 for ino 140420623542928
offset 0 and length 1048576 for ino 140420623543248
offset 0 and length 1048576 for ino 140420623543568
offset 0 and length 1048576 for ino 140420623543888
offset 0 and length 1048576 for ino 140420623544208
offset 0 and length 1048576 for ino 140420623544528
offset 0 and length 1048576 for ino 140420623544848
offset 0 and length 1048576 for ino 140420623545168
offset 0 and length 1048576 for ino 140420623545488
offset 0 and length 1048576 for ino 140420623545808
offset 0 and length 1048576 for ino 140420623546128
offset 0 and length 1048576 for ino 140420623546448
offset 0 and length 1048576 for ino 140420623546768
offset 0 and length 1048576 for ino 140420618830480
offset 0 and length 1048576 for ino 140420623547088
offset 0 and length 1048576 for ino 140420619157520
offset 0 and length 1048576 for ino 140420623547408
offset 0 and length 1048576 for ino 140420623547728
offset 0 and length 1048576 for ino 140420619026768
offset 0 and length 1048576 for ino 140420623548048
offset 0 and length 1048576 for ino 140420624384016
offset 0 and length 1048576 for ino 140420624384336
offset 0 and length 1048576 for ino 140420624384656
offset 0 and length 1048576 for ino 140420624384976
offset 0 and length 1048576 for ino 140420624385296
offset 0 and length 1048576 for ino 140420618895696
offset 0 and length 1048576 for ino 140420624385616
offset 0 and length 1048576 for ino 140420624385936
offset 0 and length 1048576 for ino 140420624386256
offset 0 and length 1048576 for ino 140420624386576
offset 0 and length 1048576 for ino 140420624386896
offset 0 and length 1048576 for ino 140420624387216
offset 0 and length 1048576 for ino 140420624387536
offset 0 and length 1048576 for ino 140420624387856
offset 0 and length 1048576 for ino 140420624388176
offset 0 and length 1048576 for ino 140420624388496
offset 0 and length 1048576 for ino 140420624388816
offset 0 and length 1048576 for ino 140420624389136
offset 0 and length 1048576 for ino 140420624389456
offset 0 and length 1048576 for ino 140420624389776
offset 0 and length 1048576 for ino 140420624390096
offset 0 and length 1048576 for ino 140420618830800
offset 0 and length 1048576 for ino 140420617257296
offset 0 and length 1048576 for ino 140420618961232
offset 0 and length 1048576 for ino 140420617257616
offset 0 and length 1048576 for ino 140420617781584
offset 0 and length 1048576 for ino 140420617257936
offset 0 and length 1048576 for ino 140420618831120
offset 0 and length 1048576 for ino 140420618831440
offset 0 and length 1048576 for ino 140420617258256
offset 0 and length 1048576 for ino 140420617258576
offset 0 and length 1048576 for ino 140420617258896
offset 0 and length 1048576 for ino 140420617259216
offset 0 and length 1048576 for ino 140420617781904
offset 0 and length 1048576 for ino 140420617259536
offset 0 and length 1048576 for ino 140420617259856
offset 0 and length 1048576 for ino 140420618831760
offset 0 and length 1048576 for ino 140420619027088
offset 0 and length 1048576 for ino 140420617260176
offset 0 and length 1048576 for ino 140420617260496
offset 0 and length 1048576 for ino 140420617260816
offset 0 and length 1048576 for ino 140420617261136
offset 0 and length 1048576 for ino 140420617261456
offset 0 and length 1048576 for ino 140420617261776
offset 0 and length 1048576 for ino 140420617262096
offset 0 and length 1048576 for ino 140420617262416
offset 0 and length 1048576 for ino 140420618832080
offset 0 and length 1048576 for ino 140420618832400
offset 0 and length 1048576 for ino 140420617262736
offset 0 and length 1048576 for ino 140420618832720
offset 0 and length 1048576 for ino 140420617263056
offset 0 and length 1048576 for ino 140420617782224
offset 0 and length 1048576 for ino 140420617263376
offset 0 and length 1048576 for ino 140420617263696
offset 0 and length 1048576 for ino 140420624390416
offset 0 and length 1048576 for ino 140420624390736
offset 0 and length 1048576 for ino 140420624391056
offset 0 and length 1048576 for ino 140420619092304
offset 0 and length 1048576 for ino 140420624391376
offset 0 and length 1048576 for ino 140420619092624
offset 0 and length 1048576 for ino 140420619092944
offset 0 and length 1048576 for ino 140420619093264
offset 0 and length 1048576 for ino 140420619093584
offset 0 and length 1048576 for ino 140420619093904
offset 0 and length 1048576 for ino 140420619094224
offset 0 and length 1048576 for ino 140420619094544
offset 0 and length 1048576 for ino 140420617264016
offset 0 and length 1048576 for ino 140420618833040
offset 0 and length 1048576 for ino 140420617264336
offset 0 and length 1048576 for ino 140420617264656
offset 0 and length 1048576 for ino 140420618961552
offset 0 and length 1048576 for ino 140420617264976
offset 0 and length 1048576 for ino 140420617782544
offset 0 and length 1048576 for ino 140420617265296
offset 0 and length 1048576 for ino 140420617265616
offset 0 and length 1048576 for ino 140420624391696
offset 0 and length 1048576 for ino 140420624392016
offset 0 and length 1048576 for ino 140420624392336
offset 0 and length 1048576 for ino 140420617265936
offset 0 and length 1048576 for ino 140420617266256
offset 0 and length 1048576 for ino 140420617266576
offset 0 and length 1048576 for ino 140420617266896
offset 0 and length 1048576 for ino 140420617267216
offset 0 and length 1048576 for ino 140420617267536
offset 0 and length 1048576 for ino 140420619094864
offset 0 and length 1048576 for ino 140420618833360
offset 0 and length 1048576 for ino 140420619157840
offset 0 and length 1048576 for ino 140420617267856
offset 0 and length 1048576 for ino 140420617268176
offset 0 and length 1048576 for ino 140420617782864
offset 0 and length 1048576 for ino 140420617783184
offset 0 and length 1048576 for ino 140420618833680
offset 0 and length 1048576 for ino 140420617783504
offset 0 and length 1048576 for ino 140420617783824
offset 0 and length 1048576 for ino 140420618961872
offset 0 and length 1048576 for ino 140420624392656
offset 0 and length 1048576 for ino 140420618834000
offset 0 and length 1048576 for ino 140420617268496
offset 0 and length 1048576 for ino 140420617268816
offset 0 and length 1048576 for ino 140420619158160
offset 0 and length 1048576 for ino 140420618834320
offset 0 and length 1048576 for ino 140420618834640
offset 0 and length 1048576 for ino 140420618834960
offset 0 and length 1048576 for ino 140420618835280
offset 0 and length 1048576 for ino 140420617269136
offset 0 and length 1048576 for ino 140420617269456
offset 0 and length 1048576 for ino 140420617784144
offset 0 and length 1048576 for ino 140420619095184
offset 0 and length 1048576 for ino 140420617269776
offset 0 and length 1048576 for ino 140420617270096
offset 0 and length 1048576 for ino 140420624392976
offset 0 and length 1048576 for ino 140420624393296
offset 0 and length 1048576 for ino 140420619158480
offset 0 and length 1048576 for ino 140420618896016
offset 0 and length 1048576 for ino 140420624393616
offset 0 and length 1048576 for ino 140420617784464
offset 0 and length 1048576 for ino 140420618896336
offset 0 and length 1048576 for ino 140420618896656
offset 0 and length 1048576 for ino 140420618896976
offset 0 and length 1048576 for ino 140420618897296
offset 0 and length 1048576 for ino 140420618897616
offset 0 and length 1048576 for ino 140420619095504
offset 0 and length 1048576 for ino 140420618897936
offset 0 and length 1048576 for ino 140420618898256
offset 0 and length 1048576 for ino 140420618898576
offset 0 and length 1048576 for ino 140420617270416
offset 0 and length 1048576 for ino 140420617784784
offset 0 and length 1048576 for ino 140420619158800
offset 0 and length 1048576 for ino 140420619159120
offset 0 and length 1048576 for ino 140420617270736
offset 0 and length 1048576 for ino 140420618835600
offset 0 and length 1048576 for ino 140420618898896
offset 0 and length 1048576 for ino 140420618899216
offset 0 and length 1048576 for ino 140420618835920
offset 0 and length 1048576 for ino 140420618899536
offset 0 and length 1048576 for ino 140420618899856
offset 0 and length 1048576 for ino 140420617271056
offset 0 and length 1048576 for ino 140420618900176
offset 0 and length 1048576 for ino 140420618900496
offset 0 and length 1048576 for ino 140420618900816
offset 0 and length 1048576 for ino 140420618901136
offset 0 and length 1048576 for ino 140420617271376
offset 0 and length 1048576 for ino 140420618901456
offset 0 and length 1048576 for ino 140420617271696
offset 0 and length 1048576 for ino 140420618836240
offset 0 and length 1048576 for ino 140420619159440
offset 0 and length 1048576 for ino 140420617272016
offset 0 and length 1048576 for ino 140420618836560
offset 0 and length 1048576 for ino 140420618836880
offset 0 and length 1048576 for ino 140420617272336
offset 0 and length 1048576 for ino 140420617521040
offset 0 and length 1048576 for ino 140420618901776
offset 0 and length 1048576 for ino 140420618837200
offset 0 and length 1048576 for ino 140420618902096
offset 0 and length 1048576 for ino 140420618902416
offset 0 and length 1048576 for ino 140420618837520
offset 0 and length 1048576 for ino 140420618902736
offset 0 and length 1048576 for ino 140420617272656
offset 0 and length 1048576 for ino 140420619095824
offset 0 and length 1048576 for ino 140420617785104
offset 0 and length 1048576 for ino 140420617272976
offset 0 and length 1048576 for ino 140420626366480
offset 0 and length 1048576 for ino 140420626366800
offset 0 and length 1048576 for ino 140420624393936
offset 0 and length 1048576 for ino 140420624394256
offset 0 and length 1048576 for ino 140420618837840
offset 0 and length 1048576 for ino 140420626367120
offset 0 and length 1048576 for ino 140420626367440
offset 0 and length 1048576 for ino 140420618838160
offset 0 and length 1048576 for ino 140420626367760
offset 0 and length 1048576 for ino 140420626368080
offset 0 and length 1048576 for ino 140420619096144
offset 0 and length 1048576 for ino 140420626368400
offset 0 and length 1048576 for ino 140420626368720
offset 0 and length 1048576 for ino 140420618838480
offset 0 and length 1048576 for ino 140420624394576
offset 0 and length 1048576 for ino 140420626369040
offset 0 and length 1048576 for ino 140420618838800
offset 0 and length 1048576 for ino 140420626369360
offset 0 and length 1048576 for ino 140420626369680
offset 0 and length 1048576 for ino 140420626370000
offset 0 and length 1048576 for ino 140420626370320
offset 0 and length 1048576 for ino 140420624394896
offset 0 and length 1048576 for ino 140420626370640
offset 0 and length 1048576 for ino 140420626370960
offset 0 and length 1048576 for ino 140420626371280
offset 0 and length 1048576 for ino 140420618839120
offset 0 and length 1048576 for ino 140420626371600
offset 0 and length 1048576 for ino 140420626371920
offset 0 and length 1048576 for ino 140420626372240
offset 0 and length 1048576 for ino 140420618962192
offset 0 and length 1048576 for ino 140420618839440
offset 0 and length 1048576 for ino 140420626372560
offset 0 and length 1048576 for ino 140420618839760
offset 0 and length 1048576 for ino 140420618840080
offset 0 and length 1048576 for ino 140420624395216
offset 0 and length 1048576 for ino 140420626372880
offset 0 and length 1048576 for ino 140420618840400
offset 0 and length 1048576 for ino 140420618840720
offset 0 and length 1048576 for ino 140420624395536
offset 0 and length 1048576 for ino 140420626373200
offset 0 and length 1048576 for ino 140420626373520
offset 0 and length 1048576 for ino 140420619159760
offset 0 and length 1048576 for ino 140420618841040
offset 0 and length 1048576 for ino 140420626373840
offset 0 and length 1048576 for ino 140420626374160
offset 0 and length 1048576 for ino 140420618841360
offset 0 and length 1048576 for ino 140420618841680
offset 0 and length 1048576 for ino 140420626374480
offset 0 and length 1048576 for ino 140420626374800
offset 0 and length 1048576 for ino 140420618842000
offset 0 and length 1048576 for ino 140420626375120
offset 0 and length 1048576 for ino 140420619160080
offset 0 and length 1048576 for ino 140420618842320
offset 0 and length 1048576 for ino 140420619160400
offset 0 and length 1048576 for ino 140420626375440
offset 0 and length 1048576 for ino 140420618842640
offset 0 and length 1048576 for ino 140420626375760
offset 0 and length 1048576 for ino 140420626376080
offset 0 and length 1048576 for ino 140420626376400
offset 0 and length 1048576 for ino 140420626376720
offset 0 and length 1048576 for ino 140420626377040
offset 0 and length 1048576 for ino 140420618842960
offset 0 and length 1048576 for ino 140420626377360
offset 0 and length 1048576 for ino 140420619160720
offset 0 and length 1048576 for ino 140420626377680
offset 0 and length 1048576 for ino 140420617785424
offset 0 and length 1048576 for ino 140420626378000
offset 0 and length 1048576 for ino 140420626378320
offset 0 and length 1048576 for ino 140420617785744
offset 0 and length 1048576 for ino 140420619096464
offset 0 and length 1048576 for ino 140420626378640
offset 0 and length 1048576 for ino 140420619096784
offset 0 and length 1048576 for ino 140420617786064
offset 0 and length 1048576 for ino 140420626378960
offset 0 and length 1048576 for ino 140420626379280
offset 0 and length 1048576 for ino 140420626379600
offset 0 and length 1048576 for ino 140420626379920
offset 0 and length 1048576 for ino 140420626380240
offset 0 and length 1048576 for ino 140420626380560
offset 0 and length 1048576 for ino 140420619027408
offset 0 and length 1048576 for ino 140420626380880
offset 0 and length 1048576 for ino 140420626381200
offset 0 and length 1048576 for ino 140420618843280
offset 0 and length 1048576 for ino 140420618843600
offset 0 and length 1048576 for ino 140420626381520
offset 0 and length 1048576 for ino 140420624395856
offset 0 and length 1048576 for ino 140420626381840
offset 0 and length 1048576 for ino 140420626382160
offset 0 and length 1048576 for ino 140420618843920
offset 0 and length 1048576 for ino 140420619161040
offset 0 and length 1048576 for ino 140420626382480
offset 0 and length 1048576 for ino 140420618844240
offset 0 and length 1048576 for ino 140420618844560
offset 0 and length 1048576 for ino 140420618962512
offset 0 and length 1048576 for ino 140420618844880
offset 0 and length 1048576 for ino 140420618962832
offset 0 and length 1048576 for ino 140420618963152
offset 0 and length 1048576 for ino 140420618963472
offset 0 and length 1048576 for ino 140420618845200
offset 0 and length 1048576 for ino 140420618845520
offset 0 and length 1048576 for ino 140420628267024
offset 0 and length 1048576 for ino 140420618963792
offset 0 and length 1048576 for ino 140420618845840
offset 0 and length 1048576 for ino 140420628955152
offset 0 and length 1048576 for ino 140420628955472
offset 0 and length 1048576 for ino 140420628955792
offset 0 and length 1048576 for ino 140420628956112
offset 0 and length 1048576 for ino 140420628956432
offset 0 and length 1048576 for ino 140420628956752
offset 0 and length 1048576 for ino 140420628957072
offset 0 and length 1048576 for ino 140420618964112
offset 0 and length 1048576 for ino 140420624396176
offset 0 and length 1048576 for ino 140420624396496
offset 0 and length 1048576 for ino 140420624396816
offset 0 and length 1048576 for ino 140420624397136
offset 0 and length 1048576 for ino 140420624397456
offset 0 and length 1048576 for ino 140420617521360
offset 0 and length 1048576 for ino 140420624397776
offset 0 and length 1048576 for ino 140420618903056
offset 0 and length 1048576 for ino 140420618903376
offset 0 and length 1048576 for ino 140420628957392
offset 0 and length 1048576 for ino 140420628957712
offset 0 and length 1048576 for ino 140420628958032
offset 0 and length 1048576 for ino 140420619161360
offset 0 and length 1048576 for ino 140420628958352
offset 0 and length 1048576 for ino 140420628958672
offset 0 and length 1048576 for ino 140420628958992
offset 0 and length 1048576 for ino 140420628959312
offset 0 and length 1048576 for ino 140420628959632
offset 0 and length 1048576 for ino 140420628959952
offset 0 and length 1048576 for ino 140420628960272
offset 0 and length 1048576 for ino 140420628960592
offset 0 and length 1048576 for ino 140420628960912
offset 0 and length 1048576 for ino 140420628961232
offset 0 and length 1048576 for ino 140420628961552
offset 0 and length 1048576 for ino 140420628961872
offset 0 and length 1048576 for ino 140420618903696
offset 0 and length 1048576 for ino 140420628962192
offset 0 and length 1048576 for ino 140420628962512
offset 0 and length 1048576 for ino 140420628962832
offset 0 and length 1048576 for ino 140420628267344
offset 0 and length 1048576 for ino 140420628963152
offset 0 and length 1048576 for ino 140420617786384
offset 0 and length 1048576 for ino 140420628963472
offset 0 and length 1048576 for ino 140420628963792
offset 0 and length 1048576 for ino 140420628267664
offset 0 and length 1048576 for ino 140420628964112
offset 0 and length 1048576 for ino 140420628964432
offset 0 and length 1048576 for ino 140420619097104
offset 0 and length 1048576 for ino 140420628964752
offset 0 and length 1048576 for ino 140420628965072
offset 0 and length 1048576 for ino 140420624398096
offset 0 and length 1048576 for ino 140420628965392
offset 0 and length 1048576 for ino 140420628965712
offset 0 and length 1048576 for ino 140420617786704
offset 0 and length 1048576 for ino 140420628966032
offset 0 and length 1048576 for ino 140420628966352
offset 0 and length 1048576 for ino 140420628966672
offset 0 and length 1048576 for ino 140420628966992
offset 0 and length 1048576 for ino 140420628967312
offset 0 and length 1048576 for ino 140420628967632
offset 0 and length 1048576 for ino 140420628967952
offset 0 and length 1048576 for ino 140420628968272
offset 0 and length 1048576 for ino 140420628968592
offset 0 and length 1048576 for ino 140420628968912
offset 0 and length 1048576 for ino 140420628969232
offset 0 and length 1048576 for ino 140420628969552
offset 0 and length 1048576 for ino 140420628969872
offset 0 and length 1048576 for ino 140420628970192
offset 0 and length 1048576 for ino 140420628970512
offset 0 and length 1048576 for ino 140420628267984
offset 0 and length 1048576 for ino 140420628970832
offset 0 and length 1048576 for ino 140420628971152
offset 0 and length 1048576 for ino 140420618904016
offset 0 and length 1048576 for ino 140420630347792
offset 0 and length 1048576 for ino 140420630348112
offset 0 and length 1048576 for ino 140420630348432
offset 0 and length 1048576 for ino 140420624398416
offset 0 and length 1048576 for ino 140420630348752
offset 0 and length 1048576 for ino 140420630349072
offset 0 and length 1048576 for ino 140420619097424
offset 0 and length 1048576 for ino 140420630349392
offset 0 and length 1048576 for ino 140420630349712
offset 0 and length 1048576 for ino 140420630350032
offset 0 and length 1048576 for ino 140420630350352
offset 0 and length 1048576 for ino 140420618964432
offset 0 and length 1048576 for ino 140420630350672
offset 0 and length 1048576 for ino 140420630350992
offset 0 and length 1048576 for ino 140420630351312
offset 0 and length 1048576 for ino 140420630351632
offset 0 and length 1048576 for ino 140420630351952
offset 0 and length 1048576 for ino 140420617787024
offset 0 and length 1048576 for ino 140420630352272
offset 0 and length 1048576 for ino 140420630352592
offset 0 and length 1048576 for ino 140420630352912
offset 0 and length 1048576 for ino 140420630353232
offset 0 and length 1048576 for ino 140420630353552
offset 0 and length 1048576 for ino 140420630353872
offset 0 and length 1048576 for ino 140420619097744
offset 0 and length 1048576 for ino 140420630354192
offset 0 and length 1048576 for ino 140420630354512
offset 0 and length 1048576 for ino 140420628268304
offset 0 and length 1048576 for ino 140420628268624
offset 0 and length 1048576 for ino 140420628268944
offset 0 and length 1048576 for ino 140420628269264
offset 0 and length 1048576 for ino 140420630354832
offset 0 and length 1048576 for ino 140420630355152
offset 0 and length 1048576 for ino 140420619098064
offset 0 and length 1048576 for ino 140420618964752
offset 0 and length 1048576 for ino 140420628269584
offset 0 and length 1048576 for ino 140420628269904
offset 0 and length 1048576 for ino 140420628270224
offset 0 and length 1048576 for ino 140420628270544
offset 0 and length 1048576 for ino 140420628270864
offset 0 and length 1048576 for ino 140420628271184
offset 0 and length 1048576 for ino 140420628271504
offset 0 and length 1048576 for ino 140420619161680
offset 0 and length 1048576 for ino 140420624398736
offset 0 and length 1048576 for ino 140420624399056
offset 0 and length 1048576 for ino 140420624399376
offset 0 and length 1048576 for ino 140420619098384
offset 0 and length 1048576 for ino 140420628271824
offset 0 and length 1048576 for ino 140420630355472
offset 0 and length 1048576 for ino 140420618904336
offset 0 and length 1048576 for ino 140420618904656
offset 0 and length 1048576 for ino 140420618904976
offset 0 and length 1048576 for ino 140420628272144
offset 0 and length 1048576 for ino 140420628272464
offset 0 and length 1048576 for ino 140420628272784
offset 0 and length 1048576 for ino 140420630355792
offset 0 and length 1048576 for ino 140420630356112
offset 0 and length 1048576 for ino 140420628273104
offset 0 and length 1048576 for ino 140420628273424
offset 0 and length 1048576 for ino 140420628273744
offset 0 and length 1048576 for ino 140420628274064
offset 0 and length 1048576 for ino 140420628274384
offset 0 and length 1048576 for ino 140420628274704
offset 0 and length 1048576 for ino 140420628275024
offset 0 and length 1048576 for ino 140420628275344
offset 0 and length 1048576 for ino 140420628275664
offset 0 and length 1048576 for ino 140420628275984
offset 0 and length 1048576 for ino 140420628276304
offset 0 and length 1048576 for ino 140420628276624
offset 0 and length 1048576 for ino 140420628276944
offset 0 and length 1048576 for ino 140420628277264
offset 0 and length 1048576 for ino 140420628277584
offset 0 and length 1048576 for ino 140420628277904
offset 0 and length 1048576 for ino 140420630356432
offset 0 and length 1048576 for ino 140420617787344
offset 0 and length 1048576 for ino 140420628278224
offset 0 and length 1048576 for ino 140420630356752
offset 0 and length 1048576 for ino 140420628278544
offset 0 and length 1048576 for ino 140420617787664
offset 0 and length 1048576 for ino 140420628278864
offset 0 and length 1048576 for ino 140420628279184
offset 0 and length 1048576 for ino 140420624399696
offset 0 and length 1048576 for ino 140420628279504
offset 0 and length 1048576 for ino 140420624400016
offset 0 and length 1048576 for ino 140420625203216
offset 0 and length 1048576 for ino 140420625203536
offset 0 and length 1048576 for ino 140420619162000
offset 0 and length 1048576 for ino 140420619162320
offset 0 and length 1048576 for ino 140420617787984
offset 0 and length 1048576 for ino 140420617788304
offset 0 and length 1048576 for ino 140420617788624
offset 0 and length 1048576 for ino 140420628279824
offset 0 and length 1048576 for ino 140420628280144
offset 0 and length 1048576 for ino 140420630357072
offset 0 and length 1048576 for ino 140420618905296
offset 0 and length 1048576 for ino 140420618905616
offset 0 and length 1048576 for ino 140420617521680
offset 0 and length 1048576 for ino 140420617522000
offset 0 and length 1048576 for ino 140420617522320
offset 0 and length 1048576 for ino 140420619027728
offset 0 and length 1048576 for ino 140420619028048
offset 0 and length 1048576 for ino 140420618965072
offset 0 and length 1048576 for ino 140420618965392
offset 0 and length 1048576 for ino 140420628280464
offset 0 and length 1048576 for ino 140420628280784
offset 0 and length 1048576 for ino 140420628281104
offset 0 and length 1048576 for ino 140420619098704
offset 0 and length 1048576 for ino 140420619099024
offset 0 and length 1048576 for ino 140420619099344
offset 0 and length 1048576 for ino 140420628281424
offset 0 and length 1048576 for ino 140420630357392
offset 0 and length 1048576 for ino 140420628281744
offset 0 and length 1048576 for ino 140420625203856
offset 0 and length 1048576 for ino 140420628282064
offset 0 and length 1048576 for ino 140420619162640
offset 0 and length 1048576 for ino 140420630357712
offset 0 and length 1048576 for ino 140420628282384
offset 0 and length 1048576 for ino 140420628282704
offset 0 and length 1048576 for ino 140420617788944
offset 0 and length 1048576 for ino 140420628283024
offset 0 and length 1048576 for ino 140420453974032
offset 0 and length 1048576 for ino 140420617789264
offset 0 and length 1048576 for ino 140420617789584
offset 0 and length 1048576 for ino 140420453974352
offset 0 and length 1048576 for ino 140420619162960
offset 0 and length 1048576 for ino 140420453974672
offset 0 and length 1048576 for ino 140420630358032
offset 0 and length 1048576 for ino 140420453974992
offset 0 and length 1048576 for ino 140420453975312
offset 0 and length 1048576 for ino 140420630358352
offset 0 and length 1048576 for ino 140420453975632
offset 0 and length 1048576 for ino 140420453975952
offset 0 and length 1048576 for ino 140420630358672
offset 0 and length 1048576 for ino 140420453976272
offset 0 and length 1048576 for ino 140420630358992
offset 0 and length 1048576 for ino 140420630359312
offset 0 and length 1048576 for ino 140420453976592
offset 0 and length 1048576 for ino 140420617789904
offset 0 and length 1048576 for ino 140420630359632
offset 0 and length 1048576 for ino 140420453976912
offset 0 and length 1048576 for ino 140420453977232
offset 0 and length 1048576 for ino 140420453977552
offset 0 and length 1048576 for ino 140420617790224
offset 0 and length 1048576 for ino 140420630359952
offset 0 and length 1048576 for ino 140420453977872
offset 0 and length 1048576 for ino 140420618965712
offset 0 and length 1048576 for ino 140420453978192
offset 0 and length 1048576 for ino 140420453978512
offset 0 and length 1048576 for ino 140420618905936
offset 0 and length 1048576 for ino 140420453978832
offset 0 and length 1048576 for ino 140420619163280
offset 0 and length 1048576 for ino 140420453979152
offset 0 and length 1048576 for ino 140420630360272
offset 0 and length 1048576 for ino 140420630360592
offset 0 and length 1048576 for ino 140420453979472
offset 0 and length 1048576 for ino 140420453979792
offset 0 and length 1048576 for ino 140420453980112
offset 0 and length 1048576 for ino 140420630360912
offset 0 and length 1048576 for ino 140420453980432
offset 0 and length 1048576 for ino 140420453980752
offset 0 and length 1048576 for ino 140420453981072
offset 0 and length 1048576 for ino 140420617790544
offset 0 and length 1048576 for ino 140420453981392
offset 0 and length 1048576 for ino 140420630361232
offset 0 and length 1048576 for ino 140420617790864
offset 0 and length 1048576 for ino 140420453981712
offset 0 and length 1048576 for ino 140420453982032
offset 0 and length 1048576 for ino 140420617791184
offset 0 and length 1048576 for ino 140420617791504
offset 0 and length 1048576 for ino 140420453982352
offset 0 and length 1048576 for ino 140420453982672
offset 0 and length 1048576 for ino 140420453982992
offset 0 and length 1048576 for ino 140420617791824
offset 0 and length 1048576 for ino 140420453983312
offset 0 and length 1048576 for ino 140420453983632
offset 0 and length 1048576 for ino 140420617792144
offset 0 and length 1048576 for ino 140420453983952
offset 0 and length 1048576 for ino 140420630361552
offset 0 and length 1048576 for ino 140420618966032
offset 0 and length 1048576 for ino 140420619163600
offset 0 and length 1048576 for ino 140420453984272
offset 0 and length 1048576 for ino 140420630361872
offset 0 and length 1048576 for ino 140420630362192
offset 0 and length 1048576 for ino 140420630362512
offset 0 and length 1048576 for ino 140420630362832
offset 0 and length 1048576 for ino 140420453984592
offset 0 and length 1048576 for ino 140420618966352
offset 0 and length 1048576 for ino 140420453984912
offset 0 and length 1048576 for ino 140420453985232
offset 0 and length 1048576 for ino 140420625204176
offset 0 and length 1048576 for ino 140420453985552
offset 0 and length 1048576 for ino 140420453985872
offset 0 and length 1048576 for ino 140420453986192
offset 0 and length 1048576 for ino 140420453986512
offset 0 and length 1048576 for ino 140420453986832
offset 0 and length 1048576 for ino 140420630363152
offset 0 and length 1048576 for ino 140420630363472
offset 0 and length 1048576 for ino 140420453987152
offset 0 and length 1048576 for ino 140420619099664
offset 0 and length 1048576 for ino 140420630363792
offset 0 and length 1048576 for ino 140420632231952
offset 0 and length 1048576 for ino 140420453987472
offset 0 and length 1048576 for ino 140420625204496
offset 0 and length 1048576 for ino 140420619163920
offset 0 and length 1048576 for ino 140420625204816
offset 0 and length 1048576 for ino 140420453987792
offset 0 and length 1048576 for ino 140420617792464
offset 0 and length 1048576 for ino 140420453988112
offset 0 and length 1048576 for ino 140420453988432
offset 0 and length 1048576 for ino 140420453988752
offset 0 and length 1048576 for ino 140420453989072
offset 0 and length 1048576 for ino 140420453989392
offset 0 and length 1048576 for ino 140420453989712
offset 0 and length 1048576 for ino 140420632232272
offset 0 and length 1048576 for ino 140420617792784
offset 0 and length 1048576 for ino 140420625205136
offset 0 and length 1048576 for ino 140420453990032
offset 0 and length 1048576 for ino 140420632232592
offset 0 and length 1048576 for ino 140420632232912
offset 0 and length 1048576 for ino 140420454842384
offset 0 and length 1048576 for ino 140420625205456
offset 0 and length 1048576 for ino 140420632233232
offset 0 and length 1048576 for ino 140420625205776
offset 0 and length 1048576 for ino 140420454842704
offset 0 and length 1048576 for ino 140420625206096
offset 0 and length 1048576 for ino 140420625206416
offset 0 and length 1048576 for ino 140420625206736
offset 0 and length 1048576 for ino 140420454843024
offset 0 and length 1048576 for ino 140420454843344
offset 0 and length 1048576 for ino 140420632233552
offset 0 and length 1048576 for ino 140420454843664
offset 0 and length 1048576 for ino 140420632233872
offset 0 and length 1048576 for ino 140420617793104
offset 0 and length 1048576 for ino 140420625207056
offset 0 and length 1048576 for ino 140420617793424
offset 0 and length 1048576 for ino 140420454843984
offset 0 and length 1048576 for ino 140420618966672
offset 0 and length 1048576 for ino 140420454844304
offset 0 and length 1048576 for ino 140420454844624
offset 0 and length 1048576 for ino 140420454844944
offset 0 and length 1048576 for ino 140420632234192
offset 0 and length 1048576 for ino 140420454845264
offset 0 and length 1048576 for ino 140420617793744
offset 0 and length 1048576 for ino 140420632234512
offset 0 and length 1048576 for ino 140420619099984
offset 0 and length 1048576 for ino 140420632234832
offset 0 and length 1048576 for ino 140420454845584
offset 0 and length 1048576 for ino 140420454845904
offset 0 and length 1048576 for ino 140420454846224
offset 0 and length 1048576 for ino 140420454846544
offset 0 and length 1048576 for ino 140420632235152
offset 0 and length 1048576 for ino 140420632235472
offset 0 and length 1048576 for ino 140420617522640
offset 0 and length 1048576 for ino 140420632235792
offset 0 and length 1048576 for ino 140420632236112
offset 0 and length 1048576 for ino 140420632236432
offset 0 and length 1048576 for ino 140420632236752
offset 0 and length 1048576 for ino 140420632237072
offset 0 and length 1048576 for ino 140420619164240
offset 0 and length 1048576 for ino 140420454846864
offset 0 and length 1048576 for ino 140420454847184
offset 0 and length 1048576 for ino 140420454847504
offset 0 and length 1048576 for ino 140420454847824
offset 0 and length 1048576 for ino 140420454848144
offset 0 and length 1048576 for ino 140420454848464
offset 0 and length 1048576 for ino 140420619100304
offset 0 and length 1048576 for ino 140420454848784
offset 0 and length 1048576 for ino 140420632237392
offset 0 and length 1048576 for ino 140420454849104
offset 0 and length 1048576 for ino 140420617794064
offset 0 and length 1048576 for ino 140420454849424
offset 0 and length 1048576 for ino 140420454849744
offset 0 and length 1048576 for ino 140420454850064
offset 0 and length 1048576 for ino 140420618966992
offset 0 and length 1048576 for ino 140420618967312
offset 0 and length 1048576 for ino 140420454850384
offset 0 and length 1048576 for ino 140420454850704
offset 0 and length 1048576 for ino 140420632237712
offset 0 and length 1048576 for ino 140420619100624
offset 0 and length 1048576 for ino 140420454851024
offset 0 and length 1048576 for ino 140420632238032
offset 0 and length 1048576 for ino 140420454851344
offset 0 and length 1048576 for ino 140420454851664
offset 0 and length 1048576 for ino 140420454851984
offset 0 and length 1048576 for ino 140420454852304
offset 0 and length 1048576 for ino 140420454852624
offset 0 and length 1048576 for ino 140420617522960
offset 0 and length 1048576 for ino 140420454852944
offset 0 and length 1048576 for ino 140420454853264
offset 0 and length 1048576 for ino 140420454853584
offset 0 and length 1048576 for ino 140420454853904
offset 0 and length 1048576 for ino 140420454854224
offset 0 and length 1048576 for ino 140420454854544
offset 0 and length 1048576 for ino 140420619028368
offset 0 and length 1048576 for ino 140420625207376
offset 0 and length 1048576 for ino 140420632238352
offset 0 and length 1048576 for ino 140420632238672
offset 0 and length 1048576 for ino 140420454854864
offset 0 and length 1048576 for ino 140420454855184
offset 0 and length 1048576 for ino 140420632238992
offset 0 and length 1048576 for ino 140420625207696
offset 0 and length 1048576 for ino 140420454855504
offset 0 and length 1048576 for ino 140420625208016
offset 0 and length 1048576 for ino 140420632239312
offset 0 and length 1048576 for ino 140420625208336
offset 0 and length 1048576 for ino 140420454855824
offset 0 and length 1048576 for ino 140420625208656
offset 0 and length 1048576 for ino 140420632239632
offset 0 and length 1048576 for ino 140420454856144
offset 0 and length 1048576 for ino 140420617794384
offset 0 and length 1048576 for ino 140420625208976
offset 0 and length 1048576 for ino 140420632239952
offset 0 and length 1048576 for ino 140420454856464
offset 0 and length 1048576 for ino 140420617794704
offset 0 and length 1048576 for ino 140420454856784
offset 0 and length 1048576 for ino 140420632240272
offset 0 and length 1048576 for ino 140420625209296
offset 0 and length 1048576 for ino 140420454857104
offset 0 and length 1048576 for ino 140420454857424
offset 0 and length 1048576 for ino 140420454857744
offset 0 and length 1048576 for ino 140420454858064
offset 0 and length 1048576 for ino 140420454858384
offset 0 and length 1048576 for ino 140420451483664
offset 0 and length 1048576 for ino 140420451483984
offset 0 and length 1048576 for ino 140420451484304
offset 0 and length 1048576 for ino 140420451484624
offset 0 and length 1048576 for ino 140420451484944
offset 0 and length 1048576 for ino 140420451485264
offset 0 and length 1048576 for ino 140420451485584
offset 0 and length 1048576 for ino 140420618967632
offset 0 and length 1048576 for ino 140420451485904
offset 0 and length 1048576 for ino 140420451486224
offset 0 and length 1048576 for ino 140420451486544
offset 0 and length 1048576 for ino 140420451486864
offset 0 and length 1048576 for ino 140420451487184
offset 0 and length 1048576 for ino 140420451487504
offset 0 and length 1048576 for ino 140420451487824
offset 0 and length 1048576 for ino 140420451488144
offset 0 and length 1048576 for ino 140420451488464
offset 0 and length 1048576 for ino 140420451488784
offset 0 and length 1048576 for ino 140420617795024
offset 0 and length 1048576 for ino 140420451489104
offset 0 and length 1048576 for ino 140420451489424
offset 0 and length 1048576 for ino 140420451489744
offset 0 and length 1048576 for ino 140420617795344
offset 0 and length 1048576 for ino 140420451490064
offset 0 and length 1048576 for ino 140420451490384
offset 0 and length 1048576 for ino 140420451490704
offset 0 and length 1048576 for ino 140420451491024
offset 0 and length 1048576 for ino 140420451491344
offset 0 and length 1048576 for ino 140420618967952
offset 0 and length 1048576 for ino 140420451491664
offset 0 and length 1048576 for ino 140420451491984
offset 0 and length 1048576 for ino 140420451492304
offset 0 and length 1048576 for ino 140420451492624
offset 0 and length 1048576 for ino 140420617795664
offset 0 and length 1048576 for ino 140420451492944
offset 0 and length 1048576 for ino 140420617795984
offset 0 and length 1048576 for ino 140420451493264
offset 0 and length 1048576 for ino 140420451493584
offset 0 and length 1048576 for ino 140420617796304
offset 0 and length 1048576 for ino 140420619100944
offset 0 and length 1048576 for ino 140420451493904
offset 0 and length 1048576 for ino 140420619101264
offset 0 and length 1048576 for ino 140420619101584
offset 0 and length 1048576 for ino 140420617796624
