Harness starting.
 /home/sevag/CLionProjects/FuseFileSystemBoC/cmake-build-release/FuseFileSystemBoC --seed 133758827

Pinning to Core:40
creating 512 mb file systemoffset 0 and length 62914560 for ino 140195555098640
offset 0 and length 62914560 for ino 140195555000336
offset 0 and length 62914560 for ino 140195555000656
offset 0 and length 62914560 for ino 140195555000976
offset 0 and length 62914560 for ino 140195555001296
offset 0 and length 62914560 for ino 140195555001616
offset 0 and length 62914560 for ino 140195555001936
offset 0 and length 62914560 for ino 140195555002256
offset 0 and length 62914560 for ino 140195555002576
offset 0 and length 62914560 for ino 140195555002896
offset 0 and length 62914560 for ino 140195555003216
offset 0 and length 62914560 for ino 140195555098960
offset 0 and length 62914560 for ino 140195555360784
offset 0 and length 62914560 for ino 140195555361104
offset 0 and length 62914560 for ino 140195555361424
offset 0 and length 62914560 for ino 140195555361744
offset 0 and length 62914560 for ino 140195555362064
offset 0 and length 62914560 for ino 140195462610960
offset 0 and length 62914560 for ino 140195555099280
offset 0 and length 62914560 for ino 140195555003536
offset 0 and length 62914560 for ino 140195555003856
offset 0 and length 62914560 for ino 140195555362384
offset 0 and length 62914560 for ino 140195555362704
offset 0 and length 62914560 for ino 140195555363024
offset 0 and length 62914560 for ino 140195555099600
offset 0 and length 62914560 for ino 140195555363344
offset 0 and length 62914560 for ino 140195555363664
offset 0 and length 62914560 for ino 140195555363984
offset 0 and length 62914560 for ino 140195556687888
offset 0 and length 62914560 for ino 140195557736464
offset 0 and length 62914560 for ino 140195557736784
offset 0 and length 62914560 for ino 140195557737104
offset 0 and length 62914560 for ino 140195557752848
offset 0 and length 62914560 for ino 140195462611280
offset 0 and length 62914560 for ino 140195557737424
offset 0 and length 62914560 for ino 140195557737744
offset 0 and length 62914560 for ino 140195557738064
offset 0 and length 62914560 for ino 140195462611600
offset 0 and length 62914560 for ino 140195555364304
offset 0 and length 62914560 for ino 140195555364624
offset 0 and length 62914560 for ino 140195555364944
offset 0 and length 62914560 for ino 140195557753168
offset 0 and length 62914560 for ino 140195557753488
offset 0 and length 62914560 for ino 140195557753808
offset 0 and length 62914560 for ino 140195557738384
offset 0 and length 62914560 for ino 140195557738704
offset 0 and length 62914560 for ino 140195557739024
offset 0 and length 62914560 for ino 140195557739344
offset 0 and length 62914560 for ino 140195557739664
offset 0 and length 62914560 for ino 140195555099920
offset 0 and length 62914560 for ino 140195555100240
offset 0 and length 62914560 for ino 140195557739984
offset 0 and length 62914560 for ino 140195462611920
offset 0 and length 62914560 for ino 140195462612240
offset 0 and length 62914560 for ino 140195555100560
offset 0 and length 62914560 for ino 140195462612560
offset 0 and length 62914560 for ino 140195462612880
offset 0 and length 62914560 for ino 140195557740304
offset 0 and length 62914560 for ino 140195556688208
offset 0 and length 62914560 for ino 140195557740624
offset 0 and length 62914560 for ino 140195557740944
offset 0 and length 62914560 for ino 140195557741264
offset 0 and length 62914560 for ino 140195557741584
offset 0 and length 62914560 for ino 140195555100880
offset 0 and length 62914560 for ino 140195357753360
offset 0 and length 62914560 for ino 140195557741904
offset 0 and length 62914560 for ino 140195557742224
offset 0 and length 62914560 for ino 140195555004176
offset 0 and length 62914560 for ino 140195555004496
offset 0 and length 62914560 for ino 140195556688528
offset 0 and length 62914560 for ino 140195357736976
offset 0 and length 62914560 for ino 140195357737296
offset 0 and length 62914560 for ino 140195555365264
offset 0 and length 62914560 for ino 140195555365584
offset 0 and length 62914560 for ino 140195555365904
offset 0 and length 62914560 for ino 140195462613200
offset 0 and length 62914560 for ino 140195555004816
offset 0 and length 62914560 for ino 140195555005136
offset 0 and length 62914560 for ino 140195555005456
offset 0 and length 62914560 for ino 140195555005776
offset 0 and length 62914560 for ino 140195357753680
offset 0 and length 62914560 for ino 140195357754000
offset 0 and length 62914560 for ino 140195357754320
offset 0 and length 62914560 for ino 140195557754128
offset 0 and length 62914560 for ino 140195557754448
offset 0 and length 62914560 for ino 140195357754640
offset 0 and length 62914560 for ino 140195557754768
offset 0 and length 62914560 for ino 140195555101200
offset 0 and length 62914560 for ino 140195555101520
offset 0 and length 62914560 for ino 140195555101840
offset 0 and length 62914560 for ino 140195555102160
offset 0 and length 62914560 for ino 140195462613520
offset 0 and length 62914560 for ino 140195556688848
offset 0 and length 62914560 for ino 140195556689168
offset 0 and length 62914560 for ino 140195557755088
offset 0 and length 62914560 for ino 140195557755408
offset 0 and length 62914560 for ino 140195557755728
offset 0 and length 62914560 for ino 140195557756048
offset 0 and length 62914560 for ino 140195555006096
offset 0 and length 62914560 for ino 140195557756368
offset 0 and length 62914560 for ino 140195357737616
offset 0 and length 62914560 for ino 140195357737936
offset 0 and length 62914560 for ino 140195357738256
offset 0 and length 62914560 for ino 140195556689488
offset 0 and length 62914560 for ino 140195556689808
offset 0 and length 62914560 for ino 140195556690128
offset 0 and length 62914560 for ino 140195555366224
offset 0 and length 62914560 for ino 140195555366544
offset 0 and length 62914560 for ino 140195555366864
offset 0 and length 62914560 for ino 140195462613840
offset 0 and length 62914560 for ino 140195462614160
offset 0 and length 62914560 for ino 140195557742544
offset 0 and length 62914560 for ino 140195557756688
offset 0 and length 62914560 for ino 140195557757008
offset 0 and length 62914560 for ino 140195555006416
offset 0 and length 62914560 for ino 140195555006736
offset 0 and length 62914560 for ino 140195555007056
offset 0 and length 62914560 for ino 140195555007376
offset 0 and length 62914560 for ino 140195557757328
offset 0 and length 62914560 for ino 140195555007696
offset 0 and length 62914560 for ino 140195555008016
offset 0 and length 62914560 for ino 140195557742864
offset 0 and length 62914560 for ino 140195555367184
offset 0 and length 62914560 for ino 140195555367504
offset 0 and length 62914560 for ino 140195557743184
offset 0 and length 62914560 for ino 140195555102480
offset 0 and length 62914560 for ino 140195555102800
offset 0 and length 62914560 for ino 140195555103120
offset 0 and length 62914560 for ino 140195555103440
offset 0 and length 62914560 for ino 140195556690448
offset 0 and length 62914560 for ino 140195557743504
offset 0 and length 62914560 for ino 140195557743824
offset 0 and length 62914560 for ino 140195557744144
offset 0 and length 62914560 for ino 140195557744464
offset 0 and length 62914560 for ino 140195555008336
offset 0 and length 62914560 for ino 140195555008656
offset 0 and length 62914560 for ino 140195556690768
offset 0 and length 62914560 for ino 140195555103760
offset 0 and length 62914560 for ino 140195557757648
offset 0 and length 62914560 for ino 140195557757968
offset 0 and length 62914560 for ino 140195555008976
offset 0 and length 62914560 for ino 140195555104080
offset 0 and length 62914560 for ino 140195555104400
offset 0 and length 62914560 for ino 140195555104720
offset 0 and length 62914560 for ino 140195555105040
offset 0 and length 62914560 for ino 140195555009296
offset 0 and length 62914560 for ino 140195555009616
offset 0 and length 62914560 for ino 140195556691088
offset 0 and length 62914560 for ino 140195556691408
offset 0 and length 62914560 for ino 140195357754960
offset 0 and length 62914560 for ino 140195357704208
offset 0 and length 62914560 for ino 140195557758288
offset 0 and length 62914560 for ino 140195357755280
offset 0 and length 62914560 for ino 140195555105360
offset 0 and length 62914560 for ino 140195555105680
offset 0 and length 62914560 for ino 140195555106000
offset 0 and length 62914560 for ino 140195555009936
offset 0 and length 62914560 for ino 140195555010256
offset 0 and length 62914560 for ino 140195556691728
offset 0 and length 62914560 for ino 140195556692048
offset 0 and length 62914560 for ino 140195556692368
offset 0 and length 62914560 for ino 140195555010576
offset 0 and length 62914560 for ino 140195555010896
offset 0 and length 62914560 for ino 140195555011216
offset 0 and length 62914560 for ino 140195555011536
offset 0 and length 62914560 for ino 140195555011856
offset 0 and length 62914560 for ino 140195555012176
offset 0 and length 62914560 for ino 140195555012496
offset 0 and length 62914560 for ino 140195555012816
offset 0 and length 62914560 for ino 140195557744784
offset 0 and length 62914560 for ino 140195557745104
offset 0 and length 62914560 for ino 140195557745424
offset 0 and length 62914560 for ino 140195557745744
offset 0 and length 62914560 for ino 140195557746064
offset 0 and length 62914560 for ino 140195555013136
offset 0 and length 62914560 for ino 140195555013456
offset 0 and length 62914560 for ino 140195555013776
offset 0 and length 62914560 for ino 140195555014096
offset 0 and length 62914560 for ino 140195555014416
offset 0 and length 62914560 for ino 140195555014736
offset 0 and length 62914560 for ino 140195555015056
offset 0 and length 62914560 for ino 140195557758608
offset 0 and length 62914560 for ino 140195557758928
offset 0 and length 62914560 for ino 140195357755600
offset 0 and length 62914560 for ino 140195357755920
offset 0 and length 62914560 for ino 140195555106320
offset 0 and length 62914560 for ino 140195357738576
offset 0 and length 62914560 for ino 140195555015376
offset 0 and length 62914560 for ino 140195555015696
offset 0 and length 62914560 for ino 140195555016016
offset 0 and length 62914560 for ino 140195557746384
offset 0 and length 62914560 for ino 140195557746704
offset 0 and length 62914560 for ino 140195557747024
offset 0 and length 62914560 for ino 140195555016336
offset 0 and length 62914560 for ino 140195049570320
offset 0 and length 62914560 for ino 140195049570640
offset 0 and length 62914560 for ino 140195049570960
offset 0 and length 62914560 for ino 140195049571280
offset 0 and length 62914560 for ino 140195049571600
offset 0 and length 62914560 for ino 140195049571920
offset 0 and length 62914560 for ino 140195049572240
offset 0 and length 62914560 for ino 140195357756240
offset 0 and length 62914560 for ino 140195557759248
offset 0 and length 62914560 for ino 140195049572560
offset 0 and length 62914560 for ino 140195049572880
offset 0 and length 62914560 for ino 140195049573200
offset 0 and length 62914560 for ino 140195462614480
offset 0 and length 62914560 for ino 140195557747344
offset 0 and length 62914560 for ino 140195557747664
offset 0 and length 62914560 for ino 140195557747984
offset 0 and length 62914560 for ino 140195555106640
offset 0 and length 62914560 for ino 140195557748304
offset 0 and length 62914560 for ino 140195557748624
offset 0 and length 62914560 for ino 140195555106960
offset 0 and length 62914560 for ino 140195462614800
offset 0 and length 62914560 for ino 140195557748944
offset 0 and length 62914560 for ino 140195555367824
offset 0 and length 62914560 for ino 140195462615120
offset 0 and length 62914560 for ino 140195557749264
offset 0 and length 62914560 for ino 140195557749584
offset 0 and length 62914560 for ino 140195462615440
offset 0 and length 62914560 for ino 140195462615760
offset 0 and length 62914560 for ino 140195557749904
offset 0 and length 62914560 for ino 140195555107280
offset 0 and length 62914560 for ino 140195049573520
offset 0 and length 62914560 for ino 140195049573840
offset 0 and length 62914560 for ino 140195049574160
offset 0 and length 62914560 for ino 140195049574480
offset 0 and length 62914560 for ino 140195557759568
offset 0 and length 62914560 for ino 140195555107600
offset 0 and length 62914560 for ino 140195555107920
offset 0 and length 62914560 for ino 140195555108240
offset 0 and length 62914560 for ino 140195049574800
offset 0 and length 62914560 for ino 140195557759888
offset 0 and length 62914560 for ino 140195049575120
offset 0 and length 62914560 for ino 140195462616080
offset 0 and length 62914560 for ino 140195555368144
offset 0 and length 62914560 for ino 140195557750224
offset 0 and length 62914560 for ino 140195557750544
offset 0 and length 62914560 for ino 140195557750864
offset 0 and length 62914560 for ino 140195357738896
offset 0 and length 62914560 for ino 140195357739216
offset 0 and length 62914560 for ino 140195557751184
offset 0 and length 62914560 for ino 140195557760208
offset 0 and length 62914560 for ino 140195462616400
offset 0 and length 62914560 for ino 140195556692688
offset 0 and length 62914560 for ino 140195556693008
offset 0 and length 62914560 for ino 140195049575440
offset 0 and length 62914560 for ino 140195556693328
offset 0 and length 62914560 for ino 140195556693648
offset 0 and length 62914560 for ino 140195556693968
offset 0 and length 62914560 for ino 140195462616720
offset 0 and length 62914560 for ino 140195555368464
offset 0 and length 62914560 for ino 140195555368784
offset 0 and length 62914560 for ino 140195555369104
offset 0 and length 62914560 for ino 140195555369424
offset 0 and length 62914560 for ino 140195555369744
offset 0 and length 62914560 for ino 140195555370064
offset 0 and length 62914560 for ino 140195357704528
offset 0 and length 62914560 for ino 140195357704848
offset 0 and length 62914560 for ino 140195557751504
offset 0 and length 62914560 for ino 140195557760528
offset 0 and length 62914560 for ino 140195557760848
offset 0 and length 62914560 for ino 140195357739536
offset 0 and length 62914560 for ino 140195557751824
offset 0 and length 62914560 for ino 140195555370384
offset 0 and length 62914560 for ino 140195555108560
offset 0 and length 62914560 for ino 140195555108880
offset 0 and length 62914560 for ino 140195555109200
offset 0 and length 62914560 for ino 140195049575760
offset 0 and length 62914560 for ino 140195049576080
offset 0 and length 62914560 for ino 140195556694288
offset 0 and length 62914560 for ino 140195556694608
offset 0 and length 62914560 for ino 140195049576400
offset 0 and length 62914560 for ino 140195049576720
offset 0 and length 62914560 for ino 140195557761168
offset 0 and length 62914560 for ino 140195557761488
offset 0 and length 62914560 for ino 140195557761808
offset 0 and length 62914560 for ino 140195557762128
offset 0 and length 62914560 for ino 140195049577040
offset 0 and length 62914560 for ino 140195049577360
offset 0 and length 62914560 for ino 140195049577680
offset 0 and length 62914560 for ino 140195357756560
offset 0 and length 62914560 for ino 140195049578000
offset 0 and length 62914560 for ino 140195049578320
offset 0 and length 62914560 for ino 140195049578640
offset 0 and length 62914560 for ino 140195049578960
offset 0 and length 62914560 for ino 140195049579280
offset 0 and length 62914560 for ino 140195049579600
offset 0 and length 62914560 for ino 140195556694928
offset 0 and length 62914560 for ino 140195557762448
offset 0 and length 62914560 for ino 140195557762768
offset 0 and length 62914560 for ino 140195557763088
offset 0 and length 62914560 for ino 140195555370704
offset 0 and length 62914560 for ino 140195555109520
offset 0 and length 62914560 for ino 140195555109840
offset 0 and length 62914560 for ino 140195555110160
offset 0 and length 62914560 for ino 140195557752144
offset 0 and length 62914560 for ino 140195555110480
offset 0 and length 62914560 for ino 140195555110800
offset 0 and length 62914560 for ino 140195555111120
offset 0 and length 62914560 for ino 140195049579920
offset 0 and length 62914560 for ino 140195556695248
offset 0 and length 62914560 for ino 140195462617040
offset 0 and length 62914560 for ino 140195557752464
offset 0 and length 62914560 for ino 140181940240400
offset 0 and length 62914560 for ino 140195049580240
offset 0 and length 62914560 for ino 140195049580560
offset 0 and length 62914560 for ino 140195049580880
offset 0 and length 62914560 for ino 140195049581200
offset 0 and length 62914560 for ino 140195049581520
offset 0 and length 62914560 for ino 140195049581840
offset 0 and length 62914560 for ino 140195049582160
offset 0 and length 62914560 for ino 140195049582480
offset 0 and length 62914560 for ino 140195049582800
offset 0 and length 62914560 for ino 140195556695568
offset 0 and length 62914560 for ino 140181940240720
offset 0 and length 62914560 for ino 140181940241040
offset 0 and length 62914560 for ino 140195049583120
offset 0 and length 62914560 for ino 140195049583440
offset 0 and length 62914560 for ino 140195049583760
offset 0 and length 62914560 for ino 140195049584080
offset 0 and length 62914560 for ino 140195555111440
offset 0 and length 62914560 for ino 140195557763408
offset 0 and length 62914560 for ino 140195557763728
offset 0 and length 62914560 for ino 140195557764048
offset 0 and length 62914560 for ino 140195557764368
offset 0 and length 62914560 for ino 140195557764688
offset 0 and length 62914560 for ino 140181940241360
offset 0 and length 62914560 for ino 140181940241680
offset 0 and length 62914560 for ino 140195357756880
offset 0 and length 62914560 for ino 140195555111760
offset 0 and length 62914560 for ino 140195555112080
offset 0 and length 62914560 for ino 140195555112400
offset 0 and length 62914560 for ino 140195357757200
offset 0 and length 62914560 for ino 140195357757520
offset 0 and length 62914560 for ino 140195555112720
offset 0 and length 62914560 for ino 140181940242000
offset 0 and length 62914560 for ino 140181940242320
offset 0 and length 62914560 for ino 140181940242640
offset 0 and length 62914560 for ino 140181940242960
offset 0 and length 62914560 for ino 140195357757840
offset 0 and length 62914560 for ino 140195357758160
offset 0 and length 62914560 for ino 140195357758480
offset 0 and length 62914560 for ino 140195555113040
offset 0 and length 62914560 for ino 140195462617360
offset 0 and length 62914560 for ino 140195049584400
offset 0 and length 62914560 for ino 140195555113360
offset 0 and length 62914560 for ino 140181940243280
offset 0 and length 62914560 for ino 140181940243600
offset 0 and length 62914560 for ino 140181940243920
offset 0 and length 62914560 for ino 140195557765008
offset 0 and length 62914560 for ino 140195557765328
offset 0 and length 62914560 for ino 140195049584720
offset 0 and length 62914560 for ino 140195049585040
offset 0 and length 62914560 for ino 140195049585360
offset 0 and length 62914560 for ino 140195049585680
offset 0 and length 62914560 for ino 140181940244240
offset 0 and length 62914560 for ino 140195049586000
offset 0 and length 62914560 for ino 140195049586320
offset 0 and length 62914560 for ino 140195556695888
offset 0 and length 62914560 for ino 140195555371024
offset 0 and length 62914560 for ino 140181940244560
offset 0 and length 62914560 for ino 140181940244880
offset 0 and length 62914560 for ino 140181940245200
offset 0 and length 62914560 for ino 140195557765648
offset 0 and length 62914560 for ino 140195557765968
offset 0 and length 62914560 for ino 140178974916624
offset 0 and length 62914560 for ino 140195557766288
offset 0 and length 62914560 for ino 140195557766608
offset 0 and length 62914560 for ino 140195557766928
offset 0 and length 62914560 for ino 140195556696208
offset 0 and length 62914560 for ino 140195556696528
offset 0 and length 62914560 for ino 140195357705168
offset 0 and length 62914560 for ino 140181940245520
offset 0 and length 62914560 for ino 140181940245840
offset 0 and length 62914560 for ino 140195555113680
offset 0 and length 62914560 for ino 140195555114000
offset 0 and length 62914560 for ino 140178974916944
offset 0 and length 62914560 for ino 140178974917264
offset 0 and length 62914560 for ino 140178974917584
offset 0 and length 62914560 for ino 140178974917904
offset 0 and length 62914560 for ino 140195357758800
offset 0 and length 62914560 for ino 140195555114320
offset 0 and length 62914560 for ino 140195555114640
offset 0 and length 62914560 for ino 140178964381712
offset 0 and length 62914560 for ino 140178964382032
offset 0 and length 62914560 for ino 140178964382352
offset 0 and length 62914560 for ino 140178974918224
offset 0 and length 62914560 for ino 140178974918544
offset 0 and length 62914560 for ino 140195462617680
offset 0 and length 62914560 for ino 140178964382672
offset 0 and length 62914560 for ino 140178964382992
offset 0 and length 62914560 for ino 140178974918864
offset 0 and length 62914560 for ino 140195557767248
offset 0 and length 62914560 for ino 140195556696848
offset 0 and length 62914560 for ino 140195556697168
offset 0 and length 62914560 for ino 140195556697488
offset 0 and length 62914560 for ino 140195556697808
offset 0 and length 62914560 for ino 140195557767568
offset 0 and length 62914560 for ino 140195557767888
offset 0 and length 62914560 for ino 140195556698128
offset 0 and length 62914560 for ino 140195462618000
offset 0 and length 62914560 for ino 140178974919184
offset 0 and length 62914560 for ino 140181940246160
offset 0 and length 62914560 for ino 140195556698448
offset 0 and length 62914560 for ino 140178974919504
offset 0 and length 62914560 for ino 140178974919824
offset 0 and length 62914560 for ino 140178974920144
offset 0 and length 62914560 for ino 140178974920464
offset 0 and length 62914560 for ino 140195357705488
offset 0 and length 62914560 for ino 140178964383312
offset 0 and length 62914560 for ino 140178964383632
offset 0 and length 62914560 for ino 140178964383952
offset 0 and length 62914560 for ino 140178974920784
offset 0 and length 62914560 for ino 140178974921104
offset 0 and length 62914560 for ino 140178964384272
offset 0 and length 62914560 for ino 140178964384592
offset 0 and length 62914560 for ino 140178964384912
offset 0 and length 62914560 for ino 140178964385232
offset 0 and length 62914560 for ino 140178974921424
offset 0 and length 62914560 for ino 140178974921744
offset 0 and length 62914560 for ino 140178974922064
offset 0 and length 62914560 for ino 140178974922384
offset 0 and length 62914560 for ino 140181940246480
offset 0 and length 62914560 for ino 140181940246800
offset 0 and length 62914560 for ino 140181940247120
offset 0 and length 62914560 for ino 140181940247440
offset 0 and length 62914560 for ino 140181940247760
offset 0 and length 62914560 for ino 140181940248080
offset 0 and length 62914560 for ino 140195357759120
offset 0 and length 62914560 for ino 140195357759440
offset 0 and length 62914560 for ino 140195357759760
offset 0 and length 62914560 for ino 140195555371344
offset 0 and length 62914560 for ino 140195555371664
offset 0 and length 62914560 for ino 140195555371984
offset 0 and length 62914560 for ino 140195555372304
offset 0 and length 62914560 for ino 140195557768208
offset 0 and length 62914560 for ino 140195556698768
offset 0 and length 62914560 for ino 140195555372624
offset 0 and length 62914560 for ino 140195555372944
offset 0 and length 62914560 for ino 140195555373264
offset 0 and length 62914560 for ino 140178964385552
offset 0 and length 62914560 for ino 140178974922704
offset 0 and length 62914560 for ino 140178974923024
offset 0 and length 62914560 for ino 140181940248400
offset 0 and length 62914560 for ino 140181940248720
offset 0 and length 62914560 for ino 140195557768528
offset 0 and length 62914560 for ino 140195557768848
offset 0 and length 62914560 for ino 140195555373584
offset 0 and length 62914560 for ino 140177615912976
offset 0 and length 62914560 for ino 140195555373904
offset 0 and length 62914560 for ino 140195555374224
offset 0 and length 62914560 for ino 140195555374544
offset 0 and length 62914560 for ino 140195555374864
offset 0 and length 62914560 for ino 140195555375184
offset 0 and length 62914560 for ino 140195555375504
offset 0 and length 62914560 for ino 140195555375824
offset 0 and length 62914560 for ino 140195555376144
offset 0 and length 62914560 for ino 140195555376464
offset 0 and length 62914560 for ino 140195555376784
offset 0 and length 62914560 for ino 140177615913296
offset 0 and length 62914560 for ino 140178974923344
offset 0 and length 62914560 for ino 140178974923664
offset 0 and length 62914560 for ino 140181940249040
offset 0 and length 62914560 for ino 140181940249360
offset 0 and length 62914560 for ino 140181940249680
offset 0 and length 62914560 for ino 140181940250000
offset 0 and length 62914560 for ino 140178974923984
offset 0 and length 62914560 for ino 140181940250320
offset 0 and length 62914560 for ino 140181940250640
offset 0 and length 62914560 for ino 140181940250960
offset 0 and length 62914560 for ino 140181940251280
offset 0 and length 62914560 for ino 140181940251600
offset 0 and length 62914560 for ino 140181940251920
offset 0 and length 62914560 for ino 140178964385872
offset 0 and length 62914560 for ino 140178964386192
offset 0 and length 62914560 for ino 140195357739856
offset 0 and length 62914560 for ino 140181940252240
offset 0 and length 62914560 for ino 140177615913616
offset 0 and length 62914560 for ino 140177615913936
offset 0 and length 62914560 for ino 140181940252560
offset 0 and length 62914560 for ino 140181940252880
offset 0 and length 62914560 for ino 140181940253200
offset 0 and length 62914560 for ino 140181940253520
offset 0 and length 62914560 for ino 140181940253840
offset 0 and length 62914560 for ino 140195357760080
offset 0 and length 62914560 for ino 140181940254160
offset 0 and length 62914560 for ino 140178964386512
offset 0 and length 62914560 for ino 140178964386832
offset 0 and length 62914560 for ino 140178964387152
offset 0 and length 62914560 for ino 140178964387472
offset 0 and length 62914560 for ino 140178974924304
offset 0 and length 62914560 for ino 140178974924624
offset 0 and length 62914560 for ino 140178974924944
offset 0 and length 62914560 for ino 140178974925264
offset 0 and length 62914560 for ino 140178964387792
offset 0 and length 62914560 for ino 140178974925584
offset 0 and length 62914560 for ino 140178974925904
offset 0 and length 62914560 for ino 140195357705808
offset 0 and length 62914560 for ino 140195357760400
offset 0 and length 62914560 for ino 140181940254480
offset 0 and length 62914560 for ino 140181940254800
offset 0 and length 62914560 for ino 140181940255120
offset 0 and length 62914560 for ino 140181940255440
offset 0 and length 62914560 for ino 140181940255760
offset 0 and length 62914560 for ino 140181940256080
offset 0 and length 62914560 for ino 140181940256400
offset 0 and length 62914560 for ino 140177615914256
offset 0 and length 62914560 for ino 140195462618320
offset 0 and length 62914560 for ino 140195462618640
offset 0 and length 62914560 for ino 140195462618960
