Harness starting.
 /home/sevag/CLionProjects/FuseFileSystemBoC/cmake-build-release/FuseFileSystemBoC --seed 1236582095

Pinning to Core:40
creating 512 mb file systemoffset 0 and length 31457280 for ino 139690512662544
offset 0 and length 31457280 for ino 139690512924688
offset 0 and length 31457280 for ino 139690512925008
offset 0 and length 31457280 for ino 139690512925328
offset 0 and length 31457280 for ino 139690512925648
offset 0 and length 31457280 for ino 139690512925968
offset 0 and length 31457280 for ino 139690512926288
offset 0 and length 31457280 for ino 139690512926608
offset 0 and length 31457280 for ino 139690512926928
offset 0 and length 31457280 for ino 139690512927248
offset 0 and length 31457280 for ino 139690512927568
offset 0 and length 31457280 for ino 139690512927888
offset 0 and length 31457280 for ino 139690512928208
offset 0 and length 31457280 for ino 139690512928528
offset 0 and length 31457280 for ino 139690512928848
offset 0 and length 31457280 for ino 139690512929168
offset 0 and length 31457280 for ino 139690512929488
offset 0 and length 31457280 for ino 139690512929808
offset 0 and length 31457280 for ino 139690512930128
offset 0 and length 31457280 for ino 139690512930448
offset 0 and length 31457280 for ino 139690512930768
offset 0 and length 31457280 for ino 139690512931088
offset 0 and length 31457280 for ino 139690512931408
offset 0 and length 31457280 for ino 139690512931728
offset 0 and length 31457280 for ino 139690512932048
offset 0 and length 31457280 for ino 139690512564240
offset 0 and length 31457280 for ino 139690512564560
offset 0 and length 31457280 for ino 139690512564880
offset 0 and length 31457280 for ino 139690512565200
offset 0 and length 31457280 for ino 139690512565520
offset 0 and length 31457280 for ino 139690512565840
offset 0 and length 31457280 for ino 139690512566160
offset 0 and length 31457280 for ino 139690512566480
offset 0 and length 31457280 for ino 139690512566800
offset 0 and length 31457280 for ino 139690512567120
offset 0 and length 31457280 for ino 139690512567440
offset 0 and length 31457280 for ino 139690512567760
offset 0 and length 31457280 for ino 139690512568080
offset 0 and length 31457280 for ino 139690512568400
offset 0 and length 31457280 for ino 139690512568720
offset 0 and length 31457280 for ino 139690512569040
offset 0 and length 31457280 for ino 139690512569360
offset 0 and length 31457280 for ino 139690512569680
offset 0 and length 31457280 for ino 139690512570000
offset 0 and length 31457280 for ino 139690512570320
offset 0 and length 31457280 for ino 139690512570640
offset 0 and length 31457280 for ino 139690512570960
offset 0 and length 31457280 for ino 139690512571280
offset 0 and length 31457280 for ino 139690512571600
offset 0 and length 31457280 for ino 139690512571920
offset 0 and length 31457280 for ino 139690512572240
offset 0 and length 31457280 for ino 139690512572560
offset 0 and length 31457280 for ino 139690512572880
offset 0 and length 31457280 for ino 139690512573200
offset 0 and length 31457280 for ino 139690512573520
offset 0 and length 31457280 for ino 139690512573840
offset 0 and length 31457280 for ino 139690512574160
offset 0 and length 31457280 for ino 139690512574480
offset 0 and length 31457280 for ino 139690512574800
offset 0 and length 31457280 for ino 139690512575120
offset 0 and length 31457280 for ino 139690512575440
offset 0 and length 31457280 for ino 139690512575760
offset 0 and length 31457280 for ino 139690512576080
offset 0 and length 31457280 for ino 139690452647952
offset 0 and length 31457280 for ino 139690452648272
offset 0 and length 31457280 for ino 139690435919888
offset 0 and length 31457280 for ino 139690435920208
offset 0 and length 31457280 for ino 139690435920528
offset 0 and length 31457280 for ino 139690435920848
offset 0 and length 31457280 for ino 139690435921168
offset 0 and length 31457280 for ino 139690435921488
offset 0 and length 31457280 for ino 139690435921808
offset 0 and length 31457280 for ino 139690435922128
offset 0 and length 31457280 for ino 139690435922448
offset 0 and length 31457280 for ino 139690435922768
offset 0 and length 31457280 for ino 139690435923088
offset 0 and length 31457280 for ino 139690435923408
offset 0 and length 31457280 for ino 139690435923728
offset 0 and length 31457280 for ino 139690435924048
offset 0 and length 31457280 for ino 139690435924368
offset 0 and length 31457280 for ino 139690435924688
offset 0 and length 31457280 for ino 139690435925008
offset 0 and length 31457280 for ino 139690435925328
offset 0 and length 31457280 for ino 139690435925648
offset 0 and length 31457280 for ino 139690435925968
offset 0 and length 31457280 for ino 139690435926288
offset 0 and length 31457280 for ino 139690435926608
offset 0 and length 31457280 for ino 139690435926928
offset 0 and length 31457280 for ino 139690435927248
offset 0 and length 31457280 for ino 139690435927568
offset 0 and length 31457280 for ino 139690435927888
offset 0 and length 31457280 for ino 139690435928208
offset 0 and length 31457280 for ino 139690435928528
offset 0 and length 31457280 for ino 139690435928848
offset 0 and length 31457280 for ino 139690435929168
offset 0 and length 31457280 for ino 139690435929488
offset 0 and length 31457280 for ino 139690402349072
offset 0 and length 31457280 for ino 139690402349392
offset 0 and length 31457280 for ino 139690402349712
offset 0 and length 31457280 for ino 139690402350032
offset 0 and length 31457280 for ino 139690402350352
offset 0 and length 31457280 for ino 139690402350672
offset 0 and length 31457280 for ino 139690402350992
offset 0 and length 31457280 for ino 139690402351312
offset 0 and length 31457280 for ino 139690402351632
offset 0 and length 31457280 for ino 139690402351952
offset 0 and length 31457280 for ino 139690402352272
offset 0 and length 31457280 for ino 139690402352592
offset 0 and length 31457280 for ino 139690402352912
offset 0 and length 31457280 for ino 139690402353232
offset 0 and length 31457280 for ino 139690402353552
offset 0 and length 31457280 for ino 139690402353872
offset 0 and length 31457280 for ino 139690402354192
offset 0 and length 31457280 for ino 139690402354512
offset 0 and length 31457280 for ino 139690402354832
offset 0 and length 31457280 for ino 139690402355152
offset 0 and length 31457280 for ino 139690402355472
offset 0 and length 31457280 for ino 139690402355792
offset 0 and length 31457280 for ino 139690402356112
offset 0 and length 31457280 for ino 139690402356432
offset 0 and length 31457280 for ino 139690402356752
offset 0 and length 31457280 for ino 139690402357072
offset 0 and length 31457280 for ino 139690402357392
offset 0 and length 31457280 for ino 139690402357712
offset 0 and length 31457280 for ino 139690402358032
offset 0 and length 31457280 for ino 139690402358352
offset 0 and length 31457280 for ino 139690402358672
offset 0 and length 31457280 for ino 139690402358992
offset 0 and length 31457280 for ino 139690402359312
offset 0 and length 31457280 for ino 139690402359632
offset 0 and length 31457280 for ino 139690402359952
offset 0 and length 31457280 for ino 139690402360272
offset 0 and length 31457280 for ino 139690402360592
offset 0 and length 31457280 for ino 139690402360912
offset 0 and length 31457280 for ino 139690402361232
offset 0 and length 31457280 for ino 139690402361552
offset 0 and length 31457280 for ino 139690402361872
offset 0 and length 31457280 for ino 139690402362192
offset 0 and length 31457280 for ino 139690402362512
offset 0 and length 31457280 for ino 139690402362832
offset 0 and length 31457280 for ino 139690402363152
offset 0 and length 31457280 for ino 139690402363472
offset 0 and length 31457280 for ino 139690402363792
offset 0 and length 31457280 for ino 139690402364112
offset 0 and length 31457280 for ino 139690402364432
offset 0 and length 31457280 for ino 139690402364752
offset 0 and length 31457280 for ino 139690402365072
offset 0 and length 31457280 for ino 139690283925520
offset 0 and length 31457280 for ino 139690283925840
offset 0 and length 31457280 for ino 139690283926160
offset 0 and length 31457280 for ino 139690283926480
offset 0 and length 31457280 for ino 139690283926800
offset 0 and length 31457280 for ino 139690283927120
offset 0 and length 31457280 for ino 139690283927440
offset 0 and length 31457280 for ino 139690283927760
offset 0 and length 31457280 for ino 139690283928080
offset 0 and length 31457280 for ino 139690283928400
offset 0 and length 31457280 for ino 139690283928720
offset 0 and length 31457280 for ino 139690283929040
offset 0 and length 31457280 for ino 139690283929360
offset 0 and length 31457280 for ino 139690283929680
offset 0 and length 31457280 for ino 139690283930000
offset 0 and length 31457280 for ino 139690283930320
offset 0 and length 31457280 for ino 139690283930640
offset 0 and length 31457280 for ino 139690283930960
offset 0 and length 31457280 for ino 139690283931280
offset 0 and length 31457280 for ino 139690283931600
offset 0 and length 31457280 for ino 139690283931920
offset 0 and length 31457280 for ino 139690283932240
offset 0 and length 31457280 for ino 139690283932560
offset 0 and length 31457280 for ino 139690283932880
offset 0 and length 31457280 for ino 139690283933200
offset 0 and length 31457280 for ino 139690283933520
offset 0 and length 31457280 for ino 139690283933840
offset 0 and length 31457280 for ino 139690283934160
offset 0 and length 31457280 for ino 139690283934480
offset 0 and length 31457280 for ino 139690283934800
offset 0 and length 31457280 for ino 139690283935120
offset 0 and length 31457280 for ino 139690512932368
offset 0 and length 31457280 for ino 139690512932688
offset 0 and length 31457280 for ino 139690512933008
offset 0 and length 31457280 for ino 139690512933328
offset 0 and length 31457280 for ino 139690512933648
offset 0 and length 31457280 for ino 139690512933968
offset 0 and length 31457280 for ino 139690512934288
offset 0 and length 31457280 for ino 139690512934608
offset 0 and length 31457280 for ino 139690512934928
offset 0 and length 31457280 for ino 139690512935248
offset 0 and length 31457280 for ino 139690512935568
offset 0 and length 31457280 for ino 139690512935888
offset 0 and length 31457280 for ino 139690512936208
offset 0 and length 31457280 for ino 139690512936528
offset 0 and length 31457280 for ino 139690512936848
offset 0 and length 31457280 for ino 139690512937168
offset 0 and length 31457280 for ino 139690512937488
offset 0 and length 31457280 for ino 139690512937808
offset 0 and length 31457280 for ino 139690512938128
offset 0 and length 31457280 for ino 139690512938448
offset 0 and length 31457280 for ino 139690512938768
offset 0 and length 31457280 for ino 139690512939088
offset 0 and length 31457280 for ino 139690512939408
offset 0 and length 31457280 for ino 139690512939728
offset 0 and length 31457280 for ino 139690512940048
offset 0 and length 31457280 for ino 139690512940368
offset 0 and length 31457280 for ino 139690512940688
offset 0 and length 31457280 for ino 139689912729616
offset 0 and length 31457280 for ino 139689912729936
offset 0 and length 31457280 for ino 139689912730256
offset 0 and length 31457280 for ino 139689912730576
offset 0 and length 31457280 for ino 139689912730896
offset 0 and length 31457280 for ino 139689912731216
offset 0 and length 31457280 for ino 139689912731536
offset 0 and length 31457280 for ino 139689912731856
offset 0 and length 31457280 for ino 139689912732176
offset 0 and length 31457280 for ino 139689912732496
offset 0 and length 31457280 for ino 139689912732816
offset 0 and length 31457280 for ino 139689912733136
offset 0 and length 31457280 for ino 139689912733456
offset 0 and length 31457280 for ino 139689912733776
offset 0 and length 31457280 for ino 139689912734096
offset 0 and length 31457280 for ino 139689912734416
offset 0 and length 31457280 for ino 139689912734736
offset 0 and length 31457280 for ino 139689912735056
offset 0 and length 31457280 for ino 139689912735376
offset 0 and length 31457280 for ino 139689912735696
offset 0 and length 31457280 for ino 139689912736016
offset 0 and length 31457280 for ino 139689912736336
offset 0 and length 31457280 for ino 139689912736656
offset 0 and length 31457280 for ino 139689912736976
offset 0 and length 31457280 for ino 139689912737296
offset 0 and length 31457280 for ino 139689912737616
offset 0 and length 31457280 for ino 139689912737936
offset 0 and length 31457280 for ino 139689912738256
offset 0 and length 31457280 for ino 139689912738576
offset 0 and length 31457280 for ino 139689912738896
offset 0 and length 31457280 for ino 139689912739216
offset 0 and length 31457280 for ino 139689912739536
offset 0 and length 31457280 for ino 139689912739856
offset 0 and length 31457280 for ino 139689912740176
offset 0 and length 31457280 for ino 139689912740496
offset 0 and length 31457280 for ino 139689912740816
offset 0 and length 31457280 for ino 139689912741136
offset 0 and length 31457280 for ino 139689912741456
offset 0 and length 31457280 for ino 139689912741776
offset 0 and length 31457280 for ino 139689912742096
offset 0 and length 31457280 for ino 139689912742416
offset 0 and length 31457280 for ino 139689912742736
offset 0 and length 31457280 for ino 139689912743056
offset 0 and length 31457280 for ino 139689912743376
offset 0 and length 31457280 for ino 139689912743696
offset 0 and length 31457280 for ino 139689912744016
offset 0 and length 31457280 for ino 139689912744336
offset 0 and length 31457280 for ino 139689912744656
offset 0 and length 31457280 for ino 139689912744976
offset 0 and length 31457280 for ino 139689912745296
offset 0 and length 31457280 for ino 139689912745616
offset 0 and length 31457280 for ino 139689870802960
offset 0 and length 31457280 for ino 139689870803280
offset 0 and length 31457280 for ino 139689870803600
offset 0 and length 31457280 for ino 139689870803920
offset 0 and length 31457280 for ino 139689870804240
offset 0 and length 31457280 for ino 139689870804560
offset 0 and length 31457280 for ino 139689870804880
offset 0 and length 31457280 for ino 139689870805200
offset 0 and length 31457280 for ino 139689870805520
offset 0 and length 31457280 for ino 139689870805840
offset 0 and length 31457280 for ino 139689870806160
offset 0 and length 31457280 for ino 139689870806480
offset 0 and length 31457280 for ino 139689870806800
offset 0 and length 31457280 for ino 139689870807120
offset 0 and length 31457280 for ino 139689870807440
offset 0 and length 31457280 for ino 139689870807760
offset 0 and length 31457280 for ino 139689870808080
offset 0 and length 31457280 for ino 139689870808400
offset 0 and length 31457280 for ino 139689870808720
offset 0 and length 31457280 for ino 139689870809040
offset 0 and length 31457280 for ino 139689870809360
offset 0 and length 31457280 for ino 139689870809680
offset 0 and length 31457280 for ino 139689870810000
offset 0 and length 31457280 for ino 139689870810320
offset 0 and length 31457280 for ino 139689870810640
offset 0 and length 31457280 for ino 139689870810960
offset 0 and length 31457280 for ino 139689870811280
offset 0 and length 31457280 for ino 139689870811600
offset 0 and length 31457280 for ino 139689870811920
offset 0 and length 31457280 for ino 139689870812240
offset 0 and length 31457280 for ino 139689870812560
offset 0 and length 31457280 for ino 139689870812880
offset 0 and length 31457280 for ino 139689870813200
offset 0 and length 31457280 for ino 139689870813520
offset 0 and length 31457280 for ino 139689870813840
offset 0 and length 31457280 for ino 139689870814160
offset 0 and length 31457280 for ino 139689870814480
offset 0 and length 31457280 for ino 139689870814800
offset 0 and length 31457280 for ino 139689870815120
offset 0 and length 31457280 for ino 139689870815440
offset 0 and length 31457280 for ino 139689870815760
offset 0 and length 31457280 for ino 139689870816080
offset 0 and length 31457280 for ino 139689870816400
offset 0 and length 31457280 for ino 139689870816720
offset 0 and length 31457280 for ino 139689870817040
offset 0 and length 31457280 for ino 139689870817360
offset 0 and length 31457280 for ino 139689870817680
offset 0 and length 31457280 for ino 139689870818000
offset 0 and length 31457280 for ino 139690283935440
offset 0 and length 31457280 for ino 139690283935760
offset 0 and length 31457280 for ino 139690283936080
offset 0 and length 31457280 for ino 139690283936400
offset 0 and length 31457280 for ino 139690283936720
offset 0 and length 31457280 for ino 139690283937040
offset 0 and length 31457280 for ino 139690283937360
offset 0 and length 31457280 for ino 139690283937680
offset 0 and length 31457280 for ino 139690283938000
offset 0 and length 31457280 for ino 139690283938320
offset 0 and length 31457280 for ino 139690283938640
offset 0 and length 31457280 for ino 139690283938960
offset 0 and length 31457280 for ino 139690283939280
offset 0 and length 31457280 for ino 139690283939600
offset 0 and length 31457280 for ino 139690283939920
offset 0 and length 31457280 for ino 139690283940240
offset 0 and length 31457280 for ino 139690283940560
offset 0 and length 31457280 for ino 139690283940880
offset 0 and length 31457280 for ino 139690283941200
offset 0 and length 31457280 for ino 139690283941520
offset 0 and length 31457280 for ino 139689099051024
offset 0 and length 31457280 for ino 139689099051344
offset 0 and length 31457280 for ino 139689099051664
offset 0 and length 31457280 for ino 139689099051984
offset 0 and length 31457280 for ino 139689099052304
offset 0 and length 31457280 for ino 139689099052624
offset 0 and length 31457280 for ino 139689099052944
offset 0 and length 31457280 for ino 139689099053264
offset 0 and length 31457280 for ino 139689099053584
offset 0 and length 31457280 for ino 139689099053904
offset 0 and length 31457280 for ino 139689099054224
offset 0 and length 31457280 for ino 139689099054544
offset 0 and length 31457280 for ino 139689099054864
offset 0 and length 31457280 for ino 139689099055184
offset 0 and length 31457280 for ino 139689099055504
offset 0 and length 31457280 for ino 139689099055824
offset 0 and length 31457280 for ino 139689099056144
offset 0 and length 31457280 for ino 139689099056464
offset 0 and length 31457280 for ino 139689099056784
offset 0 and length 31457280 for ino 139689099057104
offset 0 and length 31457280 for ino 139689099057424
offset 0 and length 31457280 for ino 139689099057744
offset 0 and length 31457280 for ino 139689099058064
offset 0 and length 31457280 for ino 139689099058384
offset 0 and length 31457280 for ino 139689099058704
offset 0 and length 31457280 for ino 139689099059024
offset 0 and length 31457280 for ino 139689099059344
offset 0 and length 31457280 for ino 139690512576400
offset 0 and length 31457280 for ino 139690512576720
offset 0 and length 31457280 for ino 139690512577040
offset 0 and length 31457280 for ino 139690512577360
offset 0 and length 31457280 for ino 139690512577680
offset 0 and length 31457280 for ino 139690512578000
offset 0 and length 31457280 for ino 139690512578320
offset 0 and length 31457280 for ino 139690512578640
offset 0 and length 31457280 for ino 139690512578960
offset 0 and length 31457280 for ino 139690512579280
offset 0 and length 31457280 for ino 139690512579600
offset 0 and length 31457280 for ino 139690512579920
offset 0 and length 31457280 for ino 139690512580240
offset 0 and length 31457280 for ino 139689086484496
offset 0 and length 31457280 for ino 139689086484816
offset 0 and length 31457280 for ino 139689086485136
offset 0 and length 31457280 for ino 139689086485456
offset 0 and length 31457280 for ino 139689086485776
offset 0 and length 31457280 for ino 139689086486096
offset 0 and length 31457280 for ino 139689086486416
offset 0 and length 31457280 for ino 139689086486736
offset 0 and length 31457280 for ino 139689086487056
offset 0 and length 31457280 for ino 139690294312976
offset 0 and length 31457280 for ino 139690294313296
offset 0 and length 31457280 for ino 139690294313616
offset 0 and length 31457280 for ino 139690294313936
offset 0 and length 31457280 for ino 139690294314256
offset 0 and length 31457280 for ino 139690294314576
offset 0 and length 31457280 for ino 139690294314896
offset 0 and length 31457280 for ino 139690294315216
offset 0 and length 31457280 for ino 139690294315536
offset 0 and length 31457280 for ino 139690294315856
offset 0 and length 31457280 for ino 139690294316176
offset 0 and length 31457280 for ino 139690294316496
offset 0 and length 31457280 for ino 139690294316816
offset 0 and length 31457280 for ino 139690294317136
offset 0 and length 31457280 for ino 139690294317456
offset 0 and length 31457280 for ino 139690294317776
offset 0 and length 31457280 for ino 139690294318096
offset 0 and length 31457280 for ino 139690294318416
offset 0 and length 31457280 for ino 139690294318736
offset 0 and length 31457280 for ino 139690294319056
offset 0 and length 31457280 for ino 139690294319376
offset 0 and length 31457280 for ino 139690294319696
offset 0 and length 31457280 for ino 139690294320016
offset 0 and length 31457280 for ino 139690294320336
offset 0 and length 31457280 for ino 139690294320656
offset 0 and length 31457280 for ino 139689086487376
offset 0 and length 31457280 for ino 139690277568528
offset 0 and length 31457280 for ino 139690277568848
offset 0 and length 31457280 for ino 139690277569168
offset 0 and length 31457280 for ino 139690277569488
offset 0 and length 31457280 for ino 139690277569808
offset 0 and length 31457280 for ino 139690277570128
offset 0 and length 31457280 for ino 139690277570448
offset 0 and length 31457280 for ino 139690277570768
offset 0 and length 31457280 for ino 139690435929808
offset 0 and length 31457280 for ino 139690435930128
offset 0 and length 31457280 for ino 139690435930448
offset 0 and length 31457280 for ino 139690435930768
offset 0 and length 31457280 for ino 139690435931088
offset 0 and length 31457280 for ino 139690435931408
offset 0 and length 31457280 for ino 139690435931728
offset 0 and length 31457280 for ino 139690435932048
offset 0 and length 31457280 for ino 139690435932368
offset 0 and length 31457280 for ino 139690435932688
offset 0 and length 31457280 for ino 139690435933008
offset 0 and length 31457280 for ino 139690435933328
offset 0 and length 31457280 for ino 139690435933648
offset 0 and length 31457280 for ino 139690435933968
offset 0 and length 31457280 for ino 139690435934288
offset 0 and length 31457280 for ino 139690435934608
offset 0 and length 31457280 for ino 139690435934928
offset 0 and length 31457280 for ino 139690435935248
offset 0 and length 31457280 for ino 139690435935568
offset 0 and length 31457280 for ino 139690435935888
offset 0 and length 31457280 for ino 139689046605840
offset 0 and length 31457280 for ino 139689046606160
offset 0 and length 31457280 for ino 139689046606480
offset 0 and length 31457280 for ino 139689046606800
offset 0 and length 31457280 for ino 139689046607120
offset 0 and length 31457280 for ino 139689046607440
offset 0 and length 31457280 for ino 139689046607760
offset 0 and length 31457280 for ino 139689046608080
offset 0 and length 31457280 for ino 139689046608400
offset 0 and length 31457280 for ino 139689046608720
offset 0 and length 31457280 for ino 139689046609040
offset 0 and length 31457280 for ino 139689046609360
offset 0 and length 31457280 for ino 139689046609680
offset 0 and length 31457280 for ino 139689046610000
offset 0 and length 31457280 for ino 139689046610320
offset 0 and length 31457280 for ino 139689046610640
offset 0 and length 31457280 for ino 139689046610960
offset 0 and length 31457280 for ino 139689046611280
offset 0 and length 31457280 for ino 139689046611600
offset 0 and length 31457280 for ino 139689046611920
offset 0 and length 31457280 for ino 139689046612240
offset 0 and length 31457280 for ino 139689046612560
offset 0 and length 31457280 for ino 139689046612880
offset 0 and length 31457280 for ino 139689046613200
offset 0 and length 31457280 for ino 139689046613520
offset 0 and length 31457280 for ino 139689046613840
offset 0 and length 31457280 for ino 139689046614160
offset 0 and length 31457280 for ino 139689046614480
offset 0 and length 31457280 for ino 139689046614800
offset 0 and length 31457280 for ino 139689046615120
offset 0 and length 31457280 for ino 139689046615440
offset 0 and length 31457280 for ino 139689046615760
offset 0 and length 31457280 for ino 139689046616080
offset 0 and length 31457280 for ino 139689046616400
offset 0 and length 31457280 for ino 139689046616720
offset 0 and length 31457280 for ino 139689046617040
offset 0 and length 31457280 for ino 139689046617360
offset 0 and length 31457280 for ino 139689046617680
offset 0 and length 31457280 for ino 139689046618000
offset 0 and length 31457280 for ino 139689046618320
offset 0 and length 31457280 for ino 139689046618640
offset 0 and length 31457280 for ino 139689046618960
offset 0 and length 31457280 for ino 139689046619280
offset 0 and length 31457280 for ino 139689046619600
offset 0 and length 31457280 for ino 139689046619920
offset 0 and length 31457280 for ino 139689046620240
offset 0 and length 31457280 for ino 139689046620560
offset 0 and length 31457280 for ino 139689046620880
offset 0 and length 31457280 for ino 139689046621200
offset 0 and length 31457280 for ino 139690277571088
offset 0 and length 31457280 for ino 139690277571408
offset 0 and length 31457280 for ino 139690277571728
offset 0 and length 31457280 for ino 139690277572048
offset 0 and length 31457280 for ino 139690277572368
offset 0 and length 31457280 for ino 139690277572688
offset 0 and length 31457280 for ino 139690277573008
offset 0 and length 31457280 for ino 139690277573328
offset 0 and length 31457280 for ino 139690277573648
offset 0 and length 31457280 for ino 139690277573968
offset 0 and length 31457280 for ino 139690277574288
offset 0 and length 31457280 for ino 139690277574608
offset 0 and length 31457280 for ino 139690277574928
offset 0 and length 31457280 for ino 139690277575248
offset 0 and length 31457280 for ino 139690277575568
offset 0 and length 31457280 for ino 139690277575888
offset 0 and length 31457280 for ino 139690277576208
offset 0 and length 31457280 for ino 139690277576528
offset 0 and length 31457280 for ino 139690277576848
offset 0 and length 31457280 for ino 139690277577168
offset 0 and length 31457280 for ino 139690277577488
offset 0 and length 31457280 for ino 139690277577808
offset 0 and length 31457280 for ino 139690277578128
offset 0 and length 31457280 for ino 139690277578448
offset 0 and length 31457280 for ino 139690277578768
offset 0 and length 31457280 for ino 139690277579088
offset 0 and length 31457280 for ino 139690277579408
offset 0 and length 31457280 for ino 139690277579728
offset 0 and length 31457280 for ino 139690277580048
offset 0 and length 31457280 for ino 139690277580368
offset 0 and length 31457280 for ino 139690277580688
offset 0 and length 31457280 for ino 139690277581008
offset 0 and length 31457280 for ino 139690277581328
offset 0 and length 31457280 for ino 139690277581648
offset 0 and length 31457280 for ino 139690277581968
offset 0 and length 31457280 for ino 139690277582288
offset 0 and length 31457280 for ino 139690277582608
offset 0 and length 31457280 for ino 139690277582928
offset 0 and length 31457280 for ino 139690277583248
offset 0 and length 31457280 for ino 139690277583568
offset 0 and length 31457280 for ino 139690277583888
offset 0 and length 31457280 for ino 139690277584208
offset 0 and length 31457280 for ino 139690277584528
offset 0 and length 31457280 for ino 139688287436816
offset 0 and length 31457280 for ino 139688287437136
offset 0 and length 31457280 for ino 139688287437456
offset 0 and length 31457280 for ino 139688287437776
offset 0 and length 31457280 for ino 139688287438096
offset 0 and length 31457280 for ino 139688287438416
offset 0 and length 31457280 for ino 139688287438736
offset 0 and length 31457280 for ino 139688287439056
offset 0 and length 31457280 for ino 139688287439376
offset 0 and length 31457280 for ino 139688287439696
offset 0 and length 31457280 for ino 139688287440016
offset 0 and length 31457280 for ino 139688287440336
offset 0 and length 31457280 for ino 139688287440656
offset 0 and length 31457280 for ino 139688287440976
offset 0 and length 31457280 for ino 139688287441296
offset 0 and length 31457280 for ino 139688287441616
offset 0 and length 31457280 for ino 139688287441936
offset 0 and length 31457280 for ino 139688287442256
offset 0 and length 31457280 for ino 139688287442576
offset 0 and length 31457280 for ino 139688287442896
offset 0 and length 31457280 for ino 139688287443216
offset 0 and length 31457280 for ino 139688287443536
offset 0 and length 31457280 for ino 139688287443856
offset 0 and length 31457280 for ino 139688287444176
offset 0 and length 31457280 for ino 139688287444496
offset 0 and length 31457280 for ino 139688287444816
offset 0 and length 31457280 for ino 139688287445136
offset 0 and length 31457280 for ino 139688287445456
offset 0 and length 31457280 for ino 139688287445776
offset 0 and length 31457280 for ino 139688287446096
offset 0 and length 31457280 for ino 139688287446416
offset 0 and length 31457280 for ino 139688287446736
offset 0 and length 31457280 for ino 139688287447056
offset 0 and length 31457280 for ino 139688287447376
offset 0 and length 31457280 for ino 139688287447696
offset 0 and length 31457280 for ino 139688287448016
offset 0 and length 31457280 for ino 139688287448336
offset 0 and length 31457280 for ino 139688287448656
offset 0 and length 31457280 for ino 139688287448976
offset 0 and length 31457280 for ino 139688287449296
offset 0 and length 31457280 for ino 139688287449616
offset 0 and length 31457280 for ino 139688287449936
offset 0 and length 31457280 for ino 139688287450256
offset 0 and length 31457280 for ino 139688287450576
offset 0 and length 31457280 for ino 139688287450896
offset 0 and length 31457280 for ino 139688287451216
offset 0 and length 31457280 for ino 139688287451536
offset 0 and length 31457280 for ino 139688287451856
offset 0 and length 31457280 for ino 139688287452176
offset 0 and length 31457280 for ino 139688287452496
offset 0 and length 31457280 for ino 139688287452816
offset 0 and length 31457280 for ino 139688245510160
offset 0 and length 31457280 for ino 139688245510480
offset 0 and length 31457280 for ino 139688245510800
offset 0 and length 31457280 for ino 139688245511120
offset 0 and length 31457280 for ino 139688245511440
offset 0 and length 31457280 for ino 139688245511760
offset 0 and length 31457280 for ino 139688245512080
offset 0 and length 31457280 for ino 139688245512400
offset 0 and length 31457280 for ino 139688245512720
offset 0 and length 31457280 for ino 139688245513040
offset 0 and length 31457280 for ino 139688245513360
offset 0 and length 31457280 for ino 139688245513680
offset 0 and length 31457280 for ino 139688245514000
offset 0 and length 31457280 for ino 139688245514320
offset 0 and length 31457280 for ino 139688245514640
offset 0 and length 31457280 for ino 139688245514960
offset 0 and length 31457280 for ino 139688245515280
offset 0 and length 31457280 for ino 139688245515600
offset 0 and length 31457280 for ino 139688245515920
offset 0 and length 31457280 for ino 139688245516240
offset 0 and length 31457280 for ino 139688245516560
offset 0 and length 31457280 for ino 139688245516880
offset 0 and length 31457280 for ino 139688245517200
offset 0 and length 31457280 for ino 139688245517520
offset 0 and length 31457280 for ino 139688245517840
offset 0 and length 31457280 for ino 139688245518160
offset 0 and length 31457280 for ino 139688245518480
offset 0 and length 31457280 for ino 139688245518800
offset 0 and length 31457280 for ino 139688245519120
offset 0 and length 31457280 for ino 139688245519440
offset 0 and length 31457280 for ino 139688245519760
offset 0 and length 31457280 for ino 139688245520080
offset 0 and length 31457280 for ino 139688245520400
offset 0 and length 31457280 for ino 139688245520720
offset 0 and length 31457280 for ino 139688245521040
offset 0 and length 31457280 for ino 139688245521360
offset 0 and length 31457280 for ino 139688245521680
offset 0 and length 31457280 for ino 139688245522000
offset 0 and length 31457280 for ino 139688245522320
offset 0 and length 31457280 for ino 139688245522640
offset 0 and length 31457280 for ino 139688245522960
offset 0 and length 31457280 for ino 139688245523280
offset 0 and length 31457280 for ino 139688245523600
offset 0 and length 31457280 for ino 139688245523920
offset 0 and length 31457280 for ino 139688245524240
offset 0 and length 31457280 for ino 139688245524560
offset 0 and length 31457280 for ino 139688245524880
offset 0 and length 31457280 for ino 139688245525200
offset 0 and length 31457280 for ino 139688245525520
offset 0 and length 31457280 for ino 139688245525840
offset 0 and length 31457280 for ino 139688245526160
offset 0 and length 31457280 for ino 139679177441296
offset 0 and length 31457280 for ino 139679177441616
offset 0 and length 31457280 for ino 139679177441936
offset 0 and length 31457280 for ino 139679177442256
offset 0 and length 31457280 for ino 139679177442576
offset 0 and length 31457280 for ino 139679177442896
offset 0 and length 31457280 for ino 139679177443216
offset 0 and length 31457280 for ino 139679177443536
offset 0 and length 31457280 for ino 139679177443856
offset 0 and length 31457280 for ino 139679177444176
offset 0 and length 31457280 for ino 139679177444496
offset 0 and length 31457280 for ino 139679177444816
offset 0 and length 31457280 for ino 139679177445136
offset 0 and length 31457280 for ino 139679177445456
offset 0 and length 31457280 for ino 139679177445776
offset 0 and length 31457280 for ino 139679177446096
offset 0 and length 31457280 for ino 139679177446416
offset 0 and length 31457280 for ino 139679177446736
offset 0 and length 31457280 for ino 139679177447056
offset 0 and length 31457280 for ino 139679177447376
offset 0 and length 31457280 for ino 139679177447696
offset 0 and length 31457280 for ino 139679177448016
offset 0 and length 31457280 for ino 139679177448336
offset 0 and length 31457280 for ino 139679177448656
offset 0 and length 31457280 for ino 139679177448976
offset 0 and length 31457280 for ino 139679177449296
offset 0 and length 31457280 for ino 139679177449616
offset 0 and length 31457280 for ino 139679177449936
offset 0 and length 31457280 for ino 139679177450256
offset 0 and length 31457280 for ino 139679177450576
offset 0 and length 31457280 for ino 139679177450896
offset 0 and length 31457280 for ino 139679177451216
offset 0 and length 31457280 for ino 139679177451536
offset 0 and length 31457280 for ino 139679177451856
offset 0 and length 31457280 for ino 139679177452176
offset 0 and length 31457280 for ino 139679177452496
offset 0 and length 31457280 for ino 139679177452816
offset 0 and length 31457280 for ino 139679177453136
offset 0 and length 31457280 for ino 139679177453456
offset 0 and length 31457280 for ino 139679177453776
offset 0 and length 31457280 for ino 139679177454096
offset 0 and length 31457280 for ino 139679177454416
offset 0 and length 31457280 for ino 139679177454736
offset 0 and length 31457280 for ino 139679177455056
offset 0 and length 31457280 for ino 139679177455376
offset 0 and length 31457280 for ino 139679177455696
offset 0 and length 31457280 for ino 139679177456016
offset 0 and length 31457280 for ino 139679177456336
offset 0 and length 31457280 for ino 139679177456656
offset 0 and length 31457280 for ino 139679177456976
offset 0 and length 31457280 for ino 139679177457296
offset 0 and length 31457280 for ino 139679135514640
offset 0 and length 31457280 for ino 139679135514960
offset 0 and length 31457280 for ino 139679135515280
offset 0 and length 31457280 for ino 139679135515600
offset 0 and length 31457280 for ino 139679135515920
offset 0 and length 31457280 for ino 139679135516240
offset 0 and length 31457280 for ino 139679135516560
offset 0 and length 31457280 for ino 139679135516880
offset 0 and length 31457280 for ino 139679135517200
offset 0 and length 31457280 for ino 139679135517520
offset 0 and length 31457280 for ino 139679135517840
offset 0 and length 31457280 for ino 139679135518160
offset 0 and length 31457280 for ino 139679135518480
offset 0 and length 31457280 for ino 139679135518800
offset 0 and length 31457280 for ino 139679135519120
offset 0 and length 31457280 for ino 139679135519440
offset 0 and length 31457280 for ino 139679135519760
offset 0 and length 31457280 for ino 139679135520080
offset 0 and length 31457280 for ino 139679135520400
offset 0 and length 31457280 for ino 139679135520720
offset 0 and length 31457280 for ino 139679135521040
offset 0 and length 31457280 for ino 139679135521360
offset 0 and length 31457280 for ino 139679135521680
offset 0 and length 31457280 for ino 139679135522000
offset 0 and length 31457280 for ino 139679135522320
offset 0 and length 31457280 for ino 139679135522640
offset 0 and length 31457280 for ino 139679135522960
offset 0 and length 31457280 for ino 139679135523280
offset 0 and length 31457280 for ino 139679135523600
offset 0 and length 31457280 for ino 139679135523920
offset 0 and length 31457280 for ino 139679135524240
offset 0 and length 31457280 for ino 139679135524560
offset 0 and length 31457280 for ino 139679135524880
offset 0 and length 31457280 for ino 139679135525200
offset 0 and length 31457280 for ino 139679135525520
offset 0 and length 31457280 for ino 139679135525840
offset 0 and length 31457280 for ino 139679135526160
offset 0 and length 31457280 for ino 139679135526480
offset 0 and length 31457280 for ino 139679135526800
offset 0 and length 31457280 for ino 139679135527120
offset 0 and length 31457280 for ino 139679135527440
offset 0 and length 31457280 for ino 139679135527760
offset 0 and length 31457280 for ino 139679135528080
offset 0 and length 31457280 for ino 139679135528400
offset 0 and length 31457280 for ino 139679135528720
offset 0 and length 31457280 for ino 139679135529040
offset 0 and length 31457280 for ino 139679135529360
offset 0 and length 31457280 for ino 139679135529680
offset 0 and length 31457280 for ino 139679135530000
offset 0 and length 31457280 for ino 139679135530320
offset 0 and length 31457280 for ino 139679135530640
offset 0 and length 31457280 for ino 139679127142416
offset 0 and length 31457280 for ino 139679127142736
offset 0 and length 31457280 for ino 139679127143056
offset 0 and length 31457280 for ino 139679127143376
offset 0 and length 31457280 for ino 139679127143696
offset 0 and length 31457280 for ino 139679127144016
offset 0 and length 31457280 for ino 139679127144336
offset 0 and length 31457280 for ino 139679127144656
offset 0 and length 31457280 for ino 139679127144976
offset 0 and length 31457280 for ino 139679127145296
offset 0 and length 31457280 for ino 139679127145616
offset 0 and length 31457280 for ino 139679127145936
offset 0 and length 31457280 for ino 139679127146256
offset 0 and length 31457280 for ino 139679127146576
offset 0 and length 31457280 for ino 139679127146896
offset 0 and length 31457280 for ino 139679127147216
offset 0 and length 31457280 for ino 139679127147536
offset 0 and length 31457280 for ino 139679127147856
offset 0 and length 31457280 for ino 139679127148176
offset 0 and length 31457280 for ino 139679127148496
offset 0 and length 31457280 for ino 139679127148816
offset 0 and length 31457280 for ino 139679127149136
offset 0 and length 31457280 for ino 139679127149456
offset 0 and length 31457280 for ino 139679127149776
offset 0 and length 31457280 for ino 139679127150096
offset 0 and length 31457280 for ino 139679127150416
offset 0 and length 31457280 for ino 139679127150736
offset 0 and length 31457280 for ino 139679127151056
offset 0 and length 31457280 for ino 139679127151376
offset 0 and length 31457280 for ino 139679127151696
offset 0 and length 31457280 for ino 139679127152016
offset 0 and length 31457280 for ino 139679127152336
offset 0 and length 31457280 for ino 139679127152656
offset 0 and length 31457280 for ino 139679127152976
offset 0 and length 31457280 for ino 139679127153296
offset 0 and length 31457280 for ino 139679127153616
offset 0 and length 31457280 for ino 139679127153936
offset 0 and length 31457280 for ino 139679127154256
offset 0 and length 31457280 for ino 139679127154576
offset 0 and length 31457280 for ino 139679127154896
offset 0 and length 31457280 for ino 139679127155216
offset 0 and length 31457280 for ino 139679127155536
offset 0 and length 31457280 for ino 139679127155856
offset 0 and length 31457280 for ino 139679127156176
offset 0 and length 31457280 for ino 139679127156496
offset 0 and length 31457280 for ino 139679127156816
offset 0 and length 31457280 for ino 139679127157136
offset 0 and length 31457280 for ino 139679127157456
offset 0 and length 31457280 for ino 139679127157776
offset 0 and length 31457280 for ino 139679127158096
offset 0 and length 31457280 for ino 139679127158416
offset 0 and length 31457280 for ino 139671770349584
offset 0 and length 31457280 for ino 139671770349904
offset 0 and length 31457280 for ino 139671770350224
offset 0 and length 31457280 for ino 139671770350544
offset 0 and length 31457280 for ino 139671770350864
offset 0 and length 31457280 for ino 139671770351184
offset 0 and length 31457280 for ino 139671770351504
offset 0 and length 31457280 for ino 139671770351824
offset 0 and length 31457280 for ino 139671770352144
offset 0 and length 31457280 for ino 139671770352464
offset 0 and length 31457280 for ino 139671770352784
offset 0 and length 31457280 for ino 139671770353104
offset 0 and length 31457280 for ino 139671770353424
offset 0 and length 31457280 for ino 139671770353744
offset 0 and length 31457280 for ino 139671770354064
offset 0 and length 31457280 for ino 139671770354384
offset 0 and length 31457280 for ino 139671770354704
offset 0 and length 31457280 for ino 139671770355024
offset 0 and length 31457280 for ino 139671770355344
offset 0 and length 31457280 for ino 139671770355664
offset 0 and length 31457280 for ino 139671770355984
offset 0 and length 31457280 for ino 139671770356304
offset 0 and length 31457280 for ino 139671770356624
offset 0 and length 31457280 for ino 139671770356944
offset 0 and length 31457280 for ino 139671770357264
offset 0 and length 31457280 for ino 139671770357584
offset 0 and length 31457280 for ino 139671770357904
offset 0 and length 31457280 for ino 139671770358224
offset 0 and length 31457280 for ino 139671770358544
offset 0 and length 31457280 for ino 139671770358864
offset 0 and length 31457280 for ino 139671770359184
offset 0 and length 31457280 for ino 139671770359504
offset 0 and length 31457280 for ino 139671770359824
offset 0 and length 31457280 for ino 139671770360144
offset 0 and length 31457280 for ino 139671770360464
offset 0 and length 31457280 for ino 139671770360784
offset 0 and length 31457280 for ino 139671770361104
offset 0 and length 31457280 for ino 139671770361424
offset 0 and length 31457280 for ino 139671770361744
offset 0 and length 31457280 for ino 139671770362064
offset 0 and length 31457280 for ino 139671770362384
offset 0 and length 31457280 for ino 139671770362704
offset 0 and length 31457280 for ino 139671770363024
offset 0 and length 31457280 for ino 139671770363344
offset 0 and length 31457280 for ino 139671770363664
offset 0 and length 31457280 for ino 139671770363984
offset 0 and length 31457280 for ino 139671770364304
offset 0 and length 31457280 for ino 139671770364624
offset 0 and length 31457280 for ino 139671770364944
offset 0 and length 31457280 for ino 139671770365264
offset 0 and length 31457280 for ino 139671770365584
offset 0 and length 31457280 for ino 139671761977360
offset 0 and length 31457280 for ino 139671761977680
offset 0 and length 31457280 for ino 139671761978000
offset 0 and length 31457280 for ino 139671761978320
offset 0 and length 31457280 for ino 139671761978640
offset 0 and length 31457280 for ino 139671761978960
offset 0 and length 31457280 for ino 139671761979280
offset 0 and length 31457280 for ino 139671761979600
offset 0 and length 31457280 for ino 139671761979920
offset 0 and length 31457280 for ino 139671761980240
offset 0 and length 31457280 for ino 139671761980560
offset 0 and length 31457280 for ino 139671761980880
offset 0 and length 31457280 for ino 139671761981200
offset 0 and length 31457280 for ino 139671761981520
offset 0 and length 31457280 for ino 139671761981840
offset 0 and length 31457280 for ino 139671761982160
offset 0 and length 31457280 for ino 139671761982480
offset 0 and length 31457280 for ino 139671761982800
offset 0 and length 31457280 for ino 139671761983120
offset 0 and length 31457280 for ino 139671761983440
offset 0 and length 31457280 for ino 139671761983760
offset 0 and length 31457280 for ino 139671761984080
offset 0 and length 31457280 for ino 139671761984400
offset 0 and length 31457280 for ino 139671761984720
offset 0 and length 31457280 for ino 139671761985040
offset 0 and length 31457280 for ino 139671761985360
offset 0 and length 31457280 for ino 139671761985680
offset 0 and length 31457280 for ino 139671761986000
offset 0 and length 31457280 for ino 139671761986320
offset 0 and length 31457280 for ino 139671761986640
offset 0 and length 31457280 for ino 139671761986960
offset 0 and length 31457280 for ino 139671761987280
offset 0 and length 31457280 for ino 139671761987600
offset 0 and length 31457280 for ino 139671761987920
offset 0 and length 31457280 for ino 139671761988240
offset 0 and length 31457280 for ino 139671761988560
offset 0 and length 31457280 for ino 139671761988880
offset 0 and length 31457280 for ino 139671761989200
offset 0 and length 31457280 for ino 139671761989520
offset 0 and length 31457280 for ino 139671761989840
offset 0 and length 31457280 for ino 139671761990160
offset 0 and length 31457280 for ino 139671761990480
offset 0 and length 31457280 for ino 139671761990800
offset 0 and length 31457280 for ino 139671761991120
offset 0 and length 31457280 for ino 139671761991440
offset 0 and length 31457280 for ino 139671761991760
offset 0 and length 31457280 for ino 139671761992080
offset 0 and length 31457280 for ino 139671761992400
offset 0 and length 31457280 for ino 139671761992720
offset 0 and length 31457280 for ino 139671761993040
offset 0 and length 31457280 for ino 139671761993360
offset 0 and length 31457280 for ino 139664002531344
offset 0 and length 31457280 for ino 139664002531664
offset 0 and length 31457280 for ino 139664002531984
offset 0 and length 31457280 for ino 139664002532304
offset 0 and length 31457280 for ino 139664002532624
offset 0 and length 31457280 for ino 139664002532944
offset 0 and length 31457280 for ino 139664002533264
offset 0 and length 31457280 for ino 139664002533584
offset 0 and length 31457280 for ino 139664002533904
offset 0 and length 31457280 for ino 139664002534224
offset 0 and length 31457280 for ino 139664002534544
offset 0 and length 31457280 for ino 139664002534864
offset 0 and length 31457280 for ino 139664002535184
offset 0 and length 31457280 for ino 139664002535504
offset 0 and length 31457280 for ino 139664002535824
offset 0 and length 31457280 for ino 139664002536144
offset 0 and length 31457280 for ino 139664002536464
offset 0 and length 31457280 for ino 139664002536784
offset 0 and length 31457280 for ino 139664002537104
offset 0 and length 31457280 for ino 139664002537424
offset 0 and length 31457280 for ino 139664002537744
offset 0 and length 31457280 for ino 139664002538064
offset 0 and length 31457280 for ino 139664002538384
offset 0 and length 31457280 for ino 139664002538704
offset 0 and length 31457280 for ino 139664002539024
offset 0 and length 31457280 for ino 139664002539344
offset 0 and length 31457280 for ino 139664002539664
offset 0 and length 31457280 for ino 139664002539984
offset 0 and length 31457280 for ino 139664002540304
offset 0 and length 31457280 for ino 139664002540624
offset 0 and length 31457280 for ino 139664002540944
offset 0 and length 31457280 for ino 139664002541264
offset 0 and length 31457280 for ino 139664002541584
offset 0 and length 31457280 for ino 139664002541904
offset 0 and length 31457280 for ino 139664002542224
offset 0 and length 31457280 for ino 139664002542544
offset 0 and length 31457280 for ino 139664002542864
offset 0 and length 31457280 for ino 139664002543184
offset 0 and length 31457280 for ino 139664002543504
offset 0 and length 31457280 for ino 139664002543824
offset 0 and length 31457280 for ino 139664002544144
offset 0 and length 31457280 for ino 139664002544464
offset 0 and length 31457280 for ino 139664002544784
offset 0 and length 31457280 for ino 139664002545104
offset 0 and length 31457280 for ino 139664002545424
offset 0 and length 31457280 for ino 139664002545744
offset 0 and length 31457280 for ino 139664002546064
offset 0 and length 31457280 for ino 139664002546384
offset 0 and length 31457280 for ino 139664002546704
offset 0 and length 31457280 for ino 139664002547024
offset 0 and length 31457280 for ino 139664002547344
offset 0 and length 31457280 for ino 139663994159120
offset 0 and length 31457280 for ino 139663994159440
offset 0 and length 31457280 for ino 139663994159760
offset 0 and length 31457280 for ino 139663994160080
offset 0 and length 31457280 for ino 139663994160400
offset 0 and length 31457280 for ino 139663994160720
offset 0 and length 31457280 for ino 139663994161040
offset 0 and length 31457280 for ino 139663994161360
offset 0 and length 31457280 for ino 139663994161680
offset 0 and length 31457280 for ino 139663994162000
offset 0 and length 31457280 for ino 139663994162320
offset 0 and length 31457280 for ino 139663994162640
offset 0 and length 31457280 for ino 139663994162960
offset 0 and length 31457280 for ino 139663994163280
offset 0 and length 31457280 for ino 139663994163600
offset 0 and length 31457280 for ino 139663994163920
offset 0 and length 31457280 for ino 139663994164240
offset 0 and length 31457280 for ino 139663994164560
offset 0 and length 31457280 for ino 139663994164880
offset 0 and length 31457280 for ino 139663994165200
offset 0 and length 31457280 for ino 139663994165520
offset 0 and length 31457280 for ino 139663994165840
offset 0 and length 31457280 for ino 139663994166160
offset 0 and length 31457280 for ino 139663994166480
offset 0 and length 31457280 for ino 139663994166800
offset 0 and length 31457280 for ino 139663994167120
offset 0 and length 31457280 for ino 139663994167440
offset 0 and length 31457280 for ino 139663994167760
offset 0 and length 31457280 for ino 139663994168080
offset 0 and length 31457280 for ino 139663994168400
offset 0 and length 31457280 for ino 139663994168720
offset 0 and length 31457280 for ino 139663994169040
offset 0 and length 31457280 for ino 139663994169360
offset 0 and length 31457280 for ino 139663994169680
offset 0 and length 31457280 for ino 139663994170000
offset 0 and length 31457280 for ino 139663994170320
offset 0 and length 31457280 for ino 139663994170640
offset 0 and length 31457280 for ino 139663994170960
offset 0 and length 31457280 for ino 139663994171280
offset 0 and length 31457280 for ino 139663994171600
offset 0 and length 31457280 for ino 139663994171920
offset 0 and length 31457280 for ino 139663994172240
offset 0 and length 31457280 for ino 139663994172560
offset 0 and length 31457280 for ino 139663994172880
offset 0 and length 31457280 for ino 139663994173200
offset 0 and length 31457280 for ino 139663994173520
offset 0 and length 31457280 for ino 139663994173840
offset 0 and length 31457280 for ino 139663994174160
offset 0 and length 31457280 for ino 139663994174480
offset 0 and length 31457280 for ino 139663994174800
offset 0 and length 31457280 for ino 139663994175120
offset 0 and length 31457280 for ino 139663952232464
offset 0 and length 31457280 for ino 139663952232784
offset 0 and length 31457280 for ino 139663952233104
offset 0 and length 31457280 for ino 139663952233424
offset 0 and length 31457280 for ino 139663952233744
offset 0 and length 31457280 for ino 139663952234064
offset 0 and length 31457280 for ino 139663952234384
offset 0 and length 31457280 for ino 139663952234704
offset 0 and length 31457280 for ino 139663952235024
offset 0 and length 31457280 for ino 139663952235344
offset 0 and length 31457280 for ino 139663952235664
offset 0 and length 31457280 for ino 139663952235984
offset 0 and length 31457280 for ino 139663952236304
offset 0 and length 31457280 for ino 139663952236624
offset 0 and length 31457280 for ino 139663952236944
offset 0 and length 31457280 for ino 139663952237264
offset 0 and length 31457280 for ino 139663952237584
offset 0 and length 31457280 for ino 139663952237904
offset 0 and length 31457280 for ino 139663952238224
offset 0 and length 31457280 for ino 139663952238544
offset 0 and length 31457280 for ino 139663952238864
offset 0 and length 31457280 for ino 139663952239184
offset 0 and length 31457280 for ino 139663952239504
offset 0 and length 31457280 for ino 139663952239824
offset 0 and length 31457280 for ino 139663952240144
offset 0 and length 31457280 for ino 139663952240464
offset 0 and length 31457280 for ino 139663952240784
offset 0 and length 31457280 for ino 139663952241104
offset 0 and length 31457280 for ino 139663952241424
offset 0 and length 31457280 for ino 139663952241744
offset 0 and length 31457280 for ino 139663952242064
offset 0 and length 31457280 for ino 139663952242384
offset 0 and length 31457280 for ino 139663952242704
offset 0 and length 31457280 for ino 139663952243024
offset 0 and length 31457280 for ino 139663952243344
offset 0 and length 31457280 for ino 139663952243664
offset 0 and length 31457280 for ino 139663952243984
offset 0 and length 31457280 for ino 139663952244304
offset 0 and length 31457280 for ino 139663952244624
offset 0 and length 31457280 for ino 139663952244944
offset 0 and length 31457280 for ino 139663952245264
offset 0 and length 31457280 for ino 139663952245584
offset 0 and length 31457280 for ino 139663952245904
offset 0 and length 31457280 for ino 139663952246224
offset 0 and length 31457280 for ino 139663952246544
offset 0 and length 31457280 for ino 139663952246864
