Harness starting.
 /home/sevag/CLionProjects/FuseFileSystemBoC/cmake-build-release/FuseFileSystemBoC --seed 1393087753

Pinning to Core:40
creating 512 mb file systemoffset 0 and length 167772160 for ino 139869194190864
offset 0 and length 167772160 for ino 139869194191184
offset 0 and length 167772160 for ino 139869194191504
offset 0 and length 167772160 for ino 139869194191824
offset 0 and length 167772160 for ino 139869194338320
offset 0 and length 167772160 for ino 139869194108944
offset 0 and length 167772160 for ino 139869194192144
offset 0 and length 167772160 for ino 139869194192464
offset 0 and length 167772160 for ino 139869194192784
offset 0 and length 167772160 for ino 139869194193104
offset 0 and length 167772160 for ino 139869194193424
offset 0 and length 167772160 for ino 139869194193744
offset 0 and length 167772160 for ino 139869125804048
offset 0 and length 167772160 for ino 139869109075984
offset 0 and length 167772160 for ino 139869125804368
offset 0 and length 167772160 for ino 139869194109264
offset 0 and length 167772160 for ino 139869194109584
offset 0 and length 167772160 for ino 139869007314960
offset 0 and length 167772160 for ino 139869007282192
offset 0 and length 167772160 for ino 139869210574864
offset 0 and length 167772160 for ino 139869210575184
offset 0 and length 167772160 for ino 139869125804688
offset 0 and length 167772160 for ino 139869007315280
offset 0 and length 167772160 for ino 139869210591248
offset 0 and length 167772160 for ino 139869210591568
offset 0 and length 167772160 for ino 139869194109904
offset 0 and length 167772160 for ino 139869194110224
offset 0 and length 167772160 for ino 139869208625168
offset 0 and length 167772160 for ino 139869208625488
offset 0 and length 167772160 for ino 139869007282512
offset 0 and length 167772160 for ino 139869210591888
offset 0 and length 167772160 for ino 139869007315600
offset 0 and length 167772160 for ino 139869194338640
offset 0 and length 167772160 for ino 139869194194064
offset 0 and length 167772160 for ino 139869210592208
offset 0 and length 167772160 for ino 139869125805008
offset 0 and length 167772160 for ino 139869125805328
offset 0 and length 167772160 for ino 139869210575504
offset 0 and length 167772160 for ino 139869210575824
offset 0 and length 167772160 for ino 139869109076304
offset 0 and length 167772160 for ino 139869109076624
offset 0 and length 167772160 for ino 139869208625808
offset 0 and length 167772160 for ino 139869210576144
offset 0 and length 167772160 for ino 139869007282832
offset 0 and length 167772160 for ino 139869125805648
offset 0 and length 167772160 for ino 139869194110544
offset 0 and length 167772160 for ino 139869210576464
offset 0 and length 167772160 for ino 139869208626128
offset 0 and length 167772160 for ino 139869007283152
offset 0 and length 167772160 for ino 139869125805968
offset 0 and length 167772160 for ino 139869210592528
offset 0 and length 167772160 for ino 139869007283472
offset 0 and length 167772160 for ino 139869007283792
offset 0 and length 167772160 for ino 139869194194384
offset 0 and length 167772160 for ino 139869194338960
offset 0 and length 167772160 for ino 139869194110864
offset 0 and length 167772160 for ino 139869109076944
offset 0 and length 167772160 for ino 139869210576784
offset 0 and length 167772160 for ino 139869194111184
offset 0 and length 167772160 for ino 139869194111504
offset 0 and length 167772160 for ino 139869007315920
offset 0 and length 167772160 for ino 139869194339280
offset 0 and length 167772160 for ino 139869125806288
offset 0 and length 167772160 for ino 139869007316240
