Harness starting.
 /home/sevag/CLionProjects/FuseFileSystemBoC/cmake-build-release/FuseFileSystemBoC --seed 1154746105

Pinning to Core:40
creating 512 mb file systemoffset 0 and length 503316480 for ino 140325362499600
offset 0 and length 503316480 for ino 140325362647056
offset 0 and length 503316480 for ino 140325362417680
offset 0 and length 503316480 for ino 140325362647376
offset 0 and length 503316480 for ino 140325205016592
offset 0 and length 503316480 for ino 140325363171344
offset 0 and length 503316480 for ino 140325204770832
offset 0 and length 503316480 for ino 140325378834448
offset 0 and length 503316480 for ino 140325205016912
offset 0 and length 503316480 for ino 140325362499920
offset 0 and length 503316480 for ino 140325204771152
offset 0 and length 503316480 for ino 140325204771472
offset 0 and length 503316480 for ino 140325362418000
offset 0 and length 503316480 for ino 140325204771792
offset 0 and length 503316480 for ino 140325204772112
offset 0 and length 503316480 for ino 140325362418320
offset 0 and length 503316480 for ino 140325362500240
offset 0 and length 503316480 for ino 140325368348688
offset 0 and length 503316480 for ino 140324286218256
offset 0 and length 503316480 for ino 140325368349008
offset 0 and length 503316480 for ino 140325362500560
offset 0 and length 503316480 for ino 140325362418640
offset 0 and length 503316480 for ino 140325362647696
offset 0 and length 503316480 for ino 140325362418960
offset 0 and length 503316480 for ino 140325368349328
offset 0 and length 503316480 for ino 140325204772432
offset 0 and length 503316480 for ino 140325368349648
offset 0 and length 503316480 for ino 140325378834768
offset 0 and length 503316480 for ino 140325362500880
offset 0 and length 503316480 for ino 140325362501200
offset 0 and length 503316480 for ino 140325362501520
offset 0 and length 503316480 for ino 140325362419280
offset 0 and length 503316480 for ino 140325362419600
offset 0 and length 503316480 for ino 140325362501840
offset 0 and length 503316480 for ino 140325378835088
offset 0 and length 503316480 for ino 140325362502160
offset 0 and length 503316480 for ino 140325205017232
offset 0 and length 503316480 for ino 140325362502480
offset 0 and length 503316480 for ino 140325368349968
offset 0 and length 503316480 for ino 140325362502800
offset 0 and length 503316480 for ino 140325368350288
offset 0 and length 503316480 for ino 140325362503120
offset 0 and length 503316480 for ino 140325205017552
offset 0 and length 503316480 for ino 140325378835408
offset 0 and length 503316480 for ino 140325378835728
offset 0 and length 503316480 for ino 140325204772752
offset 0 and length 503316480 for ino 140325204773072
offset 0 and length 503316480 for ino 140324286218576
offset 0 and length 503316480 for ino 140325368350608
offset 0 and length 503316480 for ino 140325368350928
offset 0 and length 503316480 for ino 140325362503440
offset 0 and length 503316480 for ino 140325368351248
offset 0 and length 503316480 for ino 140325362419920
offset 0 and length 503316480 for ino 140325362420240
offset 0 and length 503316480 for ino 140325362503760
offset 0 and length 503316480 for ino 140325368351568
offset 0 and length 503316480 for ino 140324294606864
offset 0 and length 503316480 for ino 140325378836048
offset 0 and length 503316480 for ino 140325362504080
offset 0 and length 503316480 for ino 140325378836368
offset 0 and length 503316480 for ino 140325362504400
offset 0 and length 503316480 for ino 140325362648016
offset 0 and length 503316480 for ino 140325368351888
offset 0 and length 503316480 for ino 140325378836688
