Harness starting.
 /home/sevag/CLionProjects/FuseFileSystemBoC/cmake-build-release/FuseFileSystemBoC --seed 1032669143

Pinning to Core:40
creating 512 mb file systemoffset 0 and length 251658240 for ino 139443031932944
offset 0 and length 251658240 for ino 139443032080400
offset 0 and length 251658240 for ino 139443032604688
offset 0 and length 251658240 for ino 139443032605008
offset 0 and length 251658240 for ino 139442882805776
offset 0 and length 251658240 for ino 139442882806096
offset 0 and length 251658240 for ino 139443048153104
offset 0 and length 251658240 for ino 139443032605328
offset 0 and length 251658240 for ino 139443048169488
offset 0 and length 251658240 for ino 139443046072336
offset 0 and length 251658240 for ino 139443046072656
offset 0 and length 251658240 for ino 139443031851024
offset 0 and length 251658240 for ino 139443031851344
offset 0 and length 251658240 for ino 139443031851664
offset 0 and length 251658240 for ino 139443037749264
offset 0 and length 251658240 for ino 139443046072976
offset 0 and length 251658240 for ino 139443032080720
offset 0 and length 251658240 for ino 139443046073296
offset 0 and length 251658240 for ino 139443031933264
offset 0 and length 251658240 for ino 139443031851984
offset 0 and length 251658240 for ino 139443048169808
offset 0 and length 251658240 for ino 139443031852304
offset 0 and length 251658240 for ino 139443032081040
offset 0 and length 251658240 for ino 139442869977104
offset 0 and length 251658240 for ino 139442882806416
offset 0 and length 251658240 for ino 139443031852624
offset 0 and length 251658240 for ino 139443048170128
offset 0 and length 251658240 for ino 139442882806736
offset 0 and length 251658240 for ino 139442869977424
offset 0 and length 251658240 for ino 139443032605648
offset 0 and length 251658240 for ino 139443048170448
offset 0 and length 251658240 for ino 139443046073616
offset 0 and length 251658240 for ino 139443048153424
offset 0 and length 251658240 for ino 139443037749584
offset 0 and length 251658240 for ino 139442869977744
offset 0 and length 251658240 for ino 139443046073936
offset 0 and length 251658240 for ino 139442869978064
offset 0 and length 251658240 for ino 139443037749904
offset 0 and length 251658240 for ino 139443032605968
offset 0 and length 251658240 for ino 139443037750224
offset 0 and length 251658240 for ino 139442869978384
offset 0 and length 251658240 for ino 139442869978704
offset 0 and length 251658240 for ino 139442869979024
offset 0 and length 251658240 for ino 139442869979344
offset 0 and length 251658240 for ino 139442869979664
offset 0 and length 251658240 for ino 139443031852944
offset 0 and length 251658240 for ino 139443031853264
offset 0 and length 251658240 for ino 139443031853584
offset 0 and length 251658240 for ino 139443037750544
offset 0 and length 251658240 for ino 139443031853904
offset 0 and length 251658240 for ino 139443048170768
offset 0 and length 251658240 for ino 139443037750864
offset 0 and length 251658240 for ino 139442869979984
offset 0 and length 251658240 for ino 139443031933584
offset 0 and length 251658240 for ino 139443031933904
offset 0 and length 251658240 for ino 139443032081360
offset 0 and length 251658240 for ino 139443037751184
offset 0 and length 251658240 for ino 139443031854224
offset 0 and length 251658240 for ino 139443032606288
offset 0 and length 251658240 for ino 139443032081680
offset 0 and length 251658240 for ino 139443031934224
offset 0 and length 251658240 for ino 139443037751504
offset 0 and length 251658240 for ino 139443037751824
offset 0 and length 251658240 for ino 139443037752144
offset 0 and length 251658240 for ino 139443037752464
offset 0 and length 251658240 for ino 139443032082000
offset 0 and length 251658240 for ino 139443048171088
offset 0 and length 251658240 for ino 139443046074256
offset 0 and length 251658240 for ino 139443046074576
offset 0 and length 251658240 for ino 139443046074896
offset 0 and length 251658240 for ino 139443031934544
offset 0 and length 251658240 for ino 139443048171408
offset 0 and length 251658240 for ino 139443046075216
offset 0 and length 251658240 for ino 139443032082320
offset 0 and length 251658240 for ino 139443048171728
offset 0 and length 251658240 for ino 139442882807056
offset 0 and length 251658240 for ino 139443048172048
offset 0 and length 251658240 for ino 139443031934864
offset 0 and length 251658240 for ino 139443032082640
offset 0 and length 251658240 for ino 139443032606608
offset 0 and length 251658240 for ino 139443031935184
offset 0 and length 251658240 for ino 139443031935504
offset 0 and length 251658240 for ino 139443046075536
offset 0 and length 251658240 for ino 139443031854544
offset 0 and length 251658240 for ino 139443031935824
offset 0 and length 251658240 for ino 139443031936144
offset 0 and length 251658240 for ino 139443031854864
offset 0 and length 251658240 for ino 139443031855184
offset 0 and length 251658240 for ino 139443037752784
offset 0 and length 251658240 for ino 139443032082960
offset 0 and length 251658240 for ino 139443032083280
offset 0 and length 251658240 for ino 139443031855504
offset 0 and length 251658240 for ino 139443048153744
offset 0 and length 251658240 for ino 139443037753104
offset 0 and length 251658240 for ino 139443048154064
offset 0 and length 251658240 for ino 139443037753424
offset 0 and length 251658240 for ino 139443037753744
offset 0 and length 251658240 for ino 139443048154384
offset 0 and length 251658240 for ino 139443048154704
offset 0 and length 251658240 for ino 139443032083600
offset 0 and length 251658240 for ino 139443037754064
offset 0 and length 251658240 for ino 139443032606928
offset 0 and length 251658240 for ino 139443031855824
offset 0 and length 251658240 for ino 139443031856144
offset 0 and length 251658240 for ino 139443031856464
offset 0 and length 251658240 for ino 139443032083920
offset 0 and length 251658240 for ino 139443046075856
offset 0 and length 251658240 for ino 139443046076176
offset 0 and length 251658240 for ino 139443031856784
offset 0 and length 251658240 for ino 139442882807376
offset 0 and length 251658240 for ino 139443031857104
offset 0 and length 251658240 for ino 139443037754384
offset 0 and length 251658240 for ino 139443048172368
offset 0 and length 251658240 for ino 139443048155024
offset 0 and length 251658240 for ino 139443037754704
offset 0 and length 251658240 for ino 139443031857424
offset 0 and length 251658240 for ino 139442869980304
offset 0 and length 251658240 for ino 139443048172688
offset 0 and length 251658240 for ino 139443046076496
offset 0 and length 251658240 for ino 139443031857744
offset 0 and length 251658240 for ino 139443031858064
offset 0 and length 251658240 for ino 139443048173008
offset 0 and length 251658240 for ino 139443048173328
offset 0 and length 251658240 for ino 139442882807696
offset 0 and length 251658240 for ino 139443048155344
offset 0 and length 251658240 for ino 139442882808016
offset 0 and length 251658240 for ino 139443032084240
offset 0 and length 251658240 for ino 139443032084560
