Harness starting.
 /home/sevag/CLionProjects/FuseFileSystemBoC/cmake-build-release/FuseFileSystemBoC --seed 2101916477

Pinning to Core:40
creating 512 mb file systemoffset 0 and length 10485760 for ino 139492480696336
offset 0 and length 10485760 for ino 139492480696656
offset 0 and length 10485760 for ino 139492480696976
offset 0 and length 10485760 for ino 139492480697296
offset 0 and length 10485760 for ino 139492480697616
offset 0 and length 10485760 for ino 139492482138128
offset 0 and length 10485760 for ino 139492481220624
offset 0 and length 10485760 for ino 139492481220944
offset 0 and length 10485760 for ino 139492481221264
offset 0 and length 10485760 for ino 139492481221584
offset 0 and length 10485760 for ino 139492481221904
offset 0 and length 10485760 for ino 139492481222224
offset 0 and length 10485760 for ino 139492481222544
offset 0 and length 10485760 for ino 139492481222864
offset 0 and length 10485760 for ino 139492481223184
offset 0 and length 10485760 for ino 139492481223504
offset 0 and length 10485760 for ino 139492481223824
offset 0 and length 10485760 for ino 139492481224144
offset 0 and length 10485760 for ino 139492481224464
offset 0 and length 10485760 for ino 139492481224784
offset 0 and length 10485760 for ino 139492481225104
offset 0 and length 10485760 for ino 139492481225424
offset 0 and length 10485760 for ino 139492481225744
offset 0 and length 10485760 for ino 139492481226064
offset 0 and length 10485760 for ino 139492481226384
offset 0 and length 10485760 for ino 139492481226704
offset 0 and length 10485760 for ino 139492481227024
offset 0 and length 10485760 for ino 139492481227344
offset 0 and length 10485760 for ino 139492481227664
offset 0 and length 10485760 for ino 139492481227984
offset 0 and length 10485760 for ino 139492481228304
offset 0 and length 10485760 for ino 139492481228624
offset 0 and length 10485760 for ino 139492481228944
offset 0 and length 10485760 for ino 139492481229264
offset 0 and length 10485760 for ino 139492481229584
offset 0 and length 10485760 for ino 139492481229904
offset 0 and length 10485760 for ino 139492482138448
offset 0 and length 10485760 for ino 139492482138768
offset 0 and length 10485760 for ino 139492482139088
offset 0 and length 10485760 for ino 139492493410320
offset 0 and length 10485760 for ino 139492481230224
offset 0 and length 10485760 for ino 139492481230544
offset 0 and length 10485760 for ino 139492481230864
offset 0 and length 10485760 for ino 139492481231184
offset 0 and length 10485760 for ino 139492481231504
offset 0 and length 10485760 for ino 139492481231824
offset 0 and length 10485760 for ino 139492481232144
offset 0 and length 10485760 for ino 139492481232464
offset 0 and length 10485760 for ino 139492481232784
offset 0 and length 10485760 for ino 139492481233104
offset 0 and length 10485760 for ino 139492481233424
offset 0 and length 10485760 for ino 139492480598032
offset 0 and length 10485760 for ino 139492480598352
offset 0 and length 10485760 for ino 139492480598672
offset 0 and length 10485760 for ino 139492480598992
offset 0 and length 10485760 for ino 139492481233744
offset 0 and length 10485760 for ino 139492481234064
offset 0 and length 10485760 for ino 139492481234384
offset 0 and length 10485760 for ino 139492481234704
offset 0 and length 10485760 for ino 139492481235024
offset 0 and length 10485760 for ino 139492481235344
offset 0 and length 10485760 for ino 139492481235664
offset 0 and length 10485760 for ino 139492481235984
offset 0 and length 10485760 for ino 139492481236304
offset 0 and length 10485760 for ino 139492481236624
offset 0 and length 10485760 for ino 139492490543120
offset 0 and length 10485760 for ino 139492490543440
offset 0 and length 10485760 for ino 139492490543760
offset 0 and length 10485760 for ino 139492490544080
offset 0 and length 10485760 for ino 139492490544400
offset 0 and length 10485760 for ino 139492490544720
offset 0 and length 10485760 for ino 139492490545040
offset 0 and length 10485760 for ino 139492490545360
offset 0 and length 10485760 for ino 139492490545680
offset 0 and length 10485760 for ino 139492490546000
offset 0 and length 10485760 for ino 139492490546320
offset 0 and length 10485760 for ino 139492490546640
offset 0 and length 10485760 for ino 139492490546960
offset 0 and length 10485760 for ino 139492490547280
offset 0 and length 10485760 for ino 139492490547600
offset 0 and length 10485760 for ino 139492490547920
offset 0 and length 10485760 for ino 139492490548240
offset 0 and length 10485760 for ino 139492490548560
offset 0 and length 10485760 for ino 139492490548880
offset 0 and length 10485760 for ino 139492490549200
offset 0 and length 10485760 for ino 139492490549520
offset 0 and length 10485760 for ino 139492490549840
offset 0 and length 10485760 for ino 139492490550160
offset 0 and length 10485760 for ino 139492490550480
offset 0 and length 10485760 for ino 139492490550800
offset 0 and length 10485760 for ino 139492490551120
offset 0 and length 10485760 for ino 139492490551440
offset 0 and length 10485760 for ino 139492490551760
offset 0 and length 10485760 for ino 139492490552080
offset 0 and length 10485760 for ino 139492490552400
offset 0 and length 10485760 for ino 139492490552720
offset 0 and length 10485760 for ino 139492490553040
offset 0 and length 10485760 for ino 139492490553360
offset 0 and length 10485760 for ino 139492490553680
offset 0 and length 10485760 for ino 139492490554000
offset 0 and length 10485760 for ino 139492490554320
offset 0 and length 10485760 for ino 139492490554640
offset 0 and length 10485760 for ino 139492333649936
offset 0 and length 10485760 for ino 139492490554960
offset 0 and length 10485760 for ino 139492490555280
offset 0 and length 10485760 for ino 139492490555600
offset 0 and length 10485760 for ino 139492490555920
offset 0 and length 10485760 for ino 139492490556240
offset 0 and length 10485760 for ino 139492333650256
offset 0 and length 10485760 for ino 139492333650576
offset 0 and length 10485760 for ino 139492333650896
offset 0 and length 10485760 for ino 139492333651216
offset 0 and length 10485760 for ino 139492333651536
offset 0 and length 10485760 for ino 139492333651856
offset 0 and length 10485760 for ino 139492333652176
offset 0 and length 10485760 for ino 139492333652496
offset 0 and length 10485760 for ino 139492333652816
offset 0 and length 10485760 for ino 139492480697936
offset 0 and length 10485760 for ino 139492493557776
offset 0 and length 10485760 for ino 139492494606352
offset 0 and length 10485760 for ino 139492494606672
offset 0 and length 10485760 for ino 139492494606992
offset 0 and length 10485760 for ino 139492494607312
offset 0 and length 10485760 for ino 139492494607632
offset 0 and length 10485760 for ino 139492494607952
offset 0 and length 10485760 for ino 139492494608272
offset 0 and length 10485760 for ino 139492494608592
offset 0 and length 10485760 for ino 139492494608912
offset 0 and length 10485760 for ino 139492494609232
offset 0 and length 10485760 for ino 139492494609552
offset 0 and length 10485760 for ino 139492494609872
offset 0 and length 10485760 for ino 139492494610192
offset 0 and length 10485760 for ino 139492494610512
offset 0 and length 10485760 for ino 139492480599312
offset 0 and length 10485760 for ino 139492480599632
offset 0 and length 10485760 for ino 139492480599952
offset 0 and length 10485760 for ino 139492480600272
offset 0 and length 10485760 for ino 139492480600592
offset 0 and length 10485760 for ino 139492480600912
offset 0 and length 10485760 for ino 139492480601232
offset 0 and length 10485760 for ino 139492494610832
offset 0 and length 10485760 for ino 139492494611152
offset 0 and length 10485760 for ino 139492494611472
offset 0 and length 10485760 for ino 139492494611792
offset 0 and length 10485760 for ino 139492494612112
offset 0 and length 10485760 for ino 139492490556560
offset 0 and length 10485760 for ino 139492490556880
offset 0 and length 10485760 for ino 139492490557200
offset 0 and length 10485760 for ino 139492490557520
offset 0 and length 10485760 for ino 139492490557840
offset 0 and length 10485760 for ino 139492490558160
offset 0 and length 10485760 for ino 139492490558480
offset 0 and length 10485760 for ino 139492495130640
offset 0 and length 10485760 for ino 139492495130960
offset 0 and length 10485760 for ino 139492495131280
offset 0 and length 10485760 for ino 139492495131600
offset 0 and length 10485760 for ino 139492495131920
offset 0 and length 10485760 for ino 139492495132240
offset 0 and length 10485760 for ino 139492493558096
offset 0 and length 10485760 for ino 139492493558416
offset 0 and length 10485760 for ino 139492333653136
offset 0 and length 10485760 for ino 139492333653456
offset 0 and length 10485760 for ino 139492333653776
offset 0 and length 10485760 for ino 139492333654096
offset 0 and length 10485760 for ino 139492333654416
offset 0 and length 10485760 for ino 139492333654736
offset 0 and length 10485760 for ino 139492333655056
offset 0 and length 10485760 for ino 139492333655376
offset 0 and length 10485760 for ino 139492333655696
offset 0 and length 10485760 for ino 139492333656016
offset 0 and length 10485760 for ino 139492333656336
offset 0 and length 10485760 for ino 139492333656656
offset 0 and length 10485760 for ino 139492333656976
offset 0 and length 10485760 for ino 139492333657296
offset 0 and length 10485760 for ino 139492333657616
offset 0 and length 10485760 for ino 139492333657936
offset 0 and length 10485760 for ino 139492333658256
offset 0 and length 10485760 for ino 139492333658576
offset 0 and length 10485760 for ino 139492333658896
offset 0 and length 10485760 for ino 139492493558736
offset 0 and length 10485760 for ino 139492494612432
offset 0 and length 10485760 for ino 139492494612752
offset 0 and length 10485760 for ino 139492494613072
offset 0 and length 10485760 for ino 139492493559056
offset 0 and length 10485760 for ino 139492493559376
offset 0 and length 10485760 for ino 139492493559696
offset 0 and length 10485760 for ino 139492493560016
offset 0 and length 10485760 for ino 139492493560336
offset 0 and length 10485760 for ino 139492493560656
offset 0 and length 10485760 for ino 139492493560976
offset 0 and length 10485760 for ino 139492493561296
offset 0 and length 10485760 for ino 139492493561616
offset 0 and length 10485760 for ino 139492493561936
offset 0 and length 10485760 for ino 139492493562256
offset 0 and length 10485760 for ino 139492493562576
offset 0 and length 10485760 for ino 139492493562896
offset 0 and length 10485760 for ino 139492493563216
offset 0 and length 10485760 for ino 139492493563536
offset 0 and length 10485760 for ino 139492493563856
offset 0 and length 10485760 for ino 139492493564176
offset 0 and length 10485760 for ino 139492493564496
offset 0 and length 10485760 for ino 139492493564816
offset 0 and length 10485760 for ino 139492493565136
offset 0 and length 10485760 for ino 139492493565456
offset 0 and length 10485760 for ino 139492493565776
offset 0 and length 10485760 for ino 139492493566096
offset 0 and length 10485760 for ino 139492493566416
offset 0 and length 10485760 for ino 139492493566736
offset 0 and length 10485760 for ino 139492480601552
offset 0 and length 10485760 for ino 139492480601872
offset 0 and length 10485760 for ino 139492490558800
offset 0 and length 10485760 for ino 139492490559120
offset 0 and length 10485760 for ino 139492329406480
offset 0 and length 10485760 for ino 139492329406800
offset 0 and length 10485760 for ino 139492494613392
offset 0 and length 10485760 for ino 139492494613712
offset 0 and length 10485760 for ino 139492494614032
offset 0 and length 10485760 for ino 139492494614352
offset 0 and length 10485760 for ino 139492494614672
offset 0 and length 10485760 for ino 139492494614992
offset 0 and length 10485760 for ino 139492494615312
offset 0 and length 10485760 for ino 139492494615632
offset 0 and length 10485760 for ino 139492494615952
offset 0 and length 10485760 for ino 139492494616272
offset 0 and length 10485760 for ino 139492494616592
offset 0 and length 10485760 for ino 139492494616912
offset 0 and length 10485760 for ino 139492494617232
offset 0 and length 10485760 for ino 139492494617552
offset 0 and length 10485760 for ino 139492494617872
offset 0 and length 10485760 for ino 139492494618192
offset 0 and length 10485760 for ino 139492494618512
offset 0 and length 10485760 for ino 139492494618832
offset 0 and length 10485760 for ino 139492494619152
offset 0 and length 10485760 for ino 139492494619472
offset 0 and length 10485760 for ino 139492494619792
offset 0 and length 10485760 for ino 139492494620112
offset 0 and length 10485760 for ino 139492494620432
offset 0 and length 10485760 for ino 139492494620752
offset 0 and length 10485760 for ino 139492494621072
offset 0 and length 10485760 for ino 139492494621392
offset 0 and length 10485760 for ino 139492494621712
offset 0 and length 10485760 for ino 139492480602192
offset 0 and length 10485760 for ino 139492480602512
offset 0 and length 10485760 for ino 139492480602832
offset 0 and length 10485760 for ino 139492480603152
offset 0 and length 10485760 for ino 139492480603472
offset 0 and length 10485760 for ino 139492480603792
offset 0 and length 10485760 for ino 139492480604112
offset 0 and length 10485760 for ino 139492480604432
offset 0 and length 10485760 for ino 139492480604752
offset 0 and length 10485760 for ino 139492480605072
offset 0 and length 10485760 for ino 139492480605392
offset 0 and length 10485760 for ino 139492333659216
offset 0 and length 10485760 for ino 139492333659536
offset 0 and length 10485760 for ino 139492333659856
offset 0 and length 10485760 for ino 139492333660176
offset 0 and length 10485760 for ino 139492333660496
offset 0 and length 10485760 for ino 139492333660816
offset 0 and length 10485760 for ino 139492333661136
offset 0 and length 10485760 for ino 139492329407120
offset 0 and length 10485760 for ino 139492329407440
offset 0 and length 10485760 for ino 139492329407760
offset 0 and length 10485760 for ino 139492329408080
offset 0 and length 10485760 for ino 139492329408400
offset 0 and length 10485760 for ino 139492329408720
offset 0 and length 10485760 for ino 139492329409040
offset 0 and length 10485760 for ino 139492329409360
offset 0 and length 10485760 for ino 139492329409680
offset 0 and length 10485760 for ino 139492329410000
offset 0 and length 10485760 for ino 139492329410320
offset 0 and length 10485760 for ino 139492329410640
offset 0 and length 10485760 for ino 139492329410960
offset 0 and length 10485760 for ino 139492494622032
offset 0 and length 10485760 for ino 139492494622352
offset 0 and length 10485760 for ino 139491916431376
offset 0 and length 10485760 for ino 139492329411280
offset 0 and length 10485760 for ino 139492329411600
offset 0 and length 10485760 for ino 139492329411920
offset 0 and length 10485760 for ino 139492329412240
offset 0 and length 10485760 for ino 139492329412560
offset 0 and length 10485760 for ino 139492329412880
offset 0 and length 10485760 for ino 139492329413200
offset 0 and length 10485760 for ino 139492329413520
offset 0 and length 10485760 for ino 139492329413840
offset 0 and length 10485760 for ino 139492329414160
offset 0 and length 10485760 for ino 139492329414480
offset 0 and length 10485760 for ino 139492329414800
offset 0 and length 10485760 for ino 139492329415120
offset 0 and length 10485760 for ino 139492329415440
offset 0 and length 10485760 for ino 139492329415760
offset 0 and length 10485760 for ino 139492329416080
offset 0 and length 10485760 for ino 139492329416400
offset 0 and length 10485760 for ino 139492329416720
offset 0 and length 10485760 for ino 139492329417040
offset 0 and length 10485760 for ino 139491916431696
offset 0 and length 10485760 for ino 139491916432016
offset 0 and length 10485760 for ino 139491916432336
offset 0 and length 10485760 for ino 139491916432656
offset 0 and length 10485760 for ino 139491916432976
offset 0 and length 10485760 for ino 139491916433296
offset 0 and length 10485760 for ino 139491916433616
offset 0 and length 10485760 for ino 139491916433936
offset 0 and length 10485760 for ino 139491916434256
offset 0 and length 10485760 for ino 139491916434576
offset 0 and length 10485760 for ino 139491916434896
offset 0 and length 10485760 for ino 139491916435216
offset 0 and length 10485760 for ino 139491916435536
offset 0 and length 10485760 for ino 139491916435856
offset 0 and length 10485760 for ino 139491916436176
offset 0 and length 10485760 for ino 139491916436496
offset 0 and length 10485760 for ino 139491916436816
offset 0 and length 10485760 for ino 139491916437136
offset 0 and length 10485760 for ino 139491916437456
offset 0 and length 10485760 for ino 139491916437776
offset 0 and length 10485760 for ino 139491916438096
offset 0 and length 10485760 for ino 139492493567056
offset 0 and length 10485760 for ino 139492480605712
offset 0 and length 10485760 for ino 139492480606032
offset 0 and length 10485760 for ino 139492480606352
offset 0 and length 10485760 for ino 139492333661456
offset 0 and length 10485760 for ino 139492333661776
offset 0 and length 10485760 for ino 139492333662096
offset 0 and length 10485760 for ino 139492333662416
offset 0 and length 10485760 for ino 139492333662736
offset 0 and length 10485760 for ino 139492333663056
offset 0 and length 10485760 for ino 139492333663376
offset 0 and length 10485760 for ino 139492333663696
offset 0 and length 10485760 for ino 139492333664016
offset 0 and length 10485760 for ino 139492333664336
offset 0 and length 10485760 for ino 139492333664656
offset 0 and length 10485760 for ino 139492333664976
offset 0 and length 10485760 for ino 139491916438416
offset 0 and length 10485760 for ino 139491916438736
offset 0 and length 10485760 for ino 139491916439056
offset 0 and length 10485760 for ino 139491916439376
offset 0 and length 10485760 for ino 139491916439696
offset 0 and length 10485760 for ino 139491916440016
offset 0 and length 10485760 for ino 139491916440336
offset 0 and length 10485760 for ino 139491916440656
offset 0 and length 10485760 for ino 139491916440976
offset 0 and length 10485760 for ino 139491916441296
offset 0 and length 10485760 for ino 139491916441616
offset 0 and length 10485760 for ino 139491916441936
offset 0 and length 10485760 for ino 139491916442256
offset 0 and length 10485760 for ino 139491916442576
offset 0 and length 10485760 for ino 139491916442896
offset 0 and length 10485760 for ino 139491916443216
offset 0 and length 10485760 for ino 139491916443536
offset 0 and length 10485760 for ino 139491916443856
offset 0 and length 10485760 for ino 139491916444176
offset 0 and length 10485760 for ino 139492333665296
offset 0 and length 10485760 for ino 139492333665616
offset 0 and length 10485760 for ino 139492333665936
offset 0 and length 10485760 for ino 139491926573072
offset 0 and length 10485760 for ino 139491926573392
offset 0 and length 10485760 for ino 139491926573712
offset 0 and length 10485760 for ino 139491926574032
offset 0 and length 10485760 for ino 139491926574352
offset 0 and length 10485760 for ino 139491926574672
offset 0 and length 10485760 for ino 139491926574992
offset 0 and length 10485760 for ino 139491926575312
offset 0 and length 10485760 for ino 139491926575632
offset 0 and length 10485760 for ino 139491926575952
offset 0 and length 10485760 for ino 139491926576272
offset 0 and length 10485760 for ino 139491926576592
offset 0 and length 10485760 for ino 139491926576912
offset 0 and length 10485760 for ino 139491926577232
offset 0 and length 10485760 for ino 139491926577552
offset 0 and length 10485760 for ino 139491926577872
offset 0 and length 10485760 for ino 139491926578192
offset 0 and length 10485760 for ino 139491926578512
offset 0 and length 10485760 for ino 139491926578832
offset 0 and length 10485760 for ino 139491926579152
offset 0 and length 10485760 for ino 139491926579472
offset 0 and length 10485760 for ino 139491926579792
offset 0 and length 10485760 for ino 139491926580112
offset 0 and length 10485760 for ino 139491926580432
offset 0 and length 10485760 for ino 139491926580752
offset 0 and length 10485760 for ino 139491926581072
offset 0 and length 10485760 for ino 139492493567376
offset 0 and length 10485760 for ino 139492329417360
offset 0 and length 10485760 for ino 139492480698256
offset 0 and length 10485760 for ino 139492480698576
offset 0 and length 10485760 for ino 139492480698896
offset 0 and length 10485760 for ino 139491926581392
offset 0 and length 10485760 for ino 139491926581712
offset 0 and length 10485760 for ino 139491926582032
offset 0 and length 10485760 for ino 139491926582352
offset 0 and length 10485760 for ino 139491926582672
offset 0 and length 10485760 for ino 139491926582992
offset 0 and length 10485760 for ino 139491926583312
offset 0 and length 10485760 for ino 139491926583632
offset 0 and length 10485760 for ino 139491926583952
offset 0 and length 10485760 for ino 139491926584272
offset 0 and length 10485760 for ino 139491926584592
offset 0 and length 10485760 for ino 139491926584912
offset 0 and length 10485760 for ino 139492329417680
offset 0 and length 10485760 for ino 139492329418000
offset 0 and length 10485760 for ino 139492329418320
offset 0 and length 10485760 for ino 139492329418640
offset 0 and length 10485760 for ino 139492329418960
offset 0 and length 10485760 for ino 139492329419280
offset 0 and length 10485760 for ino 139492329419600
offset 0 and length 10485760 for ino 139492329419920
offset 0 and length 10485760 for ino 139492329420240
offset 0 and length 10485760 for ino 139492329420560
offset 0 and length 10485760 for ino 139492329420880
offset 0 and length 10485760 for ino 139492329421200
offset 0 and length 10485760 for ino 139492480606672
offset 0 and length 10485760 for ino 139491926585232
offset 0 and length 10485760 for ino 139491926585552
offset 0 and length 10485760 for ino 139491926585872
offset 0 and length 10485760 for ino 139491926586192
offset 0 and length 10485760 for ino 139491926586512
offset 0 and length 10485760 for ino 139491916444496
offset 0 and length 10485760 for ino 139491916444816
offset 0 and length 10485760 for ino 139491916445136
offset 0 and length 10485760 for ino 139491916445456
offset 0 and length 10485760 for ino 139491916445776
offset 0 and length 10485760 for ino 139491916446096
offset 0 and length 10485760 for ino 139492493410640
offset 0 and length 10485760 for ino 139492493410960
offset 0 and length 10485760 for ino 139492493411280
offset 0 and length 10485760 for ino 139492493411600
offset 0 and length 10485760 for ino 139492493411920
offset 0 and length 10485760 for ino 139492493412240
offset 0 and length 10485760 for ino 139492493412560
offset 0 and length 10485760 for ino 139492493412880
offset 0 and length 10485760 for ino 139492493567696
offset 0 and length 10485760 for ino 139492482139408
offset 0 and length 10485760 for ino 139492482139728
offset 0 and length 10485760 for ino 139492482140048
offset 0 and length 10485760 for ino 139492482140368
offset 0 and length 10485760 for ino 139492482140688
offset 0 and length 10485760 for ino 139492482141008
offset 0 and length 10485760 for ino 139492482141328
offset 0 and length 10485760 for ino 139492482141648
offset 0 and length 10485760 for ino 139492482141968
offset 0 and length 10485760 for ino 139491916446416
offset 0 and length 10485760 for ino 139491916446736
offset 0 and length 10485760 for ino 139491916447056
offset 0 and length 10485760 for ino 139491916447376
offset 0 and length 10485760 for ino 139491912417296
offset 0 and length 10485760 for ino 139492480606992
offset 0 and length 10485760 for ino 139491926586832
offset 0 and length 10485760 for ino 139491926587152
offset 0 and length 10485760 for ino 139491926587472
offset 0 and length 10485760 for ino 139491926587792
offset 0 and length 10485760 for ino 139491926588112
offset 0 and length 10485760 for ino 139491926588432
offset 0 and length 10485760 for ino 139491926588752
offset 0 and length 10485760 for ino 139491926589072
offset 0 and length 10485760 for ino 139491907715088
offset 0 and length 10485760 for ino 139491907715408
offset 0 and length 10485760 for ino 139491907715728
offset 0 and length 10485760 for ino 139491907716048
offset 0 and length 10485760 for ino 139491907716368
offset 0 and length 10485760 for ino 139491907716688
offset 0 and length 10485760 for ino 139491907717008
offset 0 and length 10485760 for ino 139491907717328
offset 0 and length 10485760 for ino 139491907717648
offset 0 and length 10485760 for ino 139491907717968
offset 0 and length 10485760 for ino 139491907718288
offset 0 and length 10485760 for ino 139491907718608
offset 0 and length 10485760 for ino 139491907718928
offset 0 and length 10485760 for ino 139491907719248
offset 0 and length 10485760 for ino 139491907719568
offset 0 and length 10485760 for ino 139491907719888
offset 0 and length 10485760 for ino 139491907720208
offset 0 and length 10485760 for ino 139491907720528
offset 0 and length 10485760 for ino 139491907720848
offset 0 and length 10485760 for ino 139491907721168
offset 0 and length 10485760 for ino 139491907721488
offset 0 and length 10485760 for ino 139491907721808
offset 0 and length 10485760 for ino 139491907722128
offset 0 and length 10485760 for ino 139491907722448
offset 0 and length 10485760 for ino 139491907722768
offset 0 and length 10485760 for ino 139491907723088
offset 0 and length 10485760 for ino 139491907723408
offset 0 and length 10485760 for ino 139491907723728
offset 0 and length 10485760 for ino 139491907724048
offset 0 and length 10485760 for ino 139491907724368
offset 0 and length 10485760 for ino 139491907724688
offset 0 and length 10485760 for ino 139491907725008
offset 0 and length 10485760 for ino 139491907725328
offset 0 and length 10485760 for ino 139491907725648
offset 0 and length 10485760 for ino 139491907725968
offset 0 and length 10485760 for ino 139491907726288
offset 0 and length 10485760 for ino 139491907726608
offset 0 and length 10485760 for ino 139491907726928
offset 0 and length 10485760 for ino 139492329421520
offset 0 and length 10485760 for ino 139492329421840
offset 0 and length 10485760 for ino 139492329422160
offset 0 and length 10485760 for ino 139492329422480
offset 0 and length 10485760 for ino 139491905798160
offset 0 and length 10485760 for ino 139491905798480
offset 0 and length 10485760 for ino 139491905798800
offset 0 and length 10485760 for ino 139491905799120
offset 0 and length 10485760 for ino 139491905799440
offset 0 and length 10485760 for ino 139491905799760
offset 0 and length 10485760 for ino 139491905800080
offset 0 and length 10485760 for ino 139491905800400
offset 0 and length 10485760 for ino 139491905800720
offset 0 and length 10485760 for ino 139491905801040
offset 0 and length 10485760 for ino 139491905801360
offset 0 and length 10485760 for ino 139491912417616
offset 0 and length 10485760 for ino 139491912417936
offset 0 and length 10485760 for ino 139491912418256
offset 0 and length 10485760 for ino 139491912418576
offset 0 and length 10485760 for ino 139491912418896
offset 0 and length 10485760 for ino 139491912419216
offset 0 and length 10485760 for ino 139491912419536
offset 0 and length 10485760 for ino 139491912419856
offset 0 and length 10485760 for ino 139491912420176
offset 0 and length 10485760 for ino 139491912420496
offset 0 and length 10485760 for ino 139491912420816
offset 0 and length 10485760 for ino 139491912421136
offset 0 and length 10485760 for ino 139491905801680
offset 0 and length 10485760 for ino 139491907727248
offset 0 and length 10485760 for ino 139491907727568
offset 0 and length 10485760 for ino 139491907727888
offset 0 and length 10485760 for ino 139492495132560
offset 0 and length 10485760 for ino 139492495132880
offset 0 and length 10485760 for ino 139492495133200
offset 0 and length 10485760 for ino 139492495133520
offset 0 and length 10485760 for ino 139492493568016
offset 0 and length 10485760 for ino 139492493568336
offset 0 and length 10485760 for ino 139492493568656
offset 0 and length 10485760 for ino 139492493568976
offset 0 and length 10485760 for ino 139492493569296
offset 0 and length 10485760 for ino 139492493569616
offset 0 and length 10485760 for ino 139492493569936
offset 0 and length 10485760 for ino 139492493570256
offset 0 and length 10485760 for ino 139492493570576
offset 0 and length 10485760 for ino 139492493570896
offset 0 and length 10485760 for ino 139492493571216
offset 0 and length 10485760 for ino 139492493571536
offset 0 and length 10485760 for ino 139492493571856
offset 0 and length 10485760 for ino 139492493572176
offset 0 and length 10485760 for ino 139492493572496
offset 0 and length 10485760 for ino 139492493572816
offset 0 and length 10485760 for ino 139492493573136
offset 0 and length 10485760 for ino 139492493573456
offset 0 and length 10485760 for ino 139492493573776
offset 0 and length 10485760 for ino 139491897376784
offset 0 and length 10485760 for ino 139491897377104
offset 0 and length 10485760 for ino 139491897377424
offset 0 and length 10485760 for ino 139491897377744
offset 0 and length 10485760 for ino 139491897378064
offset 0 and length 10485760 for ino 139491897378384
offset 0 and length 10485760 for ino 139491897378704
offset 0 and length 10485760 for ino 139491897379024
offset 0 and length 10485760 for ino 139492493413200
offset 0 and length 10485760 for ino 139492493413520
offset 0 and length 10485760 for ino 139492493413840
offset 0 and length 10485760 for ino 139492493414160
offset 0 and length 10485760 for ino 139492493414480
offset 0 and length 10485760 for ino 139492493414800
offset 0 and length 10485760 for ino 139492493415120
offset 0 and length 10485760 for ino 139491907728208
offset 0 and length 10485760 for ino 139491907728528
offset 0 and length 10485760 for ino 139491907728848
offset 0 and length 10485760 for ino 139491907729168
offset 0 and length 10485760 for ino 139491907729488
offset 0 and length 10485760 for ino 139491907729808
offset 0 and length 10485760 for ino 139491907730128
offset 0 and length 10485760 for ino 139491907730448
offset 0 and length 10485760 for ino 139491907730768
offset 0 and length 10485760 for ino 139491907731088
offset 0 and length 10485760 for ino 139491893051408
offset 0 and length 10485760 for ino 139491893051728
offset 0 and length 10485760 for ino 139491893052048
offset 0 and length 10485760 for ino 139491893052368
offset 0 and length 10485760 for ino 139491893052688
offset 0 and length 10485760 for ino 139491893053008
offset 0 and length 10485760 for ino 139491893053328
offset 0 and length 10485760 for ino 139491893053648
offset 0 and length 10485760 for ino 139491893053968
offset 0 and length 10485760 for ino 139491893054288
offset 0 and length 10485760 for ino 139491893054608
offset 0 and length 10485760 for ino 139491893054928
offset 0 and length 10485760 for ino 139491893055248
offset 0 and length 10485760 for ino 139491893055568
offset 0 and length 10485760 for ino 139491893055888
offset 0 and length 10485760 for ino 139491893056208
offset 0 and length 10485760 for ino 139491893056528
offset 0 and length 10485760 for ino 139491893056848
offset 0 and length 10485760 for ino 139491893057168
offset 0 and length 10485760 for ino 139491893057488
offset 0 and length 10485760 for ino 139491893057808
offset 0 and length 10485760 for ino 139491893058128
offset 0 and length 10485760 for ino 139491893058448
offset 0 and length 10485760 for ino 139491893058768
offset 0 and length 10485760 for ino 139491893059088
offset 0 and length 10485760 for ino 139491893059408
offset 0 and length 10485760 for ino 139492495133840
offset 0 and length 10485760 for ino 139492495134160
offset 0 and length 10485760 for ino 139492495134480
offset 0 and length 10485760 for ino 139492495134800
offset 0 and length 10485760 for ino 139492495135120
offset 0 and length 10485760 for ino 139492495135440
offset 0 and length 10485760 for ino 139492495135760
offset 0 and length 10485760 for ino 139492495136080
offset 0 and length 10485760 for ino 139492495136400
offset 0 and length 10485760 for ino 139492495136720
offset 0 and length 10485760 for ino 139492495137040
offset 0 and length 10485760 for ino 139492495137360
offset 0 and length 10485760 for ino 139492495137680
offset 0 and length 10485760 for ino 139492495138000
offset 0 and length 10485760 for ino 139492495138320
offset 0 and length 10485760 for ino 139492495138640
offset 0 and length 10485760 for ino 139492495138960
offset 0 and length 10485760 for ino 139492495139280
offset 0 and length 10485760 for ino 139492495139600
offset 0 and length 10485760 for ino 139492495139920
offset 0 and length 10485760 for ino 139492495140240
offset 0 and length 10485760 for ino 139492495140560
offset 0 and length 10485760 for ino 139492495140880
offset 0 and length 10485760 for ino 139492495141200
offset 0 and length 10485760 for ino 139492495141520
offset 0 and length 10485760 for ino 139492495141840
offset 0 and length 10485760 for ino 139492495142160
offset 0 and length 10485760 for ino 139492482142288
offset 0 and length 10485760 for ino 139492482142608
offset 0 and length 10485760 for ino 139492482142928
offset 0 and length 10485760 for ino 139492482143248
offset 0 and length 10485760 for ino 139492482143568
offset 0 and length 10485760 for ino 139492482143888
offset 0 and length 10485760 for ino 139492493415440
offset 0 and length 10485760 for ino 139492493415760
offset 0 and length 10485760 for ino 139492493416080
offset 0 and length 10485760 for ino 139492493416400
offset 0 and length 10485760 for ino 139492493416720
offset 0 and length 10485760 for ino 139492493417040
offset 0 and length 10485760 for ino 139492493417360
offset 0 and length 10485760 for ino 139492480699216
offset 0 and length 10485760 for ino 139491897379344
offset 0 and length 10485760 for ino 139491897379664
offset 0 and length 10485760 for ino 139491897379984
offset 0 and length 10485760 for ino 139491905802000
offset 0 and length 10485760 for ino 139491905802320
offset 0 and length 10485760 for ino 139491905802640
offset 0 and length 10485760 for ino 139491905802960
offset 0 and length 10485760 for ino 139491905803280
offset 0 and length 10485760 for ino 139492482144208
offset 0 and length 10485760 for ino 139492480607312
offset 0 and length 10485760 for ino 139492480607632
offset 0 and length 10485760 for ino 139492480607952
offset 0 and length 10485760 for ino 139492480608272
offset 0 and length 10485760 for ino 139492480608592
offset 0 and length 10485760 for ino 139492480608912
offset 0 and length 10485760 for ino 139492480609232
offset 0 and length 10485760 for ino 139491893059728
offset 0 and length 10485760 for ino 139491893060048
offset 0 and length 10485760 for ino 139492480609552
offset 0 and length 10485760 for ino 139492482144528
offset 0 and length 10485760 for ino 139492482144848
offset 0 and length 10485760 for ino 139492482145168
offset 0 and length 10485760 for ino 139492482145488
offset 0 and length 10485760 for ino 139492482145808
offset 0 and length 10485760 for ino 139492482146128
offset 0 and length 10485760 for ino 139492482146448
offset 0 and length 10485760 for ino 139492482146768
offset 0 and length 10485760 for ino 139492482147088
offset 0 and length 10485760 for ino 139492482147408
offset 0 and length 10485760 for ino 139492482147728
offset 0 and length 10485760 for ino 139491897380304
offset 0 and length 10485760 for ino 139491912421456
offset 0 and length 10485760 for ino 139491912421776
offset 0 and length 10485760 for ino 139491912422096
offset 0 and length 10485760 for ino 139491912422416
offset 0 and length 10485760 for ino 139491912422736
offset 0 and length 10485760 for ino 139491912423056
offset 0 and length 10485760 for ino 139491912423376
offset 0 and length 10485760 for ino 139491912423696
offset 0 and length 10485760 for ino 139491912424016
offset 0 and length 10485760 for ino 139491912424336
offset 0 and length 10485760 for ino 139491912424656
offset 0 and length 10485760 for ino 139491912424976
offset 0 and length 10485760 for ino 139491912425296
offset 0 and length 10485760 for ino 139492480609872
offset 0 and length 10485760 for ino 139492480610192
offset 0 and length 10485760 for ino 139491905803600
offset 0 and length 10485760 for ino 139491912425616
offset 0 and length 10485760 for ino 139491912425936
offset 0 and length 10485760 for ino 139491912426256
offset 0 and length 10485760 for ino 139491905803920
offset 0 and length 10485760 for ino 139491912426576
offset 0 and length 10485760 for ino 139491905804240
offset 0 and length 10485760 for ino 139491905804560
offset 0 and length 10485760 for ino 139491905804880
offset 0 and length 10485760 for ino 139491905805200
offset 0 and length 10485760 for ino 139491905805520
offset 0 and length 10485760 for ino 139491905805840
offset 0 and length 10485760 for ino 139491905806160
offset 0 and length 10485760 for ino 139492480610512
offset 0 and length 10485760 for ino 139492480610832
offset 0 and length 10485760 for ino 139492480611152
offset 0 and length 10485760 for ino 139492480611472
offset 0 and length 10485760 for ino 139492480611792
offset 0 and length 10485760 for ino 139492480612112
offset 0 and length 10485760 for ino 139492480612432
offset 0 and length 10485760 for ino 139491897380624
offset 0 and length 10485760 for ino 139491912426896
offset 0 and length 10485760 for ino 139491905806480
offset 0 and length 10485760 for ino 139491905806800
offset 0 and length 10485760 for ino 139491905807120
offset 0 and length 10485760 for ino 139492480612752
offset 0 and length 10485760 for ino 139492480613072
offset 0 and length 10485760 for ino 139492480613392
offset 0 and length 10485760 for ino 139492480613712
offset 0 and length 10485760 for ino 139492480614032
offset 0 and length 10485760 for ino 139491117449232
offset 0 and length 10485760 for ino 139491117449552
offset 0 and length 10485760 for ino 139491117449872
offset 0 and length 10485760 for ino 139491117450192
offset 0 and length 10485760 for ino 139491117450512
offset 0 and length 10485760 for ino 139491117450832
offset 0 and length 10485760 for ino 139491117451152
offset 0 and length 10485760 for ino 139491117451472
offset 0 and length 10485760 for ino 139491117451792
offset 0 and length 10485760 for ino 139491117452112
offset 0 and length 10485760 for ino 139491117452432
offset 0 and length 10485760 for ino 139491117452752
offset 0 and length 10485760 for ino 139491117453072
offset 0 and length 10485760 for ino 139491117453392
offset 0 and length 10485760 for ino 139491117453712
offset 0 and length 10485760 for ino 139491117454032
offset 0 and length 10485760 for ino 139491117454352
offset 0 and length 10485760 for ino 139492495142480
offset 0 and length 10485760 for ino 139492495142800
offset 0 and length 10485760 for ino 139492495143120
offset 0 and length 10485760 for ino 139492495143440
offset 0 and length 10485760 for ino 139492495143760
offset 0 and length 10485760 for ino 139492495144080
offset 0 and length 10485760 for ino 139492495144400
offset 0 and length 10485760 for ino 139492495144720
offset 0 and length 10485760 for ino 139492495145040
offset 0 and length 10485760 for ino 139492495145360
offset 0 and length 10485760 for ino 139491912427216
offset 0 and length 10485760 for ino 139491912427536
offset 0 and length 10485760 for ino 139491912427856
offset 0 and length 10485760 for ino 139491912428176
offset 0 and length 10485760 for ino 139491912428496
offset 0 and length 10485760 for ino 139491912428816
offset 0 and length 10485760 for ino 139491117454672
offset 0 and length 10485760 for ino 139491117454992
offset 0 and length 10485760 for ino 139492482148048
offset 0 and length 10485760 for ino 139492482148368
offset 0 and length 10485760 for ino 139492482148688
offset 0 and length 10485760 for ino 139492482149008
offset 0 and length 10485760 for ino 139491117455312
offset 0 and length 10485760 for ino 139491117455632
offset 0 and length 10485760 for ino 139491905807440
offset 0 and length 10485760 for ino 139491905807760
offset 0 and length 10485760 for ino 139491905808080
offset 0 and length 10485760 for ino 139491905808400
offset 0 and length 10485760 for ino 139491905808720
offset 0 and length 10485760 for ino 139491905809040
offset 0 and length 10485760 for ino 139491905809360
offset 0 and length 10485760 for ino 139491905809680
offset 0 and length 10485760 for ino 139491905810000
offset 0 and length 10485760 for ino 139491912429136
offset 0 and length 10485760 for ino 139491912429456
offset 0 and length 10485760 for ino 139491912429776
offset 0 and length 10485760 for ino 139491912430096
offset 0 and length 10485760 for ino 139491912430416
offset 0 and length 10485760 for ino 139491912430736
offset 0 and length 10485760 for ino 139491912431056
offset 0 and length 10485760 for ino 139491905810320
offset 0 and length 10485760 for ino 139491905810640
offset 0 and length 10485760 for ino 139491117455952
offset 0 and length 10485760 for ino 139492482149328
offset 0 and length 10485760 for ino 139491117456272
offset 0 and length 10485760 for ino 139491117456592
offset 0 and length 10485760 for ino 139491117456912
offset 0 and length 10485760 for ino 139491117457232
offset 0 and length 10485760 for ino 139492480699536
offset 0 and length 10485760 for ino 139492480699856
offset 0 and length 10485760 for ino 139492480700176
offset 0 and length 10485760 for ino 139492480700496
offset 0 and length 10485760 for ino 139492480700816
offset 0 and length 10485760 for ino 139492480701136
offset 0 and length 10485760 for ino 139492480701456
offset 0 and length 10485760 for ino 139492480701776
offset 0 and length 10485760 for ino 139492480702096
offset 0 and length 10485760 for ino 139492480702416
offset 0 and length 10485760 for ino 139491905810960
offset 0 and length 10485760 for ino 139492493148176
offset 0 and length 10485760 for ino 139492493148496
offset 0 and length 10485760 for ino 139491912431376
offset 0 and length 10485760 for ino 139491912431696
offset 0 and length 10485760 for ino 139491912432016
offset 0 and length 10485760 for ino 139491912432336
offset 0 and length 10485760 for ino 139491912432656
offset 0 and length 10485760 for ino 139491912432976
offset 0 and length 10485760 for ino 139491912433296
offset 0 and length 10485760 for ino 139491905811280
offset 0 and length 10485760 for ino 139491905811600
offset 0 and length 10485760 for ino 139491905811920
offset 0 and length 10485760 for ino 139491905812240
offset 0 and length 10485760 for ino 139491905812560
offset 0 and length 10485760 for ino 139491905812880
offset 0 and length 10485760 for ino 139491905813200
offset 0 and length 10485760 for ino 139491905813520
offset 0 and length 10485760 for ino 139491905813840
offset 0 and length 10485760 for ino 139491905814160
offset 0 and length 10485760 for ino 139491094216720
offset 0 and length 10485760 for ino 139491897380944
offset 0 and length 10485760 for ino 139492480702736
offset 0 and length 10485760 for ino 139492480703056
offset 0 and length 10485760 for ino 139492480703376
offset 0 and length 10485760 for ino 139491893060368
offset 0 and length 10485760 for ino 139492493148816
offset 0 and length 10485760 for ino 139492493149136
offset 0 and length 10485760 for ino 139492493149456
offset 0 and length 10485760 for ino 139492493149776
offset 0 and length 10485760 for ino 139492493150096
offset 0 and length 10485760 for ino 139492493150416
offset 0 and length 10485760 for ino 139491893060688
offset 0 and length 10485760 for ino 139491893061008
offset 0 and length 10485760 for ino 139491893061328
offset 0 and length 10485760 for ino 139491893061648
offset 0 and length 10485760 for ino 139491893061968
offset 0 and length 10485760 for ino 139491893062288
offset 0 and length 10485760 for ino 139491893062608
offset 0 and length 10485760 for ino 139491893062928
offset 0 and length 10485760 for ino 139491893063248
offset 0 and length 10485760 for ino 139491893063568
offset 0 and length 10485760 for ino 139491893063888
offset 0 and length 10485760 for ino 139491893064208
offset 0 and length 10485760 for ino 139491893064528
offset 0 and length 10485760 for ino 139491893064848
offset 0 and length 10485760 for ino 139491893065168
offset 0 and length 10485760 for ino 139491893065488
offset 0 and length 10485760 for ino 139491893065808
offset 0 and length 10485760 for ino 139491893066128
offset 0 and length 10485760 for ino 139491893066448
offset 0 and length 10485760 for ino 139491893066768
offset 0 and length 10485760 for ino 139491893067088
offset 0 and length 10485760 for ino 139491893067408
offset 0 and length 10485760 for ino 139491108732944
offset 0 and length 10485760 for ino 139491108733264
offset 0 and length 10485760 for ino 139491108733584
offset 0 and length 10485760 for ino 139491108733904
offset 0 and length 10485760 for ino 139491108734224
offset 0 and length 10485760 for ino 139491108734544
offset 0 and length 10485760 for ino 139491108734864
offset 0 and length 10485760 for ino 139491108735184
offset 0 and length 10485760 for ino 139491108735504
offset 0 and length 10485760 for ino 139491108735824
offset 0 and length 10485760 for ino 139491108736144
offset 0 and length 10485760 for ino 139491108736464
offset 0 and length 10485760 for ino 139491108736784
offset 0 and length 10485760 for ino 139491108737104
offset 0 and length 10485760 for ino 139491108737424
offset 0 and length 10485760 for ino 139491108737744
offset 0 and length 10485760 for ino 139491108738064
offset 0 and length 10485760 for ino 139491108738384
offset 0 and length 10485760 for ino 139491108738704
offset 0 and length 10485760 for ino 139491108739024
offset 0 and length 10485760 for ino 139491108739344
offset 0 and length 10485760 for ino 139491108739664
offset 0 and length 10485760 for ino 139491108739984
offset 0 and length 10485760 for ino 139491108740304
offset 0 and length 10485760 for ino 139491108740624
offset 0 and length 10485760 for ino 139491108740944
offset 0 and length 10485760 for ino 139491108741264
offset 0 and length 10485760 for ino 139491108741584
offset 0 and length 10485760 for ino 139491108741904
offset 0 and length 10485760 for ino 139491108742224
offset 0 and length 10485760 for ino 139491108742544
offset 0 and length 10485760 for ino 139491108742864
offset 0 and length 10485760 for ino 139491108743184
offset 0 and length 10485760 for ino 139491108743504
offset 0 and length 10485760 for ino 139491108743824
offset 0 and length 10485760 for ino 139491108744144
offset 0 and length 10485760 for ino 139491108744464
offset 0 and length 10485760 for ino 139491108744784
offset 0 and length 10485760 for ino 139491108745104
offset 0 and length 10485760 for ino 139491108745424
offset 0 and length 10485760 for ino 139491108745744
offset 0 and length 10485760 for ino 139491108746064
offset 0 and length 10485760 for ino 139491108746384
offset 0 and length 10485760 for ino 139491108746704
offset 0 and length 10485760 for ino 139491108747024
offset 0 and length 10485760 for ino 139491108747344
offset 0 and length 10485760 for ino 139491108747664
offset 0 and length 10485760 for ino 139491108747984
offset 0 and length 10485760 for ino 139491108748304
offset 0 and length 10485760 for ino 139491100835856
offset 0 and length 10485760 for ino 139492482149648
offset 0 and length 10485760 for ino 139492482149968
offset 0 and length 10485760 for ino 139492482150288
offset 0 and length 10485760 for ino 139492493417680
offset 0 and length 10485760 for ino 139492493418000
offset 0 and length 10485760 for ino 139492493418320
offset 0 and length 10485760 for ino 139492493418640
offset 0 and length 10485760 for ino 139492493418960
offset 0 and length 10485760 for ino 139492493419280
offset 0 and length 10485760 for ino 139491108748624
offset 0 and length 10485760 for ino 139491108748944
offset 0 and length 10485760 for ino 139491083583504
offset 0 and length 10485760 for ino 139491083583824
offset 0 and length 10485760 for ino 139491083584144
offset 0 and length 10485760 for ino 139491897381264
offset 0 and length 10485760 for ino 139491897381584
offset 0 and length 10485760 for ino 139491897381904
offset 0 and length 10485760 for ino 139491897382224
offset 0 and length 10485760 for ino 139491897382544
offset 0 and length 10485760 for ino 139491897382864
offset 0 and length 10485760 for ino 139491897383184
offset 0 and length 10485760 for ino 139491897383504
offset 0 and length 10485760 for ino 139491897383824
offset 0 and length 10485760 for ino 139491897384144
offset 0 and length 10485760 for ino 139491897384464
offset 0 and length 10485760 for ino 139491897384784
offset 0 and length 10485760 for ino 139491897385104
offset 0 and length 10485760 for ino 139491897385424
offset 0 and length 10485760 for ino 139491897385744
offset 0 and length 10485760 for ino 139491897386064
offset 0 and length 10485760 for ino 139491897386384
offset 0 and length 10485760 for ino 139491897386704
offset 0 and length 10485760 for ino 139491897387024
offset 0 and length 10485760 for ino 139491897387344
offset 0 and length 10485760 for ino 139491897387664
offset 0 and length 10485760 for ino 139491897387984
offset 0 and length 10485760 for ino 139491897388304
offset 0 and length 10485760 for ino 139491897388624
offset 0 and length 10485760 for ino 139491897388944
offset 0 and length 10485760 for ino 139491897389264
offset 0 and length 10485760 for ino 139491897389584
offset 0 and length 10485760 for ino 139491897389904
offset 0 and length 10485760 for ino 139491897390224
offset 0 and length 10485760 for ino 139491897390544
offset 0 and length 10485760 for ino 139491897390864
offset 0 and length 10485760 for ino 139491897391184
offset 0 and length 10485760 for ino 139491897391504
offset 0 and length 10485760 for ino 139491897391824
offset 0 and length 10485760 for ino 139491897392144
offset 0 and length 10485760 for ino 139491897392464
offset 0 and length 10485760 for ino 139491897392784
offset 0 and length 10485760 for ino 139485356048400
offset 0 and length 10485760 for ino 139491083584464
offset 0 and length 10485760 for ino 139491083584784
offset 0 and length 10485760 for ino 139491083585104
offset 0 and length 10485760 for ino 139491083585424
offset 0 and length 10485760 for ino 139491083585744
offset 0 and length 10485760 for ino 139491083586064
offset 0 and length 10485760 for ino 139491083586384
offset 0 and length 10485760 for ino 139491083586704
offset 0 and length 10485760 for ino 139491083587024
offset 0 and length 10485760 for ino 139491083587344
offset 0 and length 10485760 for ino 139491083587664
offset 0 and length 10485760 for ino 139491083587984
offset 0 and length 10485760 for ino 139491083588304
offset 0 and length 10485760 for ino 139491083588624
offset 0 and length 10485760 for ino 139491083588944
offset 0 and length 10485760 for ino 139491083589264
offset 0 and length 10485760 for ino 139491083589584
offset 0 and length 10485760 for ino 139491083589904
offset 0 and length 10485760 for ino 139491083590224
offset 0 and length 10485760 for ino 139491083590544
offset 0 and length 10485760 for ino 139491083590864
offset 0 and length 10485760 for ino 139491083591184
offset 0 and length 10485760 for ino 139491083591504
offset 0 and length 10485760 for ino 139491083591824
offset 0 and length 10485760 for ino 139491083592144
offset 0 and length 10485760 for ino 139491083592464
offset 0 and length 10485760 for ino 139491083592784
offset 0 and length 10485760 for ino 139491083593104
offset 0 and length 10485760 for ino 139491083593424
offset 0 and length 10485760 for ino 139491083593744
offset 0 and length 10485760 for ino 139491094217040
offset 0 and length 10485760 for ino 139492482150608
offset 0 and length 10485760 for ino 139492482150928
offset 0 and length 10485760 for ino 139492482151248
offset 0 and length 10485760 for ino 139492482151568
offset 0 and length 10485760 for ino 139492482151888
offset 0 and length 10485760 for ino 139492482152208
offset 0 and length 10485760 for ino 139491083594064
offset 0 and length 10485760 for ino 139491083594384
offset 0 and length 10485760 for ino 139491100836176
offset 0 and length 10485760 for ino 139491100836496
offset 0 and length 10485760 for ino 139491100836816
offset 0 and length 10485760 for ino 139491100837136
offset 0 and length 10485760 for ino 139491117457552
offset 0 and length 10485760 for ino 139491094217360
offset 0 and length 10485760 for ino 139491094217680
offset 0 and length 10485760 for ino 139491094218000
offset 0 and length 10485760 for ino 139491094218320
offset 0 and length 10485760 for ino 139491094218640
offset 0 and length 10485760 for ino 139491094218960
offset 0 and length 10485760 for ino 139491094219280
offset 0 and length 10485760 for ino 139491094219600
offset 0 and length 10485760 for ino 139491094219920
offset 0 and length 10485760 for ino 139491094220240
offset 0 and length 10485760 for ino 139491094220560
offset 0 and length 10485760 for ino 139491094220880
offset 0 and length 10485760 for ino 139491094221200
offset 0 and length 10485760 for ino 139491094221520
offset 0 and length 10485760 for ino 139491094221840
offset 0 and length 10485760 for ino 139491100837456
offset 0 and length 10485760 for ino 139491100837776
offset 0 and length 10485760 for ino 139491100838096
offset 0 and length 10485760 for ino 139491100838416
offset 0 and length 10485760 for ino 139491100838736
offset 0 and length 10485760 for ino 139492495145680
offset 0 and length 10485760 for ino 139492495146000
offset 0 and length 10485760 for ino 139492495146320
offset 0 and length 10485760 for ino 139492495146640
offset 0 and length 10485760 for ino 139485362831376
offset 0 and length 10485760 for ino 139485362831696
offset 0 and length 10485760 for ino 139485362832016
offset 0 and length 10485760 for ino 139485362832336
offset 0 and length 10485760 for ino 139485362832656
offset 0 and length 10485760 for ino 139485362832976
offset 0 and length 10485760 for ino 139485356048720
offset 0 and length 10485760 for ino 139491100839056
offset 0 and length 10485760 for ino 139491100839376
offset 0 and length 10485760 for ino 139491100839696
offset 0 and length 10485760 for ino 139485362833296
offset 0 and length 10485760 for ino 139491117457872
offset 0 and length 10485760 for ino 139491117458192
