Harness starting.
 /home/sevag/CLionProjects/FuseFileSystemBoC/cmake-build-release/FuseFileSystemBoC --seed 2975858095

Pinning to Core:40
creating 512 mb file systemoffset 0 and length 1048576 for ino 139502370865168
offset 0 and length 1048576 for ino 139502370766864
offset 0 and length 1048576 for ino 139502370767184
offset 0 and length 1048576 for ino 139502370767504
offset 0 and length 1048576 for ino 139502370767824
offset 0 and length 1048576 for ino 139502370768144
offset 0 and length 1048576 for ino 139502370768464
offset 0 and length 1048576 for ino 139502370768784
offset 0 and length 1048576 for ino 139502370769104
offset 0 and length 1048576 for ino 139502370769424
offset 0 and length 1048576 for ino 139502371127312
offset 0 and length 1048576 for ino 139502371127632
offset 0 and length 1048576 for ino 139502371127952
offset 0 and length 1048576 for ino 139502371128272
offset 0 and length 1048576 for ino 139502371128592
offset 0 and length 1048576 for ino 139502370769744
offset 0 and length 1048576 for ino 139502370770064
offset 0 and length 1048576 for ino 139502370770384
offset 0 and length 1048576 for ino 139502370770704
offset 0 and length 1048576 for ino 139502370771024
offset 0 and length 1048576 for ino 139502370771344
offset 0 and length 1048576 for ino 139502370771664
offset 0 and length 1048576 for ino 139502370771984
offset 0 and length 1048576 for ino 139502370772304
offset 0 and length 1048576 for ino 139502370772624
offset 0 and length 1048576 for ino 139502370772944
offset 0 and length 1048576 for ino 139502370773264
offset 0 and length 1048576 for ino 139502370773584
offset 0 and length 1048576 for ino 139502370773904
offset 0 and length 1048576 for ino 139502370774224
offset 0 and length 1048576 for ino 139502370774544
offset 0 and length 1048576 for ino 139502370774864
offset 0 and length 1048576 for ino 139502370775184
offset 0 and length 1048576 for ino 139502370775504
offset 0 and length 1048576 for ino 139502370775824
offset 0 and length 1048576 for ino 139502370776144
offset 0 and length 1048576 for ino 139502370776464
offset 0 and length 1048576 for ino 139502370776784
offset 0 and length 1048576 for ino 139502370777104
offset 0 and length 1048576 for ino 139502370777424
offset 0 and length 1048576 for ino 139502370777744
offset 0 and length 1048576 for ino 139502370778064
offset 0 and length 1048576 for ino 139502370778384
offset 0 and length 1048576 for ino 139502370778704
offset 0 and length 1048576 for ino 139502370779024
offset 0 and length 1048576 for ino 139502370779344
offset 0 and length 1048576 for ino 139502370779664
offset 0 and length 1048576 for ino 139502370779984
offset 0 and length 1048576 for ino 139502370780304
offset 0 and length 1048576 for ino 139502370780624
offset 0 and length 1048576 for ino 139502370780944
offset 0 and length 1048576 for ino 139502370781264
offset 0 and length 1048576 for ino 139502370781584
offset 0 and length 1048576 for ino 139502370781904
offset 0 and length 1048576 for ino 139502370782224
offset 0 and length 1048576 for ino 139502370782544
offset 0 and length 1048576 for ino 139502370782864
offset 0 and length 1048576 for ino 139502372126736
offset 0 and length 1048576 for ino 139502372127056
offset 0 and length 1048576 for ino 139502372127376
offset 0 and length 1048576 for ino 139502372127696
offset 0 and length 1048576 for ino 139502372128016
offset 0 and length 1048576 for ino 139502372128336
offset 0 and length 1048576 for ino 139502372128656
offset 0 and length 1048576 for ino 139502372128976
offset 0 and length 1048576 for ino 139502372129296
offset 0 and length 1048576 for ino 139502372129616
offset 0 and length 1048576 for ino 139502372129936
offset 0 and length 1048576 for ino 139502372130256
offset 0 and length 1048576 for ino 139502372130576
offset 0 and length 1048576 for ino 139502372130896
offset 0 and length 1048576 for ino 139502372131216
offset 0 and length 1048576 for ino 139502372131536
offset 0 and length 1048576 for ino 139502372131856
offset 0 and length 1048576 for ino 139502372132176
offset 0 and length 1048576 for ino 139502372132496
offset 0 and length 1048576 for ino 139502372132816
offset 0 and length 1048576 for ino 139502372133136
offset 0 and length 1048576 for ino 139502372133456
offset 0 and length 1048576 for ino 139502372133776
offset 0 and length 1048576 for ino 139502372134096
offset 0 and length 1048576 for ino 139502372134416
offset 0 and length 1048576 for ino 139502372134736
offset 0 and length 1048576 for ino 139502372135056
offset 0 and length 1048576 for ino 139502372135376
offset 0 and length 1048576 for ino 139502372135696
offset 0 and length 1048576 for ino 139502372136016
offset 0 and length 1048576 for ino 139502372136336
offset 0 and length 1048576 for ino 139502372136656
offset 0 and length 1048576 for ino 139502372136976
offset 0 and length 1048576 for ino 139502372137296
offset 0 and length 1048576 for ino 139502372137616
offset 0 and length 1048576 for ino 139502372137936
offset 0 and length 1048576 for ino 139502372138256
offset 0 and length 1048576 for ino 139502372138576
offset 0 and length 1048576 for ino 139502372138896
offset 0 and length 1048576 for ino 139502372139216
offset 0 and length 1048576 for ino 139502372139536
offset 0 and length 1048576 for ino 139502372139856
offset 0 and length 1048576 for ino 139502372140176
offset 0 and length 1048576 for ino 139502372140496
offset 0 and length 1048576 for ino 139502372140816
offset 0 and length 1048576 for ino 139502372141136
offset 0 and length 1048576 for ino 139502372141456
offset 0 and length 1048576 for ino 139502372141776
offset 0 and length 1048576 for ino 139502372142096
offset 0 and length 1048576 for ino 139502372142416
offset 0 and length 1048576 for ino 139502372142736
offset 0 and length 1048576 for ino 139502373502992
offset 0 and length 1048576 for ino 139502373503312
offset 0 and length 1048576 for ino 139502373503632
offset 0 and length 1048576 for ino 139502373503952
offset 0 and length 1048576 for ino 139502373504272
offset 0 and length 1048576 for ino 139502373504592
offset 0 and length 1048576 for ino 139502373504912
offset 0 and length 1048576 for ino 139502373505232
offset 0 and length 1048576 for ino 139502373505552
offset 0 and length 1048576 for ino 139502373505872
offset 0 and length 1048576 for ino 139502373506192
offset 0 and length 1048576 for ino 139502373506512
offset 0 and length 1048576 for ino 139502373506832
offset 0 and length 1048576 for ino 139502373507152
offset 0 and length 1048576 for ino 139502373507472
offset 0 and length 1048576 for ino 139502373507792
offset 0 and length 1048576 for ino 139502373508112
offset 0 and length 1048576 for ino 139502373508432
offset 0 and length 1048576 for ino 139502373508752
offset 0 and length 1048576 for ino 139502373509072
offset 0 and length 1048576 for ino 139502373509392
offset 0 and length 1048576 for ino 139502373509712
offset 0 and length 1048576 for ino 139502373510032
offset 0 and length 1048576 for ino 139502373510352
offset 0 and length 1048576 for ino 139502373510672
offset 0 and length 1048576 for ino 139502373510992
offset 0 and length 1048576 for ino 139502373511312
offset 0 and length 1048576 for ino 139502373511632
offset 0 and length 1048576 for ino 139502373511952
offset 0 and length 1048576 for ino 139502373512272
offset 0 and length 1048576 for ino 139502373512592
offset 0 and length 1048576 for ino 139502373512912
offset 0 and length 1048576 for ino 139502373513232
offset 0 and length 1048576 for ino 139502373513552
offset 0 and length 1048576 for ino 139502373513872
offset 0 and length 1048576 for ino 139502373514192
offset 0 and length 1048576 for ino 139502371389456
offset 0 and length 1048576 for ino 139502373514512
offset 0 and length 1048576 for ino 139502373514832
offset 0 and length 1048576 for ino 139502373515152
offset 0 and length 1048576 for ino 139502373515472
offset 0 and length 1048576 for ino 139502373515792
offset 0 and length 1048576 for ino 139502373516112
offset 0 and length 1048576 for ino 139502373516432
offset 0 and length 1048576 for ino 139502373516752
offset 0 and length 1048576 for ino 139502373517072
offset 0 and length 1048576 for ino 139502373517392
offset 0 and length 1048576 for ino 139502373517712
offset 0 and length 1048576 for ino 139502373518032
offset 0 and length 1048576 for ino 139502373518352
offset 0 and length 1048576 for ino 139502373518672
offset 0 and length 1048576 for ino 139502373518992
offset 0 and length 1048576 for ino 139502383792144
offset 0 and length 1048576 for ino 139502383792464
offset 0 and length 1048576 for ino 139502383792784
offset 0 and length 1048576 for ino 139502383793104
offset 0 and length 1048576 for ino 139502383793424
offset 0 and length 1048576 for ino 139502383793744
offset 0 and length 1048576 for ino 139502383794064
offset 0 and length 1048576 for ino 139502383794384
offset 0 and length 1048576 for ino 139502383794704
offset 0 and length 1048576 for ino 139502383795024
offset 0 and length 1048576 for ino 139502383795344
offset 0 and length 1048576 for ino 139502383795664
offset 0 and length 1048576 for ino 139502383795984
offset 0 and length 1048576 for ino 139502383796304
offset 0 and length 1048576 for ino 139502383796624
offset 0 and length 1048576 for ino 139502383796944
offset 0 and length 1048576 for ino 139502383797264
offset 0 and length 1048576 for ino 139502383797584
offset 0 and length 1048576 for ino 139502383797904
offset 0 and length 1048576 for ino 139502383798224
offset 0 and length 1048576 for ino 139502383798544
offset 0 and length 1048576 for ino 139502383798864
offset 0 and length 1048576 for ino 139502383799184
offset 0 and length 1048576 for ino 139502372306960
offset 0 and length 1048576 for ino 139502370865488
offset 0 and length 1048576 for ino 139502383799504
offset 0 and length 1048576 for ino 139502383799824
offset 0 and length 1048576 for ino 139502383800144
offset 0 and length 1048576 for ino 139502383800464
offset 0 and length 1048576 for ino 139502383800784
offset 0 and length 1048576 for ino 139502383801104
offset 0 and length 1048576 for ino 139502383801424
offset 0 and length 1048576 for ino 139502383801744
offset 0 and length 1048576 for ino 139502383802064
offset 0 and length 1048576 for ino 139502383802384
offset 0 and length 1048576 for ino 139502383802704
offset 0 and length 1048576 for ino 139502383803024
offset 0 and length 1048576 for ino 139502383803344
offset 0 and length 1048576 for ino 139502383803664
offset 0 and length 1048576 for ino 139502383803984
offset 0 and length 1048576 for ino 139502383804304
offset 0 and length 1048576 for ino 139502383804624
offset 0 and length 1048576 for ino 139502383804944
offset 0 and length 1048576 for ino 139502372307280
offset 0 and length 1048576 for ino 139502383805264
offset 0 and length 1048576 for ino 139502383805584
offset 0 and length 1048576 for ino 139502383805904
offset 0 and length 1048576 for ino 139502383806224
offset 0 and length 1048576 for ino 139502383806544
offset 0 and length 1048576 for ino 139502383806864
offset 0 and length 1048576 for ino 139502383807184
offset 0 and length 1048576 for ino 139502383807504
offset 0 and length 1048576 for ino 139502383807824
offset 0 and length 1048576 for ino 139502383808144
offset 0 and length 1048576 for ino 139502384644112
offset 0 and length 1048576 for ino 139502384644432
offset 0 and length 1048576 for ino 139502384644752
offset 0 and length 1048576 for ino 139502384645072
offset 0 and length 1048576 for ino 139502384645392
offset 0 and length 1048576 for ino 139502384645712
offset 0 and length 1048576 for ino 139502384646032
offset 0 and length 1048576 for ino 139502384646352
offset 0 and length 1048576 for ino 139502384646672
offset 0 and length 1048576 for ino 139502384646992
offset 0 and length 1048576 for ino 139502384647312
offset 0 and length 1048576 for ino 139502384647632
offset 0 and length 1048576 for ino 139502384647952
offset 0 and length 1048576 for ino 139502384648272
offset 0 and length 1048576 for ino 139502384648592
offset 0 and length 1048576 for ino 139502384648912
offset 0 and length 1048576 for ino 139502384649232
offset 0 and length 1048576 for ino 139502384649552
offset 0 and length 1048576 for ino 139502384649872
offset 0 and length 1048576 for ino 139502384650192
offset 0 and length 1048576 for ino 139502384650512
offset 0 and length 1048576 for ino 139502384650832
offset 0 and length 1048576 for ino 139502384651152
offset 0 and length 1048576 for ino 139502384651472
offset 0 and length 1048576 for ino 139502372372496
offset 0 and length 1048576 for ino 139502384651792
offset 0 and length 1048576 for ino 139502384652112
offset 0 and length 1048576 for ino 139502384652432
offset 0 and length 1048576 for ino 139502384652752
offset 0 and length 1048576 for ino 139502384653072
offset 0 and length 1048576 for ino 139502384653392
offset 0 and length 1048576 for ino 139502384653712
offset 0 and length 1048576 for ino 139502384654032
offset 0 and length 1048576 for ino 139502384654352
offset 0 and length 1048576 for ino 139502384654672
offset 0 and length 1048576 for ino 139502384654992
offset 0 and length 1048576 for ino 139502384655312
offset 0 and length 1048576 for ino 139502384655632
offset 0 and length 1048576 for ino 139502384655952
offset 0 and length 1048576 for ino 139502384656272
offset 0 and length 1048576 for ino 139502372569104
offset 0 and length 1048576 for ino 139502384656592
offset 0 and length 1048576 for ino 139502384656912
offset 0 and length 1048576 for ino 139502384657232
offset 0 and length 1048576 for ino 139502384657552
offset 0 and length 1048576 for ino 139502384657872
offset 0 and length 1048576 for ino 139502384658192
offset 0 and length 1048576 for ino 139502384658512
offset 0 and length 1048576 for ino 139502384658832
offset 0 and length 1048576 for ino 139502384659152
offset 0 and length 1048576 for ino 139502384659472
offset 0 and length 1048576 for ino 139502384659792
offset 0 and length 1048576 for ino 139502384660112
offset 0 and length 1048576 for ino 139502385512464
offset 0 and length 1048576 for ino 139502385512784
offset 0 and length 1048576 for ino 139502385513104
offset 0 and length 1048576 for ino 139502385513424
offset 0 and length 1048576 for ino 139502385513744
offset 0 and length 1048576 for ino 139502385514064
offset 0 and length 1048576 for ino 139502385514384
offset 0 and length 1048576 for ino 139502385514704
offset 0 and length 1048576 for ino 139502385515024
offset 0 and length 1048576 for ino 139502385515344
offset 0 and length 1048576 for ino 139502385515664
offset 0 and length 1048576 for ino 139502385515984
offset 0 and length 1048576 for ino 139502385516304
offset 0 and length 1048576 for ino 139502385516624
offset 0 and length 1048576 for ino 139502385516944
offset 0 and length 1048576 for ino 139502385517264
offset 0 and length 1048576 for ino 139502385517584
offset 0 and length 1048576 for ino 139502385517904
offset 0 and length 1048576 for ino 139502385518224
offset 0 and length 1048576 for ino 139502385518544
offset 0 and length 1048576 for ino 139502385518864
offset 0 and length 1048576 for ino 139502385519184
offset 0 and length 1048576 for ino 139502385519504
offset 0 and length 1048576 for ino 139502385519824
offset 0 and length 1048576 for ino 139502385520144
offset 0 and length 1048576 for ino 139502385520464
offset 0 and length 1048576 for ino 139502385520784
offset 0 and length 1048576 for ino 139502385521104
offset 0 and length 1048576 for ino 139502385521424
offset 0 and length 1048576 for ino 139502385521744
offset 0 and length 1048576 for ino 139502385522064
offset 0 and length 1048576 for ino 139502385522384
offset 0 and length 1048576 for ino 139502385522704
offset 0 and length 1048576 for ino 139502385523024
offset 0 and length 1048576 for ino 139502385523344
offset 0 and length 1048576 for ino 139502385523664
offset 0 and length 1048576 for ino 139502385523984
offset 0 and length 1048576 for ino 139502385524304
offset 0 and length 1048576 for ino 139502385524624
offset 0 and length 1048576 for ino 139502385524944
offset 0 and length 1048576 for ino 139502385525264
offset 0 and length 1048576 for ino 139502385525584
offset 0 and length 1048576 for ino 139502385525904
offset 0 and length 1048576 for ino 139502385526224
offset 0 and length 1048576 for ino 139502385526544
offset 0 and length 1048576 for ino 139502385526864
offset 0 and length 1048576 for ino 139502385527184
offset 0 and length 1048576 for ino 139502385527504
offset 0 and length 1048576 for ino 139502385527824
offset 0 and length 1048576 for ino 139502385528144
offset 0 and length 1048576 for ino 139502385528464
offset 0 and length 1048576 for ino 139502386364432
offset 0 and length 1048576 for ino 139502386364752
offset 0 and length 1048576 for ino 139502386365072
offset 0 and length 1048576 for ino 139502386365392
offset 0 and length 1048576 for ino 139502386365712
offset 0 and length 1048576 for ino 139502386366032
offset 0 and length 1048576 for ino 139502386366352
offset 0 and length 1048576 for ino 139502386366672
offset 0 and length 1048576 for ino 139502386366992
offset 0 and length 1048576 for ino 139502386367312
offset 0 and length 1048576 for ino 139502386367632
offset 0 and length 1048576 for ino 139502386367952
offset 0 and length 1048576 for ino 139502386368272
offset 0 and length 1048576 for ino 139502386368592
offset 0 and length 1048576 for ino 139502386368912
offset 0 and length 1048576 for ino 139502386369232
offset 0 and length 1048576 for ino 139502386369552
offset 0 and length 1048576 for ino 139502386369872
offset 0 and length 1048576 for ino 139502386370192
offset 0 and length 1048576 for ino 139502386370512
offset 0 and length 1048576 for ino 139502386370832
offset 0 and length 1048576 for ino 139502386371152
offset 0 and length 1048576 for ino 139502386371472
offset 0 and length 1048576 for ino 139502386371792
offset 0 and length 1048576 for ino 139502386372112
offset 0 and length 1048576 for ino 139502386372432
offset 0 and length 1048576 for ino 139502386372752
offset 0 and length 1048576 for ino 139502386373072
offset 0 and length 1048576 for ino 139502386373392
offset 0 and length 1048576 for ino 139502386373712
offset 0 and length 1048576 for ino 139502386374032
offset 0 and length 1048576 for ino 139502386374352
offset 0 and length 1048576 for ino 139502386374672
offset 0 and length 1048576 for ino 139502386374992
offset 0 and length 1048576 for ino 139502386375312
offset 0 and length 1048576 for ino 139502372569424
offset 0 and length 1048576 for ino 139502386375632
offset 0 and length 1048576 for ino 139502371389776
offset 0 and length 1048576 for ino 139502386375952
offset 0 and length 1048576 for ino 139502386376272
offset 0 and length 1048576 for ino 139502386376592
offset 0 and length 1048576 for ino 139502386376912
offset 0 and length 1048576 for ino 139502386377232
offset 0 and length 1048576 for ino 139502386377552
offset 0 and length 1048576 for ino 139502386377872
offset 0 and length 1048576 for ino 139502386378192
offset 0 and length 1048576 for ino 139502386378512
offset 0 and length 1048576 for ino 139502386378832
offset 0 and length 1048576 for ino 139502386379152
offset 0 and length 1048576 for ino 139502386379472
offset 0 and length 1048576 for ino 139502386379792
offset 0 and length 1048576 for ino 139502386380112
offset 0 and length 1048576 for ino 139502386380432
offset 0 and length 1048576 for ino 139502387216400
offset 0 and length 1048576 for ino 139502387216720
offset 0 and length 1048576 for ino 139502387217040
offset 0 and length 1048576 for ino 139502387217360
offset 0 and length 1048576 for ino 139502371390096
offset 0 and length 1048576 for ino 139502387217680
offset 0 and length 1048576 for ino 139502372372816
offset 0 and length 1048576 for ino 139502371390416
offset 0 and length 1048576 for ino 139502372307600
offset 0 and length 1048576 for ino 139502371390736
offset 0 and length 1048576 for ino 139502371391056
offset 0 and length 1048576 for ino 139502371391376
offset 0 and length 1048576 for ino 139502371391696
offset 0 and length 1048576 for ino 139502371392016
offset 0 and length 1048576 for ino 139502371392336
offset 0 and length 1048576 for ino 139502371392656
offset 0 and length 1048576 for ino 139502371392976
offset 0 and length 1048576 for ino 139502372634640
offset 0 and length 1048576 for ino 139502372634960
offset 0 and length 1048576 for ino 139502372635280
offset 0 and length 1048576 for ino 139502373945360
offset 0 and length 1048576 for ino 139502373945680
offset 0 and length 1048576 for ino 139502373946000
offset 0 and length 1048576 for ino 139502373946320
offset 0 and length 1048576 for ino 139502373946640
offset 0 and length 1048576 for ino 139502373946960
offset 0 and length 1048576 for ino 139502373947280
offset 0 and length 1048576 for ino 139502373947600
offset 0 and length 1048576 for ino 139502373947920
offset 0 and length 1048576 for ino 139502373948240
offset 0 and length 1048576 for ino 139502373948560
offset 0 and length 1048576 for ino 139502373948880
offset 0 and length 1048576 for ino 139502373949200
offset 0 and length 1048576 for ino 139502372307920
offset 0 and length 1048576 for ino 139502371393296
offset 0 and length 1048576 for ino 139502371393616
offset 0 and length 1048576 for ino 139502371393936
offset 0 and length 1048576 for ino 139502371394256
offset 0 and length 1048576 for ino 139502371394576
offset 0 and length 1048576 for ino 139502373949520
offset 0 and length 1048576 for ino 139502371394896
offset 0 and length 1048576 for ino 139502371395216
offset 0 and length 1048576 for ino 139502371395536
offset 0 and length 1048576 for ino 139502387218000
offset 0 and length 1048576 for ino 139502387218320
offset 0 and length 1048576 for ino 139502372635600
offset 0 and length 1048576 for ino 139502372308240
offset 0 and length 1048576 for ino 139502371128912
offset 0 and length 1048576 for ino 139502371129232
offset 0 and length 1048576 for ino 139502371395856
offset 0 and length 1048576 for ino 139502371129552
offset 0 and length 1048576 for ino 139502371129872
offset 0 and length 1048576 for ino 139502371396176
offset 0 and length 1048576 for ino 139502371396496
offset 0 and length 1048576 for ino 139502373949840
offset 0 and length 1048576 for ino 139502372635920
offset 0 and length 1048576 for ino 139502372308560
offset 0 and length 1048576 for ino 139502372569744
offset 0 and length 1048576 for ino 139502372570064
offset 0 and length 1048576 for ino 139502372570384
offset 0 and length 1048576 for ino 139502372570704
offset 0 and length 1048576 for ino 139502387218640
offset 0 and length 1048576 for ino 139502372308880
offset 0 and length 1048576 for ino 139502372571024
offset 0 and length 1048576 for ino 139502372571344
offset 0 and length 1048576 for ino 139502372571664
offset 0 and length 1048576 for ino 139502372571984
offset 0 and length 1048576 for ino 139502372572304
offset 0 and length 1048576 for ino 139502372572624
offset 0 and length 1048576 for ino 139502372309200
offset 0 and length 1048576 for ino 139502374207504
offset 0 and length 1048576 for ino 139502374207824
offset 0 and length 1048576 for ino 139502374208144
offset 0 and length 1048576 for ino 139502374208464
offset 0 and length 1048576 for ino 139502374208784
offset 0 and length 1048576 for ino 139502374209104
offset 0 and length 1048576 for ino 139502374209424
offset 0 and length 1048576 for ino 139502374209744
offset 0 and length 1048576 for ino 139502374210064
offset 0 and length 1048576 for ino 139502374210384
offset 0 and length 1048576 for ino 139502374210704
offset 0 and length 1048576 for ino 139502370865808
offset 0 and length 1048576 for ino 139502372373136
offset 0 and length 1048576 for ino 139502374211024
offset 0 and length 1048576 for ino 139502372309520
offset 0 and length 1048576 for ino 139502372373456
offset 0 and length 1048576 for ino 139502371396816
offset 0 and length 1048576 for ino 139502371397136
offset 0 and length 1048576 for ino 139502372636240
offset 0 and length 1048576 for ino 139502371130192
offset 0 and length 1048576 for ino 139502371130512
offset 0 and length 1048576 for ino 139502372572944
offset 0 and length 1048576 for ino 139502372573264
offset 0 and length 1048576 for ino 139502372573584
offset 0 and length 1048576 for ino 139502372573904
offset 0 and length 1048576 for ino 139502372574224
offset 0 and length 1048576 for ino 139502372574544
offset 0 and length 1048576 for ino 139502372574864
offset 0 and length 1048576 for ino 139502387218960
offset 0 and length 1048576 for ino 139502387219280
offset 0 and length 1048576 for ino 139502372575184
offset 0 and length 1048576 for ino 139502372575504
offset 0 and length 1048576 for ino 139502372575824
offset 0 and length 1048576 for ino 139502372576144
offset 0 and length 1048576 for ino 139502372576464
offset 0 and length 1048576 for ino 139502372576784
offset 0 and length 1048576 for ino 139502372577104
offset 0 and length 1048576 for ino 139502372577424
offset 0 and length 1048576 for ino 139502372577744
offset 0 and length 1048576 for ino 139502372578064
offset 0 and length 1048576 for ino 139502372578384
offset 0 and length 1048576 for ino 139502373950160
offset 0 and length 1048576 for ino 139502387219600
offset 0 and length 1048576 for ino 139502372578704
offset 0 and length 1048576 for ino 139502372579024
offset 0 and length 1048576 for ino 139502372579344
offset 0 and length 1048576 for ino 139502373950480
offset 0 and length 1048576 for ino 139502372579664
offset 0 and length 1048576 for ino 139502373950800
offset 0 and length 1048576 for ino 139502372579984
offset 0 and length 1048576 for ino 139502372580304
offset 0 and length 1048576 for ino 139502372580624
offset 0 and length 1048576 for ino 139502372580944
offset 0 and length 1048576 for ino 139502372581264
offset 0 and length 1048576 for ino 139502372581584
offset 0 and length 1048576 for ino 139502372581904
offset 0 and length 1048576 for ino 139502373951120
offset 0 and length 1048576 for ino 139502372582224
offset 0 and length 1048576 for ino 139502372582544
offset 0 and length 1048576 for ino 139502372582864
offset 0 and length 1048576 for ino 139502372583184
offset 0 and length 1048576 for ino 139502372583504
offset 0 and length 1048576 for ino 139502372583824
offset 0 and length 1048576 for ino 139502372584144
offset 0 and length 1048576 for ino 139502387219920
offset 0 and length 1048576 for ino 139502372584464
offset 0 and length 1048576 for ino 139502372584784
offset 0 and length 1048576 for ino 139502371130832
offset 0 and length 1048576 for ino 139502372585104
offset 0 and length 1048576 for ino 139502376796176
offset 0 and length 1048576 for ino 139502371397456
offset 0 and length 1048576 for ino 139502376796496
offset 0 and length 1048576 for ino 139502376796816
offset 0 and length 1048576 for ino 139502387220240
offset 0 and length 1048576 for ino 139502387220560
offset 0 and length 1048576 for ino 139502373951440
offset 0 and length 1048576 for ino 139502376797136
offset 0 and length 1048576 for ino 139502376797456
offset 0 and length 1048576 for ino 139502372636560
offset 0 and length 1048576 for ino 139502376797776
offset 0 and length 1048576 for ino 139502376798096
offset 0 and length 1048576 for ino 139502376798416
offset 0 and length 1048576 for ino 139502376798736
offset 0 and length 1048576 for ino 139502372309840
offset 0 and length 1048576 for ino 139502373951760
offset 0 and length 1048576 for ino 139502376799056
offset 0 and length 1048576 for ino 139502376799376
offset 0 and length 1048576 for ino 139502376799696
offset 0 and length 1048576 for ino 139502372310160
offset 0 and length 1048576 for ino 139502376800016
offset 0 and length 1048576 for ino 139502376800336
offset 0 and length 1048576 for ino 139502376800656
offset 0 and length 1048576 for ino 139502376800976
offset 0 and length 1048576 for ino 139502376801296
offset 0 and length 1048576 for ino 139502376801616
offset 0 and length 1048576 for ino 139502376801936
offset 0 and length 1048576 for ino 139502376802256
offset 0 and length 1048576 for ino 139502371131152
offset 0 and length 1048576 for ino 139502374211344
offset 0 and length 1048576 for ino 139502373952080
offset 0 and length 1048576 for ino 139502374211664
offset 0 and length 1048576 for ino 139502374211984
offset 0 and length 1048576 for ino 139502371131472
offset 0 and length 1048576 for ino 139502373952400
offset 0 and length 1048576 for ino 139502371131792
offset 0 and length 1048576 for ino 139502373952720
offset 0 and length 1048576 for ino 139502372310480
offset 0 and length 1048576 for ino 139502373953040
offset 0 and length 1048576 for ino 139502373953360
offset 0 and length 1048576 for ino 139502373953680
offset 0 and length 1048576 for ino 139502373954000
offset 0 and length 1048576 for ino 139502374212304
offset 0 and length 1048576 for ino 139502373954320
offset 0 and length 1048576 for ino 139502376802576
offset 0 and length 1048576 for ino 139502373954640
offset 0 and length 1048576 for ino 139502373954960
offset 0 and length 1048576 for ino 139502371397776
offset 0 and length 1048576 for ino 139502373955280
offset 0 and length 1048576 for ino 139502373955600
offset 0 and length 1048576 for ino 139502373955920
offset 0 and length 1048576 for ino 139502373956240
offset 0 and length 1048576 for ino 139502374212624
offset 0 and length 1048576 for ino 139502372310800
offset 0 and length 1048576 for ino 139502373956560
offset 0 and length 1048576 for ino 139502372311120
offset 0 and length 1048576 for ino 139502373956880
offset 0 and length 1048576 for ino 139502373957200
offset 0 and length 1048576 for ino 139502374212944
offset 0 and length 1048576 for ino 139502372311440
offset 0 and length 1048576 for ino 139502372311760
offset 0 and length 1048576 for ino 139502372312080
offset 0 and length 1048576 for ino 139502373957520
offset 0 and length 1048576 for ino 139502387220880
offset 0 and length 1048576 for ino 139502373957840
offset 0 and length 1048576 for ino 139502373958160
offset 0 and length 1048576 for ino 139502372312400
offset 0 and length 1048576 for ino 139502373958480
offset 0 and length 1048576 for ino 139502373958800
offset 0 and length 1048576 for ino 139502373959120
offset 0 and length 1048576 for ino 139502372636880
offset 0 and length 1048576 for ino 139502387221200
offset 0 and length 1048576 for ino 139502374213264
offset 0 and length 1048576 for ino 139502373959440
offset 0 and length 1048576 for ino 139502373959760
offset 0 and length 1048576 for ino 139502373960080
offset 0 and length 1048576 for ino 139502373960400
offset 0 and length 1048576 for ino 139502373960720
offset 0 and length 1048576 for ino 139502373961040
offset 0 and length 1048576 for ino 139502372312720
offset 0 and length 1048576 for ino 139502372313040
offset 0 and length 1048576 for ino 139502373961360
offset 0 and length 1048576 for ino 139502374213584
offset 0 and length 1048576 for ino 139502387221520
offset 0 and length 1048576 for ino 139502380990480
offset 0 and length 1048576 for ino 139502372313360
offset 0 and length 1048576 for ino 139502380990800
offset 0 and length 1048576 for ino 139502372313680
offset 0 and length 1048576 for ino 139502380991120
offset 0 and length 1048576 for ino 139502374213904
offset 0 and length 1048576 for ino 139502380991440
offset 0 and length 1048576 for ino 139502372314000
offset 0 and length 1048576 for ino 139502380991760
offset 0 and length 1048576 for ino 139502380992080
offset 0 and length 1048576 for ino 139502380992400
offset 0 and length 1048576 for ino 139502380992720
offset 0 and length 1048576 for ino 139502380993040
offset 0 and length 1048576 for ino 139502371398096
offset 0 and length 1048576 for ino 139502372314320
offset 0 and length 1048576 for ino 139502371132112
offset 0 and length 1048576 for ino 139502372314640
offset 0 and length 1048576 for ino 139502372314960
offset 0 and length 1048576 for ino 139502370866128
offset 0 and length 1048576 for ino 139502372315280
offset 0 and length 1048576 for ino 139502380993360
offset 0 and length 1048576 for ino 139502380993680
offset 0 and length 1048576 for ino 139502372637200
offset 0 and length 1048576 for ino 139502374214224
offset 0 and length 1048576 for ino 139502374214544
offset 0 and length 1048576 for ino 139502387221840
offset 0 and length 1048576 for ino 139502372315600
offset 0 and length 1048576 for ino 139502374214864
offset 0 and length 1048576 for ino 139502372315920
offset 0 and length 1048576 for ino 139502372316240
offset 0 and length 1048576 for ino 139502372316560
offset 0 and length 1048576 for ino 139502372316880
offset 0 and length 1048576 for ino 139502372317200
offset 0 and length 1048576 for ino 139502372317520
offset 0 and length 1048576 for ino 139502372317840
offset 0 and length 1048576 for ino 139502372318160
offset 0 and length 1048576 for ino 139502374215184
offset 0 and length 1048576 for ino 139502372318480
offset 0 and length 1048576 for ino 139502374215504
offset 0 and length 1048576 for ino 139502380994000
offset 0 and length 1048576 for ino 139502380994320
offset 0 and length 1048576 for ino 139502376802896
offset 0 and length 1048576 for ino 139502372318800
offset 0 and length 1048576 for ino 139502380994640
offset 0 and length 1048576 for ino 139502380994960
offset 0 and length 1048576 for ino 139502380995280
offset 0 and length 1048576 for ino 139502371132432
offset 0 and length 1048576 for ino 139502380995600
offset 0 and length 1048576 for ino 139502380995920
offset 0 and length 1048576 for ino 139502372637520
offset 0 and length 1048576 for ino 139502372637840
offset 0 and length 1048576 for ino 139502372638160
offset 0 and length 1048576 for ino 139502372638480
offset 0 and length 1048576 for ino 139502372638800
offset 0 and length 1048576 for ino 139502372639120
offset 0 and length 1048576 for ino 139502372639440
offset 0 and length 1048576 for ino 139502372639760
offset 0 and length 1048576 for ino 139502371132752
offset 0 and length 1048576 for ino 139502380996240
offset 0 and length 1048576 for ino 139502380996560
offset 0 and length 1048576 for ino 139502372640080
offset 0 and length 1048576 for ino 139502371398416
offset 0 and length 1048576 for ino 139502374215824
offset 0 and length 1048576 for ino 139502380996880
offset 0 and length 1048576 for ino 139502374216144
offset 0 and length 1048576 for ino 139502380997200
offset 0 and length 1048576 for ino 139502372319120
offset 0 and length 1048576 for ino 139502387222160
offset 0 and length 1048576 for ino 139502387222480
offset 0 and length 1048576 for ino 139502387222800
offset 0 and length 1048576 for ino 139502380997520
offset 0 and length 1048576 for ino 139502380997840
offset 0 and length 1048576 for ino 139502380998160
offset 0 and length 1048576 for ino 139502380998480
offset 0 and length 1048576 for ino 139502380998800
offset 0 and length 1048576 for ino 139502374216464
offset 0 and length 1048576 for ino 139502380999120
offset 0 and length 1048576 for ino 139502380999440
offset 0 and length 1048576 for ino 139502372319440
offset 0 and length 1048576 for ino 139502371398736
offset 0 and length 1048576 for ino 139502371399056
offset 0 and length 1048576 for ino 139502371399376
offset 0 and length 1048576 for ino 139502371399696
offset 0 and length 1048576 for ino 139502372319760
offset 0 and length 1048576 for ino 139502374216784
offset 0 and length 1048576 for ino 139502372320080
offset 0 and length 1048576 for ino 139502380999760
offset 0 and length 1048576 for ino 139502381000080
offset 0 and length 1048576 for ino 139502372320400
offset 0 and length 1048576 for ino 139502374217104
offset 0 and length 1048576 for ino 139502381000400
offset 0 and length 1048576 for ino 139502381000720
offset 0 and length 1048576 for ino 139502381001040
offset 0 and length 1048576 for ino 139502374217424
offset 0 and length 1048576 for ino 139502381001360
offset 0 and length 1048576 for ino 139502381001680
offset 0 and length 1048576 for ino 139502372320720
offset 0 and length 1048576 for ino 139502381002000
offset 0 and length 1048576 for ino 139502387223120
offset 0 and length 1048576 for ino 139502387223440
offset 0 and length 1048576 for ino 139502387223760
offset 0 and length 1048576 for ino 139502387224080
offset 0 and length 1048576 for ino 139502387224400
offset 0 and length 1048576 for ino 139502372373776
offset 0 and length 1048576 for ino 139502372321040
offset 0 and length 1048576 for ino 139502374217744
offset 0 and length 1048576 for ino 139502372321360
offset 0 and length 1048576 for ino 139502381002320
offset 0 and length 1048576 for ino 139502381002640
offset 0 and length 1048576 for ino 139502374218064
offset 0 and length 1048576 for ino 139502376803216
offset 0 and length 1048576 for ino 139502381002960
offset 0 and length 1048576 for ino 139502381003280
offset 0 and length 1048576 for ino 139502381003600
offset 0 and length 1048576 for ino 139502381003920
offset 0 and length 1048576 for ino 139502381004240
offset 0 and length 1048576 for ino 139502371400016
offset 0 and length 1048576 for ino 139502372321680
offset 0 and length 1048576 for ino 139502381004560
offset 0 and length 1048576 for ino 139502381004880
offset 0 and length 1048576 for ino 139502381005200
offset 0 and length 1048576 for ino 139502381005520
offset 0 and length 1048576 for ino 139502381005840
offset 0 and length 1048576 for ino 139502381006160
offset 0 and length 1048576 for ino 139502381006480
offset 0 and length 1048576 for ino 139502371400336
offset 0 and length 1048576 for ino 139502382874640
offset 0 and length 1048576 for ino 139502382874960
offset 0 and length 1048576 for ino 139502382875280
offset 0 and length 1048576 for ino 139502382875600
offset 0 and length 1048576 for ino 139502382875920
offset 0 and length 1048576 for ino 139502382876240
offset 0 and length 1048576 for ino 139502382876560
offset 0 and length 1048576 for ino 139502382876880
offset 0 and length 1048576 for ino 139502382877200
offset 0 and length 1048576 for ino 139502387224720
offset 0 and length 1048576 for ino 139502372322000
offset 0 and length 1048576 for ino 139502372322320
offset 0 and length 1048576 for ino 139502372322640
offset 0 and length 1048576 for ino 139502382877520
offset 0 and length 1048576 for ino 139502382877840
offset 0 and length 1048576 for ino 139502372374096
offset 0 and length 1048576 for ino 139502372374416
offset 0 and length 1048576 for ino 139502372374736
offset 0 and length 1048576 for ino 139502387225040
offset 0 and length 1048576 for ino 139502387225360
offset 0 and length 1048576 for ino 139502387225680
offset 0 and length 1048576 for ino 139502372640400
offset 0 and length 1048576 for ino 139502372640720
offset 0 and length 1048576 for ino 139502371400656
offset 0 and length 1048576 for ino 139502371400976
offset 0 and length 1048576 for ino 139502371401296
offset 0 and length 1048576 for ino 139502372322960
offset 0 and length 1048576 for ino 139502382055440
offset 0 and length 1048576 for ino 139502371133072
offset 0 and length 1048576 for ino 139502372375056
offset 0 and length 1048576 for ino 139502372375376
offset 0 and length 1048576 for ino 139502387226000
offset 0 and length 1048576 for ino 139502376803536
offset 0 and length 1048576 for ino 139502376803856
offset 0 and length 1048576 for ino 139502370866448
offset 0 and length 1048576 for ino 139502370866768
offset 0 and length 1048576 for ino 139502382878160
offset 0 and length 1048576 for ino 139502371133392
offset 0 and length 1048576 for ino 139502371133712
offset 0 and length 1048576 for ino 139502382055760
offset 0 and length 1048576 for ino 139502382878480
offset 0 and length 1048576 for ino 139502374218384
offset 0 and length 1048576 for ino 139502374218704
offset 0 and length 1048576 for ino 139502374219024
offset 0 and length 1048576 for ino 139502371401616
offset 0 and length 1048576 for ino 139502382878800
offset 0 and length 1048576 for ino 139502382879120
offset 0 and length 1048576 for ino 139502387226320
offset 0 and length 1048576 for ino 139502382056080
offset 0 and length 1048576 for ino 139502382056400
offset 0 and length 1048576 for ino 139502382879440
offset 0 and length 1048576 for ino 139502371401936
offset 0 and length 1048576 for ino 139502382879760
offset 0 and length 1048576 for ino 139502382880080
offset 0 and length 1048576 for ino 139502382880400
offset 0 and length 1048576 for ino 139502372641040
offset 0 and length 1048576 for ino 139502372641360
offset 0 and length 1048576 for ino 139502382880720
offset 0 and length 1048576 for ino 139502382056720
offset 0 and length 1048576 for ino 139502382881040
offset 0 and length 1048576 for ino 139502382057040
offset 0 and length 1048576 for ino 139502382881360
offset 0 and length 1048576 for ino 139502382881680
offset 0 and length 1048576 for ino 139502372641680
offset 0 and length 1048576 for ino 139502382882000
offset 0 and length 1048576 for ino 139502382882320
offset 0 and length 1048576 for ino 139502382882640
offset 0 and length 1048576 for ino 139502371134032
offset 0 and length 1048576 for ino 139502382882960
offset 0 and length 1048576 for ino 139502382883280
offset 0 and length 1048576 for ino 139502382883600
offset 0 and length 1048576 for ino 139502382883920
offset 0 and length 1048576 for ino 139502382884240
offset 0 and length 1048576 for ino 139502382884560
offset 0 and length 1048576 for ino 139502372642000
offset 0 and length 1048576 for ino 139502382884880
offset 0 and length 1048576 for ino 139502372642320
offset 0 and length 1048576 for ino 139502382885200
offset 0 and length 1048576 for ino 139502382885520
offset 0 and length 1048576 for ino 139502382885840
offset 0 and length 1048576 for ino 139502382886160
offset 0 and length 1048576 for ino 139502382886480
offset 0 and length 1048576 for ino 139502382886800
offset 0 and length 1048576 for ino 139502382887120
offset 0 and length 1048576 for ino 139502382887440
offset 0 and length 1048576 for ino 139502382887760
offset 0 and length 1048576 for ino 139502382888080
offset 0 and length 1048576 for ino 139502382888400
offset 0 and length 1048576 for ino 139502382057360
offset 0 and length 1048576 for ino 139502382888720
offset 0 and length 1048576 for ino 139502382889040
offset 0 and length 1048576 for ino 139502382889360
offset 0 and length 1048576 for ino 139502382889680
offset 0 and length 1048576 for ino 139502382890000
offset 0 and length 1048576 for ino 139502382890320
offset 0 and length 1048576 for ino 139502382890640
offset 0 and length 1048576 for ino 139502372642640
offset 0 and length 1048576 for ino 139502201258000
offset 0 and length 1048576 for ino 139502201258320
offset 0 and length 1048576 for ino 139502201258640
offset 0 and length 1048576 for ino 139502201258960
offset 0 and length 1048576 for ino 139502201259280
offset 0 and length 1048576 for ino 139502201259600
offset 0 and length 1048576 for ino 139502201259920
offset 0 and length 1048576 for ino 139502201260240
offset 0 and length 1048576 for ino 139502201260560
offset 0 and length 1048576 for ino 139502201260880
offset 0 and length 1048576 for ino 139502387226640
offset 0 and length 1048576 for ino 139502387226960
offset 0 and length 1048576 for ino 139502201261200
offset 0 and length 1048576 for ino 139502201261520
offset 0 and length 1048576 for ino 139502387227280
offset 0 and length 1048576 for ino 139502201261840
offset 0 and length 1048576 for ino 139502201262160
offset 0 and length 1048576 for ino 139502201262480
offset 0 and length 1048576 for ino 139502387227600
offset 0 and length 1048576 for ino 139502387227920
offset 0 and length 1048576 for ino 139502201262800
offset 0 and length 1048576 for ino 139502201263120
offset 0 and length 1048576 for ino 139502387228240
offset 0 and length 1048576 for ino 139502201263440
offset 0 and length 1048576 for ino 139502201263760
offset 0 and length 1048576 for ino 139502387228560
offset 0 and length 1048576 for ino 139502201264080
offset 0 and length 1048576 for ino 139502201264400
offset 0 and length 1048576 for ino 139502201264720
offset 0 and length 1048576 for ino 139502201265040
offset 0 and length 1048576 for ino 139502201265360
offset 0 and length 1048576 for ino 139502201265680
offset 0 and length 1048576 for ino 139502201266000
offset 0 and length 1048576 for ino 139502201266320
offset 0 and length 1048576 for ino 139502201266640
offset 0 and length 1048576 for ino 139502201266960
offset 0 and length 1048576 for ino 139502201267280
offset 0 and length 1048576 for ino 139502201267600
offset 0 and length 1048576 for ino 139502201267920
offset 0 and length 1048576 for ino 139502372642960
offset 0 and length 1048576 for ino 139502201268240
offset 0 and length 1048576 for ino 139502201268560
offset 0 and length 1048576 for ino 139502387228880
offset 0 and length 1048576 for ino 139502201268880
offset 0 and length 1048576 for ino 139502372643280
offset 0 and length 1048576 for ino 139502201269200
offset 0 and length 1048576 for ino 139502201269520
offset 0 and length 1048576 for ino 139502201269840
offset 0 and length 1048576 for ino 139502201270160
offset 0 and length 1048576 for ino 139502372643600
offset 0 and length 1048576 for ino 139502374219344
offset 0 and length 1048576 for ino 139502201270480
offset 0 and length 1048576 for ino 139502201270800
offset 0 and length 1048576 for ino 139502372643920
offset 0 and length 1048576 for ino 139502201271120
offset 0 and length 1048576 for ino 139502201271440
offset 0 and length 1048576 for ino 139502201271760
offset 0 and length 1048576 for ino 139502387229200
offset 0 and length 1048576 for ino 139502201272080
offset 0 and length 1048576 for ino 139502372644240
offset 0 and length 1048576 for ino 139502201272400
offset 0 and length 1048576 for ino 139502201272720
offset 0 and length 1048576 for ino 139502201273040
offset 0 and length 1048576 for ino 139502382057680
offset 0 and length 1048576 for ino 139502201273360
offset 0 and length 1048576 for ino 139502201273680
offset 0 and length 1048576 for ino 139502201274000
offset 0 and length 1048576 for ino 139502202077200
offset 0 and length 1048576 for ino 139502202077520
offset 0 and length 1048576 for ino 139502202077840
offset 0 and length 1048576 for ino 139502202078160
offset 0 and length 1048576 for ino 139502202078480
offset 0 and length 1048576 for ino 139502202078800
offset 0 and length 1048576 for ino 139502202079120
offset 0 and length 1048576 for ino 139502202079440
offset 0 and length 1048576 for ino 139502202079760
offset 0 and length 1048576 for ino 139502202080080
offset 0 and length 1048576 for ino 139502202080400
offset 0 and length 1048576 for ino 139502202080720
offset 0 and length 1048576 for ino 139502202081040
offset 0 and length 1048576 for ino 139502374219664
offset 0 and length 1048576 for ino 139502202081360
offset 0 and length 1048576 for ino 139502202081680
offset 0 and length 1048576 for ino 139502202082000
offset 0 and length 1048576 for ino 139502202082320
offset 0 and length 1048576 for ino 139502202082640
offset 0 and length 1048576 for ino 139502202082960
offset 0 and length 1048576 for ino 139502202083280
offset 0 and length 1048576 for ino 139502202083600
offset 0 and length 1048576 for ino 139502202083920
offset 0 and length 1048576 for ino 139502202084240
offset 0 and length 1048576 for ino 139502202084560
offset 0 and length 1048576 for ino 139502202084880
offset 0 and length 1048576 for ino 139502202085200
offset 0 and length 1048576 for ino 139502202085520
offset 0 and length 1048576 for ino 139502202085840
offset 0 and length 1048576 for ino 139502202086160
offset 0 and length 1048576 for ino 139502202086480
offset 0 and length 1048576 for ino 139502202086800
offset 0 and length 1048576 for ino 139502202087120
offset 0 and length 1048576 for ino 139502202087440
offset 0 and length 1048576 for ino 139502202087760
offset 0 and length 1048576 for ino 139502202088080
offset 0 and length 1048576 for ino 139502202088400
offset 0 and length 1048576 for ino 139502202088720
offset 0 and length 1048576 for ino 139502202089040
offset 0 and length 1048576 for ino 139502202089360
offset 0 and length 1048576 for ino 139502202089680
offset 0 and length 1048576 for ino 139502202090000
offset 0 and length 1048576 for ino 139502202090320
offset 0 and length 1048576 for ino 139502202090640
offset 0 and length 1048576 for ino 139502202090960
offset 0 and length 1048576 for ino 139502371134352
offset 0 and length 1048576 for ino 139502202091280
offset 0 and length 1048576 for ino 139502202091600
offset 0 and length 1048576 for ino 139502202091920
offset 0 and length 1048576 for ino 139502202092240
offset 0 and length 1048576 for ino 139502202092560
offset 0 and length 1048576 for ino 139502202092880
offset 0 and length 1048576 for ino 139502202093200
offset 0 and length 1048576 for ino 139502202945552
offset 0 and length 1048576 for ino 139502202945872
offset 0 and length 1048576 for ino 139502202946192
offset 0 and length 1048576 for ino 139502370867088
offset 0 and length 1048576 for ino 139502202946512
offset 0 and length 1048576 for ino 139502202946832
offset 0 and length 1048576 for ino 139502374219984
offset 0 and length 1048576 for ino 139502374220304
offset 0 and length 1048576 for ino 139502374220624
offset 0 and length 1048576 for ino 139502382058000
offset 0 and length 1048576 for ino 139502202947152
offset 0 and length 1048576 for ino 139502372644560
offset 0 and length 1048576 for ino 139502202947472
offset 0 and length 1048576 for ino 139502382058320
offset 0 and length 1048576 for ino 139502202947792
offset 0 and length 1048576 for ino 139502202948112
offset 0 and length 1048576 for ino 139502202948432
offset 0 and length 1048576 for ino 139502202948752
offset 0 and length 1048576 for ino 139502202949072
offset 0 and length 1048576 for ino 139502382058640
offset 0 and length 1048576 for ino 139502382058960
offset 0 and length 1048576 for ino 139502382059280
offset 0 and length 1048576 for ino 139502382059600
offset 0 and length 1048576 for ino 139502382059920
offset 0 and length 1048576 for ino 139502382060240
offset 0 and length 1048576 for ino 139502382060560
offset 0 and length 1048576 for ino 139502382060880
offset 0 and length 1048576 for ino 139502202949392
offset 0 and length 1048576 for ino 139502374220944
offset 0 and length 1048576 for ino 139502382061200
offset 0 and length 1048576 for ino 139502202949712
offset 0 and length 1048576 for ino 139502371134672
offset 0 and length 1048576 for ino 139502382061520
offset 0 and length 1048576 for ino 139502382061840
offset 0 and length 1048576 for ino 139502382062160
offset 0 and length 1048576 for ino 139502202950032
offset 0 and length 1048576 for ino 139502387229520
offset 0 and length 1048576 for ino 139502202950352
offset 0 and length 1048576 for ino 139502202950672
offset 0 and length 1048576 for ino 139502374221264
offset 0 and length 1048576 for ino 139502374221584
offset 0 and length 1048576 for ino 139502382062480
offset 0 and length 1048576 for ino 139502387229840
offset 0 and length 1048576 for ino 139502382062800
offset 0 and length 1048576 for ino 139502382063120
offset 0 and length 1048576 for ino 139502382063440
offset 0 and length 1048576 for ino 139502202950992
offset 0 and length 1048576 for ino 139502202951312
offset 0 and length 1048576 for ino 139502382063760
offset 0 and length 1048576 for ino 139502202951632
offset 0 and length 1048576 for ino 139502371402256
offset 0 and length 1048576 for ino 139502202951952
offset 0 and length 1048576 for ino 139502202952272
offset 0 and length 1048576 for ino 139502372375696
offset 0 and length 1048576 for ino 139502372376016
offset 0 and length 1048576 for ino 139502372376336
offset 0 and length 1048576 for ino 139502202952592
offset 0 and length 1048576 for ino 139502202952912
offset 0 and length 1048576 for ino 139502374221904
offset 0 and length 1048576 for ino 139502382064080
offset 0 and length 1048576 for ino 139502202953232
offset 0 and length 1048576 for ino 139502382064400
offset 0 and length 1048576 for ino 139502382064720
offset 0 and length 1048576 for ino 139502202953552
offset 0 and length 1048576 for ino 139502202953872
offset 0 and length 1048576 for ino 139502202954192
offset 0 and length 1048576 for ino 139502372376656
offset 0 and length 1048576 for ino 139502387230160
offset 0 and length 1048576 for ino 139502202954512
offset 0 and length 1048576 for ino 139502382065040
offset 0 and length 1048576 for ino 139502382065360
offset 0 and length 1048576 for ino 139502374222224
offset 0 and length 1048576 for ino 139502202954832
offset 0 and length 1048576 for ino 139502382065680
offset 0 and length 1048576 for ino 139502387230480
offset 0 and length 1048576 for ino 139502202955152
offset 0 and length 1048576 for ino 139502202955472
offset 0 and length 1048576 for ino 139502372376976
offset 0 and length 1048576 for ino 139502202955792
offset 0 and length 1048576 for ino 139502202956112
offset 0 and length 1048576 for ino 139502372644880
offset 0 and length 1048576 for ino 139502202956432
offset 0 and length 1048576 for ino 139502202956752
offset 0 and length 1048576 for ino 139502202957072
offset 0 and length 1048576 for ino 139502202957392
offset 0 and length 1048576 for ino 139502372645200
offset 0 and length 1048576 for ino 139502387230800
