Harness starting.
 /home/sevag/CLionProjects/FuseFileSystemBoC/cmake-build-release/FuseFileSystemBoC --seed 2044204979

Pinning to Core:40
creating 512 mb file systemoffset 0 and length 2097152 for ino 140422343213072
offset 0 and length 2097152 for ino 140422343475216
offset 0 and length 2097152 for ino 140422343475536
offset 0 and length 2097152 for ino 140422343213392
offset 0 and length 2097152 for ino 140422343606288
offset 0 and length 2097152 for ino 140422343737360
offset 0 and length 2097152 for ino 140422343868432
offset 0 and length 2097152 for ino 140422343475856
offset 0 and length 2097152 for ino 140422343606608
offset 0 and length 2097152 for ino 140422343737680
offset 0 and length 2097152 for ino 140422343114768
offset 0 and length 2097152 for ino 140422343606928
offset 0 and length 2097152 for ino 140422343738000
offset 0 and length 2097152 for ino 140422343999504
offset 0 and length 2097152 for ino 140422343115088
offset 0 and length 2097152 for ino 140422343115408
offset 0 and length 2097152 for ino 140422343115728
offset 0 and length 2097152 for ino 140422343213712
offset 0 and length 2097152 for ino 140422343999824
offset 0 and length 2097152 for ino 140422343476176
offset 0 and length 2097152 for ino 140422343738320
offset 0 and length 2097152 for ino 140422343214032
offset 0 and length 2097152 for ino 140422344000144
offset 0 and length 2097152 for ino 140422343214352
offset 0 and length 2097152 for ino 140422343476496
offset 0 and length 2097152 for ino 140422344327184
offset 0 and length 2097152 for ino 140422343214672
offset 0 and length 2097152 for ino 140422343738640
offset 0 and length 2097152 for ino 140422344327504
offset 0 and length 2097152 for ino 140422343214992
offset 0 and length 2097152 for ino 140422343607248
offset 0 and length 2097152 for ino 140422344720400
offset 0 and length 2097152 for ino 140422344720720
offset 0 and length 2097152 for ino 140422343116048
offset 0 and length 2097152 for ino 140422344721040
offset 0 and length 2097152 for ino 140422343738960
offset 0 and length 2097152 for ino 140422343739280
offset 0 and length 2097152 for ino 140422343739600
offset 0 and length 2097152 for ino 140422343116368
offset 0 and length 2097152 for ino 140422344721360
offset 0 and length 2097152 for ino 140422343215312
offset 0 and length 2097152 for ino 140422344721680
offset 0 and length 2097152 for ino 140422343739920
offset 0 and length 2097152 for ino 140422344722000
offset 0 and length 2097152 for ino 140422343740240
offset 0 and length 2097152 for ino 140422343740560
offset 0 and length 2097152 for ino 140422344722320
offset 0 and length 2097152 for ino 140422343116688
offset 0 and length 2097152 for ino 140422343740880
offset 0 and length 2097152 for ino 140422343117008
offset 0 and length 2097152 for ino 140422343868752
offset 0 and length 2097152 for ino 140422343869072
offset 0 and length 2097152 for ino 140422343869392
offset 0 and length 2097152 for ino 140422344722640
offset 0 and length 2097152 for ino 140422343741200
offset 0 and length 2097152 for ino 140422343741520
offset 0 and length 2097152 for ino 140422344722960
offset 0 and length 2097152 for ino 140422343741840
offset 0 and length 2097152 for ino 140422343742160
offset 0 and length 2097152 for ino 140422343742480
offset 0 and length 2097152 for ino 140422343742800
offset 0 and length 2097152 for ino 140422343743120
offset 0 and length 2097152 for ino 140422343476816
offset 0 and length 2097152 for ino 140422344723280
offset 0 and length 2097152 for ino 140422343743440
offset 0 and length 2097152 for ino 140422343743760
offset 0 and length 2097152 for ino 140422343607568
offset 0 and length 2097152 for ino 140422343744080
offset 0 and length 2097152 for ino 140422343215632
offset 0 and length 2097152 for ino 140422343869712
offset 0 and length 2097152 for ino 140422344723600
offset 0 and length 2097152 for ino 140422343607888
offset 0 and length 2097152 for ino 140422343744400
offset 0 and length 2097152 for ino 140422343744720
offset 0 and length 2097152 for ino 140422343117328
offset 0 and length 2097152 for ino 140422343745040
offset 0 and length 2097152 for ino 140422343745360
offset 0 and length 2097152 for ino 140422344723920
offset 0 and length 2097152 for ino 140422343745680
offset 0 and length 2097152 for ino 140422343746000
offset 0 and length 2097152 for ino 140422343746320
offset 0 and length 2097152 for ino 140422343746640
offset 0 and length 2097152 for ino 140422343746960
offset 0 and length 2097152 for ino 140422343747280
offset 0 and length 2097152 for ino 140422343747600
offset 0 and length 2097152 for ino 140422343747920
offset 0 and length 2097152 for ino 140422343748240
offset 0 and length 2097152 for ino 140422357827600
offset 0 and length 2097152 for ino 140422357827920
offset 0 and length 2097152 for ino 140422344724240
offset 0 and length 2097152 for ino 140422344724560
offset 0 and length 2097152 for ino 140422343748560
offset 0 and length 2097152 for ino 140422343117648
offset 0 and length 2097152 for ino 140422343117968
offset 0 and length 2097152 for ino 140422343118288
offset 0 and length 2097152 for ino 140422344724880
offset 0 and length 2097152 for ino 140422344725200
offset 0 and length 2097152 for ino 140422343748880
offset 0 and length 2097152 for ino 140422343749200
offset 0 and length 2097152 for ino 140422343749520
offset 0 and length 2097152 for ino 140422343749840
offset 0 and length 2097152 for ino 140422343118608
offset 0 and length 2097152 for ino 140422343750160
offset 0 and length 2097152 for ino 140422343750480
offset 0 and length 2097152 for ino 140422343750800
offset 0 and length 2097152 for ino 140422343751120
offset 0 and length 2097152 for ino 140422343751440
offset 0 and length 2097152 for ino 140422343751760
offset 0 and length 2097152 for ino 140422343752080
offset 0 and length 2097152 for ino 140422343752400
offset 0 and length 2097152 for ino 140422343752720
offset 0 and length 2097152 for ino 140422343753040
offset 0 and length 2097152 for ino 140422343753360
offset 0 and length 2097152 for ino 140422354223120
offset 0 and length 2097152 for ino 140422354223440
offset 0 and length 2097152 for ino 140422354223760
offset 0 and length 2097152 for ino 140422354224080
offset 0 and length 2097152 for ino 140422354224400
offset 0 and length 2097152 for ino 140422354224720
offset 0 and length 2097152 for ino 140422343118928
offset 0 and length 2097152 for ino 140422354225040
offset 0 and length 2097152 for ino 140422354225360
offset 0 and length 2097152 for ino 140422354225680
offset 0 and length 2097152 for ino 140422354226000
offset 0 and length 2097152 for ino 140422343215952
offset 0 and length 2097152 for ino 140422354226320
offset 0 and length 2097152 for ino 140422354226640
offset 0 and length 2097152 for ino 140422354226960
offset 0 and length 2097152 for ino 140422354227280
offset 0 and length 2097152 for ino 140422354227600
offset 0 and length 2097152 for ino 140422354227920
offset 0 and length 2097152 for ino 140422344000464
offset 0 and length 2097152 for ino 140422354228240
offset 0 and length 2097152 for ino 140422343477136
offset 0 and length 2097152 for ino 140422354228560
offset 0 and length 2097152 for ino 140422354228880
offset 0 and length 2097152 for ino 140422354229200
offset 0 and length 2097152 for ino 140422354229520
offset 0 and length 2097152 for ino 140422354229840
offset 0 and length 2097152 for ino 140422354230160
offset 0 and length 2097152 for ino 140422354230480
offset 0 and length 2097152 for ino 140422354230800
offset 0 and length 2097152 for ino 140422354231120
offset 0 and length 2097152 for ino 140422354231440
offset 0 and length 2097152 for ino 140422354231760
offset 0 and length 2097152 for ino 140422344327824
offset 0 and length 2097152 for ino 140422344725520
offset 0 and length 2097152 for ino 140422354232080
offset 0 and length 2097152 for ino 140422354232400
offset 0 and length 2097152 for ino 140422354232720
offset 0 and length 2097152 for ino 140422354233040
offset 0 and length 2097152 for ino 140422354233360
offset 0 and length 2097152 for ino 140422354233680
offset 0 and length 2097152 for ino 140422343216272
offset 0 and length 2097152 for ino 140422354234000
offset 0 and length 2097152 for ino 140422354234320
offset 0 and length 2097152 for ino 140422354234640
offset 0 and length 2097152 for ino 140422354234960
offset 0 and length 2097152 for ino 140422354235280
offset 0 and length 2097152 for ino 140422354235600
offset 0 and length 2097152 for ino 140422354235920
offset 0 and length 2097152 for ino 140422354236240
offset 0 and length 2097152 for ino 140422354236560
offset 0 and length 2097152 for ino 140422354236880
offset 0 and length 2097152 for ino 140422354237200
offset 0 and length 2097152 for ino 140422354237520
offset 0 and length 2097152 for ino 140422354237840
offset 0 and length 2097152 for ino 140422354238160
offset 0 and length 2097152 for ino 140422354238480
offset 0 and length 2097152 for ino 140422354238800
offset 0 and length 2097152 for ino 140422344725840
offset 0 and length 2097152 for ino 140422344726160
offset 0 and length 2097152 for ino 140422354239120
offset 0 and length 2097152 for ino 140422356959248
offset 0 and length 2097152 for ino 140422356959568
offset 0 and length 2097152 for ino 140422357828240
offset 0 and length 2097152 for ino 140422356959888
offset 0 and length 2097152 for ino 140422356960208
offset 0 and length 2097152 for ino 140422356960528
offset 0 and length 2097152 for ino 140422356960848
offset 0 and length 2097152 for ino 140422343477456
offset 0 and length 2097152 for ino 140422344726480
offset 0 and length 2097152 for ino 140422343119248
offset 0 and length 2097152 for ino 140422343477776
offset 0 and length 2097152 for ino 140422343870032
offset 0 and length 2097152 for ino 140422343870352
offset 0 and length 2097152 for ino 140422344726800
offset 0 and length 2097152 for ino 140422343216592
offset 0 and length 2097152 for ino 140422343608208
offset 0 and length 2097152 for ino 140422356961168
offset 0 and length 2097152 for ino 140422356961488
offset 0 and length 2097152 for ino 140422357828560
offset 0 and length 2097152 for ino 140422356961808
offset 0 and length 2097152 for ino 140422343119568
offset 0 and length 2097152 for ino 140422344328144
offset 0 and length 2097152 for ino 140422343119888
offset 0 and length 2097152 for ino 140422343120208
offset 0 and length 2097152 for ino 140422343120528
offset 0 and length 2097152 for ino 140422344727120
offset 0 and length 2097152 for ino 140422343870672
offset 0 and length 2097152 for ino 140422344727440
offset 0 and length 2097152 for ino 140422344727760
offset 0 and length 2097152 for ino 140422344728080
offset 0 and length 2097152 for ino 140422356962128
offset 0 and length 2097152 for ino 140422343216912
offset 0 and length 2097152 for ino 140422343217232
offset 0 and length 2097152 for ino 140422344728400
offset 0 and length 2097152 for ino 140422356962448
offset 0 and length 2097152 for ino 140422343120848
offset 0 and length 2097152 for ino 140422343870992
offset 0 and length 2097152 for ino 140422344728720
offset 0 and length 2097152 for ino 140422343121168
offset 0 and length 2097152 for ino 140422344729040
offset 0 and length 2097152 for ino 140422343121488
offset 0 and length 2097152 for ino 140422344729360
offset 0 and length 2097152 for ino 140422344729680
offset 0 and length 2097152 for ino 140422343871312
offset 0 and length 2097152 for ino 140422343871632
offset 0 and length 2097152 for ino 140422343871952
offset 0 and length 2097152 for ino 140422343121808
offset 0 and length 2097152 for ino 140422343122128
offset 0 and length 2097152 for ino 140422343122448
offset 0 and length 2097152 for ino 140422343122768
offset 0 and length 2097152 for ino 140422344730000
offset 0 and length 2097152 for ino 140422343123088
offset 0 and length 2097152 for ino 140422343123408
offset 0 and length 2097152 for ino 140422343123728
offset 0 and length 2097152 for ino 140422343217552
offset 0 and length 2097152 for ino 140422344730320
offset 0 and length 2097152 for ino 140422343124048
offset 0 and length 2097152 for ino 140422343478096
offset 0 and length 2097152 for ino 140422343872272
offset 0 and length 2097152 for ino 140422356962768
offset 0 and length 2097152 for ino 140422343608528
offset 0 and length 2097152 for ino 140422344730640
offset 0 and length 2097152 for ino 140422356963088
offset 0 and length 2097152 for ino 140422344730960
offset 0 and length 2097152 for ino 140422343124368
offset 0 and length 2097152 for ino 140422343124688
offset 0 and length 2097152 for ino 140422344731280
offset 0 and length 2097152 for ino 140422343478416
offset 0 and length 2097152 for ino 140422344731600
offset 0 and length 2097152 for ino 140422343872592
offset 0 and length 2097152 for ino 140422343872912
offset 0 and length 2097152 for ino 140422343873232
offset 0 and length 2097152 for ino 140422344328464
offset 0 and length 2097152 for ino 140422344731920
offset 0 and length 2097152 for ino 140422344732240
offset 0 and length 2097152 for ino 140422343873552
offset 0 and length 2097152 for ino 140422344732560
offset 0 and length 2097152 for ino 140422344732880
offset 0 and length 2097152 for ino 140422344733200
offset 0 and length 2097152 for ino 140422356963408
offset 0 and length 2097152 for ino 140422343873872
offset 0 and length 2097152 for ino 140422344733520
offset 0 and length 2097152 for ino 140422344733840
offset 0 and length 2097152 for ino 140422356963728
offset 0 and length 2097152 for ino 140422344734160
offset 0 and length 2097152 for ino 140422356964048
offset 0 and length 2097152 for ino 140422344734480
offset 0 and length 2097152 for ino 140422344734800
offset 0 and length 2097152 for ino 140422343874192
offset 0 and length 2097152 for ino 140422343874512
offset 0 and length 2097152 for ino 140422343125008
offset 0 and length 2097152 for ino 140422343125328
offset 0 and length 2097152 for ino 140422344735120
offset 0 and length 2097152 for ino 140422343125648
offset 0 and length 2097152 for ino 140422343125968
offset 0 and length 2097152 for ino 140422344735440
offset 0 and length 2097152 for ino 140422344735760
offset 0 and length 2097152 for ino 140422344736080
offset 0 and length 2097152 for ino 140422343126288
offset 0 and length 2097152 for ino 140422343126608
offset 0 and length 2097152 for ino 140422344736400
offset 0 and length 2097152 for ino 140422347866128
offset 0 and length 2097152 for ino 140422343874832
offset 0 and length 2097152 for ino 140422347866448
offset 0 and length 2097152 for ino 140422343875152
offset 0 and length 2097152 for ino 140422343126928
offset 0 and length 2097152 for ino 140422343478736
offset 0 and length 2097152 for ino 140422344328784
offset 0 and length 2097152 for ino 140422347866768
offset 0 and length 2097152 for ino 140422347867088
offset 0 and length 2097152 for ino 140422344329104
offset 0 and length 2097152 for ino 140422344329424
offset 0 and length 2097152 for ino 140422344329744
offset 0 and length 2097152 for ino 140422343875472
offset 0 and length 2097152 for ino 140422347867408
offset 0 and length 2097152 for ino 140422343127248
offset 0 and length 2097152 for ino 140422347867728
offset 0 and length 2097152 for ino 140422343217872
offset 0 and length 2097152 for ino 140422343875792
offset 0 and length 2097152 for ino 140422343876112
offset 0 and length 2097152 for ino 140422343608848
offset 0 and length 2097152 for ino 140422356964368
offset 0 and length 2097152 for ino 140422347868048
offset 0 and length 2097152 for ino 140422347868368
offset 0 and length 2097152 for ino 140422343876432
offset 0 and length 2097152 for ino 140422343876752
offset 0 and length 2097152 for ino 140422344000784
offset 0 and length 2097152 for ino 140422347868688
offset 0 and length 2097152 for ino 140422356964688
offset 0 and length 2097152 for ino 140422357828880
offset 0 and length 2097152 for ino 140422343877072
offset 0 and length 2097152 for ino 140422347869008
offset 0 and length 2097152 for ino 140422347869328
offset 0 and length 2097152 for ino 140422343877392
offset 0 and length 2097152 for ino 140422347869648
offset 0 and length 2097152 for ino 140422357829200
offset 0 and length 2097152 for ino 140422347869968
offset 0 and length 2097152 for ino 140422347870288
offset 0 and length 2097152 for ino 140422347870608
offset 0 and length 2097152 for ino 140422347870928
offset 0 and length 2097152 for ino 140422347871248
offset 0 and length 2097152 for ino 140422347871568
offset 0 and length 2097152 for ino 140422343877712
offset 0 and length 2097152 for ino 140422347871888
offset 0 and length 2097152 for ino 140422356965008
offset 0 and length 2097152 for ino 140422343878032
offset 0 and length 2097152 for ino 140422343878352
offset 0 and length 2097152 for ino 140422343878672
offset 0 and length 2097152 for ino 140422347872208
offset 0 and length 2097152 for ino 140422343609168
offset 0 and length 2097152 for ino 140422343878992
offset 0 and length 2097152 for ino 140422347872528
offset 0 and length 2097152 for ino 140422356965328
offset 0 and length 2097152 for ino 140422347872848
offset 0 and length 2097152 for ino 140422347873168
offset 0 and length 2097152 for ino 140422347873488
offset 0 and length 2097152 for ino 140422347873808
offset 0 and length 2097152 for ino 140422343127568
offset 0 and length 2097152 for ino 140422343218192
offset 0 and length 2097152 for ino 140422347874128
offset 0 and length 2097152 for ino 140422357829520
offset 0 and length 2097152 for ino 140422347874448
offset 0 and length 2097152 for ino 140422343609488
offset 0 and length 2097152 for ino 140422343609808
offset 0 and length 2097152 for ino 140422347874768
offset 0 and length 2097152 for ino 140422357829840
offset 0 and length 2097152 for ino 140422347875088
offset 0 and length 2097152 for ino 140422343879312
offset 0 and length 2097152 for ino 140422347875408
offset 0 and length 2097152 for ino 140422343479056
offset 0 and length 2097152 for ino 140422347875728
offset 0 and length 2097152 for ino 140422344330064
offset 0 and length 2097152 for ino 140422343879632
offset 0 and length 2097152 for ino 140422347876048
offset 0 and length 2097152 for ino 140422347876368
offset 0 and length 2097152 for ino 140422356965648
offset 0 and length 2097152 for ino 140422347876688
offset 0 and length 2097152 for ino 140422357830160
offset 0 and length 2097152 for ino 140422357830480
offset 0 and length 2097152 for ino 140422347877008
offset 0 and length 2097152 for ino 140422344330384
offset 0 and length 2097152 for ino 140422357830800
offset 0 and length 2097152 for ino 140422343879952
offset 0 and length 2097152 for ino 140422347877328
offset 0 and length 2097152 for ino 140422344330704
offset 0 and length 2097152 for ino 140422347877648
offset 0 and length 2097152 for ino 140422356965968
offset 0 and length 2097152 for ino 140422356966288
offset 0 and length 2097152 for ino 140422356966608
offset 0 and length 2097152 for ino 140422356966928
offset 0 and length 2097152 for ino 140422356967248
offset 0 and length 2097152 for ino 140422356967568
offset 0 and length 2097152 for ino 140422356967888
offset 0 and length 2097152 for ino 140422356968208
offset 0 and length 2097152 for ino 140422356968528
offset 0 and length 2097152 for ino 140422356968848
offset 0 and length 2097152 for ino 140422356969168
offset 0 and length 2097152 for ino 140422356969488
offset 0 and length 2097152 for ino 140422343610128
offset 0 and length 2097152 for ino 140422347877968
offset 0 and length 2097152 for ino 140422344331024
offset 0 and length 2097152 for ino 140422356969808
offset 0 and length 2097152 for ino 140422347878288
offset 0 and length 2097152 for ino 140422343218512
offset 0 and length 2097152 for ino 140422356970128
offset 0 and length 2097152 for ino 140422356970448
offset 0 and length 2097152 for ino 140422356970768
offset 0 and length 2097152 for ino 140422356971088
offset 0 and length 2097152 for ino 140422356971408
offset 0 and length 2097152 for ino 140422356971728
offset 0 and length 2097152 for ino 140422356972048
offset 0 and length 2097152 for ino 140422356972368
offset 0 and length 2097152 for ino 140422356972688
offset 0 and length 2097152 for ino 140422356973008
offset 0 and length 2097152 for ino 140422356973328
offset 0 and length 2097152 for ino 140422356973648
offset 0 and length 2097152 for ino 140422356973968
offset 0 and length 2097152 for ino 140422356974288
offset 0 and length 2097152 for ino 140422356974608
offset 0 and length 2097152 for ino 140422356974928
offset 0 and length 2097152 for ino 140422356975248
offset 0 and length 2097152 for ino 140422190891024
offset 0 and length 2097152 for ino 140422190891344
offset 0 and length 2097152 for ino 140422190891664
offset 0 and length 2097152 for ino 140422190891984
offset 0 and length 2097152 for ino 140422190892304
offset 0 and length 2097152 for ino 140422190892624
offset 0 and length 2097152 for ino 140422190892944
offset 0 and length 2097152 for ino 140422347878608
offset 0 and length 2097152 for ino 140422343880272
offset 0 and length 2097152 for ino 140422357831120
offset 0 and length 2097152 for ino 140422347878928
offset 0 and length 2097152 for ino 140422190893264
offset 0 and length 2097152 for ino 140422347879248
offset 0 and length 2097152 for ino 140422347879568
offset 0 and length 2097152 for ino 140422347879888
offset 0 and length 2097152 for ino 140422347880208
offset 0 and length 2097152 for ino 140422347880528
offset 0 and length 2097152 for ino 140422347880848
offset 0 and length 2097152 for ino 140422347881168
offset 0 and length 2097152 for ino 140422190893584
offset 0 and length 2097152 for ino 140422190893904
offset 0 and length 2097152 for ino 140422347881488
offset 0 and length 2097152 for ino 140422190894224
offset 0 and length 2097152 for ino 140422347881808
offset 0 and length 2097152 for ino 140422190894544
offset 0 and length 2097152 for ino 140422347882128
offset 0 and length 2097152 for ino 140422190894864
offset 0 and length 2097152 for ino 140422190895184
offset 0 and length 2097152 for ino 140422190895504
offset 0 and length 2097152 for ino 140422343218832
offset 0 and length 2097152 for ino 140422190895824
offset 0 and length 2097152 for ino 140422190896144
offset 0 and length 2097152 for ino 140422343127888
offset 0 and length 2097152 for ino 140422343128208
offset 0 and length 2097152 for ino 140422190896464
offset 0 and length 2097152 for ino 140422343479376
offset 0 and length 2097152 for ino 140422344331344
offset 0 and length 2097152 for ino 140422352699408
offset 0 and length 2097152 for ino 140422190896784
offset 0 and length 2097152 for ino 140422190897104
offset 0 and length 2097152 for ino 140422190897424
offset 0 and length 2097152 for ino 140422190897744
offset 0 and length 2097152 for ino 140422190898064
offset 0 and length 2097152 for ino 140422190898384
offset 0 and length 2097152 for ino 140422190898704
offset 0 and length 2097152 for ino 140422352699728
offset 0 and length 2097152 for ino 140422352700048
offset 0 and length 2097152 for ino 140422190899024
offset 0 and length 2097152 for ino 140422190899344
offset 0 and length 2097152 for ino 140422343880592
offset 0 and length 2097152 for ino 140422190899664
offset 0 and length 2097152 for ino 140422190899984
offset 0 and length 2097152 for ino 140422190900304
offset 0 and length 2097152 for ino 140422190900624
offset 0 and length 2097152 for ino 140422190900944
offset 0 and length 2097152 for ino 140422190901264
offset 0 and length 2097152 for ino 140422352700368
offset 0 and length 2097152 for ino 140422190901584
offset 0 and length 2097152 for ino 140422190901904
offset 0 and length 2097152 for ino 140422190902224
offset 0 and length 2097152 for ino 140422190902544
offset 0 and length 2097152 for ino 140422190902864
offset 0 and length 2097152 for ino 140422352700688
offset 0 and length 2097152 for ino 140422352701008
offset 0 and length 2097152 for ino 140422190903184
offset 0 and length 2097152 for ino 140422190903504
offset 0 and length 2097152 for ino 140422343610448
offset 0 and length 2097152 for ino 140422190903824
offset 0 and length 2097152 for ino 140422343610768
offset 0 and length 2097152 for ino 140422343128528
offset 0 and length 2097152 for ino 140422343128848
offset 0 and length 2097152 for ino 140422343129168
offset 0 and length 2097152 for ino 140422343129488
offset 0 and length 2097152 for ino 140422352701328
offset 0 and length 2097152 for ino 140422190904144
offset 0 and length 2097152 for ino 140422190904464
offset 0 and length 2097152 for ino 140422344331664
offset 0 and length 2097152 for ino 140422190904784
offset 0 and length 2097152 for ino 140422344001104
offset 0 and length 2097152 for ino 140422190905104
offset 0 and length 2097152 for ino 140422190905424
offset 0 and length 2097152 for ino 140422190905744
offset 0 and length 2097152 for ino 140422190906064
offset 0 and length 2097152 for ino 140422190906384
offset 0 and length 2097152 for ino 140422190906704
offset 0 and length 2097152 for ino 140422343880912
offset 0 and length 2097152 for ino 140422352701648
offset 0 and length 2097152 for ino 140422190907024
offset 0 and length 2097152 for ino 140422186287120
offset 0 and length 2097152 for ino 140422186287440
offset 0 and length 2097152 for ino 140422186287760
offset 0 and length 2097152 for ino 140422186288080
offset 0 and length 2097152 for ino 140422186288400
offset 0 and length 2097152 for ino 140422186288720
offset 0 and length 2097152 for ino 140422344331984
offset 0 and length 2097152 for ino 140422186289040
offset 0 and length 2097152 for ino 140422186289360
offset 0 and length 2097152 for ino 140422186289680
offset 0 and length 2097152 for ino 140422357831440
offset 0 and length 2097152 for ino 140422344001424
offset 0 and length 2097152 for ino 140422186290000
offset 0 and length 2097152 for ino 140422186290320
offset 0 and length 2097152 for ino 140422186290640
offset 0 and length 2097152 for ino 140422186290960
offset 0 and length 2097152 for ino 140422186291280
offset 0 and length 2097152 for ino 140422186291600
offset 0 and length 2097152 for ino 140422186291920
offset 0 and length 2097152 for ino 140422186292240
offset 0 and length 2097152 for ino 140422186292560
offset 0 and length 2097152 for ino 140422186292880
offset 0 and length 2097152 for ino 140422186293200
offset 0 and length 2097152 for ino 140422352701968
offset 0 and length 2097152 for ino 140422186293520
offset 0 and length 2097152 for ino 140422186293840
offset 0 and length 2097152 for ino 140422186294160
offset 0 and length 2097152 for ino 140422186294480
offset 0 and length 2097152 for ino 140422186294800
offset 0 and length 2097152 for ino 140422343129808
