Harness starting.
 /home/sevag/CLionProjects/FuseFileSystemBoC/cmake-build-release/FuseFileSystemBoC --seed 3154610125

Pinning to Core:40
creating 512 mb file systemoffset 0 and length 62914560 for ino 140188206678032
offset 0 and length 62914560 for ino 140188206579728
offset 0 and length 62914560 for ino 140188206580048
offset 0 and length 62914560 for ino 140188206580368
offset 0 and length 62914560 for ino 140188206580688
offset 0 and length 62914560 for ino 140188206581008
offset 0 and length 62914560 for ino 140188206581328
offset 0 and length 62914560 for ino 140188206581648
offset 0 and length 62914560 for ino 140188206581968
offset 0 and length 62914560 for ino 140188206582288
offset 0 and length 62914560 for ino 140188206582608
offset 0 and length 62914560 for ino 140188206582928
offset 0 and length 62914560 for ino 140188206583248
offset 0 and length 62914560 for ino 140188206583568
offset 0 and length 62914560 for ino 140188206583888
offset 0 and length 62914560 for ino 140188206584208
offset 0 and length 62914560 for ino 140188206584528
offset 0 and length 62914560 for ino 140188206584848
offset 0 and length 62914560 for ino 140188206585168
offset 0 and length 62914560 for ino 140188206585488
offset 0 and length 62914560 for ino 140187782807568
offset 0 and length 62914560 for ino 140188208201744
offset 0 and length 62914560 for ino 140188208021520
offset 0 and length 62914560 for ino 140187782807888
offset 0 and length 62914560 for ino 140188206585808
offset 0 and length 62914560 for ino 140188206586128
offset 0 and length 62914560 for ino 140188206586448
offset 0 and length 62914560 for ino 140188206586768
offset 0 and length 62914560 for ino 140188206587088
offset 0 and length 62914560 for ino 140188206587408
offset 0 and length 62914560 for ino 140188206587728
offset 0 and length 62914560 for ino 140188206588048
offset 0 and length 62914560 for ino 140188206588368
offset 0 and length 62914560 for ino 140188206588688
offset 0 and length 62914560 for ino 140188206589008
offset 0 and length 62914560 for ino 140188206589328
offset 0 and length 62914560 for ino 140188206589648
offset 0 and length 62914560 for ino 140188208021840
offset 0 and length 62914560 for ino 140188206678352
offset 0 and length 62914560 for ino 140188206589968
offset 0 and length 62914560 for ino 140188208218128
offset 0 and length 62914560 for ino 140188208218448
offset 0 and length 62914560 for ino 140188206590288
offset 0 and length 62914560 for ino 140188206590608
offset 0 and length 62914560 for ino 140188209332240
offset 0 and length 62914560 for ino 140188206590928
offset 0 and length 62914560 for ino 140187782808208
offset 0 and length 62914560 for ino 140187782808528
offset 0 and length 62914560 for ino 140187782808848
offset 0 and length 62914560 for ino 140187782809168
offset 0 and length 62914560 for ino 140187782809488
offset 0 and length 62914560 for ino 140188206678672
offset 0 and length 62914560 for ino 140187781513232
offset 0 and length 62914560 for ino 140187781513552
offset 0 and length 62914560 for ino 140188206678992
offset 0 and length 62914560 for ino 140188206679312
offset 0 and length 62914560 for ino 140188206679632
offset 0 and length 62914560 for ino 140188206679952
offset 0 and length 62914560 for ino 140187764736016
offset 0 and length 62914560 for ino 140188206591248
offset 0 and length 62914560 for ino 140188206591568
offset 0 and length 62914560 for ino 140188206591888
offset 0 and length 62914560 for ino 140188206592208
offset 0 and length 62914560 for ino 140187764736336
offset 0 and length 62914560 for ino 140187764736656
offset 0 and length 62914560 for ino 140187764736976
offset 0 and length 62914560 for ino 140187764737296
offset 0 and length 62914560 for ino 140188206592528
offset 0 and length 62914560 for ino 140188208218768
offset 0 and length 62914560 for ino 140188208219088
offset 0 and length 62914560 for ino 140188208219408
offset 0 and length 62914560 for ino 140188208219728
offset 0 and length 62914560 for ino 140188208220048
offset 0 and length 62914560 for ino 140187782809808
offset 0 and length 62914560 for ino 140187782810128
offset 0 and length 62914560 for ino 140187782810448
offset 0 and length 62914560 for ino 140188206592848
offset 0 and length 62914560 for ino 140188206593168
offset 0 and length 62914560 for ino 140188206593488
offset 0 and length 62914560 for ino 140188206593808
offset 0 and length 62914560 for ino 140188208202064
offset 0 and length 62914560 for ino 140187781513872
offset 0 and length 62914560 for ino 140188208202384
offset 0 and length 62914560 for ino 140188208202704
offset 0 and length 62914560 for ino 140187781514192
offset 0 and length 62914560 for ino 140187781514512
offset 0 and length 62914560 for ino 140187781514832
offset 0 and length 62914560 for ino 140187781515152
offset 0 and length 62914560 for ino 140187781515472
offset 0 and length 62914560 for ino 140187781515792
offset 0 and length 62914560 for ino 140187782810768
offset 0 and length 62914560 for ino 140187782811088
offset 0 and length 62914560 for ino 140188206594128
offset 0 and length 62914560 for ino 140187781516112
offset 0 and length 62914560 for ino 140187781516432
offset 0 and length 62914560 for ino 140187781516752
offset 0 and length 62914560 for ino 140187781517072
offset 0 and length 62914560 for ino 140187781517392
offset 0 and length 62914560 for ino 140187782811408
offset 0 and length 62914560 for ino 140188206594448
offset 0 and length 62914560 for ino 140188206594768
offset 0 and length 62914560 for ino 140188206595088
offset 0 and length 62914560 for ino 140188206595408
offset 0 and length 62914560 for ino 140187781517712
offset 0 and length 62914560 for ino 140187781518032
offset 0 and length 62914560 for ino 140187781518352
offset 0 and length 62914560 for ino 140188206595728
offset 0 and length 62914560 for ino 140187076198416
offset 0 and length 62914560 for ino 140187076198736
offset 0 and length 62914560 for ino 140187781518672
offset 0 and length 62914560 for ino 140187076199056
offset 0 and length 62914560 for ino 140187781518992
offset 0 and length 62914560 for ino 140187781519312
offset 0 and length 62914560 for ino 140187781519632
offset 0 and length 62914560 for ino 140187781519952
offset 0 and length 62914560 for ino 140187781520272
offset 0 and length 62914560 for ino 140187781520592
offset 0 and length 62914560 for ino 140188208203024
offset 0 and length 62914560 for ino 140187782811728
offset 0 and length 62914560 for ino 140187782812048
offset 0 and length 62914560 for ino 140187782812368
offset 0 and length 62914560 for ino 140187782812688
offset 0 and length 62914560 for ino 140187782813008
offset 0 and length 62914560 for ino 140187782813328
offset 0 and length 62914560 for ino 140187076199376
offset 0 and length 62914560 for ino 140187076199696
offset 0 and length 62914560 for ino 140187076200016
offset 0 and length 62914560 for ino 140187076200336
offset 0 and length 62914560 for ino 140188206680272
offset 0 and length 62914560 for ino 140187076200656
offset 0 and length 62914560 for ino 140187076200976
offset 0 and length 62914560 for ino 140187782813648
offset 0 and length 62914560 for ino 140188206680592
offset 0 and length 62914560 for ino 140188208203344
offset 0 and length 62914560 for ino 140187753201680
offset 0 and length 62914560 for ino 140187753202000
offset 0 and length 62914560 for ino 140187076201296
offset 0 and length 62914560 for ino 140187076201616
offset 0 and length 62914560 for ino 140188206680912
offset 0 and length 62914560 for ino 140187076201936
offset 0 and length 62914560 for ino 140187782813968
offset 0 and length 62914560 for ino 140187782814288
offset 0 and length 62914560 for ino 140187076202256
offset 0 and length 62914560 for ino 140187764737616
offset 0 and length 62914560 for ino 140187764737936
offset 0 and length 62914560 for ino 140187764738256
offset 0 and length 62914560 for ino 140187764738576
offset 0 and length 62914560 for ino 140187764738896
offset 0 and length 62914560 for ino 140188208220368
offset 0 and length 62914560 for ino 140187753202320
offset 0 and length 62914560 for ino 140187782814608
offset 0 and length 62914560 for ino 140187781520912
offset 0 and length 62914560 for ino 140188208022160
offset 0 and length 62914560 for ino 140187076202576
offset 0 and length 62914560 for ino 140187076202896
offset 0 and length 62914560 for ino 140187076203216
offset 0 and length 62914560 for ino 140187076203536
offset 0 and length 62914560 for ino 140187076203856
offset 0 and length 62914560 for ino 140187781521232
offset 0 and length 62914560 for ino 140187076204176
offset 0 and length 62914560 for ino 140187076204496
offset 0 and length 62914560 for ino 140187076204816
offset 0 and length 62914560 for ino 140187076205136
offset 0 and length 62914560 for ino 140187076205456
offset 0 and length 62914560 for ino 140187076205776
offset 0 and length 62914560 for ino 140187781521552
offset 0 and length 62914560 for ino 140187781521872
offset 0 and length 62914560 for ino 140187781522192
offset 0 and length 62914560 for ino 140187781522512
offset 0 and length 62914560 for ino 140187781522832
offset 0 and length 62914560 for ino 140187781523152
offset 0 and length 62914560 for ino 140187781523472
offset 0 and length 62914560 for ino 140187753202640
offset 0 and length 62914560 for ino 140187781523792
offset 0 and length 62914560 for ino 140187781524112
offset 0 and length 62914560 for ino 140187781524432
offset 0 and length 62914560 for ino 140187781524752
offset 0 and length 62914560 for ino 140188206681232
offset 0 and length 62914560 for ino 140188209332560
offset 0 and length 62914560 for ino 140188209332880
offset 0 and length 62914560 for ino 140187782814928
offset 0 and length 62914560 for ino 140187782815248
offset 0 and length 62914560 for ino 140187782815568
offset 0 and length 62914560 for ino 140187782815888
offset 0 and length 62914560 for ino 140187781525072
offset 0 and length 62914560 for ino 140187076206096
offset 0 and length 62914560 for ino 140187076206416
offset 0 and length 62914560 for ino 140187076206736
offset 0 and length 62914560 for ino 140187076207056
offset 0 and length 62914560 for ino 140188208203664
offset 0 and length 62914560 for ino 140188206681552
offset 0 and length 62914560 for ino 140187782816208
offset 0 and length 62914560 for ino 140187782816528
offset 0 and length 62914560 for ino 140187782816848
offset 0 and length 62914560 for ino 140187782817168
offset 0 and length 62914560 for ino 140187782817488
offset 0 and length 62914560 for ino 140188208203984
offset 0 and length 62914560 for ino 140187782817808
offset 0 and length 62914560 for ino 140187781525392
offset 0 and length 62914560 for ino 140187781525712
offset 0 and length 62914560 for ino 140187781526032
offset 0 and length 62914560 for ino 140187781526352
offset 0 and length 62914560 for ino 140187781526672
offset 0 and length 62914560 for ino 140187781526992
offset 0 and length 62914560 for ino 140187781527312
offset 0 and length 62914560 for ino 140187781527632
offset 0 and length 62914560 for ino 140187781527952
offset 0 and length 62914560 for ino 140187781528272
offset 0 and length 62914560 for ino 140187781528592
offset 0 and length 62914560 for ino 140187781528912
offset 0 and length 62914560 for ino 140187781529232
offset 0 and length 62914560 for ino 140181642444816
offset 0 and length 62914560 for ino 140187076207376
offset 0 and length 62914560 for ino 140181642445136
offset 0 and length 62914560 for ino 140181642445456
offset 0 and length 62914560 for ino 140181642445776
offset 0 and length 62914560 for ino 140187076207696
offset 0 and length 62914560 for ino 140187076208016
offset 0 and length 62914560 for ino 140187782818128
offset 0 and length 62914560 for ino 140187782818448
offset 0 and length 62914560 for ino 140187782818768
offset 0 and length 62914560 for ino 140187782819088
offset 0 and length 62914560 for ino 140187782819408
offset 0 and length 62914560 for ino 140187764739216
offset 0 and length 62914560 for ino 140187782819728
offset 0 and length 62914560 for ino 140187753202960
offset 0 and length 62914560 for ino 140187076208336
offset 0 and length 62914560 for ino 140181642446096
offset 0 and length 62914560 for ino 140181642446416
offset 0 and length 62914560 for ino 140181642446736
offset 0 and length 62914560 for ino 140181642447056
offset 0 and length 62914560 for ino 140181642447376
offset 0 and length 62914560 for ino 140181642447696
offset 0 and length 62914560 for ino 140188209333200
offset 0 and length 62914560 for ino 140188208204304
offset 0 and length 62914560 for ino 140188208204624
offset 0 and length 62914560 for ino 140187076208656
offset 0 and length 62914560 for ino 140188208204944
offset 0 and length 62914560 for ino 140181642448016
offset 0 and length 62914560 for ino 140181642448336
offset 0 and length 62914560 for ino 140181642448656
offset 0 and length 62914560 for ino 140181642448976
offset 0 and length 62914560 for ino 140181642449296
offset 0 and length 62914560 for ino 140187076208976
offset 0 and length 62914560 for ino 140187076209296
offset 0 and length 62914560 for ino 140188206681872
offset 0 and length 62914560 for ino 140187076209616
offset 0 and length 62914560 for ino 140187076209936
offset 0 and length 62914560 for ino 140187782820048
offset 0 and length 62914560 for ino 140181642449616
offset 0 and length 62914560 for ino 140181642449936
offset 0 and length 62914560 for ino 140181642450256
offset 0 and length 62914560 for ino 140181642450576
offset 0 and length 62914560 for ino 140181642450896
offset 0 and length 62914560 for ino 140188208220688
offset 0 and length 62914560 for ino 140188208221008
offset 0 and length 62914560 for ino 140188208221328
offset 0 and length 62914560 for ino 140187782820368
offset 0 and length 62914560 for ino 140187782820688
offset 0 and length 62914560 for ino 140187076210256
offset 0 and length 62914560 for ino 140187782821008
offset 0 and length 62914560 for ino 140187782821328
offset 0 and length 62914560 for ino 140187782821648
offset 0 and length 62914560 for ino 140187782821968
offset 0 and length 62914560 for ino 140187782822288
offset 0 and length 62914560 for ino 140187782822608
offset 0 and length 62914560 for ino 140187782822928
offset 0 and length 62914560 for ino 140187782823248
offset 0 and length 62914560 for ino 140187782823568
offset 0 and length 62914560 for ino 140187076210576
offset 0 and length 62914560 for ino 140181642451216
offset 0 and length 62914560 for ino 140178177949712
offset 0 and length 62914560 for ino 140178177950032
offset 0 and length 62914560 for ino 140181642451536
offset 0 and length 62914560 for ino 140181642451856
offset 0 and length 62914560 for ino 140181642452176
offset 0 and length 62914560 for ino 140187076210896
offset 0 and length 62914560 for ino 140178177950352
offset 0 and length 62914560 for ino 140178177950672
offset 0 and length 62914560 for ino 140181642452496
offset 0 and length 62914560 for ino 140181642452816
offset 0 and length 62914560 for ino 140181642453136
offset 0 and length 62914560 for ino 140187076211216
offset 0 and length 62914560 for ino 140187076211536
offset 0 and length 62914560 for ino 140187753203280
offset 0 and length 62914560 for ino 140188206682192
offset 0 and length 62914560 for ino 140181642453456
offset 0 and length 62914560 for ino 140181642453776
offset 0 and length 62914560 for ino 140181642454096
offset 0 and length 62914560 for ino 140187076211856
offset 0 and length 62914560 for ino 140187076212176
offset 0 and length 62914560 for ino 140187076212496
offset 0 and length 62914560 for ino 140187076212816
offset 0 and length 62914560 for ino 140187076213136
offset 0 and length 62914560 for ino 140187076213456
offset 0 and length 62914560 for ino 140187076213776
offset 0 and length 62914560 for ino 140188208022480
offset 0 and length 62914560 for ino 140188208022800
offset 0 and length 62914560 for ino 140188208023120
offset 0 and length 62914560 for ino 140187076214096
offset 0 and length 62914560 for ino 140187076214416
offset 0 and length 62914560 for ino 140181642454416
offset 0 and length 62914560 for ino 140181642454736
offset 0 and length 62914560 for ino 140181642455056
offset 0 and length 62914560 for ino 140181642455376
offset 0 and length 62914560 for ino 140181642455696
offset 0 and length 62914560 for ino 140181642456016
offset 0 and length 62914560 for ino 140181642456336
offset 0 and length 62914560 for ino 140181642456656
offset 0 and length 62914560 for ino 140181642456976
offset 0 and length 62914560 for ino 140181642457296
offset 0 and length 62914560 for ino 140178144444432
offset 0 and length 62914560 for ino 140178144444752
offset 0 and length 62914560 for ino 140178144445072
offset 0 and length 62914560 for ino 140178144445392
offset 0 and length 62914560 for ino 140178177950992
offset 0 and length 62914560 for ino 140188208205264
offset 0 and length 62914560 for ino 140188208205584
offset 0 and length 62914560 for ino 140188206682512
offset 0 and length 62914560 for ino 140188206682832
offset 0 and length 62914560 for ino 140188208205904
offset 0 and length 62914560 for ino 140178144445712
offset 0 and length 62914560 for ino 140188208206224
offset 0 and length 62914560 for ino 140178144446032
offset 0 and length 62914560 for ino 140178144446352
offset 0 and length 62914560 for ino 140181642457616
offset 0 and length 62914560 for ino 140181642457936
offset 0 and length 62914560 for ino 140188206683152
offset 0 and length 62914560 for ino 140188206683472
offset 0 and length 62914560 for ino 140188206683792
offset 0 and length 62914560 for ino 140188206684112
offset 0 and length 62914560 for ino 140178177951312
offset 0 and length 62914560 for ino 140178177951632
offset 0 and length 62914560 for ino 140178144446672
offset 0 and length 62914560 for ino 140178144446992
offset 0 and length 62914560 for ino 140178144447312
offset 0 and length 62914560 for ino 140178144447632
offset 0 and length 62914560 for ino 140187764739536
offset 0 and length 62914560 for ino 140178177951952
offset 0 and length 62914560 for ino 140178144447952
offset 0 and length 62914560 for ino 140178144448272
offset 0 and length 62914560 for ino 140178144448592
offset 0 and length 62914560 for ino 140187753203600
offset 0 and length 62914560 for ino 140181642458256
offset 0 and length 62914560 for ino 140178144448912
offset 0 and length 62914560 for ino 140178144449232
offset 0 and length 62914560 for ino 140178144449552
offset 0 and length 62914560 for ino 140178144449872
offset 0 and length 62914560 for ino 140178144450192
offset 0 and length 62914560 for ino 140178144450512
offset 0 and length 62914560 for ino 140178144450832
offset 0 and length 62914560 for ino 140178144451152
offset 0 and length 62914560 for ino 140178144451472
offset 0 and length 62914560 for ino 140178144451792
offset 0 and length 62914560 for ino 140178144452112
offset 0 and length 62914560 for ino 140181642458576
offset 0 and length 62914560 for ino 140178144452432
offset 0 and length 62914560 for ino 140178144452752
offset 0 and length 62914560 for ino 140178144453072
offset 0 and length 62914560 for ino 140187753203920
offset 0 and length 62914560 for ino 140178177952272
offset 0 and length 62914560 for ino 140181642458896
offset 0 and length 62914560 for ino 140181642459216
offset 0 and length 62914560 for ino 140181642459536
offset 0 and length 62914560 for ino 140181642459856
offset 0 and length 62914560 for ino 140181642460176
offset 0 and length 62914560 for ino 140178144453392
offset 0 and length 62914560 for ino 140178144453712
offset 0 and length 62914560 for ino 140178177952592
offset 0 and length 62914560 for ino 140178144454032
offset 0 and length 62914560 for ino 140178144454352
offset 0 and length 62914560 for ino 140188206684432
offset 0 and length 62914560 for ino 140188206684752
offset 0 and length 62914560 for ino 140188206685072
offset 0 and length 62914560 for ino 140188206685392
offset 0 and length 62914560 for ino 140188206685712
offset 0 and length 62914560 for ino 140187764739856
offset 0 and length 62914560 for ino 140187764740176
offset 0 and length 62914560 for ino 140188206686032
offset 0 and length 62914560 for ino 140188206686352
offset 0 and length 62914560 for ino 140187753204240
offset 0 and length 62914560 for ino 140187753204560
offset 0 and length 62914560 for ino 140178144454672
offset 0 and length 62914560 for ino 140178144454992
offset 0 and length 62914560 for ino 140178144455312
offset 0 and length 62914560 for ino 140178144455632
offset 0 and length 62914560 for ino 140178144455952
offset 0 and length 62914560 for ino 140178144456272
offset 0 and length 62914560 for ino 140178144456592
offset 0 and length 62914560 for ino 140178144456912
offset 0 and length 62914560 for ino 140178144457232
offset 0 and length 62914560 for ino 140178144457552
offset 0 and length 62914560 for ino 140178144457872
offset 0 and length 62914560 for ino 140178144458192
offset 0 and length 62914560 for ino 140181642460496
offset 0 and length 62914560 for ino 140188208221648
offset 0 and length 62914560 for ino 140178177952912
offset 0 and length 62914560 for ino 140178144458512
offset 0 and length 62914560 for ino 140188206686672
offset 0 and length 62914560 for ino 140188206686992
offset 0 and length 62914560 for ino 140178177953232
offset 0 and length 62914560 for ino 140188208206544
offset 0 and length 62914560 for ino 140178144458832
offset 0 and length 62914560 for ino 140178144459152
offset 0 and length 62914560 for ino 140187764740496
offset 0 and length 62914560 for ino 140188206687312
offset 0 and length 62914560 for ino 140188206687632
offset 0 and length 62914560 for ino 140178144459472
offset 0 and length 62914560 for ino 140178144459792
offset 0 and length 62914560 for ino 140178144460112
offset 0 and length 62914560 for ino 140188206687952
offset 0 and length 62914560 for ino 140178144460432
offset 0 and length 62914560 for ino 140172815597584
offset 0 and length 62914560 for ino 140188206688272
offset 0 and length 62914560 for ino 140172815597904
offset 0 and length 62914560 for ino 140188208206864
offset 0 and length 62914560 for ino 140188208207184
offset 0 and length 62914560 for ino 140188208221968
offset 0 and length 62914560 for ino 140181642460816
offset 0 and length 62914560 for ino 140172790382608
offset 0 and length 62914560 for ino 140178177953552
offset 0 and length 62914560 for ino 140178177953872
offset 0 and length 62914560 for ino 140178177954192
offset 0 and length 62914560 for ino 140178177954512
offset 0 and length 62914560 for ino 140178177954832
offset 0 and length 62914560 for ino 140172790382928
offset 0 and length 62914560 for ino 140172790383248
offset 0 and length 62914560 for ino 140178177955152
offset 0 and length 62914560 for ino 140178177955472
offset 0 and length 62914560 for ino 140188206688592
offset 0 and length 62914560 for ino 140172790383568
offset 0 and length 62914560 for ino 140188208222288
offset 0 and length 62914560 for ino 140172790383888
offset 0 and length 62914560 for ino 140172815598224
offset 0 and length 62914560 for ino 140172815598544
offset 0 and length 62914560 for ino 140172815598864
offset 0 and length 62914560 for ino 140172815599184
offset 0 and length 62914560 for ino 140172815599504
offset 0 and length 62914560 for ino 140172815599824
offset 0 and length 62914560 for ino 140172815600144
offset 0 and length 62914560 for ino 140178177955792
offset 0 and length 62914560 for ino 140178177956112
offset 0 and length 62914560 for ino 140178177956432
offset 0 and length 62914560 for ino 140178177956752
offset 0 and length 62914560 for ino 140172790384208
offset 0 and length 62914560 for ino 140172790384528
offset 0 and length 62914560 for ino 140172790384848
offset 0 and length 62914560 for ino 140172790385168
offset 0 and length 62914560 for ino 140172790385488
offset 0 and length 62914560 for ino 140172790385808
offset 0 and length 62914560 for ino 140172815600464
offset 0 and length 62914560 for ino 140172815600784
offset 0 and length 62914560 for ino 140172790386128
offset 0 and length 62914560 for ino 140188208207504
offset 0 and length 62914560 for ino 140172790386448
offset 0 and length 62914560 for ino 140172815601104
offset 0 and length 62914560 for ino 140172815601424
offset 0 and length 62914560 for ino 140188208207824
offset 0 and length 62914560 for ino 140188206688912
offset 0 and length 62914560 for ino 140187764740816
offset 0 and length 62914560 for ino 140172815601744
offset 0 and length 62914560 for ino 140172815602064
offset 0 and length 62914560 for ino 140172790386768
offset 0 and length 62914560 for ino 140188208222608
offset 0 and length 62914560 for ino 140178177957072
offset 0 and length 62914560 for ino 140172790387088
offset 0 and length 62914560 for ino 140172790387408
offset 0 and length 62914560 for ino 140172815602384
offset 0 and length 62914560 for ino 140172815602704
offset 0 and length 62914560 for ino 140172815603024
offset 0 and length 62914560 for ino 140172815603344
offset 0 and length 62914560 for ino 140172815603664
offset 0 and length 62914560 for ino 140172790387728
offset 0 and length 62914560 for ino 140172790388048
offset 0 and length 62914560 for ino 140172790388368
offset 0 and length 62914560 for ino 140178177957392
offset 0 and length 62914560 for ino 140187753204880
offset 0 and length 62914560 for ino 140187764741136
offset 0 and length 62914560 for ino 140187764741456
offset 0 and length 62914560 for ino 140187764741776
offset 0 and length 62914560 for ino 140187764742096
offset 0 and length 62914560 for ino 140187764742416
offset 0 and length 62914560 for ino 140187753205200
offset 0 and length 62914560 for ino 140187764742736
offset 0 and length 62914560 for ino 140178177957712
offset 0 and length 62914560 for ino 140178177958032
offset 0 and length 62914560 for ino 140188208222928
offset 0 and length 62914560 for ino 140188206689232
offset 0 and length 62914560 for ino 140188206689552
offset 0 and length 62914560 for ino 140172815603984
offset 0 and length 62914560 for ino 140172815604304
offset 0 and length 62914560 for ino 140188206689872
offset 0 and length 62914560 for ino 140188206690192
offset 0 and length 62914560 for ino 140187753205520
offset 0 and length 62914560 for ino 140187753205840
offset 0 and length 62914560 for ino 140178177958352
offset 0 and length 62914560 for ino 140178177958672
offset 0 and length 62914560 for ino 140172815604624
offset 0 and length 62914560 for ino 140188206690512
offset 0 and length 62914560 for ino 140172815604944
offset 0 and length 62914560 for ino 140172815605264
offset 0 and length 62914560 for ino 140172815605584
offset 0 and length 62914560 for ino 140172790388688
offset 0 and length 62914560 for ino 140187764743056
offset 0 and length 62914560 for ino 140178177958992
offset 0 and length 62914560 for ino 140172815605904
offset 0 and length 62914560 for ino 140172815606224
offset 0 and length 62914560 for ino 140172815606544
offset 0 and length 62914560 for ino 140172815606864
offset 0 and length 62914560 for ino 140172815607184
offset 0 and length 62914560 for ino 140172815607504
offset 0 and length 62914560 for ino 140172815607824
