Harness starting.
 /home/sevag/CLionProjects/FuseFileSystemBoC/cmake-build-release/FuseFileSystemBoC --seed 665420921

Pinning to Core:40
creating 512 mb file systemoffset 0 and length 83886080 for ino 140408191631376
offset 0 and length 83886080 for ino 140408191827984
offset 0 and length 83886080 for ino 140408191828304
offset 0 and length 83886080 for ino 140408191959056
offset 0 and length 83886080 for ino 140408192221200
offset 0 and length 83886080 for ino 140408191828624
offset 0 and length 83886080 for ino 140408193269776
offset 0 and length 83886080 for ino 140408191959376
offset 0 and length 83886080 for ino 140408191959696
offset 0 and length 83886080 for ino 140408191960016
offset 0 and length 83886080 for ino 140408206409744
offset 0 and length 83886080 for ino 140408042487824
offset 0 and length 83886080 for ino 140408206410064
offset 0 and length 83886080 for ino 140408192221520
offset 0 and length 83886080 for ino 140408192221840
offset 0 and length 83886080 for ino 140408203706384
offset 0 and length 83886080 for ino 140408191533072
offset 0 and length 83886080 for ino 140408191960336
offset 0 and length 83886080 for ino 140408191631696
offset 0 and length 83886080 for ino 140408191632016
offset 0 and length 83886080 for ino 140408206410384
offset 0 and length 83886080 for ino 140408042488144
offset 0 and length 83886080 for ino 140408193270096
offset 0 and length 83886080 for ino 140408191632336
offset 0 and length 83886080 for ino 140408203722768
offset 0 and length 83886080 for ino 140408203706704
offset 0 and length 83886080 for ino 140408192222160
offset 0 and length 83886080 for ino 140408192222480
offset 0 and length 83886080 for ino 140408192222800
offset 0 and length 83886080 for ino 140408191632656
offset 0 and length 83886080 for ino 140408191828944
offset 0 and length 83886080 for ino 140408191829264
offset 0 and length 83886080 for ino 140408191533392
offset 0 and length 83886080 for ino 140408191533712
offset 0 and length 83886080 for ino 140408191534032
offset 0 and length 83886080 for ino 140408191829584
offset 0 and length 83886080 for ino 140408206410704
offset 0 and length 83886080 for ino 140408191829904
offset 0 and length 83886080 for ino 140408191830224
offset 0 and length 83886080 for ino 140408191632976
offset 0 and length 83886080 for ino 140408206411024
offset 0 and length 83886080 for ino 140408042488464
offset 0 and length 83886080 for ino 140408192223120
offset 0 and length 83886080 for ino 140408192223440
offset 0 and length 83886080 for ino 140408192223760
offset 0 and length 83886080 for ino 140408192224080
offset 0 and length 83886080 for ino 140408192224400
offset 0 and length 83886080 for ino 140408192224720
offset 0 and length 83886080 for ino 140408192225040
offset 0 and length 83886080 for ino 140408192225360
offset 0 and length 83886080 for ino 140408192225680
offset 0 and length 83886080 for ino 140408192226000
offset 0 and length 83886080 for ino 140408191830544
offset 0 and length 83886080 for ino 140408191830864
offset 0 and length 83886080 for ino 140408191633296
offset 0 and length 83886080 for ino 140408042488784
offset 0 and length 83886080 for ino 140408191633616
offset 0 and length 83886080 for ino 140408191831184
offset 0 and length 83886080 for ino 140408191534352
offset 0 and length 83886080 for ino 140408191633936
offset 0 and length 83886080 for ino 140408191831504
offset 0 and length 83886080 for ino 140408042489104
offset 0 and length 83886080 for ino 140408192226320
offset 0 and length 83886080 for ino 140408042489424
offset 0 and length 83886080 for ino 140408206411344
offset 0 and length 83886080 for ino 140408206411664
offset 0 and length 83886080 for ino 140408193270416
offset 0 and length 83886080 for ino 140408042489744
offset 0 and length 83886080 for ino 140408203723088
offset 0 and length 83886080 for ino 140408042490064
offset 0 and length 83886080 for ino 140408191534672
offset 0 and length 83886080 for ino 140408206411984
offset 0 and length 83886080 for ino 140408206412304
offset 0 and length 83886080 for ino 140408193270736
offset 0 and length 83886080 for ino 140408191534992
offset 0 and length 83886080 for ino 140408206412624
offset 0 and length 83886080 for ino 140408191831824
offset 0 and length 83886080 for ino 140408191832144
offset 0 and length 83886080 for ino 140408191535312
offset 0 and length 83886080 for ino 140408191535632
offset 0 and length 83886080 for ino 140408042490384
offset 0 and length 83886080 for ino 140408042490704
offset 0 and length 83886080 for ino 140408191832464
offset 0 and length 83886080 for ino 140408193271056
offset 0 and length 83886080 for ino 140408192226640
offset 0 and length 83886080 for ino 140408191832784
offset 0 and length 83886080 for ino 140408191833104
offset 0 and length 83886080 for ino 140408191535952
offset 0 and length 83886080 for ino 140408193271376
offset 0 and length 83886080 for ino 140408191536272
offset 0 and length 83886080 for ino 140408203723408
offset 0 and length 83886080 for ino 140408191536592
offset 0 and length 83886080 for ino 140408191833424
offset 0 and length 83886080 for ino 140408191833744
offset 0 and length 83886080 for ino 140408203723728
offset 0 and length 83886080 for ino 140408191536912
offset 0 and length 83886080 for ino 140408191960656
offset 0 and length 83886080 for ino 140408191834064
offset 0 and length 83886080 for ino 140408191834384
offset 0 and length 83886080 for ino 140408191834704
offset 0 and length 83886080 for ino 140408191835024
offset 0 and length 83886080 for ino 140408191835344
offset 0 and length 83886080 for ino 140408191960976
offset 0 and length 83886080 for ino 140408191634256
offset 0 and length 83886080 for ino 140408191835664
offset 0 and length 83886080 for ino 140408191634576
offset 0 and length 83886080 for ino 140408191961296
offset 0 and length 83886080 for ino 140408191835984
offset 0 and length 83886080 for ino 140408191836304
offset 0 and length 83886080 for ino 140408042491024
offset 0 and length 83886080 for ino 140408193271696
offset 0 and length 83886080 for ino 140408191537232
offset 0 and length 83886080 for ino 140408191537552
offset 0 and length 83886080 for ino 140408203707024
offset 0 and length 83886080 for ino 140408191537872
offset 0 and length 83886080 for ino 140408191836624
offset 0 and length 83886080 for ino 140408191836944
offset 0 and length 83886080 for ino 140408191837264
offset 0 and length 83886080 for ino 140408191634896
offset 0 and length 83886080 for ino 140408191635216
offset 0 and length 83886080 for ino 140408206412944
offset 0 and length 83886080 for ino 140408191837584
offset 0 and length 83886080 for ino 140408192226960
offset 0 and length 83886080 for ino 140408192227280
offset 0 and length 83886080 for ino 140408192227600
offset 0 and length 83886080 for ino 140408192227920
offset 0 and length 83886080 for ino 140408192228240
offset 0 and length 83886080 for ino 140408191837904
