Harness starting.
 /home/sevag/CLionProjects/FuseFileSystemBoC/cmake-build-release/FuseFileSystemBoC --seed 1102358339

Pinning to Core:40
creating 512 mb file systemoffset 0 and length 10485760 for ino 139499271274512
offset 0 and length 10485760 for ino 139499271602192
offset 0 and length 10485760 for ino 139499271602512
offset 0 and length 10485760 for ino 139499271602832
offset 0 and length 10485760 for ino 139499271603152
offset 0 and length 10485760 for ino 139499271733264
offset 0 and length 10485760 for ino 139499271733584
offset 0 and length 10485760 for ino 139499271733904
offset 0 and length 10485760 for ino 139499271734224
offset 0 and length 10485760 for ino 139499271734544
offset 0 and length 10485760 for ino 139499271734864
offset 0 and length 10485760 for ino 139499271735184
offset 0 and length 10485760 for ino 139499271735504
offset 0 and length 10485760 for ino 139499271735824
offset 0 and length 10485760 for ino 139499271736144
offset 0 and length 10485760 for ino 139499271736464
offset 0 and length 10485760 for ino 139499271736784
offset 0 and length 10485760 for ino 139499271737104
offset 0 and length 10485760 for ino 139499271737424
offset 0 and length 10485760 for ino 139499271737744
offset 0 and length 10485760 for ino 139499271738064
offset 0 and length 10485760 for ino 139499271738384
offset 0 and length 10485760 for ino 139499271738704
offset 0 and length 10485760 for ino 139499271739024
offset 0 and length 10485760 for ino 139499271739344
offset 0 and length 10485760 for ino 139499271739664
offset 0 and length 10485760 for ino 139499271739984
offset 0 and length 10485760 for ino 139499271740304
offset 0 and length 10485760 for ino 139499271740624
offset 0 and length 10485760 for ino 139499271740944
offset 0 and length 10485760 for ino 139499271741264
offset 0 and length 10485760 for ino 139499271741584
offset 0 and length 10485760 for ino 139499271741904
offset 0 and length 10485760 for ino 139499271742224
offset 0 and length 10485760 for ino 139499271742544
offset 0 and length 10485760 for ino 139499271742864
offset 0 and length 10485760 for ino 139499271743184
offset 0 and length 10485760 for ino 139499271743504
offset 0 and length 10485760 for ino 139499271743824
offset 0 and length 10485760 for ino 139499271744144
offset 0 and length 10485760 for ino 139499271744464
offset 0 and length 10485760 for ino 139499271744784
offset 0 and length 10485760 for ino 139499271745104
offset 0 and length 10485760 for ino 139499271745424
offset 0 and length 10485760 for ino 139499271745744
offset 0 and length 10485760 for ino 139499271746064
offset 0 and length 10485760 for ino 139499271746384
offset 0 and length 10485760 for ino 139499271746704
offset 0 and length 10485760 for ino 139499271747024
offset 0 and length 10485760 for ino 139499271747344
offset 0 and length 10485760 for ino 139499271747664
offset 0 and length 10485760 for ino 139499271747984
offset 0 and length 10485760 for ino 139499271748304
offset 0 and length 10485760 for ino 139499271748624
offset 0 and length 10485760 for ino 139499271748944
offset 0 and length 10485760 for ino 139499271749264
offset 0 and length 10485760 for ino 139499281629200
offset 0 and length 10485760 for ino 139499281629520
offset 0 and length 10485760 for ino 139499281629840
offset 0 and length 10485760 for ino 139499281630160
offset 0 and length 10485760 for ino 139499281630480
offset 0 and length 10485760 for ino 139499281630800
offset 0 and length 10485760 for ino 139499281631120
offset 0 and length 10485760 for ino 139499271995408
offset 0 and length 10485760 for ino 139499271995728
offset 0 and length 10485760 for ino 139499271996048
offset 0 and length 10485760 for ino 139499271996368
offset 0 and length 10485760 for ino 139499272519696
offset 0 and length 10485760 for ino 139499272520016
offset 0 and length 10485760 for ino 139499272520336
offset 0 and length 10485760 for ino 139499272520656
offset 0 and length 10485760 for ino 139499272520976
offset 0 and length 10485760 for ino 139499272521296
offset 0 and length 10485760 for ino 139499272521616
offset 0 and length 10485760 for ino 139499272521936
offset 0 and length 10485760 for ino 139499273568272
offset 0 and length 10485760 for ino 139499273568592
offset 0 and length 10485760 for ino 139499273568912
offset 0 and length 10485760 for ino 139499273569232
offset 0 and length 10485760 for ino 139499273569552
offset 0 and length 10485760 for ino 139499273569872
offset 0 and length 10485760 for ino 139499273570192
offset 0 and length 10485760 for ino 139499273570512
offset 0 and length 10485760 for ino 139499273570832
offset 0 and length 10485760 for ino 139499273571152
offset 0 and length 10485760 for ino 139499273571472
offset 0 and length 10485760 for ino 139499273571792
offset 0 and length 10485760 for ino 139499273572112
offset 0 and length 10485760 for ino 139499273572432
offset 0 and length 10485760 for ino 139499273572752
offset 0 and length 10485760 for ino 139499273573072
offset 0 and length 10485760 for ino 139499273573392
offset 0 and length 10485760 for ino 139499273573712
offset 0 and length 10485760 for ino 139499273574032
offset 0 and length 10485760 for ino 139499273574352
offset 0 and length 10485760 for ino 139499273574672
offset 0 and length 10485760 for ino 139499273574992
offset 0 and length 10485760 for ino 139499273575312
offset 0 and length 10485760 for ino 139499273575632
offset 0 and length 10485760 for ino 139499273575952
offset 0 and length 10485760 for ino 139499273576272
offset 0 and length 10485760 for ino 139499273576592
offset 0 and length 10485760 for ino 139499273576912
offset 0 and length 10485760 for ino 139499273577232
offset 0 and length 10485760 for ino 139499273577552
offset 0 and length 10485760 for ino 139499273577872
offset 0 and length 10485760 for ino 139499273578192
offset 0 and length 10485760 for ino 139499271996688
offset 0 and length 10485760 for ino 139499271997008
offset 0 and length 10485760 for ino 139499111645200
offset 0 and length 10485760 for ino 139499111645520
offset 0 and length 10485760 for ino 139499111645840
offset 0 and length 10485760 for ino 139499111646160
offset 0 and length 10485760 for ino 139499111646480
offset 0 and length 10485760 for ino 139499111646800
offset 0 and length 10485760 for ino 139499111647120
offset 0 and length 10485760 for ino 139499111647440
offset 0 and length 10485760 for ino 139499111647760
offset 0 and length 10485760 for ino 139499111648080
offset 0 and length 10485760 for ino 139499111648400
offset 0 and length 10485760 for ino 139499111648720
offset 0 and length 10485760 for ino 139499111649040
offset 0 and length 10485760 for ino 139499111649360
offset 0 and length 10485760 for ino 139499111649680
offset 0 and length 10485760 for ino 139499111650000
offset 0 and length 10485760 for ino 139499111650320
offset 0 and length 10485760 for ino 139499111650640
offset 0 and length 10485760 for ino 139499111650960
offset 0 and length 10485760 for ino 139499111651280
offset 0 and length 10485760 for ino 139499111651600
offset 0 and length 10485760 for ino 139499111651920
offset 0 and length 10485760 for ino 139499111652240
offset 0 and length 10485760 for ino 139499111652560
offset 0 and length 10485760 for ino 139499111652880
offset 0 and length 10485760 for ino 139499111653200
offset 0 and length 10485760 for ino 139499281631440
offset 0 and length 10485760 for ino 139499281631760
offset 0 and length 10485760 for ino 139499281632080
offset 0 and length 10485760 for ino 139499281632400
offset 0 and length 10485760 for ino 139499281632720
offset 0 and length 10485760 for ino 139499281633040
offset 0 and length 10485760 for ino 139499281633360
offset 0 and length 10485760 for ino 139499281633680
offset 0 and length 10485760 for ino 139499281634000
offset 0 and length 10485760 for ino 139499281634320
offset 0 and length 10485760 for ino 139499281634640
offset 0 and length 10485760 for ino 139499281634960
offset 0 and length 10485760 for ino 139499281635280
offset 0 and length 10485760 for ino 139499281635600
offset 0 and length 10485760 for ino 139499281635920
offset 0 and length 10485760 for ino 139499281636240
offset 0 and length 10485760 for ino 139499281636560
offset 0 and length 10485760 for ino 139499281636880
offset 0 and length 10485760 for ino 139499281637200
offset 0 and length 10485760 for ino 139499281637520
offset 0 and length 10485760 for ino 139499281637840
offset 0 and length 10485760 for ino 139499111653520
offset 0 and length 10485760 for ino 139499272522256
offset 0 and length 10485760 for ino 139499272522576
offset 0 and length 10485760 for ino 139499272522896
offset 0 and length 10485760 for ino 139499272523216
offset 0 and length 10485760 for ino 139499272523536
offset 0 and length 10485760 for ino 139499272523856
offset 0 and length 10485760 for ino 139499272524176
offset 0 and length 10485760 for ino 139499281638160
offset 0 and length 10485760 for ino 139499281638480
offset 0 and length 10485760 for ino 139499281638800
offset 0 and length 10485760 for ino 139499281639120
offset 0 and length 10485760 for ino 139499281639440
offset 0 and length 10485760 for ino 139499281639760
offset 0 and length 10485760 for ino 139499281640080
offset 0 and length 10485760 for ino 139499281640400
offset 0 and length 10485760 for ino 139499281640720
offset 0 and length 10485760 for ino 139499281641040
offset 0 and length 10485760 for ino 139499281641360
offset 0 and length 10485760 for ino 139499281641680
offset 0 and length 10485760 for ino 139499281642000
offset 0 and length 10485760 for ino 139499281642320
offset 0 and length 10485760 for ino 139499281642640
offset 0 and length 10485760 for ino 139499281642960
offset 0 and length 10485760 for ino 139499281643280
offset 0 and length 10485760 for ino 139499281643600
offset 0 and length 10485760 for ino 139499281643920
offset 0 and length 10485760 for ino 139499281644240
offset 0 and length 10485760 for ino 139499281644560
offset 0 and length 10485760 for ino 139499271176208
offset 0 and length 10485760 for ino 139499271176528
offset 0 and length 10485760 for ino 139499271176848
offset 0 and length 10485760 for ino 139499271177168
offset 0 and length 10485760 for ino 139499111653840
offset 0 and length 10485760 for ino 139499111654160
offset 0 and length 10485760 for ino 139499111654480
offset 0 and length 10485760 for ino 139499111654800
offset 0 and length 10485760 for ino 139499111655120
offset 0 and length 10485760 for ino 139499111655440
offset 0 and length 10485760 for ino 139499111655760
offset 0 and length 10485760 for ino 139499111656080
offset 0 and length 10485760 for ino 139499111656400
offset 0 and length 10485760 for ino 139499111656720
offset 0 and length 10485760 for ino 139499111657040
offset 0 and length 10485760 for ino 139499111657360
offset 0 and length 10485760 for ino 139499111657680
offset 0 and length 10485760 for ino 139499111658000
offset 0 and length 10485760 for ino 139499111658320
offset 0 and length 10485760 for ino 139499111658640
offset 0 and length 10485760 for ino 139499281644880
offset 0 and length 10485760 for ino 139499281645200
offset 0 and length 10485760 for ino 139499088527376
offset 0 and length 10485760 for ino 139499088527696
offset 0 and length 10485760 for ino 139499088528016
offset 0 and length 10485760 for ino 139499287134224
offset 0 and length 10485760 for ino 139499287134544
offset 0 and length 10485760 for ino 139499287134864
offset 0 and length 10485760 for ino 139499287135184
offset 0 and length 10485760 for ino 139499271177488
offset 0 and length 10485760 for ino 139499271177808
offset 0 and length 10485760 for ino 139499271178128
offset 0 and length 10485760 for ino 139499271178448
offset 0 and length 10485760 for ino 139499271178768
offset 0 and length 10485760 for ino 139499271179088
offset 0 and length 10485760 for ino 139499271179408
offset 0 and length 10485760 for ino 139499271179728
offset 0 and length 10485760 for ino 139499271180048
offset 0 and length 10485760 for ino 139499271180368
offset 0 and length 10485760 for ino 139499271180688
offset 0 and length 10485760 for ino 139499271181008
offset 0 and length 10485760 for ino 139499271181328
offset 0 and length 10485760 for ino 139499271181648
offset 0 and length 10485760 for ino 139499271181968
offset 0 and length 10485760 for ino 139499271182288
offset 0 and length 10485760 for ino 139499271182608
offset 0 and length 10485760 for ino 139499271182928
offset 0 and length 10485760 for ino 139499271183248
offset 0 and length 10485760 for ino 139499271183568
offset 0 and length 10485760 for ino 139499271183888
offset 0 and length 10485760 for ino 139499271184208
offset 0 and length 10485760 for ino 139499271184528
offset 0 and length 10485760 for ino 139499271798800
offset 0 and length 10485760 for ino 139499271799120
offset 0 and length 10485760 for ino 139499271799440
offset 0 and length 10485760 for ino 139499271799760
offset 0 and length 10485760 for ino 139499271997328
offset 0 and length 10485760 for ino 139499271997648
offset 0 and length 10485760 for ino 139499271997968
offset 0 and length 10485760 for ino 139499271998288
offset 0 and length 10485760 for ino 139499271998608
offset 0 and length 10485760 for ino 139499273578512
offset 0 and length 10485760 for ino 139499273578832
offset 0 and length 10485760 for ino 139499271184848
offset 0 and length 10485760 for ino 139499273579152
offset 0 and length 10485760 for ino 139499273579472
offset 0 and length 10485760 for ino 139499273579792
offset 0 and length 10485760 for ino 139499271185168
offset 0 and length 10485760 for ino 139499271998928
offset 0 and length 10485760 for ino 139499271999248
offset 0 and length 10485760 for ino 139499271999568
offset 0 and length 10485760 for ino 139499271999888
offset 0 and length 10485760 for ino 139499272000208
offset 0 and length 10485760 for ino 139499272000528
offset 0 and length 10485760 for ino 139499272000848
offset 0 and length 10485760 for ino 139499272001168
offset 0 and length 10485760 for ino 139499272001488
offset 0 and length 10485760 for ino 139499272001808
offset 0 and length 10485760 for ino 139499272002128
offset 0 and length 10485760 for ino 139499272002448
offset 0 and length 10485760 for ino 139499272002768
offset 0 and length 10485760 for ino 139499272003088
offset 0 and length 10485760 for ino 139499272003408
offset 0 and length 10485760 for ino 139499272003728
offset 0 and length 10485760 for ino 139499272004048
offset 0 and length 10485760 for ino 139499272004368
offset 0 and length 10485760 for ino 139499272004688
offset 0 and length 10485760 for ino 139499272005008
offset 0 and length 10485760 for ino 139499272005328
offset 0 and length 10485760 for ino 139499272005648
offset 0 and length 10485760 for ino 139499272005968
offset 0 and length 10485760 for ino 139499272006288
offset 0 and length 10485760 for ino 139499272006608
offset 0 and length 10485760 for ino 139499272006928
offset 0 and length 10485760 for ino 139499272007248
offset 0 and length 10485760 for ino 139499272007568
offset 0 and length 10485760 for ino 139499272007888
offset 0 and length 10485760 for ino 139499272008208
offset 0 and length 10485760 for ino 139499272008528
offset 0 and length 10485760 for ino 139499272008848
offset 0 and length 10485760 for ino 139499272009168
offset 0 and length 10485760 for ino 139499272009488
offset 0 and length 10485760 for ino 139499272009808
offset 0 and length 10485760 for ino 139499272010128
offset 0 and length 10485760 for ino 139499272010448
offset 0 and length 10485760 for ino 139499272010768
offset 0 and length 10485760 for ino 139499272011088
offset 0 and length 10485760 for ino 139499272011408
offset 0 and length 10485760 for ino 139498782670864
offset 0 and length 10485760 for ino 139498782671184
offset 0 and length 10485760 for ino 139498782671504
offset 0 and length 10485760 for ino 139498782671824
offset 0 and length 10485760 for ino 139498782672144
offset 0 and length 10485760 for ino 139498782672464
offset 0 and length 10485760 for ino 139498782672784
offset 0 and length 10485760 for ino 139498782673104
offset 0 and length 10485760 for ino 139498782673424
offset 0 and length 10485760 for ino 139498782673744
offset 0 and length 10485760 for ino 139498782674064
offset 0 and length 10485760 for ino 139499273580112
offset 0 and length 10485760 for ino 139499273580432
offset 0 and length 10485760 for ino 139499273580752
offset 0 and length 10485760 for ino 139499273581072
offset 0 and length 10485760 for ino 139499088528336
offset 0 and length 10485760 for ino 139499111658960
offset 0 and length 10485760 for ino 139499111659280
offset 0 and length 10485760 for ino 139499111659600
offset 0 and length 10485760 for ino 139499111659920
offset 0 and length 10485760 for ino 139499111660240
offset 0 and length 10485760 for ino 139499111660560
offset 0 and length 10485760 for ino 139499088528656
offset 0 and length 10485760 for ino 139499088528976
offset 0 and length 10485760 for ino 139499088529296
offset 0 and length 10485760 for ino 139499088529616
offset 0 and length 10485760 for ino 139499088529936
offset 0 and length 10485760 for ino 139499088530256
offset 0 and length 10485760 for ino 139499088530576
offset 0 and length 10485760 for ino 139499088530896
offset 0 and length 10485760 for ino 139499088531216
offset 0 and length 10485760 for ino 139499088531536
offset 0 and length 10485760 for ino 139499088531856
offset 0 and length 10485760 for ino 139499088532176
offset 0 and length 10485760 for ino 139499088532496
offset 0 and length 10485760 for ino 139499088532816
offset 0 and length 10485760 for ino 139499088533136
offset 0 and length 10485760 for ino 139499088533456
offset 0 and length 10485760 for ino 139499088533776
offset 0 and length 10485760 for ino 139499088534096
offset 0 and length 10485760 for ino 139499088534416
offset 0 and length 10485760 for ino 139499088534736
offset 0 and length 10485760 for ino 139499088535056
offset 0 and length 10485760 for ino 139499088535376
offset 0 and length 10485760 for ino 139499088535696
offset 0 and length 10485760 for ino 139499088536016
offset 0 and length 10485760 for ino 139499088536336
offset 0 and length 10485760 for ino 139499088536656
offset 0 and length 10485760 for ino 139499111660880
offset 0 and length 10485760 for ino 139499088536976
offset 0 and length 10485760 for ino 139499088537296
offset 0 and length 10485760 for ino 139499088537616
offset 0 and length 10485760 for ino 139499088537936
offset 0 and length 10485760 for ino 139499088538256
offset 0 and length 10485760 for ino 139499088538576
offset 0 and length 10485760 for ino 139499088538896
offset 0 and length 10485760 for ino 139499088539216
offset 0 and length 10485760 for ino 139499088539536
offset 0 and length 10485760 for ino 139499088539856
offset 0 and length 10485760 for ino 139499088540176
offset 0 and length 10485760 for ino 139499088540496
offset 0 and length 10485760 for ino 139499088540816
offset 0 and length 10485760 for ino 139499088541136
offset 0 and length 10485760 for ino 139499088541456
offset 0 and length 10485760 for ino 139499088541776
offset 0 and length 10485760 for ino 139499088542096
offset 0 and length 10485760 for ino 139499088542416
offset 0 and length 10485760 for ino 139499088542736
offset 0 and length 10485760 for ino 139499088543056
offset 0 and length 10485760 for ino 139499088543376
offset 0 and length 10485760 for ino 139498792681488
offset 0 and length 10485760 for ino 139498792681808
offset 0 and length 10485760 for ino 139498792682128
offset 0 and length 10485760 for ino 139498792682448
offset 0 and length 10485760 for ino 139498792682768
offset 0 and length 10485760 for ino 139498792683088
offset 0 and length 10485760 for ino 139498792683408
offset 0 and length 10485760 for ino 139498792683728
offset 0 and length 10485760 for ino 139498792684048
offset 0 and length 10485760 for ino 139498792684368
offset 0 and length 10485760 for ino 139498792684688
offset 0 and length 10485760 for ino 139498792685008
offset 0 and length 10485760 for ino 139498792685328
offset 0 and length 10485760 for ino 139498792685648
offset 0 and length 10485760 for ino 139498792685968
offset 0 and length 10485760 for ino 139498792686288
offset 0 and length 10485760 for ino 139498792686608
offset 0 and length 10485760 for ino 139498792686928
offset 0 and length 10485760 for ino 139498792687248
offset 0 and length 10485760 for ino 139498792687568
offset 0 and length 10485760 for ino 139498792687888
offset 0 and length 10485760 for ino 139498792688208
offset 0 and length 10485760 for ino 139498792688528
offset 0 and length 10485760 for ino 139498792688848
offset 0 and length 10485760 for ino 139498792689168
offset 0 and length 10485760 for ino 139498792689488
offset 0 and length 10485760 for ino 139498792689808
offset 0 and length 10485760 for ino 139498792690128
offset 0 and length 10485760 for ino 139498792690448
offset 0 and length 10485760 for ino 139498792690768
offset 0 and length 10485760 for ino 139498792691088
offset 0 and length 10485760 for ino 139498792691408
offset 0 and length 10485760 for ino 139498792691728
offset 0 and length 10485760 for ino 139498792692048
offset 0 and length 10485760 for ino 139498792692368
offset 0 and length 10485760 for ino 139498792692688
offset 0 and length 10485760 for ino 139498792693008
offset 0 and length 10485760 for ino 139498792693328
offset 0 and length 10485760 for ino 139498792693648
offset 0 and length 10485760 for ino 139499273581392
offset 0 and length 10485760 for ino 139499273581712
offset 0 and length 10485760 for ino 139499273582032
offset 0 and length 10485760 for ino 139499273582352
offset 0 and length 10485760 for ino 139498782674384
offset 0 and length 10485760 for ino 139498792693968
offset 0 and length 10485760 for ino 139498792694288
offset 0 and length 10485760 for ino 139499111661200
offset 0 and length 10485760 for ino 139498765729808
offset 0 and length 10485760 for ino 139498765730128
offset 0 and length 10485760 for ino 139498765730448
offset 0 and length 10485760 for ino 139498765730768
offset 0 and length 10485760 for ino 139498765731088
offset 0 and length 10485760 for ino 139498765731408
offset 0 and length 10485760 for ino 139498765731728
offset 0 and length 10485760 for ino 139498765732048
offset 0 and length 10485760 for ino 139498765732368
offset 0 and length 10485760 for ino 139498765732688
offset 0 and length 10485760 for ino 139498765733008
offset 0 and length 10485760 for ino 139498765733328
offset 0 and length 10485760 for ino 139498765733648
offset 0 and length 10485760 for ino 139498765733968
offset 0 and length 10485760 for ino 139498765734288
offset 0 and length 10485760 for ino 139498765734608
offset 0 and length 10485760 for ino 139498765734928
offset 0 and length 10485760 for ino 139498765735248
offset 0 and length 10485760 for ino 139498765735568
offset 0 and length 10485760 for ino 139498765735888
offset 0 and length 10485760 for ino 139498765736208
offset 0 and length 10485760 for ino 139498765736528
offset 0 and length 10485760 for ino 139498765736848
offset 0 and length 10485760 for ino 139498765737168
offset 0 and length 10485760 for ino 139498765737488
offset 0 and length 10485760 for ino 139498765737808
offset 0 and length 10485760 for ino 139498765738128
offset 0 and length 10485760 for ino 139498765738448
offset 0 and length 10485760 for ino 139498765738768
offset 0 and length 10485760 for ino 139498765739088
offset 0 and length 10485760 for ino 139498765739408
offset 0 and length 10485760 for ino 139498765739728
offset 0 and length 10485760 for ino 139498765740048
offset 0 and length 10485760 for ino 139498765740368
offset 0 and length 10485760 for ino 139499271185488
offset 0 and length 10485760 for ino 139498765740688
offset 0 and length 10485760 for ino 139498792694608
offset 0 and length 10485760 for ino 139499273582672
offset 0 and length 10485760 for ino 139499273582992
offset 0 and length 10485760 for ino 139499273583312
offset 0 and length 10485760 for ino 139498792694928
offset 0 and length 10485760 for ino 139498792695248
offset 0 and length 10485760 for ino 139498792695568
offset 0 and length 10485760 for ino 139498792695888
offset 0 and length 10485760 for ino 139498792696208
offset 0 and length 10485760 for ino 139498792696528
offset 0 and length 10485760 for ino 139498792696848
offset 0 and length 10485760 for ino 139498792697168
offset 0 and length 10485760 for ino 139498792697488
offset 0 and length 10485760 for ino 139498773495824
offset 0 and length 10485760 for ino 139498773496144
offset 0 and length 10485760 for ino 139498773496464
offset 0 and length 10485760 for ino 139498773496784
offset 0 and length 10485760 for ino 139498773497104
offset 0 and length 10485760 for ino 139498773497424
offset 0 and length 10485760 for ino 139498773497744
offset 0 and length 10485760 for ino 139498773498064
offset 0 and length 10485760 for ino 139499271800080
offset 0 and length 10485760 for ino 139499271800400
offset 0 and length 10485760 for ino 139499271800720
offset 0 and length 10485760 for ino 139499271801040
offset 0 and length 10485760 for ino 139499271801360
offset 0 and length 10485760 for ino 139499271801680
offset 0 and length 10485760 for ino 139499271802000
offset 0 and length 10485760 for ino 139499271802320
offset 0 and length 10485760 for ino 139499271802640
offset 0 and length 10485760 for ino 139499271802960
offset 0 and length 10485760 for ino 139499271803280
offset 0 and length 10485760 for ino 139499271803600
offset 0 and length 10485760 for ino 139499271803920
offset 0 and length 10485760 for ino 139499271804240
offset 0 and length 10485760 for ino 139499271804560
offset 0 and length 10485760 for ino 139499271804880
offset 0 and length 10485760 for ino 139499271805200
offset 0 and length 10485760 for ino 139499271805520
offset 0 and length 10485760 for ino 139499271805840
offset 0 and length 10485760 for ino 139499271806160
offset 0 and length 10485760 for ino 139499272524496
offset 0 and length 10485760 for ino 139498773498384
offset 0 and length 10485760 for ino 139498773498704
offset 0 and length 10485760 for ino 139498773499024
offset 0 and length 10485760 for ino 139498773499344
offset 0 and length 10485760 for ino 139498773499664
offset 0 and length 10485760 for ino 139498773499984
offset 0 and length 10485760 for ino 139498773500304
offset 0 and length 10485760 for ino 139498773500624
offset 0 and length 10485760 for ino 139498773500944
offset 0 and length 10485760 for ino 139498773501264
offset 0 and length 10485760 for ino 139498773501584
offset 0 and length 10485760 for ino 139498773501904
offset 0 and length 10485760 for ino 139498773502224
offset 0 and length 10485760 for ino 139499271274832
offset 0 and length 10485760 for ino 139499271275152
offset 0 and length 10485760 for ino 139499271275472
offset 0 and length 10485760 for ino 139499271275792
offset 0 and length 10485760 for ino 139499271276112
offset 0 and length 10485760 for ino 139499271276432
offset 0 and length 10485760 for ino 139499271276752
offset 0 and length 10485760 for ino 139499271277072
offset 0 and length 10485760 for ino 139499271277392
offset 0 and length 10485760 for ino 139499271277712
offset 0 and length 10485760 for ino 139499271278032
offset 0 and length 10485760 for ino 139499271278352
offset 0 and length 10485760 for ino 139499271278672
offset 0 and length 10485760 for ino 139499271278992
offset 0 and length 10485760 for ino 139499271279312
offset 0 and length 10485760 for ino 139499271279632
offset 0 and length 10485760 for ino 139499271806480
offset 0 and length 10485760 for ino 139499271806800
offset 0 and length 10485760 for ino 139499271807120
offset 0 and length 10485760 for ino 139499271807440
offset 0 and length 10485760 for ino 139499271807760
offset 0 and length 10485760 for ino 139499271808080
offset 0 and length 10485760 for ino 139499271808400
offset 0 and length 10485760 for ino 139498782674704
offset 0 and length 10485760 for ino 139498782675024
offset 0 and length 10485760 for ino 139498782675344
offset 0 and length 10485760 for ino 139498782675664
offset 0 and length 10485760 for ino 139498782675984
offset 0 and length 10485760 for ino 139498782676304
offset 0 and length 10485760 for ino 139498782676624
offset 0 and length 10485760 for ino 139498782676944
offset 0 and length 10485760 for ino 139498782677264
offset 0 and length 10485760 for ino 139498782677584
offset 0 and length 10485760 for ino 139498782677904
offset 0 and length 10485760 for ino 139498782678224
offset 0 and length 10485760 for ino 139498782678544
offset 0 and length 10485760 for ino 139498782678864
offset 0 and length 10485760 for ino 139499272524816
offset 0 and length 10485760 for ino 139499272525136
offset 0 and length 10485760 for ino 139499272525456
offset 0 and length 10485760 for ino 139499272525776
offset 0 and length 10485760 for ino 139499272526096
offset 0 and length 10485760 for ino 139499272526416
offset 0 and length 10485760 for ino 139499272526736
offset 0 and length 10485760 for ino 139499272527056
offset 0 and length 10485760 for ino 139499272527376
offset 0 and length 10485760 for ino 139499272527696
offset 0 and length 10485760 for ino 139499272528016
offset 0 and length 10485760 for ino 139499272528336
offset 0 and length 10485760 for ino 139499272528656
offset 0 and length 10485760 for ino 139498765741008
offset 0 and length 10485760 for ino 139498765741328
offset 0 and length 10485760 for ino 139498765741648
offset 0 and length 10485760 for ino 139498765741968
offset 0 and length 10485760 for ino 139498765742288
offset 0 and length 10485760 for ino 139498765742608
offset 0 and length 10485760 for ino 139499271185808
offset 0 and length 10485760 for ino 139498773502544
offset 0 and length 10485760 for ino 139498773502864
offset 0 and length 10485760 for ino 139498773503184
offset 0 and length 10485760 for ino 139498773503504
offset 0 and length 10485760 for ino 139499271186128
offset 0 and length 10485760 for ino 139499271186448
offset 0 and length 10485760 for ino 139499271186768
offset 0 and length 10485760 for ino 139499271187088
offset 0 and length 10485760 for ino 139498782679184
offset 0 and length 10485760 for ino 139499272528976
offset 0 and length 10485760 for ino 139499272529296
offset 0 and length 10485760 for ino 139499272529616
offset 0 and length 10485760 for ino 139499272529936
offset 0 and length 10485760 for ino 139499272530256
offset 0 and length 10485760 for ino 139499272530576
offset 0 and length 10485760 for ino 139499272530896
offset 0 and length 10485760 for ino 139499271279952
offset 0 and length 10485760 for ino 139498773503824
offset 0 and length 10485760 for ino 139498773504144
offset 0 and length 10485760 for ino 139498773504464
offset 0 and length 10485760 for ino 139498773504784
offset 0 and length 10485760 for ino 139498773505104
offset 0 and length 10485760 for ino 139498773505424
offset 0 and length 10485760 for ino 139498773505744
offset 0 and length 10485760 for ino 139498773506064
offset 0 and length 10485760 for ino 139498773506384
offset 0 and length 10485760 for ino 139498773506704
offset 0 and length 10485760 for ino 139498773507024
offset 0 and length 10485760 for ino 139498773507344
offset 0 and length 10485760 for ino 139498773507664
offset 0 and length 10485760 for ino 139498773507984
offset 0 and length 10485760 for ino 139498773508304
offset 0 and length 10485760 for ino 139498773508624
offset 0 and length 10485760 for ino 139498773508944
offset 0 and length 10485760 for ino 139498773509264
offset 0 and length 10485760 for ino 139498773509584
offset 0 and length 10485760 for ino 139498773509904
offset 0 and length 10485760 for ino 139498773510224
offset 0 and length 10485760 for ino 139498773510544
offset 0 and length 10485760 for ino 139498773510864
offset 0 and length 10485760 for ino 139498773511184
offset 0 and length 10485760 for ino 139498773511504
offset 0 and length 10485760 for ino 139498773511824
offset 0 and length 10485760 for ino 139498733666320
offset 0 and length 10485760 for ino 139498733666640
offset 0 and length 10485760 for ino 139498733666960
offset 0 and length 10485760 for ino 139498733667280
offset 0 and length 10485760 for ino 139498733667600
offset 0 and length 10485760 for ino 139498733667920
offset 0 and length 10485760 for ino 139498733668240
offset 0 and length 10485760 for ino 139498733668560
offset 0 and length 10485760 for ino 139498733668880
offset 0 and length 10485760 for ino 139498733669200
offset 0 and length 10485760 for ino 139498733669520
offset 0 and length 10485760 for ino 139498733669840
offset 0 and length 10485760 for ino 139498733670160
offset 0 and length 10485760 for ino 139498733670480
offset 0 and length 10485760 for ino 139498733670800
offset 0 and length 10485760 for ino 139498733671120
offset 0 and length 10485760 for ino 139498733671440
offset 0 and length 10485760 for ino 139498733671760
offset 0 and length 10485760 for ino 139498733672080
offset 0 and length 10485760 for ino 139498733672400
offset 0 and length 10485760 for ino 139498733672720
offset 0 and length 10485760 for ino 139498733673040
offset 0 and length 10485760 for ino 139498733673360
offset 0 and length 10485760 for ino 139498733673680
offset 0 and length 10485760 for ino 139498733674000
offset 0 and length 10485760 for ino 139498733674320
offset 0 and length 10485760 for ino 139498733674640
offset 0 and length 10485760 for ino 139498733674960
offset 0 and length 10485760 for ino 139498733675280
offset 0 and length 10485760 for ino 139498733675600
offset 0 and length 10485760 for ino 139498733675920
offset 0 and length 10485760 for ino 139498733676240
offset 0 and length 10485760 for ino 139498733676560
offset 0 and length 10485760 for ino 139498733676880
offset 0 and length 10485760 for ino 139498733677200
offset 0 and length 10485760 for ino 139498733677520
offset 0 and length 10485760 for ino 139498733677840
offset 0 and length 10485760 for ino 139498733678160
offset 0 and length 10485760 for ino 139498733678480
offset 0 and length 10485760 for ino 139498733678800
offset 0 and length 10485760 for ino 139498733679120
offset 0 and length 10485760 for ino 139498733679440
offset 0 and length 10485760 for ino 139498733679760
offset 0 and length 10485760 for ino 139498733680080
offset 0 and length 10485760 for ino 139498733680400
offset 0 and length 10485760 for ino 139498733680720
offset 0 and length 10485760 for ino 139498733681040
offset 0 and length 10485760 for ino 139498733681360
offset 0 and length 10485760 for ino 139498733681680
offset 0 and length 10485760 for ino 139498733682000
offset 0 and length 10485760 for ino 139498733682320
offset 0 and length 10485760 for ino 139498742071312
offset 0 and length 10485760 for ino 139498742071632
offset 0 and length 10485760 for ino 139498742071952
offset 0 and length 10485760 for ino 139498742072272
offset 0 and length 10485760 for ino 139498742072592
offset 0 and length 10485760 for ino 139498742072912
offset 0 and length 10485760 for ino 139498742073232
offset 0 and length 10485760 for ino 139498742073552
offset 0 and length 10485760 for ino 139498742073872
offset 0 and length 10485760 for ino 139498742074192
offset 0 and length 10485760 for ino 139498742074512
offset 0 and length 10485760 for ino 139498742074832
offset 0 and length 10485760 for ino 139498742075152
offset 0 and length 10485760 for ino 139498742075472
offset 0 and length 10485760 for ino 139498742075792
offset 0 and length 10485760 for ino 139499271808720
offset 0 and length 10485760 for ino 139499271809040
offset 0 and length 10485760 for ino 139499271809360
offset 0 and length 10485760 for ino 139499271809680
offset 0 and length 10485760 for ino 139499271810000
offset 0 and length 10485760 for ino 139499271810320
offset 0 and length 10485760 for ino 139499271810640
offset 0 and length 10485760 for ino 139499271810960
offset 0 and length 10485760 for ino 139499271811280
offset 0 and length 10485760 for ino 139499271811600
offset 0 and length 10485760 for ino 139499271811920
offset 0 and length 10485760 for ino 139499271812240
offset 0 and length 10485760 for ino 139499271603472
offset 0 and length 10485760 for ino 139499271603792
offset 0 and length 10485760 for ino 139499271604112
offset 0 and length 10485760 for ino 139499271280272
offset 0 and length 10485760 for ino 139499271280592
offset 0 and length 10485760 for ino 139499271280912
offset 0 and length 10485760 for ino 139498742076112
offset 0 and length 10485760 for ino 139498742076432
offset 0 and length 10485760 for ino 139498742076752
offset 0 and length 10485760 for ino 139498742077072
offset 0 and length 10485760 for ino 139498742077392
offset 0 and length 10485760 for ino 139498742077712
offset 0 and length 10485760 for ino 139498742078032
offset 0 and length 10485760 for ino 139498742078352
offset 0 and length 10485760 for ino 139498742078672
offset 0 and length 10485760 for ino 139498742078992
offset 0 and length 10485760 for ino 139498742079312
offset 0 and length 10485760 for ino 139498742079632
offset 0 and length 10485760 for ino 139498742079952
offset 0 and length 10485760 for ino 139498742080272
offset 0 and length 10485760 for ino 139498742080592
offset 0 and length 10485760 for ino 139498742080912
offset 0 and length 10485760 for ino 139498742081232
offset 0 and length 10485760 for ino 139498742081552
offset 0 and length 10485760 for ino 139498742081872
offset 0 and length 10485760 for ino 139498742082192
offset 0 and length 10485760 for ino 139498742082512
offset 0 and length 10485760 for ino 139498742082832
offset 0 and length 10485760 for ino 139498742083152
offset 0 and length 10485760 for ino 139498742083472
offset 0 and length 10485760 for ino 139498742083792
offset 0 and length 10485760 for ino 139498742084112
offset 0 and length 10485760 for ino 139498742084432
offset 0 and length 10485760 for ino 139498742084752
offset 0 and length 10485760 for ino 139498742085072
offset 0 and length 10485760 for ino 139498742085392
offset 0 and length 10485760 for ino 139498742085712
offset 0 and length 10485760 for ino 139498742086032
offset 0 and length 10485760 for ino 139498742086352
offset 0 and length 10485760 for ino 139498742086672
offset 0 and length 10485760 for ino 139498742086992
offset 0 and length 10485760 for ino 139498742087312
offset 0 and length 10485760 for ino 139495701053456
offset 0 and length 10485760 for ino 139495701053776
offset 0 and length 10485760 for ino 139495701054096
offset 0 and length 10485760 for ino 139495701054416
offset 0 and length 10485760 for ino 139495701054736
offset 0 and length 10485760 for ino 139495701055056
offset 0 and length 10485760 for ino 139495701055376
offset 0 and length 10485760 for ino 139495701055696
offset 0 and length 10485760 for ino 139495701056016
offset 0 and length 10485760 for ino 139495701056336
offset 0 and length 10485760 for ino 139495701056656
offset 0 and length 10485760 for ino 139495701056976
offset 0 and length 10485760 for ino 139495701057296
offset 0 and length 10485760 for ino 139495701057616
offset 0 and length 10485760 for ino 139495701057936
offset 0 and length 10485760 for ino 139495701058256
offset 0 and length 10485760 for ino 139495701058576
offset 0 and length 10485760 for ino 139495701058896
offset 0 and length 10485760 for ino 139495701059216
offset 0 and length 10485760 for ino 139495701059536
offset 0 and length 10485760 for ino 139495701059856
offset 0 and length 10485760 for ino 139495701060176
offset 0 and length 10485760 for ino 139495701060496
offset 0 and length 10485760 for ino 139495701060816
offset 0 and length 10485760 for ino 139495701061136
offset 0 and length 10485760 for ino 139495701061456
offset 0 and length 10485760 for ino 139495701061776
offset 0 and length 10485760 for ino 139495701062096
offset 0 and length 10485760 for ino 139495701062416
offset 0 and length 10485760 for ino 139495701062736
offset 0 and length 10485760 for ino 139495701063056
offset 0 and length 10485760 for ino 139498765742928
offset 0 and length 10485760 for ino 139498765743248
offset 0 and length 10485760 for ino 139498765743568
offset 0 and length 10485760 for ino 139498765743888
offset 0 and length 10485760 for ino 139498765744208
offset 0 and length 10485760 for ino 139498765744528
offset 0 and length 10485760 for ino 139498765744848
offset 0 and length 10485760 for ino 139498765745168
offset 0 and length 10485760 for ino 139498765745488
offset 0 and length 10485760 for ino 139498765745808
offset 0 and length 10485760 for ino 139495674707984
offset 0 and length 10485760 for ino 139495674708304
offset 0 and length 10485760 for ino 139495674708624
offset 0 and length 10485760 for ino 139495674708944
offset 0 and length 10485760 for ino 139495674709264
offset 0 and length 10485760 for ino 139495674709584
offset 0 and length 10485760 for ino 139495674709904
offset 0 and length 10485760 for ino 139495674710224
offset 0 and length 10485760 for ino 139495674710544
offset 0 and length 10485760 for ino 139495674710864
offset 0 and length 10485760 for ino 139495674711184
offset 0 and length 10485760 for ino 139499271604432
offset 0 and length 10485760 for ino 139499271604752
offset 0 and length 10485760 for ino 139499271605072
offset 0 and length 10485760 for ino 139499271605392
offset 0 and length 10485760 for ino 139499271605712
offset 0 and length 10485760 for ino 139499271606032
offset 0 and length 10485760 for ino 139495701063376
offset 0 and length 10485760 for ino 139495701063696
offset 0 and length 10485760 for ino 139495701064016
offset 0 and length 10485760 for ino 139495701064336
offset 0 and length 10485760 for ino 139495701064656
offset 0 and length 10485760 for ino 139498782679504
offset 0 and length 10485760 for ino 139498782679824
offset 0 and length 10485760 for ino 139495701064976
offset 0 and length 10485760 for ino 139495701065296
offset 0 and length 10485760 for ino 139495701065616
offset 0 and length 10485760 for ino 139495701065936
offset 0 and length 10485760 for ino 139495701066256
offset 0 and length 10485760 for ino 139495701066576
offset 0 and length 10485760 for ino 139495701066896
offset 0 and length 10485760 for ino 139495701067216
offset 0 and length 10485760 for ino 139495701067536
offset 0 and length 10485760 for ino 139495701067856
offset 0 and length 10485760 for ino 139495701068176
offset 0 and length 10485760 for ino 139495701068496
offset 0 and length 10485760 for ino 139495701068816
offset 0 and length 10485760 for ino 139495701069136
offset 0 and length 10485760 for ino 139495701069456
offset 0 and length 10485760 for ino 139495679934480
offset 0 and length 10485760 for ino 139495679934800
offset 0 and length 10485760 for ino 139495679935120
offset 0 and length 10485760 for ino 139495679935440
offset 0 and length 10485760 for ino 139495679935760
offset 0 and length 10485760 for ino 139495679936080
offset 0 and length 10485760 for ino 139495679936400
offset 0 and length 10485760 for ino 139495679936720
offset 0 and length 10485760 for ino 139495679937040
offset 0 and length 10485760 for ino 139495679937360
offset 0 and length 10485760 for ino 139495679937680
offset 0 and length 10485760 for ino 139495679938000
offset 0 and length 10485760 for ino 139495679938320
offset 0 and length 10485760 for ino 139495679938640
offset 0 and length 10485760 for ino 139495679938960
offset 0 and length 10485760 for ino 139495679939280
offset 0 and length 10485760 for ino 139499271281232
offset 0 and length 10485760 for ino 139499271812560
offset 0 and length 10485760 for ino 139499271812880
offset 0 and length 10485760 for ino 139499271813200
offset 0 and length 10485760 for ino 139499271813520
offset 0 and length 10485760 for ino 139499271813840
offset 0 and length 10485760 for ino 139499271814160
offset 0 and length 10485760 for ino 139499271814480
offset 0 and length 10485760 for ino 139499271814800
offset 0 and length 10485760 for ino 139495683080208
offset 0 and length 10485760 for ino 139495683080528
offset 0 and length 10485760 for ino 139495683080848
offset 0 and length 10485760 for ino 139495679939600
offset 0 and length 10485760 for ino 139495679939920
offset 0 and length 10485760 for ino 139495679940240
offset 0 and length 10485760 for ino 139495679940560
offset 0 and length 10485760 for ino 139495679940880
offset 0 and length 10485760 for ino 139495679941200
offset 0 and length 10485760 for ino 139495679941520
offset 0 and length 10485760 for ino 139495679941840
offset 0 and length 10485760 for ino 139495679942160
offset 0 and length 10485760 for ino 139495679942480
offset 0 and length 10485760 for ino 139495679942800
offset 0 and length 10485760 for ino 139495679943120
offset 0 and length 10485760 for ino 139495679943440
offset 0 and length 10485760 for ino 139495679943760
offset 0 and length 10485760 for ino 139495679944080
offset 0 and length 10485760 for ino 139495679944400
offset 0 and length 10485760 for ino 139495679944720
offset 0 and length 10485760 for ino 139495679945040
offset 0 and length 10485760 for ino 139495679945360
offset 0 and length 10485760 for ino 139495679945680
offset 0 and length 10485760 for ino 139495679946000
offset 0 and length 10485760 for ino 139495679946320
offset 0 and length 10485760 for ino 139498782680144
offset 0 and length 10485760 for ino 139498782680464
offset 0 and length 10485760 for ino 139498782680784
offset 0 and length 10485760 for ino 139498782681104
offset 0 and length 10485760 for ino 139498782681424
offset 0 and length 10485760 for ino 139498782681744
offset 0 and length 10485760 for ino 139498782682064
offset 0 and length 10485760 for ino 139498782682384
offset 0 and length 10485760 for ino 139498782682704
offset 0 and length 10485760 for ino 139498782683024
offset 0 and length 10485760 for ino 139498782683344
offset 0 and length 10485760 for ino 139498782683664
offset 0 and length 10485760 for ino 139498782683984
offset 0 and length 10485760 for ino 139498782684304
offset 0 and length 10485760 for ino 139498782684624
offset 0 and length 10485760 for ino 139498782684944
offset 0 and length 10485760 for ino 139498782685264
offset 0 and length 10485760 for ino 139498782685584
offset 0 and length 10485760 for ino 139498782685904
offset 0 and length 10485760 for ino 139498782686224
offset 0 and length 10485760 for ino 139498782686544
offset 0 and length 10485760 for ino 139498782686864
offset 0 and length 10485760 for ino 139495657586704
offset 0 and length 10485760 for ino 139495657587024
offset 0 and length 10485760 for ino 139495657587344
offset 0 and length 10485760 for ino 139495657587664
offset 0 and length 10485760 for ino 139495657587984
offset 0 and length 10485760 for ino 139495657588304
offset 0 and length 10485760 for ino 139495657588624
offset 0 and length 10485760 for ino 139495657588944
offset 0 and length 10485760 for ino 139495657589264
offset 0 and length 10485760 for ino 139495657589584
offset 0 and length 10485760 for ino 139495657589904
offset 0 and length 10485760 for ino 139495657590224
offset 0 and length 10485760 for ino 139495657590544
offset 0 and length 10485760 for ino 139495657590864
offset 0 and length 10485760 for ino 139495657591184
offset 0 and length 10485760 for ino 139495657591504
offset 0 and length 10485760 for ino 139495657591824
offset 0 and length 10485760 for ino 139495657592144
offset 0 and length 10485760 for ino 139499273583632
offset 0 and length 10485760 for ino 139499273583952
offset 0 and length 10485760 for ino 139499273584272
offset 0 and length 10485760 for ino 139495662436368
offset 0 and length 10485760 for ino 139495662436688
offset 0 and length 10485760 for ino 139495662437008
offset 0 and length 10485760 for ino 139495662437328
offset 0 and length 10485760 for ino 139495662437648
offset 0 and length 10485760 for ino 139495679946640
offset 0 and length 10485760 for ino 139495679946960
offset 0 and length 10485760 for ino 139495679947280
offset 0 and length 10485760 for ino 139495679947600
offset 0 and length 10485760 for ino 139495679947920
offset 0 and length 10485760 for ino 139495679948240
offset 0 and length 10485760 for ino 139495679948560
offset 0 and length 10485760 for ino 139495657592464
offset 0 and length 10485760 for ino 139495657592784
offset 0 and length 10485760 for ino 139495657593104
offset 0 and length 10485760 for ino 139495657593424
offset 0 and length 10485760 for ino 139495657593744
offset 0 and length 10485760 for ino 139495657594064
offset 0 and length 10485760 for ino 139495657594384
offset 0 and length 10485760 for ino 139495657594704
offset 0 and length 10485760 for ino 139495657595024
offset 0 and length 10485760 for ino 139495657595344
offset 0 and length 10485760 for ino 139495679948880
offset 0 and length 10485760 for ino 139495679949200
offset 0 and length 10485760 for ino 139499271281552
offset 0 and length 10485760 for ino 139499271281872
offset 0 and length 10485760 for ino 139499271282192
offset 0 and length 10485760 for ino 139499271282512
offset 0 and length 10485760 for ino 139499271282832
offset 0 and length 10485760 for ino 139499271283152
offset 0 and length 10485760 for ino 139499271283472
offset 0 and length 10485760 for ino 139499271283792
offset 0 and length 10485760 for ino 139499271284112
offset 0 and length 10485760 for ino 139499271284432
offset 0 and length 10485760 for ino 139495679949520
offset 0 and length 10485760 for ino 139495679949840
offset 0 and length 10485760 for ino 139495679950160
offset 0 and length 10485760 for ino 139495679950480
offset 0 and length 10485760 for ino 139495665270800
offset 0 and length 10485760 for ino 139495665271120
offset 0 and length 10485760 for ino 139495665271440
offset 0 and length 10485760 for ino 139495665271760
offset 0 and length 10485760 for ino 139495665272080
offset 0 and length 10485760 for ino 139495665272400
offset 0 and length 10485760 for ino 139495665272720
offset 0 and length 10485760 for ino 139495665273040
offset 0 and length 10485760 for ino 139495665273360
offset 0 and length 10485760 for ino 139495665273680
offset 0 and length 10485760 for ino 139495665274000
offset 0 and length 10485760 for ino 139495665274320
offset 0 and length 10485760 for ino 139495665274640
offset 0 and length 10485760 for ino 139495665274960
offset 0 and length 10485760 for ino 139495665275280
offset 0 and length 10485760 for ino 139495665275600
offset 0 and length 10485760 for ino 139495665275920
offset 0 and length 10485760 for ino 139495665276240
offset 0 and length 10485760 for ino 139495665276560
offset 0 and length 10485760 for ino 139495665276880
offset 0 and length 10485760 for ino 139495665277200
offset 0 and length 10485760 for ino 139495665277520
offset 0 and length 10485760 for ino 139495665277840
offset 0 and length 10485760 for ino 139495665278160
offset 0 and length 10485760 for ino 139495665278480
offset 0 and length 10485760 for ino 139495674711504
offset 0 and length 10485760 for ino 139495674711824
offset 0 and length 10485760 for ino 139495674712144
offset 0 and length 10485760 for ino 139495674712464
offset 0 and length 10485760 for ino 139495674712784
offset 0 and length 10485760 for ino 139495674713104
offset 0 and length 10485760 for ino 139495674713424
offset 0 and length 10485760 for ino 139495674713744
offset 0 and length 10485760 for ino 139495674714064
offset 0 and length 10485760 for ino 139495674714384
offset 0 and length 10485760 for ino 139495674714704
offset 0 and length 10485760 for ino 139495674715024
offset 0 and length 10485760 for ino 139495662437968
offset 0 and length 10485760 for ino 139495657595664
offset 0 and length 10485760 for ino 139495657595984
offset 0 and length 10485760 for ino 139495665278800
offset 0 and length 10485760 for ino 139495665279120
offset 0 and length 10485760 for ino 139495665279440
offset 0 and length 10485760 for ino 139495665279760
offset 0 and length 10485760 for ino 139495665280080
offset 0 and length 10485760 for ino 139495665280400
offset 0 and length 10485760 for ino 139495665280720
offset 0 and length 10485760 for ino 139495665281040
offset 0 and length 10485760 for ino 139495665281360
offset 0 and length 10485760 for ino 139495665281680
offset 0 and length 10485760 for ino 139495665282000
offset 0 and length 10485760 for ino 139495665282320
offset 0 and length 10485760 for ino 139495665282640
offset 0 and length 10485760 for ino 139495665282960
offset 0 and length 10485760 for ino 139495665283280
offset 0 and length 10485760 for ino 139495665283600
offset 0 and length 10485760 for ino 139495665283920
offset 0 and length 10485760 for ino 139495665284240
offset 0 and length 10485760 for ino 139495665284560
offset 0 and length 10485760 for ino 139495665284880
offset 0 and length 10485760 for ino 139495665285200
offset 0 and length 10485760 for ino 139495665285520
offset 0 and length 10485760 for ino 139495665285840
offset 0 and length 10485760 for ino 139495665286160
offset 0 and length 10485760 for ino 139495665286480
offset 0 and length 10485760 for ino 139495665286800
offset 0 and length 10485760 for ino 139495646412816
offset 0 and length 10485760 for ino 139495646413136
offset 0 and length 10485760 for ino 139495646413456
offset 0 and length 10485760 for ino 139495646413776
offset 0 and length 10485760 for ino 139495646414096
offset 0 and length 10485760 for ino 139495646414416
offset 0 and length 10485760 for ino 139495646414736
offset 0 and length 10485760 for ino 139495646415056
offset 0 and length 10485760 for ino 139495646415376
offset 0 and length 10485760 for ino 139495646415696
offset 0 and length 10485760 for ino 139495646416016
offset 0 and length 10485760 for ino 139495674715344
offset 0 and length 10485760 for ino 139495674715664
offset 0 and length 10485760 for ino 139495674715984
offset 0 and length 10485760 for ino 139495674716304
offset 0 and length 10485760 for ino 139495674716624
offset 0 and length 10485760 for ino 139495674716944
offset 0 and length 10485760 for ino 139495674717264
offset 0 and length 10485760 for ino 139495674717584
offset 0 and length 10485760 for ino 139495674717904
offset 0 and length 10485760 for ino 139495674718224
offset 0 and length 10485760 for ino 139495674718544
offset 0 and length 10485760 for ino 139495674718864
offset 0 and length 10485760 for ino 139495674719184
offset 0 and length 10485760 for ino 139495674719504
offset 0 and length 10485760 for ino 139495674719824
