Harness starting.
 /home/sevag/CLionProjects/FuseFileSystemBoC/cmake-build-release/FuseFileSystemBoC --seed 2929140159

Pinning to Core:40
creating 512 mb file systemoffset 0 and length 16777216 for ino 140150585851920
offset 0 and length 16777216 for ino 140150585982992
offset 0 and length 16777216 for ino 140150585983312
offset 0 and length 16777216 for ino 140150585983632
offset 0 and length 16777216 for ino 140150585983952
offset 0 and length 16777216 for ino 140150585984272
offset 0 and length 16777216 for ino 140150585984592
offset 0 and length 16777216 for ino 140150585984912
offset 0 and length 16777216 for ino 140150585985232
offset 0 and length 16777216 for ino 140150585985552
offset 0 and length 16777216 for ino 140150585985872
offset 0 and length 16777216 for ino 140150585986192
offset 0 and length 16777216 for ino 140150585986512
offset 0 and length 16777216 for ino 140150585986832
offset 0 and length 16777216 for ino 140150585987152
offset 0 and length 16777216 for ino 140150585987472
offset 0 and length 16777216 for ino 140150585987792
offset 0 and length 16777216 for ino 140150585988112
offset 0 and length 16777216 for ino 140150585988432
offset 0 and length 16777216 for ino 140150585988752
offset 0 and length 16777216 for ino 140150585989072
offset 0 and length 16777216 for ino 140150585989392
offset 0 and length 16777216 for ino 140150585989712
offset 0 and length 16777216 for ino 140150585990032
offset 0 and length 16777216 for ino 140150585990352
offset 0 and length 16777216 for ino 140150585990672
offset 0 and length 16777216 for ino 140150585990992
offset 0 and length 16777216 for ino 140150585991312
offset 0 and length 16777216 for ino 140150585991632
offset 0 and length 16777216 for ino 140150585991952
offset 0 and length 16777216 for ino 140150585992272
offset 0 and length 16777216 for ino 140150585992592
offset 0 and length 16777216 for ino 140150585992912
offset 0 and length 16777216 for ino 140150585993232
offset 0 and length 16777216 for ino 140150585993552
offset 0 and length 16777216 for ino 140150585993872
offset 0 and length 16777216 for ino 140150585994192
offset 0 and length 16777216 for ino 140150585994512
offset 0 and length 16777216 for ino 140150585994832
offset 0 and length 16777216 for ino 140150585995152
offset 0 and length 16777216 for ino 140150585995472
offset 0 and length 16777216 for ino 140150585995792
offset 0 and length 16777216 for ino 140150585996112
offset 0 and length 16777216 for ino 140150585996432
offset 0 and length 16777216 for ino 140150585996752
offset 0 and length 16777216 for ino 140150585997072
offset 0 and length 16777216 for ino 140150585997392
offset 0 and length 16777216 for ino 140150585997712
offset 0 and length 16777216 for ino 140150585998032
offset 0 and length 16777216 for ino 140150585998352
offset 0 and length 16777216 for ino 140150585998672
offset 0 and length 16777216 for ino 140150585998992
offset 0 and length 16777216 for ino 140150594961424
offset 0 and length 16777216 for ino 140150594961744
offset 0 and length 16777216 for ino 140150594962064
offset 0 and length 16777216 for ino 140150594962384
offset 0 and length 16777216 for ino 140150594962704
offset 0 and length 16777216 for ino 140150594963024
offset 0 and length 16777216 for ino 140150594963344
offset 0 and length 16777216 for ino 140150594963664
offset 0 and length 16777216 for ino 140150594963984
offset 0 and length 16777216 for ino 140150594964304
offset 0 and length 16777216 for ino 140150594964624
offset 0 and length 16777216 for ino 140150594964944
