Harness starting.
 /home/sevag/CLionProjects/FuseFileSystemBoC/cmake-build-release/FuseFileSystemBoC --seed 164162969

Pinning to Core:40
creating 512 mb file systemoffset 0 and length 503316480 for ino 139479950196752
offset 0 and length 503316480 for ino 139479950409744
offset 0 and length 503316480 for ino 139479953735696
offset 0 and length 503316480 for ino 139479953736016
offset 0 and length 503316480 for ino 139479953736336
offset 0 and length 503316480 for ino 139479953736656
offset 0 and length 503316480 for ino 139479953736976
offset 0 and length 503316480 for ino 139479953737296
offset 0 and length 503316480 for ino 139479775936528
offset 0 and length 503316480 for ino 139479953737616
offset 0 and length 503316480 for ino 139479953737936
offset 0 and length 503316480 for ino 139479953738256
offset 0 and length 503316480 for ino 139479950410064
offset 0 and length 503316480 for ino 139479950114832
offset 0 and length 503316480 for ino 139479950115152
offset 0 and length 503316480 for ino 139479775903760
offset 0 and length 503316480 for ino 139479950115472
offset 0 and length 503316480 for ino 139479950524432
offset 0 and length 503316480 for ino 139479950524752
offset 0 and length 503316480 for ino 139479775904080
offset 0 and length 503316480 for ino 139479950410384
offset 0 and length 503316480 for ino 139479950197072
offset 0 and length 503316480 for ino 139479950115792
offset 0 and length 503316480 for ino 139479950116112
offset 0 and length 503316480 for ino 139479950116432
offset 0 and length 503316480 for ino 139479950116752
offset 0 and length 503316480 for ino 139479950117072
offset 0 and length 503316480 for ino 139479950525072
offset 0 and length 503316480 for ino 139479950117392
offset 0 and length 503316480 for ino 139479950786576
offset 0 and length 503316480 for ino 139479775904400
offset 0 and length 503316480 for ino 139479953738576
offset 0 and length 503316480 for ino 139479950197392
offset 0 and length 503316480 for ino 139479955963920
offset 0 and length 503316480 for ino 139479955964240
offset 0 and length 503316480 for ino 139479950786896
offset 0 and length 503316480 for ino 139479953738896
offset 0 and length 503316480 for ino 139479953739216
offset 0 and length 503316480 for ino 139479955964560
offset 0 and length 503316480 for ino 139479775904720
offset 0 and length 503316480 for ino 139479950117712
offset 0 and length 503316480 for ino 139479950525392
offset 0 and length 503316480 for ino 139479950525712
offset 0 and length 503316480 for ino 139479950787216
offset 0 and length 503316480 for ino 139479950118032
offset 0 and length 503316480 for ino 139479950118352
offset 0 and length 503316480 for ino 139479775905040
offset 0 and length 503316480 for ino 139479950197712
offset 0 and length 503316480 for ino 139479955964880
offset 0 and length 503316480 for ino 139479955965200
offset 0 and length 503316480 for ino 139479953739536
offset 0 and length 503316480 for ino 139479950526032
offset 0 and length 503316480 for ino 139479955965520
offset 0 and length 503316480 for ino 139479950526352
offset 0 and length 503316480 for ino 139479953739856
offset 0 and length 503316480 for ino 139479955965840
offset 0 and length 503316480 for ino 139479955966160
offset 0 and length 503316480 for ino 139479953740176
offset 0 and length 503316480 for ino 139479950526672
offset 0 and length 503316480 for ino 139479775905360
offset 0 and length 503316480 for ino 139479950787536
offset 0 and length 503316480 for ino 139479775936848
offset 0 and length 503316480 for ino 139479950787856
offset 0 and length 503316480 for ino 139479950118672
