Harness starting.
 /home/sevag/CLionProjects/FuseFileSystemBoC/cmake-build-release/FuseFileSystemBoC --seed 1356303239

Pinning to Core:40
creating 512 mb file systemoffset 0 and length 10485760 for ino 139590304448528
offset 0 and length 10485760 for ino 139590304710672
offset 0 and length 10485760 for ino 139590304972816
offset 0 and length 10485760 for ino 139590304874512
offset 0 and length 10485760 for ino 139590304874832
offset 0 and length 10485760 for ino 139590304875152
offset 0 and length 10485760 for ino 139590304875472
offset 0 and length 10485760 for ino 139590304973136
offset 0 and length 10485760 for ino 139590305234960
offset 0 and length 10485760 for ino 139590304448848
offset 0 and length 10485760 for ino 139590304875792
offset 0 and length 10485760 for ino 139590304876112
offset 0 and length 10485760 for ino 139590304876432
offset 0 and length 10485760 for ino 139590304710992
offset 0 and length 10485760 for ino 139590305497104
offset 0 and length 10485760 for ino 139590304876752
offset 0 and length 10485760 for ino 139590304711312
offset 0 and length 10485760 for ino 139590304877072
offset 0 and length 10485760 for ino 139590304877392
offset 0 and length 10485760 for ino 139590304877712
offset 0 and length 10485760 for ino 139590304878032
offset 0 and length 10485760 for ino 139590304878352
offset 0 and length 10485760 for ino 139590304878672
offset 0 and length 10485760 for ino 139590304878992
offset 0 and length 10485760 for ino 139590304879312
offset 0 and length 10485760 for ino 139590304711632
offset 0 and length 10485760 for ino 139590304879632
offset 0 and length 10485760 for ino 139590306873360
offset 0 and length 10485760 for ino 139590304973456
offset 0 and length 10485760 for ino 139590304711952
offset 0 and length 10485760 for ino 139590304879952
offset 0 and length 10485760 for ino 139590304880272
offset 0 and length 10485760 for ino 139590307135504
offset 0 and length 10485760 for ino 139590304880592
offset 0 and length 10485760 for ino 139590304880912
offset 0 and length 10485760 for ino 139590307135824
offset 0 and length 10485760 for ino 139590308708368
offset 0 and length 10485760 for ino 139590308708688
offset 0 and length 10485760 for ino 139590308970512
offset 0 and length 10485760 for ino 139590307136144
offset 0 and length 10485760 for ino 139590308970832
offset 0 and length 10485760 for ino 139590304973776
offset 0 and length 10485760 for ino 139590304449168
offset 0 and length 10485760 for ino 139590304974096
offset 0 and length 10485760 for ino 139590305235280
offset 0 and length 10485760 for ino 139590304881232
offset 0 and length 10485760 for ino 139590304881552
offset 0 and length 10485760 for ino 139590304449488
offset 0 and length 10485760 for ino 139590304881872
offset 0 and length 10485760 for ino 139590304449808
offset 0 and length 10485760 for ino 139590304882192
offset 0 and length 10485760 for ino 139590304712272
offset 0 and length 10485760 for ino 139590304882512
offset 0 and length 10485760 for ino 139590304882832
offset 0 and length 10485760 for ino 139590304883152
offset 0 and length 10485760 for ino 139590304883472
offset 0 and length 10485760 for ino 139590308971152
offset 0 and length 10485760 for ino 139590304883792
offset 0 and length 10485760 for ino 139590304974416
offset 0 and length 10485760 for ino 139590304884112
offset 0 and length 10485760 for ino 139590304450128
offset 0 and length 10485760 for ino 139590304884432
offset 0 and length 10485760 for ino 139590304884752
offset 0 and length 10485760 for ino 139590304885072
offset 0 and length 10485760 for ino 139590304885392
offset 0 and length 10485760 for ino 139590308709008
offset 0 and length 10485760 for ino 139590307136464
offset 0 and length 10485760 for ino 139590307136784
offset 0 and length 10485760 for ino 139590304885712
offset 0 and length 10485760 for ino 139590304886032
offset 0 and length 10485760 for ino 139590305235600
offset 0 and length 10485760 for ino 139590304886352
offset 0 and length 10485760 for ino 139590304886672
offset 0 and length 10485760 for ino 139590304886992
offset 0 and length 10485760 for ino 139590304887312
offset 0 and length 10485760 for ino 139590304712592
offset 0 and length 10485760 for ino 139590304887632
offset 0 and length 10485760 for ino 139590304887952
offset 0 and length 10485760 for ino 139590304888272
offset 0 and length 10485760 for ino 139590305497424
offset 0 and length 10485760 for ino 139590304888592
offset 0 and length 10485760 for ino 139590304888912
offset 0 and length 10485760 for ino 139590304889232
offset 0 and length 10485760 for ino 139590304889552
offset 0 and length 10485760 for ino 139590304889872
offset 0 and length 10485760 for ino 139590304890192
offset 0 and length 10485760 for ino 139590304712912
offset 0 and length 10485760 for ino 139590305235920
offset 0 and length 10485760 for ino 139590304713232
offset 0 and length 10485760 for ino 139590304713552
offset 0 and length 10485760 for ino 139590304713872
offset 0 and length 10485760 for ino 139590304890512
offset 0 and length 10485760 for ino 139590224822288
offset 0 and length 10485760 for ino 139590305236240
offset 0 and length 10485760 for ino 139590224822608
offset 0 and length 10485760 for ino 139590304450448
offset 0 and length 10485760 for ino 139590304974736
offset 0 and length 10485760 for ino 139590305497744
offset 0 and length 10485760 for ino 139590304975056
offset 0 and length 10485760 for ino 139590304714192
offset 0 and length 10485760 for ino 139590224822928
offset 0 and length 10485760 for ino 139590224823248
offset 0 and length 10485760 for ino 139590224823568
offset 0 and length 10485760 for ino 139590304450768
offset 0 and length 10485760 for ino 139590224823888
offset 0 and length 10485760 for ino 139590224824208
offset 0 and length 10485760 for ino 139590224824528
offset 0 and length 10485760 for ino 139590304975376
offset 0 and length 10485760 for ino 139590224824848
offset 0 and length 10485760 for ino 139590224825168
offset 0 and length 10485760 for ino 139590224825488
offset 0 and length 10485760 for ino 139590224825808
offset 0 and length 10485760 for ino 139590306873680
offset 0 and length 10485760 for ino 139590224826128
offset 0 and length 10485760 for ino 139590305498064
offset 0 and length 10485760 for ino 139590224826448
offset 0 and length 10485760 for ino 139590224826768
offset 0 and length 10485760 for ino 139590224827088
offset 0 and length 10485760 for ino 139590304714512
offset 0 and length 10485760 for ino 139590305498384
offset 0 and length 10485760 for ino 139590224827408
offset 0 and length 10485760 for ino 139590224827728
offset 0 and length 10485760 for ino 139590224828048
offset 0 and length 10485760 for ino 139590307137104
offset 0 and length 10485760 for ino 139590224828368
offset 0 and length 10485760 for ino 139590305498704
offset 0 and length 10485760 for ino 139590304714832
offset 0 and length 10485760 for ino 139590306874000
offset 0 and length 10485760 for ino 139590307137424
offset 0 and length 10485760 for ino 139590224828688
offset 0 and length 10485760 for ino 139590224829008
offset 0 and length 10485760 for ino 139590305499024
offset 0 and length 10485760 for ino 139590305499344
offset 0 and length 10485760 for ino 139590224829328
offset 0 and length 10485760 for ino 139590308971472
offset 0 and length 10485760 for ino 139590304715152
offset 0 and length 10485760 for ino 139590304451088
offset 0 and length 10485760 for ino 139590305499664
offset 0 and length 10485760 for ino 139590308709328
offset 0 and length 10485760 for ino 139590308709648
offset 0 and length 10485760 for ino 139590304715472
offset 0 and length 10485760 for ino 139590304975696
offset 0 and length 10485760 for ino 139590304715792
offset 0 and length 10485760 for ino 139590304976016
offset 0 and length 10485760 for ino 139590307137744
offset 0 and length 10485760 for ino 139590308971792
offset 0 and length 10485760 for ino 139590224829648
offset 0 and length 10485760 for ino 139590224829968
offset 0 and length 10485760 for ino 139590304451408
offset 0 and length 10485760 for ino 139590224830288
offset 0 and length 10485760 for ino 139590224830608
offset 0 and length 10485760 for ino 139590304716112
offset 0 and length 10485760 for ino 139590305236560
offset 0 and length 10485760 for ino 139590224830928
offset 0 and length 10485760 for ino 139590304451728
offset 0 and length 10485760 for ino 139590304452048
offset 0 and length 10485760 for ino 139590224831248
offset 0 and length 10485760 for ino 139590307138064
offset 0 and length 10485760 for ino 139590307138384
offset 0 and length 10485760 for ino 139590307138704
offset 0 and length 10485760 for ino 139590304716432
offset 0 and length 10485760 for ino 139590304452368
offset 0 and length 10485760 for ino 139590304452688
offset 0 and length 10485760 for ino 139590307139024
offset 0 and length 10485760 for ino 139590307139344
offset 0 and length 10485760 for ino 139590307139664
offset 0 and length 10485760 for ino 139590307139984
offset 0 and length 10485760 for ino 139590307140304
offset 0 and length 10485760 for ino 139590307140624
offset 0 and length 10485760 for ino 139590307140944
offset 0 and length 10485760 for ino 139590307141264
offset 0 and length 10485760 for ino 139590307141584
offset 0 and length 10485760 for ino 139590307141904
offset 0 and length 10485760 for ino 139590307142224
offset 0 and length 10485760 for ino 139590307142544
offset 0 and length 10485760 for ino 139590307142864
offset 0 and length 10485760 for ino 139590305236880
offset 0 and length 10485760 for ino 139590224831568
offset 0 and length 10485760 for ino 139590308709968
offset 0 and length 10485760 for ino 139590304453008
offset 0 and length 10485760 for ino 139590304453328
offset 0 and length 10485760 for ino 139590307143184
offset 0 and length 10485760 for ino 139590304716752
offset 0 and length 10485760 for ino 139590307143504
offset 0 and length 10485760 for ino 139590307143824
offset 0 and length 10485760 for ino 139590307144144
offset 0 and length 10485760 for ino 139590307144464
offset 0 and length 10485760 for ino 139590307144784
offset 0 and length 10485760 for ino 139590307145104
offset 0 and length 10485760 for ino 139590307145424
offset 0 and length 10485760 for ino 139590307145744
offset 0 and length 10485760 for ino 139590307146064
offset 0 and length 10485760 for ino 139590307146384
offset 0 and length 10485760 for ino 139590307146704
offset 0 and length 10485760 for ino 139590307147024
offset 0 and length 10485760 for ino 139590307147344
offset 0 and length 10485760 for ino 139590307147664
offset 0 and length 10485760 for ino 139590307147984
offset 0 and length 10485760 for ino 139590307148304
offset 0 and length 10485760 for ino 139590307148624
offset 0 and length 10485760 for ino 139590307148944
offset 0 and length 10485760 for ino 139590307149264
offset 0 and length 10485760 for ino 139590307149584
offset 0 and length 10485760 for ino 139590307149904
offset 0 and length 10485760 for ino 139590307150224
offset 0 and length 10485760 for ino 139590307150544
offset 0 and length 10485760 for ino 139590307150864
offset 0 and length 10485760 for ino 139590307151184
offset 0 and length 10485760 for ino 139590307151504
offset 0 and length 10485760 for ino 139590105088016
offset 0 and length 10485760 for ino 139590105088336
offset 0 and length 10485760 for ino 139590105088656
offset 0 and length 10485760 for ino 139590105088976
offset 0 and length 10485760 for ino 139590105089296
offset 0 and length 10485760 for ino 139590105089616
offset 0 and length 10485760 for ino 139590105089936
offset 0 and length 10485760 for ino 139590304453648
offset 0 and length 10485760 for ino 139590105090256
offset 0 and length 10485760 for ino 139590105090576
offset 0 and length 10485760 for ino 139590308972112
offset 0 and length 10485760 for ino 139590305499984
offset 0 and length 10485760 for ino 139590304453968
offset 0 and length 10485760 for ino 139590308710288
offset 0 and length 10485760 for ino 139590105090896
offset 0 and length 10485760 for ino 139590304454288
offset 0 and length 10485760 for ino 139590105091216
offset 0 and length 10485760 for ino 139590105091536
offset 0 and length 10485760 for ino 139590105091856
offset 0 and length 10485760 for ino 139590105092176
offset 0 and length 10485760 for ino 139590105092496
offset 0 and length 10485760 for ino 139590105092816
offset 0 and length 10485760 for ino 139590105093136
offset 0 and length 10485760 for ino 139590105093456
offset 0 and length 10485760 for ino 139590105093776
offset 0 and length 10485760 for ino 139590105094096
offset 0 and length 10485760 for ino 139590105094416
offset 0 and length 10485760 for ino 139590105094736
offset 0 and length 10485760 for ino 139590105095056
offset 0 and length 10485760 for ino 139590105095376
offset 0 and length 10485760 for ino 139590105095696
offset 0 and length 10485760 for ino 139590105096016
offset 0 and length 10485760 for ino 139590105096336
offset 0 and length 10485760 for ino 139590105096656
offset 0 and length 10485760 for ino 139590105096976
offset 0 and length 10485760 for ino 139590105097296
offset 0 and length 10485760 for ino 139590105097616
offset 0 and length 10485760 for ino 139590105097936
offset 0 and length 10485760 for ino 139590308710608
offset 0 and length 10485760 for ino 139590105098256
offset 0 and length 10485760 for ino 139590105098576
offset 0 and length 10485760 for ino 139590304717072
offset 0 and length 10485760 for ino 139590105098896
offset 0 and length 10485760 for ino 139590304454608
offset 0 and length 10485760 for ino 139590304454928
offset 0 and length 10485760 for ino 139590224831888
offset 0 and length 10485760 for ino 139590304976336
offset 0 and length 10485760 for ino 139590304455248
offset 0 and length 10485760 for ino 139590304455568
offset 0 and length 10485760 for ino 139590304455888
offset 0 and length 10485760 for ino 139590304976656
offset 0 and length 10485760 for ino 139590308972432
offset 0 and length 10485760 for ino 139590304717392
offset 0 and length 10485760 for ino 139590224832208
offset 0 and length 10485760 for ino 139590105099216
offset 0 and length 10485760 for ino 139590105099536
offset 0 and length 10485760 for ino 139590105099856
offset 0 and length 10485760 for ino 139590105100176
offset 0 and length 10485760 for ino 139590105100496
offset 0 and length 10485760 for ino 139590105100816
offset 0 and length 10485760 for ino 139590105101136
offset 0 and length 10485760 for ino 139590105101456
offset 0 and length 10485760 for ino 139590224832528
offset 0 and length 10485760 for ino 139590304456208
offset 0 and length 10485760 for ino 139590308972752
offset 0 and length 10485760 for ino 139590105101776
offset 0 and length 10485760 for ino 139590105102096
offset 0 and length 10485760 for ino 139590105102416
offset 0 and length 10485760 for ino 139590105102736
offset 0 and length 10485760 for ino 139590304456528
offset 0 and length 10485760 for ino 139590105103056
offset 0 and length 10485760 for ino 139590304717712
offset 0 and length 10485760 for ino 139590224832848
offset 0 and length 10485760 for ino 139590105103376
offset 0 and length 10485760 for ino 139590105103696
offset 0 and length 10485760 for ino 139590105104016
offset 0 and length 10485760 for ino 139590096699408
offset 0 and length 10485760 for ino 139590096699728
offset 0 and length 10485760 for ino 139590224833168
offset 0 and length 10485760 for ino 139590096700048
offset 0 and length 10485760 for ino 139590308973072
offset 0 and length 10485760 for ino 139590096700368
offset 0 and length 10485760 for ino 139590305500304
offset 0 and length 10485760 for ino 139590096700688
offset 0 and length 10485760 for ino 139590308710928
offset 0 and length 10485760 for ino 139590096701008
offset 0 and length 10485760 for ino 139590306874320
offset 0 and length 10485760 for ino 139590304456848
offset 0 and length 10485760 for ino 139590096701328
offset 0 and length 10485760 for ino 139590224833488
offset 0 and length 10485760 for ino 139590224833808
offset 0 and length 10485760 for ino 139590096701648
offset 0 and length 10485760 for ino 139590096701968
offset 0 and length 10485760 for ino 139590096702288
offset 0 and length 10485760 for ino 139590096702608
offset 0 and length 10485760 for ino 139590096702928
offset 0 and length 10485760 for ino 139590096703248
offset 0 and length 10485760 for ino 139590096703568
offset 0 and length 10485760 for ino 139590096703888
offset 0 and length 10485760 for ino 139590096704208
offset 0 and length 10485760 for ino 139590096704528
offset 0 and length 10485760 for ino 139590096704848
offset 0 and length 10485760 for ino 139590096705168
offset 0 and length 10485760 for ino 139590096705488
offset 0 and length 10485760 for ino 139590096705808
offset 0 and length 10485760 for ino 139590096706128
offset 0 and length 10485760 for ino 139590096706448
offset 0 and length 10485760 for ino 139590096706768
offset 0 and length 10485760 for ino 139590096707088
offset 0 and length 10485760 for ino 139590096707408
offset 0 and length 10485760 for ino 139590096707728
offset 0 and length 10485760 for ino 139590096708048
offset 0 and length 10485760 for ino 139590096708368
offset 0 and length 10485760 for ino 139590096708688
offset 0 and length 10485760 for ino 139590096709008
offset 0 and length 10485760 for ino 139590096709328
offset 0 and length 10485760 for ino 139590096709648
offset 0 and length 10485760 for ino 139590096709968
offset 0 and length 10485760 for ino 139590096710288
offset 0 and length 10485760 for ino 139590096710608
offset 0 and length 10485760 for ino 139590096710928
offset 0 and length 10485760 for ino 139590096711248
offset 0 and length 10485760 for ino 139590096711568
offset 0 and length 10485760 for ino 139590096711888
offset 0 and length 10485760 for ino 139590096712208
offset 0 and length 10485760 for ino 139590096712528
offset 0 and length 10485760 for ino 139590096712848
offset 0 and length 10485760 for ino 139590096713168
offset 0 and length 10485760 for ino 139590096713488
offset 0 and length 10485760 for ino 139590096713808
offset 0 and length 10485760 for ino 139590096714128
offset 0 and length 10485760 for ino 139590096714448
offset 0 and length 10485760 for ino 139590096714768
offset 0 and length 10485760 for ino 139590096715088
offset 0 and length 10485760 for ino 139590096715408
offset 0 and length 10485760 for ino 139590077841424
offset 0 and length 10485760 for ino 139590077841744
offset 0 and length 10485760 for ino 139590077842064
offset 0 and length 10485760 for ino 139590077842384
offset 0 and length 10485760 for ino 139590077842704
offset 0 and length 10485760 for ino 139590077843024
offset 0 and length 10485760 for ino 139590077843344
offset 0 and length 10485760 for ino 139590077843664
offset 0 and length 10485760 for ino 139590077843984
offset 0 and length 10485760 for ino 139590077844304
offset 0 and length 10485760 for ino 139590077844624
offset 0 and length 10485760 for ino 139590077844944
offset 0 and length 10485760 for ino 139590077845264
offset 0 and length 10485760 for ino 139590077845584
offset 0 and length 10485760 for ino 139590077845904
offset 0 and length 10485760 for ino 139590077846224
offset 0 and length 10485760 for ino 139590077846544
offset 0 and length 10485760 for ino 139590077846864
offset 0 and length 10485760 for ino 139590077847184
offset 0 and length 10485760 for ino 139590077847504
offset 0 and length 10485760 for ino 139590077847824
offset 0 and length 10485760 for ino 139590077848144
offset 0 and length 10485760 for ino 139590077848464
offset 0 and length 10485760 for ino 139590077848784
offset 0 and length 10485760 for ino 139590077849104
offset 0 and length 10485760 for ino 139590077849424
offset 0 and length 10485760 for ino 139590077849744
offset 0 and length 10485760 for ino 139590077850064
offset 0 and length 10485760 for ino 139590077850384
offset 0 and length 10485760 for ino 139590304457168
offset 0 and length 10485760 for ino 139590077850704
offset 0 and length 10485760 for ino 139590077851024
offset 0 and length 10485760 for ino 139590077851344
offset 0 and length 10485760 for ino 139590077851664
offset 0 and length 10485760 for ino 139590306874640
offset 0 and length 10485760 for ino 139590077851984
offset 0 and length 10485760 for ino 139590306874960
offset 0 and length 10485760 for ino 139590304457488
offset 0 and length 10485760 for ino 139590077852304
offset 0 and length 10485760 for ino 139590077852624
offset 0 and length 10485760 for ino 139590077852944
offset 0 and length 10485760 for ino 139590077853264
offset 0 and length 10485760 for ino 139590077853584
offset 0 and length 10485760 for ino 139590308973392
offset 0 and length 10485760 for ino 139590305237200
offset 0 and length 10485760 for ino 139590077853904
offset 0 and length 10485760 for ino 139590304457808
offset 0 and length 10485760 for ino 139590306875280
offset 0 and length 10485760 for ino 139590306875600
offset 0 and length 10485760 for ino 139590304458128
offset 0 and length 10485760 for ino 139590077854224
offset 0 and length 10485760 for ino 139590077854544
offset 0 and length 10485760 for ino 139590077854864
offset 0 and length 10485760 for ino 139590077855184
offset 0 and length 10485760 for ino 139590077855504
offset 0 and length 10485760 for ino 139590306875920
offset 0 and length 10485760 for ino 139590077855824
offset 0 and length 10485760 for ino 139590077856144
offset 0 and length 10485760 for ino 139590077856464
offset 0 and length 10485760 for ino 139590077856784
offset 0 and length 10485760 for ino 139590077857104
offset 0 and length 10485760 for ino 139590077857424
offset 0 and length 10485760 for ino 139590073663504
offset 0 and length 10485760 for ino 139590073663824
offset 0 and length 10485760 for ino 139590073664144
offset 0 and length 10485760 for ino 139590073664464
offset 0 and length 10485760 for ino 139590073664784
offset 0 and length 10485760 for ino 139590073665104
offset 0 and length 10485760 for ino 139590073665424
offset 0 and length 10485760 for ino 139590073665744
offset 0 and length 10485760 for ino 139590073666064
offset 0 and length 10485760 for ino 139590073666384
offset 0 and length 10485760 for ino 139590073666704
offset 0 and length 10485760 for ino 139590304718032
offset 0 and length 10485760 for ino 139590304458448
offset 0 and length 10485760 for ino 139590073667024
offset 0 and length 10485760 for ino 139590073667344
offset 0 and length 10485760 for ino 139590306876240
offset 0 and length 10485760 for ino 139590308711248
offset 0 and length 10485760 for ino 139590308711568
offset 0 and length 10485760 for ino 139590305500624
offset 0 and length 10485760 for ino 139590073667664
offset 0 and length 10485760 for ino 139590073667984
offset 0 and length 10485760 for ino 139590073668304
offset 0 and length 10485760 for ino 139590073668624
offset 0 and length 10485760 for ino 139590073668944
offset 0 and length 10485760 for ino 139590073669264
offset 0 and length 10485760 for ino 139590073669584
offset 0 and length 10485760 for ino 139590073669904
offset 0 and length 10485760 for ino 139590073670224
offset 0 and length 10485760 for ino 139590073670544
offset 0 and length 10485760 for ino 139590073670864
offset 0 and length 10485760 for ino 139590073671184
offset 0 and length 10485760 for ino 139590073671504
offset 0 and length 10485760 for ino 139590073671824
offset 0 and length 10485760 for ino 139590073672144
offset 0 and length 10485760 for ino 139590073672464
offset 0 and length 10485760 for ino 139590073672784
offset 0 and length 10485760 for ino 139590073673104
offset 0 and length 10485760 for ino 139590073673424
offset 0 and length 10485760 for ino 139590073673744
offset 0 and length 10485760 for ino 139590073674064
offset 0 and length 10485760 for ino 139590073674384
offset 0 and length 10485760 for ino 139590073674704
offset 0 and length 10485760 for ino 139590073675024
offset 0 and length 10485760 for ino 139590073675344
offset 0 and length 10485760 for ino 139590308973712
offset 0 and length 10485760 for ino 139590304458768
offset 0 and length 10485760 for ino 139590308974032
offset 0 and length 10485760 for ino 139590073675664
offset 0 and length 10485760 for ino 139590073675984
offset 0 and length 10485760 for ino 139590304459088
offset 0 and length 10485760 for ino 139590073676304
offset 0 and length 10485760 for ino 139590073676624
offset 0 and length 10485760 for ino 139590305500944
offset 0 and length 10485760 for ino 139590073676944
offset 0 and length 10485760 for ino 139590304459408
offset 0 and length 10485760 for ino 139590073677264
offset 0 and length 10485760 for ino 139590073677584
offset 0 and length 10485760 for ino 139590305237520
offset 0 and length 10485760 for ino 139590304459728
offset 0 and length 10485760 for ino 139590073677904
offset 0 and length 10485760 for ino 139590304460048
offset 0 and length 10485760 for ino 139590304460368
offset 0 and length 10485760 for ino 139590073678224
offset 0 and length 10485760 for ino 139590073678544
offset 0 and length 10485760 for ino 139590308974352
offset 0 and length 10485760 for ino 139590304976976
offset 0 and length 10485760 for ino 139590305501264
offset 0 and length 10485760 for ino 139590305237840
offset 0 and length 10485760 for ino 139590304460688
offset 0 and length 10485760 for ino 139590073678864
offset 0 and length 10485760 for ino 139590073679184
offset 0 and length 10485760 for ino 139590304461008
offset 0 and length 10485760 for ino 139590073679504
offset 0 and length 10485760 for ino 139589987696656
offset 0 and length 10485760 for ino 139590304461328
offset 0 and length 10485760 for ino 139590224834128
offset 0 and length 10485760 for ino 139590308711888
offset 0 and length 10485760 for ino 139590308712208
offset 0 and length 10485760 for ino 139589987696976
offset 0 and length 10485760 for ino 139590308974672
offset 0 and length 10485760 for ino 139589987697296
offset 0 and length 10485760 for ino 139589987697616
offset 0 and length 10485760 for ino 139590304461648
offset 0 and length 10485760 for ino 139590304977296
offset 0 and length 10485760 for ino 139590304461968
offset 0 and length 10485760 for ino 139590304462288
offset 0 and length 10485760 for ino 139590308974992
offset 0 and length 10485760 for ino 139589987697936
offset 0 and length 10485760 for ino 139589987698256
offset 0 and length 10485760 for ino 139590304462608
offset 0 and length 10485760 for ino 139589987698576
offset 0 and length 10485760 for ino 139589987698896
offset 0 and length 10485760 for ino 139589987699216
offset 0 and length 10485760 for ino 139589987699536
offset 0 and length 10485760 for ino 139589987699856
offset 0 and length 10485760 for ino 139589987700176
offset 0 and length 10485760 for ino 139589987700496
offset 0 and length 10485760 for ino 139589987700816
offset 0 and length 10485760 for ino 139589987701136
offset 0 and length 10485760 for ino 139589987701456
offset 0 and length 10485760 for ino 139589987701776
offset 0 and length 10485760 for ino 139589987702096
offset 0 and length 10485760 for ino 139589987702416
offset 0 and length 10485760 for ino 139589987702736
offset 0 and length 10485760 for ino 139589987703056
offset 0 and length 10485760 for ino 139589987703376
offset 0 and length 10485760 for ino 139589987703696
offset 0 and length 10485760 for ino 139589987704016
offset 0 and length 10485760 for ino 139589987704336
offset 0 and length 10485760 for ino 139589987704656
offset 0 and length 10485760 for ino 139589987704976
offset 0 and length 10485760 for ino 139589987705296
offset 0 and length 10485760 for ino 139589987705616
offset 0 and length 10485760 for ino 139589987705936
offset 0 and length 10485760 for ino 139589987706256
offset 0 and length 10485760 for ino 139589987706576
offset 0 and length 10485760 for ino 139589987706896
offset 0 and length 10485760 for ino 139589987707216
offset 0 and length 10485760 for ino 139589987707536
offset 0 and length 10485760 for ino 139589987707856
offset 0 and length 10485760 for ino 139589987708176
offset 0 and length 10485760 for ino 139589987708496
offset 0 and length 10485760 for ino 139589987708816
offset 0 and length 10485760 for ino 139589987709136
offset 0 and length 10485760 for ino 139589987709456
offset 0 and length 10485760 for ino 139590224834448
offset 0 and length 10485760 for ino 139589987709776
offset 0 and length 10485760 for ino 139589987710096
offset 0 and length 10485760 for ino 139589987710416
offset 0 and length 10485760 for ino 139589987710736
offset 0 and length 10485760 for ino 139589987711056
offset 0 and length 10485760 for ino 139589987711376
offset 0 and length 10485760 for ino 139590308975312
offset 0 and length 10485760 for ino 139589987711696
offset 0 and length 10485760 for ino 139589987712016
offset 0 and length 10485760 for ino 139589987712336
offset 0 and length 10485760 for ino 139589987712656
offset 0 and length 10485760 for ino 139590304718352
offset 0 and length 10485760 for ino 139589964644368
offset 0 and length 10485760 for ino 139590304977616
offset 0 and length 10485760 for ino 139590308975632
offset 0 and length 10485760 for ino 139590308712528
offset 0 and length 10485760 for ino 139589964644688
offset 0 and length 10485760 for ino 139589964645008
offset 0 and length 10485760 for ino 139590304462928
offset 0 and length 10485760 for ino 139590304463248
offset 0 and length 10485760 for ino 139590306876560
offset 0 and length 10485760 for ino 139589964645328
offset 0 and length 10485760 for ino 139589964645648
offset 0 and length 10485760 for ino 139589964645968
offset 0 and length 10485760 for ino 139589964646288
offset 0 and length 10485760 for ino 139589964646608
offset 0 and length 10485760 for ino 139589964646928
offset 0 and length 10485760 for ino 139589964647248
offset 0 and length 10485760 for ino 139589964647568
offset 0 and length 10485760 for ino 139589964647888
offset 0 and length 10485760 for ino 139589964648208
offset 0 and length 10485760 for ino 139589964648528
offset 0 and length 10485760 for ino 139589964648848
offset 0 and length 10485760 for ino 139589964649168
offset 0 and length 10485760 for ino 139589964649488
offset 0 and length 10485760 for ino 139589964649808
offset 0 and length 10485760 for ino 139589964650128
offset 0 and length 10485760 for ino 139589964650448
offset 0 and length 10485760 for ino 139589964650768
offset 0 and length 10485760 for ino 139589964651088
offset 0 and length 10485760 for ino 139589964651408
offset 0 and length 10485760 for ino 139589964651728
offset 0 and length 10485760 for ino 139589964652048
offset 0 and length 10485760 for ino 139590305501584
offset 0 and length 10485760 for ino 139590305501904
offset 0 and length 10485760 for ino 139589964652368
offset 0 and length 10485760 for ino 139589964652688
offset 0 and length 10485760 for ino 139589964653008
offset 0 and length 10485760 for ino 139589964653328
offset 0 and length 10485760 for ino 139589964653648
offset 0 and length 10485760 for ino 139589964653968
offset 0 and length 10485760 for ino 139589964654288
offset 0 and length 10485760 for ino 139589964654608
offset 0 and length 10485760 for ino 139589964654928
offset 0 and length 10485760 for ino 139589964655248
offset 0 and length 10485760 for ino 139589964655568
offset 0 and length 10485760 for ino 139589964655888
offset 0 and length 10485760 for ino 139589964656208
offset 0 and length 10485760 for ino 139589964656528
offset 0 and length 10485760 for ino 139589964656848
offset 0 and length 10485760 for ino 139589964657168
offset 0 and length 10485760 for ino 139589964657488
offset 0 and length 10485760 for ino 139589964657808
offset 0 and length 10485760 for ino 139589964658128
offset 0 and length 10485760 for ino 139589964658448
offset 0 and length 10485760 for ino 139589964658768
offset 0 and length 10485760 for ino 139589964659088
offset 0 and length 10485760 for ino 139589964659408
offset 0 and length 10485760 for ino 139589964659728
offset 0 and length 10485760 for ino 139589964660048
offset 0 and length 10485760 for ino 139589964660368
offset 0 and length 10485760 for ino 139589973049360
offset 0 and length 10485760 for ino 139589973049680
offset 0 and length 10485760 for ino 139589973050000
offset 0 and length 10485760 for ino 139589973050320
offset 0 and length 10485760 for ino 139589973050640
offset 0 and length 10485760 for ino 139589973050960
offset 0 and length 10485760 for ino 139589973051280
offset 0 and length 10485760 for ino 139589973051600
offset 0 and length 10485760 for ino 139589973051920
offset 0 and length 10485760 for ino 139589973052240
offset 0 and length 10485760 for ino 139589973052560
offset 0 and length 10485760 for ino 139589973052880
offset 0 and length 10485760 for ino 139589973053200
offset 0 and length 10485760 for ino 139589973053520
offset 0 and length 10485760 for ino 139589973053840
offset 0 and length 10485760 for ino 139589973054160
offset 0 and length 10485760 for ino 139589973054480
offset 0 and length 10485760 for ino 139589973054800
offset 0 and length 10485760 for ino 139589973055120
offset 0 and length 10485760 for ino 139589973055440
offset 0 and length 10485760 for ino 139589973055760
offset 0 and length 10485760 for ino 139589973056080
offset 0 and length 10485760 for ino 139589973056400
offset 0 and length 10485760 for ino 139589973056720
offset 0 and length 10485760 for ino 139589973057040
offset 0 and length 10485760 for ino 139589973057360
offset 0 and length 10485760 for ino 139589973057680
offset 0 and length 10485760 for ino 139589973058000
offset 0 and length 10485760 for ino 139589973058320
offset 0 and length 10485760 for ino 139590304463568
offset 0 and length 10485760 for ino 139590304463888
offset 0 and length 10485760 for ino 139589973058640
offset 0 and length 10485760 for ino 139590308975952
offset 0 and length 10485760 for ino 139589973058960
offset 0 and length 10485760 for ino 139589973059280
offset 0 and length 10485760 for ino 139589973059600
offset 0 and length 10485760 for ino 139589973059920
offset 0 and length 10485760 for ino 139589973060240
offset 0 and length 10485760 for ino 139590305238160
offset 0 and length 10485760 for ino 139590304718672
offset 0 and length 10485760 for ino 139589973060560
offset 0 and length 10485760 for ino 139589973060880
offset 0 and length 10485760 for ino 139589973061200
offset 0 and length 10485760 for ino 139589973061520
offset 0 and length 10485760 for ino 139589973061840
offset 0 and length 10485760 for ino 139589973062160
offset 0 and length 10485760 for ino 139589973062480
offset 0 and length 10485760 for ino 139589973062800
offset 0 and length 10485760 for ino 139589973063120
offset 0 and length 10485760 for ino 139589973063440
offset 0 and length 10485760 for ino 139590306876880
offset 0 and length 10485760 for ino 139590306877200
offset 0 and length 10485760 for ino 139589973063760
offset 0 and length 10485760 for ino 139589973064080
offset 0 and length 10485760 for ino 139589973064400
offset 0 and length 10485760 for ino 139589973064720
offset 0 and length 10485760 for ino 139589973065040
offset 0 and length 10485760 for ino 139589973065360
offset 0 and length 10485760 for ino 139589952094224
offset 0 and length 10485760 for ino 139589952094544
offset 0 and length 10485760 for ino 139590224834768
offset 0 and length 10485760 for ino 139590308976272
offset 0 and length 10485760 for ino 139589952094864
offset 0 and length 10485760 for ino 139589952095184
offset 0 and length 10485760 for ino 139589952095504
offset 0 and length 10485760 for ino 139589952095824
offset 0 and length 10485760 for ino 139589952096144
offset 0 and length 10485760 for ino 139589952096464
offset 0 and length 10485760 for ino 139589952096784
offset 0 and length 10485760 for ino 139589952097104
offset 0 and length 10485760 for ino 139590224835088
offset 0 and length 10485760 for ino 139589952097424
offset 0 and length 10485760 for ino 139589952097744
offset 0 and length 10485760 for ino 139589952098064
offset 0 and length 10485760 for ino 139589952098384
offset 0 and length 10485760 for ino 139589952098704
offset 0 and length 10485760 for ino 139589952099024
offset 0 and length 10485760 for ino 139589952099344
offset 0 and length 10485760 for ino 139589952099664
offset 0 and length 10485760 for ino 139589952099984
offset 0 and length 10485760 for ino 139589952100304
offset 0 and length 10485760 for ino 139589952100624
offset 0 and length 10485760 for ino 139589952100944
offset 0 and length 10485760 for ino 139589952101264
offset 0 and length 10485760 for ino 139589952101584
offset 0 and length 10485760 for ino 139589952101904
offset 0 and length 10485760 for ino 139589952102224
offset 0 and length 10485760 for ino 139589952102544
offset 0 and length 10485760 for ino 139590308976592
offset 0 and length 10485760 for ino 139589952102864
offset 0 and length 10485760 for ino 139590304718992
offset 0 and length 10485760 for ino 139590305238480
offset 0 and length 10485760 for ino 139590224835408
offset 0 and length 10485760 for ino 139589952103184
offset 0 and length 10485760 for ino 139589952103504
offset 0 and length 10485760 for ino 139590224835728
offset 0 and length 10485760 for ino 139589952103824
offset 0 and length 10485760 for ino 139589952104144
offset 0 and length 10485760 for ino 139590304977936
offset 0 and length 10485760 for ino 139589952104464
offset 0 and length 10485760 for ino 139589952104784
offset 0 and length 10485760 for ino 139589952105104
offset 0 and length 10485760 for ino 139589952105424
offset 0 and length 10485760 for ino 139589952105744
offset 0 and length 10485760 for ino 139589952106064
offset 0 and length 10485760 for ino 139590305238800
offset 0 and length 10485760 for ino 139589952106384
offset 0 and length 10485760 for ino 139589952106704
offset 0 and length 10485760 for ino 139590304978256
offset 0 and length 10485760 for ino 139590304719312
offset 0 and length 10485760 for ino 139589952107024
offset 0 and length 10485760 for ino 139590304978576
offset 0 and length 10485760 for ino 139590308712848
offset 0 and length 10485760 for ino 139589952107344
offset 0 and length 10485760 for ino 139590304464208
offset 0 and length 10485760 for ino 139590224836048
offset 0 and length 10485760 for ino 139590308976912
offset 0 and length 10485760 for ino 139589952107664
offset 0 and length 10485760 for ino 139589952107984
offset 0 and length 10485760 for ino 139589952108304
offset 0 and length 10485760 for ino 139590304719632
offset 0 and length 10485760 for ino 139589952108624
offset 0 and length 10485760 for ino 139589952108944
offset 0 and length 10485760 for ino 139589952109264
offset 0 and length 10485760 for ino 139589952109584
offset 0 and length 10485760 for ino 139589952109904
offset 0 and length 10485760 for ino 139589952110224
offset 0 and length 10485760 for ino 139589929041936
offset 0 and length 10485760 for ino 139589929042256
offset 0 and length 10485760 for ino 139589929042576
offset 0 and length 10485760 for ino 139589929042896
offset 0 and length 10485760 for ino 139589929043216
offset 0 and length 10485760 for ino 139589929043536
offset 0 and length 10485760 for ino 139589929043856
offset 0 and length 10485760 for ino 139589929044176
offset 0 and length 10485760 for ino 139589929044496
offset 0 and length 10485760 for ino 139590308977232
offset 0 and length 10485760 for ino 139590224836368
offset 0 and length 10485760 for ino 139589929044816
offset 0 and length 10485760 for ino 139590304464528
offset 0 and length 10485760 for ino 139589987467280
offset 0 and length 10485760 for ino 139589929045136
offset 0 and length 10485760 for ino 139589987467600
offset 0 and length 10485760 for ino 139589987467920
offset 0 and length 10485760 for ino 139589929045456
offset 0 and length 10485760 for ino 139590224836688
offset 0 and length 10485760 for ino 139590305239120
offset 0 and length 10485760 for ino 139590305502224
offset 0 and length 10485760 for ino 139589929045776
offset 0 and length 10485760 for ino 139589929046096
offset 0 and length 10485760 for ino 139589929046416
offset 0 and length 10485760 for ino 139589929046736
offset 0 and length 10485760 for ino 139589929047056
offset 0 and length 10485760 for ino 139589929047376
offset 0 and length 10485760 for ino 139589929047696
offset 0 and length 10485760 for ino 139589929048016
offset 0 and length 10485760 for ino 139589929048336
offset 0 and length 10485760 for ino 139589929048656
offset 0 and length 10485760 for ino 139589929048976
offset 0 and length 10485760 for ino 139589929049296
offset 0 and length 10485760 for ino 139589929049616
offset 0 and length 10485760 for ino 139589929049936
offset 0 and length 10485760 for ino 139590305239440
offset 0 and length 10485760 for ino 139589929050256
offset 0 and length 10485760 for ino 139589929050576
offset 0 and length 10485760 for ino 139589929050896
offset 0 and length 10485760 for ino 139589929051216
offset 0 and length 10485760 for ino 139589929051536
offset 0 and length 10485760 for ino 139589929051856
offset 0 and length 10485760 for ino 139589929052176
offset 0 and length 10485760 for ino 139589929052496
offset 0 and length 10485760 for ino 139589929052816
offset 0 and length 10485760 for ino 139589929053136
offset 0 and length 10485760 for ino 139589929053456
offset 0 and length 10485760 for ino 139589929053776
offset 0 and length 10485760 for ino 139589929054096
offset 0 and length 10485760 for ino 139589929054416
offset 0 and length 10485760 for ino 139589929054736
offset 0 and length 10485760 for ino 139589929055056
offset 0 and length 10485760 for ino 139589929055376
offset 0 and length 10485760 for ino 139589929055696
offset 0 and length 10485760 for ino 139590308977552
offset 0 and length 10485760 for ino 139590224837008
offset 0 and length 10485760 for ino 139589929056016
offset 0 and length 10485760 for ino 139590224837328
offset 0 and length 10485760 for ino 139589929056336
offset 0 and length 10485760 for ino 139589929056656
offset 0 and length 10485760 for ino 139589929056976
offset 0 and length 10485760 for ino 139589929057296
offset 0 and length 10485760 for ino 139589929057616
offset 0 and length 10485760 for ino 139590304719952
offset 0 and length 10485760 for ino 139590305239760
offset 0 and length 10485760 for ino 139589929057936
offset 0 and length 10485760 for ino 139589939544080
offset 0 and length 10485760 for ino 139590304978896
offset 0 and length 10485760 for ino 139589987468240
offset 0 and length 10485760 for ino 139589939544400
offset 0 and length 10485760 for ino 139589939544720
offset 0 and length 10485760 for ino 139589939545040
offset 0 and length 10485760 for ino 139589939545360
offset 0 and length 10485760 for ino 139589939545680
offset 0 and length 10485760 for ino 139589939546000
offset 0 and length 10485760 for ino 139589939546320
offset 0 and length 10485760 for ino 139589939546640
offset 0 and length 10485760 for ino 139589939546960
offset 0 and length 10485760 for ino 139589939547280
offset 0 and length 10485760 for ino 139589939547600
offset 0 and length 10485760 for ino 139589939547920
offset 0 and length 10485760 for ino 139589939548240
offset 0 and length 10485760 for ino 139590304720272
offset 0 and length 10485760 for ino 139589987468560
offset 0 and length 10485760 for ino 139589939548560
offset 0 and length 10485760 for ino 139589987468880
offset 0 and length 10485760 for ino 139589939548880
offset 0 and length 10485760 for ino 139589939549200
offset 0 and length 10485760 for ino 139589939549520
offset 0 and length 10485760 for ino 139589939549840
offset 0 and length 10485760 for ino 139589939550160
offset 0 and length 10485760 for ino 139589939550480
offset 0 and length 10485760 for ino 139589939550800
offset 0 and length 10485760 for ino 139589939551120
offset 0 and length 10485760 for ino 139589939551440
offset 0 and length 10485760 for ino 139589939551760
offset 0 and length 10485760 for ino 139589939552080
offset 0 and length 10485760 for ino 139589939552400
offset 0 and length 10485760 for ino 139589939552720
offset 0 and length 10485760 for ino 139589939553040
offset 0 and length 10485760 for ino 139589939553360
offset 0 and length 10485760 for ino 139589939553680
offset 0 and length 10485760 for ino 139589939554000
offset 0 and length 10485760 for ino 139589939554320
offset 0 and length 10485760 for ino 139589939554640
offset 0 and length 10485760 for ino 139589939554960
offset 0 and length 10485760 for ino 139589939555280
offset 0 and length 10485760 for ino 139589939555600
offset 0 and length 10485760 for ino 139589939555920
offset 0 and length 10485760 for ino 139589939556240
offset 0 and length 10485760 for ino 139589939556560
offset 0 and length 10485760 for ino 139590308977872
offset 0 and length 10485760 for ino 139589939556880
offset 0 and length 10485760 for ino 139589939557200
offset 0 and length 10485760 for ino 139589939557520
offset 0 and length 10485760 for ino 139589939557840
offset 0 and length 10485760 for ino 139589939558160
offset 0 and length 10485760 for ino 139590308978192
offset 0 and length 10485760 for ino 139589939558480
offset 0 and length 10485760 for ino 139589939558800
offset 0 and length 10485760 for ino 139589939559120
offset 0 and length 10485760 for ino 139589939559440
offset 0 and length 10485760 for ino 139589939559760
offset 0 and length 10485760 for ino 139589939560080
offset 0 and length 10485760 for ino 139589847285776
offset 0 and length 10485760 for ino 139589847286096
offset 0 and length 10485760 for ino 139589847286416
offset 0 and length 10485760 for ino 139589847286736
offset 0 and length 10485760 for ino 139589847287056
offset 0 and length 10485760 for ino 139589847287376
offset 0 and length 10485760 for ino 139589847287696
offset 0 and length 10485760 for ino 139589847288016
offset 0 and length 10485760 for ino 139589847288336
offset 0 and length 10485760 for ino 139589847288656
offset 0 and length 10485760 for ino 139589847288976
offset 0 and length 10485760 for ino 139589847289296
offset 0 and length 10485760 for ino 139589847289616
offset 0 and length 10485760 for ino 139589847289936
offset 0 and length 10485760 for ino 139589847290256
offset 0 and length 10485760 for ino 139589847290576
offset 0 and length 10485760 for ino 139589847290896
offset 0 and length 10485760 for ino 139589847291216
offset 0 and length 10485760 for ino 139589847291536
offset 0 and length 10485760 for ino 139589847291856
offset 0 and length 10485760 for ino 139589847292176
offset 0 and length 10485760 for ino 139589847292496
offset 0 and length 10485760 for ino 139589847292816
offset 0 and length 10485760 for ino 139589847293136
offset 0 and length 10485760 for ino 139589847293456
offset 0 and length 10485760 for ino 139589847293776
offset 0 and length 10485760 for ino 139589847294096
offset 0 and length 10485760 for ino 139589847294416
offset 0 and length 10485760 for ino 139589847294736
offset 0 and length 10485760 for ino 139589847295056
offset 0 and length 10485760 for ino 139589847295376
offset 0 and length 10485760 for ino 139590308978512
offset 0 and length 10485760 for ino 139589847295696
offset 0 and length 10485760 for ino 139589847296016
offset 0 and length 10485760 for ino 139589847296336
offset 0 and length 10485760 for ino 139589847296656
offset 0 and length 10485760 for ino 139590224837648
offset 0 and length 10485760 for ino 139589847296976
offset 0 and length 10485760 for ino 139589847297296
offset 0 and length 10485760 for ino 139589847297616
offset 0 and length 10485760 for ino 139589847297936
offset 0 and length 10485760 for ino 139589847298256
offset 0 and length 10485760 for ino 139589847298576
offset 0 and length 10485760 for ino 139589847298896
offset 0 and length 10485760 for ino 139589847299216
offset 0 and length 10485760 for ino 139589987469200
offset 0 and length 10485760 for ino 139590304720592
offset 0 and length 10485760 for ino 139589847299536
offset 0 and length 10485760 for ino 139589847299856
offset 0 and length 10485760 for ino 139590305240080
offset 0 and length 10485760 for ino 139590308978832
offset 0 and length 10485760 for ino 139590304720912
offset 0 and length 10485760 for ino 139589847300176
offset 0 and length 10485760 for ino 139589847300496
offset 0 and length 10485760 for ino 139590305240400
offset 0 and length 10485760 for ino 139589847300816
offset 0 and length 10485760 for ino 139590224837968
offset 0 and length 10485760 for ino 139590306877520
offset 0 and length 10485760 for ino 139590306877840
offset 0 and length 10485760 for ino 139590306878160
offset 0 and length 10485760 for ino 139590306878480
offset 0 and length 10485760 for ino 139590306878800
offset 0 and length 10485760 for ino 139590306879120
offset 0 and length 10485760 for ino 139590224838288
offset 0 and length 10485760 for ino 139589857837072
offset 0 and length 10485760 for ino 139589857837392
offset 0 and length 10485760 for ino 139589857837712
offset 0 and length 10485760 for ino 139589987469520
offset 0 and length 10485760 for ino 139589987469840
offset 0 and length 10485760 for ino 139589987470160
offset 0 and length 10485760 for ino 139589987470480
offset 0 and length 10485760 for ino 139589987470800
offset 0 and length 10485760 for ino 139589987471120
offset 0 and length 10485760 for ino 139590304979216
offset 0 and length 10485760 for ino 139589857838032
offset 0 and length 10485760 for ino 139589987471440
offset 0 and length 10485760 for ino 139589987471760
offset 0 and length 10485760 for ino 139589987472080
offset 0 and length 10485760 for ino 139589987472400
offset 0 and length 10485760 for ino 139589987472720
offset 0 and length 10485760 for ino 139589987473040
offset 0 and length 10485760 for ino 139589987473360
offset 0 and length 10485760 for ino 139589987473680
offset 0 and length 10485760 for ino 139589987474000
offset 0 and length 10485760 for ino 139589987474320
offset 0 and length 10485760 for ino 139589987474640
offset 0 and length 10485760 for ino 139589987474960
offset 0 and length 10485760 for ino 139589987475280
offset 0 and length 10485760 for ino 139589987475600
offset 0 and length 10485760 for ino 139589987475920
offset 0 and length 10485760 for ino 139589987476240
offset 0 and length 10485760 for ino 139589987476560
offset 0 and length 10485760 for ino 139589987476880
offset 0 and length 10485760 for ino 139589987477200
offset 0 and length 10485760 for ino 139589987477520
offset 0 and length 10485760 for ino 139589987477840
offset 0 and length 10485760 for ino 139589987478160
offset 0 and length 10485760 for ino 139589987478480
offset 0 and length 10485760 for ino 139589987478800
offset 0 and length 10485760 for ino 139589987479120
offset 0 and length 10485760 for ino 139589987479440
offset 0 and length 10485760 for ino 139590308713168
offset 0 and length 10485760 for ino 139590308713488
offset 0 and length 10485760 for ino 139590308713808
offset 0 and length 10485760 for ino 139590308714128
offset 0 and length 10485760 for ino 139590308714448
offset 0 and length 10485760 for ino 139590308714768
offset 0 and length 10485760 for ino 139590308715088
offset 0 and length 10485760 for ino 139590308715408
offset 0 and length 10485760 for ino 139590308715728
offset 0 and length 10485760 for ino 139590308716048
offset 0 and length 10485760 for ino 139590308716368
offset 0 and length 10485760 for ino 139590308716688
offset 0 and length 10485760 for ino 139590308717008
offset 0 and length 10485760 for ino 139590308717328
offset 0 and length 10485760 for ino 139590308717648
offset 0 and length 10485760 for ino 139590308717968
offset 0 and length 10485760 for ino 139590304979536
offset 0 and length 10485760 for ino 139590304979856
offset 0 and length 10485760 for ino 139590304980176
offset 0 and length 10485760 for ino 139590304980496
offset 0 and length 10485760 for ino 139590304980816
offset 0 and length 10485760 for ino 139590304981136
offset 0 and length 10485760 for ino 139590304981456
offset 0 and length 10485760 for ino 139590304981776
offset 0 and length 10485760 for ino 139590304982096
offset 0 and length 10485760 for ino 139590304982416
offset 0 and length 10485760 for ino 139590304982736
offset 0 and length 10485760 for ino 139590304983056
offset 0 and length 10485760 for ino 139590304983376
offset 0 and length 10485760 for ino 139590304983696
offset 0 and length 10485760 for ino 139590304984016
offset 0 and length 10485760 for ino 139590304984336
offset 0 and length 10485760 for ino 139590304984656
offset 0 and length 10485760 for ino 139590304984976
offset 0 and length 10485760 for ino 139590304721232
offset 0 and length 10485760 for ino 139589987479760
offset 0 and length 10485760 for ino 139589987480080
offset 0 and length 10485760 for ino 139589857838352
offset 0 and length 10485760 for ino 139589987480400
offset 0 and length 10485760 for ino 139589987480720
offset 0 and length 10485760 for ino 139589987481040
offset 0 and length 10485760 for ino 139589987481360
offset 0 and length 10485760 for ino 139589987481680
offset 0 and length 10485760 for ino 139590305502544
offset 0 and length 10485760 for ino 139590305502864
offset 0 and length 10485760 for ino 139590305503184
offset 0 and length 10485760 for ino 139590305503504
offset 0 and length 10485760 for ino 139590305503824
offset 0 and length 10485760 for ino 139590305504144
offset 0 and length 10485760 for ino 139590305504464
offset 0 and length 10485760 for ino 139590305504784
offset 0 and length 10485760 for ino 139590305505104
offset 0 and length 10485760 for ino 139590305505424
offset 0 and length 10485760 for ino 139590305505744
offset 0 and length 10485760 for ino 139590305506064
offset 0 and length 10485760 for ino 139590305506384
offset 0 and length 10485760 for ino 139590305506704
offset 0 and length 10485760 for ino 139590305507024
offset 0 and length 10485760 for ino 139590305507344
offset 0 and length 10485760 for ino 139590305507664
offset 0 and length 10485760 for ino 139590305507984
offset 0 and length 10485760 for ino 139590305240720
offset 0 and length 10485760 for ino 139589987482000
offset 0 and length 10485760 for ino 139589987482320
offset 0 and length 10485760 for ino 139589987482640
offset 0 and length 10485760 for ino 139589987482960
offset 0 and length 10485760 for ino 139589987483280
offset 0 and length 10485760 for ino 139589838585872
offset 0 and length 10485760 for ino 139589838586192
