Harness starting.
 /home/sevag/CLionProjects/FuseFileSystemBoC/cmake-build-release/FuseFileSystemBoC --seed 324562853

Pinning to Core:40
creating 512 mb file systemoffset 0 and length 8388608 for ino 139485578952720
offset 0 and length 8388608 for ino 139485579165712
offset 0 and length 8388608 for ino 139485579296784
offset 0 and length 8388608 for ino 139485579297104
offset 0 and length 8388608 for ino 139485579297424
offset 0 and length 8388608 for ino 139485579297744
offset 0 and length 8388608 for ino 139485579298064
offset 0 and length 8388608 for ino 139485579298384
offset 0 and length 8388608 for ino 139485579298704
offset 0 and length 8388608 for ino 139485579299024
offset 0 and length 8388608 for ino 139485579299344
offset 0 and length 8388608 for ino 139485579299664
offset 0 and length 8388608 for ino 139485578953040
offset 0 and length 8388608 for ino 139485578953360
offset 0 and length 8388608 for ino 139485578953680
offset 0 and length 8388608 for ino 139485578954000
offset 0 and length 8388608 for ino 139485578954320
offset 0 and length 8388608 for ino 139485578954640
offset 0 and length 8388608 for ino 139485578954960
offset 0 and length 8388608 for ino 139485578955280
offset 0 and length 8388608 for ino 139485578955600
offset 0 and length 8388608 for ino 139485578955920
offset 0 and length 8388608 for ino 139485578956240
offset 0 and length 8388608 for ino 139485578956560
offset 0 and length 8388608 for ino 139485578956880
offset 0 and length 8388608 for ino 139485579558928
offset 0 and length 8388608 for ino 139485579299984
offset 0 and length 8388608 for ino 139485579300304
offset 0 and length 8388608 for ino 139485579300624
offset 0 and length 8388608 for ino 139485579300944
offset 0 and length 8388608 for ino 139485579301264
offset 0 and length 8388608 for ino 139485579301584
offset 0 and length 8388608 for ino 139485579301904
offset 0 and length 8388608 for ino 139485579302224
offset 0 and length 8388608 for ino 139485579302544
offset 0 and length 8388608 for ino 139485579302864
offset 0 and length 8388608 for ino 139485579303184
offset 0 and length 8388608 for ino 139485579303504
offset 0 and length 8388608 for ino 139485579303824
offset 0 and length 8388608 for ino 139485579304144
offset 0 and length 8388608 for ino 139485579304464
offset 0 and length 8388608 for ino 139485579304784
offset 0 and length 8388608 for ino 139485579305104
offset 0 and length 8388608 for ino 139485579305424
offset 0 and length 8388608 for ino 139485579305744
offset 0 and length 8388608 for ino 139485579306064
offset 0 and length 8388608 for ino 139485579306384
offset 0 and length 8388608 for ino 139485579306704
offset 0 and length 8388608 for ino 139485579166032
offset 0 and length 8388608 for ino 139485579166352
offset 0 and length 8388608 for ino 139485594959888
offset 0 and length 8388608 for ino 139485579166672
offset 0 and length 8388608 for ino 139485579166992
offset 0 and length 8388608 for ino 139485579167312
offset 0 and length 8388608 for ino 139485579167632
offset 0 and length 8388608 for ino 139485579167952
offset 0 and length 8388608 for ino 139485579168272
offset 0 and length 8388608 for ino 139485579168592
offset 0 and length 8388608 for ino 139485579168912
offset 0 and length 8388608 for ino 139485579169232
offset 0 and length 8388608 for ino 139485579559248
offset 0 and length 8388608 for ino 139485579559568
offset 0 and length 8388608 for ino 139485579559888
offset 0 and length 8388608 for ino 139485579560208
offset 0 and length 8388608 for ino 139485579560528
offset 0 and length 8388608 for ino 139485579560848
offset 0 and length 8388608 for ino 139485579561168
offset 0 and length 8388608 for ino 139485579561488
offset 0 and length 8388608 for ino 139485579561808
offset 0 and length 8388608 for ino 139485578870800
offset 0 and length 8388608 for ino 139485579562128
offset 0 and length 8388608 for ino 139485579169552
offset 0 and length 8388608 for ino 139485579169872
offset 0 and length 8388608 for ino 139485579562448
offset 0 and length 8388608 for ino 139485579562768
offset 0 and length 8388608 for ino 139485579563088
offset 0 and length 8388608 for ino 139485579563408
offset 0 and length 8388608 for ino 139485579563728
offset 0 and length 8388608 for ino 139485579564048
offset 0 and length 8388608 for ino 139485579564368
offset 0 and length 8388608 for ino 139485579564688
offset 0 and length 8388608 for ino 139485579565008
offset 0 and length 8388608 for ino 139485579565328
offset 0 and length 8388608 for ino 139485579565648
offset 0 and length 8388608 for ino 139485579565968
offset 0 and length 8388608 for ino 139485579566288
offset 0 and length 8388608 for ino 139485579566608
offset 0 and length 8388608 for ino 139485579170192
offset 0 and length 8388608 for ino 139485578871120
offset 0 and length 8388608 for ino 139485578871440
offset 0 and length 8388608 for ino 139485578871760
offset 0 and length 8388608 for ino 139485579307024
offset 0 and length 8388608 for ino 139485579307344
offset 0 and length 8388608 for ino 139485579307664
offset 0 and length 8388608 for ino 139485579307984
offset 0 and length 8388608 for ino 139485579308304
offset 0 and length 8388608 for ino 139485579308624
offset 0 and length 8388608 for ino 139485579308944
offset 0 and length 8388608 for ino 139485579309264
offset 0 and length 8388608 for ino 139485579309584
offset 0 and length 8388608 for ino 139485579309904
offset 0 and length 8388608 for ino 139485579310224
offset 0 and length 8388608 for ino 139485579310544
offset 0 and length 8388608 for ino 139485579310864
offset 0 and length 8388608 for ino 139485579311184
offset 0 and length 8388608 for ino 139485579311504
offset 0 and length 8388608 for ino 139485579311824
offset 0 and length 8388608 for ino 139485579312144
offset 0 and length 8388608 for ino 139485579312464
offset 0 and length 8388608 for ino 139485579312784
offset 0 and length 8388608 for ino 139485417766928
offset 0 and length 8388608 for ino 139485417767248
offset 0 and length 8388608 for ino 139485417767568
offset 0 and length 8388608 for ino 139485417767888
offset 0 and length 8388608 for ino 139485417768208
offset 0 and length 8388608 for ino 139485417768528
offset 0 and length 8388608 for ino 139485417768848
offset 0 and length 8388608 for ino 139485417769168
offset 0 and length 8388608 for ino 139485417769488
offset 0 and length 8388608 for ino 139485417769808
offset 0 and length 8388608 for ino 139485417770128
offset 0 and length 8388608 for ino 139485417770448
offset 0 and length 8388608 for ino 139485417770768
offset 0 and length 8388608 for ino 139485417771088
offset 0 and length 8388608 for ino 139485417771408
offset 0 and length 8388608 for ino 139485417771728
offset 0 and length 8388608 for ino 139485417772048
offset 0 and length 8388608 for ino 139485417772368
