Harness starting.
 /home/sevag/CLionProjects/FuseFileSystemBoC/cmake-build-release/FuseFileSystemBoC --seed 4038478583

Pinning to Core:40
creating 512 mb file systemoffset 0 and length 20971520 for ino 139874300772368
offset 0 and length 20971520 for ino 139874301100048
offset 0 and length 20971520 for ino 139874301100368
offset 0 and length 20971520 for ino 139874301100688
offset 0 and length 20971520 for ino 139874301101008
offset 0 and length 20971520 for ino 139874301101328
offset 0 and length 20971520 for ino 139874301101648
offset 0 and length 20971520 for ino 139874301101968
offset 0 and length 20971520 for ino 139874301102288
offset 0 and length 20971520 for ino 139874301102608
offset 0 and length 20971520 for ino 139874301102928
offset 0 and length 20971520 for ino 139874301103248
offset 0 and length 20971520 for ino 139874301103568
offset 0 and length 20971520 for ino 139874301103888
offset 0 and length 20971520 for ino 139874301104208
offset 0 and length 20971520 for ino 139874301104528
offset 0 and length 20971520 for ino 139874301104848
offset 0 and length 20971520 for ino 139874301105168
offset 0 and length 20971520 for ino 139874301105488
offset 0 and length 20971520 for ino 139874301105808
offset 0 and length 20971520 for ino 139874301231120
offset 0 and length 20971520 for ino 139874301231440
offset 0 and length 20971520 for ino 139874301231760
offset 0 and length 20971520 for ino 139874301232080
offset 0 and length 20971520 for ino 139874301232400
offset 0 and length 20971520 for ino 139874300674064
offset 0 and length 20971520 for ino 139874300674384
offset 0 and length 20971520 for ino 139874300674704
offset 0 and length 20971520 for ino 139874300675024
offset 0 and length 20971520 for ino 139874301755408
offset 0 and length 20971520 for ino 139874301755728
offset 0 and length 20971520 for ino 139874301756048
offset 0 and length 20971520 for ino 139874301756368
offset 0 and length 20971520 for ino 139874301756688
offset 0 and length 20971520 for ino 139874301757008
offset 0 and length 20971520 for ino 139874301757328
offset 0 and length 20971520 for ino 139874301757648
offset 0 and length 20971520 for ino 139874301757968
offset 0 and length 20971520 for ino 139874301758288
offset 0 and length 20971520 for ino 139874301758608
offset 0 and length 20971520 for ino 139874301758928
offset 0 and length 20971520 for ino 139874301759248
offset 0 and length 20971520 for ino 139874301759568
offset 0 and length 20971520 for ino 139874301759888
offset 0 and length 20971520 for ino 139874301760208
offset 0 and length 20971520 for ino 139874301760528
offset 0 and length 20971520 for ino 139874301760848
offset 0 and length 20971520 for ino 139874301761168
offset 0 and length 20971520 for ino 139874301761488
offset 0 and length 20971520 for ino 139874301761808
offset 0 and length 20971520 for ino 139874301762128
offset 0 and length 20971520 for ino 139874301762448
offset 0 and length 20971520 for ino 139874301762768
offset 0 and length 20971520 for ino 139874301763088
offset 0 and length 20971520 for ino 139874301763408
offset 0 and length 20971520 for ino 139874301763728
offset 0 and length 20971520 for ino 139874301764048
offset 0 and length 20971520 for ino 139874301764368
offset 0 and length 20971520 for ino 139874301764688
offset 0 and length 20971520 for ino 139874301765008
offset 0 and length 20971520 for ino 139874301765328
offset 0 and length 20971520 for ino 139874301765648
offset 0 and length 20971520 for ino 139874301765968
offset 0 and length 20971520 for ino 139874301766288
offset 0 and length 20971520 for ino 139874301232720
offset 0 and length 20971520 for ino 139874301233040
offset 0 and length 20971520 for ino 139874301233360
offset 0 and length 20971520 for ino 139874301233680
offset 0 and length 20971520 for ino 139874301234000
offset 0 and length 20971520 for ino 139874301234320
offset 0 and length 20971520 for ino 139874301234640
offset 0 and length 20971520 for ino 139874301234960
offset 0 and length 20971520 for ino 139874301235280
offset 0 and length 20971520 for ino 139874301235600
offset 0 and length 20971520 for ino 139874301235920
offset 0 and length 20971520 for ino 139874301236240
offset 0 and length 20971520 for ino 139874301236560
offset 0 and length 20971520 for ino 139874301236880
offset 0 and length 20971520 for ino 139874300675344
offset 0 and length 20971520 for ino 139874300675664
offset 0 and length 20971520 for ino 139874300675984
offset 0 and length 20971520 for ino 139874300676304
offset 0 and length 20971520 for ino 139874300676624
offset 0 and length 20971520 for ino 139874300676944
offset 0 and length 20971520 for ino 139874300677264
offset 0 and length 20971520 for ino 139874300677584
offset 0 and length 20971520 for ino 139874300677904
offset 0 and length 20971520 for ino 139874300678224
offset 0 and length 20971520 for ino 139874300678544
offset 0 and length 20971520 for ino 139874300678864
offset 0 and length 20971520 for ino 139874300679184
offset 0 and length 20971520 for ino 139874300679504
offset 0 and length 20971520 for ino 139874300679824
offset 0 and length 20971520 for ino 139874300680144
offset 0 and length 20971520 for ino 139874300680464
offset 0 and length 20971520 for ino 139874300680784
offset 0 and length 20971520 for ino 139874300681104
offset 0 and length 20971520 for ino 139874300681424
offset 0 and length 20971520 for ino 139874300681744
offset 0 and length 20971520 for ino 139874300682064
offset 0 and length 20971520 for ino 139874300682384
offset 0 and length 20971520 for ino 139874300682704
offset 0 and length 20971520 for ino 139874300683024
offset 0 and length 20971520 for ino 139874300683344
offset 0 and length 20971520 for ino 139874300683664
offset 0 and length 20971520 for ino 139874300683984
offset 0 and length 20971520 for ino 139874300684304
offset 0 and length 20971520 for ino 139874300684624
offset 0 and length 20971520 for ino 139874300684944
offset 0 and length 20971520 for ino 139874300685264
offset 0 and length 20971520 for ino 139874300685584
offset 0 and length 20971520 for ino 139874300685904
offset 0 and length 20971520 for ino 139874300686224
offset 0 and length 20971520 for ino 139874300686544
offset 0 and length 20971520 for ino 139874300686864
offset 0 and length 20971520 for ino 139874300687184
offset 0 and length 20971520 for ino 139874300687504
offset 0 and length 20971520 for ino 139874300687824
offset 0 and length 20971520 for ino 139874300688144
offset 0 and length 20971520 for ino 139874300688464
offset 0 and length 20971520 for ino 139874300688784
offset 0 and length 20971520 for ino 139874300689104
offset 0 and length 20971520 for ino 139874300689424
offset 0 and length 20971520 for ino 139874300689744
offset 0 and length 20971520 for ino 139874300690064
offset 0 and length 20971520 for ino 139874109833232
offset 0 and length 20971520 for ino 139874109833552
offset 0 and length 20971520 for ino 139874109833872
offset 0 and length 20971520 for ino 139874109834192
offset 0 and length 20971520 for ino 139874109834512
offset 0 and length 20971520 for ino 139874109834832
offset 0 and length 20971520 for ino 139874109835152
offset 0 and length 20971520 for ino 139874109835472
offset 0 and length 20971520 for ino 139874109835792
offset 0 and length 20971520 for ino 139874109836112
offset 0 and length 20971520 for ino 139874109836432
offset 0 and length 20971520 for ino 139874109836752
offset 0 and length 20971520 for ino 139874109837072
offset 0 and length 20971520 for ino 139874109837392
offset 0 and length 20971520 for ino 139874109837712
offset 0 and length 20971520 for ino 139874109838032
offset 0 and length 20971520 for ino 139874109838352
offset 0 and length 20971520 for ino 139874109838672
offset 0 and length 20971520 for ino 139874109838992
offset 0 and length 20971520 for ino 139874109839312
offset 0 and length 20971520 for ino 139874109839632
offset 0 and length 20971520 for ino 139874109839952
offset 0 and length 20971520 for ino 139874109840272
offset 0 and length 20971520 for ino 139874109840592
offset 0 and length 20971520 for ino 139874109840912
offset 0 and length 20971520 for ino 139874109841232
offset 0 and length 20971520 for ino 139874109841552
offset 0 and length 20971520 for ino 139874109841872
offset 0 and length 20971520 for ino 139874109842192
offset 0 and length 20971520 for ino 139874109842512
offset 0 and length 20971520 for ino 139874109842832
offset 0 and length 20971520 for ino 139874109843152
offset 0 and length 20971520 for ino 139874109843472
offset 0 and length 20971520 for ino 139874109843792
offset 0 and length 20971520 for ino 139874109844112
offset 0 and length 20971520 for ino 139874109844432
offset 0 and length 20971520 for ino 139874109844752
offset 0 and length 20971520 for ino 139874109845072
offset 0 and length 20971520 for ino 139874109845392
offset 0 and length 20971520 for ino 139874109845712
offset 0 and length 20971520 for ino 139874109846032
offset 0 and length 20971520 for ino 139874109846352
offset 0 and length 20971520 for ino 139874109846672
offset 0 and length 20971520 for ino 139874109846992
offset 0 and length 20971520 for ino 139874109847312
offset 0 and length 20971520 for ino 139874109847632
offset 0 and length 20971520 for ino 139874109847952
offset 0 and length 20971520 for ino 139874109848272
offset 0 and length 20971520 for ino 139874109848592
offset 0 and length 20971520 for ino 139874109848912
offset 0 and length 20971520 for ino 139874109849232
offset 0 and length 20971520 for ino 139874093056016
offset 0 and length 20971520 for ino 139874093056336
offset 0 and length 20971520 for ino 139874093056656
offset 0 and length 20971520 for ino 139874093056976
offset 0 and length 20971520 for ino 139874093057296
offset 0 and length 20971520 for ino 139874093057616
offset 0 and length 20971520 for ino 139874093057936
offset 0 and length 20971520 for ino 139874093058256
offset 0 and length 20971520 for ino 139874093058576
offset 0 and length 20971520 for ino 139874093058896
offset 0 and length 20971520 for ino 139874093059216
offset 0 and length 20971520 for ino 139874093059536
offset 0 and length 20971520 for ino 139874093059856
offset 0 and length 20971520 for ino 139874093060176
offset 0 and length 20971520 for ino 139874093060496
offset 0 and length 20971520 for ino 139874093060816
offset 0 and length 20971520 for ino 139874093061136
offset 0 and length 20971520 for ino 139874093061456
offset 0 and length 20971520 for ino 139874093061776
offset 0 and length 20971520 for ino 139874301766608
offset 0 and length 20971520 for ino 139874301766928
offset 0 and length 20971520 for ino 139874301767248
offset 0 and length 20971520 for ino 139874301767568
offset 0 and length 20971520 for ino 139874301767888
offset 0 and length 20971520 for ino 139874301768208
offset 0 and length 20971520 for ino 139874301768528
offset 0 and length 20971520 for ino 139874301768848
offset 0 and length 20971520 for ino 139874301769168
offset 0 and length 20971520 for ino 139874301769488
offset 0 and length 20971520 for ino 139874301769808
offset 0 and length 20971520 for ino 139874301770128
offset 0 and length 20971520 for ino 139874301770448
offset 0 and length 20971520 for ino 139874301770768
offset 0 and length 20971520 for ino 139874301106128
offset 0 and length 20971520 for ino 139874301106448
offset 0 and length 20971520 for ino 139874301106768
offset 0 and length 20971520 for ino 139874301771088
offset 0 and length 20971520 for ino 139874301771408
offset 0 and length 20971520 for ino 139874074132496
offset 0 and length 20971520 for ino 139874074132816
offset 0 and length 20971520 for ino 139874074133136
offset 0 and length 20971520 for ino 139874074133456
offset 0 and length 20971520 for ino 139874074133776
offset 0 and length 20971520 for ino 139874074134096
offset 0 and length 20971520 for ino 139874074134416
offset 0 and length 20971520 for ino 139874074134736
offset 0 and length 20971520 for ino 139874074135056
offset 0 and length 20971520 for ino 139874074135376
offset 0 and length 20971520 for ino 139874074135696
offset 0 and length 20971520 for ino 139874074136016
offset 0 and length 20971520 for ino 139874074136336
offset 0 and length 20971520 for ino 139874074136656
offset 0 and length 20971520 for ino 139874074136976
offset 0 and length 20971520 for ino 139874074137296
offset 0 and length 20971520 for ino 139874074137616
offset 0 and length 20971520 for ino 139874074137936
offset 0 and length 20971520 for ino 139874074138256
offset 0 and length 20971520 for ino 139874074138576
offset 0 and length 20971520 for ino 139874074138896
offset 0 and length 20971520 for ino 139874074139216
offset 0 and length 20971520 for ino 139874074139536
offset 0 and length 20971520 for ino 139874074139856
offset 0 and length 20971520 for ino 139874074140176
offset 0 and length 20971520 for ino 139874074140496
offset 0 and length 20971520 for ino 139874074140816
offset 0 and length 20971520 for ino 139874074141136
offset 0 and length 20971520 for ino 139874093062096
offset 0 and length 20971520 for ino 139874093062416
offset 0 and length 20971520 for ino 139874093062736
offset 0 and length 20971520 for ino 139874093063056
offset 0 and length 20971520 for ino 139874093063376
offset 0 and length 20971520 for ino 139874093063696
offset 0 and length 20971520 for ino 139874093064016
offset 0 and length 20971520 for ino 139874093064336
offset 0 and length 20971520 for ino 139874093064656
offset 0 and length 20971520 for ino 139874093064976
offset 0 and length 20971520 for ino 139874093065296
offset 0 and length 20971520 for ino 139874093065616
offset 0 and length 20971520 for ino 139874093065936
offset 0 and length 20971520 for ino 139874093066256
offset 0 and length 20971520 for ino 139874093066576
offset 0 and length 20971520 for ino 139874093066896
offset 0 and length 20971520 for ino 139874093067216
offset 0 and length 20971520 for ino 139874093067536
offset 0 and length 20971520 for ino 139874093067856
offset 0 and length 20971520 for ino 139874093068176
offset 0 and length 20971520 for ino 139874093068496
offset 0 and length 20971520 for ino 139874093068816
offset 0 and length 20971520 for ino 139874093069136
offset 0 and length 20971520 for ino 139874093069456
offset 0 and length 20971520 for ino 139874093069776
offset 0 and length 20971520 for ino 139874093070096
offset 0 and length 20971520 for ino 139874093070416
offset 0 and length 20971520 for ino 139874093070736
offset 0 and length 20971520 for ino 139874093071056
offset 0 and length 20971520 for ino 139874093071376
offset 0 and length 20971520 for ino 139874093071696
offset 0 and length 20971520 for ino 139874093072016
offset 0 and length 20971520 for ino 139873992409104
offset 0 and length 20971520 for ino 139873992409424
offset 0 and length 20971520 for ino 139873992409744
offset 0 and length 20971520 for ino 139873992410064
offset 0 and length 20971520 for ino 139873992410384
offset 0 and length 20971520 for ino 139873992410704
offset 0 and length 20971520 for ino 139873992411024
offset 0 and length 20971520 for ino 139873992411344
offset 0 and length 20971520 for ino 139873992411664
offset 0 and length 20971520 for ino 139873992411984
offset 0 and length 20971520 for ino 139873992412304
offset 0 and length 20971520 for ino 139873992412624
offset 0 and length 20971520 for ino 139873992412944
offset 0 and length 20971520 for ino 139873992413264
offset 0 and length 20971520 for ino 139873992413584
offset 0 and length 20971520 for ino 139873992413904
offset 0 and length 20971520 for ino 139873992414224
offset 0 and length 20971520 for ino 139873992414544
offset 0 and length 20971520 for ino 139873992414864
offset 0 and length 20971520 for ino 139873992415184
offset 0 and length 20971520 for ino 139873992415504
offset 0 and length 20971520 for ino 139873992415824
offset 0 and length 20971520 for ino 139873992416144
offset 0 and length 20971520 for ino 139873992416464
offset 0 and length 20971520 for ino 139873992416784
offset 0 and length 20971520 for ino 139873992417104
offset 0 and length 20971520 for ino 139873992417424
offset 0 and length 20971520 for ino 139873992417744
offset 0 and length 20971520 for ino 139873992418064
offset 0 and length 20971520 for ino 139873992418384
offset 0 and length 20971520 for ino 139873992418704
offset 0 and length 20971520 for ino 139873992419024
offset 0 and length 20971520 for ino 139873992419344
offset 0 and length 20971520 for ino 139873992419664
offset 0 and length 20971520 for ino 139873992419984
offset 0 and length 20971520 for ino 139873992420304
offset 0 and length 20971520 for ino 139873992420624
offset 0 and length 20971520 for ino 139873992420944
offset 0 and length 20971520 for ino 139873992421264
offset 0 and length 20971520 for ino 139873992421584
offset 0 and length 20971520 for ino 139873992421904
offset 0 and length 20971520 for ino 139873992422224
offset 0 and length 20971520 for ino 139873992422544
offset 0 and length 20971520 for ino 139873992422864
offset 0 and length 20971520 for ino 139873992423184
offset 0 and length 20971520 for ino 139873992423504
offset 0 and length 20971520 for ino 139873992423824
offset 0 and length 20971520 for ino 139873992424144
offset 0 and length 20971520 for ino 139873992424464
offset 0 and length 20971520 for ino 139873992424784
offset 0 and length 20971520 for ino 139873992425104
offset 0 and length 20971520 for ino 139873975648272
offset 0 and length 20971520 for ino 139873975648592
offset 0 and length 20971520 for ino 139873975648912
offset 0 and length 20971520 for ino 139873975649232
offset 0 and length 20971520 for ino 139873975649552
offset 0 and length 20971520 for ino 139873975649872
offset 0 and length 20971520 for ino 139873975650192
offset 0 and length 20971520 for ino 139873975650512
offset 0 and length 20971520 for ino 139873975650832
offset 0 and length 20971520 for ino 139873975651152
offset 0 and length 20971520 for ino 139873975651472
offset 0 and length 20971520 for ino 139873975651792
offset 0 and length 20971520 for ino 139873975652112
offset 0 and length 20971520 for ino 139873975652432
offset 0 and length 20971520 for ino 139873975652752
offset 0 and length 20971520 for ino 139873975653072
offset 0 and length 20971520 for ino 139873975653392
offset 0 and length 20971520 for ino 139873975653712
offset 0 and length 20971520 for ino 139873975654032
offset 0 and length 20971520 for ino 139873975654352
offset 0 and length 20971520 for ino 139873975654672
offset 0 and length 20971520 for ino 139873975654992
offset 0 and length 20971520 for ino 139873975655312
offset 0 and length 20971520 for ino 139873975655632
offset 0 and length 20971520 for ino 139873975655952
offset 0 and length 20971520 for ino 139873975656272
offset 0 and length 20971520 for ino 139873975656592
offset 0 and length 20971520 for ino 139873975656912
offset 0 and length 20971520 for ino 139873975657232
offset 0 and length 20971520 for ino 139873975657552
offset 0 and length 20971520 for ino 139873975657872
offset 0 and length 20971520 for ino 139873975658192
offset 0 and length 20971520 for ino 139873975658512
offset 0 and length 20971520 for ino 139873975658832
offset 0 and length 20971520 for ino 139873975659152
offset 0 and length 20971520 for ino 139873975659472
offset 0 and length 20971520 for ino 139873975659792
offset 0 and length 20971520 for ino 139873975660112
offset 0 and length 20971520 for ino 139873975660432
offset 0 and length 20971520 for ino 139873975660752
offset 0 and length 20971520 for ino 139873975661072
offset 0 and length 20971520 for ino 139873975661392
offset 0 and length 20971520 for ino 139873975661712
offset 0 and length 20971520 for ino 139873975662032
offset 0 and length 20971520 for ino 139873975662352
offset 0 and length 20971520 for ino 139873975662672
offset 0 and length 20971520 for ino 139873975662992
offset 0 and length 20971520 for ino 139873975663312
offset 0 and length 20971520 for ino 139873975663632
offset 0 and length 20971520 for ino 139873975663952
offset 0 and length 20971520 for ino 139873975664272
offset 0 and length 20971520 for ino 139873958887440
offset 0 and length 20971520 for ino 139873958887760
offset 0 and length 20971520 for ino 139873958888080
offset 0 and length 20971520 for ino 139873958888400
offset 0 and length 20971520 for ino 139873958888720
offset 0 and length 20971520 for ino 139873958889040
offset 0 and length 20971520 for ino 139873958889360
offset 0 and length 20971520 for ino 139873958889680
offset 0 and length 20971520 for ino 139873958890000
offset 0 and length 20971520 for ino 139873958890320
offset 0 and length 20971520 for ino 139873958890640
offset 0 and length 20971520 for ino 139873958890960
offset 0 and length 20971520 for ino 139873958891280
offset 0 and length 20971520 for ino 139873958891600
offset 0 and length 20971520 for ino 139873958891920
offset 0 and length 20971520 for ino 139873958892240
offset 0 and length 20971520 for ino 139873958892560
offset 0 and length 20971520 for ino 139873958892880
offset 0 and length 20971520 for ino 139873958893200
offset 0 and length 20971520 for ino 139873958893520
offset 0 and length 20971520 for ino 139873958893840
offset 0 and length 20971520 for ino 139873958894160
offset 0 and length 20971520 for ino 139873958894480
offset 0 and length 20971520 for ino 139873958894800
offset 0 and length 20971520 for ino 139873958895120
offset 0 and length 20971520 for ino 139873958895440
offset 0 and length 20971520 for ino 139873958895760
offset 0 and length 20971520 for ino 139873958896080
offset 0 and length 20971520 for ino 139873958896400
offset 0 and length 20971520 for ino 139874301107088
offset 0 and length 20971520 for ino 139873958896720
offset 0 and length 20971520 for ino 139873958897040
offset 0 and length 20971520 for ino 139873958897360
offset 0 and length 20971520 for ino 139873958897680
offset 0 and length 20971520 for ino 139873958898000
offset 0 and length 20971520 for ino 139873958898320
offset 0 and length 20971520 for ino 139873958898640
offset 0 and length 20971520 for ino 139873958898960
offset 0 and length 20971520 for ino 139873958899280
offset 0 and length 20971520 for ino 139873958899600
offset 0 and length 20971520 for ino 139873958899920
offset 0 and length 20971520 for ino 139873958900240
offset 0 and length 20971520 for ino 139873958900560
offset 0 and length 20971520 for ino 139873958900880
offset 0 and length 20971520 for ino 139873958901200
offset 0 and length 20971520 for ino 139873958901520
offset 0 and length 20971520 for ino 139873958901840
offset 0 and length 20971520 for ino 139873958902160
offset 0 and length 20971520 for ino 139873958902480
offset 0 and length 20971520 for ino 139873958902800
offset 0 and length 20971520 for ino 139873958903120
offset 0 and length 20971520 for ino 139873958903440
offset 0 and length 20971520 for ino 139873942126608
offset 0 and length 20971520 for ino 139873942126928
offset 0 and length 20971520 for ino 139873942127248
offset 0 and length 20971520 for ino 139873942127568
offset 0 and length 20971520 for ino 139873942127888
offset 0 and length 20971520 for ino 139873942128208
offset 0 and length 20971520 for ino 139873942128528
offset 0 and length 20971520 for ino 139873942128848
offset 0 and length 20971520 for ino 139873942129168
offset 0 and length 20971520 for ino 139873942129488
offset 0 and length 20971520 for ino 139873942129808
offset 0 and length 20971520 for ino 139873942130128
offset 0 and length 20971520 for ino 139873942130448
offset 0 and length 20971520 for ino 139873942130768
offset 0 and length 20971520 for ino 139873942131088
offset 0 and length 20971520 for ino 139873942131408
offset 0 and length 20971520 for ino 139873942131728
offset 0 and length 20971520 for ino 139873942132048
offset 0 and length 20971520 for ino 139873942132368
offset 0 and length 20971520 for ino 139873942132688
offset 0 and length 20971520 for ino 139873942133008
offset 0 and length 20971520 for ino 139873942133328
offset 0 and length 20971520 for ino 139873942133648
offset 0 and length 20971520 for ino 139873942133968
offset 0 and length 20971520 for ino 139873942134288
offset 0 and length 20971520 for ino 139873942134608
offset 0 and length 20971520 for ino 139873942134928
offset 0 and length 20971520 for ino 139873942135248
offset 0 and length 20971520 for ino 139873942135568
offset 0 and length 20971520 for ino 139873942135888
offset 0 and length 20971520 for ino 139873942136208
offset 0 and length 20971520 for ino 139873942136528
offset 0 and length 20971520 for ino 139873942136848
offset 0 and length 20971520 for ino 139873942137168
offset 0 and length 20971520 for ino 139873942137488
offset 0 and length 20971520 for ino 139873942137808
offset 0 and length 20971520 for ino 139873942138128
offset 0 and length 20971520 for ino 139873942138448
offset 0 and length 20971520 for ino 139873942138768
offset 0 and length 20971520 for ino 139873942139088
offset 0 and length 20971520 for ino 139873942139408
offset 0 and length 20971520 for ino 139873942139728
offset 0 and length 20971520 for ino 139873942140048
offset 0 and length 20971520 for ino 139873942140368
offset 0 and length 20971520 for ino 139873942140688
offset 0 and length 20971520 for ino 139873942141008
offset 0 and length 20971520 for ino 139873942141328
offset 0 and length 20971520 for ino 139873942141648
offset 0 and length 20971520 for ino 139873942141968
offset 0 and length 20971520 for ino 139873942142288
offset 0 and length 20971520 for ino 139873942142608
offset 0 and length 20971520 for ino 139873858256912
offset 0 and length 20971520 for ino 139873858257232
offset 0 and length 20971520 for ino 139873858257552
offset 0 and length 20971520 for ino 139873858257872
offset 0 and length 20971520 for ino 139873858258192
offset 0 and length 20971520 for ino 139873858258512
offset 0 and length 20971520 for ino 139873858258832
offset 0 and length 20971520 for ino 139873858259152
offset 0 and length 20971520 for ino 139873858259472
offset 0 and length 20971520 for ino 139873858259792
offset 0 and length 20971520 for ino 139873858260112
offset 0 and length 20971520 for ino 139873858260432
offset 0 and length 20971520 for ino 139873858260752
offset 0 and length 20971520 for ino 139873858261072
offset 0 and length 20971520 for ino 139873858261392
offset 0 and length 20971520 for ino 139873858261712
offset 0 and length 20971520 for ino 139873858262032
offset 0 and length 20971520 for ino 139873858262352
offset 0 and length 20971520 for ino 139873858262672
offset 0 and length 20971520 for ino 139873858262992
offset 0 and length 20971520 for ino 139873858263312
offset 0 and length 20971520 for ino 139873858263632
offset 0 and length 20971520 for ino 139873858263952
offset 0 and length 20971520 for ino 139873858264272
offset 0 and length 20971520 for ino 139873858264592
offset 0 and length 20971520 for ino 139873858264912
offset 0 and length 20971520 for ino 139873858265232
offset 0 and length 20971520 for ino 139873858265552
offset 0 and length 20971520 for ino 139873858265872
offset 0 and length 20971520 for ino 139873858266192
offset 0 and length 20971520 for ino 139873858266512
offset 0 and length 20971520 for ino 139873858266832
offset 0 and length 20971520 for ino 139873858267152
