Harness starting.
 /home/sevag/CLionProjects/FuseFileSystemBoC/cmake-build-release/FuseFileSystemBoC --seed 2405439153

Pinning to Core:40
creating 512 mb file systemoffset 0 and length 251658240 for ino 140200026128400
offset 0 and length 251658240 for ino 140200026423312
offset 0 and length 251658240 for ino 140200026128720
offset 0 and length 251658240 for ino 140200040480784
offset 0 and length 251658240 for ino 140199870791696
offset 0 and length 251658240 for ino 140199870792016
offset 0 and length 251658240 for ino 140199870792336
offset 0 and length 251658240 for ino 140199870792656
offset 0 and length 251658240 for ino 140199870808080
offset 0 and length 251658240 for ino 140200026783760
offset 0 and length 251658240 for ino 140200029929488
offset 0 and length 251658240 for ino 140200026129040
offset 0 and length 251658240 for ino 140200026129360
offset 0 and length 251658240 for ino 140200026129680
offset 0 and length 251658240 for ino 140200029929808
offset 0 and length 251658240 for ino 140199837237264
offset 0 and length 251658240 for ino 140199870808400
offset 0 and length 251658240 for ino 140199837237584
offset 0 and length 251658240 for ino 140199870792976
offset 0 and length 251658240 for ino 140200026130000
offset 0 and length 251658240 for ino 140200026130320
offset 0 and length 251658240 for ino 140199837204496
offset 0 and length 251658240 for ino 140199837204816
offset 0 and length 251658240 for ino 140200034074640
offset 0 and length 251658240 for ino 140200026784080
offset 0 and length 251658240 for ino 140200026423632
offset 0 and length 251658240 for ino 140200029930128
offset 0 and length 251658240 for ino 140200029930448
offset 0 and length 251658240 for ino 140200026423952
offset 0 and length 251658240 for ino 140199870808720
offset 0 and length 251658240 for ino 140200026130640
offset 0 and length 251658240 for ino 140200026784400
offset 0 and length 251658240 for ino 140200034074960
offset 0 and length 251658240 for ino 140200034075280
offset 0 and length 251658240 for ino 140200026784720
offset 0 and length 251658240 for ino 140200029930768
offset 0 and length 251658240 for ino 140200034075600
offset 0 and length 251658240 for ino 140200034075920
offset 0 and length 251658240 for ino 140200034076240
offset 0 and length 251658240 for ino 140200034076560
offset 0 and length 251658240 for ino 140200034076880
offset 0 and length 251658240 for ino 140200034077200
offset 0 and length 251658240 for ino 140200034077520
offset 0 and length 251658240 for ino 140200034077840
offset 0 and length 251658240 for ino 140200029931088
offset 0 and length 251658240 for ino 140199870809040
offset 0 and length 251658240 for ino 140199870809360
offset 0 and length 251658240 for ino 140200029931408
offset 0 and length 251658240 for ino 140200026130960
offset 0 and length 251658240 for ino 140200026131280
offset 0 and length 251658240 for ino 140200026785040
offset 0 and length 251658240 for ino 140199837205136
offset 0 and length 251658240 for ino 140200026131600
offset 0 and length 251658240 for ino 140200029931728
offset 0 and length 251658240 for ino 140200026424272
offset 0 and length 251658240 for ino 140200029932048
offset 0 and length 251658240 for ino 140199837237904
offset 0 and length 251658240 for ino 140200040481104
offset 0 and length 251658240 for ino 140200034078160
offset 0 and length 251658240 for ino 140200034078480
offset 0 and length 251658240 for ino 140200034078800
offset 0 and length 251658240 for ino 140200029932368
offset 0 and length 251658240 for ino 140199870793296
offset 0 and length 251658240 for ino 140200026131920
offset 0 and length 251658240 for ino 140199837238224
offset 0 and length 251658240 for ino 140200040481424
offset 0 and length 251658240 for ino 140199870809680
offset 0 and length 251658240 for ino 140200029932688
offset 0 and length 251658240 for ino 140200026132240
offset 0 and length 251658240 for ino 140199870793616
offset 0 and length 251658240 for ino 140200026424592
offset 0 and length 251658240 for ino 140199870793936
offset 0 and length 251658240 for ino 140200026132560
offset 0 and length 251658240 for ino 140200026132880
offset 0 and length 251658240 for ino 140199870794256
offset 0 and length 251658240 for ino 140199870794576
offset 0 and length 251658240 for ino 140200040481744
offset 0 and length 251658240 for ino 140200040482064
offset 0 and length 251658240 for ino 140200026133200
offset 0 and length 251658240 for ino 140200026133520
offset 0 and length 251658240 for ino 140200034079120
offset 0 and length 251658240 for ino 140200040482384
offset 0 and length 251658240 for ino 140199837205456
offset 0 and length 251658240 for ino 140200026133840
offset 0 and length 251658240 for ino 140199870794896
offset 0 and length 251658240 for ino 140199870795216
offset 0 and length 251658240 for ino 140200026134160
offset 0 and length 251658240 for ino 140200034079440
offset 0 and length 251658240 for ino 140199870795536
offset 0 and length 251658240 for ino 140200026424912
offset 0 and length 251658240 for ino 140199870810000
offset 0 and length 251658240 for ino 140200026425232
offset 0 and length 251658240 for ino 140200026425552
offset 0 and length 251658240 for ino 140200026785360
offset 0 and length 251658240 for ino 140200026134480
offset 0 and length 251658240 for ino 140200026134800
offset 0 and length 251658240 for ino 140200026135120
offset 0 and length 251658240 for ino 140200026135440
offset 0 and length 251658240 for ino 140200029933008
offset 0 and length 251658240 for ino 140199870810320
offset 0 and length 251658240 for ino 140199870810640
offset 0 and length 251658240 for ino 140199870795856
offset 0 and length 251658240 for ino 140199837238544
offset 0 and length 251658240 for ino 140200029933328
offset 0 and length 251658240 for ino 140200026135760
offset 0 and length 251658240 for ino 140200026785680
offset 0 and length 251658240 for ino 140199837238864
offset 0 and length 251658240 for ino 140200026425872
offset 0 and length 251658240 for ino 140200026136080
offset 0 and length 251658240 for ino 140200026136400
offset 0 and length 251658240 for ino 140200026426192
offset 0 and length 251658240 for ino 140200026426512
offset 0 and length 251658240 for ino 140200026136720
offset 0 and length 251658240 for ino 140200026137040
offset 0 and length 251658240 for ino 140200040482704
offset 0 and length 251658240 for ino 140199870796176
offset 0 and length 251658240 for ino 140200026137360
offset 0 and length 251658240 for ino 140200026137680
offset 0 and length 251658240 for ino 140200026138000
offset 0 and length 251658240 for ino 140199870796496
offset 0 and length 251658240 for ino 140200034079760
offset 0 and length 251658240 for ino 140200034080080
offset 0 and length 251658240 for ino 140200026786000
offset 0 and length 251658240 for ino 140200026138320
offset 0 and length 251658240 for ino 140200034080400
offset 0 and length 251658240 for ino 140200026786320
offset 0 and length 251658240 for ino 140200026426832
offset 0 and length 251658240 for ino 140200034080720
