Harness starting.
 /home/sevag/CLionProjects/FuseFileSystemBoC/cmake-build-release/FuseFileSystemBoC --seed 2540340647

Pinning to Core:40
creating 512 mb file systemoffset 0 and length 16777216 for ino 140306618155024
offset 0 and length 16777216 for ino 140306618155344
offset 0 and length 16777216 for ino 140306618368016
offset 0 and length 16777216 for ino 140306618368336
offset 0 and length 16777216 for ino 140306618155664
offset 0 and length 16777216 for ino 140306619351056
offset 0 and length 16777216 for ino 140306619351376
offset 0 and length 16777216 for ino 140306618794000
offset 0 and length 16777216 for ino 140306618155984
offset 0 and length 16777216 for ino 140306619875344
offset 0 and length 16777216 for ino 140306619875664
offset 0 and length 16777216 for ino 140306634031120
offset 0 and length 16777216 for ino 140306634031440
offset 0 and length 16777216 for ino 140306620923920
offset 0 and length 16777216 for ino 140306618156304
offset 0 and length 16777216 for ino 140306634031760
offset 0 and length 16777216 for ino 140306634032080
offset 0 and length 16777216 for ino 140306618156624
offset 0 and length 16777216 for ino 140306618156944
offset 0 and length 16777216 for ino 140306618157264
offset 0 and length 16777216 for ino 140306619875984
offset 0 and length 16777216 for ino 140306618157584
offset 0 and length 16777216 for ino 140306619351696
offset 0 and length 16777216 for ino 140306618157904
offset 0 and length 16777216 for ino 140306620924240
offset 0 and length 16777216 for ino 140306619876304
offset 0 and length 16777216 for ino 140306618368656
offset 0 and length 16777216 for ino 140306618158224
offset 0 and length 16777216 for ino 140306618158544
offset 0 and length 16777216 for ino 140306620924560
offset 0 and length 16777216 for ino 140306618158864
offset 0 and length 16777216 for ino 140306618073104
offset 0 and length 16777216 for ino 140306618159184
offset 0 and length 16777216 for ino 140306634032400
offset 0 and length 16777216 for ino 140306618159504
offset 0 and length 16777216 for ino 140306618159824
offset 0 and length 16777216 for ino 140306621972496
offset 0 and length 16777216 for ino 140306634032720
offset 0 and length 16777216 for ino 140306618160144
offset 0 and length 16777216 for ino 140306618073424
offset 0 and length 16777216 for ino 140306618160464
offset 0 and length 16777216 for ino 140306621972816
offset 0 and length 16777216 for ino 140306618160784
offset 0 and length 16777216 for ino 140306618161104
offset 0 and length 16777216 for ino 140306618073744
offset 0 and length 16777216 for ino 140306618161424
offset 0 and length 16777216 for ino 140306620924880
offset 0 and length 16777216 for ino 140306620925200
offset 0 and length 16777216 for ino 140306618794320
offset 0 and length 16777216 for ino 140306618161744
offset 0 and length 16777216 for ino 140306621973136
offset 0 and length 16777216 for ino 140306618794640
offset 0 and length 16777216 for ino 140306618162064
offset 0 and length 16777216 for ino 140306533023760
offset 0 and length 16777216 for ino 140306618794960
offset 0 and length 16777216 for ino 140306620925520
offset 0 and length 16777216 for ino 140306620925840
offset 0 and length 16777216 for ino 140306618162384
offset 0 and length 16777216 for ino 140306618162704
offset 0 and length 16777216 for ino 140306618163024
offset 0 and length 16777216 for ino 140306619876624
offset 0 and length 16777216 for ino 140306618163344
offset 0 and length 16777216 for ino 140306619352016
offset 0 and length 16777216 for ino 140306618163664
