Harness starting.
 /home/sevag/CLionProjects/FuseFileSystemBoC/cmake-build-release/FuseFileSystemBoC --seed 1964028095

Pinning to Core:40
creating 512 mb file systemoffset 0 and length 2097152 for ino 139762658885648
offset 0 and length 2097152 for ino 139762659213328
offset 0 and length 2097152 for ino 139762659278864
offset 0 and length 2097152 for ino 139762659213648
offset 0 and length 2097152 for ino 139762659279184
offset 0 and length 2097152 for ino 139762659279504
offset 0 and length 2097152 for ino 139762658787344
offset 0 and length 2097152 for ino 139762658787664
offset 0 and length 2097152 for ino 139762659279824
offset 0 and length 2097152 for ino 139762659409936
offset 0 and length 2097152 for ino 139762658885968
offset 0 and length 2097152 for ino 139762658787984
offset 0 and length 2097152 for ino 139762659737616
offset 0 and length 2097152 for ino 139762659737936
offset 0 and length 2097152 for ino 139762659738256
offset 0 and length 2097152 for ino 139762659738576
offset 0 and length 2097152 for ino 139762659280144
offset 0 and length 2097152 for ino 139762658788304
offset 0 and length 2097152 for ino 139762658788624
offset 0 and length 2097152 for ino 139762658788944
offset 0 and length 2097152 for ino 139762658789264
offset 0 and length 2097152 for ino 139762658789584
offset 0 and length 2097152 for ino 139762658789904
offset 0 and length 2097152 for ino 139762658790224
offset 0 and length 2097152 for ino 139762658790544
offset 0 and length 2097152 for ino 139762658790864
offset 0 and length 2097152 for ino 139762658791184
offset 0 and length 2097152 for ino 139762659280464
offset 0 and length 2097152 for ino 139762659280784
offset 0 and length 2097152 for ino 139762660065296
offset 0 and length 2097152 for ino 139762659410256
offset 0 and length 2097152 for ino 139762660065616
offset 0 and length 2097152 for ino 139762659738896
offset 0 and length 2097152 for ino 139762659410576
offset 0 and length 2097152 for ino 139762659213968
offset 0 and length 2097152 for ino 139762658791504
offset 0 and length 2097152 for ino 139762658791824
offset 0 and length 2097152 for ino 139762658792144
offset 0 and length 2097152 for ino 139762658792464
offset 0 and length 2097152 for ino 139762658792784
offset 0 and length 2097152 for ino 139762658793104
offset 0 and length 2097152 for ino 139762658793424
offset 0 and length 2097152 for ino 139762658793744
offset 0 and length 2097152 for ino 139762658794064
offset 0 and length 2097152 for ino 139762658886288
offset 0 and length 2097152 for ino 139762660065936
offset 0 and length 2097152 for ino 139762659281104
offset 0 and length 2097152 for ino 139762660066256
offset 0 and length 2097152 for ino 139762659281424
offset 0 and length 2097152 for ino 139762658794384
offset 0 and length 2097152 for ino 139762658794704
offset 0 and length 2097152 for ino 139762660066576
offset 0 and length 2097152 for ino 139762658886608
offset 0 and length 2097152 for ino 139762673434640
offset 0 and length 2097152 for ino 139762658795024
offset 0 and length 2097152 for ino 139762658795344
offset 0 and length 2097152 for ino 139762658795664
offset 0 and length 2097152 for ino 139762658795984
offset 0 and length 2097152 for ino 139762658796304
offset 0 and length 2097152 for ino 139762658796624
offset 0 and length 2097152 for ino 139762658796944
offset 0 and length 2097152 for ino 139762659739216
offset 0 and length 2097152 for ino 139762658797264
offset 0 and length 2097152 for ino 139762658797584
offset 0 and length 2097152 for ino 139762658797904
offset 0 and length 2097152 for ino 139762660066896
offset 0 and length 2097152 for ino 139762659214288
offset 0 and length 2097152 for ino 139762658798224
offset 0 and length 2097152 for ino 139762659281744
offset 0 and length 2097152 for ino 139762658798544
offset 0 and length 2097152 for ino 139762658798864
offset 0 and length 2097152 for ino 139762658799184
offset 0 and length 2097152 for ino 139762658799504
offset 0 and length 2097152 for ino 139762659739536
offset 0 and length 2097152 for ino 139762658799824
offset 0 and length 2097152 for ino 139762658800144
offset 0 and length 2097152 for ino 139762658800464
offset 0 and length 2097152 for ino 139762658886928
offset 0 and length 2097152 for ino 139762658800784
offset 0 and length 2097152 for ino 139762658801104
offset 0 and length 2097152 for ino 139762658801424
offset 0 and length 2097152 for ino 139762658801744
offset 0 and length 2097152 for ino 139762658802064
offset 0 and length 2097152 for ino 139762658802384
offset 0 and length 2097152 for ino 139762658802704
offset 0 and length 2097152 for ino 139762658803024
offset 0 and length 2097152 for ino 139762658803344
offset 0 and length 2097152 for ino 139762661539856
offset 0 and length 2097152 for ino 139762661540176
offset 0 and length 2097152 for ino 139762661540496
offset 0 and length 2097152 for ino 139762661540816
offset 0 and length 2097152 for ino 139762661541136
offset 0 and length 2097152 for ino 139762661541456
offset 0 and length 2097152 for ino 139762661541776
offset 0 and length 2097152 for ino 139762661542096
offset 0 and length 2097152 for ino 139762661542416
offset 0 and length 2097152 for ino 139762661542736
offset 0 and length 2097152 for ino 139762661543056
offset 0 and length 2097152 for ino 139762661543376
offset 0 and length 2097152 for ino 139762661543696
offset 0 and length 2097152 for ino 139762661544016
offset 0 and length 2097152 for ino 139762661544336
offset 0 and length 2097152 for ino 139762661544656
offset 0 and length 2097152 for ino 139762661544976
offset 0 and length 2097152 for ino 139762661545296
offset 0 and length 2097152 for ino 139762661545616
offset 0 and length 2097152 for ino 139762661545936
offset 0 and length 2097152 for ino 139762661546256
offset 0 and length 2097152 for ino 139762661546576
offset 0 and length 2097152 for ino 139762661546896
offset 0 and length 2097152 for ino 139762661547216
offset 0 and length 2097152 for ino 139762661547536
offset 0 and length 2097152 for ino 139762658887248
offset 0 and length 2097152 for ino 139762660067216
offset 0 and length 2097152 for ino 139762659739856
offset 0 and length 2097152 for ino 139762661547856
offset 0 and length 2097152 for ino 139762661548176
offset 0 and length 2097152 for ino 139762661548496
offset 0 and length 2097152 for ino 139762661548816
offset 0 and length 2097152 for ino 139762661549136
offset 0 and length 2097152 for ino 139762661549456
offset 0 and length 2097152 for ino 139762661549776
offset 0 and length 2097152 for ino 139762661550096
offset 0 and length 2097152 for ino 139762661550416
offset 0 and length 2097152 for ino 139762661550736
offset 0 and length 2097152 for ino 139762661551056
offset 0 and length 2097152 for ino 139762661551376
offset 0 and length 2097152 for ino 139762661551696
offset 0 and length 2097152 for ino 139762661552016
offset 0 and length 2097152 for ino 139762661552336
offset 0 and length 2097152 for ino 139762661552656
offset 0 and length 2097152 for ino 139762661552976
offset 0 and length 2097152 for ino 139762661553296
offset 0 and length 2097152 for ino 139762661553616
offset 0 and length 2097152 for ino 139762661553936
offset 0 and length 2097152 for ino 139762661554256
offset 0 and length 2097152 for ino 139762661554576
offset 0 and length 2097152 for ino 139762661554896
offset 0 and length 2097152 for ino 139762661555216
offset 0 and length 2097152 for ino 139762661555536
offset 0 and length 2097152 for ino 139762661555856
offset 0 and length 2097152 for ino 139762664275984
offset 0 and length 2097152 for ino 139762664276304
offset 0 and length 2097152 for ino 139762664276624
offset 0 and length 2097152 for ino 139762664276944
offset 0 and length 2097152 for ino 139762664277264
offset 0 and length 2097152 for ino 139762664277584
offset 0 and length 2097152 for ino 139762664277904
offset 0 and length 2097152 for ino 139762664278224
offset 0 and length 2097152 for ino 139762664278544
offset 0 and length 2097152 for ino 139762664278864
offset 0 and length 2097152 for ino 139762664279184
offset 0 and length 2097152 for ino 139762664279504
offset 0 and length 2097152 for ino 139762664279824
offset 0 and length 2097152 for ino 139762664280144
offset 0 and length 2097152 for ino 139762664280464
offset 0 and length 2097152 for ino 139762664280784
offset 0 and length 2097152 for ino 139762664281104
offset 0 and length 2097152 for ino 139762664281424
offset 0 and length 2097152 for ino 139762664281744
offset 0 and length 2097152 for ino 139762664282064
offset 0 and length 2097152 for ino 139762664282384
offset 0 and length 2097152 for ino 139762664282704
offset 0 and length 2097152 for ino 139762664283024
offset 0 and length 2097152 for ino 139762664283344
offset 0 and length 2097152 for ino 139762664283664
offset 0 and length 2097152 for ino 139762664283984
offset 0 and length 2097152 for ino 139762664284304
offset 0 and length 2097152 for ino 139762664284624
offset 0 and length 2097152 for ino 139762664284944
offset 0 and length 2097152 for ino 139762664285264
offset 0 and length 2097152 for ino 139762664285584
offset 0 and length 2097152 for ino 139762664285904
offset 0 and length 2097152 for ino 139762664286224
offset 0 and length 2097152 for ino 139762664286544
offset 0 and length 2097152 for ino 139762664286864
offset 0 and length 2097152 for ino 139762664287184
offset 0 and length 2097152 for ino 139762664287504
offset 0 and length 2097152 for ino 139762664287824
offset 0 and length 2097152 for ino 139762664288144
offset 0 and length 2097152 for ino 139762664288464
offset 0 and length 2097152 for ino 139762664288784
offset 0 and length 2097152 for ino 139762664289104
offset 0 and length 2097152 for ino 139762664289424
offset 0 and length 2097152 for ino 139762664289744
offset 0 and length 2097152 for ino 139762664290064
offset 0 and length 2097152 for ino 139762664290384
offset 0 and length 2097152 for ino 139762664290704
offset 0 and length 2097152 for ino 139762664291024
offset 0 and length 2097152 for ino 139762664291344
offset 0 and length 2097152 for ino 139762659214608
offset 0 and length 2097152 for ino 139762664291664
offset 0 and length 2097152 for ino 139762659282064
offset 0 and length 2097152 for ino 139762659740176
offset 0 and length 2097152 for ino 139762659740496
offset 0 and length 2097152 for ino 139762659282384
offset 0 and length 2097152 for ino 139762664291984
offset 0 and length 2097152 for ino 139762665979920
offset 0 and length 2097152 for ino 139762665980240
offset 0 and length 2097152 for ino 139762665980560
offset 0 and length 2097152 for ino 139762665980880
offset 0 and length 2097152 for ino 139762665981200
offset 0 and length 2097152 for ino 139762665981520
offset 0 and length 2097152 for ino 139762665981840
offset 0 and length 2097152 for ino 139762665982160
offset 0 and length 2097152 for ino 139762665982480
offset 0 and length 2097152 for ino 139762665982800
offset 0 and length 2097152 for ino 139762665983120
offset 0 and length 2097152 for ino 139762665983440
offset 0 and length 2097152 for ino 139762665983760
offset 0 and length 2097152 for ino 139762665984080
offset 0 and length 2097152 for ino 139762665984400
offset 0 and length 2097152 for ino 139762665984720
offset 0 and length 2097152 for ino 139762665985040
offset 0 and length 2097152 for ino 139762665985360
offset 0 and length 2097152 for ino 139762665985680
offset 0 and length 2097152 for ino 139762665986000
offset 0 and length 2097152 for ino 139762665986320
offset 0 and length 2097152 for ino 139762665986640
offset 0 and length 2097152 for ino 139762665986960
offset 0 and length 2097152 for ino 139762665987280
offset 0 and length 2097152 for ino 139762660067536
offset 0 and length 2097152 for ino 139762659740816
offset 0 and length 2097152 for ino 139762660067856
offset 0 and length 2097152 for ino 139762659180560
offset 0 and length 2097152 for ino 139762659180880
offset 0 and length 2097152 for ino 139762665987600
offset 0 and length 2097152 for ino 139762665987920
offset 0 and length 2097152 for ino 139762665988240
offset 0 and length 2097152 for ino 139762665988560
offset 0 and length 2097152 for ino 139762665988880
offset 0 and length 2097152 for ino 139762659181200
offset 0 and length 2097152 for ino 139762665989200
offset 0 and length 2097152 for ino 139762665989520
offset 0 and length 2097152 for ino 139762665989840
offset 0 and length 2097152 for ino 139762665990160
offset 0 and length 2097152 for ino 139762665990480
offset 0 and length 2097152 for ino 139762665990800
offset 0 and length 2097152 for ino 139762665991120
offset 0 and length 2097152 for ino 139762665991440
offset 0 and length 2097152 for ino 139762665991760
offset 0 and length 2097152 for ino 139762665992080
offset 0 and length 2097152 for ino 139762665992400
offset 0 and length 2097152 for ino 139762665992720
offset 0 and length 2097152 for ino 139762665993040
offset 0 and length 2097152 for ino 139762659181520
offset 0 and length 2097152 for ino 139762665993360
offset 0 and length 2097152 for ino 139762665993680
offset 0 and length 2097152 for ino 139762665994000
offset 0 and length 2097152 for ino 139762665994320
offset 0 and length 2097152 for ino 139762665994640
offset 0 and length 2097152 for ino 139762665994960
offset 0 and length 2097152 for ino 139762665995280
offset 0 and length 2097152 for ino 139762659181840
offset 0 and length 2097152 for ino 139762665995600
offset 0 and length 2097152 for ino 139762665995920
offset 0 and length 2097152 for ino 139762667667472
offset 0 and length 2097152 for ino 139762667667792
offset 0 and length 2097152 for ino 139762667668112
offset 0 and length 2097152 for ino 139762667668432
offset 0 and length 2097152 for ino 139762667668752
offset 0 and length 2097152 for ino 139762667669072
offset 0 and length 2097152 for ino 139762667669392
offset 0 and length 2097152 for ino 139762667669712
offset 0 and length 2097152 for ino 139762667670032
offset 0 and length 2097152 for ino 139762667670352
offset 0 and length 2097152 for ino 139762667670672
offset 0 and length 2097152 for ino 139762667670992
offset 0 and length 2097152 for ino 139762667671312
offset 0 and length 2097152 for ino 139762667671632
offset 0 and length 2097152 for ino 139762667671952
offset 0 and length 2097152 for ino 139762667672272
offset 0 and length 2097152 for ino 139762667672592
offset 0 and length 2097152 for ino 139762667672912
offset 0 and length 2097152 for ino 139762667673232
offset 0 and length 2097152 for ino 139762667673552
offset 0 and length 2097152 for ino 139762667673872
offset 0 and length 2097152 for ino 139762667674192
offset 0 and length 2097152 for ino 139762667674512
offset 0 and length 2097152 for ino 139762667674832
offset 0 and length 2097152 for ino 139762667675152
offset 0 and length 2097152 for ino 139762667675472
offset 0 and length 2097152 for ino 139762667675792
offset 0 and length 2097152 for ino 139762667676112
offset 0 and length 2097152 for ino 139762667676432
offset 0 and length 2097152 for ino 139762667676752
offset 0 and length 2097152 for ino 139762667677072
offset 0 and length 2097152 for ino 139762667677392
offset 0 and length 2097152 for ino 139762667677712
offset 0 and length 2097152 for ino 139762667678032
offset 0 and length 2097152 for ino 139762667678352
offset 0 and length 2097152 for ino 139762667678672
offset 0 and length 2097152 for ino 139762667678992
offset 0 and length 2097152 for ino 139762667679312
offset 0 and length 2097152 for ino 139762667679632
offset 0 and length 2097152 for ino 139762667679952
offset 0 and length 2097152 for ino 139762667680272
offset 0 and length 2097152 for ino 139762667680592
offset 0 and length 2097152 for ino 139762660068176
offset 0 and length 2097152 for ino 139762659214928
offset 0 and length 2097152 for ino 139762674614288
offset 0 and length 2097152 for ino 139762667680912
offset 0 and length 2097152 for ino 139762667681232
offset 0 and length 2097152 for ino 139762667681552
offset 0 and length 2097152 for ino 139762667681872
offset 0 and length 2097152 for ino 139762667682192
offset 0 and length 2097152 for ino 139762667682512
offset 0 and length 2097152 for ino 139762659215248
offset 0 and length 2097152 for ino 139762667682832
offset 0 and length 2097152 for ino 139762667683152
offset 0 and length 2097152 for ino 139762667683472
offset 0 and length 2097152 for ino 139762669371408
offset 0 and length 2097152 for ino 139762669371728
offset 0 and length 2097152 for ino 139762669372048
offset 0 and length 2097152 for ino 139762669372368
offset 0 and length 2097152 for ino 139762669372688
offset 0 and length 2097152 for ino 139762669373008
offset 0 and length 2097152 for ino 139762669373328
offset 0 and length 2097152 for ino 139762669373648
offset 0 and length 2097152 for ino 139762669373968
offset 0 and length 2097152 for ino 139762669374288
offset 0 and length 2097152 for ino 139762669374608
offset 0 and length 2097152 for ino 139762669374928
offset 0 and length 2097152 for ino 139762669375248
offset 0 and length 2097152 for ino 139762669375568
offset 0 and length 2097152 for ino 139762669375888
offset 0 and length 2097152 for ino 139762659282704
offset 0 and length 2097152 for ino 139762669376208
offset 0 and length 2097152 for ino 139762669376528
offset 0 and length 2097152 for ino 139762669376848
offset 0 and length 2097152 for ino 139762669377168
offset 0 and length 2097152 for ino 139762669377488
offset 0 and length 2097152 for ino 139762669377808
offset 0 and length 2097152 for ino 139762669378128
offset 0 and length 2097152 for ino 139762669378448
offset 0 and length 2097152 for ino 139762669378768
offset 0 and length 2097152 for ino 139762669379088
offset 0 and length 2097152 for ino 139762669379408
offset 0 and length 2097152 for ino 139762669379728
offset 0 and length 2097152 for ino 139762669380048
offset 0 and length 2097152 for ino 139762669380368
offset 0 and length 2097152 for ino 139762669380688
offset 0 and length 2097152 for ino 139762669381008
offset 0 and length 2097152 for ino 139762659741136
offset 0 and length 2097152 for ino 139762674614608
offset 0 and length 2097152 for ino 139762660068496
offset 0 and length 2097152 for ino 139762669381328
offset 0 and length 2097152 for ino 139762658887568
offset 0 and length 2097152 for ino 139762659410896
offset 0 and length 2097152 for ino 139762659411216
offset 0 and length 2097152 for ino 139762660068816
offset 0 and length 2097152 for ino 139762669381648
offset 0 and length 2097152 for ino 139762669381968
offset 0 and length 2097152 for ino 139762669382288
offset 0 and length 2097152 for ino 139762669382608
offset 0 and length 2097152 for ino 139762669382928
offset 0 and length 2097152 for ino 139762659215568
offset 0 and length 2097152 for ino 139762669383248
offset 0 and length 2097152 for ino 139762659182160
offset 0 and length 2097152 for ino 139762669383568
offset 0 and length 2097152 for ino 139762669383888
offset 0 and length 2097152 for ino 139762669384208
offset 0 and length 2097152 for ino 139762669384528
offset 0 and length 2097152 for ino 139762669384848
offset 0 and length 2097152 for ino 139762669385168
offset 0 and length 2097152 for ino 139762669385488
offset 0 and length 2097152 for ino 139762669385808
offset 0 and length 2097152 for ino 139762669386128
offset 0 and length 2097152 for ino 139762669386448
offset 0 and length 2097152 for ino 139762674614928
offset 0 and length 2097152 for ino 139762659215888
offset 0 and length 2097152 for ino 139762669386768
offset 0 and length 2097152 for ino 139762669387088
offset 0 and length 2097152 for ino 139762669387408
offset 0 and length 2097152 for ino 139762671058960
offset 0 and length 2097152 for ino 139762671059280
offset 0 and length 2097152 for ino 139762671059600
offset 0 and length 2097152 for ino 139762671059920
offset 0 and length 2097152 for ino 139762671060240
offset 0 and length 2097152 for ino 139762671060560
offset 0 and length 2097152 for ino 139762671060880
offset 0 and length 2097152 for ino 139762671061200
offset 0 and length 2097152 for ino 139762671061520
offset 0 and length 2097152 for ino 139762671061840
offset 0 and length 2097152 for ino 139762671062160
offset 0 and length 2097152 for ino 139762671062480
offset 0 and length 2097152 for ino 139762671062800
offset 0 and length 2097152 for ino 139762671063120
offset 0 and length 2097152 for ino 139762671063440
offset 0 and length 2097152 for ino 139762671063760
offset 0 and length 2097152 for ino 139762671064080
offset 0 and length 2097152 for ino 139762671064400
offset 0 and length 2097152 for ino 139762671064720
offset 0 and length 2097152 for ino 139762671065040
offset 0 and length 2097152 for ino 139762671065360
offset 0 and length 2097152 for ino 139762671065680
offset 0 and length 2097152 for ino 139762671066000
offset 0 and length 2097152 for ino 139762671066320
offset 0 and length 2097152 for ino 139762671066640
offset 0 and length 2097152 for ino 139762671066960
offset 0 and length 2097152 for ino 139762671067280
offset 0 and length 2097152 for ino 139762671067600
offset 0 and length 2097152 for ino 139762671067920
offset 0 and length 2097152 for ino 139762671068240
offset 0 and length 2097152 for ino 139762671068560
offset 0 and length 2097152 for ino 139762671068880
offset 0 and length 2097152 for ino 139762671069200
offset 0 and length 2097152 for ino 139762671069520
offset 0 and length 2097152 for ino 139762671069840
offset 0 and length 2097152 for ino 139762671070160
offset 0 and length 2097152 for ino 139762671070480
offset 0 and length 2097152 for ino 139762671070800
offset 0 and length 2097152 for ino 139762671071120
offset 0 and length 2097152 for ino 139762671071440
offset 0 and length 2097152 for ino 139762671071760
offset 0 and length 2097152 for ino 139762671072080
offset 0 and length 2097152 for ino 139762671072400
offset 0 and length 2097152 for ino 139762671072720
offset 0 and length 2097152 for ino 139762659182480
offset 0 and length 2097152 for ino 139762658887888
offset 0 and length 2097152 for ino 139762671073040
offset 0 and length 2097152 for ino 139762671073360
offset 0 and length 2097152 for ino 139762671073680
offset 0 and length 2097152 for ino 139762671074000
offset 0 and length 2097152 for ino 139762671074320
offset 0 and length 2097152 for ino 139762671074640
offset 0 and length 2097152 for ino 139762671074960
offset 0 and length 2097152 for ino 139762672746512
offset 0 and length 2097152 for ino 139762672746832
offset 0 and length 2097152 for ino 139762672747152
offset 0 and length 2097152 for ino 139762672747472
offset 0 and length 2097152 for ino 139762672747792
offset 0 and length 2097152 for ino 139762673434960
offset 0 and length 2097152 for ino 139762672748112
offset 0 and length 2097152 for ino 139762672748432
offset 0 and length 2097152 for ino 139762672748752
offset 0 and length 2097152 for ino 139762659741456
offset 0 and length 2097152 for ino 139762672749072
offset 0 and length 2097152 for ino 139762672749392
offset 0 and length 2097152 for ino 139762672749712
offset 0 and length 2097152 for ino 139762672750032
offset 0 and length 2097152 for ino 139762672750352
offset 0 and length 2097152 for ino 139762672750672
offset 0 and length 2097152 for ino 139762672750992
offset 0 and length 2097152 for ino 139762672751312
offset 0 and length 2097152 for ino 139762672751632
offset 0 and length 2097152 for ino 139762672751952
offset 0 and length 2097152 for ino 139762672752272
offset 0 and length 2097152 for ino 139762672752592
offset 0 and length 2097152 for ino 139762672752912
offset 0 and length 2097152 for ino 139762659283024
offset 0 and length 2097152 for ino 139762672753232
offset 0 and length 2097152 for ino 139762672753552
offset 0 and length 2097152 for ino 139762672753872
offset 0 and length 2097152 for ino 139762672754192
offset 0 and length 2097152 for ino 139762672754512
offset 0 and length 2097152 for ino 139762672754832
offset 0 and length 2097152 for ino 139762672755152
offset 0 and length 2097152 for ino 139762672755472
offset 0 and length 2097152 for ino 139762672755792
offset 0 and length 2097152 for ino 139762659741776
offset 0 and length 2097152 for ino 139762659411536
offset 0 and length 2097152 for ino 139762659283344
offset 0 and length 2097152 for ino 139762672756112
offset 0 and length 2097152 for ino 139762672756432
offset 0 and length 2097152 for ino 139762672756752
offset 0 and length 2097152 for ino 139762672757072
offset 0 and length 2097152 for ino 139762672757392
offset 0 and length 2097152 for ino 139762673435280
offset 0 and length 2097152 for ino 139762659742096
offset 0 and length 2097152 for ino 139762658888208
offset 0 and length 2097152 for ino 139762659411856
offset 0 and length 2097152 for ino 139762659216208
offset 0 and length 2097152 for ino 139762674615248
offset 0 and length 2097152 for ino 139762672757712
offset 0 and length 2097152 for ino 139762672758032
offset 0 and length 2097152 for ino 139762672758352
offset 0 and length 2097152 for ino 139762672758672
offset 0 and length 2097152 for ino 139762672758992
offset 0 and length 2097152 for ino 139762672759312
offset 0 and length 2097152 for ino 139762672759632
offset 0 and length 2097152 for ino 139762672759952
offset 0 and length 2097152 for ino 139762672760272
offset 0 and length 2097152 for ino 139762659742416
offset 0 and length 2097152 for ino 139762659216528
offset 0 and length 2097152 for ino 139762672760592
offset 0 and length 2097152 for ino 139762672760912
offset 0 and length 2097152 for ino 139762673435600
offset 0 and length 2097152 for ino 139762659283664
offset 0 and length 2097152 for ino 139762659182800
offset 0 and length 2097152 for ino 139762672761232
offset 0 and length 2097152 for ino 139762672761552
offset 0 and length 2097152 for ino 139762672761872
offset 0 and length 2097152 for ino 139762672762192
offset 0 and length 2097152 for ino 139762672762512
offset 0 and length 2097152 for ino 139762510905360
offset 0 and length 2097152 for ino 139762674615568
offset 0 and length 2097152 for ino 139762674615888
offset 0 and length 2097152 for ino 139762659183120
offset 0 and length 2097152 for ino 139762659412176
offset 0 and length 2097152 for ino 139762659216848
offset 0 and length 2097152 for ino 139762510905680
offset 0 and length 2097152 for ino 139762510906000
offset 0 and length 2097152 for ino 139762510906320
offset 0 and length 2097152 for ino 139762659183440
offset 0 and length 2097152 for ino 139762658888528
offset 0 and length 2097152 for ino 139762658888848
offset 0 and length 2097152 for ino 139762659283984
offset 0 and length 2097152 for ino 139762658889168
offset 0 and length 2097152 for ino 139762659412496
offset 0 and length 2097152 for ino 139762674616208
offset 0 and length 2097152 for ino 139762659412816
