Harness starting.
 /home/sevag/CLionProjects/FuseFileSystemBoC/cmake-build-release/FuseFileSystemBoC --seed 4288165089

Pinning to Core:40
creating 512 mb file systemoffset 0 and length 251658240 for ino 139777028571152
offset 0 and length 251658240 for ino 139777028571472
offset 0 and length 251658240 for ino 139777028767760
offset 0 and length 251658240 for ino 139777028472848
offset 0 and length 251658240 for ino 139777028473168
offset 0 and length 251658240 for ino 139776883621904
offset 0 and length 251658240 for ino 139777044840464
offset 0 and length 251658240 for ino 139777044840784
offset 0 and length 251658240 for ino 139777044841104
offset 0 and length 251658240 for ino 139777044856848
offset 0 and length 251658240 for ino 139777028768080
offset 0 and length 251658240 for ino 139777044857168
offset 0 and length 251658240 for ino 139776883622224
offset 0 and length 251658240 for ino 139777044857488
offset 0 and length 251658240 for ino 139777028571792
offset 0 and length 251658240 for ino 139777044841424
offset 0 and length 251658240 for ino 139777034371088
offset 0 and length 251658240 for ino 139776883622544
offset 0 and length 251658240 for ino 139777028473488
offset 0 and length 251658240 for ino 139777028768400
offset 0 and length 251658240 for ino 139777032339472
offset 0 and length 251658240 for ino 139777032339792
offset 0 and length 251658240 for ino 139777032340112
offset 0 and length 251658240 for ino 139777032340432
offset 0 and length 251658240 for ino 139777028768720
offset 0 and length 251658240 for ino 139777028769040
offset 0 and length 251658240 for ino 139777044841744
offset 0 and length 251658240 for ino 139777044842064
offset 0 and length 251658240 for ino 139777034371408
offset 0 and length 251658240 for ino 139777028473808
offset 0 and length 251658240 for ino 139777044857808
offset 0 and length 251658240 for ino 139777032340752
offset 0 and length 251658240 for ino 139777044842384
offset 0 and length 251658240 for ino 139777032341072
offset 0 and length 251658240 for ino 139777032341392
offset 0 and length 251658240 for ino 139776883622864
offset 0 and length 251658240 for ino 139777028572112
offset 0 and length 251658240 for ino 139777028572432
offset 0 and length 251658240 for ino 139777028572752
offset 0 and length 251658240 for ino 139777034371728
offset 0 and length 251658240 for ino 139777044842704
offset 0 and length 251658240 for ino 139777038565392
offset 0 and length 251658240 for ino 139777028474128
offset 0 and length 251658240 for ino 139777028573072
offset 0 and length 251658240 for ino 139777028573392
offset 0 and length 251658240 for ino 139777028769360
offset 0 and length 251658240 for ino 139777028769680
offset 0 and length 251658240 for ino 139777028474448
offset 0 and length 251658240 for ino 139777028474768
offset 0 and length 251658240 for ino 139777028475088
offset 0 and length 251658240 for ino 139777038565712
offset 0 and length 251658240 for ino 139777038566032
offset 0 and length 251658240 for ino 139777028573712
offset 0 and length 251658240 for ino 139777028574032
offset 0 and length 251658240 for ino 139776883623184
offset 0 and length 251658240 for ino 139776883623504
offset 0 and length 251658240 for ino 139777044843024
offset 0 and length 251658240 for ino 139777032341712
offset 0 and length 251658240 for ino 139777032342032
offset 0 and length 251658240 for ino 139777032342352
offset 0 and length 251658240 for ino 139777044843344
offset 0 and length 251658240 for ino 139777028770000
offset 0 and length 251658240 for ino 139777028770320
offset 0 and length 251658240 for ino 139777034372048
offset 0 and length 251658240 for ino 139777028574352
offset 0 and length 251658240 for ino 139777034372368
offset 0 and length 251658240 for ino 139777028475408
offset 0 and length 251658240 for ino 139777028574672
offset 0 and length 251658240 for ino 139777032342672
offset 0 and length 251658240 for ino 139777044843664
offset 0 and length 251658240 for ino 139777038566352
offset 0 and length 251658240 for ino 139777028475728
offset 0 and length 251658240 for ino 139777028476048
offset 0 and length 251658240 for ino 139777028476368
offset 0 and length 251658240 for ino 139777034372688
offset 0 and length 251658240 for ino 139777034373008
offset 0 and length 251658240 for ino 139777044843984
offset 0 and length 251658240 for ino 139777028476688
offset 0 and length 251658240 for ino 139777034373328
offset 0 and length 251658240 for ino 139777028574992
offset 0 and length 251658240 for ino 139777044858128
offset 0 and length 251658240 for ino 139777044858448
offset 0 and length 251658240 for ino 139777044858768
offset 0 and length 251658240 for ino 139777028575312
offset 0 and length 251658240 for ino 139777034373648
offset 0 and length 251658240 for ino 139776883623824
offset 0 and length 251658240 for ino 139777038566672
offset 0 and length 251658240 for ino 139777044844304
offset 0 and length 251658240 for ino 139777028770640
offset 0 and length 251658240 for ino 139777032342992
offset 0 and length 251658240 for ino 139777032343312
offset 0 and length 251658240 for ino 139777028477008
offset 0 and length 251658240 for ino 139777028770960
offset 0 and length 251658240 for ino 139777028575632
offset 0 and length 251658240 for ino 139777038566992
offset 0 and length 251658240 for ino 139777028771280
offset 0 and length 251658240 for ino 139777042759696
offset 0 and length 251658240 for ino 139777042760016
offset 0 and length 251658240 for ino 139777042760336
offset 0 and length 251658240 for ino 139777042760656
offset 0 and length 251658240 for ino 139777042760976
offset 0 and length 251658240 for ino 139777044859088
offset 0 and length 251658240 for ino 139777044859408
offset 0 and length 251658240 for ino 139777038567312
offset 0 and length 251658240 for ino 139777038567632
offset 0 and length 251658240 for ino 139777028477328
offset 0 and length 251658240 for ino 139777028575952
offset 0 and length 251658240 for ino 139777028477648
offset 0 and length 251658240 for ino 139777028576272
offset 0 and length 251658240 for ino 139777042761296
offset 0 and length 251658240 for ino 139777044844624
offset 0 and length 251658240 for ino 139777032343632
offset 0 and length 251658240 for ino 139777032343952
offset 0 and length 251658240 for ino 139777032344272
offset 0 and length 251658240 for ino 139777032344592
offset 0 and length 251658240 for ino 139777032344912
offset 0 and length 251658240 for ino 139777032345232
offset 0 and length 251658240 for ino 139777032345552
offset 0 and length 251658240 for ino 139777032345872
offset 0 and length 251658240 for ino 139777034373968
offset 0 and length 251658240 for ino 139777028576592
offset 0 and length 251658240 for ino 139777042761616
offset 0 and length 251658240 for ino 139777028771600
offset 0 and length 251658240 for ino 139777044844944
offset 0 and length 251658240 for ino 139777028771920
offset 0 and length 251658240 for ino 139777028477968
offset 0 and length 251658240 for ino 139777028772240
offset 0 and length 251658240 for ino 139777034374288
