Harness starting.
 /home/sevag/CLionProjects/FuseFileSystemBoC/cmake-build-release/FuseFileSystemBoC --seed 3996678851

Pinning to Core:40
creating 512 mb file systemoffset 0 and length 8388608 for ino 139417673187344
offset 0 and length 8388608 for ino 139417673383952
offset 0 and length 8388608 for ino 139417673384272
offset 0 and length 8388608 for ino 139417673384592
offset 0 and length 8388608 for ino 139417673384912
offset 0 and length 8388608 for ino 139417673515024
offset 0 and length 8388608 for ino 139417673089040
offset 0 and length 8388608 for ino 139417673777168
offset 0 and length 8388608 for ino 139417673777488
offset 0 and length 8388608 for ino 139417673777808
offset 0 and length 8388608 for ino 139417673778128
offset 0 and length 8388608 for ino 139417673778448
offset 0 and length 8388608 for ino 139417673778768
offset 0 and length 8388608 for ino 139417673779088
offset 0 and length 8388608 for ino 139417673779408
offset 0 and length 8388608 for ino 139417673779728
offset 0 and length 8388608 for ino 139417673780048
offset 0 and length 8388608 for ino 139417673780368
offset 0 and length 8388608 for ino 139417687736336
offset 0 and length 8388608 for ino 139417687736656
offset 0 and length 8388608 for ino 139417687736976
offset 0 and length 8388608 for ino 139417687737296
offset 0 and length 8388608 for ino 139417673547792
offset 0 and length 8388608 for ino 139417673089360
offset 0 and length 8388608 for ino 139417673089680
offset 0 and length 8388608 for ino 139417673090000
offset 0 and length 8388608 for ino 139417673090320
offset 0 and length 8388608 for ino 139417673090640
offset 0 and length 8388608 for ino 139417673090960
offset 0 and length 8388608 for ino 139417673091280
offset 0 and length 8388608 for ino 139417673091600
offset 0 and length 8388608 for ino 139417673091920
offset 0 and length 8388608 for ino 139417673092240
offset 0 and length 8388608 for ino 139417673092560
offset 0 and length 8388608 for ino 139417673092880
offset 0 and length 8388608 for ino 139417683542032
offset 0 and length 8388608 for ino 139417687737616
offset 0 and length 8388608 for ino 139417673093200
offset 0 and length 8388608 for ino 139417673780688
offset 0 and length 8388608 for ino 139417673781008
offset 0 and length 8388608 for ino 139417673781328
offset 0 and length 8388608 for ino 139417673781648
offset 0 and length 8388608 for ino 139417673781968
offset 0 and length 8388608 for ino 139417673782288
offset 0 and length 8388608 for ino 139417673093520
offset 0 and length 8388608 for ino 139417673093840
offset 0 and length 8388608 for ino 139417673094160
offset 0 and length 8388608 for ino 139417673094480
offset 0 and length 8388608 for ino 139417673094800
offset 0 and length 8388608 for ino 139417673095120
offset 0 and length 8388608 for ino 139417673095440
offset 0 and length 8388608 for ino 139417673095760
offset 0 and length 8388608 for ino 139417673096080
offset 0 and length 8388608 for ino 139417673782608
offset 0 and length 8388608 for ino 139417673385232
offset 0 and length 8388608 for ino 139417673096400
offset 0 and length 8388608 for ino 139417673096720
offset 0 and length 8388608 for ino 139417673097040
offset 0 and length 8388608 for ino 139417673097360
offset 0 and length 8388608 for ino 139417673097680
offset 0 and length 8388608 for ino 139417673098000
offset 0 and length 8388608 for ino 139417673098320
offset 0 and length 8388608 for ino 139417683542352
offset 0 and length 8388608 for ino 139417683542672
offset 0 and length 8388608 for ino 139417683542992
offset 0 and length 8388608 for ino 139417683543312
offset 0 and length 8388608 for ino 139417673515344
offset 0 and length 8388608 for ino 139417673782928
offset 0 and length 8388608 for ino 139417673783248
offset 0 and length 8388608 for ino 139417673783568
offset 0 and length 8388608 for ino 139417673783888
offset 0 and length 8388608 for ino 139417673784208
offset 0 and length 8388608 for ino 139417673098640
offset 0 and length 8388608 for ino 139417673098960
offset 0 and length 8388608 for ino 139417673099280
offset 0 and length 8388608 for ino 139417673099600
offset 0 and length 8388608 for ino 139417673099920
offset 0 and length 8388608 for ino 139417673100240
offset 0 and length 8388608 for ino 139417673100560
offset 0 and length 8388608 for ino 139417673100880
offset 0 and length 8388608 for ino 139417673101200
offset 0 and length 8388608 for ino 139417673101520
offset 0 and length 8388608 for ino 139417673101840
offset 0 and length 8388608 for ino 139417673102160
offset 0 and length 8388608 for ino 139417673102480
offset 0 and length 8388608 for ino 139417673102800
offset 0 and length 8388608 for ino 139417673103120
offset 0 and length 8388608 for ino 139417673103440
offset 0 and length 8388608 for ino 139417673103760
offset 0 and length 8388608 for ino 139417673104080
offset 0 and length 8388608 for ino 139417673104400
offset 0 and length 8388608 for ino 139417507266576
offset 0 and length 8388608 for ino 139417507266896
offset 0 and length 8388608 for ino 139417507267216
offset 0 and length 8388608 for ino 139417507267536
offset 0 and length 8388608 for ino 139417673104720
offset 0 and length 8388608 for ino 139417673385552
offset 0 and length 8388608 for ino 139417687737936
offset 0 and length 8388608 for ino 139417687738256
offset 0 and length 8388608 for ino 139417687738576
offset 0 and length 8388608 for ino 139417673548112
offset 0 and length 8388608 for ino 139417673784528
offset 0 and length 8388608 for ino 139417673784848
offset 0 and length 8388608 for ino 139417673105040
offset 0 and length 8388608 for ino 139417503498256
offset 0 and length 8388608 for ino 139417503498576
offset 0 and length 8388608 for ino 139417673385872
offset 0 and length 8388608 for ino 139417673515664
offset 0 and length 8388608 for ino 139417673515984
offset 0 and length 8388608 for ino 139417673187664
offset 0 and length 8388608 for ino 139417673785168
offset 0 and length 8388608 for ino 139417673785488
offset 0 and length 8388608 for ino 139417673785808
offset 0 and length 8388608 for ino 139417673786128
offset 0 and length 8388608 for ino 139417673786448
offset 0 and length 8388608 for ino 139417673786768
offset 0 and length 8388608 for ino 139417673787088
offset 0 and length 8388608 for ino 139417673787408
offset 0 and length 8388608 for ino 139417673787728
offset 0 and length 8388608 for ino 139417673788048
offset 0 and length 8388608 for ino 139417507267856
offset 0 and length 8388608 for ino 139417507268176
offset 0 and length 8388608 for ino 139417507268496
offset 0 and length 8388608 for ino 139417507268816
offset 0 and length 8388608 for ino 139417507269136
offset 0 and length 8388608 for ino 139417507269456
offset 0 and length 8388608 for ino 139417507269776
offset 0 and length 8388608 for ino 139417507270096
