Harness starting.
 /home/sevag/CLionProjects/FuseFileSystemBoC/cmake-build-release/FuseFileSystemBoC --seed 2301883501

Pinning to Core:40
creating 512 mb file systemoffset 0 and length 83886080 for ino 139462600458256
offset 0 and length 83886080 for ino 139462600605712
offset 0 and length 83886080 for ino 139462600606032
offset 0 and length 83886080 for ino 139462600606352
offset 0 and length 83886080 for ino 139462600376336
offset 0 and length 83886080 for ino 139462601130000
offset 0 and length 83886080 for ino 139462602244112
offset 0 and length 83886080 for ino 139462604341264
offset 0 and length 83886080 for ino 139462600376656
offset 0 and length 83886080 for ino 139462515294224
offset 0 and length 83886080 for ino 139462600606672
offset 0 and length 83886080 for ino 139462614827024
offset 0 and length 83886080 for ino 139462600376976
offset 0 and length 83886080 for ino 139462600377296
offset 0 and length 83886080 for ino 139462600606992
offset 0 and length 83886080 for ino 139462600607312
offset 0 and length 83886080 for ino 139462600607632
offset 0 and length 83886080 for ino 139462606569488
offset 0 and length 83886080 for ino 139462600607952
offset 0 and length 83886080 for ino 139462608404496
offset 0 and length 83886080 for ino 139462600377616
offset 0 and length 83886080 for ino 139462608404816
offset 0 and length 83886080 for ino 139462600377936
offset 0 and length 83886080 for ino 139462515294544
offset 0 and length 83886080 for ino 139462600608272
offset 0 and length 83886080 for ino 139462601130320
offset 0 and length 83886080 for ino 139462604341584
offset 0 and length 83886080 for ino 139462600458576
offset 0 and length 83886080 for ino 139462600608592
offset 0 and length 83886080 for ino 139462601130640
offset 0 and length 83886080 for ino 139462614827344
offset 0 and length 83886080 for ino 139462601130960
offset 0 and length 83886080 for ino 139462606569808
offset 0 and length 83886080 for ino 139462600608912
offset 0 and length 83886080 for ino 139462600458896
offset 0 and length 83886080 for ino 139462614827664
offset 0 and length 83886080 for ino 139462606570128
offset 0 and length 83886080 for ino 139462614827984
offset 0 and length 83886080 for ino 139462600378256
offset 0 and length 83886080 for ino 139462606570448
offset 0 and length 83886080 for ino 139462608405136
offset 0 and length 83886080 for ino 139462515294864
offset 0 and length 83886080 for ino 139462600609232
offset 0 and length 83886080 for ino 139462600378576
offset 0 and length 83886080 for ino 139462606570768
offset 0 and length 83886080 for ino 139462606571088
offset 0 and length 83886080 for ino 139462600609552
offset 0 and length 83886080 for ino 139462600378896
offset 0 and length 83886080 for ino 139462600379216
offset 0 and length 83886080 for ino 139462601131280
offset 0 and length 83886080 for ino 139462606571408
offset 0 and length 83886080 for ino 139462614828304
offset 0 and length 83886080 for ino 139462604341904
offset 0 and length 83886080 for ino 139462602244432
offset 0 and length 83886080 for ino 139462600379536
offset 0 and length 83886080 for ino 139462604342224
offset 0 and length 83886080 for ino 139462602244752
offset 0 and length 83886080 for ino 139462602245072
offset 0 and length 83886080 for ino 139462600609872
offset 0 and length 83886080 for ino 139462600610192
offset 0 and length 83886080 for ino 139462515295184
offset 0 and length 83886080 for ino 139462604342544
offset 0 and length 83886080 for ino 139462606571728
offset 0 and length 83886080 for ino 139462614828624
offset 0 and length 83886080 for ino 139462600379856
offset 0 and length 83886080 for ino 139462602245392
offset 0 and length 83886080 for ino 139462600610512
offset 0 and length 83886080 for ino 139462600610832
offset 0 and length 83886080 for ino 139462600611152
offset 0 and length 83886080 for ino 139462600611472
offset 0 and length 83886080 for ino 139462601131600
offset 0 and length 83886080 for ino 139462600611792
offset 0 and length 83886080 for ino 139462614828944
offset 0 and length 83886080 for ino 139462515295504
offset 0 and length 83886080 for ino 139462606572048
offset 0 and length 83886080 for ino 139462606572368
offset 0 and length 83886080 for ino 139462606572688
offset 0 and length 83886080 for ino 139462608405456
offset 0 and length 83886080 for ino 139462608405776
offset 0 and length 83886080 for ino 139462601131920
offset 0 and length 83886080 for ino 139462600612112
offset 0 and length 83886080 for ino 139462600612432
offset 0 and length 83886080 for ino 139462600612752
offset 0 and length 83886080 for ino 139462600613072
offset 0 and length 83886080 for ino 139462600380176
offset 0 and length 83886080 for ino 139462600380496
offset 0 and length 83886080 for ino 139462606573008
offset 0 and length 83886080 for ino 139462614829264
offset 0 and length 83886080 for ino 139462608406096
offset 0 and length 83886080 for ino 139462614829584
offset 0 and length 83886080 for ino 139462604342864
offset 0 and length 83886080 for ino 139462604343184
offset 0 and length 83886080 for ino 139462600380816
offset 0 and length 83886080 for ino 139462600381136
offset 0 and length 83886080 for ino 139462515295824
offset 0 and length 83886080 for ino 139462515296144
offset 0 and length 83886080 for ino 139462515296464
offset 0 and length 83886080 for ino 139462608406416
offset 0 and length 83886080 for ino 139462608406736
offset 0 and length 83886080 for ino 139462608407056
offset 0 and length 83886080 for ino 139462608407376
offset 0 and length 83886080 for ino 139462600613392
offset 0 and length 83886080 for ino 139462600381456
offset 0 and length 83886080 for ino 139462600381776
offset 0 and length 83886080 for ino 139462608407696
offset 0 and length 83886080 for ino 139462600382096
offset 0 and length 83886080 for ino 139462606573328
offset 0 and length 83886080 for ino 139462606573648
offset 0 and length 83886080 for ino 139462606573968
offset 0 and length 83886080 for ino 139462614829904
offset 0 and length 83886080 for ino 139462600382416
offset 0 and length 83886080 for ino 139462600382736
offset 0 and length 83886080 for ino 139462600383056
offset 0 and length 83886080 for ino 139462608408016
offset 0 and length 83886080 for ino 139462608408336
offset 0 and length 83886080 for ino 139462606574288
offset 0 and length 83886080 for ino 139462606574608
offset 0 and length 83886080 for ino 139462600613712
offset 0 and length 83886080 for ino 139462600614032
offset 0 and length 83886080 for ino 139462600614352
offset 0 and length 83886080 for ino 139462600614672
offset 0 and length 83886080 for ino 139462600614992
offset 0 and length 83886080 for ino 139462600383376
offset 0 and length 83886080 for ino 139462608408656
offset 0 and length 83886080 for ino 139462614830224
offset 0 and length 83886080 for ino 139462600383696
offset 0 and length 83886080 for ino 139462606574928
offset 0 and length 83886080 for ino 139462606575248
