Harness starting.
 /home/sevag/CLionProjects/FuseFileSystemBoC/cmake-build-release/FuseFileSystemBoC --seed 3381056775

Pinning to Core:40
creating 512 mb file systemoffset 0 and length 503316480 for ino 139404777783312
offset 0 and length 503316480 for ino 139404777783632
offset 0 and length 503316480 for ino 139404630753296
offset 0 and length 503316480 for ino 139404630753616
offset 0 and length 503316480 for ino 139404630753936
offset 0 and length 503316480 for ino 139404630754256
offset 0 and length 503316480 for ino 139404777783952
offset 0 and length 503316480 for ino 139404777701392
offset 0 and length 503316480 for ino 139404630769680
offset 0 and length 503316480 for ino 139404630770000
offset 0 and length 503316480 for ino 139404592758800
offset 0 and length 503316480 for ino 139404779405328
offset 0 and length 503316480 for ino 139404781502480
offset 0 and length 503316480 for ino 139404777784272
offset 0 and length 503316480 for ino 139404777784592
offset 0 and length 503316480 for ino 139404341100560
offset 0 and length 503316480 for ino 139404592759120
offset 0 and length 503316480 for ino 139404341100880
offset 0 and length 503316480 for ino 139404341101200
offset 0 and length 503316480 for ino 139404324323344
offset 0 and length 503316480 for ino 139404341101520
offset 0 and length 503316480 for ino 139404341101840
offset 0 and length 503316480 for ino 139404341102160
offset 0 and length 503316480 for ino 139404341102480
offset 0 and length 503316480 for ino 139404341102800
offset 0 and length 503316480 for ino 139404341103120
offset 0 and length 503316480 for ino 139404341103440
offset 0 and length 503316480 for ino 139404341103760
offset 0 and length 503316480 for ino 139404341104080
offset 0 and length 503316480 for ino 139404341104400
offset 0 and length 503316480 for ino 139404781502800
offset 0 and length 503316480 for ino 139404781503120
offset 0 and length 503316480 for ino 139404341104720
offset 0 and length 503316480 for ino 139404777784912
offset 0 and length 503316480 for ino 139404781503440
offset 0 and length 503316480 for ino 139404777785232
offset 0 and length 503316480 for ino 139404779405648
offset 0 and length 503316480 for ino 139404779405968
offset 0 and length 503316480 for ino 139404324323664
offset 0 and length 503316480 for ino 139404341105040
offset 0 and length 503316480 for ino 139404341105360
offset 0 and length 503316480 for ino 139404781503760
offset 0 and length 503316480 for ino 139404592759440
offset 0 and length 503316480 for ino 139404341105680
offset 0 and length 503316480 for ino 139404341106000
offset 0 and length 503316480 for ino 139404332711952
offset 0 and length 503316480 for ino 139404630770320
offset 0 and length 503316480 for ino 139404332712272
offset 0 and length 503316480 for ino 139404777785552
offset 0 and length 503316480 for ino 139404779406288
offset 0 and length 503316480 for ino 139404777701712
offset 0 and length 503316480 for ino 139404777702032
offset 0 and length 503316480 for ino 139404630770640
offset 0 and length 503316480 for ino 139404630754576
offset 0 and length 503316480 for ino 139404777702352
offset 0 and length 503316480 for ino 139404777785872
offset 0 and length 503316480 for ino 139404777786192
offset 0 and length 503316480 for ino 139404777786512
offset 0 and length 503316480 for ino 139404777702672
offset 0 and length 503316480 for ino 139404777786832
offset 0 and length 503316480 for ino 139404777702992
offset 0 and length 503316480 for ino 139404777703312
offset 0 and length 503316480 for ino 139404779406608
offset 0 and length 503316480 for ino 139404777703632
