Harness starting.
 /home/sevag/CLionProjects/FuseFileSystemBoC/cmake-build-release/FuseFileSystemBoC --seed 3029389397

Pinning to Core:40
creating 512 mb file systemoffset 0 and length 8388608 for ino 139419929624592
offset 0 and length 8388608 for ino 139419929722896
offset 0 and length 8388608 for ino 139419929723216
offset 0 and length 8388608 for ino 139419929723536
offset 0 and length 8388608 for ino 139419929723856
offset 0 and length 8388608 for ino 139419929724176
offset 0 and length 8388608 for ino 139419929724496
offset 0 and length 8388608 for ino 139419929919504
offset 0 and length 8388608 for ino 139419930181648
offset 0 and length 8388608 for ino 139419929724816
offset 0 and length 8388608 for ino 139419929725136
offset 0 and length 8388608 for ino 139419929725456
offset 0 and length 8388608 for ino 139419929725776
offset 0 and length 8388608 for ino 139419929726096
offset 0 and length 8388608 for ino 139419929726416
offset 0 and length 8388608 for ino 139419929726736
offset 0 and length 8388608 for ino 139419929727056
offset 0 and length 8388608 for ino 139419929727376
offset 0 and length 8388608 for ino 139419929727696
offset 0 and length 8388608 for ino 139419929728016
offset 0 and length 8388608 for ino 139419929728336
offset 0 and length 8388608 for ino 139419929728656
offset 0 and length 8388608 for ino 139419929728976
offset 0 and length 8388608 for ino 139419929729296
offset 0 and length 8388608 for ino 139419929729616
offset 0 and length 8388608 for ino 139419929729936
offset 0 and length 8388608 for ino 139419929730256
offset 0 and length 8388608 for ino 139419929730576
offset 0 and length 8388608 for ino 139419929730896
offset 0 and length 8388608 for ino 139419929731216
offset 0 and length 8388608 for ino 139419929731536
offset 0 and length 8388608 for ino 139419929731856
offset 0 and length 8388608 for ino 139419929732176
offset 0 and length 8388608 for ino 139419929732496
offset 0 and length 8388608 for ino 139419929732816
offset 0 and length 8388608 for ino 139419929733136
offset 0 and length 8388608 for ino 139419929733456
offset 0 and length 8388608 for ino 139419929733776
offset 0 and length 8388608 for ino 139419929734096
offset 0 and length 8388608 for ino 139419929734416
offset 0 and length 8388608 for ino 139419929734736
offset 0 and length 8388608 for ino 139419929735056
offset 0 and length 8388608 for ino 139419929735376
offset 0 and length 8388608 for ino 139419929735696
offset 0 and length 8388608 for ino 139419929736016
offset 0 and length 8388608 for ino 139419929736336
offset 0 and length 8388608 for ino 139419929736656
offset 0 and length 8388608 for ino 139419929736976
offset 0 and length 8388608 for ino 139419929919824
offset 0 and length 8388608 for ino 139419929920144
offset 0 and length 8388608 for ino 139419929920464
offset 0 and length 8388608 for ino 139419929920784
offset 0 and length 8388608 for ino 139419929921104
offset 0 and length 8388608 for ino 139419929921424
offset 0 and length 8388608 for ino 139419929921744
offset 0 and length 8388608 for ino 139419929922064
offset 0 and length 8388608 for ino 139419929922384
offset 0 and length 8388608 for ino 139419929737296
offset 0 and length 8388608 for ino 139419930181968
offset 0 and length 8388608 for ino 139419930182288
offset 0 and length 8388608 for ino 139419930182608
offset 0 and length 8388608 for ino 139419930182928
offset 0 and length 8388608 for ino 139419930183248
offset 0 and length 8388608 for ino 139419930183568
offset 0 and length 8388608 for ino 139419930183888
offset 0 and length 8388608 for ino 139419930184208
offset 0 and length 8388608 for ino 139419930184528
offset 0 and length 8388608 for ino 139419930184848
offset 0 and length 8388608 for ino 139419930185168
offset 0 and length 8388608 for ino 139419930185488
offset 0 and length 8388608 for ino 139419929737616
offset 0 and length 8388608 for ino 139419929737936
offset 0 and length 8388608 for ino 139419929738256
offset 0 and length 8388608 for ino 139419929738576
offset 0 and length 8388608 for ino 139419929738896
offset 0 and length 8388608 for ino 139419936292880
offset 0 and length 8388608 for ino 139419929624912
offset 0 and length 8388608 for ino 139419929625232
offset 0 and length 8388608 for ino 139419929922704
offset 0 and length 8388608 for ino 139419929923024
offset 0 and length 8388608 for ino 139419929923344
offset 0 and length 8388608 for ino 139419929923664
offset 0 and length 8388608 for ino 139419934801936
offset 0 and length 8388608 for ino 139419931492368
offset 0 and length 8388608 for ino 139419936293200
offset 0 and length 8388608 for ino 139419936293520
offset 0 and length 8388608 for ino 139419936293840
offset 0 and length 8388608 for ino 139419936294160
offset 0 and length 8388608 for ino 139419936294480
offset 0 and length 8388608 for ino 139419936294800
offset 0 and length 8388608 for ino 139419936295120
offset 0 and length 8388608 for ino 139419936295440
offset 0 and length 8388608 for ino 139419936295760
offset 0 and length 8388608 for ino 139419936296080
offset 0 and length 8388608 for ino 139419936296400
offset 0 and length 8388608 for ino 139419945517072
offset 0 and length 8388608 for ino 139419945517392
offset 0 and length 8388608 for ino 139419945517712
offset 0 and length 8388608 for ino 139419945518032
offset 0 and length 8388608 for ino 139419929625552
offset 0 and length 8388608 for ino 139419929625872
offset 0 and length 8388608 for ino 139419929626192
offset 0 and length 8388608 for ino 139419935031312
offset 0 and length 8388608 for ino 139419936296720
offset 0 and length 8388608 for ino 139419936297040
offset 0 and length 8388608 for ino 139419936297360
offset 0 and length 8388608 for ino 139419936297680
offset 0 and length 8388608 for ino 139419936298000
offset 0 and length 8388608 for ino 139419936298320
offset 0 and length 8388608 for ino 139419936298640
offset 0 and length 8388608 for ino 139419936298960
offset 0 and length 8388608 for ino 139419936299280
offset 0 and length 8388608 for ino 139419936299600
offset 0 and length 8388608 for ino 139419936299920
offset 0 and length 8388608 for ino 139419936300240
offset 0 and length 8388608 for ino 139419936300560
offset 0 and length 8388608 for ino 139419936300880
offset 0 and length 8388608 for ino 139419936301200
offset 0 and length 8388608 for ino 139419936301520
offset 0 and length 8388608 for ino 139419936301840
offset 0 and length 8388608 for ino 139419936302160
offset 0 and length 8388608 for ino 139419936302480
offset 0 and length 8388608 for ino 139419936302800
offset 0 and length 8388608 for ino 139419936303120
offset 0 and length 8388608 for ino 139419936303440
offset 0 and length 8388608 for ino 139419936303760
offset 0 and length 8388608 for ino 139419936304080
offset 0 and length 8388608 for ino 139419936304400
