Harness starting.
 /home/sevag/CLionProjects/FuseFileSystemBoC/cmake-build-release/FuseFileSystemBoC --seed 1802870551

Pinning to Core:40
creating 512 mb file systemoffset 0 and length 31457280 for ino 139479671291920
offset 0 and length 31457280 for ino 139479671554064
offset 0 and length 31457280 for ino 139479671554384
offset 0 and length 31457280 for ino 139479671554704
offset 0 and length 31457280 for ino 139479671555024
offset 0 and length 31457280 for ino 139479671555344
offset 0 and length 31457280 for ino 139479671555664
offset 0 and length 31457280 for ino 139479671555984
offset 0 and length 31457280 for ino 139479671556304
offset 0 and length 31457280 for ino 139479671556624
offset 0 and length 31457280 for ino 139479671556944
offset 0 and length 31457280 for ino 139479671557264
offset 0 and length 31457280 for ino 139479671557584
offset 0 and length 31457280 for ino 139479671557904
offset 0 and length 31457280 for ino 139479671558224
offset 0 and length 31457280 for ino 139479671558544
offset 0 and length 31457280 for ino 139479671558864
offset 0 and length 31457280 for ino 139479671193616
offset 0 and length 31457280 for ino 139479671193936
offset 0 and length 31457280 for ino 139479671194256
offset 0 and length 31457280 for ino 139479671194576
offset 0 and length 31457280 for ino 139479671194896
offset 0 and length 31457280 for ino 139479671195216
offset 0 and length 31457280 for ino 139479671195536
offset 0 and length 31457280 for ino 139479671195856
offset 0 and length 31457280 for ino 139479671196176
offset 0 and length 31457280 for ino 139479671196496
offset 0 and length 31457280 for ino 139479671196816
offset 0 and length 31457280 for ino 139479671197136
offset 0 and length 31457280 for ino 139479671197456
offset 0 and length 31457280 for ino 139479671197776
offset 0 and length 31457280 for ino 139479671198096
offset 0 and length 31457280 for ino 139479671198416
offset 0 and length 31457280 for ino 139479671198736
offset 0 and length 31457280 for ino 139479671199056
offset 0 and length 31457280 for ino 139479671199376
offset 0 and length 31457280 for ino 139479671199696
offset 0 and length 31457280 for ino 139479671200016
offset 0 and length 31457280 for ino 139479671200336
offset 0 and length 31457280 for ino 139479671200656
offset 0 and length 31457280 for ino 139479671200976
offset 0 and length 31457280 for ino 139479671201296
offset 0 and length 31457280 for ino 139479671201616
offset 0 and length 31457280 for ino 139479671201936
offset 0 and length 31457280 for ino 139479671202256
offset 0 and length 31457280 for ino 139479671202576
offset 0 and length 31457280 for ino 139479671202896
offset 0 and length 31457280 for ino 139479671203216
offset 0 and length 31457280 for ino 139479671203536
offset 0 and length 31457280 for ino 139479671203856
offset 0 and length 31457280 for ino 139479671204176
offset 0 and length 31457280 for ino 139479671204496
offset 0 and length 31457280 for ino 139479671204816
offset 0 and length 31457280 for ino 139479671205136
offset 0 and length 31457280 for ino 139479671205456
offset 0 and length 31457280 for ino 139479671205776
offset 0 and length 31457280 for ino 139479671206096
offset 0 and length 31457280 for ino 139479671206416
offset 0 and length 31457280 for ino 139479671206736
offset 0 and length 31457280 for ino 139479671207056
offset 0 and length 31457280 for ino 139479671207376
offset 0 and length 31457280 for ino 139479671207696
offset 0 and length 31457280 for ino 139479671208016
offset 0 and length 31457280 for ino 139479671208336
offset 0 and length 31457280 for ino 139479671208656
offset 0 and length 31457280 for ino 139479671208976
offset 0 and length 31457280 for ino 139479671209296
offset 0 and length 31457280 for ino 139479671292240
offset 0 and length 31457280 for ino 139479671292560
offset 0 and length 31457280 for ino 139479671292880
offset 0 and length 31457280 for ino 139479671293200
offset 0 and length 31457280 for ino 139479671293520
offset 0 and length 31457280 for ino 139479671293840
offset 0 and length 31457280 for ino 139479671294160
offset 0 and length 31457280 for ino 139479671294480
offset 0 and length 31457280 for ino 139479671294800
offset 0 and length 31457280 for ino 139479671295120
offset 0 and length 31457280 for ino 139479671295440
offset 0 and length 31457280 for ino 139479671295760
offset 0 and length 31457280 for ino 139479671296080
offset 0 and length 31457280 for ino 139479671296400
offset 0 and length 31457280 for ino 139479671209616
offset 0 and length 31457280 for ino 139479486627856
offset 0 and length 31457280 for ino 139479486628176
offset 0 and length 31457280 for ino 139479486628496
offset 0 and length 31457280 for ino 139479486628816
offset 0 and length 31457280 for ino 139479486629136
offset 0 and length 31457280 for ino 139479486629456
offset 0 and length 31457280 for ino 139479486629776
offset 0 and length 31457280 for ino 139479486630096
offset 0 and length 31457280 for ino 139479486630416
offset 0 and length 31457280 for ino 139479486630736
offset 0 and length 31457280 for ino 139479486631056
offset 0 and length 31457280 for ino 139479486631376
offset 0 and length 31457280 for ino 139479486631696
offset 0 and length 31457280 for ino 139479486632016
offset 0 and length 31457280 for ino 139479486632336
offset 0 and length 31457280 for ino 139479486632656
offset 0 and length 31457280 for ino 139479486632976
offset 0 and length 31457280 for ino 139479486633296
offset 0 and length 31457280 for ino 139479486633616
offset 0 and length 31457280 for ino 139479486633936
offset 0 and length 31457280 for ino 139479486634256
offset 0 and length 31457280 for ino 139479486634576
offset 0 and length 31457280 for ino 139479486634896
offset 0 and length 31457280 for ino 139479486635216
offset 0 and length 31457280 for ino 139479486635536
offset 0 and length 31457280 for ino 139479486635856
offset 0 and length 31457280 for ino 139479486636176
offset 0 and length 31457280 for ino 139479486636496
offset 0 and length 31457280 for ino 139479486636816
offset 0 and length 31457280 for ino 139479486637136
offset 0 and length 31457280 for ino 139479486637456
offset 0 and length 31457280 for ino 139479486637776
offset 0 and length 31457280 for ino 139479486638096
offset 0 and length 31457280 for ino 139479486638416
offset 0 and length 31457280 for ino 139479486638736
offset 0 and length 31457280 for ino 139479486639056
offset 0 and length 31457280 for ino 139479486639376
offset 0 and length 31457280 for ino 139479486639696
offset 0 and length 31457280 for ino 139479486640016
offset 0 and length 31457280 for ino 139479486640336
offset 0 and length 31457280 for ino 139479486640656
offset 0 and length 31457280 for ino 139479486640976
offset 0 and length 31457280 for ino 139479486641296
offset 0 and length 31457280 for ino 139479486641616
offset 0 and length 31457280 for ino 139479486641936
offset 0 and length 31457280 for ino 139479486642256
offset 0 and length 31457280 for ino 139479486642576
offset 0 and length 31457280 for ino 139479486642896
offset 0 and length 31457280 for ino 139479486643216
offset 0 and length 31457280 for ino 139479486643536
offset 0 and length 31457280 for ino 139479486643856
offset 0 and length 31457280 for ino 139479515889680
offset 0 and length 31457280 for ino 139479515890000
offset 0 and length 31457280 for ino 139479515890320
offset 0 and length 31457280 for ino 139479515890640
offset 0 and length 31457280 for ino 139479515890960
offset 0 and length 31457280 for ino 139479515891280
offset 0 and length 31457280 for ino 139479515891600
offset 0 and length 31457280 for ino 139479515891920
offset 0 and length 31457280 for ino 139479515892240
offset 0 and length 31457280 for ino 139479515892560
offset 0 and length 31457280 for ino 139479515892880
offset 0 and length 31457280 for ino 139479515893200
offset 0 and length 31457280 for ino 139479515893520
offset 0 and length 31457280 for ino 139479515893840
offset 0 and length 31457280 for ino 139479515894160
offset 0 and length 31457280 for ino 139479515894480
offset 0 and length 31457280 for ino 139479515894800
offset 0 and length 31457280 for ino 139479515895120
offset 0 and length 31457280 for ino 139479515895440
offset 0 and length 31457280 for ino 139479515895760
offset 0 and length 31457280 for ino 139479515896080
offset 0 and length 31457280 for ino 139479515896400
offset 0 and length 31457280 for ino 139479515896720
offset 0 and length 31457280 for ino 139479515897040
offset 0 and length 31457280 for ino 139479515897360
offset 0 and length 31457280 for ino 139479515897680
offset 0 and length 31457280 for ino 139479515898000
offset 0 and length 31457280 for ino 139479515898320
offset 0 and length 31457280 for ino 139479515898640
offset 0 and length 31457280 for ino 139479515898960
offset 0 and length 31457280 for ino 139479515899280
offset 0 and length 31457280 for ino 139479515899600
offset 0 and length 31457280 for ino 139479515899920
offset 0 and length 31457280 for ino 139479515900240
offset 0 and length 31457280 for ino 139479515900560
offset 0 and length 31457280 for ino 139479515900880
offset 0 and length 31457280 for ino 139479515901200
offset 0 and length 31457280 for ino 139479515873296
offset 0 and length 31457280 for ino 139479515873616
offset 0 and length 31457280 for ino 139479515873936
offset 0 and length 31457280 for ino 139479515874256
offset 0 and length 31457280 for ino 139479515874576
offset 0 and length 31457280 for ino 139479515874896
offset 0 and length 31457280 for ino 139479515875216
offset 0 and length 31457280 for ino 139479515875536
offset 0 and length 31457280 for ino 139479515875856
offset 0 and length 31457280 for ino 139479515876176
offset 0 and length 31457280 for ino 139479515876496
offset 0 and length 31457280 for ino 139479515876816
offset 0 and length 31457280 for ino 139479515877136
offset 0 and length 31457280 for ino 139479515877456
offset 0 and length 31457280 for ino 139479515877776
offset 0 and length 31457280 for ino 139479515878096
offset 0 and length 31457280 for ino 139479515878416
offset 0 and length 31457280 for ino 139479515878736
offset 0 and length 31457280 for ino 139479515879056
offset 0 and length 31457280 for ino 139479515879376
offset 0 and length 31457280 for ino 139479515879696
offset 0 and length 31457280 for ino 139479515880016
offset 0 and length 31457280 for ino 139479515880336
offset 0 and length 31457280 for ino 139479515880656
offset 0 and length 31457280 for ino 139479515880976
offset 0 and length 31457280 for ino 139479515881296
offset 0 and length 31457280 for ino 139479515881616
offset 0 and length 31457280 for ino 139479515881936
offset 0 and length 31457280 for ino 139479515882256
offset 0 and length 31457280 for ino 139479515882576
offset 0 and length 31457280 for ino 139479515882896
offset 0 and length 31457280 for ino 139479515883216
offset 0 and length 31457280 for ino 139479515883536
offset 0 and length 31457280 for ino 139479515883856
offset 0 and length 31457280 for ino 139479515884176
offset 0 and length 31457280 for ino 139479515884496
offset 0 and length 31457280 for ino 139479515884816
offset 0 and length 31457280 for ino 139479515885136
offset 0 and length 31457280 for ino 139479515885456
offset 0 and length 31457280 for ino 139479515885776
offset 0 and length 31457280 for ino 139479515886096
offset 0 and length 31457280 for ino 139479515886416
offset 0 and length 31457280 for ino 139479515886736
offset 0 and length 31457280 for ino 139479515887056
offset 0 and length 31457280 for ino 139479515887376
offset 0 and length 31457280 for ino 139479515887696
offset 0 and length 31457280 for ino 139479515888016
offset 0 and length 31457280 for ino 139479515888336
offset 0 and length 31457280 for ino 139479515888656
offset 0 and length 31457280 for ino 139479515888976
offset 0 and length 31457280 for ino 139479515889296
offset 0 and length 31457280 for ino 139479211868176
offset 0 and length 31457280 for ino 139479211868496
offset 0 and length 31457280 for ino 139479672897552
offset 0 and length 31457280 for ino 139479672897872
offset 0 and length 31457280 for ino 139479672898192
offset 0 and length 31457280 for ino 139479672898512
offset 0 and length 31457280 for ino 139479672898832
offset 0 and length 31457280 for ino 139479234986000
offset 0 and length 31457280 for ino 139479671559184
offset 0 and length 31457280 for ino 139479671559504
offset 0 and length 31457280 for ino 139479671559824
offset 0 and length 31457280 for ino 139479671560144
offset 0 and length 31457280 for ino 139479671560464
offset 0 and length 31457280 for ino 139479671560784
offset 0 and length 31457280 for ino 139479671561104
offset 0 and length 31457280 for ino 139479671561424
offset 0 and length 31457280 for ino 139479671561744
offset 0 and length 31457280 for ino 139479671562064
offset 0 and length 31457280 for ino 139479671562384
offset 0 and length 31457280 for ino 139479671562704
offset 0 and length 31457280 for ino 139479671563024
offset 0 and length 31457280 for ino 139479671563344
offset 0 and length 31457280 for ino 139479671563664
offset 0 and length 31457280 for ino 139479671563984
offset 0 and length 31457280 for ino 139479671564304
offset 0 and length 31457280 for ino 139479671564624
offset 0 and length 31457280 for ino 139479671564944
offset 0 and length 31457280 for ino 139479671565264
offset 0 and length 31457280 for ino 139479671565584
offset 0 and length 31457280 for ino 139479671565904
offset 0 and length 31457280 for ino 139479671566224
offset 0 and length 31457280 for ino 139479671566544
offset 0 and length 31457280 for ino 139479671566864
offset 0 and length 31457280 for ino 139479671567184
offset 0 and length 31457280 for ino 139479671567504
offset 0 and length 31457280 for ino 139479671567824
offset 0 and length 31457280 for ino 139479671568144
offset 0 and length 31457280 for ino 139479671568464
offset 0 and length 31457280 for ino 139479671568784
offset 0 and length 31457280 for ino 139479671569104
offset 0 and length 31457280 for ino 139479671569424
offset 0 and length 31457280 for ino 139479671569744
offset 0 and length 31457280 for ino 139479671570064
offset 0 and length 31457280 for ino 139477355888656
offset 0 and length 31457280 for ino 139477355888976
offset 0 and length 31457280 for ino 139477355889296
offset 0 and length 31457280 for ino 139477355889616
offset 0 and length 31457280 for ino 139477355889936
offset 0 and length 31457280 for ino 139477355890256
offset 0 and length 31457280 for ino 139479234986320
offset 0 and length 31457280 for ino 139479234986640
offset 0 and length 31457280 for ino 139479234986960
offset 0 and length 31457280 for ino 139479234987280
offset 0 and length 31457280 for ino 139477355890576
offset 0 and length 31457280 for ino 139479234987600
offset 0 and length 31457280 for ino 139479234987920
offset 0 and length 31457280 for ino 139479234988240
offset 0 and length 31457280 for ino 139479234988560
offset 0 and length 31457280 for ino 139479234988880
offset 0 and length 31457280 for ino 139479234989200
offset 0 and length 31457280 for ino 139479234989520
offset 0 and length 31457280 for ino 139479234989840
offset 0 and length 31457280 for ino 139479234990160
offset 0 and length 31457280 for ino 139479234990480
offset 0 and length 31457280 for ino 139479234990800
offset 0 and length 31457280 for ino 139479234991120
offset 0 and length 31457280 for ino 139479234991440
offset 0 and length 31457280 for ino 139479234991760
offset 0 and length 31457280 for ino 139479234992080
offset 0 and length 31457280 for ino 139479234992400
offset 0 and length 31457280 for ino 139479234992720
offset 0 and length 31457280 for ino 139479234993040
offset 0 and length 31457280 for ino 139479234993360
offset 0 and length 31457280 for ino 139479234993680
offset 0 and length 31457280 for ino 139479234994000
offset 0 and length 31457280 for ino 139479234994320
offset 0 and length 31457280 for ino 139479234994640
offset 0 and length 31457280 for ino 139479234994960
offset 0 and length 31457280 for ino 139479234995280
offset 0 and length 31457280 for ino 139479234995600
offset 0 and length 31457280 for ino 139479234995920
offset 0 and length 31457280 for ino 139479234996240
offset 0 and length 31457280 for ino 139479234996560
offset 0 and length 31457280 for ino 139479234996880
offset 0 and length 31457280 for ino 139479234997200
offset 0 and length 31457280 for ino 139479234997520
offset 0 and length 31457280 for ino 139479234997840
offset 0 and length 31457280 for ino 139479234998160
offset 0 and length 31457280 for ino 139479234998480
offset 0 and length 31457280 for ino 139479234998800
offset 0 and length 31457280 for ino 139479234999120
offset 0 and length 31457280 for ino 139479234999440
offset 0 and length 31457280 for ino 139479234999760
offset 0 and length 31457280 for ino 139479235000080
offset 0 and length 31457280 for ino 139479235000400
offset 0 and length 31457280 for ino 139479235000720
offset 0 and length 31457280 for ino 139479235001040
offset 0 and length 31457280 for ino 139479235001360
offset 0 and length 31457280 for ino 139479235001680
offset 0 and length 31457280 for ino 139479235002000
offset 0 and length 31457280 for ino 139477349662736
offset 0 and length 31457280 for ino 139477349663056
offset 0 and length 31457280 for ino 139477349663376
offset 0 and length 31457280 for ino 139477349663696
offset 0 and length 31457280 for ino 139477349664016
offset 0 and length 31457280 for ino 139477349664336
offset 0 and length 31457280 for ino 139477349664656
offset 0 and length 31457280 for ino 139477349664976
offset 0 and length 31457280 for ino 139477349665296
offset 0 and length 31457280 for ino 139477349665616
offset 0 and length 31457280 for ino 139477349665936
offset 0 and length 31457280 for ino 139477349666256
offset 0 and length 31457280 for ino 139477349666576
offset 0 and length 31457280 for ino 139477349666896
offset 0 and length 31457280 for ino 139477349667216
offset 0 and length 31457280 for ino 139477349667536
offset 0 and length 31457280 for ino 139477349667856
offset 0 and length 31457280 for ino 139477349668176
offset 0 and length 31457280 for ino 139477349668496
offset 0 and length 31457280 for ino 139477349668816
offset 0 and length 31457280 for ino 139477349669136
offset 0 and length 31457280 for ino 139477349669456
offset 0 and length 31457280 for ino 139477349669776
offset 0 and length 31457280 for ino 139477349670096
offset 0 and length 31457280 for ino 139477349670416
offset 0 and length 31457280 for ino 139477349670736
offset 0 and length 31457280 for ino 139477349671056
offset 0 and length 31457280 for ino 139477349671376
offset 0 and length 31457280 for ino 139477349671696
offset 0 and length 31457280 for ino 139477349672016
offset 0 and length 31457280 for ino 139477349672336
offset 0 and length 31457280 for ino 139477349672656
offset 0 and length 31457280 for ino 139477349672976
offset 0 and length 31457280 for ino 139477349673296
offset 0 and length 31457280 for ino 139477349673616
offset 0 and length 31457280 for ino 139477349673936
offset 0 and length 31457280 for ino 139477349674256
offset 0 and length 31457280 for ino 139477349674576
offset 0 and length 31457280 for ino 139477349674896
offset 0 and length 31457280 for ino 139477349675216
offset 0 and length 31457280 for ino 139477349675536
offset 0 and length 31457280 for ino 139477349675856
offset 0 and length 31457280 for ino 139477349676176
offset 0 and length 31457280 for ino 139477349676496
offset 0 and length 31457280 for ino 139477349676816
offset 0 and length 31457280 for ino 139477349677136
offset 0 and length 31457280 for ino 139477349677456
offset 0 and length 31457280 for ino 139477349677776
offset 0 and length 31457280 for ino 139477349678096
offset 0 and length 31457280 for ino 139477349678416
offset 0 and length 31457280 for ino 139479673946128
offset 0 and length 31457280 for ino 139479673946448
offset 0 and length 31457280 for ino 139479673946768
offset 0 and length 31457280 for ino 139479673947088
offset 0 and length 31457280 for ino 139479673947408
offset 0 and length 31457280 for ino 139479673947728
offset 0 and length 31457280 for ino 139479673948048
offset 0 and length 31457280 for ino 139479673948368
offset 0 and length 31457280 for ino 139479673948688
offset 0 and length 31457280 for ino 139479673949008
offset 0 and length 31457280 for ino 139479673949328
offset 0 and length 31457280 for ino 139479211868816
offset 0 and length 31457280 for ino 139479211869136
offset 0 and length 31457280 for ino 139479211869456
offset 0 and length 31457280 for ino 139479211869776
offset 0 and length 31457280 for ino 139479211870096
offset 0 and length 31457280 for ino 139479211870416
offset 0 and length 31457280 for ino 139479211870736
offset 0 and length 31457280 for ino 139479211871056
offset 0 and length 31457280 for ino 139479211871376
offset 0 and length 31457280 for ino 139479211871696
offset 0 and length 31457280 for ino 139477349678736
offset 0 and length 31457280 for ino 139476143816720
offset 0 and length 31457280 for ino 139476143817040
offset 0 and length 31457280 for ino 139476143817360
offset 0 and length 31457280 for ino 139476143817680
offset 0 and length 31457280 for ino 139476143818000
offset 0 and length 31457280 for ino 139479678140432
offset 0 and length 31457280 for ino 139479678140752
offset 0 and length 31457280 for ino 139479678141072
offset 0 and length 31457280 for ino 139479678141392
offset 0 and length 31457280 for ino 139479678141712
offset 0 and length 31457280 for ino 139479678142032
offset 0 and length 31457280 for ino 139479678142352
offset 0 and length 31457280 for ino 139479678142672
offset 0 and length 31457280 for ino 139479678142992
offset 0 and length 31457280 for ino 139479678143312
offset 0 and length 31457280 for ino 139479678143632
offset 0 and length 31457280 for ino 139479678143952
offset 0 and length 31457280 for ino 139479678144272
offset 0 and length 31457280 for ino 139479678144592
offset 0 and length 31457280 for ino 139479678144912
offset 0 and length 31457280 for ino 139479678145232
offset 0 and length 31457280 for ino 139479678145552
offset 0 and length 31457280 for ino 139479678145872
offset 0 and length 31457280 for ino 139479678146192
offset 0 and length 31457280 for ino 139479678146512
offset 0 and length 31457280 for ino 139479678146832
offset 0 and length 31457280 for ino 139479678147152
offset 0 and length 31457280 for ino 139479678147472
offset 0 and length 31457280 for ino 139479678147792
offset 0 and length 31457280 for ino 139479678148112
offset 0 and length 31457280 for ino 139479678148432
offset 0 and length 31457280 for ino 139479678148752
offset 0 and length 31457280 for ino 139479678149072
offset 0 and length 31457280 for ino 139479678149392
offset 0 and length 31457280 for ino 139479678149712
offset 0 and length 31457280 for ino 139479678150032
offset 0 and length 31457280 for ino 139479678150352
offset 0 and length 31457280 for ino 139476143818320
offset 0 and length 31457280 for ino 139476143818640
offset 0 and length 31457280 for ino 139476143818960
offset 0 and length 31457280 for ino 139476143819280
offset 0 and length 31457280 for ino 139476143819600
offset 0 and length 31457280 for ino 139476143819920
offset 0 and length 31457280 for ino 139476143820240
offset 0 and length 31457280 for ino 139476143820560
offset 0 and length 31457280 for ino 139476143820880
offset 0 and length 31457280 for ino 139476143821200
offset 0 and length 31457280 for ino 139476143821520
offset 0 and length 31457280 for ino 139476143821840
offset 0 and length 31457280 for ino 139476143822160
offset 0 and length 31457280 for ino 139476143822480
offset 0 and length 31457280 for ino 139476143822800
offset 0 and length 31457280 for ino 139476143823120
offset 0 and length 31457280 for ino 139476143823440
offset 0 and length 31457280 for ino 139476143823760
offset 0 and length 31457280 for ino 139476143824080
offset 0 and length 31457280 for ino 139476143824400
offset 0 and length 31457280 for ino 139476143824720
offset 0 and length 31457280 for ino 139476143825040
offset 0 and length 31457280 for ino 139476143825360
offset 0 and length 31457280 for ino 139476143825680
offset 0 and length 31457280 for ino 139476143826000
offset 0 and length 31457280 for ino 139476143826320
offset 0 and length 31457280 for ino 139476143826640
offset 0 and length 31457280 for ino 139479222272016
offset 0 and length 31457280 for ino 139479222272336
offset 0 and length 31457280 for ino 139479222272656
offset 0 and length 31457280 for ino 139479222272976
offset 0 and length 31457280 for ino 139479222273296
offset 0 and length 31457280 for ino 139479222273616
offset 0 and length 31457280 for ino 139476143826960
offset 0 and length 31457280 for ino 139476143827280
offset 0 and length 31457280 for ino 139479672899152
offset 0 and length 31457280 for ino 139479222273936
offset 0 and length 31457280 for ino 139479222274256
offset 0 and length 31457280 for ino 139479222274576
offset 0 and length 31457280 for ino 139479222274896
offset 0 and length 31457280 for ino 139479222275216
offset 0 and length 31457280 for ino 139479222275536
offset 0 and length 31457280 for ino 139479222275856
offset 0 and length 31457280 for ino 139479222276176
offset 0 and length 31457280 for ino 139479222276496
offset 0 and length 31457280 for ino 139479222276816
offset 0 and length 31457280 for ino 139479222277136
offset 0 and length 31457280 for ino 139479222277456
offset 0 and length 31457280 for ino 139479222277776
offset 0 and length 31457280 for ino 139479222278096
offset 0 and length 31457280 for ino 139479222278416
offset 0 and length 31457280 for ino 139479222278736
offset 0 and length 31457280 for ino 139479222279056
offset 0 and length 31457280 for ino 139479222279376
offset 0 and length 31457280 for ino 139479222279696
offset 0 and length 31457280 for ino 139479222280016
offset 0 and length 31457280 for ino 139479222280336
offset 0 and length 31457280 for ino 139479222280656
offset 0 and length 31457280 for ino 139479222280976
offset 0 and length 31457280 for ino 139479222281296
offset 0 and length 31457280 for ino 139479222281616
offset 0 and length 31457280 for ino 139479222281936
offset 0 and length 31457280 for ino 139479222282256
offset 0 and length 31457280 for ino 139479222282576
offset 0 and length 31457280 for ino 139479222282896
offset 0 and length 31457280 for ino 139479222283216
offset 0 and length 31457280 for ino 139479222283536
offset 0 and length 31457280 for ino 139479222283856
offset 0 and length 31457280 for ino 139479222284176
offset 0 and length 31457280 for ino 139479222284496
offset 0 and length 31457280 for ino 139479222284816
offset 0 and length 31457280 for ino 139479222285136
offset 0 and length 31457280 for ino 139479222285456
offset 0 and length 31457280 for ino 139479222285776
offset 0 and length 31457280 for ino 139479222286096
offset 0 and length 31457280 for ino 139479222286416
offset 0 and length 31457280 for ino 139479222286736
offset 0 and length 31457280 for ino 139479222287056
offset 0 and length 31457280 for ino 139479222287376
offset 0 and length 31457280 for ino 139479222287696
offset 0 and length 31457280 for ino 139479222288016
offset 0 and length 31457280 for ino 139472278683664
offset 0 and length 31457280 for ino 139472278683984
offset 0 and length 31457280 for ino 139472278684304
offset 0 and length 31457280 for ino 139472278684624
offset 0 and length 31457280 for ino 139472278684944
offset 0 and length 31457280 for ino 139472278685264
offset 0 and length 31457280 for ino 139472278685584
offset 0 and length 31457280 for ino 139472278685904
offset 0 and length 31457280 for ino 139476143827600
offset 0 and length 31457280 for ino 139476143827920
offset 0 and length 31457280 for ino 139476143828240
offset 0 and length 31457280 for ino 139476143828560
offset 0 and length 31457280 for ino 139476143828880
offset 0 and length 31457280 for ino 139476143829200
offset 0 and length 31457280 for ino 139476143829520
offset 0 and length 31457280 for ino 139476143829840
offset 0 and length 31457280 for ino 139476143830160
offset 0 and length 31457280 for ino 139476143830480
offset 0 and length 31457280 for ino 139476143830800
offset 0 and length 31457280 for ino 139476143831120
offset 0 and length 31457280 for ino 139476143831440
offset 0 and length 31457280 for ino 139476143831760
offset 0 and length 31457280 for ino 139476143832080
offset 0 and length 31457280 for ino 139476143832400
offset 0 and length 31457280 for ino 139476143832720
offset 0 and length 31457280 for ino 139472255713296
offset 0 and length 31457280 for ino 139472255713616
offset 0 and length 31457280 for ino 139472255713936
offset 0 and length 31457280 for ino 139472255714256
offset 0 and length 31457280 for ino 139472255714576
offset 0 and length 31457280 for ino 139472255714896
offset 0 and length 31457280 for ino 139472255715216
offset 0 and length 31457280 for ino 139472255715536
offset 0 and length 31457280 for ino 139472255715856
offset 0 and length 31457280 for ino 139472255716176
offset 0 and length 31457280 for ino 139472255716496
offset 0 and length 31457280 for ino 139472255716816
offset 0 and length 31457280 for ino 139472255717136
offset 0 and length 31457280 for ino 139472255717456
offset 0 and length 31457280 for ino 139472255717776
offset 0 and length 31457280 for ino 139472255718096
offset 0 and length 31457280 for ino 139472255718416
offset 0 and length 31457280 for ino 139472255718736
offset 0 and length 31457280 for ino 139472255719056
offset 0 and length 31457280 for ino 139472255719376
offset 0 and length 31457280 for ino 139472255719696
offset 0 and length 31457280 for ino 139472255720016
offset 0 and length 31457280 for ino 139472255720336
offset 0 and length 31457280 for ino 139472255720656
offset 0 and length 31457280 for ino 139472255720976
offset 0 and length 31457280 for ino 139472255721296
offset 0 and length 31457280 for ino 139472255721616
offset 0 and length 31457280 for ino 139472255721936
offset 0 and length 31457280 for ino 139472255722256
offset 0 and length 31457280 for ino 139472255722576
offset 0 and length 31457280 for ino 139472255722896
offset 0 and length 31457280 for ino 139472255723216
offset 0 and length 31457280 for ino 139472255723536
offset 0 and length 31457280 for ino 139472255723856
offset 0 and length 31457280 for ino 139472255724176
offset 0 and length 31457280 for ino 139472255724496
offset 0 and length 31457280 for ino 139472255724816
offset 0 and length 31457280 for ino 139479678150672
offset 0 and length 31457280 for ino 139479678150992
offset 0 and length 31457280 for ino 139479678151312
offset 0 and length 31457280 for ino 139479678151632
offset 0 and length 31457280 for ino 139479678151952
offset 0 and length 31457280 for ino 139472255725136
offset 0 and length 31457280 for ino 139479678152272
offset 0 and length 31457280 for ino 139479678152592
offset 0 and length 31457280 for ino 139479678152912
offset 0 and length 31457280 for ino 139479678153232
offset 0 and length 31457280 for ino 139479678153552
offset 0 and length 31457280 for ino 139479678153872
offset 0 and length 31457280 for ino 139479678154192
offset 0 and length 31457280 for ino 139479678154512
offset 0 and length 31457280 for ino 139479678154832
offset 0 and length 31457280 for ino 139479678155152
offset 0 and length 31457280 for ino 139479678155472
offset 0 and length 31457280 for ino 139479678155792
offset 0 and length 31457280 for ino 139479678156112
offset 0 and length 31457280 for ino 139479678156432
offset 0 and length 31457280 for ino 139472217866256
offset 0 and length 31457280 for ino 139472217866576
offset 0 and length 31457280 for ino 139472217866896
offset 0 and length 31457280 for ino 139472217867216
offset 0 and length 31457280 for ino 139472217867536
offset 0 and length 31457280 for ino 139472217867856
offset 0 and length 31457280 for ino 139472217868176
offset 0 and length 31457280 for ino 139472217868496
offset 0 and length 31457280 for ino 139472217868816
offset 0 and length 31457280 for ino 139472217869136
offset 0 and length 31457280 for ino 139472217869456
offset 0 and length 31457280 for ino 139472217869776
offset 0 and length 31457280 for ino 139472217870096
offset 0 and length 31457280 for ino 139472217870416
offset 0 and length 31457280 for ino 139472217870736
offset 0 and length 31457280 for ino 139472217871056
offset 0 and length 31457280 for ino 139472217871376
offset 0 and length 31457280 for ino 139472217871696
offset 0 and length 31457280 for ino 139472217872016
offset 0 and length 31457280 for ino 139472217872336
offset 0 and length 31457280 for ino 139472217872656
offset 0 and length 31457280 for ino 139472217872976
offset 0 and length 31457280 for ino 139472217873296
offset 0 and length 31457280 for ino 139472217873616
offset 0 and length 31457280 for ino 139472217873936
offset 0 and length 31457280 for ino 139472217874256
offset 0 and length 31457280 for ino 139472217874576
offset 0 and length 31457280 for ino 139472217874896
offset 0 and length 31457280 for ino 139472217875216
offset 0 and length 31457280 for ino 139472217875536
offset 0 and length 31457280 for ino 139472217875856
offset 0 and length 31457280 for ino 139472217876176
offset 0 and length 31457280 for ino 139472217876496
offset 0 and length 31457280 for ino 139472217876816
offset 0 and length 31457280 for ino 139472217877136
offset 0 and length 31457280 for ino 139472217877456
offset 0 and length 31457280 for ino 139472217877776
offset 0 and length 31457280 for ino 139472217878096
offset 0 and length 31457280 for ino 139472217878416
offset 0 and length 31457280 for ino 139472217878736
offset 0 and length 31457280 for ino 139472217879056
offset 0 and length 31457280 for ino 139472217879376
offset 0 and length 31457280 for ino 139472217879696
offset 0 and length 31457280 for ino 139472217880016
offset 0 and length 31457280 for ino 139472217880336
offset 0 and length 31457280 for ino 139472217880656
offset 0 and length 31457280 for ino 139472217880976
offset 0 and length 31457280 for ino 139472217881296
offset 0 and length 31457280 for ino 139472217881616
offset 0 and length 31457280 for ino 139472217881936
offset 0 and length 31457280 for ino 139472217882256
offset 0 and length 31457280 for ino 139471202861072
offset 0 and length 31457280 for ino 139471202861392
offset 0 and length 31457280 for ino 139471202861712
offset 0 and length 31457280 for ino 139471202862032
offset 0 and length 31457280 for ino 139471202862352
offset 0 and length 31457280 for ino 139471202862672
offset 0 and length 31457280 for ino 139471202862992
offset 0 and length 31457280 for ino 139471202863312
offset 0 and length 31457280 for ino 139471202863632
offset 0 and length 31457280 for ino 139471202863952
offset 0 and length 31457280 for ino 139471202864272
offset 0 and length 31457280 for ino 139471202864592
offset 0 and length 31457280 for ino 139471202864912
offset 0 and length 31457280 for ino 139471202865232
offset 0 and length 31457280 for ino 139471202865552
offset 0 and length 31457280 for ino 139471202865872
offset 0 and length 31457280 for ino 139472255725456
offset 0 and length 31457280 for ino 139472255725776
offset 0 and length 31457280 for ino 139472255726096
offset 0 and length 31457280 for ino 139472255726416
offset 0 and length 31457280 for ino 139472255726736
offset 0 and length 31457280 for ino 139472255727056
offset 0 and length 31457280 for ino 139472255727376
offset 0 and length 31457280 for ino 139472255727696
offset 0 and length 31457280 for ino 139472255728016
offset 0 and length 31457280 for ino 139472255728336
offset 0 and length 31457280 for ino 139472255728656
offset 0 and length 31457280 for ino 139472255728976
offset 0 and length 31457280 for ino 139472255729296
offset 0 and length 31457280 for ino 139471181987856
offset 0 and length 31457280 for ino 139471181988176
offset 0 and length 31457280 for ino 139471181988496
offset 0 and length 31457280 for ino 139471181988816
offset 0 and length 31457280 for ino 139471202866192
offset 0 and length 31457280 for ino 139471202866512
offset 0 and length 31457280 for ino 139471202866832
offset 0 and length 31457280 for ino 139471202867152
offset 0 and length 31457280 for ino 139471202867472
offset 0 and length 31457280 for ino 139471202867792
offset 0 and length 31457280 for ino 139471202868112
offset 0 and length 31457280 for ino 139471202868432
offset 0 and length 31457280 for ino 139471202868752
offset 0 and length 31457280 for ino 139471202869072
offset 0 and length 31457280 for ino 139471202869392
offset 0 and length 31457280 for ino 139471202869712
offset 0 and length 31457280 for ino 139471202870032
offset 0 and length 31457280 for ino 139471202870352
offset 0 and length 31457280 for ino 139471202870672
offset 0 and length 31457280 for ino 139471202870992
offset 0 and length 31457280 for ino 139471202871312
offset 0 and length 31457280 for ino 139471202871632
offset 0 and length 31457280 for ino 139471202871952
offset 0 and length 31457280 for ino 139471202872272
offset 0 and length 31457280 for ino 139471202872592
offset 0 and length 31457280 for ino 139471181989136
offset 0 and length 31457280 for ino 139471181989456
offset 0 and length 31457280 for ino 139471181989776
offset 0 and length 31457280 for ino 139471181990096
offset 0 and length 31457280 for ino 139471181990416
offset 0 and length 31457280 for ino 139471181990736
offset 0 and length 31457280 for ino 139471181991056
offset 0 and length 31457280 for ino 139471181991376
offset 0 and length 31457280 for ino 139471181991696
offset 0 and length 31457280 for ino 139471181992016
offset 0 and length 31457280 for ino 139471181992336
offset 0 and length 31457280 for ino 139471181992656
offset 0 and length 31457280 for ino 139471181992976
offset 0 and length 31457280 for ino 139471181993296
offset 0 and length 31457280 for ino 139471181993616
offset 0 and length 31457280 for ino 139471181993936
offset 0 and length 31457280 for ino 139471181994256
offset 0 and length 31457280 for ino 139471181994576
offset 0 and length 31457280 for ino 139471181994896
offset 0 and length 31457280 for ino 139471181995216
offset 0 and length 31457280 for ino 139471181995536
offset 0 and length 31457280 for ino 139471181995856
offset 0 and length 31457280 for ino 139471181996176
offset 0 and length 31457280 for ino 139471181996496
offset 0 and length 31457280 for ino 139471181996816
offset 0 and length 31457280 for ino 139471181997136
offset 0 and length 31457280 for ino 139471181997456
offset 0 and length 31457280 for ino 139471181997776
offset 0 and length 31457280 for ino 139471181998096
offset 0 and length 31457280 for ino 139471181998416
offset 0 and length 31457280 for ino 139471181998736
offset 0 and length 31457280 for ino 139471181999056
offset 0 and length 31457280 for ino 139471181999376
offset 0 and length 31457280 for ino 139471181999696
offset 0 and length 31457280 for ino 139471182000016
offset 0 and length 31457280 for ino 139471182000336
offset 0 and length 31457280 for ino 139471182000656
offset 0 and length 31457280 for ino 139471182000976
offset 0 and length 31457280 for ino 139471182001296
offset 0 and length 31457280 for ino 139471182001616
offset 0 and length 31457280 for ino 139471182001936
offset 0 and length 31457280 for ino 139471182002256
offset 0 and length 31457280 for ino 139471182002576
offset 0 and length 31457280 for ino 139471182002896
offset 0 and length 31457280 for ino 139471182003216
offset 0 and length 31457280 for ino 139471182003536
offset 0 and length 31457280 for ino 139471182003856
offset 0 and length 31457280 for ino 139471150546960
offset 0 and length 31457280 for ino 139471150547280
offset 0 and length 31457280 for ino 139471150547600
offset 0 and length 31457280 for ino 139471150547920
offset 0 and length 31457280 for ino 139471150548240
offset 0 and length 31457280 for ino 139471150548560
offset 0 and length 31457280 for ino 139471150548880
offset 0 and length 31457280 for ino 139471150549200
offset 0 and length 31457280 for ino 139471150549520
offset 0 and length 31457280 for ino 139471150549840
offset 0 and length 31457280 for ino 139471150550160
offset 0 and length 31457280 for ino 139471150550480
offset 0 and length 31457280 for ino 139471150550800
offset 0 and length 31457280 for ino 139471150551120
offset 0 and length 31457280 for ino 139471150551440
offset 0 and length 31457280 for ino 139471150551760
offset 0 and length 31457280 for ino 139471150552080
offset 0 and length 31457280 for ino 139471150552400
offset 0 and length 31457280 for ino 139471150552720
offset 0 and length 31457280 for ino 139471150553040
offset 0 and length 31457280 for ino 139471150553360
offset 0 and length 31457280 for ino 139471150553680
offset 0 and length 31457280 for ino 139471150554000
offset 0 and length 31457280 for ino 139471150554320
offset 0 and length 31457280 for ino 139471150554640
offset 0 and length 31457280 for ino 139471150554960
offset 0 and length 31457280 for ino 139471150555280
offset 0 and length 31457280 for ino 139471150555600
offset 0 and length 31457280 for ino 139471150555920
offset 0 and length 31457280 for ino 139471150556240
offset 0 and length 31457280 for ino 139471150556560
offset 0 and length 31457280 for ino 139471150556880
offset 0 and length 31457280 for ino 139471150557200
offset 0 and length 31457280 for ino 139471150557520
offset 0 and length 31457280 for ino 139471150557840
offset 0 and length 31457280 for ino 139471150558160
offset 0 and length 31457280 for ino 139471150558480
offset 0 and length 31457280 for ino 139471150558800
offset 0 and length 31457280 for ino 139471150559120
offset 0 and length 31457280 for ino 139471150559440
offset 0 and length 31457280 for ino 139471150559760
offset 0 and length 31457280 for ino 139471150560080
offset 0 and length 31457280 for ino 139471150560400
offset 0 and length 31457280 for ino 139471150560720
offset 0 and length 31457280 for ino 139471150561040
offset 0 and length 31457280 for ino 139471150561360
offset 0 and length 31457280 for ino 139471150561680
offset 0 and length 31457280 for ino 139471150562000
offset 0 and length 31457280 for ino 139471150562320
offset 0 and length 31457280 for ino 139471150562640
offset 0 and length 31457280 for ino 139471150562960
offset 0 and length 31457280 for ino 139466645880848
offset 0 and length 31457280 for ino 139466645881168
offset 0 and length 31457280 for ino 139466645881488
offset 0 and length 31457280 for ino 139466645881808
offset 0 and length 31457280 for ino 139466645882128
offset 0 and length 31457280 for ino 139466645882448
offset 0 and length 31457280 for ino 139466645882768
offset 0 and length 31457280 for ino 139466645883088
offset 0 and length 31457280 for ino 139466645883408
offset 0 and length 31457280 for ino 139466645883728
offset 0 and length 31457280 for ino 139466645884048
offset 0 and length 31457280 for ino 139466645884368
offset 0 and length 31457280 for ino 139466645884688
offset 0 and length 31457280 for ino 139466645885008
offset 0 and length 31457280 for ino 139466645885328
offset 0 and length 31457280 for ino 139466645885648
offset 0 and length 31457280 for ino 139466645885968
offset 0 and length 31457280 for ino 139466645886288
offset 0 and length 31457280 for ino 139466645886608
offset 0 and length 31457280 for ino 139466645886928
offset 0 and length 31457280 for ino 139466645887248
offset 0 and length 31457280 for ino 139466645887568
offset 0 and length 31457280 for ino 139466645887888
offset 0 and length 31457280 for ino 139466645888208
offset 0 and length 31457280 for ino 139466645888528
offset 0 and length 31457280 for ino 139466645888848
offset 0 and length 31457280 for ino 139466645889168
offset 0 and length 31457280 for ino 139466645889488
offset 0 and length 31457280 for ino 139466645889808
offset 0 and length 31457280 for ino 139466645890128
offset 0 and length 31457280 for ino 139466645890448
offset 0 and length 31457280 for ino 139466645890768
offset 0 and length 31457280 for ino 139466645891088
offset 0 and length 31457280 for ino 139466645891408
offset 0 and length 31457280 for ino 139466645891728
offset 0 and length 31457280 for ino 139466645892048
offset 0 and length 31457280 for ino 139466645892368
offset 0 and length 31457280 for ino 139466645892688
offset 0 and length 31457280 for ino 139466645893008
offset 0 and length 31457280 for ino 139466645893328
offset 0 and length 31457280 for ino 139466645893648
offset 0 and length 31457280 for ino 139466645893968
offset 0 and length 31457280 for ino 139466645894288
offset 0 and length 31457280 for ino 139466645894608
offset 0 and length 31457280 for ino 139466645894928
offset 0 and length 31457280 for ino 139466645895248
offset 0 and length 31457280 for ino 139466645895568
offset 0 and length 31457280 for ino 139466645895888
offset 0 and length 31457280 for ino 139466645896208
offset 0 and length 31457280 for ino 139466645896528
offset 0 and length 31457280 for ino 139466645896848
offset 0 and length 31457280 for ino 139466603954192
offset 0 and length 31457280 for ino 139466603954512
offset 0 and length 31457280 for ino 139466603954832
offset 0 and length 31457280 for ino 139466603955152
offset 0 and length 31457280 for ino 139466603955472
offset 0 and length 31457280 for ino 139466603955792
offset 0 and length 31457280 for ino 139466603956112
offset 0 and length 31457280 for ino 139466603956432
offset 0 and length 31457280 for ino 139466603956752
offset 0 and length 31457280 for ino 139466603957072
offset 0 and length 31457280 for ino 139466603957392
offset 0 and length 31457280 for ino 139466603957712
offset 0 and length 31457280 for ino 139466603958032
offset 0 and length 31457280 for ino 139466603958352
offset 0 and length 31457280 for ino 139466603958672
offset 0 and length 31457280 for ino 139466603958992
offset 0 and length 31457280 for ino 139466603959312
offset 0 and length 31457280 for ino 139466603959632
offset 0 and length 31457280 for ino 139466603959952
offset 0 and length 31457280 for ino 139466603960272
offset 0 and length 31457280 for ino 139466603960592
offset 0 and length 31457280 for ino 139466603960912
offset 0 and length 31457280 for ino 139466603961232
offset 0 and length 31457280 for ino 139466603961552
offset 0 and length 31457280 for ino 139466603961872
offset 0 and length 31457280 for ino 139466603962192
offset 0 and length 31457280 for ino 139466603962512
offset 0 and length 31457280 for ino 139466603962832
offset 0 and length 31457280 for ino 139466603963152
offset 0 and length 31457280 for ino 139466603963472
offset 0 and length 31457280 for ino 139466603963792
offset 0 and length 31457280 for ino 139466603964112
offset 0 and length 31457280 for ino 139466603964432
offset 0 and length 31457280 for ino 139466603964752
offset 0 and length 31457280 for ino 139466603965072
offset 0 and length 31457280 for ino 139466603965392
offset 0 and length 31457280 for ino 139466603965712
offset 0 and length 31457280 for ino 139466603966032
offset 0 and length 31457280 for ino 139466603966352
offset 0 and length 31457280 for ino 139466603966672
offset 0 and length 31457280 for ino 139466603966992
offset 0 and length 31457280 for ino 139466603967312
offset 0 and length 31457280 for ino 139466603967632
offset 0 and length 31457280 for ino 139466603967952
offset 0 and length 31457280 for ino 139466603968272
offset 0 and length 31457280 for ino 139466603968592
offset 0 and length 31457280 for ino 139466603968912
offset 0 and length 31457280 for ino 139466603969232
offset 0 and length 31457280 for ino 139466603969552
offset 0 and length 31457280 for ino 139466603969872
offset 0 and length 31457280 for ino 139466603970192
offset 0 and length 31457280 for ino 139466595581968
offset 0 and length 31457280 for ino 139466595582288
offset 0 and length 31457280 for ino 139466595582608
offset 0 and length 31457280 for ino 139466595582928
offset 0 and length 31457280 for ino 139466595583248
offset 0 and length 31457280 for ino 139466595583568
offset 0 and length 31457280 for ino 139466595583888
offset 0 and length 31457280 for ino 139466595584208
offset 0 and length 31457280 for ino 139466595584528
offset 0 and length 31457280 for ino 139466595584848
offset 0 and length 31457280 for ino 139466595585168
offset 0 and length 31457280 for ino 139466595585488
offset 0 and length 31457280 for ino 139466595585808
offset 0 and length 31457280 for ino 139466595586128
offset 0 and length 31457280 for ino 139466595586448
offset 0 and length 31457280 for ino 139466595586768
offset 0 and length 31457280 for ino 139466595587088
offset 0 and length 31457280 for ino 139466595587408
offset 0 and length 31457280 for ino 139479211872016
offset 0 and length 31457280 for ino 139479211872336
offset 0 and length 31457280 for ino 139466595587728
offset 0 and length 31457280 for ino 139466595588048
offset 0 and length 31457280 for ino 139466595588368
offset 0 and length 31457280 for ino 139472278686224
offset 0 and length 31457280 for ino 139472278686544
offset 0 and length 31457280 for ino 139479673949648
offset 0 and length 31457280 for ino 139479671296720
offset 0 and length 31457280 for ino 139479671297040
offset 0 and length 31457280 for ino 139479671297360
offset 0 and length 31457280 for ino 139479671297680
offset 0 and length 31457280 for ino 139471202872912
offset 0 and length 31457280 for ino 139479211872656
offset 0 and length 31457280 for ino 139471202873232
offset 0 and length 31457280 for ino 139471202873552
offset 0 and length 31457280 for ino 139477355890896
offset 0 and length 31457280 for ino 139479671298000
offset 0 and length 31457280 for ino 139479671298320
offset 0 and length 31457280 for ino 139479671298640
offset 0 and length 31457280 for ino 139479671298960
offset 0 and length 31457280 for ino 139479671299280
offset 0 and length 31457280 for ino 139472278686864
offset 0 and length 31457280 for ino 139479673949968
offset 0 and length 31457280 for ino 139479515901520
offset 0 and length 31457280 for ino 139479515901840
offset 0 and length 31457280 for ino 139479515902160
offset 0 and length 31457280 for ino 139471202873872
offset 0 and length 31457280 for ino 139479673950288
offset 0 and length 31457280 for ino 139477369962512
offset 0 and length 31457280 for ino 139477369962832
offset 0 and length 31457280 for ino 139477369963152
offset 0 and length 31457280 for ino 139477369963472
offset 0 and length 31457280 for ino 139477369963792
offset 0 and length 31457280 for ino 139477369964112
offset 0 and length 31457280 for ino 139477369964432
offset 0 and length 31457280 for ino 139477369964752
offset 0 and length 31457280 for ino 139477369965072
offset 0 and length 31457280 for ino 139477369965392
offset 0 and length 31457280 for ino 139477369965712
offset 0 and length 31457280 for ino 139477369966032
offset 0 and length 31457280 for ino 139477369966352
offset 0 and length 31457280 for ino 139477369966672
offset 0 and length 31457280 for ino 139477369966992
offset 0 and length 31457280 for ino 139477369967312
offset 0 and length 31457280 for ino 139477369967632
offset 0 and length 31457280 for ino 139477369967952
offset 0 and length 31457280 for ino 139477369968272
offset 0 and length 31457280 for ino 139477369968592
offset 0 and length 31457280 for ino 139477369968912
offset 0 and length 31457280 for ino 139477369969232
offset 0 and length 31457280 for ino 139477369969552
offset 0 and length 31457280 for ino 139477369969872
offset 0 and length 31457280 for ino 139477369970192
offset 0 and length 31457280 for ino 139477369970512
offset 0 and length 31457280 for ino 139477369970832
offset 0 and length 31457280 for ino 139477369971152
offset 0 and length 31457280 for ino 139477369971472
offset 0 and length 31457280 for ino 139477369971792
offset 0 and length 31457280 for ino 139477369972112
offset 0 and length 31457280 for ino 139477369972432
offset 0 and length 31457280 for ino 139477369972752
offset 0 and length 31457280 for ino 139477369973072
offset 0 and length 31457280 for ino 139477369973392
offset 0 and length 31457280 for ino 139477369973712
offset 0 and length 31457280 for ino 139477369974032
offset 0 and length 31457280 for ino 139477369974352
offset 0 and length 31457280 for ino 139477369974672
offset 0 and length 31457280 for ino 139477369974992
offset 0 and length 31457280 for ino 139477369975312
offset 0 and length 31457280 for ino 139477369975632
offset 0 and length 31457280 for ino 139477369975952
offset 0 and length 31457280 for ino 139477369976272
offset 0 and length 31457280 for ino 139477369976592
offset 0 and length 31457280 for ino 139477369976912
offset 0 and length 31457280 for ino 139477369977232
offset 0 and length 31457280 for ino 139477369977552
offset 0 and length 31457280 for ino 139477369977872
offset 0 and length 31457280 for ino 139477369978192
offset 0 and length 31457280 for ino 139477369978512
offset 0 and length 31457280 for ino 139466312286224
offset 0 and length 31457280 for ino 139466312286544
offset 0 and length 31457280 for ino 139466312286864
offset 0 and length 31457280 for ino 139466312287184
offset 0 and length 31457280 for ino 139466312287504
offset 0 and length 31457280 for ino 139466312287824
offset 0 and length 31457280 for ino 139466312288144
offset 0 and length 31457280 for ino 139466312288464
offset 0 and length 31457280 for ino 139466312288784
offset 0 and length 31457280 for ino 139466312289104
offset 0 and length 31457280 for ino 139466312289424
offset 0 and length 31457280 for ino 139466312289744
offset 0 and length 31457280 for ino 139466312290064
offset 0 and length 31457280 for ino 139466312290384
offset 0 and length 31457280 for ino 139466312290704
offset 0 and length 31457280 for ino 139466312291024
offset 0 and length 31457280 for ino 139466312291344
offset 0 and length 31457280 for ino 139466312291664
offset 0 and length 31457280 for ino 139466312291984
offset 0 and length 31457280 for ino 139466312292304
offset 0 and length 31457280 for ino 139466312292624
offset 0 and length 31457280 for ino 139466595588688
offset 0 and length 31457280 for ino 139466595589008
offset 0 and length 31457280 for ino 139466595589328
offset 0 and length 31457280 for ino 139466595589648
offset 0 and length 31457280 for ino 139466595589968
offset 0 and length 31457280 for ino 139466595590288
offset 0 and length 31457280 for ino 139466595590608
