Harness starting.
 /home/sevag/CLionProjects/FuseFileSystemBoC/cmake-build-release/FuseFileSystemBoC --seed 206691875

Pinning to Core:40
creating 512 mb file systemoffset 0 and length 31457280 for ino 139788254625808
offset 0 and length 31457280 for ino 139788254626128
offset 0 and length 31457280 for ino 139788254626448
offset 0 and length 31457280 for ino 139788254626768
offset 0 and length 31457280 for ino 139788254627088
offset 0 and length 31457280 for ino 139788254627408
offset 0 and length 31457280 for ino 139788254627728
offset 0 and length 31457280 for ino 139788254628048
offset 0 and length 31457280 for ino 139788254628368
offset 0 and length 31457280 for ino 139788254628688
offset 0 and length 31457280 for ino 139788254629008
offset 0 and length 31457280 for ino 139788254629328
offset 0 and length 31457280 for ino 139788254629648
offset 0 and length 31457280 for ino 139788254629968
offset 0 and length 31457280 for ino 139788254630288
offset 0 and length 31457280 for ino 139788254630608
offset 0 and length 31457280 for ino 139788254630928
offset 0 and length 31457280 for ino 139788254631248
offset 0 and length 31457280 for ino 139788254631568
offset 0 and length 31457280 for ino 139788254631888
offset 0 and length 31457280 for ino 139788254632208
offset 0 and length 31457280 for ino 139788254632528
offset 0 and length 31457280 for ino 139788254632848
offset 0 and length 31457280 for ino 139788254633168
offset 0 and length 31457280 for ino 139788254633488
offset 0 and length 31457280 for ino 139788254633808
offset 0 and length 31457280 for ino 139788254634128
offset 0 and length 31457280 for ino 139788254634448
offset 0 and length 31457280 for ino 139788254634768
offset 0 and length 31457280 for ino 139788254635088
offset 0 and length 31457280 for ino 139788254635408
offset 0 and length 31457280 for ino 139788254635728
offset 0 and length 31457280 for ino 139788254636048
offset 0 and length 31457280 for ino 139788254636368
offset 0 and length 31457280 for ino 139788254636688
offset 0 and length 31457280 for ino 139788254637008
offset 0 and length 31457280 for ino 139788254637328
offset 0 and length 31457280 for ino 139788254637648
offset 0 and length 31457280 for ino 139788254637968
offset 0 and length 31457280 for ino 139788254638288
offset 0 and length 31457280 for ino 139788254638608
offset 0 and length 31457280 for ino 139788254638928
offset 0 and length 31457280 for ino 139788254639248
offset 0 and length 31457280 for ino 139788254639568
offset 0 and length 31457280 for ino 139788254639888
offset 0 and length 31457280 for ino 139788254640208
offset 0 and length 31457280 for ino 139788254640528
offset 0 and length 31457280 for ino 139788254640848
offset 0 and length 31457280 for ino 139788254641168
offset 0 and length 31457280 for ino 139788254641488
offset 0 and length 31457280 for ino 139788254641808
offset 0 and length 31457280 for ino 139788092997648
offset 0 and length 31457280 for ino 139788092997968
offset 0 and length 31457280 for ino 139788092998288
offset 0 and length 31457280 for ino 139788092998608
offset 0 and length 31457280 for ino 139788092998928
offset 0 and length 31457280 for ino 139788092999248
offset 0 and length 31457280 for ino 139788092999568
offset 0 and length 31457280 for ino 139788092999888
offset 0 and length 31457280 for ino 139788093000208
offset 0 and length 31457280 for ino 139788093000528
offset 0 and length 31457280 for ino 139788093000848
offset 0 and length 31457280 for ino 139788093001168
offset 0 and length 31457280 for ino 139788093001488
offset 0 and length 31457280 for ino 139788093001808
offset 0 and length 31457280 for ino 139788093002128
offset 0 and length 31457280 for ino 139788093002448
offset 0 and length 31457280 for ino 139788093002768
offset 0 and length 31457280 for ino 139788093003088
offset 0 and length 31457280 for ino 139788093003408
offset 0 and length 31457280 for ino 139788093003728
offset 0 and length 31457280 for ino 139788093004048
offset 0 and length 31457280 for ino 139788093004368
offset 0 and length 31457280 for ino 139788093004688
offset 0 and length 31457280 for ino 139788093005008
offset 0 and length 31457280 for ino 139788093005328
offset 0 and length 31457280 for ino 139788093005648
offset 0 and length 31457280 for ino 139788093005968
offset 0 and length 31457280 for ino 139788093006288
offset 0 and length 31457280 for ino 139788093006608
offset 0 and length 31457280 for ino 139788093006928
offset 0 and length 31457280 for ino 139788093007248
offset 0 and length 31457280 for ino 139788093007568
offset 0 and length 31457280 for ino 139788093007888
offset 0 and length 31457280 for ino 139788093008208
offset 0 and length 31457280 for ino 139788093008528
offset 0 and length 31457280 for ino 139788093008848
offset 0 and length 31457280 for ino 139788093009168
offset 0 and length 31457280 for ino 139788093009488
offset 0 and length 31457280 for ino 139788093009808
offset 0 and length 31457280 for ino 139788093010128
offset 0 and length 31457280 for ino 139788093010448
offset 0 and length 31457280 for ino 139788093010768
offset 0 and length 31457280 for ino 139788093011088
offset 0 and length 31457280 for ino 139788093011408
offset 0 and length 31457280 for ino 139788093011728
offset 0 and length 31457280 for ino 139788093012048
offset 0 and length 31457280 for ino 139788093012368
offset 0 and length 31457280 for ino 139788093012688
offset 0 and length 31457280 for ino 139788093013008
offset 0 and length 31457280 for ino 139788093013328
offset 0 and length 31457280 for ino 139788093013648
offset 0 and length 31457280 for ino 139788038488080
offset 0 and length 31457280 for ino 139788038488400
offset 0 and length 31457280 for ino 139788038488720
offset 0 and length 31457280 for ino 139788038489040
offset 0 and length 31457280 for ino 139788038489360
offset 0 and length 31457280 for ino 139788038489680
offset 0 and length 31457280 for ino 139788038490000
offset 0 and length 31457280 for ino 139788038490320
offset 0 and length 31457280 for ino 139788038490640
offset 0 and length 31457280 for ino 139788038490960
offset 0 and length 31457280 for ino 139788038491280
offset 0 and length 31457280 for ino 139788038491600
offset 0 and length 31457280 for ino 139788038491920
offset 0 and length 31457280 for ino 139788038492240
offset 0 and length 31457280 for ino 139788038492560
offset 0 and length 31457280 for ino 139788038492880
offset 0 and length 31457280 for ino 139788038493200
offset 0 and length 31457280 for ino 139788038493520
offset 0 and length 31457280 for ino 139788038493840
offset 0 and length 31457280 for ino 139788038494160
offset 0 and length 31457280 for ino 139788038494480
offset 0 and length 31457280 for ino 139788038494800
offset 0 and length 31457280 for ino 139788038495120
offset 0 and length 31457280 for ino 139788038495440
offset 0 and length 31457280 for ino 139788038495760
offset 0 and length 31457280 for ino 139788038496080
offset 0 and length 31457280 for ino 139788038496400
offset 0 and length 31457280 for ino 139788038496720
offset 0 and length 31457280 for ino 139788038497040
offset 0 and length 31457280 for ino 139788038497360
offset 0 and length 31457280 for ino 139788038497680
offset 0 and length 31457280 for ino 139788038498000
offset 0 and length 31457280 for ino 139788038498320
offset 0 and length 31457280 for ino 139788038498640
offset 0 and length 31457280 for ino 139788038498960
offset 0 and length 31457280 for ino 139788038499280
offset 0 and length 31457280 for ino 139788038499600
offset 0 and length 31457280 for ino 139788038499920
offset 0 and length 31457280 for ino 139788038500240
offset 0 and length 31457280 for ino 139788038500560
offset 0 and length 31457280 for ino 139788038500880
offset 0 and length 31457280 for ino 139788038501200
offset 0 and length 31457280 for ino 139788038501520
offset 0 and length 31457280 for ino 139788038501840
offset 0 and length 31457280 for ino 139788038502160
offset 0 and length 31457280 for ino 139788038502480
offset 0 and length 31457280 for ino 139788038502800
offset 0 and length 31457280 for ino 139788038503120
offset 0 and length 31457280 for ino 139788038503440
offset 0 and length 31457280 for ino 139788038503760
offset 0 and length 31457280 for ino 139788053102608
offset 0 and length 31457280 for ino 139788053102928
offset 0 and length 31457280 for ino 139788053103248
offset 0 and length 31457280 for ino 139788053103568
offset 0 and length 31457280 for ino 139788069847056
offset 0 and length 31457280 for ino 139788069847376
offset 0 and length 31457280 for ino 139788255117328
offset 0 and length 31457280 for ino 139788256165904
offset 0 and length 31457280 for ino 139788068470800
offset 0 and length 31457280 for ino 139788068471120
offset 0 and length 31457280 for ino 139788258263056
offset 0 and length 31457280 for ino 139788068471440
offset 0 and length 31457280 for ino 139787762286608
offset 0 and length 31457280 for ino 139788258263376
offset 0 and length 31457280 for ino 139788258263696
offset 0 and length 31457280 for ino 139788258264016
offset 0 and length 31457280 for ino 139788258264336
offset 0 and length 31457280 for ino 139788258264656
offset 0 and length 31457280 for ino 139788258264976
offset 0 and length 31457280 for ino 139788258265296
offset 0 and length 31457280 for ino 139788258265616
offset 0 and length 31457280 for ino 139788258265936
offset 0 and length 31457280 for ino 139788258266256
offset 0 and length 31457280 for ino 139788258266576
offset 0 and length 31457280 for ino 139788258266896
offset 0 and length 31457280 for ino 139788258267216
offset 0 and length 31457280 for ino 139788258267536
offset 0 and length 31457280 for ino 139788258267856
offset 0 and length 31457280 for ino 139788258268176
offset 0 and length 31457280 for ino 139788258268496
offset 0 and length 31457280 for ino 139788258268816
offset 0 and length 31457280 for ino 139788258269136
offset 0 and length 31457280 for ino 139788258269456
offset 0 and length 31457280 for ino 139788258269776
offset 0 and length 31457280 for ino 139788258270096
offset 0 and length 31457280 for ino 139788258270416
offset 0 and length 31457280 for ino 139788258270736
offset 0 and length 31457280 for ino 139788258271056
offset 0 and length 31457280 for ino 139788258271376
offset 0 and length 31457280 for ino 139788258271696
offset 0 and length 31457280 for ino 139788258272016
offset 0 and length 31457280 for ino 139788258272336
offset 0 and length 31457280 for ino 139788258272656
offset 0 and length 31457280 for ino 139788258272976
offset 0 and length 31457280 for ino 139788258273296
offset 0 and length 31457280 for ino 139788258273616
offset 0 and length 31457280 for ino 139788258273936
offset 0 and length 31457280 for ino 139788258274256
offset 0 and length 31457280 for ino 139788258274576
offset 0 and length 31457280 for ino 139788258274896
offset 0 and length 31457280 for ino 139788258275216
offset 0 and length 31457280 for ino 139788258275536
offset 0 and length 31457280 for ino 139788258275856
offset 0 and length 31457280 for ino 139788258276176
offset 0 and length 31457280 for ino 139788258276496
offset 0 and length 31457280 for ino 139788258276816
offset 0 and length 31457280 for ino 139788258277136
offset 0 and length 31457280 for ino 139788258277456
offset 0 and length 31457280 for ino 139788258277776
offset 0 and length 31457280 for ino 139788258278096
offset 0 and length 31457280 for ino 139788258278416
offset 0 and length 31457280 for ino 139788258278736
offset 0 and length 31457280 for ino 139788258279056
offset 0 and length 31457280 for ino 139787723898896
offset 0 and length 31457280 for ino 139787723899216
offset 0 and length 31457280 for ino 139787723899536
offset 0 and length 31457280 for ino 139787723899856
offset 0 and length 31457280 for ino 139787723900176
offset 0 and length 31457280 for ino 139787723900496
offset 0 and length 31457280 for ino 139787723900816
offset 0 and length 31457280 for ino 139787723901136
offset 0 and length 31457280 for ino 139787723901456
offset 0 and length 31457280 for ino 139787723901776
offset 0 and length 31457280 for ino 139787723902096
offset 0 and length 31457280 for ino 139787723902416
offset 0 and length 31457280 for ino 139787723902736
offset 0 and length 31457280 for ino 139787723903056
offset 0 and length 31457280 for ino 139787723903376
offset 0 and length 31457280 for ino 139787723903696
offset 0 and length 31457280 for ino 139787723904016
offset 0 and length 31457280 for ino 139787723904336
offset 0 and length 31457280 for ino 139787723904656
offset 0 and length 31457280 for ino 139787723904976
offset 0 and length 31457280 for ino 139787723905296
offset 0 and length 31457280 for ino 139787723905616
offset 0 and length 31457280 for ino 139787723905936
offset 0 and length 31457280 for ino 139787723906256
offset 0 and length 31457280 for ino 139787723906576
offset 0 and length 31457280 for ino 139787723906896
offset 0 and length 31457280 for ino 139787723907216
offset 0 and length 31457280 for ino 139787723907536
offset 0 and length 31457280 for ino 139787723907856
offset 0 and length 31457280 for ino 139787723908176
offset 0 and length 31457280 for ino 139787723908496
offset 0 and length 31457280 for ino 139787723908816
offset 0 and length 31457280 for ino 139787723909136
offset 0 and length 31457280 for ino 139787723909456
offset 0 and length 31457280 for ino 139787723909776
offset 0 and length 31457280 for ino 139787723910096
offset 0 and length 31457280 for ino 139787723910416
offset 0 and length 31457280 for ino 139787723910736
offset 0 and length 31457280 for ino 139787723911056
offset 0 and length 31457280 for ino 139787723911376
offset 0 and length 31457280 for ino 139787723911696
offset 0 and length 31457280 for ino 139787723912016
offset 0 and length 31457280 for ino 139787723912336
offset 0 and length 31457280 for ino 139787723912656
offset 0 and length 31457280 for ino 139787723912976
offset 0 and length 31457280 for ino 139787723913296
offset 0 and length 31457280 for ino 139787723913616
offset 0 and length 31457280 for ino 139787723913936
offset 0 and length 31457280 for ino 139787723914256
offset 0 and length 31457280 for ino 139787723914576
offset 0 and length 31457280 for ino 139787723914896
offset 0 and length 31457280 for ino 139779427581968
offset 0 and length 31457280 for ino 139779427582288
offset 0 and length 31457280 for ino 139779427582608
offset 0 and length 31457280 for ino 139779427582928
offset 0 and length 31457280 for ino 139779427583248
offset 0 and length 31457280 for ino 139779427583568
offset 0 and length 31457280 for ino 139779427583888
offset 0 and length 31457280 for ino 139779427584208
offset 0 and length 31457280 for ino 139779427584528
offset 0 and length 31457280 for ino 139779427584848
offset 0 and length 31457280 for ino 139779427585168
offset 0 and length 31457280 for ino 139779427585488
offset 0 and length 31457280 for ino 139779427585808
offset 0 and length 31457280 for ino 139779427586128
offset 0 and length 31457280 for ino 139779427586448
offset 0 and length 31457280 for ino 139779427586768
offset 0 and length 31457280 for ino 139779427587088
offset 0 and length 31457280 for ino 139779427587408
offset 0 and length 31457280 for ino 139779427587728
offset 0 and length 31457280 for ino 139779427588048
offset 0 and length 31457280 for ino 139779427588368
offset 0 and length 31457280 for ino 139779427588688
offset 0 and length 31457280 for ino 139779427589008
offset 0 and length 31457280 for ino 139779427589328
offset 0 and length 31457280 for ino 139779427589648
offset 0 and length 31457280 for ino 139779427589968
offset 0 and length 31457280 for ino 139779427590288
offset 0 and length 31457280 for ino 139779427590608
offset 0 and length 31457280 for ino 139779427590928
offset 0 and length 31457280 for ino 139779427591248
offset 0 and length 31457280 for ino 139779427591568
offset 0 and length 31457280 for ino 139779427591888
offset 0 and length 31457280 for ino 139779427592208
offset 0 and length 31457280 for ino 139779427592528
offset 0 and length 31457280 for ino 139779427592848
offset 0 and length 31457280 for ino 139779427593168
offset 0 and length 31457280 for ino 139779427593488
offset 0 and length 31457280 for ino 139779427593808
offset 0 and length 31457280 for ino 139779427594128
offset 0 and length 31457280 for ino 139779427594448
offset 0 and length 31457280 for ino 139779427594768
offset 0 and length 31457280 for ino 139779427595088
offset 0 and length 31457280 for ino 139779427595408
offset 0 and length 31457280 for ino 139779427595728
offset 0 and length 31457280 for ino 139779427596048
offset 0 and length 31457280 for ino 139779427596368
offset 0 and length 31457280 for ino 139779427596688
offset 0 and length 31457280 for ino 139779427597008
offset 0 and length 31457280 for ino 139779427597328
offset 0 and length 31457280 for ino 139779427597648
offset 0 and length 31457280 for ino 139779427597968
offset 0 and length 31457280 for ino 139779419209744
offset 0 and length 31457280 for ino 139779419210064
offset 0 and length 31457280 for ino 139779419210384
offset 0 and length 31457280 for ino 139779419210704
offset 0 and length 31457280 for ino 139779419211024
offset 0 and length 31457280 for ino 139779419211344
offset 0 and length 31457280 for ino 139779419211664
offset 0 and length 31457280 for ino 139779419211984
offset 0 and length 31457280 for ino 139788255117648
offset 0 and length 31457280 for ino 139788255117968
offset 0 and length 31457280 for ino 139788255118288
offset 0 and length 31457280 for ino 139788255118608
offset 0 and length 31457280 for ino 139788255118928
offset 0 and length 31457280 for ino 139788255119248
offset 0 and length 31457280 for ino 139788255119568
offset 0 and length 31457280 for ino 139788255119888
offset 0 and length 31457280 for ino 139788255120208
offset 0 and length 31457280 for ino 139788255120528
offset 0 and length 31457280 for ino 139788255120848
offset 0 and length 31457280 for ino 139788255121168
offset 0 and length 31457280 for ino 139788255121488
offset 0 and length 31457280 for ino 139788255121808
offset 0 and length 31457280 for ino 139788255122128
offset 0 and length 31457280 for ino 139788255122448
offset 0 and length 31457280 for ino 139788255122768
offset 0 and length 31457280 for ino 139788255123088
offset 0 and length 31457280 for ino 139788255123408
offset 0 and length 31457280 for ino 139788255123728
offset 0 and length 31457280 for ino 139788255124048
offset 0 and length 31457280 for ino 139788255124368
offset 0 and length 31457280 for ino 139788255124688
offset 0 and length 31457280 for ino 139788255125008
offset 0 and length 31457280 for ino 139788255125328
offset 0 and length 31457280 for ino 139788255125648
offset 0 and length 31457280 for ino 139788255125968
offset 0 and length 31457280 for ino 139788255126288
offset 0 and length 31457280 for ino 139788255126608
offset 0 and length 31457280 for ino 139788255126928
offset 0 and length 31457280 for ino 139788255127248
offset 0 and length 31457280 for ino 139788255127568
offset 0 and length 31457280 for ino 139788255127888
offset 0 and length 31457280 for ino 139788255128208
offset 0 and length 31457280 for ino 139788255128528
offset 0 and length 31457280 for ino 139788255128848
offset 0 and length 31457280 for ino 139788255129168
offset 0 and length 31457280 for ino 139788255129488
offset 0 and length 31457280 for ino 139788255129808
offset 0 and length 31457280 for ino 139788255130128
offset 0 and length 31457280 for ino 139788255130448
offset 0 and length 31457280 for ino 139788255130768
offset 0 and length 31457280 for ino 139788255131088
offset 0 and length 31457280 for ino 139788255131408
offset 0 and length 31457280 for ino 139788255131728
offset 0 and length 31457280 for ino 139788255132048
offset 0 and length 31457280 for ino 139788255132368
offset 0 and length 31457280 for ino 139788255132688
offset 0 and length 31457280 for ino 139788255133008
offset 0 and length 31457280 for ino 139788255133328
offset 0 and length 31457280 for ino 139779379838992
offset 0 and length 31457280 for ino 139779379839312
offset 0 and length 31457280 for ino 139779379839632
offset 0 and length 31457280 for ino 139779379839952
offset 0 and length 31457280 for ino 139779379840272
offset 0 and length 31457280 for ino 139779379840592
offset 0 and length 31457280 for ino 139779379840912
offset 0 and length 31457280 for ino 139779379841232
offset 0 and length 31457280 for ino 139779379841552
offset 0 and length 31457280 for ino 139779379841872
offset 0 and length 31457280 for ino 139779379842192
offset 0 and length 31457280 for ino 139779379842512
offset 0 and length 31457280 for ino 139779379842832
offset 0 and length 31457280 for ino 139779379843152
offset 0 and length 31457280 for ino 139779379843472
offset 0 and length 31457280 for ino 139779379843792
offset 0 and length 31457280 for ino 139779379844112
offset 0 and length 31457280 for ino 139779379844432
offset 0 and length 31457280 for ino 139779379844752
offset 0 and length 31457280 for ino 139779379845072
offset 0 and length 31457280 for ino 139779379845392
offset 0 and length 31457280 for ino 139779379845712
offset 0 and length 31457280 for ino 139779379846032
offset 0 and length 31457280 for ino 139779379846352
offset 0 and length 31457280 for ino 139779379846672
offset 0 and length 31457280 for ino 139779379846992
offset 0 and length 31457280 for ino 139779379847312
offset 0 and length 31457280 for ino 139779379847632
offset 0 and length 31457280 for ino 139779419212304
offset 0 and length 31457280 for ino 139779419212624
offset 0 and length 31457280 for ino 139779419212944
offset 0 and length 31457280 for ino 139779419213264
offset 0 and length 31457280 for ino 139779419213584
offset 0 and length 31457280 for ino 139779419213904
offset 0 and length 31457280 for ino 139779419214224
offset 0 and length 31457280 for ino 139779419214544
offset 0 and length 31457280 for ino 139779419214864
offset 0 and length 31457280 for ino 139779419215184
offset 0 and length 31457280 for ino 139779419215504
offset 0 and length 31457280 for ino 139787762286928
offset 0 and length 31457280 for ino 139787762287248
offset 0 and length 31457280 for ino 139787762287568
offset 0 and length 31457280 for ino 139787762287888
offset 0 and length 31457280 for ino 139787762288208
offset 0 and length 31457280 for ino 139787762288528
offset 0 and length 31457280 for ino 139787762288848
offset 0 and length 31457280 for ino 139787762289168
offset 0 and length 31457280 for ino 139787762289488
offset 0 and length 31457280 for ino 139787762289808
offset 0 and length 31457280 for ino 139787762290128
offset 0 and length 31457280 for ino 139787762290448
offset 0 and length 31457280 for ino 139787762290768
offset 0 and length 31457280 for ino 139787762291088
offset 0 and length 31457280 for ino 139787762291408
offset 0 and length 31457280 for ino 139787762291728
offset 0 and length 31457280 for ino 139787762292048
offset 0 and length 31457280 for ino 139787762292368
offset 0 and length 31457280 for ino 139787762292688
offset 0 and length 31457280 for ino 139787762293008
offset 0 and length 31457280 for ino 139787762293328
offset 0 and length 31457280 for ino 139787762293648
offset 0 and length 31457280 for ino 139787762293968
offset 0 and length 31457280 for ino 139787762294288
offset 0 and length 31457280 for ino 139787762294608
offset 0 and length 31457280 for ino 139787762294928
offset 0 and length 31457280 for ino 139787762295248
offset 0 and length 31457280 for ino 139787762295568
offset 0 and length 31457280 for ino 139787762295888
offset 0 and length 31457280 for ino 139787762296208
offset 0 and length 31457280 for ino 139787762296528
offset 0 and length 31457280 for ino 139787762296848
offset 0 and length 31457280 for ino 139787762297168
offset 0 and length 31457280 for ino 139787762297488
offset 0 and length 31457280 for ino 139787762297808
offset 0 and length 31457280 for ino 139787762298128
offset 0 and length 31457280 for ino 139787762298448
offset 0 and length 31457280 for ino 139787762298768
offset 0 and length 31457280 for ino 139787762299088
offset 0 and length 31457280 for ino 139787762299408
offset 0 and length 31457280 for ino 139787762299728
offset 0 and length 31457280 for ino 139787762300048
offset 0 and length 31457280 for ino 139787762300368
offset 0 and length 31457280 for ino 139787762300688
offset 0 and length 31457280 for ino 139787762301008
offset 0 and length 31457280 for ino 139787762301328
offset 0 and length 31457280 for ino 139787762301648
offset 0 and length 31457280 for ino 139787762301968
offset 0 and length 31457280 for ino 139787762302288
offset 0 and length 31457280 for ino 139787762302608
offset 0 and length 31457280 for ino 139778184462352
offset 0 and length 31457280 for ino 139778184462672
offset 0 and length 31457280 for ino 139778184462992
offset 0 and length 31457280 for ino 139778184463312
offset 0 and length 31457280 for ino 139778184463632
offset 0 and length 31457280 for ino 139778184463952
offset 0 and length 31457280 for ino 139778184464272
offset 0 and length 31457280 for ino 139778184464592
offset 0 and length 31457280 for ino 139778184464912
offset 0 and length 31457280 for ino 139778184465232
offset 0 and length 31457280 for ino 139778184465552
offset 0 and length 31457280 for ino 139778184465872
offset 0 and length 31457280 for ino 139778184466192
offset 0 and length 31457280 for ino 139778184466512
offset 0 and length 31457280 for ino 139778184466832
offset 0 and length 31457280 for ino 139778184467152
offset 0 and length 31457280 for ino 139778184467472
offset 0 and length 31457280 for ino 139778184467792
offset 0 and length 31457280 for ino 139778184468112
offset 0 and length 31457280 for ino 139778184468432
offset 0 and length 31457280 for ino 139778184468752
offset 0 and length 31457280 for ino 139778184469072
offset 0 and length 31457280 for ino 139778184469392
offset 0 and length 31457280 for ino 139778184469712
offset 0 and length 31457280 for ino 139778184470032
offset 0 and length 31457280 for ino 139778184470352
offset 0 and length 31457280 for ino 139778184470672
offset 0 and length 31457280 for ino 139778184470992
offset 0 and length 31457280 for ino 139778184471312
offset 0 and length 31457280 for ino 139778184471632
offset 0 and length 31457280 for ino 139778184471952
offset 0 and length 31457280 for ino 139778184472272
offset 0 and length 31457280 for ino 139778184472592
offset 0 and length 31457280 for ino 139778184472912
offset 0 and length 31457280 for ino 139778184473232
offset 0 and length 31457280 for ino 139778184473552
offset 0 and length 31457280 for ino 139778184473872
offset 0 and length 31457280 for ino 139778184474192
offset 0 and length 31457280 for ino 139778184474512
offset 0 and length 31457280 for ino 139778184474832
offset 0 and length 31457280 for ino 139778184475152
offset 0 and length 31457280 for ino 139778184475472
offset 0 and length 31457280 for ino 139778184475792
offset 0 and length 31457280 for ino 139778184476112
offset 0 and length 31457280 for ino 139778184476432
offset 0 and length 31457280 for ino 139778184476752
offset 0 and length 31457280 for ino 139778184477072
offset 0 and length 31457280 for ino 139778184477392
offset 0 and length 31457280 for ino 139778184477712
offset 0 and length 31457280 for ino 139778184478032
offset 0 and length 31457280 for ino 139778184478352
offset 0 and length 31457280 for ino 139778176090128
offset 0 and length 31457280 for ino 139778176090448
offset 0 and length 31457280 for ino 139778176090768
offset 0 and length 31457280 for ino 139778176091088
offset 0 and length 31457280 for ino 139778176091408
offset 0 and length 31457280 for ino 139779419215824
offset 0 and length 31457280 for ino 139779419216144
offset 0 and length 31457280 for ino 139779419216464
offset 0 and length 31457280 for ino 139779419216784
offset 0 and length 31457280 for ino 139779419217104
offset 0 and length 31457280 for ino 139779419217424
offset 0 and length 31457280 for ino 139779419217744
offset 0 and length 31457280 for ino 139779419218064
offset 0 and length 31457280 for ino 139779419218384
offset 0 and length 31457280 for ino 139779419218704
offset 0 and length 31457280 for ino 139779419219024
offset 0 and length 31457280 for ino 139779419219344
offset 0 and length 31457280 for ino 139779419219664
offset 0 and length 31457280 for ino 139779419219984
offset 0 and length 31457280 for ino 139779419220304
offset 0 and length 31457280 for ino 139779419220624
offset 0 and length 31457280 for ino 139779419220944
offset 0 and length 31457280 for ino 139779419221264
offset 0 and length 31457280 for ino 139779419221584
offset 0 and length 31457280 for ino 139779419221904
offset 0 and length 31457280 for ino 139779419222224
offset 0 and length 31457280 for ino 139779419222544
offset 0 and length 31457280 for ino 139779419222864
offset 0 and length 31457280 for ino 139779419223184
offset 0 and length 31457280 for ino 139779419223504
offset 0 and length 31457280 for ino 139779419223824
offset 0 and length 31457280 for ino 139779419224144
offset 0 and length 31457280 for ino 139779419224464
offset 0 and length 31457280 for ino 139779419224784
offset 0 and length 31457280 for ino 139779419225104
offset 0 and length 31457280 for ino 139779419225424
offset 0 and length 31457280 for ino 139779419225744
offset 0 and length 31457280 for ino 139777421754384
offset 0 and length 31457280 for ino 139777421754704
offset 0 and length 31457280 for ino 139777421755024
offset 0 and length 31457280 for ino 139777421755344
offset 0 and length 31457280 for ino 139777421755664
offset 0 and length 31457280 for ino 139777421755984
offset 0 and length 31457280 for ino 139777421756304
offset 0 and length 31457280 for ino 139777421756624
offset 0 and length 31457280 for ino 139777421756944
offset 0 and length 31457280 for ino 139777421757264
offset 0 and length 31457280 for ino 139777421757584
offset 0 and length 31457280 for ino 139777421757904
offset 0 and length 31457280 for ino 139777421758224
offset 0 and length 31457280 for ino 139777421758544
offset 0 and length 31457280 for ino 139777421758864
offset 0 and length 31457280 for ino 139777421759184
offset 0 and length 31457280 for ino 139777421759504
offset 0 and length 31457280 for ino 139777421759824
offset 0 and length 31457280 for ino 139777421760144
offset 0 and length 31457280 for ino 139777421760464
offset 0 and length 31457280 for ino 139777421760784
offset 0 and length 31457280 for ino 139777421761104
offset 0 and length 31457280 for ino 139777421761424
offset 0 and length 31457280 for ino 139777421761744
offset 0 and length 31457280 for ino 139777421762064
offset 0 and length 31457280 for ino 139777421762384
offset 0 and length 31457280 for ino 139777421762704
offset 0 and length 31457280 for ino 139777421763024
offset 0 and length 31457280 for ino 139777421763344
offset 0 and length 31457280 for ino 139777421763664
offset 0 and length 31457280 for ino 139777421763984
offset 0 and length 31457280 for ino 139777421764304
offset 0 and length 31457280 for ino 139777421764624
offset 0 and length 31457280 for ino 139777421764944
offset 0 and length 31457280 for ino 139777421765264
offset 0 and length 31457280 for ino 139777421765584
offset 0 and length 31457280 for ino 139777421765904
offset 0 and length 31457280 for ino 139777421766224
offset 0 and length 31457280 for ino 139777421766544
offset 0 and length 31457280 for ino 139777421766864
offset 0 and length 31457280 for ino 139777421767184
offset 0 and length 31457280 for ino 139777421767504
offset 0 and length 31457280 for ino 139777421767824
offset 0 and length 31457280 for ino 139777421768144
offset 0 and length 31457280 for ino 139777421768464
offset 0 and length 31457280 for ino 139777421768784
offset 0 and length 31457280 for ino 139777421769104
offset 0 and length 31457280 for ino 139777421769424
offset 0 and length 31457280 for ino 139777421769744
offset 0 and length 31457280 for ino 139777421770064
offset 0 and length 31457280 for ino 139777421770384
offset 0 and length 31457280 for ino 139777379827728
offset 0 and length 31457280 for ino 139777379828048
offset 0 and length 31457280 for ino 139777379828368
offset 0 and length 31457280 for ino 139777379828688
offset 0 and length 31457280 for ino 139777379829008
offset 0 and length 31457280 for ino 139777379829328
offset 0 and length 31457280 for ino 139777379829648
offset 0 and length 31457280 for ino 139777379829968
offset 0 and length 31457280 for ino 139777379830288
offset 0 and length 31457280 for ino 139777379830608
offset 0 and length 31457280 for ino 139777379830928
offset 0 and length 31457280 for ino 139777379831248
offset 0 and length 31457280 for ino 139777379831568
offset 0 and length 31457280 for ino 139777379831888
offset 0 and length 31457280 for ino 139777379832208
offset 0 and length 31457280 for ino 139777379832528
offset 0 and length 31457280 for ino 139777379832848
offset 0 and length 31457280 for ino 139777379833168
offset 0 and length 31457280 for ino 139777379833488
offset 0 and length 31457280 for ino 139777379833808
offset 0 and length 31457280 for ino 139777379834128
offset 0 and length 31457280 for ino 139777379834448
offset 0 and length 31457280 for ino 139777379834768
offset 0 and length 31457280 for ino 139777379835088
offset 0 and length 31457280 for ino 139777379835408
offset 0 and length 31457280 for ino 139777379835728
offset 0 and length 31457280 for ino 139777379836048
offset 0 and length 31457280 for ino 139777379836368
offset 0 and length 31457280 for ino 139777379836688
offset 0 and length 31457280 for ino 139777379837008
offset 0 and length 31457280 for ino 139777379837328
offset 0 and length 31457280 for ino 139777379837648
offset 0 and length 31457280 for ino 139777379837968
offset 0 and length 31457280 for ino 139777379838288
offset 0 and length 31457280 for ino 139777379838608
offset 0 and length 31457280 for ino 139777379838928
offset 0 and length 31457280 for ino 139777379839248
offset 0 and length 31457280 for ino 139777379839568
offset 0 and length 31457280 for ino 139777379839888
offset 0 and length 31457280 for ino 139777379840208
offset 0 and length 31457280 for ino 139777379840528
offset 0 and length 31457280 for ino 139777379840848
offset 0 and length 31457280 for ino 139777379841168
offset 0 and length 31457280 for ino 139777379841488
offset 0 and length 31457280 for ino 139777379841808
offset 0 and length 31457280 for ino 139777379842128
offset 0 and length 31457280 for ino 139777379842448
offset 0 and length 31457280 for ino 139777379842768
offset 0 and length 31457280 for ino 139777379843088
offset 0 and length 31457280 for ino 139777379843408
offset 0 and length 31457280 for ino 139777379843728
offset 0 and length 31457280 for ino 139777371455504
offset 0 and length 31457280 for ino 139777371455824
offset 0 and length 31457280 for ino 139777371456144
offset 0 and length 31457280 for ino 139777371456464
offset 0 and length 31457280 for ino 139777371456784
offset 0 and length 31457280 for ino 139788256166224
offset 0 and length 31457280 for ino 139788038504080
offset 0 and length 31457280 for ino 139777374486544
offset 0 and length 31457280 for ino 139777374486864
offset 0 and length 31457280 for ino 139777374487184
offset 0 and length 31457280 for ino 139777374487504
offset 0 and length 31457280 for ino 139777374487824
offset 0 and length 31457280 for ino 139777374488144
offset 0 and length 31457280 for ino 139777374488464
offset 0 and length 31457280 for ino 139777374488784
offset 0 and length 31457280 for ino 139777374489104
offset 0 and length 31457280 for ino 139777374489424
offset 0 and length 31457280 for ino 139777374489744
offset 0 and length 31457280 for ino 139777374490064
offset 0 and length 31457280 for ino 139777374490384
offset 0 and length 31457280 for ino 139777374490704
offset 0 and length 31457280 for ino 139777374491024
offset 0 and length 31457280 for ino 139777374491344
offset 0 and length 31457280 for ino 139777374491664
offset 0 and length 31457280 for ino 139777374491984
offset 0 and length 31457280 for ino 139777374492304
offset 0 and length 31457280 for ino 139777374492624
offset 0 and length 31457280 for ino 139777374492944
offset 0 and length 31457280 for ino 139777374493264
offset 0 and length 31457280 for ino 139777374493584
offset 0 and length 31457280 for ino 139777374493904
offset 0 and length 31457280 for ino 139777374494224
offset 0 and length 31457280 for ino 139777374494544
offset 0 and length 31457280 for ino 139777374494864
offset 0 and length 31457280 for ino 139777374495184
offset 0 and length 31457280 for ino 139777374495504
offset 0 and length 31457280 for ino 139777374495824
offset 0 and length 31457280 for ino 139777374496144
offset 0 and length 31457280 for ino 139777374496464
offset 0 and length 31457280 for ino 139777374496784
offset 0 and length 31457280 for ino 139788069847696
offset 0 and length 31457280 for ino 139788069848016
offset 0 and length 31457280 for ino 139788069848336
offset 0 and length 31457280 for ino 139788069848656
offset 0 and length 31457280 for ino 139788069848976
offset 0 and length 31457280 for ino 139788069849296
offset 0 and length 31457280 for ino 139788069849616
offset 0 and length 31457280 for ino 139788069849936
offset 0 and length 31457280 for ino 139788069850256
offset 0 and length 31457280 for ino 139788069850576
offset 0 and length 31457280 for ino 139788069850896
offset 0 and length 31457280 for ino 139788069851216
offset 0 and length 31457280 for ino 139788069851536
offset 0 and length 31457280 for ino 139788069851856
offset 0 and length 31457280 for ino 139788069852176
offset 0 and length 31457280 for ino 139788069852496
offset 0 and length 31457280 for ino 139788069852816
offset 0 and length 31457280 for ino 139788069853136
offset 0 and length 31457280 for ino 139788069853456
offset 0 and length 31457280 for ino 139788069853776
offset 0 and length 31457280 for ino 139788069854096
offset 0 and length 31457280 for ino 139788069854416
offset 0 and length 31457280 for ino 139788069854736
offset 0 and length 31457280 for ino 139788069855056
offset 0 and length 31457280 for ino 139788069855376
offset 0 and length 31457280 for ino 139788069855696
offset 0 and length 31457280 for ino 139788069856016
offset 0 and length 31457280 for ino 139788069856336
offset 0 and length 31457280 for ino 139788069856656
offset 0 and length 31457280 for ino 139788069856976
offset 0 and length 31457280 for ino 139777374497104
offset 0 and length 31457280 for ino 139777374497424
offset 0 and length 31457280 for ino 139788256166544
offset 0 and length 31457280 for ino 139788256166864
offset 0 and length 31457280 for ino 139788256167184
offset 0 and length 31457280 for ino 139788256167504
offset 0 and length 31457280 for ino 139788256167824
offset 0 and length 31457280 for ino 139788256168144
offset 0 and length 31457280 for ino 139788256168464
offset 0 and length 31457280 for ino 139788256168784
offset 0 and length 31457280 for ino 139788256169104
offset 0 and length 31457280 for ino 139788256169424
offset 0 and length 31457280 for ino 139788256169744
offset 0 and length 31457280 for ino 139788256170064
offset 0 and length 31457280 for ino 139788256170384
offset 0 and length 31457280 for ino 139788256170704
offset 0 and length 31457280 for ino 139788256171024
offset 0 and length 31457280 for ino 139788256171344
offset 0 and length 31457280 for ino 139788256171664
offset 0 and length 31457280 for ino 139788256171984
offset 0 and length 31457280 for ino 139788256172304
offset 0 and length 31457280 for ino 139788256172624
offset 0 and length 31457280 for ino 139788256172944
offset 0 and length 31457280 for ino 139788256173264
offset 0 and length 31457280 for ino 139788256173584
offset 0 and length 31457280 for ino 139788256173904
offset 0 and length 31457280 for ino 139788256174224
offset 0 and length 31457280 for ino 139788256174544
offset 0 and length 31457280 for ino 139788256174864
offset 0 and length 31457280 for ino 139788256175184
offset 0 and length 31457280 for ino 139788256175504
offset 0 and length 31457280 for ino 139788256175824
offset 0 and length 31457280 for ino 139788256176144
offset 0 and length 31457280 for ino 139788256176464
offset 0 and length 31457280 for ino 139788256176784
offset 0 and length 31457280 for ino 139788256177104
offset 0 and length 31457280 for ino 139788256177424
offset 0 and length 31457280 for ino 139788256177744
offset 0 and length 31457280 for ino 139788256178064
offset 0 and length 31457280 for ino 139788256178384
offset 0 and length 31457280 for ino 139788256178704
offset 0 and length 31457280 for ino 139788256179024
offset 0 and length 31457280 for ino 139788256179344
offset 0 and length 31457280 for ino 139788256179664
offset 0 and length 31457280 for ino 139788256179984
offset 0 and length 31457280 for ino 139788256180304
offset 0 and length 31457280 for ino 139788256180624
offset 0 and length 31457280 for ino 139788256180944
offset 0 and length 31457280 for ino 139788256181264
offset 0 and length 31457280 for ino 139788256181584
offset 0 and length 31457280 for ino 139788256181904
offset 0 and length 31457280 for ino 139776560758800
offset 0 and length 31457280 for ino 139776560759120
offset 0 and length 31457280 for ino 139776560759440
offset 0 and length 31457280 for ino 139776560759760
offset 0 and length 31457280 for ino 139776560760080
offset 0 and length 31457280 for ino 139776560760400
offset 0 and length 31457280 for ino 139776560760720
offset 0 and length 31457280 for ino 139776560761040
offset 0 and length 31457280 for ino 139776560761360
offset 0 and length 31457280 for ino 139776560761680
offset 0 and length 31457280 for ino 139776560762000
offset 0 and length 31457280 for ino 139776560762320
offset 0 and length 31457280 for ino 139776560762640
offset 0 and length 31457280 for ino 139776560762960
offset 0 and length 31457280 for ino 139776560763280
offset 0 and length 31457280 for ino 139776560763600
offset 0 and length 31457280 for ino 139776560763920
offset 0 and length 31457280 for ino 139776560764240
offset 0 and length 31457280 for ino 139776560764560
offset 0 and length 31457280 for ino 139776560764880
offset 0 and length 31457280 for ino 139776560765200
offset 0 and length 31457280 for ino 139776560765520
offset 0 and length 31457280 for ino 139776560765840
offset 0 and length 31457280 for ino 139776560766160
offset 0 and length 31457280 for ino 139776560766480
offset 0 and length 31457280 for ino 139776560766800
offset 0 and length 31457280 for ino 139776560767120
offset 0 and length 31457280 for ino 139776560767440
offset 0 and length 31457280 for ino 139776560767760
offset 0 and length 31457280 for ino 139776560768080
offset 0 and length 31457280 for ino 139776560768400
offset 0 and length 31457280 for ino 139776560768720
offset 0 and length 31457280 for ino 139776560769040
offset 0 and length 31457280 for ino 139776560769360
offset 0 and length 31457280 for ino 139776560769680
offset 0 and length 31457280 for ino 139776560770000
offset 0 and length 31457280 for ino 139776560770320
offset 0 and length 31457280 for ino 139776560770640
offset 0 and length 31457280 for ino 139776560770960
offset 0 and length 31457280 for ino 139776560771280
offset 0 and length 31457280 for ino 139776560771600
offset 0 and length 31457280 for ino 139776560771920
offset 0 and length 31457280 for ino 139776560772240
offset 0 and length 31457280 for ino 139776560772560
offset 0 and length 31457280 for ino 139776560772880
offset 0 and length 31457280 for ino 139776560773200
offset 0 and length 31457280 for ino 139776560773520
offset 0 and length 31457280 for ino 139776560773840
offset 0 and length 31457280 for ino 139776560774160
offset 0 and length 31457280 for ino 139776560774480
offset 0 and length 31457280 for ino 139776560774800
offset 0 and length 31457280 for ino 139773666705424
offset 0 and length 31457280 for ino 139773666705744
offset 0 and length 31457280 for ino 139773666706064
offset 0 and length 31457280 for ino 139773666706384
offset 0 and length 31457280 for ino 139773666706704
offset 0 and length 31457280 for ino 139773666707024
offset 0 and length 31457280 for ino 139773666707344
offset 0 and length 31457280 for ino 139773666707664
offset 0 and length 31457280 for ino 139773666707984
offset 0 and length 31457280 for ino 139773666708304
offset 0 and length 31457280 for ino 139773666708624
offset 0 and length 31457280 for ino 139773666708944
offset 0 and length 31457280 for ino 139773666709264
offset 0 and length 31457280 for ino 139773666709584
offset 0 and length 31457280 for ino 139773666709904
offset 0 and length 31457280 for ino 139773666710224
offset 0 and length 31457280 for ino 139773666710544
offset 0 and length 31457280 for ino 139773666710864
offset 0 and length 31457280 for ino 139773666711184
offset 0 and length 31457280 for ino 139773666711504
offset 0 and length 31457280 for ino 139773666711824
offset 0 and length 31457280 for ino 139773666712144
offset 0 and length 31457280 for ino 139773666712464
offset 0 and length 31457280 for ino 139773666712784
offset 0 and length 31457280 for ino 139773666713104
offset 0 and length 31457280 for ino 139773666713424
offset 0 and length 31457280 for ino 139773666713744
offset 0 and length 31457280 for ino 139773666714064
offset 0 and length 31457280 for ino 139773666714384
offset 0 and length 31457280 for ino 139788254527504
offset 0 and length 31457280 for ino 139788254527824
offset 0 and length 31457280 for ino 139788254528144
offset 0 and length 31457280 for ino 139788254528464
offset 0 and length 31457280 for ino 139788254528784
offset 0 and length 31457280 for ino 139788254529104
offset 0 and length 31457280 for ino 139788254529424
offset 0 and length 31457280 for ino 139788254529744
offset 0 and length 31457280 for ino 139788254530064
offset 0 and length 31457280 for ino 139788254530384
offset 0 and length 31457280 for ino 139788254530704
offset 0 and length 31457280 for ino 139788254531024
offset 0 and length 31457280 for ino 139788254531344
offset 0 and length 31457280 for ino 139788254531664
offset 0 and length 31457280 for ino 139788254531984
offset 0 and length 31457280 for ino 139788254532304
offset 0 and length 31457280 for ino 139788254532624
offset 0 and length 31457280 for ino 139788254532944
offset 0 and length 31457280 for ino 139788254533264
offset 0 and length 31457280 for ino 139788254533584
offset 0 and length 31457280 for ino 139788254533904
offset 0 and length 31457280 for ino 139788254534224
offset 0 and length 31457280 for ino 139788254534544
offset 0 and length 31457280 for ino 139788254534864
offset 0 and length 31457280 for ino 139788254535184
offset 0 and length 31457280 for ino 139788254535504
offset 0 and length 31457280 for ino 139788254535824
offset 0 and length 31457280 for ino 139788254536144
offset 0 and length 31457280 for ino 139788254536464
offset 0 and length 31457280 for ino 139788254536784
offset 0 and length 31457280 for ino 139788254537104
offset 0 and length 31457280 for ino 139788254537424
offset 0 and length 31457280 for ino 139788254537744
offset 0 and length 31457280 for ino 139788254538064
offset 0 and length 31457280 for ino 139788254538384
offset 0 and length 31457280 for ino 139788254538704
offset 0 and length 31457280 for ino 139788254539024
offset 0 and length 31457280 for ino 139788254539344
offset 0 and length 31457280 for ino 139788254539664
offset 0 and length 31457280 for ino 139788254539984
offset 0 and length 31457280 for ino 139788254540304
offset 0 and length 31457280 for ino 139788254540624
offset 0 and length 31457280 for ino 139788254540944
offset 0 and length 31457280 for ino 139788254541264
offset 0 and length 31457280 for ino 139788254541584
offset 0 and length 31457280 for ino 139788254541904
offset 0 and length 31457280 for ino 139788254542224
offset 0 and length 31457280 for ino 139788254542544
offset 0 and length 31457280 for ino 139788254542864
offset 0 and length 31457280 for ino 139788254543184
offset 0 and length 31457280 for ino 139788254543504
offset 0 and length 31457280 for ino 139773605904400
offset 0 and length 31457280 for ino 139773605904720
offset 0 and length 31457280 for ino 139773605905040
offset 0 and length 31457280 for ino 139773605905360
offset 0 and length 31457280 for ino 139773605905680
offset 0 and length 31457280 for ino 139773605906000
offset 0 and length 31457280 for ino 139773605906320
offset 0 and length 31457280 for ino 139773605906640
offset 0 and length 31457280 for ino 139773605906960
offset 0 and length 31457280 for ino 139773605907280
offset 0 and length 31457280 for ino 139773605907600
offset 0 and length 31457280 for ino 139773605907920
offset 0 and length 31457280 for ino 139773605908240
offset 0 and length 31457280 for ino 139773605908560
offset 0 and length 31457280 for ino 139773605908880
offset 0 and length 31457280 for ino 139773605909200
offset 0 and length 31457280 for ino 139773605909520
offset 0 and length 31457280 for ino 139773605909840
offset 0 and length 31457280 for ino 139773605910160
offset 0 and length 31457280 for ino 139773605910480
offset 0 and length 31457280 for ino 139773605910800
offset 0 and length 31457280 for ino 139773605911120
offset 0 and length 31457280 for ino 139773605911440
offset 0 and length 31457280 for ino 139773605911760
offset 0 and length 31457280 for ino 139773605912080
offset 0 and length 31457280 for ino 139773605912400
offset 0 and length 31457280 for ino 139773605912720
offset 0 and length 31457280 for ino 139773605913040
offset 0 and length 31457280 for ino 139773605913360
offset 0 and length 31457280 for ino 139773605913680
offset 0 and length 31457280 for ino 139773605914000
offset 0 and length 31457280 for ino 139773605914320
offset 0 and length 31457280 for ino 139773605914640
offset 0 and length 31457280 for ino 139773605914960
offset 0 and length 31457280 for ino 139773605915280
offset 0 and length 31457280 for ino 139773605915600
offset 0 and length 31457280 for ino 139773605915920
offset 0 and length 31457280 for ino 139773605916240
offset 0 and length 31457280 for ino 139773605916560
offset 0 and length 31457280 for ino 139773605916880
offset 0 and length 31457280 for ino 139773605917200
offset 0 and length 31457280 for ino 139773605917520
offset 0 and length 31457280 for ino 139773605917840
offset 0 and length 31457280 for ino 139773605918160
offset 0 and length 31457280 for ino 139773605918480
offset 0 and length 31457280 for ino 139773605918800
offset 0 and length 31457280 for ino 139773605919120
offset 0 and length 31457280 for ino 139773605919440
offset 0 and length 31457280 for ino 139773605919760
offset 0 and length 31457280 for ino 139773605920080
offset 0 and length 31457280 for ino 139773605920400
offset 0 and length 31457280 for ino 139767624843280
offset 0 and length 31457280 for ino 139767624843600
offset 0 and length 31457280 for ino 139767624843920
offset 0 and length 31457280 for ino 139767624844240
offset 0 and length 31457280 for ino 139767624844560
offset 0 and length 31457280 for ino 139767624844880
offset 0 and length 31457280 for ino 139767624845200
offset 0 and length 31457280 for ino 139767624845520
offset 0 and length 31457280 for ino 139767624845840
offset 0 and length 31457280 for ino 139767624846160
offset 0 and length 31457280 for ino 139767624846480
offset 0 and length 31457280 for ino 139767624846800
offset 0 and length 31457280 for ino 139767624847120
offset 0 and length 31457280 for ino 139767624847440
offset 0 and length 31457280 for ino 139767624847760
offset 0 and length 31457280 for ino 139767624848080
offset 0 and length 31457280 for ino 139767624848400
offset 0 and length 31457280 for ino 139767624848720
offset 0 and length 31457280 for ino 139773666714704
offset 0 and length 31457280 for ino 139773666715024
offset 0 and length 31457280 for ino 139773666715344
offset 0 and length 31457280 for ino 139773666715664
offset 0 and length 31457280 for ino 139773666715984
offset 0 and length 31457280 for ino 139773666716304
offset 0 and length 31457280 for ino 139773666716624
offset 0 and length 31457280 for ino 139773666716944
offset 0 and length 31457280 for ino 139773666717264
offset 0 and length 31457280 for ino 139773666717584
offset 0 and length 31457280 for ino 139773666717904
offset 0 and length 31457280 for ino 139773666718224
offset 0 and length 31457280 for ino 139773666718544
offset 0 and length 31457280 for ino 139773666718864
offset 0 and length 31457280 for ino 139773666719184
offset 0 and length 31457280 for ino 139773666719504
offset 0 and length 31457280 for ino 139773666719824
offset 0 and length 31457280 for ino 139773666720144
offset 0 and length 31457280 for ino 139773666720464
offset 0 and length 31457280 for ino 139773666720784
offset 0 and length 31457280 for ino 139773666721104
offset 0 and length 31457280 for ino 139773666721424
offset 0 and length 31457280 for ino 139767612243984
offset 0 and length 31457280 for ino 139767612244304
offset 0 and length 31457280 for ino 139767612244624
offset 0 and length 31457280 for ino 139767612244944
offset 0 and length 31457280 for ino 139767612245264
offset 0 and length 31457280 for ino 139767612245584
offset 0 and length 31457280 for ino 139767612245904
offset 0 and length 31457280 for ino 139767612246224
offset 0 and length 31457280 for ino 139767612246544
offset 0 and length 31457280 for ino 139767612246864
offset 0 and length 31457280 for ino 139767612247184
offset 0 and length 31457280 for ino 139767612247504
offset 0 and length 31457280 for ino 139767612247824
offset 0 and length 31457280 for ino 139767612248144
offset 0 and length 31457280 for ino 139767612248464
offset 0 and length 31457280 for ino 139767612248784
offset 0 and length 31457280 for ino 139767612249104
offset 0 and length 31457280 for ino 139767612249424
offset 0 and length 31457280 for ino 139767612249744
offset 0 and length 31457280 for ino 139767612250064
offset 0 and length 31457280 for ino 139767612250384
offset 0 and length 31457280 for ino 139767612250704
offset 0 and length 31457280 for ino 139767612251024
offset 0 and length 31457280 for ino 139767612251344
offset 0 and length 31457280 for ino 139767612251664
offset 0 and length 31457280 for ino 139767612251984
offset 0 and length 31457280 for ino 139767612252304
