Harness starting.
 /home/sevag/CLionProjects/FuseFileSystemBoC/cmake-build-release/FuseFileSystemBoC --seed 1520069717

Pinning to Core:40
creating 512 mb file systemoffset 0 and length 16777216 for ino 139798876684304
offset 0 and length 16777216 for ino 139798876831760
offset 0 and length 16777216 for ino 139798876832080
offset 0 and length 16777216 for ino 139798876832400
offset 0 and length 16777216 for ino 139798876832720
offset 0 and length 16777216 for ino 139798876833040
offset 0 and length 16777216 for ino 139798876833360
offset 0 and length 16777216 for ino 139798876833680
offset 0 and length 16777216 for ino 139798876834000
offset 0 and length 16777216 for ino 139798876834320
offset 0 and length 16777216 for ino 139798876834640
offset 0 and length 16777216 for ino 139798876834960
offset 0 and length 16777216 for ino 139798876835280
offset 0 and length 16777216 for ino 139798876835600
offset 0 and length 16777216 for ino 139798876835920
offset 0 and length 16777216 for ino 139798876836240
offset 0 and length 16777216 for ino 139798876836560
offset 0 and length 16777216 for ino 139798876836880
offset 0 and length 16777216 for ino 139798876837200
offset 0 and length 16777216 for ino 139798876837520
offset 0 and length 16777216 for ino 139798876837840
offset 0 and length 16777216 for ino 139798876838160
offset 0 and length 16777216 for ino 139798876838480
offset 0 and length 16777216 for ino 139798876838800
offset 0 and length 16777216 for ino 139798876839120
offset 0 and length 16777216 for ino 139798876839440
offset 0 and length 16777216 for ino 139798876839760
offset 0 and length 16777216 for ino 139798876840080
offset 0 and length 16777216 for ino 139798876840400
offset 0 and length 16777216 for ino 139798876840720
offset 0 and length 16777216 for ino 139798876841040
offset 0 and length 16777216 for ino 139798876841360
offset 0 and length 16777216 for ino 139798876841680
offset 0 and length 16777216 for ino 139798876842000
offset 0 and length 16777216 for ino 139798876842320
offset 0 and length 16777216 for ino 139798876842640
offset 0 and length 16777216 for ino 139798876842960
offset 0 and length 16777216 for ino 139798876843280
offset 0 and length 16777216 for ino 139798876843600
offset 0 and length 16777216 for ino 139798876843920
offset 0 and length 16777216 for ino 139798876844240
offset 0 and length 16777216 for ino 139798876844560
offset 0 and length 16777216 for ino 139798876844880
offset 0 and length 16777216 for ino 139798876845200
offset 0 and length 16777216 for ino 139798876845520
offset 0 and length 16777216 for ino 139798876845840
offset 0 and length 16777216 for ino 139798876846160
offset 0 and length 16777216 for ino 139798876846480
offset 0 and length 16777216 for ino 139798877356048
offset 0 and length 16777216 for ino 139798877356368
offset 0 and length 16777216 for ino 139798877356688
offset 0 and length 16777216 for ino 139798877357008
offset 0 and length 16777216 for ino 139798877357328
offset 0 and length 16777216 for ino 139798877357648
offset 0 and length 16777216 for ino 139798877357968
offset 0 and length 16777216 for ino 139798877358288
offset 0 and length 16777216 for ino 139798877358608
offset 0 and length 16777216 for ino 139798877358928
offset 0 and length 16777216 for ino 139798877359248
offset 0 and length 16777216 for ino 139798877359568
offset 0 and length 16777216 for ino 139798877359888
offset 0 and length 16777216 for ino 139798877360208
offset 0 and length 16777216 for ino 139798877360528
offset 0 and length 16777216 for ino 139798877360848
