Harness starting.
 /home/sevag/CLionProjects/FuseFileSystemBoC/cmake-build-release/FuseFileSystemBoC --seed 3857086513

Pinning to Core:40
creating 512 mb file systemoffset 0 and length 20971520 for ino 139621084348432
offset 0 and length 20971520 for ino 139621085036560
offset 0 and length 20971520 for ino 139621085036880
offset 0 and length 20971520 for ino 139621085037200
offset 0 and length 20971520 for ino 139621085037520
offset 0 and length 20971520 for ino 139621085037840
offset 0 and length 20971520 for ino 139621085038160
offset 0 and length 20971520 for ino 139621085038480
offset 0 and length 20971520 for ino 139621085038800
offset 0 and length 20971520 for ino 139621085039120
offset 0 and length 20971520 for ino 139621085039440
offset 0 and length 20971520 for ino 139621085039760
offset 0 and length 20971520 for ino 139621085040080
offset 0 and length 20971520 for ino 139621085040400
offset 0 and length 20971520 for ino 139621085040720
offset 0 and length 20971520 for ino 139621085041040
offset 0 and length 20971520 for ino 139621085041360
offset 0 and length 20971520 for ino 139621085041680
offset 0 and length 20971520 for ino 139621085042000
offset 0 and length 20971520 for ino 139621085042320
offset 0 and length 20971520 for ino 139621085042640
offset 0 and length 20971520 for ino 139621085042960
offset 0 and length 20971520 for ino 139621085043280
offset 0 and length 20971520 for ino 139621085043600
offset 0 and length 20971520 for ino 139621085043920
offset 0 and length 20971520 for ino 139621085044240
offset 0 and length 20971520 for ino 139621085044560
offset 0 and length 20971520 for ino 139621085044880
offset 0 and length 20971520 for ino 139621085045200
offset 0 and length 20971520 for ino 139621085045520
offset 0 and length 20971520 for ino 139621085045840
offset 0 and length 20971520 for ino 139621085046160
offset 0 and length 20971520 for ino 139621084250128
offset 0 and length 20971520 for ino 139621084250448
offset 0 and length 20971520 for ino 139621084250768
offset 0 and length 20971520 for ino 139621084251088
offset 0 and length 20971520 for ino 139621084251408
offset 0 and length 20971520 for ino 139621084251728
offset 0 and length 20971520 for ino 139621084252048
offset 0 and length 20971520 for ino 139621084252368
offset 0 and length 20971520 for ino 139621084252688
offset 0 and length 20971520 for ino 139621084253008
offset 0 and length 20971520 for ino 139621084253328
offset 0 and length 20971520 for ino 139621084253648
offset 0 and length 20971520 for ino 139621084253968
offset 0 and length 20971520 for ino 139621084254288
offset 0 and length 20971520 for ino 139621084254608
offset 0 and length 20971520 for ino 139620922621968
offset 0 and length 20971520 for ino 139620922622288
offset 0 and length 20971520 for ino 139620922622608
offset 0 and length 20971520 for ino 139620922622928
offset 0 and length 20971520 for ino 139620922623248
offset 0 and length 20971520 for ino 139620922623568
offset 0 and length 20971520 for ino 139620922623888
offset 0 and length 20971520 for ino 139620922624208
offset 0 and length 20971520 for ino 139620922624528
offset 0 and length 20971520 for ino 139620922624848
offset 0 and length 20971520 for ino 139620922625168
offset 0 and length 20971520 for ino 139620922625488
offset 0 and length 20971520 for ino 139620922625808
offset 0 and length 20971520 for ino 139620922626128
offset 0 and length 20971520 for ino 139620922626448
offset 0 and length 20971520 for ino 139620922626768
offset 0 and length 20971520 for ino 139620922627088
offset 0 and length 20971520 for ino 139620922627408
offset 0 and length 20971520 for ino 139620922627728
offset 0 and length 20971520 for ino 139620922628048
offset 0 and length 20971520 for ino 139620922628368
offset 0 and length 20971520 for ino 139620922628688
offset 0 and length 20971520 for ino 139621085872144
offset 0 and length 20971520 for ino 139621085872464
offset 0 and length 20971520 for ino 139621085872784
offset 0 and length 20971520 for ino 139621085873104
offset 0 and length 20971520 for ino 139621085873424
offset 0 and length 20971520 for ino 139621085873744
offset 0 and length 20971520 for ino 139621085874064
offset 0 and length 20971520 for ino 139621085874384
offset 0 and length 20971520 for ino 139621085874704
offset 0 and length 20971520 for ino 139621085875024
offset 0 and length 20971520 for ino 139620922629008
offset 0 and length 20971520 for ino 139620922629328
offset 0 and length 20971520 for ino 139620922629648
offset 0 and length 20971520 for ino 139620922629968
offset 0 and length 20971520 for ino 139620922630288
offset 0 and length 20971520 for ino 139620922630608
offset 0 and length 20971520 for ino 139620922630928
offset 0 and length 20971520 for ino 139620922631248
offset 0 and length 20971520 for ino 139620922631568
offset 0 and length 20971520 for ino 139620922631888
offset 0 and length 20971520 for ino 139620922632208
offset 0 and length 20971520 for ino 139620922632528
offset 0 and length 20971520 for ino 139620922632848
offset 0 and length 20971520 for ino 139620922633168
offset 0 and length 20971520 for ino 139620922633488
offset 0 and length 20971520 for ino 139620922633808
offset 0 and length 20971520 for ino 139620922634128
offset 0 and length 20971520 for ino 139620922634448
offset 0 and length 20971520 for ino 139620922634768
offset 0 and length 20971520 for ino 139620922635088
offset 0 and length 20971520 for ino 139620922635408
offset 0 and length 20971520 for ino 139620922635728
offset 0 and length 20971520 for ino 139620922636048
offset 0 and length 20971520 for ino 139620922636368
offset 0 and length 20971520 for ino 139620922636688
offset 0 and length 20971520 for ino 139620922637008
offset 0 and length 20971520 for ino 139620922637328
offset 0 and length 20971520 for ino 139620922637648
offset 0 and length 20971520 for ino 139620922637968
offset 0 and length 20971520 for ino 139620891262992
offset 0 and length 20971520 for ino 139620891263312
offset 0 and length 20971520 for ino 139620891263632
offset 0 and length 20971520 for ino 139620891263952
offset 0 and length 20971520 for ino 139620891264272
offset 0 and length 20971520 for ino 139620891264592
offset 0 and length 20971520 for ino 139620891264912
offset 0 and length 20971520 for ino 139620891265232
offset 0 and length 20971520 for ino 139620891265552
offset 0 and length 20971520 for ino 139620891265872
offset 0 and length 20971520 for ino 139620891266192
offset 0 and length 20971520 for ino 139620891266512
offset 0 and length 20971520 for ino 139620891266832
offset 0 and length 20971520 for ino 139620891267152
offset 0 and length 20971520 for ino 139620891267472
offset 0 and length 20971520 for ino 139620891267792
offset 0 and length 20971520 for ino 139620891268112
offset 0 and length 20971520 for ino 139620891268432
offset 0 and length 20971520 for ino 139620891268752
offset 0 and length 20971520 for ino 139620891269072
offset 0 and length 20971520 for ino 139620891269392
offset 0 and length 20971520 for ino 139620891269712
offset 0 and length 20971520 for ino 139620891270032
offset 0 and length 20971520 for ino 139620891270352
offset 0 and length 20971520 for ino 139620891270672
offset 0 and length 20971520 for ino 139620891270992
offset 0 and length 20971520 for ino 139620891271312
offset 0 and length 20971520 for ino 139620891271632
offset 0 and length 20971520 for ino 139620891271952
offset 0 and length 20971520 for ino 139620891272272
offset 0 and length 20971520 for ino 139620891272592
offset 0 and length 20971520 for ino 139620891272912
offset 0 and length 20971520 for ino 139620891273232
offset 0 and length 20971520 for ino 139620891273552
offset 0 and length 20971520 for ino 139620891273872
offset 0 and length 20971520 for ino 139620891274192
offset 0 and length 20971520 for ino 139620891274512
offset 0 and length 20971520 for ino 139620891274832
offset 0 and length 20971520 for ino 139620891275152
offset 0 and length 20971520 for ino 139620891275472
offset 0 and length 20971520 for ino 139620891275792
offset 0 and length 20971520 for ino 139620891276112
offset 0 and length 20971520 for ino 139620891276432
offset 0 and length 20971520 for ino 139620891276752
offset 0 and length 20971520 for ino 139620891277072
offset 0 and length 20971520 for ino 139620891277392
offset 0 and length 20971520 for ino 139620891277712
offset 0 and length 20971520 for ino 139620891278032
offset 0 and length 20971520 for ino 139620891278352
offset 0 and length 20971520 for ino 139620891278672
offset 0 and length 20971520 for ino 139620891278992
offset 0 and length 20971520 for ino 139620876599312
offset 0 and length 20971520 for ino 139620876599632
offset 0 and length 20971520 for ino 139620876599952
offset 0 and length 20971520 for ino 139620876600272
offset 0 and length 20971520 for ino 139620876600592
offset 0 and length 20971520 for ino 139620905877520
offset 0 and length 20971520 for ino 139620905877840
offset 0 and length 20971520 for ino 139620905878160
offset 0 and length 20971520 for ino 139620905878480
offset 0 and length 20971520 for ino 139620905878800
offset 0 and length 20971520 for ino 139620905879120
offset 0 and length 20971520 for ino 139620905879440
offset 0 and length 20971520 for ino 139620905879760
offset 0 and length 20971520 for ino 139620905880080
offset 0 and length 20971520 for ino 139620905880400
offset 0 and length 20971520 for ino 139620905880720
offset 0 and length 20971520 for ino 139620905881040
offset 0 and length 20971520 for ino 139620905881360
offset 0 and length 20971520 for ino 139620905881680
offset 0 and length 20971520 for ino 139620905882000
offset 0 and length 20971520 for ino 139620905882320
offset 0 and length 20971520 for ino 139620905882640
offset 0 and length 20971520 for ino 139620905882960
offset 0 and length 20971520 for ino 139620905883280
offset 0 and length 20971520 for ino 139620905883600
offset 0 and length 20971520 for ino 139620905883920
offset 0 and length 20971520 for ino 139620905884240
offset 0 and length 20971520 for ino 139620905884560
offset 0 and length 20971520 for ino 139620905884880
offset 0 and length 20971520 for ino 139620905885200
offset 0 and length 20971520 for ino 139620905885520
offset 0 and length 20971520 for ino 139620905885840
offset 0 and length 20971520 for ino 139620905886160
offset 0 and length 20971520 for ino 139620905886480
offset 0 and length 20971520 for ino 139620905886800
offset 0 and length 20971520 for ino 139620905887120
offset 0 and length 20971520 for ino 139620905887440
offset 0 and length 20971520 for ino 139620905887760
offset 0 and length 20971520 for ino 139620905888080
offset 0 and length 20971520 for ino 139620905888400
offset 0 and length 20971520 for ino 139620905888720
offset 0 and length 20971520 for ino 139620905889040
offset 0 and length 20971520 for ino 139620905889360
offset 0 and length 20971520 for ino 139620905889680
offset 0 and length 20971520 for ino 139620876600912
offset 0 and length 20971520 for ino 139620876601232
offset 0 and length 20971520 for ino 139620876601552
offset 0 and length 20971520 for ino 139620876601872
offset 0 and length 20971520 for ino 139620876602192
offset 0 and length 20971520 for ino 139620876602512
offset 0 and length 20971520 for ino 139620876602832
offset 0 and length 20971520 for ino 139620876603152
offset 0 and length 20971520 for ino 139620876603472
offset 0 and length 20971520 for ino 139620876603792
offset 0 and length 20971520 for ino 139620876604112
offset 0 and length 20971520 for ino 139620876604432
offset 0 and length 20971520 for ino 139620876604752
offset 0 and length 20971520 for ino 139620876605072
offset 0 and length 20971520 for ino 139620876605392
offset 0 and length 20971520 for ino 139620876605712
offset 0 and length 20971520 for ino 139620876606032
offset 0 and length 20971520 for ino 139620876606352
offset 0 and length 20971520 for ino 139620876606672
offset 0 and length 20971520 for ino 139620905844752
offset 0 and length 20971520 for ino 139620905845072
offset 0 and length 20971520 for ino 139620905845392
offset 0 and length 20971520 for ino 139620905845712
offset 0 and length 20971520 for ino 139620905846032
offset 0 and length 20971520 for ino 139620905846352
offset 0 and length 20971520 for ino 139620905846672
offset 0 and length 20971520 for ino 139620905846992
offset 0 and length 20971520 for ino 139620905847312
offset 0 and length 20971520 for ino 139620905847632
offset 0 and length 20971520 for ino 139620905847952
offset 0 and length 20971520 for ino 139620905848272
offset 0 and length 20971520 for ino 139620905848592
offset 0 and length 20971520 for ino 139620905848912
offset 0 and length 20971520 for ino 139620905849232
offset 0 and length 20971520 for ino 139620905849552
offset 0 and length 20971520 for ino 139620905849872
offset 0 and length 20971520 for ino 139620876606992
offset 0 and length 20971520 for ino 139620876607312
offset 0 and length 20971520 for ino 139620876607632
offset 0 and length 20971520 for ino 139620876607952
offset 0 and length 20971520 for ino 139620876608272
offset 0 and length 20971520 for ino 139620876608592
offset 0 and length 20971520 for ino 139621084254928
offset 0 and length 20971520 for ino 139620905890000
offset 0 and length 20971520 for ino 139620905890320
offset 0 and length 20971520 for ino 139620905890640
offset 0 and length 20971520 for ino 139620905890960
offset 0 and length 20971520 for ino 139620905891280
offset 0 and length 20971520 for ino 139620905891600
offset 0 and length 20971520 for ino 139620905891920
offset 0 and length 20971520 for ino 139620905892240
offset 0 and length 20971520 for ino 139620905892560
offset 0 and length 20971520 for ino 139620905892880
offset 0 and length 20971520 for ino 139620905893200
offset 0 and length 20971520 for ino 139620905893520
offset 0 and length 20971520 for ino 139617684717584
offset 0 and length 20971520 for ino 139617684717904
offset 0 and length 20971520 for ino 139617684718224
offset 0 and length 20971520 for ino 139617684718544
offset 0 and length 20971520 for ino 139617684718864
offset 0 and length 20971520 for ino 139617684719184
offset 0 and length 20971520 for ino 139617684719504
offset 0 and length 20971520 for ino 139617684719824
offset 0 and length 20971520 for ino 139617684720144
offset 0 and length 20971520 for ino 139617684720464
offset 0 and length 20971520 for ino 139617684720784
offset 0 and length 20971520 for ino 139617684721104
offset 0 and length 20971520 for ino 139617684721424
offset 0 and length 20971520 for ino 139617684721744
offset 0 and length 20971520 for ino 139617684722064
offset 0 and length 20971520 for ino 139617684722384
offset 0 and length 20971520 for ino 139617684722704
offset 0 and length 20971520 for ino 139617684723024
offset 0 and length 20971520 for ino 139617684723344
offset 0 and length 20971520 for ino 139617684723664
offset 0 and length 20971520 for ino 139617684723984
offset 0 and length 20971520 for ino 139617684724304
offset 0 and length 20971520 for ino 139617684724624
offset 0 and length 20971520 for ino 139617684724944
offset 0 and length 20971520 for ino 139617684725264
offset 0 and length 20971520 for ino 139617684725584
offset 0 and length 20971520 for ino 139617684725904
offset 0 and length 20971520 for ino 139617684726224
offset 0 and length 20971520 for ino 139617684726544
offset 0 and length 20971520 for ino 139617684726864
offset 0 and length 20971520 for ino 139617684727184
offset 0 and length 20971520 for ino 139617684727504
offset 0 and length 20971520 for ino 139617684727824
offset 0 and length 20971520 for ino 139617684728144
offset 0 and length 20971520 for ino 139617684728464
offset 0 and length 20971520 for ino 139617684728784
offset 0 and length 20971520 for ino 139617684729104
offset 0 and length 20971520 for ino 139617684729424
offset 0 and length 20971520 for ino 139617684729744
offset 0 and length 20971520 for ino 139617684730064
offset 0 and length 20971520 for ino 139617684730384
offset 0 and length 20971520 for ino 139617684730704
offset 0 and length 20971520 for ino 139617684731024
offset 0 and length 20971520 for ino 139617684731344
offset 0 and length 20971520 for ino 139617684731664
offset 0 and length 20971520 for ino 139617684731984
offset 0 and length 20971520 for ino 139617684732304
offset 0 and length 20971520 for ino 139617684732624
offset 0 and length 20971520 for ino 139617684732944
offset 0 and length 20971520 for ino 139617684733264
offset 0 and length 20971520 for ino 139617684733584
offset 0 and length 20971520 for ino 139617667956752
offset 0 and length 20971520 for ino 139617667957072
offset 0 and length 20971520 for ino 139617667957392
offset 0 and length 20971520 for ino 139617667957712
offset 0 and length 20971520 for ino 139617667958032
offset 0 and length 20971520 for ino 139617667958352
offset 0 and length 20971520 for ino 139617667958672
offset 0 and length 20971520 for ino 139617667958992
offset 0 and length 20971520 for ino 139617667959312
offset 0 and length 20971520 for ino 139617667959632
offset 0 and length 20971520 for ino 139617667959952
offset 0 and length 20971520 for ino 139617667960272
offset 0 and length 20971520 for ino 139617667960592
offset 0 and length 20971520 for ino 139617667960912
offset 0 and length 20971520 for ino 139617667961232
offset 0 and length 20971520 for ino 139617667961552
offset 0 and length 20971520 for ino 139617667961872
offset 0 and length 20971520 for ino 139617667962192
offset 0 and length 20971520 for ino 139617667962512
offset 0 and length 20971520 for ino 139617667962832
offset 0 and length 20971520 for ino 139617667963152
offset 0 and length 20971520 for ino 139617667963472
offset 0 and length 20971520 for ino 139617667963792
offset 0 and length 20971520 for ino 139617667964112
offset 0 and length 20971520 for ino 139617667964432
offset 0 and length 20971520 for ino 139617667964752
offset 0 and length 20971520 for ino 139617667965072
offset 0 and length 20971520 for ino 139617667965392
offset 0 and length 20971520 for ino 139617667965712
offset 0 and length 20971520 for ino 139617667966032
offset 0 and length 20971520 for ino 139617667966352
offset 0 and length 20971520 for ino 139617667966672
offset 0 and length 20971520 for ino 139617667966992
offset 0 and length 20971520 for ino 139617667967312
offset 0 and length 20971520 for ino 139617667967632
offset 0 and length 20971520 for ino 139617667967952
offset 0 and length 20971520 for ino 139617667968272
offset 0 and length 20971520 for ino 139617667968592
offset 0 and length 20971520 for ino 139617667968912
offset 0 and length 20971520 for ino 139617667969232
offset 0 and length 20971520 for ino 139617667969552
offset 0 and length 20971520 for ino 139617667969872
offset 0 and length 20971520 for ino 139617667970192
offset 0 and length 20971520 for ino 139617667970512
offset 0 and length 20971520 for ino 139617667970832
offset 0 and length 20971520 for ino 139617667971152
offset 0 and length 20971520 for ino 139617667971472
offset 0 and length 20971520 for ino 139617667971792
offset 0 and length 20971520 for ino 139617667972112
offset 0 and length 20971520 for ino 139617667972432
offset 0 and length 20971520 for ino 139617667972752
offset 0 and length 20971520 for ino 139617651195920
offset 0 and length 20971520 for ino 139617651196240
offset 0 and length 20971520 for ino 139617651196560
offset 0 and length 20971520 for ino 139617651196880
offset 0 and length 20971520 for ino 139617651197200
offset 0 and length 20971520 for ino 139617651197520
offset 0 and length 20971520 for ino 139617651197840
offset 0 and length 20971520 for ino 139617651198160
offset 0 and length 20971520 for ino 139617651198480
offset 0 and length 20971520 for ino 139617651198800
offset 0 and length 20971520 for ino 139617651199120
offset 0 and length 20971520 for ino 139617651199440
offset 0 and length 20971520 for ino 139617651199760
offset 0 and length 20971520 for ino 139617651200080
offset 0 and length 20971520 for ino 139617651200400
offset 0 and length 20971520 for ino 139617651200720
offset 0 and length 20971520 for ino 139617651201040
offset 0 and length 20971520 for ino 139617651201360
offset 0 and length 20971520 for ino 139617651201680
offset 0 and length 20971520 for ino 139617651202000
offset 0 and length 20971520 for ino 139620876608912
offset 0 and length 20971520 for ino 139620876609232
offset 0 and length 20971520 for ino 139620876609552
offset 0 and length 20971520 for ino 139620876609872
offset 0 and length 20971520 for ino 139620876610192
offset 0 and length 20971520 for ino 139620876610512
offset 0 and length 20971520 for ino 139620876610832
offset 0 and length 20971520 for ino 139620876611152
offset 0 and length 20971520 for ino 139620876611472
offset 0 and length 20971520 for ino 139620876611792
offset 0 and length 20971520 for ino 139620876612112
offset 0 and length 20971520 for ino 139620876612432
offset 0 and length 20971520 for ino 139620876612752
offset 0 and length 20971520 for ino 139620876613072
offset 0 and length 20971520 for ino 139620876613392
offset 0 and length 20971520 for ino 139620876613712
offset 0 and length 20971520 for ino 139620876614032
offset 0 and length 20971520 for ino 139620876614352
offset 0 and length 20971520 for ino 139620876614672
offset 0 and length 20971520 for ino 139620876614992
offset 0 and length 20971520 for ino 139620876615312
offset 0 and length 20971520 for ino 139616357253136
offset 0 and length 20971520 for ino 139616357253456
offset 0 and length 20971520 for ino 139616357253776
offset 0 and length 20971520 for ino 139616357254096
offset 0 and length 20971520 for ino 139616357254416
offset 0 and length 20971520 for ino 139616357254736
offset 0 and length 20971520 for ino 139616357255056
offset 0 and length 20971520 for ino 139616357255376
offset 0 and length 20971520 for ino 139616357255696
offset 0 and length 20971520 for ino 139616357256016
offset 0 and length 20971520 for ino 139616357256336
offset 0 and length 20971520 for ino 139616357256656
offset 0 and length 20971520 for ino 139616357256976
offset 0 and length 20971520 for ino 139616357257296
offset 0 and length 20971520 for ino 139616357257616
offset 0 and length 20971520 for ino 139616357257936
offset 0 and length 20971520 for ino 139616357258256
offset 0 and length 20971520 for ino 139616357258576
offset 0 and length 20971520 for ino 139616357258896
offset 0 and length 20971520 for ino 139616357259216
offset 0 and length 20971520 for ino 139616357259536
offset 0 and length 20971520 for ino 139616357259856
offset 0 and length 20971520 for ino 139616357260176
offset 0 and length 20971520 for ino 139616357260496
offset 0 and length 20971520 for ino 139616357260816
offset 0 and length 20971520 for ino 139616357261136
offset 0 and length 20971520 for ino 139616357261456
offset 0 and length 20971520 for ino 139616357261776
offset 0 and length 20971520 for ino 139616357262096
offset 0 and length 20971520 for ino 139616357262416
offset 0 and length 20971520 for ino 139616357262736
offset 0 and length 20971520 for ino 139616357263056
offset 0 and length 20971520 for ino 139616357263376
offset 0 and length 20971520 for ino 139616357263696
offset 0 and length 20971520 for ino 139616357264016
offset 0 and length 20971520 for ino 139616357264336
offset 0 and length 20971520 for ino 139616357264656
offset 0 and length 20971520 for ino 139616357264976
offset 0 and length 20971520 for ino 139616357265296
offset 0 and length 20971520 for ino 139616357265616
offset 0 and length 20971520 for ino 139616357265936
offset 0 and length 20971520 for ino 139616357266256
offset 0 and length 20971520 for ino 139616357266576
offset 0 and length 20971520 for ino 139616357266896
offset 0 and length 20971520 for ino 139616357267216
offset 0 and length 20971520 for ino 139616357267536
offset 0 and length 20971520 for ino 139616357267856
offset 0 and length 20971520 for ino 139616357268176
offset 0 and length 20971520 for ino 139616357268496
offset 0 and length 20971520 for ino 139616357268816
offset 0 and length 20971520 for ino 139616357269136
offset 0 and length 20971520 for ino 139616340492304
offset 0 and length 20971520 for ino 139616340492624
offset 0 and length 20971520 for ino 139616340492944
offset 0 and length 20971520 for ino 139616340493264
offset 0 and length 20971520 for ino 139616340493584
offset 0 and length 20971520 for ino 139616340493904
offset 0 and length 20971520 for ino 139616340494224
offset 0 and length 20971520 for ino 139616340494544
offset 0 and length 20971520 for ino 139616340494864
offset 0 and length 20971520 for ino 139616340495184
offset 0 and length 20971520 for ino 139616340495504
offset 0 and length 20971520 for ino 139616340495824
offset 0 and length 20971520 for ino 139616340496144
offset 0 and length 20971520 for ino 139616340496464
offset 0 and length 20971520 for ino 139616340496784
offset 0 and length 20971520 for ino 139616340497104
offset 0 and length 20971520 for ino 139616340497424
offset 0 and length 20971520 for ino 139616340497744
offset 0 and length 20971520 for ino 139616340498064
offset 0 and length 20971520 for ino 139616340498384
offset 0 and length 20971520 for ino 139616340498704
offset 0 and length 20971520 for ino 139616340499024
offset 0 and length 20971520 for ino 139616340499344
offset 0 and length 20971520 for ino 139616340499664
offset 0 and length 20971520 for ino 139616340499984
offset 0 and length 20971520 for ino 139616340500304
offset 0 and length 20971520 for ino 139616340500624
offset 0 and length 20971520 for ino 139616340500944
offset 0 and length 20971520 for ino 139616340501264
offset 0 and length 20971520 for ino 139616340501584
offset 0 and length 20971520 for ino 139616340501904
offset 0 and length 20971520 for ino 139616340502224
offset 0 and length 20971520 for ino 139616340502544
offset 0 and length 20971520 for ino 139616340502864
offset 0 and length 20971520 for ino 139616340503184
offset 0 and length 20971520 for ino 139616340503504
offset 0 and length 20971520 for ino 139616340503824
offset 0 and length 20971520 for ino 139616340504144
offset 0 and length 20971520 for ino 139616340504464
offset 0 and length 20971520 for ino 139616340504784
offset 0 and length 20971520 for ino 139616340505104
offset 0 and length 20971520 for ino 139616340505424
offset 0 and length 20971520 for ino 139616340505744
offset 0 and length 20971520 for ino 139616340506064
offset 0 and length 20971520 for ino 139616340506384
offset 0 and length 20971520 for ino 139616340506704
offset 0 and length 20971520 for ino 139616340507024
offset 0 and length 20971520 for ino 139616340507344
offset 0 and length 20971520 for ino 139616340507664
offset 0 and length 20971520 for ino 139616340507984
offset 0 and length 20971520 for ino 139616340508304
offset 0 and length 20971520 for ino 139616323731472
offset 0 and length 20971520 for ino 139616323731792
offset 0 and length 20971520 for ino 139616323732112
offset 0 and length 20971520 for ino 139616323732432
offset 0 and length 20971520 for ino 139616323732752
offset 0 and length 20971520 for ino 139616323733072
offset 0 and length 20971520 for ino 139616323733392
offset 0 and length 20971520 for ino 139616323733712
offset 0 and length 20971520 for ino 139616323734032
