Harness starting.
 /home/sevag/CLionProjects/FuseFileSystemBoC/cmake-build-release/FuseFileSystemBoC --seed 831902543

Pinning to Core:40
creating 512 mb file systemoffset 0 and length 62914560 for ino 140000354287632
offset 0 and length 62914560 for ino 140000354549776
offset 0 and length 62914560 for ino 140000354550096
offset 0 and length 62914560 for ino 140000354811920
offset 0 and length 62914560 for ino 140000354812240
offset 0 and length 62914560 for ino 140000354812560
offset 0 and length 62914560 for ino 140000354812880
offset 0 and length 62914560 for ino 140000354813200
offset 0 and length 62914560 for ino 140000355860496
offset 0 and length 62914560 for ino 140000355860816
offset 0 and length 62914560 for ino 140000354550416
offset 0 and length 62914560 for ino 140000354550736
offset 0 and length 62914560 for ino 140000354551056
offset 0 and length 62914560 for ino 140000369491984
offset 0 and length 62914560 for ino 140000369492304
offset 0 and length 62914560 for ino 140000369492624
offset 0 and length 62914560 for ino 140000354189328
offset 0 and length 62914560 for ino 140000354189648
offset 0 and length 62914560 for ino 140000354551376
offset 0 and length 62914560 for ino 140000205144080
offset 0 and length 62914560 for ino 140000354189968
offset 0 and length 62914560 for ino 140000354190288
offset 0 and length 62914560 for ino 140000354551696
offset 0 and length 62914560 for ino 140000354552016
offset 0 and length 62914560 for ino 140000354190608
offset 0 and length 62914560 for ino 140000354190928
offset 0 and length 62914560 for ino 140000354191248
offset 0 and length 62914560 for ino 140000354191568
offset 0 and length 62914560 for ino 140000354191888
offset 0 and length 62914560 for ino 140000354192208
offset 0 and length 62914560 for ino 140000354192528
offset 0 and length 62914560 for ino 140000205160464
offset 0 and length 62914560 for ino 140000354813520
offset 0 and length 62914560 for ino 140000354813840
offset 0 and length 62914560 for ino 140000205160784
offset 0 and length 62914560 for ino 140000359038992
offset 0 and length 62914560 for ino 140000205161104
offset 0 and length 62914560 for ino 140000354192848
offset 0 and length 62914560 for ino 140000354193168
offset 0 and length 62914560 for ino 140000354193488
offset 0 and length 62914560 for ino 140000354193808
offset 0 and length 62914560 for ino 140000354194128
offset 0 and length 62914560 for ino 140000359039312
offset 0 and length 62914560 for ino 140000354814160
offset 0 and length 62914560 for ino 140000354814480
offset 0 and length 62914560 for ino 140000354814800
offset 0 and length 62914560 for ino 140000354552336
offset 0 and length 62914560 for ino 140000354194448
offset 0 and length 62914560 for ino 140000354194768
offset 0 and length 62914560 for ino 140000354195088
offset 0 and length 62914560 for ino 140000205144400
offset 0 and length 62914560 for ino 140000359039632
offset 0 and length 62914560 for ino 140000205144720
offset 0 and length 62914560 for ino 140000205145040
offset 0 and length 62914560 for ino 140000205145360
offset 0 and length 62914560 for ino 140000205145680
offset 0 and length 62914560 for ino 140000205146000
offset 0 and length 62914560 for ino 140000205146320
offset 0 and length 62914560 for ino 140000205146640
offset 0 and length 62914560 for ino 140000205146960
offset 0 and length 62914560 for ino 140000354195408
offset 0 and length 62914560 for ino 140000354195728
offset 0 and length 62914560 for ino 140000354196048
offset 0 and length 62914560 for ino 140000354196368
offset 0 and length 62914560 for ino 140000354196688
offset 0 and length 62914560 for ino 140000354552656
offset 0 and length 62914560 for ino 140000205161424
offset 0 and length 62914560 for ino 140000354197008
offset 0 and length 62914560 for ino 140000205147280
offset 0 and length 62914560 for ino 140000205147600
offset 0 and length 62914560 for ino 140000205147920
offset 0 and length 62914560 for ino 140000205161744
offset 0 and length 62914560 for ino 140000354552976
offset 0 and length 62914560 for ino 140000354553296
offset 0 and length 62914560 for ino 140000354553616
offset 0 and length 62914560 for ino 140000354553936
offset 0 and length 62914560 for ino 140000354554256
offset 0 and length 62914560 for ino 140000354554576
offset 0 and length 62914560 for ino 140000205162064
offset 0 and length 62914560 for ino 140000205148240
offset 0 and length 62914560 for ino 140000205148560
offset 0 and length 62914560 for ino 140000205148880
offset 0 and length 62914560 for ino 140000205162384
offset 0 and length 62914560 for ino 140000205162704
offset 0 and length 62914560 for ino 140000354197328
offset 0 and length 62914560 for ino 140000354197648
offset 0 and length 62914560 for ino 140000354197968
offset 0 and length 62914560 for ino 140000354198288
offset 0 and length 62914560 for ino 140000354198608
offset 0 and length 62914560 for ino 140000205163024
offset 0 and length 62914560 for ino 140000205149200
offset 0 and length 62914560 for ino 140000205149520
offset 0 and length 62914560 for ino 140000205149840
offset 0 and length 62914560 for ino 140000205150160
offset 0 and length 62914560 for ino 140000205150480
offset 0 and length 62914560 for ino 140000205163344
offset 0 and length 62914560 for ino 140000205163664
offset 0 and length 62914560 for ino 140000354815120
offset 0 and length 62914560 for ino 140000354554896
offset 0 and length 62914560 for ino 140000354555216
offset 0 and length 62914560 for ino 140000354555536
offset 0 and length 62914560 for ino 140000205163984
offset 0 and length 62914560 for ino 140000354198928
offset 0 and length 62914560 for ino 140000205164304
offset 0 and length 62914560 for ino 140000070959120
offset 0 and length 62914560 for ino 140000070959440
offset 0 and length 62914560 for ino 140000354199248
offset 0 and length 62914560 for ino 140000354199568
offset 0 and length 62914560 for ino 140000354199888
offset 0 and length 62914560 for ino 140000354200208
offset 0 and length 62914560 for ino 140000354200528
offset 0 and length 62914560 for ino 140000354200848
offset 0 and length 62914560 for ino 140000354201168
offset 0 and length 62914560 for ino 140000354201488
offset 0 and length 62914560 for ino 140000354201808
offset 0 and length 62914560 for ino 140000354202128
offset 0 and length 62914560 for ino 140000354202448
offset 0 and length 62914560 for ino 140000354202768
offset 0 and length 62914560 for ino 140000354203088
offset 0 and length 62914560 for ino 140000354203408
offset 0 and length 62914560 for ino 140000354203728
offset 0 and length 62914560 for ino 140000354204048
offset 0 and length 62914560 for ino 140000354555856
offset 0 and length 62914560 for ino 140000205150800
offset 0 and length 62914560 for ino 140000354556176
offset 0 and length 62914560 for ino 140000205164624
offset 0 and length 62914560 for ino 140000205164944
offset 0 and length 62914560 for ino 140000354204368
offset 0 and length 62914560 for ino 140000205151120
offset 0 and length 62914560 for ino 140000205151440
offset 0 and length 62914560 for ino 140000205151760
offset 0 and length 62914560 for ino 140000205152080
offset 0 and length 62914560 for ino 140000205152400
offset 0 and length 62914560 for ino 140000205152720
offset 0 and length 62914560 for ino 140000205165264
offset 0 and length 62914560 for ino 140000354556496
offset 0 and length 62914560 for ino 140000354556816
offset 0 and length 62914560 for ino 140000354557136
offset 0 and length 62914560 for ino 140000354557456
offset 0 and length 62914560 for ino 140000354557776
offset 0 and length 62914560 for ino 140000354558096
offset 0 and length 62914560 for ino 140000354558416
offset 0 and length 62914560 for ino 140000205153040
offset 0 and length 62914560 for ino 140000205165584
offset 0 and length 62914560 for ino 140000205165904
offset 0 and length 62914560 for ino 140000205166224
offset 0 and length 62914560 for ino 140000070959760
offset 0 and length 62914560 for ino 140000070960080
offset 0 and length 62914560 for ino 140000205166544
offset 0 and length 62914560 for ino 140000205166864
offset 0 and length 62914560 for ino 140000205167184
offset 0 and length 62914560 for ino 140000205167504
offset 0 and length 62914560 for ino 140000354558736
offset 0 and length 62914560 for ino 140000354287952
offset 0 and length 62914560 for ino 140000354559056
offset 0 and length 62914560 for ino 140000354559376
offset 0 and length 62914560 for ino 140000354559696
offset 0 and length 62914560 for ino 140000354560016
offset 0 and length 62914560 for ino 140000354815440
offset 0 and length 62914560 for ino 140000354560336
offset 0 and length 62914560 for ino 140000354560656
offset 0 and length 62914560 for ino 140000354560976
offset 0 and length 62914560 for ino 140000369492944
offset 0 and length 62914560 for ino 140000354561296
offset 0 and length 62914560 for ino 140000359039952
offset 0 and length 62914560 for ino 140000359040272
offset 0 and length 62914560 for ino 140000205153360
offset 0 and length 62914560 for ino 140000205153680
offset 0 and length 62914560 for ino 140000205154000
offset 0 and length 62914560 for ino 140000205154320
offset 0 and length 62914560 for ino 140000070960400
offset 0 and length 62914560 for ino 140000070960720
offset 0 and length 62914560 for ino 140000354561616
offset 0 and length 62914560 for ino 140000070961040
offset 0 and length 62914560 for ino 140000070961360
offset 0 and length 62914560 for ino 140000354204688
offset 0 and length 62914560 for ino 140000354205008
offset 0 and length 62914560 for ino 140000354561936
offset 0 and length 62914560 for ino 140000205154640
offset 0 and length 62914560 for ino 140000205154960
offset 0 and length 62914560 for ino 140000205155280
offset 0 and length 62914560 for ino 140000205155600
offset 0 and length 62914560 for ino 140000205155920
offset 0 and length 62914560 for ino 140000205156240
offset 0 and length 62914560 for ino 140000205156560
offset 0 and length 62914560 for ino 140000369493264
offset 0 and length 62914560 for ino 140000369493584
offset 0 and length 62914560 for ino 140000369493904
offset 0 and length 62914560 for ino 140000354205328
offset 0 and length 62914560 for ino 139999806816272
offset 0 and length 62914560 for ino 139999806816592
offset 0 and length 62914560 for ino 140000205156880
offset 0 and length 62914560 for ino 140000354815760
offset 0 and length 62914560 for ino 140000354816080
offset 0 and length 62914560 for ino 140000205157200
offset 0 and length 62914560 for ino 139999806816912
offset 0 and length 62914560 for ino 140000070961680
offset 0 and length 62914560 for ino 140000070962000
offset 0 and length 62914560 for ino 140000354816400
offset 0 and length 62914560 for ino 140000070962320
offset 0 and length 62914560 for ino 140000070962640
offset 0 and length 62914560 for ino 140000070962960
offset 0 and length 62914560 for ino 140000070963280
offset 0 and length 62914560 for ino 140000354562256
offset 0 and length 62914560 for ino 140000354562576
offset 0 and length 62914560 for ino 140000354562896
offset 0 and length 62914560 for ino 140000205167824
offset 0 and length 62914560 for ino 139999806817232
offset 0 and length 62914560 for ino 140000070963600
offset 0 and length 62914560 for ino 140000070963920
offset 0 and length 62914560 for ino 140000070964240
offset 0 and length 62914560 for ino 139999806817552
offset 0 and length 62914560 for ino 139999806817872
offset 0 and length 62914560 for ino 139999806818192
offset 0 and length 62914560 for ino 139999806818512
offset 0 and length 62914560 for ino 139999806818832
offset 0 and length 62914560 for ino 139999806819152
offset 0 and length 62914560 for ino 139999806819472
offset 0 and length 62914560 for ino 140000354816720
offset 0 and length 62914560 for ino 140000354817040
offset 0 and length 62914560 for ino 140000354817360
offset 0 and length 62914560 for ino 140000359040592
offset 0 and length 62914560 for ino 140000205168144
offset 0 and length 62914560 for ino 140000205157520
offset 0 and length 62914560 for ino 140000070964560
offset 0 and length 62914560 for ino 140000369494224
offset 0 and length 62914560 for ino 140000070964880
offset 0 and length 62914560 for ino 139999806819792
offset 0 and length 62914560 for ino 140000354563216
offset 0 and length 62914560 for ino 140000354563536
offset 0 and length 62914560 for ino 140000354563856
offset 0 and length 62914560 for ino 140000354564176
offset 0 and length 62914560 for ino 140000354564496
offset 0 and length 62914560 for ino 140000354564816
offset 0 and length 62914560 for ino 140000354565136
offset 0 and length 62914560 for ino 140000354565456
offset 0 and length 62914560 for ino 140000369494544
offset 0 and length 62914560 for ino 140000205157840
offset 0 and length 62914560 for ino 140000205158160
offset 0 and length 62914560 for ino 140000205158480
offset 0 and length 62914560 for ino 140000205158800
offset 0 and length 62914560 for ino 140000354817680
offset 0 and length 62914560 for ino 140000354818000
offset 0 and length 62914560 for ino 140000205159120
offset 0 and length 62914560 for ino 140000205159440
offset 0 and length 62914560 for ino 140000354565776
offset 0 and length 62914560 for ino 139999806820112
offset 0 and length 62914560 for ino 139999806820432
offset 0 and length 62914560 for ino 139999806820752
offset 0 and length 62914560 for ino 139999806821072
offset 0 and length 62914560 for ino 139999806821392
offset 0 and length 62914560 for ino 139999806821712
offset 0 and length 62914560 for ino 139999806822032
offset 0 and length 62914560 for ino 139999806822352
offset 0 and length 62914560 for ino 139999806822672
offset 0 and length 62914560 for ino 139999806822992
offset 0 and length 62914560 for ino 139999806823312
offset 0 and length 62914560 for ino 139999806823632
offset 0 and length 62914560 for ino 139999806823952
offset 0 and length 62914560 for ino 139999806824272
offset 0 and length 62914560 for ino 139999806824592
offset 0 and length 62914560 for ino 139990559457296
offset 0 and length 62914560 for ino 139990559457616
offset 0 and length 62914560 for ino 139999806824912
offset 0 and length 62914560 for ino 140000070965200
offset 0 and length 62914560 for ino 139990559457936
offset 0 and length 62914560 for ino 140000205168464
offset 0 and length 62914560 for ino 140000205168784
offset 0 and length 62914560 for ino 139999806825232
offset 0 and length 62914560 for ino 139999806825552
offset 0 and length 62914560 for ino 139999806825872
offset 0 and length 62914560 for ino 139999806826192
offset 0 and length 62914560 for ino 140000205169104
offset 0 and length 62914560 for ino 140000205159760
offset 0 and length 62914560 for ino 140000205160080
offset 0 and length 62914560 for ino 139999806826512
offset 0 and length 62914560 for ino 139999806826832
offset 0 and length 62914560 for ino 139999806827152
offset 0 and length 62914560 for ino 139999806827472
offset 0 and length 62914560 for ino 139999806827792
offset 0 and length 62914560 for ino 139999806828112
offset 0 and length 62914560 for ino 139999806828432
offset 0 and length 62914560 for ino 139990499622928
offset 0 and length 62914560 for ino 139990499623248
offset 0 and length 62914560 for ino 140000354818320
offset 0 and length 62914560 for ino 139990559458256
offset 0 and length 62914560 for ino 139999806828752
offset 0 and length 62914560 for ino 139999806829072
offset 0 and length 62914560 for ino 139999806829392
offset 0 and length 62914560 for ino 139999806829712
offset 0 and length 62914560 for ino 139999806830032
offset 0 and length 62914560 for ino 139990499623568
offset 0 and length 62914560 for ino 139990499623888
offset 0 and length 62914560 for ino 139990499624208
offset 0 and length 62914560 for ino 139990499624528
offset 0 and length 62914560 for ino 139990499624848
offset 0 and length 62914560 for ino 140000359040912
offset 0 and length 62914560 for ino 140000359041232
offset 0 and length 62914560 for ino 140000354818640
offset 0 and length 62914560 for ino 140000354818960
offset 0 and length 62914560 for ino 139990499625168
offset 0 and length 62914560 for ino 139990499625488
offset 0 and length 62914560 for ino 139990559458576
offset 0 and length 62914560 for ino 139999806830352
offset 0 and length 62914560 for ino 140000355861136
offset 0 and length 62914560 for ino 140000355861456
offset 0 and length 62914560 for ino 140000355861776
offset 0 and length 62914560 for ino 139999806830672
offset 0 and length 62914560 for ino 139999806830992
offset 0 and length 62914560 for ino 140000070965520
offset 0 and length 62914560 for ino 140000070965840
offset 0 and length 62914560 for ino 140000070966160
offset 0 and length 62914560 for ino 140000070966480
offset 0 and length 62914560 for ino 140000070966800
offset 0 and length 62914560 for ino 140000070967120
offset 0 and length 62914560 for ino 140000205169424
offset 0 and length 62914560 for ino 140000205169744
offset 0 and length 62914560 for ino 140000205170064
offset 0 and length 62914560 for ino 140000205170384
offset 0 and length 62914560 for ino 139990559458896
offset 0 and length 62914560 for ino 139990559459216
offset 0 and length 62914560 for ino 139990559459536
offset 0 and length 62914560 for ino 139990559459856
offset 0 and length 62914560 for ino 139999806831312
offset 0 and length 62914560 for ino 139999806831632
offset 0 and length 62914560 for ino 139999806831952
offset 0 and length 62914560 for ino 139999806832272
offset 0 and length 62914560 for ino 139988371062800
offset 0 and length 62914560 for ino 139988371063120
offset 0 and length 62914560 for ino 140000205170704
offset 0 and length 62914560 for ino 140000205171024
offset 0 and length 62914560 for ino 140000205171344
offset 0 and length 62914560 for ino 139988371063440
offset 0 and length 62914560 for ino 139990559460176
offset 0 and length 62914560 for ino 140000354819280
offset 0 and length 62914560 for ino 140000354819600
offset 0 and length 62914560 for ino 140000354819920
offset 0 and length 62914560 for ino 139988371063760
offset 0 and length 62914560 for ino 139988371064080
offset 0 and length 62914560 for ino 139988371064400
offset 0 and length 62914560 for ino 139988371064720
offset 0 and length 62914560 for ino 139988371065040
offset 0 and length 62914560 for ino 139988371065360
offset 0 and length 62914560 for ino 139988371065680
offset 0 and length 62914560 for ino 139988371066000
offset 0 and length 62914560 for ino 140000070967440
offset 0 and length 62914560 for ino 140000205171664
offset 0 and length 62914560 for ino 139988371066320
offset 0 and length 62914560 for ino 140000369494864
offset 0 and length 62914560 for ino 140000070967760
offset 0 and length 62914560 for ino 140000070968080
offset 0 and length 62914560 for ino 139990499625808
offset 0 and length 62914560 for ino 139990499626128
offset 0 and length 62914560 for ino 139990499626448
offset 0 and length 62914560 for ino 139990499626768
offset 0 and length 62914560 for ino 139990499627088
offset 0 and length 62914560 for ino 139990499627408
offset 0 and length 62914560 for ino 139990499627728
offset 0 and length 62914560 for ino 139990499628048
offset 0 and length 62914560 for ino 139990499628368
offset 0 and length 62914560 for ino 139990499628688
offset 0 and length 62914560 for ino 139990499629008
offset 0 and length 62914560 for ino 139990499629328
offset 0 and length 62914560 for ino 139988371066640
offset 0 and length 62914560 for ino 140000070968400
offset 0 and length 62914560 for ino 140000070968720
offset 0 and length 62914560 for ino 140000070969040
offset 0 and length 62914560 for ino 139990559460496
offset 0 and length 62914560 for ino 140000354820240
offset 0 and length 62914560 for ino 139990499629648
offset 0 and length 62914560 for ino 139990499629968
offset 0 and length 62914560 for ino 139990499630288
offset 0 and length 62914560 for ino 139990499630608
offset 0 and length 62914560 for ino 139990499630928
offset 0 and length 62914560 for ino 139990499631248
offset 0 and length 62914560 for ino 139990499631568
offset 0 and length 62914560 for ino 139990499631888
offset 0 and length 62914560 for ino 139990499632208
offset 0 and length 62914560 for ino 139990499632528
offset 0 and length 62914560 for ino 139990499632848
offset 0 and length 62914560 for ino 139990499633168
offset 0 and length 62914560 for ino 140000359041552
offset 0 and length 62914560 for ino 139990499633488
offset 0 and length 62914560 for ino 139990499633808
offset 0 and length 62914560 for ino 139990499634128
offset 0 and length 62914560 for ino 139990559460816
offset 0 and length 62914560 for ino 139988371066960
offset 0 and length 62914560 for ino 139988371067280
offset 0 and length 62914560 for ino 139988371067600
offset 0 and length 62914560 for ino 140000205171984
offset 0 and length 62914560 for ino 140000369495184
offset 0 and length 62914560 for ino 140000205172304
offset 0 and length 62914560 for ino 140000070969360
offset 0 and length 62914560 for ino 139990559461136
offset 0 and length 62914560 for ino 140000369495504
offset 0 and length 62914560 for ino 139990559461456
offset 0 and length 62914560 for ino 140000205172624
offset 0 and length 62914560 for ino 139988371067920
offset 0 and length 62914560 for ino 139988371068240
offset 0 and length 62914560 for ino 139988371068560
offset 0 and length 62914560 for ino 139988371068880
offset 0 and length 62914560 for ino 139988371069200
offset 0 and length 62914560 for ino 140000205172944
offset 0 and length 62914560 for ino 140000070969680
offset 0 and length 62914560 for ino 139988371069520
offset 0 and length 62914560 for ino 140000070970000
offset 0 and length 62914560 for ino 140000070970320
offset 0 and length 62914560 for ino 140000369495824
offset 0 and length 62914560 for ino 140000359041872
offset 0 and length 62914560 for ino 139990499634448
offset 0 and length 62914560 for ino 139990499634768
offset 0 and length 62914560 for ino 139990499635088
offset 0 and length 62914560 for ino 139990499635408
offset 0 and length 62914560 for ino 139990499635728
offset 0 and length 62914560 for ino 139990499636048
offset 0 and length 62914560 for ino 140000369496144
offset 0 and length 62914560 for ino 139988371069840
offset 0 and length 62914560 for ino 139988371070160
offset 0 and length 62914560 for ino 139988371070480
offset 0 and length 62914560 for ino 139988371070800
offset 0 and length 62914560 for ino 139988371071120
offset 0 and length 62914560 for ino 140000354820560
offset 0 and length 62914560 for ino 140000354820880
offset 0 and length 62914560 for ino 139990499636368
offset 0 and length 62914560 for ino 140000205173264
offset 0 and length 62914560 for ino 140000369496464
offset 0 and length 62914560 for ino 139988371071440
offset 0 and length 62914560 for ino 139990559461776
offset 0 and length 62914560 for ino 139990559462096
offset 0 and length 62914560 for ino 139990559462416
offset 0 and length 62914560 for ino 139990559462736
offset 0 and length 62914560 for ino 139990559463056
offset 0 and length 62914560 for ino 139990499636688
offset 0 and length 62914560 for ino 139990499637008
offset 0 and length 62914560 for ino 139990499637328
offset 0 and length 62914560 for ino 139990499637648
offset 0 and length 62914560 for ino 139990499637968
offset 0 and length 62914560 for ino 139988371071760
offset 0 and length 62914560 for ino 139988371072080
offset 0 and length 62914560 for ino 139988371072400
offset 0 and length 62914560 for ino 140000369496784
offset 0 and length 62914560 for ino 139988371072720
offset 0 and length 62914560 for ino 139988371073040
offset 0 and length 62914560 for ino 139988371073360
offset 0 and length 62914560 for ino 139988371073680
offset 0 and length 62914560 for ino 139988371074000
offset 0 and length 62914560 for ino 139988371074320
offset 0 and length 62914560 for ino 139988371074640
offset 0 and length 62914560 for ino 139988371074960
offset 0 and length 62914560 for ino 139988371075280
offset 0 and length 62914560 for ino 139988371075600
offset 0 and length 62914560 for ino 139990499638288
offset 0 and length 62914560 for ino 139990499638608
offset 0 and length 62914560 for ino 139990499638928
offset 0 and length 62914560 for ino 139982824062992
offset 0 and length 62914560 for ino 139982824063312
offset 0 and length 62914560 for ino 139982824063632
offset 0 and length 62914560 for ino 139988371075920
offset 0 and length 62914560 for ino 139990559463376
offset 0 and length 62914560 for ino 139982824063952
offset 0 and length 62914560 for ino 139982824064272
offset 0 and length 62914560 for ino 139982824064592
offset 0 and length 62914560 for ino 140000369497104
offset 0 and length 62914560 for ino 140000070970640
offset 0 and length 62914560 for ino 140000070970960
offset 0 and length 62914560 for ino 140000205173584
offset 0 and length 62914560 for ino 140000205173904
offset 0 and length 62914560 for ino 140000205174224
offset 0 and length 62914560 for ino 140000205174544
offset 0 and length 62914560 for ino 140000205174864
offset 0 and length 62914560 for ino 139982824064912
offset 0 and length 62914560 for ino 139982824065232
offset 0 and length 62914560 for ino 139982824065552
offset 0 and length 62914560 for ino 140000070971280
offset 0 and length 62914560 for ino 140000369497424
offset 0 and length 62914560 for ino 140000369497744
offset 0 and length 62914560 for ino 140000369498064
offset 0 and length 62914560 for ino 139982824065872
offset 0 and length 62914560 for ino 139982824066192
offset 0 and length 62914560 for ino 139982824066512
offset 0 and length 62914560 for ino 139982824066832
offset 0 and length 62914560 for ino 139982824067152
offset 0 and length 62914560 for ino 139982824067472
offset 0 and length 62914560 for ino 139982824067792
offset 0 and length 62914560 for ino 139982824068112
offset 0 and length 62914560 for ino 139982824068432
offset 0 and length 62914560 for ino 139988371076240
offset 0 and length 62914560 for ino 140000359042192
offset 0 and length 62914560 for ino 140000359042512
offset 0 and length 62914560 for ino 140000359042832
offset 0 and length 62914560 for ino 140000359043152
offset 0 and length 62914560 for ino 139988371076560
offset 0 and length 62914560 for ino 139982824068752
offset 0 and length 62914560 for ino 140000205175184
offset 0 and length 62914560 for ino 140000205175504
offset 0 and length 62914560 for ino 140000369498384
offset 0 and length 62914560 for ino 140000369498704
offset 0 and length 62914560 for ino 140000369499024
offset 0 and length 62914560 for ino 139982824069072
offset 0 and length 62914560 for ino 140000205175824
offset 0 and length 62914560 for ino 139990559463696
offset 0 and length 62914560 for ino 139988371076880
offset 0 and length 62914560 for ino 140000205176144
offset 0 and length 62914560 for ino 139988371077200
offset 0 and length 62914560 for ino 140000070971600
offset 0 and length 62914560 for ino 139988371077520
offset 0 and length 62914560 for ino 139990559464016
offset 0 and length 62914560 for ino 139988371077840
offset 0 and length 62914560 for ino 139988371078160
offset 0 and length 62914560 for ino 140000070971920
offset 0 and length 62914560 for ino 140000070972240
offset 0 and length 62914560 for ino 140000070972560
