Harness starting.
 /home/sevag/CLionProjects/FuseFileSystemBoC/cmake-build-release/FuseFileSystemBoC --seed 3611579891

Pinning to Core:40
creating 512 mb file systemoffset 0 and length 20971520 for ino 139534138523664
offset 0 and length 20971520 for ino 139534138785808
offset 0 and length 20971520 for ino 139534138786128
offset 0 and length 20971520 for ino 139534138786448
offset 0 and length 20971520 for ino 139534138786768
offset 0 and length 20971520 for ino 139534138787088
offset 0 and length 20971520 for ino 139534138787408
offset 0 and length 20971520 for ino 139534138787728
offset 0 and length 20971520 for ino 139534138788048
offset 0 and length 20971520 for ino 139534138788368
offset 0 and length 20971520 for ino 139534138788688
offset 0 and length 20971520 for ino 139534138789008
offset 0 and length 20971520 for ino 139534138789328
offset 0 and length 20971520 for ino 139534138789648
offset 0 and length 20971520 for ino 139534138789968
offset 0 and length 20971520 for ino 139534138790288
offset 0 and length 20971520 for ino 139534138790608
offset 0 and length 20971520 for ino 139534138790928
offset 0 and length 20971520 for ino 139534138791248
offset 0 and length 20971520 for ino 139534138791568
offset 0 and length 20971520 for ino 139534138791888
offset 0 and length 20971520 for ino 139534138792208
offset 0 and length 20971520 for ino 139534138792528
offset 0 and length 20971520 for ino 139534138792848
offset 0 and length 20971520 for ino 139534138793168
offset 0 and length 20971520 for ino 139534138793488
offset 0 and length 20971520 for ino 139534138793808
offset 0 and length 20971520 for ino 139534138794128
offset 0 and length 20971520 for ino 139534138794448
offset 0 and length 20971520 for ino 139534138794768
offset 0 and length 20971520 for ino 139534138795088
offset 0 and length 20971520 for ino 139534138795408
offset 0 and length 20971520 for ino 139534138795728
offset 0 and length 20971520 for ino 139534138796048
offset 0 and length 20971520 for ino 139534138796368
offset 0 and length 20971520 for ino 139534138796688
offset 0 and length 20971520 for ino 139534138797008
offset 0 and length 20971520 for ino 139534138797328
offset 0 and length 20971520 for ino 139534138797648
offset 0 and length 20971520 for ino 139534138797968
offset 0 and length 20971520 for ino 139534138798288
offset 0 and length 20971520 for ino 139534138798608
offset 0 and length 20971520 for ino 139534138798928
offset 0 and length 20971520 for ino 139534138799248
offset 0 and length 20971520 for ino 139534138799568
offset 0 and length 20971520 for ino 139534138799888
offset 0 and length 20971520 for ino 139534138800208
offset 0 and length 20971520 for ino 139534138800528
offset 0 and length 20971520 for ino 139534138800848
offset 0 and length 20971520 for ino 139534138801168
offset 0 and length 20971520 for ino 139534138801488
offset 0 and length 20971520 for ino 139534138801808
offset 0 and length 20971520 for ino 139533983186960
offset 0 and length 20971520 for ino 139533983187280
offset 0 and length 20971520 for ino 139533983187600
offset 0 and length 20971520 for ino 139533983187920
offset 0 and length 20971520 for ino 139533983188240
offset 0 and length 20971520 for ino 139533983188560
offset 0 and length 20971520 for ino 139533983188880
offset 0 and length 20971520 for ino 139533983189200
offset 0 and length 20971520 for ino 139533983189520
offset 0 and length 20971520 for ino 139533983189840
offset 0 and length 20971520 for ino 139533983190160
offset 0 and length 20971520 for ino 139533983190480
offset 0 and length 20971520 for ino 139533983190800
offset 0 and length 20971520 for ino 139533983191120
offset 0 and length 20971520 for ino 139533983191440
offset 0 and length 20971520 for ino 139533983191760
offset 0 and length 20971520 for ino 139533983192080
offset 0 and length 20971520 for ino 139533983192400
offset 0 and length 20971520 for ino 139533983192720
offset 0 and length 20971520 for ino 139533983193040
offset 0 and length 20971520 for ino 139533983193360
offset 0 and length 20971520 for ino 139533983193680
offset 0 and length 20971520 for ino 139533983194000
offset 0 and length 20971520 for ino 139533983194320
offset 0 and length 20971520 for ino 139533983194640
offset 0 and length 20971520 for ino 139533983194960
offset 0 and length 20971520 for ino 139533983195280
offset 0 and length 20971520 for ino 139533983195600
offset 0 and length 20971520 for ino 139533983195920
offset 0 and length 20971520 for ino 139533983196240
offset 0 and length 20971520 for ino 139533983196560
offset 0 and length 20971520 for ino 139533983196880
offset 0 and length 20971520 for ino 139533983197200
offset 0 and length 20971520 for ino 139533983197520
offset 0 and length 20971520 for ino 139533983197840
offset 0 and length 20971520 for ino 139533983198160
offset 0 and length 20971520 for ino 139533983198480
offset 0 and length 20971520 for ino 139533983198800
offset 0 and length 20971520 for ino 139533983199120
offset 0 and length 20971520 for ino 139533983199440
offset 0 and length 20971520 for ino 139533983199760
offset 0 and length 20971520 for ino 139533983200080
offset 0 and length 20971520 for ino 139533983200400
offset 0 and length 20971520 for ino 139533983200720
offset 0 and length 20971520 for ino 139533983201040
offset 0 and length 20971520 for ino 139533983201360
offset 0 and length 20971520 for ino 139533983201680
offset 0 and length 20971520 for ino 139533983202000
offset 0 and length 20971520 for ino 139533983202320
offset 0 and length 20971520 for ino 139533983202640
offset 0 and length 20971520 for ino 139533983202960
offset 0 and length 20971520 for ino 139533939163152
offset 0 and length 20971520 for ino 139533939163472
offset 0 and length 20971520 for ino 139533974749200
offset 0 and length 20971520 for ino 139533991477264
offset 0 and length 20971520 for ino 139533991477584
offset 0 and length 20971520 for ino 139533991477904
offset 0 and length 20971520 for ino 139533991478224
offset 0 and length 20971520 for ino 139533991478544
offset 0 and length 20971520 for ino 139533991478864
offset 0 and length 20971520 for ino 139533991479184
offset 0 and length 20971520 for ino 139533991479504
offset 0 and length 20971520 for ino 139533991479824
offset 0 and length 20971520 for ino 139533991480144
offset 0 and length 20971520 for ino 139533991480464
offset 0 and length 20971520 for ino 139533991480784
offset 0 and length 20971520 for ino 139533991481104
offset 0 and length 20971520 for ino 139533991481424
offset 0 and length 20971520 for ino 139533991481744
offset 0 and length 20971520 for ino 139533991482064
offset 0 and length 20971520 for ino 139533991482384
offset 0 and length 20971520 for ino 139533991482704
offset 0 and length 20971520 for ino 139533991483024
offset 0 and length 20971520 for ino 139533991483344
offset 0 and length 20971520 for ino 139533991483664
offset 0 and length 20971520 for ino 139533991483984
offset 0 and length 20971520 for ino 139533991484304
offset 0 and length 20971520 for ino 139533991484624
offset 0 and length 20971520 for ino 139533991484944
offset 0 and length 20971520 for ino 139533991485264
offset 0 and length 20971520 for ino 139533991485584
offset 0 and length 20971520 for ino 139533991485904
offset 0 and length 20971520 for ino 139533991486224
offset 0 and length 20971520 for ino 139533991486544
offset 0 and length 20971520 for ino 139533991486864
offset 0 and length 20971520 for ino 139533991487184
offset 0 and length 20971520 for ino 139533991487504
offset 0 and length 20971520 for ino 139533991487824
offset 0 and length 20971520 for ino 139533991488144
offset 0 and length 20971520 for ino 139533991488464
offset 0 and length 20971520 for ino 139533991488784
offset 0 and length 20971520 for ino 139533991489104
offset 0 and length 20971520 for ino 139533991489424
offset 0 and length 20971520 for ino 139533991489744
offset 0 and length 20971520 for ino 139533991490064
offset 0 and length 20971520 for ino 139533991490384
offset 0 and length 20971520 for ino 139533991490704
offset 0 and length 20971520 for ino 139533991491024
offset 0 and length 20971520 for ino 139533991491344
offset 0 and length 20971520 for ino 139533991491664
offset 0 and length 20971520 for ino 139533991491984
offset 0 and length 20971520 for ino 139533991492304
offset 0 and length 20971520 for ino 139533991492624
offset 0 and length 20971520 for ino 139533991492944
offset 0 and length 20971520 for ino 139533991493264
offset 0 and length 20971520 for ino 139533924466704
offset 0 and length 20971520 for ino 139533924467024
offset 0 and length 20971520 for ino 139533924467344
offset 0 and length 20971520 for ino 139533924467664
offset 0 and length 20971520 for ino 139533924467984
offset 0 and length 20971520 for ino 139533924468304
offset 0 and length 20971520 for ino 139533924468624
offset 0 and length 20971520 for ino 139533924468944
offset 0 and length 20971520 for ino 139533924469264
offset 0 and length 20971520 for ino 139533924469584
offset 0 and length 20971520 for ino 139533924469904
offset 0 and length 20971520 for ino 139533924470224
offset 0 and length 20971520 for ino 139533924470544
offset 0 and length 20971520 for ino 139533924470864
offset 0 and length 20971520 for ino 139533924471184
offset 0 and length 20971520 for ino 139533924471504
offset 0 and length 20971520 for ino 139533924471824
offset 0 and length 20971520 for ino 139533924472144
offset 0 and length 20971520 for ino 139533924472464
offset 0 and length 20971520 for ino 139533924472784
offset 0 and length 20971520 for ino 139533924473104
offset 0 and length 20971520 for ino 139533924473424
offset 0 and length 20971520 for ino 139534138523984
offset 0 and length 20971520 for ino 139533939163792
offset 0 and length 20971520 for ino 139533939164112
offset 0 and length 20971520 for ino 139533939164432
offset 0 and length 20971520 for ino 139533939164752
offset 0 and length 20971520 for ino 139533939165072
offset 0 and length 20971520 for ino 139533939165392
offset 0 and length 20971520 for ino 139533939165712
offset 0 and length 20971520 for ino 139533939166032
offset 0 and length 20971520 for ino 139533939166352
offset 0 and length 20971520 for ino 139533939166672
offset 0 and length 20971520 for ino 139533939166992
offset 0 and length 20971520 for ino 139533939167312
offset 0 and length 20971520 for ino 139533939167632
offset 0 and length 20971520 for ino 139533939167952
offset 0 and length 20971520 for ino 139533939168272
offset 0 and length 20971520 for ino 139533939168592
offset 0 and length 20971520 for ino 139533939168912
offset 0 and length 20971520 for ino 139533939169232
offset 0 and length 20971520 for ino 139533939169552
offset 0 and length 20971520 for ino 139533939169872
offset 0 and length 20971520 for ino 139533939170192
offset 0 and length 20971520 for ino 139533939170512
offset 0 and length 20971520 for ino 139533939170832
offset 0 and length 20971520 for ino 139533939171152
offset 0 and length 20971520 for ino 139533939171472
offset 0 and length 20971520 for ino 139533939171792
offset 0 and length 20971520 for ino 139533939172112
offset 0 and length 20971520 for ino 139534138425360
offset 0 and length 20971520 for ino 139533974749520
offset 0 and length 20971520 for ino 139533974749840
offset 0 and length 20971520 for ino 139533974750160
offset 0 and length 20971520 for ino 139533974750480
offset 0 and length 20971520 for ino 139533974750800
offset 0 and length 20971520 for ino 139533974751120
offset 0 and length 20971520 for ino 139533974751440
offset 0 and length 20971520 for ino 139533974751760
offset 0 and length 20971520 for ino 139533974752080
offset 0 and length 20971520 for ino 139533974752400
offset 0 and length 20971520 for ino 139533974752720
offset 0 and length 20971520 for ino 139533974753040
offset 0 and length 20971520 for ino 139533974753360
offset 0 and length 20971520 for ino 139533974753680
offset 0 and length 20971520 for ino 139533974754000
offset 0 and length 20971520 for ino 139533974754320
offset 0 and length 20971520 for ino 139533974754640
offset 0 and length 20971520 for ino 139533974754960
offset 0 and length 20971520 for ino 139533974755280
offset 0 and length 20971520 for ino 139533974755600
offset 0 and length 20971520 for ino 139533974755920
offset 0 and length 20971520 for ino 139533974756240
offset 0 and length 20971520 for ino 139533974756560
offset 0 and length 20971520 for ino 139533974756880
offset 0 and length 20971520 for ino 139533974757200
offset 0 and length 20971520 for ino 139533974757520
offset 0 and length 20971520 for ino 139533974757840
offset 0 and length 20971520 for ino 139533974758160
offset 0 and length 20971520 for ino 139533974758480
offset 0 and length 20971520 for ino 139533974758800
offset 0 and length 20971520 for ino 139533974759120
offset 0 and length 20971520 for ino 139533974759440
offset 0 and length 20971520 for ino 139533974759760
offset 0 and length 20971520 for ino 139533974760080
offset 0 and length 20971520 for ino 139533974760400
offset 0 and length 20971520 for ino 139533974760720
offset 0 and length 20971520 for ino 139533974761040
offset 0 and length 20971520 for ino 139533974761360
offset 0 and length 20971520 for ino 139533974761680
offset 0 and length 20971520 for ino 139533974762000
offset 0 and length 20971520 for ino 139533974762320
offset 0 and length 20971520 for ino 139533974762640
offset 0 and length 20971520 for ino 139533974762960
offset 0 and length 20971520 for ino 139533974763280
offset 0 and length 20971520 for ino 139533974763600
offset 0 and length 20971520 for ino 139533974763920
offset 0 and length 20971520 for ino 139533974764240
offset 0 and length 20971520 for ino 139533974764560
offset 0 and length 20971520 for ino 139533974764880
offset 0 and length 20971520 for ino 139533974765200
offset 0 and length 20971520 for ino 139533681197072
offset 0 and length 20971520 for ino 139533681197392
offset 0 and length 20971520 for ino 139533681197712
offset 0 and length 20971520 for ino 139533681198032
offset 0 and length 20971520 for ino 139533681198352
offset 0 and length 20971520 for ino 139533681198672
offset 0 and length 20971520 for ino 139533681198992
offset 0 and length 20971520 for ino 139533681199312
offset 0 and length 20971520 for ino 139533681199632
offset 0 and length 20971520 for ino 139533681199952
offset 0 and length 20971520 for ino 139533681200272
offset 0 and length 20971520 for ino 139533681200592
offset 0 and length 20971520 for ino 139533681200912
offset 0 and length 20971520 for ino 139533681201232
offset 0 and length 20971520 for ino 139533681201552
offset 0 and length 20971520 for ino 139533681201872
offset 0 and length 20971520 for ino 139533681202192
offset 0 and length 20971520 for ino 139533681202512
offset 0 and length 20971520 for ino 139533681202832
offset 0 and length 20971520 for ino 139533681203152
offset 0 and length 20971520 for ino 139533681203472
offset 0 and length 20971520 for ino 139533920223248
offset 0 and length 20971520 for ino 139533920223568
offset 0 and length 20971520 for ino 139533920223888
offset 0 and length 20971520 for ino 139533920224208
offset 0 and length 20971520 for ino 139533920224528
offset 0 and length 20971520 for ino 139533920224848
offset 0 and length 20971520 for ino 139533920225168
offset 0 and length 20971520 for ino 139533920225488
offset 0 and length 20971520 for ino 139533920225808
offset 0 and length 20971520 for ino 139533920226128
offset 0 and length 20971520 for ino 139533920226448
offset 0 and length 20971520 for ino 139533920226768
offset 0 and length 20971520 for ino 139533920227088
offset 0 and length 20971520 for ino 139533920227408
offset 0 and length 20971520 for ino 139533920227728
offset 0 and length 20971520 for ino 139533920228048
offset 0 and length 20971520 for ino 139533920228368
offset 0 and length 20971520 for ino 139533920228688
offset 0 and length 20971520 for ino 139533920229008
offset 0 and length 20971520 for ino 139533920229328
offset 0 and length 20971520 for ino 139533920229648
offset 0 and length 20971520 for ino 139533920229968
offset 0 and length 20971520 for ino 139533920230288
offset 0 and length 20971520 for ino 139533920230608
offset 0 and length 20971520 for ino 139533920230928
offset 0 and length 20971520 for ino 139533920231248
offset 0 and length 20971520 for ino 139533920231568
offset 0 and length 20971520 for ino 139533920231888
offset 0 and length 20971520 for ino 139533920232208
offset 0 and length 20971520 for ino 139533920232528
offset 0 and length 20971520 for ino 139533920232848
offset 0 and length 20971520 for ino 139533920233168
offset 0 and length 20971520 for ino 139533920233488
offset 0 and length 20971520 for ino 139533920233808
offset 0 and length 20971520 for ino 139533920234128
offset 0 and length 20971520 for ino 139533920234448
offset 0 and length 20971520 for ino 139533920234768
offset 0 and length 20971520 for ino 139533920235088
offset 0 and length 20971520 for ino 139533920235408
offset 0 and length 20971520 for ino 139533920235728
offset 0 and length 20971520 for ino 139533920236048
offset 0 and length 20971520 for ino 139533920236368
offset 0 and length 20971520 for ino 139533920236688
offset 0 and length 20971520 for ino 139533920237008
offset 0 and length 20971520 for ino 139533920237328
offset 0 and length 20971520 for ino 139533920237648
offset 0 and length 20971520 for ino 139533920237968
offset 0 and length 20971520 for ino 139533920238288
offset 0 and length 20971520 for ino 139533920238608
offset 0 and length 20971520 for ino 139533920238928
offset 0 and length 20971520 for ino 139533920239248
offset 0 and length 20971520 for ino 139533670711312
offset 0 and length 20971520 for ino 139533670711632
offset 0 and length 20971520 for ino 139533670711952
offset 0 and length 20971520 for ino 139533670712272
offset 0 and length 20971520 for ino 139533670712592
offset 0 and length 20971520 for ino 139533670712912
offset 0 and length 20971520 for ino 139533670713232
offset 0 and length 20971520 for ino 139533670713552
offset 0 and length 20971520 for ino 139533670713872
offset 0 and length 20971520 for ino 139533670714192
offset 0 and length 20971520 for ino 139533670714512
offset 0 and length 20971520 for ino 139533670714832
offset 0 and length 20971520 for ino 139533670715152
offset 0 and length 20971520 for ino 139533670715472
offset 0 and length 20971520 for ino 139533670715792
offset 0 and length 20971520 for ino 139533670716112
offset 0 and length 20971520 for ino 139533670716432
offset 0 and length 20971520 for ino 139533670716752
offset 0 and length 20971520 for ino 139533670717072
offset 0 and length 20971520 for ino 139533670717392
offset 0 and length 20971520 for ino 139533670717712
offset 0 and length 20971520 for ino 139533670718032
offset 0 and length 20971520 for ino 139533670718352
offset 0 and length 20971520 for ino 139533670718672
offset 0 and length 20971520 for ino 139533670718992
offset 0 and length 20971520 for ino 139533670719312
offset 0 and length 20971520 for ino 139533670719632
offset 0 and length 20971520 for ino 139533670719952
offset 0 and length 20971520 for ino 139533670720272
offset 0 and length 20971520 for ino 139533670720592
offset 0 and length 20971520 for ino 139533670720912
offset 0 and length 20971520 for ino 139533670721232
offset 0 and length 20971520 for ino 139533670721552
offset 0 and length 20971520 for ino 139533670721872
offset 0 and length 20971520 for ino 139533670722192
offset 0 and length 20971520 for ino 139533670722512
offset 0 and length 20971520 for ino 139533670722832
offset 0 and length 20971520 for ino 139533670723152
offset 0 and length 20971520 for ino 139533670723472
offset 0 and length 20971520 for ino 139533670723792
offset 0 and length 20971520 for ino 139533670724112
offset 0 and length 20971520 for ino 139533670724432
offset 0 and length 20971520 for ino 139533670724752
offset 0 and length 20971520 for ino 139533670725072
offset 0 and length 20971520 for ino 139533670725392
offset 0 and length 20971520 for ino 139533670725712
offset 0 and length 20971520 for ino 139533670726032
offset 0 and length 20971520 for ino 139533670726352
offset 0 and length 20971520 for ino 139533670726672
offset 0 and length 20971520 for ino 139533670726992
offset 0 and length 20971520 for ino 139533670727312
offset 0 and length 20971520 for ino 139533653950480
offset 0 and length 20971520 for ino 139533653950800
offset 0 and length 20971520 for ino 139533653951120
offset 0 and length 20971520 for ino 139533653951440
offset 0 and length 20971520 for ino 139533653951760
offset 0 and length 20971520 for ino 139533653952080
offset 0 and length 20971520 for ino 139533653952400
offset 0 and length 20971520 for ino 139533653952720
offset 0 and length 20971520 for ino 139533653953040
offset 0 and length 20971520 for ino 139533653953360
offset 0 and length 20971520 for ino 139533653953680
offset 0 and length 20971520 for ino 139533653954000
offset 0 and length 20971520 for ino 139533653954320
offset 0 and length 20971520 for ino 139533653954640
offset 0 and length 20971520 for ino 139533653954960
offset 0 and length 20971520 for ino 139533653955280
offset 0 and length 20971520 for ino 139533653955600
offset 0 and length 20971520 for ino 139533653955920
offset 0 and length 20971520 for ino 139533653956240
offset 0 and length 20971520 for ino 139533653956560
offset 0 and length 20971520 for ino 139533653956880
offset 0 and length 20971520 for ino 139533653957200
offset 0 and length 20971520 for ino 139533653957520
offset 0 and length 20971520 for ino 139533653957840
offset 0 and length 20971520 for ino 139533653958160
offset 0 and length 20971520 for ino 139533653958480
offset 0 and length 20971520 for ino 139533653958800
offset 0 and length 20971520 for ino 139533653959120
offset 0 and length 20971520 for ino 139533653959440
offset 0 and length 20971520 for ino 139533653959760
offset 0 and length 20971520 for ino 139533653960080
offset 0 and length 20971520 for ino 139533653960400
offset 0 and length 20971520 for ino 139533653960720
offset 0 and length 20971520 for ino 139533653961040
offset 0 and length 20971520 for ino 139533653961360
offset 0 and length 20971520 for ino 139533653961680
offset 0 and length 20971520 for ino 139533936951312
offset 0 and length 20971520 for ino 139533936951632
offset 0 and length 20971520 for ino 139533936951952
offset 0 and length 20971520 for ino 139533936952272
offset 0 and length 20971520 for ino 139533936952592
offset 0 and length 20971520 for ino 139533936952912
offset 0 and length 20971520 for ino 139533936953232
offset 0 and length 20971520 for ino 139533936953552
offset 0 and length 20971520 for ino 139533936953872
offset 0 and length 20971520 for ino 139533936954192
offset 0 and length 20971520 for ino 139533936954512
offset 0 and length 20971520 for ino 139533936954832
offset 0 and length 20971520 for ino 139533936955152
offset 0 and length 20971520 for ino 139533936955472
offset 0 and length 20971520 for ino 139533936955792
offset 0 and length 20971520 for ino 139533936956112
offset 0 and length 20971520 for ino 139533936956432
offset 0 and length 20971520 for ino 139533936956752
offset 0 and length 20971520 for ino 139533936957072
offset 0 and length 20971520 for ino 139533936957392
offset 0 and length 20971520 for ino 139533936957712
offset 0 and length 20971520 for ino 139533936958032
offset 0 and length 20971520 for ino 139533936958352
offset 0 and length 20971520 for ino 139533936958672
offset 0 and length 20971520 for ino 139533936958992
offset 0 and length 20971520 for ino 139533936959312
offset 0 and length 20971520 for ino 139533936959632
offset 0 and length 20971520 for ino 139533936959952
offset 0 and length 20971520 for ino 139533936960272
offset 0 and length 20971520 for ino 139533936960592
offset 0 and length 20971520 for ino 139533936960912
offset 0 and length 20971520 for ino 139533936961232
offset 0 and length 20971520 for ino 139533936961552
offset 0 and length 20971520 for ino 139533936961872
offset 0 and length 20971520 for ino 139533936962192
offset 0 and length 20971520 for ino 139533936962512
offset 0 and length 20971520 for ino 139533936962832
offset 0 and length 20971520 for ino 139533936963152
offset 0 and length 20971520 for ino 139533936963472
offset 0 and length 20971520 for ino 139533936963792
offset 0 and length 20971520 for ino 139533936964112
offset 0 and length 20971520 for ino 139533936964432
offset 0 and length 20971520 for ino 139533936964752
offset 0 and length 20971520 for ino 139533936965072
offset 0 and length 20971520 for ino 139533936965392
offset 0 and length 20971520 for ino 139533936965712
offset 0 and length 20971520 for ino 139533936966032
offset 0 and length 20971520 for ino 139533936966352
offset 0 and length 20971520 for ino 139533936966672
offset 0 and length 20971520 for ino 139533936966992
offset 0 and length 20971520 for ino 139533936967312
offset 0 and length 20971520 for ino 139533412761616
offset 0 and length 20971520 for ino 139533412761936
offset 0 and length 20971520 for ino 139533412762256
offset 0 and length 20971520 for ino 139533412762576
offset 0 and length 20971520 for ino 139533412762896
offset 0 and length 20971520 for ino 139533412763216
offset 0 and length 20971520 for ino 139533412763536
offset 0 and length 20971520 for ino 139533412763856
offset 0 and length 20971520 for ino 139533412764176
offset 0 and length 20971520 for ino 139533412764496
offset 0 and length 20971520 for ino 139533412764816
offset 0 and length 20971520 for ino 139533412765136
offset 0 and length 20971520 for ino 139533412765456
offset 0 and length 20971520 for ino 139533412765776
offset 0 and length 20971520 for ino 139533412766096
offset 0 and length 20971520 for ino 139533412766416
offset 0 and length 20971520 for ino 139533412766736
offset 0 and length 20971520 for ino 139533412767056
offset 0 and length 20971520 for ino 139533412767376
offset 0 and length 20971520 for ino 139533412767696
offset 0 and length 20971520 for ino 139533412768016
offset 0 and length 20971520 for ino 139533412768336
offset 0 and length 20971520 for ino 139533412768656
offset 0 and length 20971520 for ino 139533412768976
offset 0 and length 20971520 for ino 139533412769296
offset 0 and length 20971520 for ino 139533412769616
offset 0 and length 20971520 for ino 139533412769936
offset 0 and length 20971520 for ino 139533412770256
offset 0 and length 20971520 for ino 139533412770576
offset 0 and length 20971520 for ino 139533412770896
offset 0 and length 20971520 for ino 139533412771216
offset 0 and length 20971520 for ino 139533412771536
offset 0 and length 20971520 for ino 139534138425680
offset 0 and length 20971520 for ino 139534138426000
offset 0 and length 20971520 for ino 139534139555856
offset 0 and length 20971520 for ino 139534139556176
offset 0 and length 20971520 for ino 139534139556496
offset 0 and length 20971520 for ino 139534139556816
offset 0 and length 20971520 for ino 139534139557136
offset 0 and length 20971520 for ino 139534139557456
offset 0 and length 20971520 for ino 139534139557776
offset 0 and length 20971520 for ino 139534139558096
offset 0 and length 20971520 for ino 139534139558416
offset 0 and length 20971520 for ino 139534139558736
