Harness starting.
 /home/sevag/CLionProjects/FuseFileSystemBoC/cmake-build-release/FuseFileSystemBoC --seed 3760280445

Pinning to Core:40
creating 512 mb file systemoffset 0 and length 2097152 for ino 139558419349520
offset 0 and length 2097152 for ino 139558419349840
offset 0 and length 2097152 for ino 139558419350160
offset 0 and length 2097152 for ino 139558419546128
offset 0 and length 2097152 for ino 139558419546448
offset 0 and length 2097152 for ino 139558419513360
offset 0 and length 2097152 for ino 139558419350480
offset 0 and length 2097152 for ino 139558419677200
offset 0 and length 2097152 for ino 139558419350800
offset 0 and length 2097152 for ino 139558419351120
offset 0 and length 2097152 for ino 139558419351440
offset 0 and length 2097152 for ino 139558419351760
offset 0 and length 2097152 for ino 139558420004880
offset 0 and length 2097152 for ino 139558419352080
offset 0 and length 2097152 for ino 139558419352400
offset 0 and length 2097152 for ino 139558419352720
offset 0 and length 2097152 for ino 139558419353040
offset 0 and length 2097152 for ino 139558419353360
offset 0 and length 2097152 for ino 139558419353680
offset 0 and length 2097152 for ino 139558419354000
offset 0 and length 2097152 for ino 139558419354320
offset 0 and length 2097152 for ino 139558419354640
offset 0 and length 2097152 for ino 139558419354960
offset 0 and length 2097152 for ino 139558419355280
offset 0 and length 2097152 for ino 139558419355600
offset 0 and length 2097152 for ino 139558419355920
offset 0 and length 2097152 for ino 139558419356240
offset 0 and length 2097152 for ino 139558419356560
offset 0 and length 2097152 for ino 139558419356880
offset 0 and length 2097152 for ino 139558419357200
offset 0 and length 2097152 for ino 139558419357520
offset 0 and length 2097152 for ino 139558419357840
offset 0 and length 2097152 for ino 139558419358160
offset 0 and length 2097152 for ino 139558419358480
offset 0 and length 2097152 for ino 139558419358800
offset 0 and length 2097152 for ino 139558419359120
offset 0 and length 2097152 for ino 139558419359440
offset 0 and length 2097152 for ino 139558419359760
offset 0 and length 2097152 for ino 139558419360080
offset 0 and length 2097152 for ino 139558419360400
offset 0 and length 2097152 for ino 139558419360720
offset 0 and length 2097152 for ino 139558419361040
offset 0 and length 2097152 for ino 139558419361360
offset 0 and length 2097152 for ino 139558419361680
offset 0 and length 2097152 for ino 139558419362000
offset 0 and length 2097152 for ino 139558419677520
offset 0 and length 2097152 for ino 139558420496400
offset 0 and length 2097152 for ino 139558420529168
offset 0 and length 2097152 for ino 139558419362320
offset 0 and length 2097152 for ino 139558419362640
offset 0 and length 2097152 for ino 139558422364176
offset 0 and length 2097152 for ino 139558419362960
offset 0 and length 2097152 for ino 139558419363280
offset 0 and length 2097152 for ino 139558419363600
offset 0 and length 2097152 for ino 139558419363920
offset 0 and length 2097152 for ino 139558419364240
offset 0 and length 2097152 for ino 139558419364560
offset 0 and length 2097152 for ino 139558419364880
offset 0 and length 2097152 for ino 139558419365200
offset 0 and length 2097152 for ino 139558419546768
offset 0 and length 2097152 for ino 139558420529488
offset 0 and length 2097152 for ino 139558420529808
offset 0 and length 2097152 for ino 139558419513680
offset 0 and length 2097152 for ino 139558422364496
offset 0 and length 2097152 for ino 139558419365520
offset 0 and length 2097152 for ino 139558421872656
offset 0 and length 2097152 for ino 139558421872976
offset 0 and length 2097152 for ino 139558421873296
offset 0 and length 2097152 for ino 139558421873616
offset 0 and length 2097152 for ino 139558421873936
offset 0 and length 2097152 for ino 139558419677840
offset 0 and length 2097152 for ino 139558420005200
offset 0 and length 2097152 for ino 139558421874256
offset 0 and length 2097152 for ino 139558419547088
offset 0 and length 2097152 for ino 139558422364816
offset 0 and length 2097152 for ino 139558421874576
offset 0 and length 2097152 for ino 139558421874896
offset 0 and length 2097152 for ino 139558421875216
offset 0 and length 2097152 for ino 139558421875536
offset 0 and length 2097152 for ino 139558421875856
offset 0 and length 2097152 for ino 139558421876176
offset 0 and length 2097152 for ino 139558421876496
offset 0 and length 2097152 for ino 139558421876816
offset 0 and length 2097152 for ino 139558421877136
offset 0 and length 2097152 for ino 139558421877456
offset 0 and length 2097152 for ino 139558419547408
offset 0 and length 2097152 for ino 139558421877776
offset 0 and length 2097152 for ino 139558421878096
offset 0 and length 2097152 for ino 139558421878416
offset 0 and length 2097152 for ino 139558421878736
offset 0 and length 2097152 for ino 139558420005520
offset 0 and length 2097152 for ino 139558419547728
offset 0 and length 2097152 for ino 139558420005840
offset 0 and length 2097152 for ino 139558419678160
offset 0 and length 2097152 for ino 139558419678480
offset 0 and length 2097152 for ino 139558419251216
offset 0 and length 2097152 for ino 139558419251536
offset 0 and length 2097152 for ino 139558419251856
offset 0 and length 2097152 for ino 139558421879056
offset 0 and length 2097152 for ino 139558421879376
offset 0 and length 2097152 for ino 139558421879696
offset 0 and length 2097152 for ino 139558421880016
offset 0 and length 2097152 for ino 139558421880336
offset 0 and length 2097152 for ino 139558419252176
offset 0 and length 2097152 for ino 139558421880656
offset 0 and length 2097152 for ino 139558421880976
offset 0 and length 2097152 for ino 139558421881296
offset 0 and length 2097152 for ino 139558419514000
offset 0 and length 2097152 for ino 139558419514320
offset 0 and length 2097152 for ino 139558422495248
offset 0 and length 2097152 for ino 139558421881616
offset 0 and length 2097152 for ino 139558420496720
offset 0 and length 2097152 for ino 139558421881936
offset 0 and length 2097152 for ino 139558421882256
offset 0 and length 2097152 for ino 139558420497040
offset 0 and length 2097152 for ino 139558422365136
offset 0 and length 2097152 for ino 139558421882576
offset 0 and length 2097152 for ino 139558421882896
offset 0 and length 2097152 for ino 139558421883216
offset 0 and length 2097152 for ino 139558421883536
offset 0 and length 2097152 for ino 139558421883856
offset 0 and length 2097152 for ino 139558421884176
offset 0 and length 2097152 for ino 139558421884496
offset 0 and length 2097152 for ino 139558421884816
offset 0 and length 2097152 for ino 139558421885136
offset 0 and length 2097152 for ino 139558421885456
offset 0 and length 2097152 for ino 139558421885776
offset 0 and length 2097152 for ino 139558421886096
offset 0 and length 2097152 for ino 139558421886416
offset 0 and length 2097152 for ino 139558421886736
offset 0 and length 2097152 for ino 139558421887056
offset 0 and length 2097152 for ino 139558421887376
offset 0 and length 2097152 for ino 139558421887696
offset 0 and length 2097152 for ino 139558421888016
offset 0 and length 2097152 for ino 139558421888336
offset 0 and length 2097152 for ino 139558420530128
offset 0 and length 2097152 for ino 139558420530448
offset 0 and length 2097152 for ino 139558420530768
offset 0 and length 2097152 for ino 139558419252496
offset 0 and length 2097152 for ino 139558419252816
offset 0 and length 2097152 for ino 139558419253136
offset 0 and length 2097152 for ino 139558422365456
offset 0 and length 2097152 for ino 139558422365776
offset 0 and length 2097152 for ino 139558419514640
offset 0 and length 2097152 for ino 139558422366096
offset 0 and length 2097152 for ino 139558420006160
offset 0 and length 2097152 for ino 139558420531088
offset 0 and length 2097152 for ino 139558420006480
offset 0 and length 2097152 for ino 139558420006800
offset 0 and length 2097152 for ino 139558420007120
offset 0 and length 2097152 for ino 139558422495568
offset 0 and length 2097152 for ino 139558421888656
offset 0 and length 2097152 for ino 139558424576016
offset 0 and length 2097152 for ino 139558424576336
offset 0 and length 2097152 for ino 139558424576656
offset 0 and length 2097152 for ino 139558424576976
offset 0 and length 2097152 for ino 139558424577296
offset 0 and length 2097152 for ino 139558424577616
offset 0 and length 2097152 for ino 139558420007440
offset 0 and length 2097152 for ino 139558424577936
offset 0 and length 2097152 for ino 139558424578256
offset 0 and length 2097152 for ino 139558424578576
offset 0 and length 2097152 for ino 139558424578896
offset 0 and length 2097152 for ino 139558424579216
offset 0 and length 2097152 for ino 139558424579536
offset 0 and length 2097152 for ino 139558424579856
offset 0 and length 2097152 for ino 139558424580176
offset 0 and length 2097152 for ino 139558424580496
offset 0 and length 2097152 for ino 139558424580816
offset 0 and length 2097152 for ino 139558424581136
offset 0 and length 2097152 for ino 139558424581456
offset 0 and length 2097152 for ino 139558424581776
offset 0 and length 2097152 for ino 139558424582096
offset 0 and length 2097152 for ino 139558424582416
offset 0 and length 2097152 for ino 139558424582736
offset 0 and length 2097152 for ino 139558420497360
offset 0 and length 2097152 for ino 139558424583056
offset 0 and length 2097152 for ino 139558424583376
offset 0 and length 2097152 for ino 139558424583696
offset 0 and length 2097152 for ino 139558424584016
offset 0 and length 2097152 for ino 139558424584336
offset 0 and length 2097152 for ino 139558424584656
offset 0 and length 2097152 for ino 139558424584976
offset 0 and length 2097152 for ino 139558424585296
offset 0 and length 2097152 for ino 139558424585616
offset 0 and length 2097152 for ino 139558424585936
offset 0 and length 2097152 for ino 139558424586256
offset 0 and length 2097152 for ino 139558424586576
offset 0 and length 2097152 for ino 139558422495888
offset 0 and length 2097152 for ino 139558424586896
offset 0 and length 2097152 for ino 139558424587216
offset 0 and length 2097152 for ino 139558419548048
offset 0 and length 2097152 for ino 139558424587536
offset 0 and length 2097152 for ino 139558424587856
offset 0 and length 2097152 for ino 139558424588176
offset 0 and length 2097152 for ino 139558424588496
offset 0 and length 2097152 for ino 139558422496208
offset 0 and length 2097152 for ino 139558424588816
offset 0 and length 2097152 for ino 139558424589136
offset 0 and length 2097152 for ino 139558424589456
offset 0 and length 2097152 for ino 139558420497680
offset 0 and length 2097152 for ino 139558420007760
offset 0 and length 2097152 for ino 139558424589776
offset 0 and length 2097152 for ino 139558424590096
offset 0 and length 2097152 for ino 139558424590416
offset 0 and length 2097152 for ino 139558424590736
offset 0 and length 2097152 for ino 139558424591056
offset 0 and length 2097152 for ino 139558419514960
offset 0 and length 2097152 for ino 139558424591376
offset 0 and length 2097152 for ino 139558424591696
offset 0 and length 2097152 for ino 139558419253456
offset 0 and length 2097152 for ino 139558424592016
offset 0 and length 2097152 for ino 139558428311568
offset 0 and length 2097152 for ino 139558419548368
offset 0 and length 2097152 for ino 139558419678800
offset 0 and length 2097152 for ino 139558420008080
offset 0 and length 2097152 for ino 139558419548688
offset 0 and length 2097152 for ino 139558419679120
offset 0 and length 2097152 for ino 139558419679440
offset 0 and length 2097152 for ino 139558419679760
offset 0 and length 2097152 for ino 139558420498000
offset 0 and length 2097152 for ino 139558419253776
offset 0 and length 2097152 for ino 139558428311888
offset 0 and length 2097152 for ino 139558422496528
offset 0 and length 2097152 for ino 139558428312208
offset 0 and length 2097152 for ino 139558428312528
offset 0 and length 2097152 for ino 139558428312848
offset 0 and length 2097152 for ino 139558428313168
offset 0 and length 2097152 for ino 139558419254096
offset 0 and length 2097152 for ino 139558428313488
offset 0 and length 2097152 for ino 139558428313808
offset 0 and length 2097152 for ino 139558428314128
offset 0 and length 2097152 for ino 139558428314448
offset 0 and length 2097152 for ino 139558428314768
offset 0 and length 2097152 for ino 139558428315088
offset 0 and length 2097152 for ino 139558428315408
offset 0 and length 2097152 for ino 139558428315728
offset 0 and length 2097152 for ino 139558428316048
offset 0 and length 2097152 for ino 139558428316368
offset 0 and length 2097152 for ino 139558422366416
offset 0 and length 2097152 for ino 139558428316688
offset 0 and length 2097152 for ino 139558428317008
offset 0 and length 2097152 for ino 139558428317328
offset 0 and length 2097152 for ino 139558428317648
offset 0 and length 2097152 for ino 139558428317968
offset 0 and length 2097152 for ino 139558428318288
offset 0 and length 2097152 for ino 139558428318608
offset 0 and length 2097152 for ino 139558428318928
offset 0 and length 2097152 for ino 139558428319248
offset 0 and length 2097152 for ino 139558428319568
offset 0 and length 2097152 for ino 139558428319888
offset 0 and length 2097152 for ino 139558428320208
offset 0 and length 2097152 for ino 139558428320528
offset 0 and length 2097152 for ino 139558428320848
offset 0 and length 2097152 for ino 139558420531408
offset 0 and length 2097152 for ino 139558419680080
offset 0 and length 2097152 for ino 139558419549008
offset 0 and length 2097152 for ino 139558419680400
offset 0 and length 2097152 for ino 139558419549328
offset 0 and length 2097152 for ino 139558422366736
offset 0 and length 2097152 for ino 139558428321168
offset 0 and length 2097152 for ino 139558428321488
offset 0 and length 2097152 for ino 139558428321808
offset 0 and length 2097152 for ino 139558428322128
offset 0 and length 2097152 for ino 139558428322448
offset 0 and length 2097152 for ino 139558428322768
offset 0 and length 2097152 for ino 139558419680720
offset 0 and length 2097152 for ino 139558428323088
offset 0 and length 2097152 for ino 139558428323408
offset 0 and length 2097152 for ino 139558428323728
offset 0 and length 2097152 for ino 139558428324048
offset 0 and length 2097152 for ino 139558428324368
offset 0 and length 2097152 for ino 139558428324688
offset 0 and length 2097152 for ino 139558419681040
offset 0 and length 2097152 for ino 139558419549648
offset 0 and length 2097152 for ino 139558422496848
offset 0 and length 2097152 for ino 139558422497168
offset 0 and length 2097152 for ino 139558428325008
offset 0 and length 2097152 for ino 139558428325328
offset 0 and length 2097152 for ino 139558428325648
offset 0 and length 2097152 for ino 139558428325968
offset 0 and length 2097152 for ino 139558428326288
offset 0 and length 2097152 for ino 139558428326608
offset 0 and length 2097152 for ino 139558428326928
offset 0 and length 2097152 for ino 139558428327248
offset 0 and length 2097152 for ino 139558428327568
offset 0 and length 2097152 for ino 139558432096272
offset 0 and length 2097152 for ino 139558432096592
offset 0 and length 2097152 for ino 139558432096912
offset 0 and length 2097152 for ino 139558432097232
offset 0 and length 2097152 for ino 139558420531728
offset 0 and length 2097152 for ino 139558422367056
offset 0 and length 2097152 for ino 139558432097552
offset 0 and length 2097152 for ino 139558432097872
offset 0 and length 2097152 for ino 139558432098192
offset 0 and length 2097152 for ino 139558432098512
offset 0 and length 2097152 for ino 139558432098832
offset 0 and length 2097152 for ino 139558432099152
offset 0 and length 2097152 for ino 139558432099472
offset 0 and length 2097152 for ino 139558422367376
offset 0 and length 2097152 for ino 139558432099792
offset 0 and length 2097152 for ino 139558432100112
offset 0 and length 2097152 for ino 139558432100432
offset 0 and length 2097152 for ino 139558432100752
offset 0 and length 2097152 for ino 139558432101072
offset 0 and length 2097152 for ino 139558432101392
offset 0 and length 2097152 for ino 139558432101712
offset 0 and length 2097152 for ino 139558432102032
offset 0 and length 2097152 for ino 139558432102352
offset 0 and length 2097152 for ino 139558432102672
offset 0 and length 2097152 for ino 139558432102992
offset 0 and length 2097152 for ino 139558432103312
offset 0 and length 2097152 for ino 139558432103632
offset 0 and length 2097152 for ino 139558432103952
offset 0 and length 2097152 for ino 139558432104272
offset 0 and length 2097152 for ino 139558432104592
offset 0 and length 2097152 for ino 139558432104912
offset 0 and length 2097152 for ino 139558432105232
offset 0 and length 2097152 for ino 139558432105552
offset 0 and length 2097152 for ino 139558432105872
offset 0 and length 2097152 for ino 139558432106192
offset 0 and length 2097152 for ino 139558432106512
offset 0 and length 2097152 for ino 139558432106832
offset 0 and length 2097152 for ino 139558432107152
offset 0 and length 2097152 for ino 139558432107472
offset 0 and length 2097152 for ino 139558432107792
offset 0 and length 2097152 for ino 139558432108112
offset 0 and length 2097152 for ino 139558432108432
offset 0 and length 2097152 for ino 139558432108752
offset 0 and length 2097152 for ino 139558432109072
offset 0 and length 2097152 for ino 139558432109392
offset 0 and length 2097152 for ino 139558432109712
offset 0 and length 2097152 for ino 139558432110032
offset 0 and length 2097152 for ino 139558422367696
offset 0 and length 2097152 for ino 139558422497488
offset 0 and length 2097152 for ino 139558419681360
offset 0 and length 2097152 for ino 139558419254416
offset 0 and length 2097152 for ino 139558422497808
offset 0 and length 2097152 for ino 139558419254736
offset 0 and length 2097152 for ino 139558420498320
offset 0 and length 2097152 for ino 139558419255056
offset 0 and length 2097152 for ino 139558419681680
offset 0 and length 2097152 for ino 139558419255376
offset 0 and length 2097152 for ino 139558419255696
offset 0 and length 2097152 for ino 139558420008400
offset 0 and length 2097152 for ino 139558419256016
offset 0 and length 2097152 for ino 139558420532048
offset 0 and length 2097152 for ino 139558419256336
offset 0 and length 2097152 for ino 139558419256656
offset 0 and length 2097152 for ino 139558419256976
offset 0 and length 2097152 for ino 139558419257296
offset 0 and length 2097152 for ino 139558420498640
offset 0 and length 2097152 for ino 139558419682000
offset 0 and length 2097152 for ino 139558420532368
offset 0 and length 2097152 for ino 139558419682320
offset 0 and length 2097152 for ino 139558420498960
offset 0 and length 2097152 for ino 139558420499280
offset 0 and length 2097152 for ino 139558419257616
offset 0 and length 2097152 for ino 139558420532688
offset 0 and length 2097152 for ino 139558419257936
offset 0 and length 2097152 for ino 139558419258256
offset 0 and length 2097152 for ino 139558419258576
offset 0 and length 2097152 for ino 139558432110352
offset 0 and length 2097152 for ino 139558419258896
offset 0 and length 2097152 for ino 139558420499600
offset 0 and length 2097152 for ino 139558419259216
offset 0 and length 2097152 for ino 139558419259536
offset 0 and length 2097152 for ino 139558422368016
offset 0 and length 2097152 for ino 139558419682640
offset 0 and length 2097152 for ino 139558419259856
offset 0 and length 2097152 for ino 139558419260176
offset 0 and length 2097152 for ino 139558419260496
offset 0 and length 2097152 for ino 139558419260816
offset 0 and length 2097152 for ino 139558419261136
offset 0 and length 2097152 for ino 139558419261456
offset 0 and length 2097152 for ino 139558419261776
offset 0 and length 2097152 for ino 139558419262096
offset 0 and length 2097152 for ino 139558419262416
offset 0 and length 2097152 for ino 139558419515280
offset 0 and length 2097152 for ino 139558419262736
offset 0 and length 2097152 for ino 139558419263056
offset 0 and length 2097152 for ino 139558419263376
offset 0 and length 2097152 for ino 139558419515600
offset 0 and length 2097152 for ino 139558419263696
offset 0 and length 2097152 for ino 139558419264016
offset 0 and length 2097152 for ino 139558419264336
offset 0 and length 2097152 for ino 139558419682960
offset 0 and length 2097152 for ino 139558419683280
offset 0 and length 2097152 for ino 139558419683600
offset 0 and length 2097152 for ino 139558419683920
offset 0 and length 2097152 for ino 139558419684240
offset 0 and length 2097152 for ino 139558419684560
offset 0 and length 2097152 for ino 139558419515920
offset 0 and length 2097152 for ino 139558420008720
offset 0 and length 2097152 for ino 139558419264656
offset 0 and length 2097152 for ino 139558432110672
offset 0 and length 2097152 for ino 139558419264976
offset 0 and length 2097152 for ino 139558419265296
offset 0 and length 2097152 for ino 139558420533008
offset 0 and length 2097152 for ino 139558420533328
offset 0 and length 2097152 for ino 139558420533648
offset 0 and length 2097152 for ino 139558420533968
offset 0 and length 2097152 for ino 139558420499920
offset 0 and length 2097152 for ino 139558420534288
offset 0 and length 2097152 for ino 139558419265616
offset 0 and length 2097152 for ino 139558419265936
offset 0 and length 2097152 for ino 139558419266256
offset 0 and length 2097152 for ino 139558420009040
offset 0 and length 2097152 for ino 139558420500240
offset 0 and length 2097152 for ino 139558419266576
offset 0 and length 2097152 for ino 139558420534608
offset 0 and length 2097152 for ino 139558419266896
offset 0 and length 2097152 for ino 139558419267216
offset 0 and length 2097152 for ino 139558419516240
offset 0 and length 2097152 for ino 139558434553872
offset 0 and length 2097152 for ino 139558434554192
offset 0 and length 2097152 for ino 139558434554512
offset 0 and length 2097152 for ino 139558420534928
offset 0 and length 2097152 for ino 139558420500560
offset 0 and length 2097152 for ino 139558420500880
offset 0 and length 2097152 for ino 139558420501200
offset 0 and length 2097152 for ino 139558420501520
offset 0 and length 2097152 for ino 139558419549968
offset 0 and length 2097152 for ino 139558434554832
offset 0 and length 2097152 for ino 139558434555152
offset 0 and length 2097152 for ino 139558420535248
offset 0 and length 2097152 for ino 139558434555472
offset 0 and length 2097152 for ino 139558434555792
offset 0 and length 2097152 for ino 139558420535568
offset 0 and length 2097152 for ino 139558434556112
offset 0 and length 2097152 for ino 139558434556432
offset 0 and length 2097152 for ino 139558420535888
offset 0 and length 2097152 for ino 139558434556752
offset 0 and length 2097152 for ino 139558434557072
offset 0 and length 2097152 for ino 139558434557392
offset 0 and length 2097152 for ino 139558434557712
offset 0 and length 2097152 for ino 139558432110992
offset 0 and length 2097152 for ino 139558420536208
offset 0 and length 2097152 for ino 139558420501840
offset 0 and length 2097152 for ino 139558419684880
offset 0 and length 2097152 for ino 139558420009360
offset 0 and length 2097152 for ino 139558420009680
offset 0 and length 2097152 for ino 139558420010000
offset 0 and length 2097152 for ino 139558420010320
offset 0 and length 2097152 for ino 139558420502160
offset 0 and length 2097152 for ino 139558434558032
offset 0 and length 2097152 for ino 139558420010640
offset 0 and length 2097152 for ino 139558419685200
offset 0 and length 2097152 for ino 139558420536528
offset 0 and length 2097152 for ino 139558420010960
offset 0 and length 2097152 for ino 139558420011280
offset 0 and length 2097152 for ino 139558419685520
offset 0 and length 2097152 for ino 139558420536848
offset 0 and length 2097152 for ino 139558434558352
offset 0 and length 2097152 for ino 139558420537168
offset 0 and length 2097152 for ino 139558434558672
offset 0 and length 2097152 for ino 139558419685840
offset 0 and length 2097152 for ino 139558420011600
offset 0 and length 2097152 for ino 139558420537488
offset 0 and length 2097152 for ino 139558419686160
offset 0 and length 2097152 for ino 139558420537808
offset 0 and length 2097152 for ino 139558420538128
offset 0 and length 2097152 for ino 139558420538448
offset 0 and length 2097152 for ino 139558420538768
offset 0 and length 2097152 for ino 139558420539088
offset 0 and length 2097152 for ino 139558420539408
offset 0 and length 2097152 for ino 139558434558992
offset 0 and length 2097152 for ino 139558434559312
offset 0 and length 2097152 for ino 139558420539728
offset 0 and length 2097152 for ino 139558434559632
offset 0 and length 2097152 for ino 139558432111312
offset 0 and length 2097152 for ino 139558434559952
offset 0 and length 2097152 for ino 139558434560272
offset 0 and length 2097152 for ino 139558434560592
offset 0 and length 2097152 for ino 139558434560912
offset 0 and length 2097152 for ino 139558434561232
offset 0 and length 2097152 for ino 139558420540048
offset 0 and length 2097152 for ino 139558434561552
offset 0 and length 2097152 for ino 139558434561872
offset 0 and length 2097152 for ino 139558419686480
offset 0 and length 2097152 for ino 139558420540368
offset 0 and length 2097152 for ino 139558434562192
offset 0 and length 2097152 for ino 139558434562512
offset 0 and length 2097152 for ino 139558434562832
offset 0 and length 2097152 for ino 139558420540688
offset 0 and length 2097152 for ino 139558420502480
offset 0 and length 2097152 for ino 139558420541008
offset 0 and length 2097152 for ino 139558420541328
offset 0 and length 2097152 for ino 139558434563152
offset 0 and length 2097152 for ino 139558434563472
offset 0 and length 2097152 for ino 139558434563792
offset 0 and length 2097152 for ino 139558434564112
offset 0 and length 2097152 for ino 139558420541648
offset 0 and length 2097152 for ino 139558434564432
offset 0 and length 2097152 for ino 139558420541968
offset 0 and length 2097152 for ino 139558422498128
offset 0 and length 2097152 for ino 139558422368336
offset 0 and length 2097152 for ino 139558420542288
offset 0 and length 2097152 for ino 139558434564752
offset 0 and length 2097152 for ino 139558420542608
offset 0 and length 2097152 for ino 139558434565072
offset 0 and length 2097152 for ino 139558434565392
offset 0 and length 2097152 for ino 139558420542928
offset 0 and length 2097152 for ino 139558419686800
offset 0 and length 2097152 for ino 139558419687120
offset 0 and length 2097152 for ino 139558419687440
offset 0 and length 2097152 for ino 139558419687760
offset 0 and length 2097152 for ino 139558419688080
offset 0 and length 2097152 for ino 139558419688400
offset 0 and length 2097152 for ino 139558422498448
offset 0 and length 2097152 for ino 139558434565712
offset 0 and length 2097152 for ino 139558422498768
