Harness starting.
 /home/sevag/CLionProjects/FuseFileSystemBoC/cmake-build-release/FuseFileSystemBoC --seed 125511529

Pinning to Core:40
creating 512 mb file systemoffset 0 and length 167772160 for ino 140392637038608
offset 0 and length 167772160 for ino 140392636956688
offset 0 and length 167772160 for ino 140392649998352
offset 0 and length 167772160 for ino 140392636957008
offset 0 and length 167772160 for ino 140392637251600
offset 0 and length 167772160 for ino 140392636957328
offset 0 and length 167772160 for ino 140392637038928
offset 0 and length 167772160 for ino 140392649998672
offset 0 and length 167772160 for ino 140392636957648
offset 0 and length 167772160 for ino 140392636957968
offset 0 and length 167772160 for ino 140392636958288
offset 0 and length 167772160 for ino 140392443871248
offset 0 and length 167772160 for ino 140392640872464
offset 0 and length 167772160 for ino 140392637251920
offset 0 and length 167772160 for ino 140392637252240
offset 0 and length 167772160 for ino 140392649998992
offset 0 and length 167772160 for ino 140392443871568
offset 0 and length 167772160 for ino 140392653586448
offset 0 and length 167772160 for ino 140392653586768
offset 0 and length 167772160 for ino 140392649999312
offset 0 and length 167772160 for ino 140392637039248
offset 0 and length 167772160 for ino 140392443871888
offset 0 and length 167772160 for ino 140392640872784
offset 0 and length 167772160 for ino 140392649130000
offset 0 and length 167772160 for ino 140392470872080
offset 0 and length 167772160 for ino 140392636958608
offset 0 and length 167772160 for ino 140392636958928
offset 0 and length 167772160 for ino 140392653587088
offset 0 and length 167772160 for ino 140392470872400
offset 0 and length 167772160 for ino 140392649999632
offset 0 and length 167772160 for ino 140392637252560
offset 0 and length 167772160 for ino 140392443872208
offset 0 and length 167772160 for ino 140392636959248
offset 0 and length 167772160 for ino 140392649130320
offset 0 and length 167772160 for ino 140392470872720
offset 0 and length 167772160 for ino 140392637039568
offset 0 and length 167772160 for ino 140392637252880
offset 0 and length 167772160 for ino 140392443872528
offset 0 and length 167772160 for ino 140392431026192
offset 0 and length 167772160 for ino 140392431026512
offset 0 and length 167772160 for ino 140392431026832
offset 0 and length 167772160 for ino 140392640873104
offset 0 and length 167772160 for ino 140392649999952
offset 0 and length 167772160 for ino 140392637039888
offset 0 and length 167772160 for ino 140392640873424
offset 0 and length 167772160 for ino 140392640873744
offset 0 and length 167772160 for ino 140392637253200
offset 0 and length 167772160 for ino 140392637040208
offset 0 and length 167772160 for ino 140392640874064
offset 0 and length 167772160 for ino 140392649130640
offset 0 and length 167772160 for ino 140392640874384
offset 0 and length 167772160 for ino 140392443872848
offset 0 and length 167772160 for ino 140392650000272
offset 0 and length 167772160 for ino 140392649130960
offset 0 and length 167772160 for ino 140392637040528
offset 0 and length 167772160 for ino 140392637040848
offset 0 and length 167772160 for ino 140392637253520
offset 0 and length 167772160 for ino 140392636959568
offset 0 and length 167772160 for ino 140392636959888
offset 0 and length 167772160 for ino 140392636960208
offset 0 and length 167772160 for ino 140392636960528
offset 0 and length 167772160 for ino 140392649131280
offset 0 and length 167772160 for ino 140392470873040
offset 0 and length 167772160 for ino 140392649131600
