jobs1: (g=0): rw=randwrite, bs=(R) 4096B-4096B, (W) 4096B-4096B, (T) 4096B-4096B, ioengine=libaio, iodepth=128
...
fio-3.28
Starting 8 processes
jobs1: Laying out IO files (4 files / total 8192MiB)

jobs1: (groupid=0, jobs=8): err= 0: pid=162333: Sun Jul 23 16:24:24 2023
  write: IOPS=2875k, BW=11.0GiB/s (11.8GB/s)(64.0GiB/5836msec); 0 zone resets
    slat (nsec): min=863, max=523314, avg=2148.77, stdev=1174.38
    clat (nsec): min=938, max=1271.4k, avg=352292.99, stdev=53291.09
     lat (nsec): min=1975, max=1292.6k, avg=354499.91, stdev=53614.21
    clat percentiles (usec):
     |  1.00th=[  269],  5.00th=[  281], 10.00th=[  285], 20.00th=[  302],
     | 30.00th=[  338], 40.00th=[  343], 50.00th=[  347], 60.00th=[  355],
     | 70.00th=[  383], 80.00th=[  404], 90.00th=[  416], 95.00th=[  424],
     | 99.00th=[  441], 99.50th=[  529], 99.90th=[  750], 99.95th=[  791],
     | 99.99th=[  988]
   bw (  MiB/s): min= 9379, max=13515, per=98.83%, avg=11097.74, stdev=162.51, samples=88
   iops        : min=2401246, max=3460062, avg=2841021.82, stdev=41603.82, samples=88
  lat (nsec)   : 1000=0.01%
  lat (usec)   : 2=0.01%, 4=0.01%, 10=0.01%, 20=0.01%, 50=0.01%
  lat (usec)   : 100=0.01%, 250=0.54%, 500=98.81%, 750=0.55%, 1000=0.09%
  lat (msec)   : 2=0.01%
  cpu          : usr=21.81%, sys=78.10%, ctx=425, majf=0, minf=106
  IO depths    : 1=0.1%, 2=0.1%, 4=0.1%, 8=0.1%, 16=0.1%, 32=0.1%, >=64=100.0%
     submit    : 0=0.0%, 4=100.0%, 8=0.0%, 16=0.0%, 32=0.0%, 64=0.0%, >=64=0.0%
     complete  : 0=0.0%, 4=100.0%, 8=0.0%, 16=0.0%, 32=0.0%, 64=0.0%, >=64=0.1%
     issued rwts: total=0,16777216,0,0 short=0,0,0,0 dropped=0,0,0,0
     latency   : target=0, window=0, percentile=100.00%, depth=128

Run status group 0 (all jobs):
  WRITE: bw=11.0GiB/s (11.8GB/s), 11.0GiB/s-11.0GiB/s (11.8GB/s-11.8GB/s), io=64.0GiB (68.7GB), run=5836-5836msec
