jobs1: (g=0): rw=randread, bs=(R) 4096B-4096B, (W) 4096B-4096B, (T) 4096B-4096B, ioengine=libaio, iodepth=128
...
fio-3.28
Starting 8 processes
jobs1: Laying out IO files (4 files / total 8192MiB)

jobs1: (groupid=0, jobs=8): err= 0: pid=162468: Sun Jul 23 16:24:44 2023
  read: IOPS=3797k, BW=14.5GiB/s (15.6GB/s)(64.0GiB/4419msec)
    slat (nsec): min=707, max=88134, avg=1441.08, stdev=452.77
    clat (nsec): min=1025, max=1586.0k, avg=257169.69, stdev=52920.43
     lat (usec): min=2, max=1615, avg=258.65, stdev=53.22
    clat percentiles (usec):
     |  1.00th=[  208],  5.00th=[  219], 10.00th=[  221], 20.00th=[  225],
     | 30.00th=[  225], 40.00th=[  227], 50.00th=[  229], 60.00th=[  231],
     | 70.00th=[  260], 80.00th=[  318], 90.00th=[  334], 95.00th=[  347],
     | 99.00th=[  367], 99.50th=[  379], 99.90th=[  816], 99.95th=[  840],
     | 99.99th=[  857]
   bw (  MiB/s): min=11457, max=17612, per=100.00%, avg=15265.42, stdev=322.52, samples=63
   iops        : min=2933082, max=4508730, avg=3907949.00, stdev=82566.02, samples=63
  lat (usec)   : 2=0.01%, 4=0.01%, 10=0.01%, 20=0.01%, 50=0.01%
  lat (usec)   : 100=0.01%, 250=69.10%, 500=30.70%, 750=0.10%, 1000=0.10%
  lat (msec)   : 2=0.01%
  cpu          : usr=26.16%, sys=73.81%, ctx=84, majf=0, minf=1131
  IO depths    : 1=0.1%, 2=0.1%, 4=0.1%, 8=0.1%, 16=0.1%, 32=0.1%, >=64=100.0%
     submit    : 0=0.0%, 4=100.0%, 8=0.0%, 16=0.0%, 32=0.0%, 64=0.0%, >=64=0.0%
     complete  : 0=0.0%, 4=100.0%, 8=0.0%, 16=0.0%, 32=0.0%, 64=0.0%, >=64=0.1%
     issued rwts: total=16777216,0,0,0 short=0,0,0,0 dropped=0,0,0,0
     latency   : target=0, window=0, percentile=100.00%, depth=128

Run status group 0 (all jobs):
   READ: bw=14.5GiB/s (15.6GB/s), 14.5GiB/s-14.5GiB/s (15.6GB/s-15.6GB/s), io=64.0GiB (68.7GB), run=4419-4419msec
