jobs1: (g=0): rw=read, bs=(R) 4096B-4096B, (W) 4096B-4096B, (T) 4096B-4096B, ioengine=libaio, iodepth=128
...
fio-3.28
Starting 8 processes
jobs1: Laying out IO files (4 files / total 8192MiB)

jobs1: (groupid=0, jobs=8): err= 0: pid=162400: Sun Jul 23 16:24:34 2023
  read: IOPS=4684k, BW=17.9GiB/s (19.2GB/s)(64.0GiB/3582msec)
    slat (nsec): min=627, max=43988, avg=1156.18, stdev=413.90
    clat (nsec): min=975, max=1778.8k, avg=210827.64, stdev=37731.11
     lat (nsec): min=1779, max=1807.4k, avg=212024.07, stdev=37928.56
    clat percentiles (usec):
     |  1.00th=[  165],  5.00th=[  167], 10.00th=[  169], 20.00th=[  180],
     | 30.00th=[  186], 40.00th=[  198], 50.00th=[  206], 60.00th=[  221],
     | 70.00th=[  241], 80.00th=[  245], 90.00th=[  249], 95.00th=[  253],
     | 99.00th=[  262], 99.50th=[  277], 99.90th=[  652], 99.95th=[  709],
     | 99.99th=[  734]
   bw (  MiB/s): min=16167, max=22117, per=100.00%, avg=18778.09, stdev=340.67, samples=49
   iops        : min=4138872, max=5662058, avg=4807191.57, stdev=87212.75, samples=49
  lat (nsec)   : 1000=0.01%
  lat (usec)   : 2=0.01%, 4=0.01%, 10=0.01%, 20=0.01%, 50=0.01%
  lat (usec)   : 100=0.01%, 250=92.49%, 500=7.28%, 750=0.22%, 1000=0.01%
  lat (msec)   : 2=0.01%
  cpu          : usr=27.62%, sys=72.05%, ctx=47138, majf=0, minf=1121
  IO depths    : 1=0.1%, 2=0.1%, 4=0.1%, 8=0.1%, 16=0.1%, 32=0.1%, >=64=100.0%
     submit    : 0=0.0%, 4=100.0%, 8=0.0%, 16=0.0%, 32=0.0%, 64=0.0%, >=64=0.0%
     complete  : 0=0.0%, 4=100.0%, 8=0.0%, 16=0.0%, 32=0.0%, 64=0.0%, >=64=0.1%
     issued rwts: total=16777216,0,0,0 short=0,0,0,0 dropped=0,0,0,0
     latency   : target=0, window=0, percentile=100.00%, depth=128

Run status group 0 (all jobs):
   READ: bw=17.9GiB/s (19.2GB/s), 17.9GiB/s-17.9GiB/s (19.2GB/s-19.2GB/s), io=64.0GiB (68.7GB), run=3582-3582msec
